[2024-08-09T13:03:50.548-0400] {processor.py:161} INFO - Started process (PID=20879) to work on /Users/jakeliu/we-defend-truth-1/airflow_env/lib/python3.12/site-packages/airflow/example_dags/plugins/workday.py
[2024-08-09T13:03:50.548-0400] {processor.py:830} INFO - Processing file /Users/jakeliu/we-defend-truth-1/airflow_env/lib/python3.12/site-packages/airflow/example_dags/plugins/workday.py for tasks to queue
[2024-08-09T13:03:50.548-0400] {logging_mixin.py:188} INFO - [2024-08-09T13:03:50.548-0400] {dagbag.py:545} INFO - Filling up the DagBag from /Users/jakeliu/we-defend-truth-1/airflow_env/lib/python3.12/site-packages/airflow/example_dags/plugins/workday.py
[2024-08-09T13:03:50.549-0400] {logging_mixin.py:188} INFO - [2024-08-09T13:03:50.549-0400] {workday.py:41} WARNING - Could not import pandas. Holidays will not be considered.
[2024-08-09T13:03:50.549-0400] {processor.py:842} WARNING - No viable dags retrieved from /Users/jakeliu/we-defend-truth-1/airflow_env/lib/python3.12/site-packages/airflow/example_dags/plugins/workday.py
[2024-08-09T13:03:50.574-0400] {processor.py:183} INFO - Processing /Users/jakeliu/we-defend-truth-1/airflow_env/lib/python3.12/site-packages/airflow/example_dags/plugins/workday.py took 0.027 seconds
[2024-08-09T13:05:15.839-0400] {processor.py:161} INFO - Started process (PID=20948) to work on /Users/jakeliu/we-defend-truth-1/airflow_env/lib/python3.12/site-packages/airflow/example_dags/plugins/workday.py
[2024-08-09T13:05:15.839-0400] {processor.py:830} INFO - Processing file /Users/jakeliu/we-defend-truth-1/airflow_env/lib/python3.12/site-packages/airflow/example_dags/plugins/workday.py for tasks to queue
[2024-08-09T13:05:15.839-0400] {logging_mixin.py:188} INFO - [2024-08-09T13:05:15.839-0400] {dagbag.py:545} INFO - Filling up the DagBag from /Users/jakeliu/we-defend-truth-1/airflow_env/lib/python3.12/site-packages/airflow/example_dags/plugins/workday.py
[2024-08-09T13:05:15.840-0400] {logging_mixin.py:188} INFO - [2024-08-09T13:05:15.840-0400] {workday.py:41} WARNING - Could not import pandas. Holidays will not be considered.
[2024-08-09T13:05:15.840-0400] {processor.py:842} WARNING - No viable dags retrieved from /Users/jakeliu/we-defend-truth-1/airflow_env/lib/python3.12/site-packages/airflow/example_dags/plugins/workday.py
[2024-08-09T13:05:15.866-0400] {processor.py:183} INFO - Processing /Users/jakeliu/we-defend-truth-1/airflow_env/lib/python3.12/site-packages/airflow/example_dags/plugins/workday.py took 0.029 seconds
[2024-08-09T13:06:09.662-0400] {processor.py:161} INFO - Started process (PID=21009) to work on /Users/jakeliu/we-defend-truth-1/airflow_env/lib/python3.12/site-packages/airflow/example_dags/plugins/workday.py
[2024-08-09T13:06:09.663-0400] {processor.py:830} INFO - Processing file /Users/jakeliu/we-defend-truth-1/airflow_env/lib/python3.12/site-packages/airflow/example_dags/plugins/workday.py for tasks to queue
[2024-08-09T13:06:09.663-0400] {logging_mixin.py:188} INFO - [2024-08-09T13:06:09.663-0400] {dagbag.py:545} INFO - Filling up the DagBag from /Users/jakeliu/we-defend-truth-1/airflow_env/lib/python3.12/site-packages/airflow/example_dags/plugins/workday.py
[2024-08-09T13:06:09.664-0400] {logging_mixin.py:188} INFO - [2024-08-09T13:06:09.664-0400] {workday.py:41} WARNING - Could not import pandas. Holidays will not be considered.
[2024-08-09T13:06:09.664-0400] {processor.py:842} WARNING - No viable dags retrieved from /Users/jakeliu/we-defend-truth-1/airflow_env/lib/python3.12/site-packages/airflow/example_dags/plugins/workday.py
[2024-08-09T13:06:09.694-0400] {processor.py:183} INFO - Processing /Users/jakeliu/we-defend-truth-1/airflow_env/lib/python3.12/site-packages/airflow/example_dags/plugins/workday.py took 0.032 seconds
[2024-08-09T13:07:02.847-0400] {processor.py:161} INFO - Started process (PID=21088) to work on /Users/jakeliu/we-defend-truth-1/airflow_env/lib/python3.12/site-packages/airflow/example_dags/plugins/workday.py
[2024-08-09T13:07:02.848-0400] {processor.py:830} INFO - Processing file /Users/jakeliu/we-defend-truth-1/airflow_env/lib/python3.12/site-packages/airflow/example_dags/plugins/workday.py for tasks to queue
[2024-08-09T13:07:02.848-0400] {logging_mixin.py:188} INFO - [2024-08-09T13:07:02.848-0400] {dagbag.py:545} INFO - Filling up the DagBag from /Users/jakeliu/we-defend-truth-1/airflow_env/lib/python3.12/site-packages/airflow/example_dags/plugins/workday.py
[2024-08-09T13:07:02.849-0400] {logging_mixin.py:188} INFO - [2024-08-09T13:07:02.849-0400] {workday.py:41} WARNING - Could not import pandas. Holidays will not be considered.
[2024-08-09T13:07:02.849-0400] {processor.py:842} WARNING - No viable dags retrieved from /Users/jakeliu/we-defend-truth-1/airflow_env/lib/python3.12/site-packages/airflow/example_dags/plugins/workday.py
[2024-08-09T13:07:02.874-0400] {processor.py:183} INFO - Processing /Users/jakeliu/we-defend-truth-1/airflow_env/lib/python3.12/site-packages/airflow/example_dags/plugins/workday.py took 0.028 seconds
[2024-08-09T13:07:56.181-0400] {processor.py:161} INFO - Started process (PID=21161) to work on /Users/jakeliu/we-defend-truth-1/airflow_env/lib/python3.12/site-packages/airflow/example_dags/plugins/workday.py
[2024-08-09T13:07:56.182-0400] {processor.py:830} INFO - Processing file /Users/jakeliu/we-defend-truth-1/airflow_env/lib/python3.12/site-packages/airflow/example_dags/plugins/workday.py for tasks to queue
[2024-08-09T13:07:56.182-0400] {logging_mixin.py:188} INFO - [2024-08-09T13:07:56.182-0400] {dagbag.py:545} INFO - Filling up the DagBag from /Users/jakeliu/we-defend-truth-1/airflow_env/lib/python3.12/site-packages/airflow/example_dags/plugins/workday.py
[2024-08-09T13:07:56.183-0400] {logging_mixin.py:188} INFO - [2024-08-09T13:07:56.183-0400] {workday.py:41} WARNING - Could not import pandas. Holidays will not be considered.
[2024-08-09T13:07:56.183-0400] {processor.py:842} WARNING - No viable dags retrieved from /Users/jakeliu/we-defend-truth-1/airflow_env/lib/python3.12/site-packages/airflow/example_dags/plugins/workday.py
[2024-08-09T13:07:56.209-0400] {processor.py:183} INFO - Processing /Users/jakeliu/we-defend-truth-1/airflow_env/lib/python3.12/site-packages/airflow/example_dags/plugins/workday.py took 0.028 seconds
[2024-08-09T13:08:46.441-0400] {processor.py:161} INFO - Started process (PID=21205) to work on /Users/jakeliu/we-defend-truth-1/airflow_env/lib/python3.12/site-packages/airflow/example_dags/plugins/workday.py
[2024-08-09T13:08:46.441-0400] {processor.py:830} INFO - Processing file /Users/jakeliu/we-defend-truth-1/airflow_env/lib/python3.12/site-packages/airflow/example_dags/plugins/workday.py for tasks to queue
[2024-08-09T13:08:46.442-0400] {logging_mixin.py:188} INFO - [2024-08-09T13:08:46.442-0400] {dagbag.py:545} INFO - Filling up the DagBag from /Users/jakeliu/we-defend-truth-1/airflow_env/lib/python3.12/site-packages/airflow/example_dags/plugins/workday.py
[2024-08-09T13:08:46.442-0400] {logging_mixin.py:188} INFO - [2024-08-09T13:08:46.442-0400] {workday.py:41} WARNING - Could not import pandas. Holidays will not be considered.
[2024-08-09T13:08:46.443-0400] {processor.py:842} WARNING - No viable dags retrieved from /Users/jakeliu/we-defend-truth-1/airflow_env/lib/python3.12/site-packages/airflow/example_dags/plugins/workday.py
[2024-08-09T13:08:46.471-0400] {processor.py:183} INFO - Processing /Users/jakeliu/we-defend-truth-1/airflow_env/lib/python3.12/site-packages/airflow/example_dags/plugins/workday.py took 0.031 seconds
[2024-08-09T13:09:36.344-0400] {processor.py:161} INFO - Started process (PID=21276) to work on /Users/jakeliu/we-defend-truth-1/airflow_env/lib/python3.12/site-packages/airflow/example_dags/plugins/workday.py
[2024-08-09T13:09:36.344-0400] {processor.py:830} INFO - Processing file /Users/jakeliu/we-defend-truth-1/airflow_env/lib/python3.12/site-packages/airflow/example_dags/plugins/workday.py for tasks to queue
[2024-08-09T13:09:36.345-0400] {logging_mixin.py:188} INFO - [2024-08-09T13:09:36.344-0400] {dagbag.py:545} INFO - Filling up the DagBag from /Users/jakeliu/we-defend-truth-1/airflow_env/lib/python3.12/site-packages/airflow/example_dags/plugins/workday.py
[2024-08-09T13:09:36.345-0400] {logging_mixin.py:188} INFO - [2024-08-09T13:09:36.345-0400] {workday.py:41} WARNING - Could not import pandas. Holidays will not be considered.
[2024-08-09T13:09:36.345-0400] {processor.py:842} WARNING - No viable dags retrieved from /Users/jakeliu/we-defend-truth-1/airflow_env/lib/python3.12/site-packages/airflow/example_dags/plugins/workday.py
[2024-08-09T13:09:36.371-0400] {processor.py:183} INFO - Processing /Users/jakeliu/we-defend-truth-1/airflow_env/lib/python3.12/site-packages/airflow/example_dags/plugins/workday.py took 0.028 seconds
[2024-08-09T13:10:27.573-0400] {processor.py:161} INFO - Started process (PID=21323) to work on /Users/jakeliu/we-defend-truth-1/airflow_env/lib/python3.12/site-packages/airflow/example_dags/plugins/workday.py
[2024-08-09T13:10:27.574-0400] {processor.py:830} INFO - Processing file /Users/jakeliu/we-defend-truth-1/airflow_env/lib/python3.12/site-packages/airflow/example_dags/plugins/workday.py for tasks to queue
[2024-08-09T13:10:27.574-0400] {logging_mixin.py:188} INFO - [2024-08-09T13:10:27.574-0400] {dagbag.py:545} INFO - Filling up the DagBag from /Users/jakeliu/we-defend-truth-1/airflow_env/lib/python3.12/site-packages/airflow/example_dags/plugins/workday.py
[2024-08-09T13:10:27.575-0400] {logging_mixin.py:188} INFO - [2024-08-09T13:10:27.575-0400] {workday.py:41} WARNING - Could not import pandas. Holidays will not be considered.
[2024-08-09T13:10:27.575-0400] {processor.py:842} WARNING - No viable dags retrieved from /Users/jakeliu/we-defend-truth-1/airflow_env/lib/python3.12/site-packages/airflow/example_dags/plugins/workday.py
[2024-08-09T13:10:27.600-0400] {processor.py:183} INFO - Processing /Users/jakeliu/we-defend-truth-1/airflow_env/lib/python3.12/site-packages/airflow/example_dags/plugins/workday.py took 0.028 seconds
[2024-08-09T13:11:21.116-0400] {processor.py:161} INFO - Started process (PID=21389) to work on /Users/jakeliu/we-defend-truth-1/airflow_env/lib/python3.12/site-packages/airflow/example_dags/plugins/workday.py
[2024-08-09T13:11:21.117-0400] {processor.py:830} INFO - Processing file /Users/jakeliu/we-defend-truth-1/airflow_env/lib/python3.12/site-packages/airflow/example_dags/plugins/workday.py for tasks to queue
[2024-08-09T13:11:21.117-0400] {logging_mixin.py:188} INFO - [2024-08-09T13:11:21.117-0400] {dagbag.py:545} INFO - Filling up the DagBag from /Users/jakeliu/we-defend-truth-1/airflow_env/lib/python3.12/site-packages/airflow/example_dags/plugins/workday.py
[2024-08-09T13:11:21.118-0400] {logging_mixin.py:188} INFO - [2024-08-09T13:11:21.118-0400] {workday.py:41} WARNING - Could not import pandas. Holidays will not be considered.
[2024-08-09T13:11:21.118-0400] {processor.py:842} WARNING - No viable dags retrieved from /Users/jakeliu/we-defend-truth-1/airflow_env/lib/python3.12/site-packages/airflow/example_dags/plugins/workday.py
[2024-08-09T13:11:21.143-0400] {processor.py:183} INFO - Processing /Users/jakeliu/we-defend-truth-1/airflow_env/lib/python3.12/site-packages/airflow/example_dags/plugins/workday.py took 0.028 seconds
[2024-08-09T13:12:13.541-0400] {processor.py:161} INFO - Started process (PID=21437) to work on /Users/jakeliu/we-defend-truth-1/airflow_env/lib/python3.12/site-packages/airflow/example_dags/plugins/workday.py
[2024-08-09T13:12:13.541-0400] {processor.py:830} INFO - Processing file /Users/jakeliu/we-defend-truth-1/airflow_env/lib/python3.12/site-packages/airflow/example_dags/plugins/workday.py for tasks to queue
[2024-08-09T13:12:13.542-0400] {logging_mixin.py:188} INFO - [2024-08-09T13:12:13.542-0400] {dagbag.py:545} INFO - Filling up the DagBag from /Users/jakeliu/we-defend-truth-1/airflow_env/lib/python3.12/site-packages/airflow/example_dags/plugins/workday.py
[2024-08-09T13:12:13.542-0400] {logging_mixin.py:188} INFO - [2024-08-09T13:12:13.542-0400] {workday.py:41} WARNING - Could not import pandas. Holidays will not be considered.
[2024-08-09T13:12:13.542-0400] {processor.py:842} WARNING - No viable dags retrieved from /Users/jakeliu/we-defend-truth-1/airflow_env/lib/python3.12/site-packages/airflow/example_dags/plugins/workday.py
[2024-08-09T13:12:13.570-0400] {processor.py:183} INFO - Processing /Users/jakeliu/we-defend-truth-1/airflow_env/lib/python3.12/site-packages/airflow/example_dags/plugins/workday.py took 0.030 seconds
[2024-08-09T13:13:08.492-0400] {processor.py:161} INFO - Started process (PID=21488) to work on /Users/jakeliu/we-defend-truth-1/airflow_env/lib/python3.12/site-packages/airflow/example_dags/plugins/workday.py
[2024-08-09T13:13:08.492-0400] {processor.py:830} INFO - Processing file /Users/jakeliu/we-defend-truth-1/airflow_env/lib/python3.12/site-packages/airflow/example_dags/plugins/workday.py for tasks to queue
[2024-08-09T13:13:08.493-0400] {logging_mixin.py:188} INFO - [2024-08-09T13:13:08.493-0400] {dagbag.py:545} INFO - Filling up the DagBag from /Users/jakeliu/we-defend-truth-1/airflow_env/lib/python3.12/site-packages/airflow/example_dags/plugins/workday.py
[2024-08-09T13:13:08.493-0400] {logging_mixin.py:188} INFO - [2024-08-09T13:13:08.493-0400] {workday.py:41} WARNING - Could not import pandas. Holidays will not be considered.
[2024-08-09T13:13:08.494-0400] {processor.py:842} WARNING - No viable dags retrieved from /Users/jakeliu/we-defend-truth-1/airflow_env/lib/python3.12/site-packages/airflow/example_dags/plugins/workday.py
[2024-08-09T13:13:08.520-0400] {processor.py:183} INFO - Processing /Users/jakeliu/we-defend-truth-1/airflow_env/lib/python3.12/site-packages/airflow/example_dags/plugins/workday.py took 0.029 seconds
[2024-08-09T13:14:07.476-0400] {processor.py:161} INFO - Started process (PID=21525) to work on /Users/jakeliu/we-defend-truth-1/airflow_env/lib/python3.12/site-packages/airflow/example_dags/plugins/workday.py
[2024-08-09T13:14:07.476-0400] {processor.py:830} INFO - Processing file /Users/jakeliu/we-defend-truth-1/airflow_env/lib/python3.12/site-packages/airflow/example_dags/plugins/workday.py for tasks to queue
[2024-08-09T13:14:07.476-0400] {logging_mixin.py:188} INFO - [2024-08-09T13:14:07.476-0400] {dagbag.py:545} INFO - Filling up the DagBag from /Users/jakeliu/we-defend-truth-1/airflow_env/lib/python3.12/site-packages/airflow/example_dags/plugins/workday.py
[2024-08-09T13:14:07.477-0400] {logging_mixin.py:188} INFO - [2024-08-09T13:14:07.477-0400] {workday.py:41} WARNING - Could not import pandas. Holidays will not be considered.
[2024-08-09T13:14:07.477-0400] {processor.py:842} WARNING - No viable dags retrieved from /Users/jakeliu/we-defend-truth-1/airflow_env/lib/python3.12/site-packages/airflow/example_dags/plugins/workday.py
[2024-08-09T13:14:07.503-0400] {processor.py:183} INFO - Processing /Users/jakeliu/we-defend-truth-1/airflow_env/lib/python3.12/site-packages/airflow/example_dags/plugins/workday.py took 0.028 seconds
[2024-08-09T13:15:06.079-0400] {processor.py:161} INFO - Started process (PID=21603) to work on /Users/jakeliu/we-defend-truth-1/airflow_env/lib/python3.12/site-packages/airflow/example_dags/plugins/workday.py
[2024-08-09T13:15:06.079-0400] {processor.py:830} INFO - Processing file /Users/jakeliu/we-defend-truth-1/airflow_env/lib/python3.12/site-packages/airflow/example_dags/plugins/workday.py for tasks to queue
[2024-08-09T13:15:06.080-0400] {logging_mixin.py:188} INFO - [2024-08-09T13:15:06.080-0400] {dagbag.py:545} INFO - Filling up the DagBag from /Users/jakeliu/we-defend-truth-1/airflow_env/lib/python3.12/site-packages/airflow/example_dags/plugins/workday.py
[2024-08-09T13:15:06.080-0400] {logging_mixin.py:188} INFO - [2024-08-09T13:15:06.080-0400] {workday.py:41} WARNING - Could not import pandas. Holidays will not be considered.
[2024-08-09T13:15:06.081-0400] {processor.py:842} WARNING - No viable dags retrieved from /Users/jakeliu/we-defend-truth-1/airflow_env/lib/python3.12/site-packages/airflow/example_dags/plugins/workday.py
[2024-08-09T13:15:06.106-0400] {processor.py:183} INFO - Processing /Users/jakeliu/we-defend-truth-1/airflow_env/lib/python3.12/site-packages/airflow/example_dags/plugins/workday.py took 0.028 seconds
[2024-08-09T13:16:04.675-0400] {processor.py:161} INFO - Started process (PID=21643) to work on /Users/jakeliu/we-defend-truth-1/airflow_env/lib/python3.12/site-packages/airflow/example_dags/plugins/workday.py
[2024-08-09T13:16:04.675-0400] {processor.py:830} INFO - Processing file /Users/jakeliu/we-defend-truth-1/airflow_env/lib/python3.12/site-packages/airflow/example_dags/plugins/workday.py for tasks to queue
[2024-08-09T13:16:04.676-0400] {logging_mixin.py:188} INFO - [2024-08-09T13:16:04.676-0400] {dagbag.py:545} INFO - Filling up the DagBag from /Users/jakeliu/we-defend-truth-1/airflow_env/lib/python3.12/site-packages/airflow/example_dags/plugins/workday.py
[2024-08-09T13:16:04.677-0400] {logging_mixin.py:188} INFO - [2024-08-09T13:16:04.676-0400] {workday.py:41} WARNING - Could not import pandas. Holidays will not be considered.
[2024-08-09T13:16:04.677-0400] {processor.py:842} WARNING - No viable dags retrieved from /Users/jakeliu/we-defend-truth-1/airflow_env/lib/python3.12/site-packages/airflow/example_dags/plugins/workday.py
[2024-08-09T13:16:04.702-0400] {processor.py:183} INFO - Processing /Users/jakeliu/we-defend-truth-1/airflow_env/lib/python3.12/site-packages/airflow/example_dags/plugins/workday.py took 0.028 seconds
[2024-08-09T13:17:01.351-0400] {processor.py:161} INFO - Started process (PID=21751) to work on /Users/jakeliu/we-defend-truth-1/airflow_env/lib/python3.12/site-packages/airflow/example_dags/plugins/workday.py
[2024-08-09T13:17:01.353-0400] {processor.py:830} INFO - Processing file /Users/jakeliu/we-defend-truth-1/airflow_env/lib/python3.12/site-packages/airflow/example_dags/plugins/workday.py for tasks to queue
[2024-08-09T13:17:01.353-0400] {logging_mixin.py:188} INFO - [2024-08-09T13:17:01.353-0400] {dagbag.py:545} INFO - Filling up the DagBag from /Users/jakeliu/we-defend-truth-1/airflow_env/lib/python3.12/site-packages/airflow/example_dags/plugins/workday.py
[2024-08-09T13:17:01.354-0400] {logging_mixin.py:188} INFO - [2024-08-09T13:17:01.353-0400] {workday.py:41} WARNING - Could not import pandas. Holidays will not be considered.
[2024-08-09T13:17:01.354-0400] {processor.py:842} WARNING - No viable dags retrieved from /Users/jakeliu/we-defend-truth-1/airflow_env/lib/python3.12/site-packages/airflow/example_dags/plugins/workday.py
[2024-08-09T13:17:01.379-0400] {processor.py:183} INFO - Processing /Users/jakeliu/we-defend-truth-1/airflow_env/lib/python3.12/site-packages/airflow/example_dags/plugins/workday.py took 0.029 seconds
[2024-08-09T13:17:52.905-0400] {processor.py:161} INFO - Started process (PID=21833) to work on /Users/jakeliu/we-defend-truth-1/airflow_env/lib/python3.12/site-packages/airflow/example_dags/plugins/workday.py
[2024-08-09T13:17:52.906-0400] {processor.py:830} INFO - Processing file /Users/jakeliu/we-defend-truth-1/airflow_env/lib/python3.12/site-packages/airflow/example_dags/plugins/workday.py for tasks to queue
[2024-08-09T13:17:52.906-0400] {logging_mixin.py:188} INFO - [2024-08-09T13:17:52.906-0400] {dagbag.py:545} INFO - Filling up the DagBag from /Users/jakeliu/we-defend-truth-1/airflow_env/lib/python3.12/site-packages/airflow/example_dags/plugins/workday.py
[2024-08-09T13:17:52.907-0400] {logging_mixin.py:188} INFO - [2024-08-09T13:17:52.907-0400] {workday.py:41} WARNING - Could not import pandas. Holidays will not be considered.
[2024-08-09T13:17:52.907-0400] {processor.py:842} WARNING - No viable dags retrieved from /Users/jakeliu/we-defend-truth-1/airflow_env/lib/python3.12/site-packages/airflow/example_dags/plugins/workday.py
[2024-08-09T13:17:52.934-0400] {processor.py:183} INFO - Processing /Users/jakeliu/we-defend-truth-1/airflow_env/lib/python3.12/site-packages/airflow/example_dags/plugins/workday.py took 0.030 seconds
[2024-08-09T13:18:42.345-0400] {processor.py:161} INFO - Started process (PID=21872) to work on /Users/jakeliu/we-defend-truth-1/airflow_env/lib/python3.12/site-packages/airflow/example_dags/plugins/workday.py
[2024-08-09T13:18:42.346-0400] {processor.py:830} INFO - Processing file /Users/jakeliu/we-defend-truth-1/airflow_env/lib/python3.12/site-packages/airflow/example_dags/plugins/workday.py for tasks to queue
[2024-08-09T13:18:42.346-0400] {logging_mixin.py:188} INFO - [2024-08-09T13:18:42.346-0400] {dagbag.py:545} INFO - Filling up the DagBag from /Users/jakeliu/we-defend-truth-1/airflow_env/lib/python3.12/site-packages/airflow/example_dags/plugins/workday.py
[2024-08-09T13:18:42.347-0400] {logging_mixin.py:188} INFO - [2024-08-09T13:18:42.347-0400] {workday.py:41} WARNING - Could not import pandas. Holidays will not be considered.
[2024-08-09T13:18:42.347-0400] {processor.py:842} WARNING - No viable dags retrieved from /Users/jakeliu/we-defend-truth-1/airflow_env/lib/python3.12/site-packages/airflow/example_dags/plugins/workday.py
[2024-08-09T13:18:42.373-0400] {processor.py:183} INFO - Processing /Users/jakeliu/we-defend-truth-1/airflow_env/lib/python3.12/site-packages/airflow/example_dags/plugins/workday.py took 0.029 seconds
[2024-08-09T13:19:36.556-0400] {processor.py:161} INFO - Started process (PID=21922) to work on /Users/jakeliu/we-defend-truth-1/airflow_env/lib/python3.12/site-packages/airflow/example_dags/plugins/workday.py
[2024-08-09T13:19:36.556-0400] {processor.py:830} INFO - Processing file /Users/jakeliu/we-defend-truth-1/airflow_env/lib/python3.12/site-packages/airflow/example_dags/plugins/workday.py for tasks to queue
[2024-08-09T13:19:36.557-0400] {logging_mixin.py:188} INFO - [2024-08-09T13:19:36.557-0400] {dagbag.py:545} INFO - Filling up the DagBag from /Users/jakeliu/we-defend-truth-1/airflow_env/lib/python3.12/site-packages/airflow/example_dags/plugins/workday.py
[2024-08-09T13:19:36.557-0400] {logging_mixin.py:188} INFO - [2024-08-09T13:19:36.557-0400] {workday.py:41} WARNING - Could not import pandas. Holidays will not be considered.
[2024-08-09T13:19:36.558-0400] {processor.py:842} WARNING - No viable dags retrieved from /Users/jakeliu/we-defend-truth-1/airflow_env/lib/python3.12/site-packages/airflow/example_dags/plugins/workday.py
[2024-08-09T13:19:36.583-0400] {processor.py:183} INFO - Processing /Users/jakeliu/we-defend-truth-1/airflow_env/lib/python3.12/site-packages/airflow/example_dags/plugins/workday.py took 0.028 seconds
[2024-08-09T13:20:27.029-0400] {processor.py:161} INFO - Started process (PID=21986) to work on /Users/jakeliu/we-defend-truth-1/airflow_env/lib/python3.12/site-packages/airflow/example_dags/plugins/workday.py
[2024-08-09T13:20:27.030-0400] {processor.py:830} INFO - Processing file /Users/jakeliu/we-defend-truth-1/airflow_env/lib/python3.12/site-packages/airflow/example_dags/plugins/workday.py for tasks to queue
[2024-08-09T13:20:27.030-0400] {logging_mixin.py:188} INFO - [2024-08-09T13:20:27.030-0400] {dagbag.py:545} INFO - Filling up the DagBag from /Users/jakeliu/we-defend-truth-1/airflow_env/lib/python3.12/site-packages/airflow/example_dags/plugins/workday.py
[2024-08-09T13:20:27.031-0400] {logging_mixin.py:188} INFO - [2024-08-09T13:20:27.031-0400] {workday.py:41} WARNING - Could not import pandas. Holidays will not be considered.
[2024-08-09T13:20:27.031-0400] {processor.py:842} WARNING - No viable dags retrieved from /Users/jakeliu/we-defend-truth-1/airflow_env/lib/python3.12/site-packages/airflow/example_dags/plugins/workday.py
[2024-08-09T13:20:27.061-0400] {processor.py:183} INFO - Processing /Users/jakeliu/we-defend-truth-1/airflow_env/lib/python3.12/site-packages/airflow/example_dags/plugins/workday.py took 0.033 seconds
[2024-08-09T13:21:17.707-0400] {processor.py:161} INFO - Started process (PID=22579) to work on /Users/jakeliu/we-defend-truth-1/airflow_env/lib/python3.12/site-packages/airflow/example_dags/plugins/workday.py
[2024-08-09T13:21:17.708-0400] {processor.py:830} INFO - Processing file /Users/jakeliu/we-defend-truth-1/airflow_env/lib/python3.12/site-packages/airflow/example_dags/plugins/workday.py for tasks to queue
[2024-08-09T13:21:17.708-0400] {logging_mixin.py:188} INFO - [2024-08-09T13:21:17.708-0400] {dagbag.py:545} INFO - Filling up the DagBag from /Users/jakeliu/we-defend-truth-1/airflow_env/lib/python3.12/site-packages/airflow/example_dags/plugins/workday.py
[2024-08-09T13:21:17.710-0400] {logging_mixin.py:188} INFO - [2024-08-09T13:21:17.710-0400] {workday.py:41} WARNING - Could not import pandas. Holidays will not be considered.
[2024-08-09T13:21:17.710-0400] {processor.py:842} WARNING - No viable dags retrieved from /Users/jakeliu/we-defend-truth-1/airflow_env/lib/python3.12/site-packages/airflow/example_dags/plugins/workday.py
[2024-08-09T13:21:17.737-0400] {processor.py:183} INFO - Processing /Users/jakeliu/we-defend-truth-1/airflow_env/lib/python3.12/site-packages/airflow/example_dags/plugins/workday.py took 0.030 seconds
[2024-08-09T13:22:09.820-0400] {processor.py:161} INFO - Started process (PID=22630) to work on /Users/jakeliu/we-defend-truth-1/airflow_env/lib/python3.12/site-packages/airflow/example_dags/plugins/workday.py
[2024-08-09T13:22:09.820-0400] {processor.py:830} INFO - Processing file /Users/jakeliu/we-defend-truth-1/airflow_env/lib/python3.12/site-packages/airflow/example_dags/plugins/workday.py for tasks to queue
[2024-08-09T13:22:09.821-0400] {logging_mixin.py:188} INFO - [2024-08-09T13:22:09.820-0400] {dagbag.py:545} INFO - Filling up the DagBag from /Users/jakeliu/we-defend-truth-1/airflow_env/lib/python3.12/site-packages/airflow/example_dags/plugins/workday.py
[2024-08-09T13:22:09.821-0400] {logging_mixin.py:188} INFO - [2024-08-09T13:22:09.821-0400] {workday.py:41} WARNING - Could not import pandas. Holidays will not be considered.
[2024-08-09T13:22:09.821-0400] {processor.py:842} WARNING - No viable dags retrieved from /Users/jakeliu/we-defend-truth-1/airflow_env/lib/python3.12/site-packages/airflow/example_dags/plugins/workday.py
[2024-08-09T13:22:09.847-0400] {processor.py:183} INFO - Processing /Users/jakeliu/we-defend-truth-1/airflow_env/lib/python3.12/site-packages/airflow/example_dags/plugins/workday.py took 0.028 seconds
[2024-08-09T13:23:00.900-0400] {processor.py:161} INFO - Started process (PID=22688) to work on /Users/jakeliu/we-defend-truth-1/airflow_env/lib/python3.12/site-packages/airflow/example_dags/plugins/workday.py
[2024-08-09T13:23:00.901-0400] {processor.py:830} INFO - Processing file /Users/jakeliu/we-defend-truth-1/airflow_env/lib/python3.12/site-packages/airflow/example_dags/plugins/workday.py for tasks to queue
[2024-08-09T13:23:00.901-0400] {logging_mixin.py:188} INFO - [2024-08-09T13:23:00.901-0400] {dagbag.py:545} INFO - Filling up the DagBag from /Users/jakeliu/we-defend-truth-1/airflow_env/lib/python3.12/site-packages/airflow/example_dags/plugins/workday.py
[2024-08-09T13:23:00.902-0400] {logging_mixin.py:188} INFO - [2024-08-09T13:23:00.902-0400] {workday.py:41} WARNING - Could not import pandas. Holidays will not be considered.
[2024-08-09T13:23:00.902-0400] {processor.py:842} WARNING - No viable dags retrieved from /Users/jakeliu/we-defend-truth-1/airflow_env/lib/python3.12/site-packages/airflow/example_dags/plugins/workday.py
[2024-08-09T13:23:00.928-0400] {processor.py:183} INFO - Processing /Users/jakeliu/we-defend-truth-1/airflow_env/lib/python3.12/site-packages/airflow/example_dags/plugins/workday.py took 0.029 seconds
[2024-08-09T13:23:51.980-0400] {processor.py:161} INFO - Started process (PID=22728) to work on /Users/jakeliu/we-defend-truth-1/airflow_env/lib/python3.12/site-packages/airflow/example_dags/plugins/workday.py
[2024-08-09T13:23:51.980-0400] {processor.py:830} INFO - Processing file /Users/jakeliu/we-defend-truth-1/airflow_env/lib/python3.12/site-packages/airflow/example_dags/plugins/workday.py for tasks to queue
[2024-08-09T13:23:51.981-0400] {logging_mixin.py:188} INFO - [2024-08-09T13:23:51.980-0400] {dagbag.py:545} INFO - Filling up the DagBag from /Users/jakeliu/we-defend-truth-1/airflow_env/lib/python3.12/site-packages/airflow/example_dags/plugins/workday.py
[2024-08-09T13:23:51.981-0400] {logging_mixin.py:188} INFO - [2024-08-09T13:23:51.981-0400] {workday.py:41} WARNING - Could not import pandas. Holidays will not be considered.
[2024-08-09T13:23:51.981-0400] {processor.py:842} WARNING - No viable dags retrieved from /Users/jakeliu/we-defend-truth-1/airflow_env/lib/python3.12/site-packages/airflow/example_dags/plugins/workday.py
[2024-08-09T13:23:52.007-0400] {processor.py:183} INFO - Processing /Users/jakeliu/we-defend-truth-1/airflow_env/lib/python3.12/site-packages/airflow/example_dags/plugins/workday.py took 0.029 seconds
[2024-08-09T13:24:44.367-0400] {processor.py:161} INFO - Started process (PID=22798) to work on /Users/jakeliu/we-defend-truth-1/airflow_env/lib/python3.12/site-packages/airflow/example_dags/plugins/workday.py
[2024-08-09T13:24:44.369-0400] {processor.py:830} INFO - Processing file /Users/jakeliu/we-defend-truth-1/airflow_env/lib/python3.12/site-packages/airflow/example_dags/plugins/workday.py for tasks to queue
[2024-08-09T13:24:44.369-0400] {logging_mixin.py:188} INFO - [2024-08-09T13:24:44.369-0400] {dagbag.py:545} INFO - Filling up the DagBag from /Users/jakeliu/we-defend-truth-1/airflow_env/lib/python3.12/site-packages/airflow/example_dags/plugins/workday.py
[2024-08-09T13:24:44.370-0400] {logging_mixin.py:188} INFO - [2024-08-09T13:24:44.370-0400] {workday.py:41} WARNING - Could not import pandas. Holidays will not be considered.
[2024-08-09T13:24:44.370-0400] {processor.py:842} WARNING - No viable dags retrieved from /Users/jakeliu/we-defend-truth-1/airflow_env/lib/python3.12/site-packages/airflow/example_dags/plugins/workday.py
[2024-08-09T13:24:44.396-0400] {processor.py:183} INFO - Processing /Users/jakeliu/we-defend-truth-1/airflow_env/lib/python3.12/site-packages/airflow/example_dags/plugins/workday.py took 0.030 seconds
[2024-08-09T13:25:41.695-0400] {processor.py:161} INFO - Started process (PID=22858) to work on /Users/jakeliu/we-defend-truth-1/airflow_env/lib/python3.12/site-packages/airflow/example_dags/plugins/workday.py
[2024-08-09T13:25:41.697-0400] {processor.py:830} INFO - Processing file /Users/jakeliu/we-defend-truth-1/airflow_env/lib/python3.12/site-packages/airflow/example_dags/plugins/workday.py for tasks to queue
[2024-08-09T13:25:41.697-0400] {logging_mixin.py:188} INFO - [2024-08-09T13:25:41.697-0400] {dagbag.py:545} INFO - Filling up the DagBag from /Users/jakeliu/we-defend-truth-1/airflow_env/lib/python3.12/site-packages/airflow/example_dags/plugins/workday.py
[2024-08-09T13:25:41.698-0400] {logging_mixin.py:188} INFO - [2024-08-09T13:25:41.698-0400] {workday.py:41} WARNING - Could not import pandas. Holidays will not be considered.
[2024-08-09T13:25:41.698-0400] {processor.py:842} WARNING - No viable dags retrieved from /Users/jakeliu/we-defend-truth-1/airflow_env/lib/python3.12/site-packages/airflow/example_dags/plugins/workday.py
[2024-08-09T13:25:41.725-0400] {processor.py:183} INFO - Processing /Users/jakeliu/we-defend-truth-1/airflow_env/lib/python3.12/site-packages/airflow/example_dags/plugins/workday.py took 0.031 seconds
[2024-08-09T13:26:40.301-0400] {processor.py:161} INFO - Started process (PID=22918) to work on /Users/jakeliu/we-defend-truth-1/airflow_env/lib/python3.12/site-packages/airflow/example_dags/plugins/workday.py
[2024-08-09T13:26:40.302-0400] {processor.py:830} INFO - Processing file /Users/jakeliu/we-defend-truth-1/airflow_env/lib/python3.12/site-packages/airflow/example_dags/plugins/workday.py for tasks to queue
[2024-08-09T13:26:40.302-0400] {logging_mixin.py:188} INFO - [2024-08-09T13:26:40.302-0400] {dagbag.py:545} INFO - Filling up the DagBag from /Users/jakeliu/we-defend-truth-1/airflow_env/lib/python3.12/site-packages/airflow/example_dags/plugins/workday.py
[2024-08-09T13:26:40.303-0400] {logging_mixin.py:188} INFO - [2024-08-09T13:26:40.303-0400] {workday.py:41} WARNING - Could not import pandas. Holidays will not be considered.
[2024-08-09T13:26:40.303-0400] {processor.py:842} WARNING - No viable dags retrieved from /Users/jakeliu/we-defend-truth-1/airflow_env/lib/python3.12/site-packages/airflow/example_dags/plugins/workday.py
[2024-08-09T13:26:40.328-0400] {processor.py:183} INFO - Processing /Users/jakeliu/we-defend-truth-1/airflow_env/lib/python3.12/site-packages/airflow/example_dags/plugins/workday.py took 0.029 seconds
[2024-08-09T13:27:39.046-0400] {processor.py:161} INFO - Started process (PID=22982) to work on /Users/jakeliu/we-defend-truth-1/airflow_env/lib/python3.12/site-packages/airflow/example_dags/plugins/workday.py
[2024-08-09T13:27:39.047-0400] {processor.py:830} INFO - Processing file /Users/jakeliu/we-defend-truth-1/airflow_env/lib/python3.12/site-packages/airflow/example_dags/plugins/workday.py for tasks to queue
[2024-08-09T13:27:39.047-0400] {logging_mixin.py:188} INFO - [2024-08-09T13:27:39.047-0400] {dagbag.py:545} INFO - Filling up the DagBag from /Users/jakeliu/we-defend-truth-1/airflow_env/lib/python3.12/site-packages/airflow/example_dags/plugins/workday.py
[2024-08-09T13:27:39.048-0400] {logging_mixin.py:188} INFO - [2024-08-09T13:27:39.048-0400] {workday.py:41} WARNING - Could not import pandas. Holidays will not be considered.
[2024-08-09T13:27:39.048-0400] {processor.py:842} WARNING - No viable dags retrieved from /Users/jakeliu/we-defend-truth-1/airflow_env/lib/python3.12/site-packages/airflow/example_dags/plugins/workday.py
[2024-08-09T13:27:39.074-0400] {processor.py:183} INFO - Processing /Users/jakeliu/we-defend-truth-1/airflow_env/lib/python3.12/site-packages/airflow/example_dags/plugins/workday.py took 0.029 seconds
[2024-08-09T13:28:36.679-0400] {processor.py:161} INFO - Started process (PID=23158) to work on /Users/jakeliu/we-defend-truth-1/airflow_env/lib/python3.12/site-packages/airflow/example_dags/plugins/workday.py
[2024-08-09T13:28:36.680-0400] {processor.py:830} INFO - Processing file /Users/jakeliu/we-defend-truth-1/airflow_env/lib/python3.12/site-packages/airflow/example_dags/plugins/workday.py for tasks to queue
[2024-08-09T13:28:36.680-0400] {logging_mixin.py:188} INFO - [2024-08-09T13:28:36.680-0400] {dagbag.py:545} INFO - Filling up the DagBag from /Users/jakeliu/we-defend-truth-1/airflow_env/lib/python3.12/site-packages/airflow/example_dags/plugins/workday.py
[2024-08-09T13:28:36.681-0400] {logging_mixin.py:188} INFO - [2024-08-09T13:28:36.681-0400] {workday.py:41} WARNING - Could not import pandas. Holidays will not be considered.
[2024-08-09T13:28:36.681-0400] {processor.py:842} WARNING - No viable dags retrieved from /Users/jakeliu/we-defend-truth-1/airflow_env/lib/python3.12/site-packages/airflow/example_dags/plugins/workday.py
[2024-08-09T13:28:36.707-0400] {processor.py:183} INFO - Processing /Users/jakeliu/we-defend-truth-1/airflow_env/lib/python3.12/site-packages/airflow/example_dags/plugins/workday.py took 0.029 seconds
[2024-08-09T13:29:30.634-0400] {processor.py:161} INFO - Started process (PID=23308) to work on /Users/jakeliu/we-defend-truth-1/airflow_env/lib/python3.12/site-packages/airflow/example_dags/plugins/workday.py
[2024-08-09T13:29:30.635-0400] {processor.py:830} INFO - Processing file /Users/jakeliu/we-defend-truth-1/airflow_env/lib/python3.12/site-packages/airflow/example_dags/plugins/workday.py for tasks to queue
[2024-08-09T13:29:30.635-0400] {logging_mixin.py:188} INFO - [2024-08-09T13:29:30.635-0400] {dagbag.py:545} INFO - Filling up the DagBag from /Users/jakeliu/we-defend-truth-1/airflow_env/lib/python3.12/site-packages/airflow/example_dags/plugins/workday.py
[2024-08-09T13:29:30.636-0400] {logging_mixin.py:188} INFO - [2024-08-09T13:29:30.636-0400] {workday.py:41} WARNING - Could not import pandas. Holidays will not be considered.
[2024-08-09T13:29:30.636-0400] {processor.py:842} WARNING - No viable dags retrieved from /Users/jakeliu/we-defend-truth-1/airflow_env/lib/python3.12/site-packages/airflow/example_dags/plugins/workday.py
[2024-08-09T13:29:30.662-0400] {processor.py:183} INFO - Processing /Users/jakeliu/we-defend-truth-1/airflow_env/lib/python3.12/site-packages/airflow/example_dags/plugins/workday.py took 0.029 seconds
[2024-08-09T13:30:27.450-0400] {processor.py:161} INFO - Started process (PID=23450) to work on /Users/jakeliu/we-defend-truth-1/airflow_env/lib/python3.12/site-packages/airflow/example_dags/plugins/workday.py
[2024-08-09T13:30:27.451-0400] {processor.py:830} INFO - Processing file /Users/jakeliu/we-defend-truth-1/airflow_env/lib/python3.12/site-packages/airflow/example_dags/plugins/workday.py for tasks to queue
[2024-08-09T13:30:27.451-0400] {logging_mixin.py:188} INFO - [2024-08-09T13:30:27.451-0400] {dagbag.py:545} INFO - Filling up the DagBag from /Users/jakeliu/we-defend-truth-1/airflow_env/lib/python3.12/site-packages/airflow/example_dags/plugins/workday.py
[2024-08-09T13:30:27.452-0400] {logging_mixin.py:188} INFO - [2024-08-09T13:30:27.452-0400] {workday.py:41} WARNING - Could not import pandas. Holidays will not be considered.
[2024-08-09T13:30:27.452-0400] {processor.py:842} WARNING - No viable dags retrieved from /Users/jakeliu/we-defend-truth-1/airflow_env/lib/python3.12/site-packages/airflow/example_dags/plugins/workday.py
[2024-08-09T13:30:27.478-0400] {processor.py:183} INFO - Processing /Users/jakeliu/we-defend-truth-1/airflow_env/lib/python3.12/site-packages/airflow/example_dags/plugins/workday.py took 0.029 seconds
[2024-08-09T13:31:25.727-0400] {processor.py:161} INFO - Started process (PID=23562) to work on /Users/jakeliu/we-defend-truth-1/airflow_env/lib/python3.12/site-packages/airflow/example_dags/plugins/workday.py
[2024-08-09T13:31:25.728-0400] {processor.py:830} INFO - Processing file /Users/jakeliu/we-defend-truth-1/airflow_env/lib/python3.12/site-packages/airflow/example_dags/plugins/workday.py for tasks to queue
[2024-08-09T13:31:25.728-0400] {logging_mixin.py:188} INFO - [2024-08-09T13:31:25.728-0400] {dagbag.py:545} INFO - Filling up the DagBag from /Users/jakeliu/we-defend-truth-1/airflow_env/lib/python3.12/site-packages/airflow/example_dags/plugins/workday.py
[2024-08-09T13:31:25.728-0400] {logging_mixin.py:188} INFO - [2024-08-09T13:31:25.728-0400] {workday.py:41} WARNING - Could not import pandas. Holidays will not be considered.
[2024-08-09T13:31:25.729-0400] {processor.py:842} WARNING - No viable dags retrieved from /Users/jakeliu/we-defend-truth-1/airflow_env/lib/python3.12/site-packages/airflow/example_dags/plugins/workday.py
[2024-08-09T13:31:25.754-0400] {processor.py:183} INFO - Processing /Users/jakeliu/we-defend-truth-1/airflow_env/lib/python3.12/site-packages/airflow/example_dags/plugins/workday.py took 0.028 seconds
[2024-08-09T13:32:23.486-0400] {processor.py:161} INFO - Started process (PID=23623) to work on /Users/jakeliu/we-defend-truth-1/airflow_env/lib/python3.12/site-packages/airflow/example_dags/plugins/workday.py
[2024-08-09T13:32:23.486-0400] {processor.py:830} INFO - Processing file /Users/jakeliu/we-defend-truth-1/airflow_env/lib/python3.12/site-packages/airflow/example_dags/plugins/workday.py for tasks to queue
[2024-08-09T13:32:23.487-0400] {logging_mixin.py:188} INFO - [2024-08-09T13:32:23.486-0400] {dagbag.py:545} INFO - Filling up the DagBag from /Users/jakeliu/we-defend-truth-1/airflow_env/lib/python3.12/site-packages/airflow/example_dags/plugins/workday.py
[2024-08-09T13:32:23.487-0400] {logging_mixin.py:188} INFO - [2024-08-09T13:32:23.487-0400] {workday.py:41} WARNING - Could not import pandas. Holidays will not be considered.
[2024-08-09T13:32:23.487-0400] {processor.py:842} WARNING - No viable dags retrieved from /Users/jakeliu/we-defend-truth-1/airflow_env/lib/python3.12/site-packages/airflow/example_dags/plugins/workday.py
[2024-08-09T13:32:23.513-0400] {processor.py:183} INFO - Processing /Users/jakeliu/we-defend-truth-1/airflow_env/lib/python3.12/site-packages/airflow/example_dags/plugins/workday.py took 0.028 seconds
[2024-08-09T13:33:20.414-0400] {processor.py:161} INFO - Started process (PID=23699) to work on /Users/jakeliu/we-defend-truth-1/airflow_env/lib/python3.12/site-packages/airflow/example_dags/plugins/workday.py
[2024-08-09T13:33:20.414-0400] {processor.py:830} INFO - Processing file /Users/jakeliu/we-defend-truth-1/airflow_env/lib/python3.12/site-packages/airflow/example_dags/plugins/workday.py for tasks to queue
[2024-08-09T13:33:20.415-0400] {logging_mixin.py:188} INFO - [2024-08-09T13:33:20.415-0400] {dagbag.py:545} INFO - Filling up the DagBag from /Users/jakeliu/we-defend-truth-1/airflow_env/lib/python3.12/site-packages/airflow/example_dags/plugins/workday.py
[2024-08-09T13:33:20.415-0400] {logging_mixin.py:188} INFO - [2024-08-09T13:33:20.415-0400] {workday.py:41} WARNING - Could not import pandas. Holidays will not be considered.
[2024-08-09T13:33:20.416-0400] {processor.py:842} WARNING - No viable dags retrieved from /Users/jakeliu/we-defend-truth-1/airflow_env/lib/python3.12/site-packages/airflow/example_dags/plugins/workday.py
[2024-08-09T13:33:20.443-0400] {processor.py:183} INFO - Processing /Users/jakeliu/we-defend-truth-1/airflow_env/lib/python3.12/site-packages/airflow/example_dags/plugins/workday.py took 0.030 seconds
[2024-08-09T13:34:16.228-0400] {processor.py:161} INFO - Started process (PID=23743) to work on /Users/jakeliu/we-defend-truth-1/airflow_env/lib/python3.12/site-packages/airflow/example_dags/plugins/workday.py
[2024-08-09T13:34:16.228-0400] {processor.py:830} INFO - Processing file /Users/jakeliu/we-defend-truth-1/airflow_env/lib/python3.12/site-packages/airflow/example_dags/plugins/workday.py for tasks to queue
[2024-08-09T13:34:16.228-0400] {logging_mixin.py:188} INFO - [2024-08-09T13:34:16.228-0400] {dagbag.py:545} INFO - Filling up the DagBag from /Users/jakeliu/we-defend-truth-1/airflow_env/lib/python3.12/site-packages/airflow/example_dags/plugins/workday.py
[2024-08-09T13:34:16.229-0400] {logging_mixin.py:188} INFO - [2024-08-09T13:34:16.229-0400] {workday.py:41} WARNING - Could not import pandas. Holidays will not be considered.
[2024-08-09T13:34:16.229-0400] {processor.py:842} WARNING - No viable dags retrieved from /Users/jakeliu/we-defend-truth-1/airflow_env/lib/python3.12/site-packages/airflow/example_dags/plugins/workday.py
[2024-08-09T13:34:16.255-0400] {processor.py:183} INFO - Processing /Users/jakeliu/we-defend-truth-1/airflow_env/lib/python3.12/site-packages/airflow/example_dags/plugins/workday.py took 0.029 seconds
[2024-08-09T13:35:07.577-0400] {processor.py:161} INFO - Started process (PID=23845) to work on /Users/jakeliu/we-defend-truth-1/airflow_env/lib/python3.12/site-packages/airflow/example_dags/plugins/workday.py
[2024-08-09T13:35:07.577-0400] {processor.py:830} INFO - Processing file /Users/jakeliu/we-defend-truth-1/airflow_env/lib/python3.12/site-packages/airflow/example_dags/plugins/workday.py for tasks to queue
[2024-08-09T13:35:07.578-0400] {logging_mixin.py:188} INFO - [2024-08-09T13:35:07.578-0400] {dagbag.py:545} INFO - Filling up the DagBag from /Users/jakeliu/we-defend-truth-1/airflow_env/lib/python3.12/site-packages/airflow/example_dags/plugins/workday.py
[2024-08-09T13:35:07.578-0400] {logging_mixin.py:188} INFO - [2024-08-09T13:35:07.578-0400] {workday.py:41} WARNING - Could not import pandas. Holidays will not be considered.
[2024-08-09T13:35:07.578-0400] {processor.py:842} WARNING - No viable dags retrieved from /Users/jakeliu/we-defend-truth-1/airflow_env/lib/python3.12/site-packages/airflow/example_dags/plugins/workday.py
[2024-08-09T13:35:07.605-0400] {processor.py:183} INFO - Processing /Users/jakeliu/we-defend-truth-1/airflow_env/lib/python3.12/site-packages/airflow/example_dags/plugins/workday.py took 0.029 seconds
[2024-08-09T13:36:02.794-0400] {processor.py:161} INFO - Started process (PID=23884) to work on /Users/jakeliu/we-defend-truth-1/airflow_env/lib/python3.12/site-packages/airflow/example_dags/plugins/workday.py
[2024-08-09T13:36:02.794-0400] {processor.py:830} INFO - Processing file /Users/jakeliu/we-defend-truth-1/airflow_env/lib/python3.12/site-packages/airflow/example_dags/plugins/workday.py for tasks to queue
[2024-08-09T13:36:02.795-0400] {logging_mixin.py:188} INFO - [2024-08-09T13:36:02.794-0400] {dagbag.py:545} INFO - Filling up the DagBag from /Users/jakeliu/we-defend-truth-1/airflow_env/lib/python3.12/site-packages/airflow/example_dags/plugins/workday.py
[2024-08-09T13:36:02.795-0400] {logging_mixin.py:188} INFO - [2024-08-09T13:36:02.795-0400] {workday.py:41} WARNING - Could not import pandas. Holidays will not be considered.
[2024-08-09T13:36:02.795-0400] {processor.py:842} WARNING - No viable dags retrieved from /Users/jakeliu/we-defend-truth-1/airflow_env/lib/python3.12/site-packages/airflow/example_dags/plugins/workday.py
[2024-08-09T13:36:02.820-0400] {processor.py:183} INFO - Processing /Users/jakeliu/we-defend-truth-1/airflow_env/lib/python3.12/site-packages/airflow/example_dags/plugins/workday.py took 0.028 seconds
[2024-08-09T13:36:54.855-0400] {processor.py:161} INFO - Started process (PID=23932) to work on /Users/jakeliu/we-defend-truth-1/airflow_env/lib/python3.12/site-packages/airflow/example_dags/plugins/workday.py
[2024-08-09T13:36:54.856-0400] {processor.py:830} INFO - Processing file /Users/jakeliu/we-defend-truth-1/airflow_env/lib/python3.12/site-packages/airflow/example_dags/plugins/workday.py for tasks to queue
[2024-08-09T13:36:54.856-0400] {logging_mixin.py:188} INFO - [2024-08-09T13:36:54.856-0400] {dagbag.py:545} INFO - Filling up the DagBag from /Users/jakeliu/we-defend-truth-1/airflow_env/lib/python3.12/site-packages/airflow/example_dags/plugins/workday.py
[2024-08-09T13:36:54.857-0400] {logging_mixin.py:188} INFO - [2024-08-09T13:36:54.857-0400] {workday.py:41} WARNING - Could not import pandas. Holidays will not be considered.
[2024-08-09T13:36:54.857-0400] {processor.py:842} WARNING - No viable dags retrieved from /Users/jakeliu/we-defend-truth-1/airflow_env/lib/python3.12/site-packages/airflow/example_dags/plugins/workday.py
[2024-08-09T13:36:54.883-0400] {processor.py:183} INFO - Processing /Users/jakeliu/we-defend-truth-1/airflow_env/lib/python3.12/site-packages/airflow/example_dags/plugins/workday.py took 0.029 seconds
[2024-08-09T13:37:51.599-0400] {processor.py:161} INFO - Started process (PID=23976) to work on /Users/jakeliu/we-defend-truth-1/airflow_env/lib/python3.12/site-packages/airflow/example_dags/plugins/workday.py
[2024-08-09T13:37:51.599-0400] {processor.py:830} INFO - Processing file /Users/jakeliu/we-defend-truth-1/airflow_env/lib/python3.12/site-packages/airflow/example_dags/plugins/workday.py for tasks to queue
[2024-08-09T13:37:51.600-0400] {logging_mixin.py:188} INFO - [2024-08-09T13:37:51.600-0400] {dagbag.py:545} INFO - Filling up the DagBag from /Users/jakeliu/we-defend-truth-1/airflow_env/lib/python3.12/site-packages/airflow/example_dags/plugins/workday.py
[2024-08-09T13:37:51.601-0400] {logging_mixin.py:188} INFO - [2024-08-09T13:37:51.600-0400] {workday.py:41} WARNING - Could not import pandas. Holidays will not be considered.
[2024-08-09T13:37:51.601-0400] {processor.py:842} WARNING - No viable dags retrieved from /Users/jakeliu/we-defend-truth-1/airflow_env/lib/python3.12/site-packages/airflow/example_dags/plugins/workday.py
[2024-08-09T13:37:51.628-0400] {processor.py:183} INFO - Processing /Users/jakeliu/we-defend-truth-1/airflow_env/lib/python3.12/site-packages/airflow/example_dags/plugins/workday.py took 0.031 seconds
[2024-08-09T13:38:51.372-0400] {processor.py:161} INFO - Started process (PID=24012) to work on /Users/jakeliu/we-defend-truth-1/airflow_env/lib/python3.12/site-packages/airflow/example_dags/plugins/workday.py
[2024-08-09T13:38:51.372-0400] {processor.py:830} INFO - Processing file /Users/jakeliu/we-defend-truth-1/airflow_env/lib/python3.12/site-packages/airflow/example_dags/plugins/workday.py for tasks to queue
[2024-08-09T13:38:51.373-0400] {logging_mixin.py:188} INFO - [2024-08-09T13:38:51.373-0400] {dagbag.py:545} INFO - Filling up the DagBag from /Users/jakeliu/we-defend-truth-1/airflow_env/lib/python3.12/site-packages/airflow/example_dags/plugins/workday.py
[2024-08-09T13:38:51.373-0400] {logging_mixin.py:188} INFO - [2024-08-09T13:38:51.373-0400] {workday.py:41} WARNING - Could not import pandas. Holidays will not be considered.
[2024-08-09T13:38:51.373-0400] {processor.py:842} WARNING - No viable dags retrieved from /Users/jakeliu/we-defend-truth-1/airflow_env/lib/python3.12/site-packages/airflow/example_dags/plugins/workday.py
[2024-08-09T13:38:51.399-0400] {processor.py:183} INFO - Processing /Users/jakeliu/we-defend-truth-1/airflow_env/lib/python3.12/site-packages/airflow/example_dags/plugins/workday.py took 0.028 seconds
[2024-08-09T13:39:47.470-0400] {processor.py:161} INFO - Started process (PID=24053) to work on /Users/jakeliu/we-defend-truth-1/airflow_env/lib/python3.12/site-packages/airflow/example_dags/plugins/workday.py
[2024-08-09T13:39:47.471-0400] {processor.py:830} INFO - Processing file /Users/jakeliu/we-defend-truth-1/airflow_env/lib/python3.12/site-packages/airflow/example_dags/plugins/workday.py for tasks to queue
[2024-08-09T13:39:47.471-0400] {logging_mixin.py:188} INFO - [2024-08-09T13:39:47.471-0400] {dagbag.py:545} INFO - Filling up the DagBag from /Users/jakeliu/we-defend-truth-1/airflow_env/lib/python3.12/site-packages/airflow/example_dags/plugins/workday.py
[2024-08-09T13:39:47.472-0400] {logging_mixin.py:188} INFO - [2024-08-09T13:39:47.472-0400] {workday.py:41} WARNING - Could not import pandas. Holidays will not be considered.
[2024-08-09T13:39:47.472-0400] {processor.py:842} WARNING - No viable dags retrieved from /Users/jakeliu/we-defend-truth-1/airflow_env/lib/python3.12/site-packages/airflow/example_dags/plugins/workday.py
[2024-08-09T13:39:47.497-0400] {processor.py:183} INFO - Processing /Users/jakeliu/we-defend-truth-1/airflow_env/lib/python3.12/site-packages/airflow/example_dags/plugins/workday.py took 0.028 seconds
[2024-08-09T13:40:38.308-0400] {processor.py:161} INFO - Started process (PID=24088) to work on /Users/jakeliu/we-defend-truth-1/airflow_env/lib/python3.12/site-packages/airflow/example_dags/plugins/workday.py
[2024-08-09T13:40:38.308-0400] {processor.py:830} INFO - Processing file /Users/jakeliu/we-defend-truth-1/airflow_env/lib/python3.12/site-packages/airflow/example_dags/plugins/workday.py for tasks to queue
[2024-08-09T13:40:38.309-0400] {logging_mixin.py:188} INFO - [2024-08-09T13:40:38.309-0400] {dagbag.py:545} INFO - Filling up the DagBag from /Users/jakeliu/we-defend-truth-1/airflow_env/lib/python3.12/site-packages/airflow/example_dags/plugins/workday.py
[2024-08-09T13:40:38.309-0400] {logging_mixin.py:188} INFO - [2024-08-09T13:40:38.309-0400] {workday.py:41} WARNING - Could not import pandas. Holidays will not be considered.
[2024-08-09T13:40:38.309-0400] {processor.py:842} WARNING - No viable dags retrieved from /Users/jakeliu/we-defend-truth-1/airflow_env/lib/python3.12/site-packages/airflow/example_dags/plugins/workday.py
[2024-08-09T13:40:38.335-0400] {processor.py:183} INFO - Processing /Users/jakeliu/we-defend-truth-1/airflow_env/lib/python3.12/site-packages/airflow/example_dags/plugins/workday.py took 0.028 seconds
[2024-08-09T13:41:32.132-0400] {processor.py:161} INFO - Started process (PID=24193) to work on /Users/jakeliu/we-defend-truth-1/airflow_env/lib/python3.12/site-packages/airflow/example_dags/plugins/workday.py
[2024-08-09T13:41:32.132-0400] {processor.py:830} INFO - Processing file /Users/jakeliu/we-defend-truth-1/airflow_env/lib/python3.12/site-packages/airflow/example_dags/plugins/workday.py for tasks to queue
[2024-08-09T13:41:32.133-0400] {logging_mixin.py:188} INFO - [2024-08-09T13:41:32.133-0400] {dagbag.py:545} INFO - Filling up the DagBag from /Users/jakeliu/we-defend-truth-1/airflow_env/lib/python3.12/site-packages/airflow/example_dags/plugins/workday.py
[2024-08-09T13:41:32.133-0400] {logging_mixin.py:188} INFO - [2024-08-09T13:41:32.133-0400] {workday.py:41} WARNING - Could not import pandas. Holidays will not be considered.
[2024-08-09T13:41:32.134-0400] {processor.py:842} WARNING - No viable dags retrieved from /Users/jakeliu/we-defend-truth-1/airflow_env/lib/python3.12/site-packages/airflow/example_dags/plugins/workday.py
[2024-08-09T13:41:32.160-0400] {processor.py:183} INFO - Processing /Users/jakeliu/we-defend-truth-1/airflow_env/lib/python3.12/site-packages/airflow/example_dags/plugins/workday.py took 0.029 seconds
[2024-08-09T13:42:28.708-0400] {processor.py:161} INFO - Started process (PID=24296) to work on /Users/jakeliu/we-defend-truth-1/airflow_env/lib/python3.12/site-packages/airflow/example_dags/plugins/workday.py
[2024-08-09T13:42:28.710-0400] {processor.py:830} INFO - Processing file /Users/jakeliu/we-defend-truth-1/airflow_env/lib/python3.12/site-packages/airflow/example_dags/plugins/workday.py for tasks to queue
[2024-08-09T13:42:28.710-0400] {logging_mixin.py:188} INFO - [2024-08-09T13:42:28.710-0400] {dagbag.py:545} INFO - Filling up the DagBag from /Users/jakeliu/we-defend-truth-1/airflow_env/lib/python3.12/site-packages/airflow/example_dags/plugins/workday.py
[2024-08-09T13:42:28.710-0400] {logging_mixin.py:188} INFO - [2024-08-09T13:42:28.710-0400] {workday.py:41} WARNING - Could not import pandas. Holidays will not be considered.
[2024-08-09T13:42:28.711-0400] {processor.py:842} WARNING - No viable dags retrieved from /Users/jakeliu/we-defend-truth-1/airflow_env/lib/python3.12/site-packages/airflow/example_dags/plugins/workday.py
[2024-08-09T13:42:28.736-0400] {processor.py:183} INFO - Processing /Users/jakeliu/we-defend-truth-1/airflow_env/lib/python3.12/site-packages/airflow/example_dags/plugins/workday.py took 0.029 seconds
[2024-08-09T13:43:25.850-0400] {processor.py:161} INFO - Started process (PID=24360) to work on /Users/jakeliu/we-defend-truth-1/airflow_env/lib/python3.12/site-packages/airflow/example_dags/plugins/workday.py
[2024-08-09T13:43:25.850-0400] {processor.py:830} INFO - Processing file /Users/jakeliu/we-defend-truth-1/airflow_env/lib/python3.12/site-packages/airflow/example_dags/plugins/workday.py for tasks to queue
[2024-08-09T13:43:25.851-0400] {logging_mixin.py:188} INFO - [2024-08-09T13:43:25.851-0400] {dagbag.py:545} INFO - Filling up the DagBag from /Users/jakeliu/we-defend-truth-1/airflow_env/lib/python3.12/site-packages/airflow/example_dags/plugins/workday.py
[2024-08-09T13:43:25.851-0400] {logging_mixin.py:188} INFO - [2024-08-09T13:43:25.851-0400] {workday.py:41} WARNING - Could not import pandas. Holidays will not be considered.
[2024-08-09T13:43:25.852-0400] {processor.py:842} WARNING - No viable dags retrieved from /Users/jakeliu/we-defend-truth-1/airflow_env/lib/python3.12/site-packages/airflow/example_dags/plugins/workday.py
[2024-08-09T13:43:25.877-0400] {processor.py:183} INFO - Processing /Users/jakeliu/we-defend-truth-1/airflow_env/lib/python3.12/site-packages/airflow/example_dags/plugins/workday.py took 0.028 seconds
[2024-08-09T13:44:16.690-0400] {processor.py:161} INFO - Started process (PID=24395) to work on /Users/jakeliu/we-defend-truth-1/airflow_env/lib/python3.12/site-packages/airflow/example_dags/plugins/workday.py
[2024-08-09T13:44:16.691-0400] {processor.py:830} INFO - Processing file /Users/jakeliu/we-defend-truth-1/airflow_env/lib/python3.12/site-packages/airflow/example_dags/plugins/workday.py for tasks to queue
[2024-08-09T13:44:16.691-0400] {logging_mixin.py:188} INFO - [2024-08-09T13:44:16.691-0400] {dagbag.py:545} INFO - Filling up the DagBag from /Users/jakeliu/we-defend-truth-1/airflow_env/lib/python3.12/site-packages/airflow/example_dags/plugins/workday.py
[2024-08-09T13:44:16.692-0400] {logging_mixin.py:188} INFO - [2024-08-09T13:44:16.692-0400] {workday.py:41} WARNING - Could not import pandas. Holidays will not be considered.
[2024-08-09T13:44:16.692-0400] {processor.py:842} WARNING - No viable dags retrieved from /Users/jakeliu/we-defend-truth-1/airflow_env/lib/python3.12/site-packages/airflow/example_dags/plugins/workday.py
[2024-08-09T13:44:16.718-0400] {processor.py:183} INFO - Processing /Users/jakeliu/we-defend-truth-1/airflow_env/lib/python3.12/site-packages/airflow/example_dags/plugins/workday.py took 0.029 seconds
[2024-08-09T13:45:06.440-0400] {processor.py:161} INFO - Started process (PID=24431) to work on /Users/jakeliu/we-defend-truth-1/airflow_env/lib/python3.12/site-packages/airflow/example_dags/plugins/workday.py
[2024-08-09T13:45:06.440-0400] {processor.py:830} INFO - Processing file /Users/jakeliu/we-defend-truth-1/airflow_env/lib/python3.12/site-packages/airflow/example_dags/plugins/workday.py for tasks to queue
[2024-08-09T13:45:06.440-0400] {logging_mixin.py:188} INFO - [2024-08-09T13:45:06.440-0400] {dagbag.py:545} INFO - Filling up the DagBag from /Users/jakeliu/we-defend-truth-1/airflow_env/lib/python3.12/site-packages/airflow/example_dags/plugins/workday.py
[2024-08-09T13:45:06.441-0400] {logging_mixin.py:188} INFO - [2024-08-09T13:45:06.441-0400] {workday.py:41} WARNING - Could not import pandas. Holidays will not be considered.
[2024-08-09T13:45:06.441-0400] {processor.py:842} WARNING - No viable dags retrieved from /Users/jakeliu/we-defend-truth-1/airflow_env/lib/python3.12/site-packages/airflow/example_dags/plugins/workday.py
[2024-08-09T13:45:06.467-0400] {processor.py:183} INFO - Processing /Users/jakeliu/we-defend-truth-1/airflow_env/lib/python3.12/site-packages/airflow/example_dags/plugins/workday.py took 0.028 seconds
[2024-08-09T13:45:57.547-0400] {processor.py:161} INFO - Started process (PID=24463) to work on /Users/jakeliu/we-defend-truth-1/airflow_env/lib/python3.12/site-packages/airflow/example_dags/plugins/workday.py
[2024-08-09T13:45:57.548-0400] {processor.py:830} INFO - Processing file /Users/jakeliu/we-defend-truth-1/airflow_env/lib/python3.12/site-packages/airflow/example_dags/plugins/workday.py for tasks to queue
[2024-08-09T13:45:57.548-0400] {logging_mixin.py:188} INFO - [2024-08-09T13:45:57.548-0400] {dagbag.py:545} INFO - Filling up the DagBag from /Users/jakeliu/we-defend-truth-1/airflow_env/lib/python3.12/site-packages/airflow/example_dags/plugins/workday.py
[2024-08-09T13:45:57.549-0400] {logging_mixin.py:188} INFO - [2024-08-09T13:45:57.549-0400] {workday.py:41} WARNING - Could not import pandas. Holidays will not be considered.
[2024-08-09T13:45:57.549-0400] {processor.py:842} WARNING - No viable dags retrieved from /Users/jakeliu/we-defend-truth-1/airflow_env/lib/python3.12/site-packages/airflow/example_dags/plugins/workday.py
[2024-08-09T13:45:57.575-0400] {processor.py:183} INFO - Processing /Users/jakeliu/we-defend-truth-1/airflow_env/lib/python3.12/site-packages/airflow/example_dags/plugins/workday.py took 0.029 seconds
[2024-08-09T13:46:49.333-0400] {processor.py:161} INFO - Started process (PID=24504) to work on /Users/jakeliu/we-defend-truth-1/airflow_env/lib/python3.12/site-packages/airflow/example_dags/plugins/workday.py
[2024-08-09T13:46:49.334-0400] {processor.py:830} INFO - Processing file /Users/jakeliu/we-defend-truth-1/airflow_env/lib/python3.12/site-packages/airflow/example_dags/plugins/workday.py for tasks to queue
[2024-08-09T13:46:49.334-0400] {logging_mixin.py:188} INFO - [2024-08-09T13:46:49.334-0400] {dagbag.py:545} INFO - Filling up the DagBag from /Users/jakeliu/we-defend-truth-1/airflow_env/lib/python3.12/site-packages/airflow/example_dags/plugins/workday.py
[2024-08-09T13:46:49.335-0400] {logging_mixin.py:188} INFO - [2024-08-09T13:46:49.335-0400] {workday.py:41} WARNING - Could not import pandas. Holidays will not be considered.
[2024-08-09T13:46:49.335-0400] {processor.py:842} WARNING - No viable dags retrieved from /Users/jakeliu/we-defend-truth-1/airflow_env/lib/python3.12/site-packages/airflow/example_dags/plugins/workday.py
[2024-08-09T13:46:49.360-0400] {processor.py:183} INFO - Processing /Users/jakeliu/we-defend-truth-1/airflow_env/lib/python3.12/site-packages/airflow/example_dags/plugins/workday.py took 0.028 seconds
[2024-08-09T13:47:38.780-0400] {processor.py:161} INFO - Started process (PID=24538) to work on /Users/jakeliu/we-defend-truth-1/airflow_env/lib/python3.12/site-packages/airflow/example_dags/plugins/workday.py
[2024-08-09T13:47:38.781-0400] {processor.py:830} INFO - Processing file /Users/jakeliu/we-defend-truth-1/airflow_env/lib/python3.12/site-packages/airflow/example_dags/plugins/workday.py for tasks to queue
[2024-08-09T13:47:38.782-0400] {logging_mixin.py:188} INFO - [2024-08-09T13:47:38.781-0400] {dagbag.py:545} INFO - Filling up the DagBag from /Users/jakeliu/we-defend-truth-1/airflow_env/lib/python3.12/site-packages/airflow/example_dags/plugins/workday.py
[2024-08-09T13:47:38.782-0400] {logging_mixin.py:188} INFO - [2024-08-09T13:47:38.782-0400] {workday.py:41} WARNING - Could not import pandas. Holidays will not be considered.
[2024-08-09T13:47:38.782-0400] {processor.py:842} WARNING - No viable dags retrieved from /Users/jakeliu/we-defend-truth-1/airflow_env/lib/python3.12/site-packages/airflow/example_dags/plugins/workday.py
[2024-08-09T13:47:38.808-0400] {processor.py:183} INFO - Processing /Users/jakeliu/we-defend-truth-1/airflow_env/lib/python3.12/site-packages/airflow/example_dags/plugins/workday.py took 0.028 seconds
[2024-08-09T13:48:29.997-0400] {processor.py:161} INFO - Started process (PID=24574) to work on /Users/jakeliu/we-defend-truth-1/airflow_env/lib/python3.12/site-packages/airflow/example_dags/plugins/workday.py
[2024-08-09T13:48:29.998-0400] {processor.py:830} INFO - Processing file /Users/jakeliu/we-defend-truth-1/airflow_env/lib/python3.12/site-packages/airflow/example_dags/plugins/workday.py for tasks to queue
[2024-08-09T13:48:29.998-0400] {logging_mixin.py:188} INFO - [2024-08-09T13:48:29.998-0400] {dagbag.py:545} INFO - Filling up the DagBag from /Users/jakeliu/we-defend-truth-1/airflow_env/lib/python3.12/site-packages/airflow/example_dags/plugins/workday.py
[2024-08-09T13:48:29.999-0400] {logging_mixin.py:188} INFO - [2024-08-09T13:48:29.999-0400] {workday.py:41} WARNING - Could not import pandas. Holidays will not be considered.
[2024-08-09T13:48:29.999-0400] {processor.py:842} WARNING - No viable dags retrieved from /Users/jakeliu/we-defend-truth-1/airflow_env/lib/python3.12/site-packages/airflow/example_dags/plugins/workday.py
[2024-08-09T13:48:30.024-0400] {processor.py:183} INFO - Processing /Users/jakeliu/we-defend-truth-1/airflow_env/lib/python3.12/site-packages/airflow/example_dags/plugins/workday.py took 0.028 seconds
[2024-08-09T13:49:21.176-0400] {processor.py:161} INFO - Started process (PID=24610) to work on /Users/jakeliu/we-defend-truth-1/airflow_env/lib/python3.12/site-packages/airflow/example_dags/plugins/workday.py
[2024-08-09T13:49:21.177-0400] {processor.py:830} INFO - Processing file /Users/jakeliu/we-defend-truth-1/airflow_env/lib/python3.12/site-packages/airflow/example_dags/plugins/workday.py for tasks to queue
[2024-08-09T13:49:21.177-0400] {logging_mixin.py:188} INFO - [2024-08-09T13:49:21.177-0400] {dagbag.py:545} INFO - Filling up the DagBag from /Users/jakeliu/we-defend-truth-1/airflow_env/lib/python3.12/site-packages/airflow/example_dags/plugins/workday.py
[2024-08-09T13:49:21.178-0400] {logging_mixin.py:188} INFO - [2024-08-09T13:49:21.178-0400] {workday.py:41} WARNING - Could not import pandas. Holidays will not be considered.
[2024-08-09T13:49:21.178-0400] {processor.py:842} WARNING - No viable dags retrieved from /Users/jakeliu/we-defend-truth-1/airflow_env/lib/python3.12/site-packages/airflow/example_dags/plugins/workday.py
[2024-08-09T13:49:21.203-0400] {processor.py:183} INFO - Processing /Users/jakeliu/we-defend-truth-1/airflow_env/lib/python3.12/site-packages/airflow/example_dags/plugins/workday.py took 0.028 seconds
[2024-08-09T13:50:08.913-0400] {processor.py:161} INFO - Started process (PID=24652) to work on /Users/jakeliu/we-defend-truth-1/airflow_env/lib/python3.12/site-packages/airflow/example_dags/plugins/workday.py
[2024-08-09T13:50:08.914-0400] {processor.py:830} INFO - Processing file /Users/jakeliu/we-defend-truth-1/airflow_env/lib/python3.12/site-packages/airflow/example_dags/plugins/workday.py for tasks to queue
[2024-08-09T13:50:08.914-0400] {logging_mixin.py:188} INFO - [2024-08-09T13:50:08.914-0400] {dagbag.py:545} INFO - Filling up the DagBag from /Users/jakeliu/we-defend-truth-1/airflow_env/lib/python3.12/site-packages/airflow/example_dags/plugins/workday.py
[2024-08-09T13:50:08.915-0400] {logging_mixin.py:188} INFO - [2024-08-09T13:50:08.915-0400] {workday.py:41} WARNING - Could not import pandas. Holidays will not be considered.
[2024-08-09T13:50:08.915-0400] {processor.py:842} WARNING - No viable dags retrieved from /Users/jakeliu/we-defend-truth-1/airflow_env/lib/python3.12/site-packages/airflow/example_dags/plugins/workday.py
[2024-08-09T13:50:08.941-0400] {processor.py:183} INFO - Processing /Users/jakeliu/we-defend-truth-1/airflow_env/lib/python3.12/site-packages/airflow/example_dags/plugins/workday.py took 0.029 seconds
[2024-08-09T13:50:59.205-0400] {processor.py:161} INFO - Started process (PID=24693) to work on /Users/jakeliu/we-defend-truth-1/airflow_env/lib/python3.12/site-packages/airflow/example_dags/plugins/workday.py
[2024-08-09T13:50:59.205-0400] {processor.py:830} INFO - Processing file /Users/jakeliu/we-defend-truth-1/airflow_env/lib/python3.12/site-packages/airflow/example_dags/plugins/workday.py for tasks to queue
[2024-08-09T13:50:59.206-0400] {logging_mixin.py:188} INFO - [2024-08-09T13:50:59.206-0400] {dagbag.py:545} INFO - Filling up the DagBag from /Users/jakeliu/we-defend-truth-1/airflow_env/lib/python3.12/site-packages/airflow/example_dags/plugins/workday.py
[2024-08-09T13:50:59.207-0400] {logging_mixin.py:188} INFO - [2024-08-09T13:50:59.207-0400] {workday.py:41} WARNING - Could not import pandas. Holidays will not be considered.
[2024-08-09T13:50:59.207-0400] {processor.py:842} WARNING - No viable dags retrieved from /Users/jakeliu/we-defend-truth-1/airflow_env/lib/python3.12/site-packages/airflow/example_dags/plugins/workday.py
[2024-08-09T13:50:59.237-0400] {processor.py:183} INFO - Processing /Users/jakeliu/we-defend-truth-1/airflow_env/lib/python3.12/site-packages/airflow/example_dags/plugins/workday.py took 0.034 seconds
[2024-08-09T13:51:49.728-0400] {processor.py:161} INFO - Started process (PID=24737) to work on /Users/jakeliu/we-defend-truth-1/airflow_env/lib/python3.12/site-packages/airflow/example_dags/plugins/workday.py
[2024-08-09T13:51:49.729-0400] {processor.py:830} INFO - Processing file /Users/jakeliu/we-defend-truth-1/airflow_env/lib/python3.12/site-packages/airflow/example_dags/plugins/workday.py for tasks to queue
[2024-08-09T13:51:49.729-0400] {logging_mixin.py:188} INFO - [2024-08-09T13:51:49.729-0400] {dagbag.py:545} INFO - Filling up the DagBag from /Users/jakeliu/we-defend-truth-1/airflow_env/lib/python3.12/site-packages/airflow/example_dags/plugins/workday.py
[2024-08-09T13:51:49.730-0400] {logging_mixin.py:188} INFO - [2024-08-09T13:51:49.730-0400] {workday.py:41} WARNING - Could not import pandas. Holidays will not be considered.
[2024-08-09T13:51:49.730-0400] {processor.py:842} WARNING - No viable dags retrieved from /Users/jakeliu/we-defend-truth-1/airflow_env/lib/python3.12/site-packages/airflow/example_dags/plugins/workday.py
[2024-08-09T13:51:49.755-0400] {processor.py:183} INFO - Processing /Users/jakeliu/we-defend-truth-1/airflow_env/lib/python3.12/site-packages/airflow/example_dags/plugins/workday.py took 0.028 seconds
[2024-08-09T13:52:44.294-0400] {processor.py:161} INFO - Started process (PID=24805) to work on /Users/jakeliu/we-defend-truth-1/airflow_env/lib/python3.12/site-packages/airflow/example_dags/plugins/workday.py
[2024-08-09T13:52:44.294-0400] {processor.py:830} INFO - Processing file /Users/jakeliu/we-defend-truth-1/airflow_env/lib/python3.12/site-packages/airflow/example_dags/plugins/workday.py for tasks to queue
[2024-08-09T13:52:44.294-0400] {logging_mixin.py:188} INFO - [2024-08-09T13:52:44.294-0400] {dagbag.py:545} INFO - Filling up the DagBag from /Users/jakeliu/we-defend-truth-1/airflow_env/lib/python3.12/site-packages/airflow/example_dags/plugins/workday.py
[2024-08-09T13:52:44.295-0400] {logging_mixin.py:188} INFO - [2024-08-09T13:52:44.295-0400] {workday.py:41} WARNING - Could not import pandas. Holidays will not be considered.
[2024-08-09T13:52:44.295-0400] {processor.py:842} WARNING - No viable dags retrieved from /Users/jakeliu/we-defend-truth-1/airflow_env/lib/python3.12/site-packages/airflow/example_dags/plugins/workday.py
[2024-08-09T13:52:44.322-0400] {processor.py:183} INFO - Processing /Users/jakeliu/we-defend-truth-1/airflow_env/lib/python3.12/site-packages/airflow/example_dags/plugins/workday.py took 0.029 seconds
[2024-08-09T13:53:42.806-0400] {processor.py:161} INFO - Started process (PID=24868) to work on /Users/jakeliu/we-defend-truth-1/airflow_env/lib/python3.12/site-packages/airflow/example_dags/plugins/workday.py
[2024-08-09T13:53:42.807-0400] {processor.py:830} INFO - Processing file /Users/jakeliu/we-defend-truth-1/airflow_env/lib/python3.12/site-packages/airflow/example_dags/plugins/workday.py for tasks to queue
[2024-08-09T13:53:42.807-0400] {logging_mixin.py:188} INFO - [2024-08-09T13:53:42.807-0400] {dagbag.py:545} INFO - Filling up the DagBag from /Users/jakeliu/we-defend-truth-1/airflow_env/lib/python3.12/site-packages/airflow/example_dags/plugins/workday.py
[2024-08-09T13:53:42.808-0400] {logging_mixin.py:188} INFO - [2024-08-09T13:53:42.807-0400] {workday.py:41} WARNING - Could not import pandas. Holidays will not be considered.
[2024-08-09T13:53:42.808-0400] {processor.py:842} WARNING - No viable dags retrieved from /Users/jakeliu/we-defend-truth-1/airflow_env/lib/python3.12/site-packages/airflow/example_dags/plugins/workday.py
[2024-08-09T13:53:42.834-0400] {processor.py:183} INFO - Processing /Users/jakeliu/we-defend-truth-1/airflow_env/lib/python3.12/site-packages/airflow/example_dags/plugins/workday.py took 0.029 seconds
[2024-08-09T13:54:39.626-0400] {processor.py:161} INFO - Started process (PID=24927) to work on /Users/jakeliu/we-defend-truth-1/airflow_env/lib/python3.12/site-packages/airflow/example_dags/plugins/workday.py
[2024-08-09T13:54:39.627-0400] {processor.py:830} INFO - Processing file /Users/jakeliu/we-defend-truth-1/airflow_env/lib/python3.12/site-packages/airflow/example_dags/plugins/workday.py for tasks to queue
[2024-08-09T13:54:39.627-0400] {logging_mixin.py:188} INFO - [2024-08-09T13:54:39.627-0400] {dagbag.py:545} INFO - Filling up the DagBag from /Users/jakeliu/we-defend-truth-1/airflow_env/lib/python3.12/site-packages/airflow/example_dags/plugins/workday.py
[2024-08-09T13:54:39.628-0400] {logging_mixin.py:188} INFO - [2024-08-09T13:54:39.628-0400] {workday.py:41} WARNING - Could not import pandas. Holidays will not be considered.
[2024-08-09T13:54:39.628-0400] {processor.py:842} WARNING - No viable dags retrieved from /Users/jakeliu/we-defend-truth-1/airflow_env/lib/python3.12/site-packages/airflow/example_dags/plugins/workday.py
[2024-08-09T13:54:39.654-0400] {processor.py:183} INFO - Processing /Users/jakeliu/we-defend-truth-1/airflow_env/lib/python3.12/site-packages/airflow/example_dags/plugins/workday.py took 0.029 seconds
[2024-08-09T13:55:39.890-0400] {processor.py:161} INFO - Started process (PID=25005) to work on /Users/jakeliu/we-defend-truth-1/airflow_env/lib/python3.12/site-packages/airflow/example_dags/plugins/workday.py
[2024-08-09T13:55:39.891-0400] {processor.py:830} INFO - Processing file /Users/jakeliu/we-defend-truth-1/airflow_env/lib/python3.12/site-packages/airflow/example_dags/plugins/workday.py for tasks to queue
[2024-08-09T13:55:39.891-0400] {logging_mixin.py:188} INFO - [2024-08-09T13:55:39.891-0400] {dagbag.py:545} INFO - Filling up the DagBag from /Users/jakeliu/we-defend-truth-1/airflow_env/lib/python3.12/site-packages/airflow/example_dags/plugins/workday.py
[2024-08-09T13:55:39.892-0400] {logging_mixin.py:188} INFO - [2024-08-09T13:55:39.892-0400] {workday.py:41} WARNING - Could not import pandas. Holidays will not be considered.
[2024-08-09T13:55:39.892-0400] {processor.py:842} WARNING - No viable dags retrieved from /Users/jakeliu/we-defend-truth-1/airflow_env/lib/python3.12/site-packages/airflow/example_dags/plugins/workday.py
[2024-08-09T13:55:39.917-0400] {processor.py:183} INFO - Processing /Users/jakeliu/we-defend-truth-1/airflow_env/lib/python3.12/site-packages/airflow/example_dags/plugins/workday.py took 0.028 seconds
[2024-08-09T13:56:38.244-0400] {processor.py:161} INFO - Started process (PID=25044) to work on /Users/jakeliu/we-defend-truth-1/airflow_env/lib/python3.12/site-packages/airflow/example_dags/plugins/workday.py
[2024-08-09T13:56:38.244-0400] {processor.py:830} INFO - Processing file /Users/jakeliu/we-defend-truth-1/airflow_env/lib/python3.12/site-packages/airflow/example_dags/plugins/workday.py for tasks to queue
[2024-08-09T13:56:38.245-0400] {logging_mixin.py:188} INFO - [2024-08-09T13:56:38.245-0400] {dagbag.py:545} INFO - Filling up the DagBag from /Users/jakeliu/we-defend-truth-1/airflow_env/lib/python3.12/site-packages/airflow/example_dags/plugins/workday.py
[2024-08-09T13:56:38.245-0400] {logging_mixin.py:188} INFO - [2024-08-09T13:56:38.245-0400] {workday.py:41} WARNING - Could not import pandas. Holidays will not be considered.
[2024-08-09T13:56:38.246-0400] {processor.py:842} WARNING - No viable dags retrieved from /Users/jakeliu/we-defend-truth-1/airflow_env/lib/python3.12/site-packages/airflow/example_dags/plugins/workday.py
[2024-08-09T13:56:38.273-0400] {processor.py:183} INFO - Processing /Users/jakeliu/we-defend-truth-1/airflow_env/lib/python3.12/site-packages/airflow/example_dags/plugins/workday.py took 0.030 seconds
[2024-08-09T13:57:36.823-0400] {processor.py:161} INFO - Started process (PID=25092) to work on /Users/jakeliu/we-defend-truth-1/airflow_env/lib/python3.12/site-packages/airflow/example_dags/plugins/workday.py
[2024-08-09T13:57:36.823-0400] {processor.py:830} INFO - Processing file /Users/jakeliu/we-defend-truth-1/airflow_env/lib/python3.12/site-packages/airflow/example_dags/plugins/workday.py for tasks to queue
[2024-08-09T13:57:36.824-0400] {logging_mixin.py:188} INFO - [2024-08-09T13:57:36.824-0400] {dagbag.py:545} INFO - Filling up the DagBag from /Users/jakeliu/we-defend-truth-1/airflow_env/lib/python3.12/site-packages/airflow/example_dags/plugins/workday.py
[2024-08-09T13:57:36.824-0400] {logging_mixin.py:188} INFO - [2024-08-09T13:57:36.824-0400] {workday.py:41} WARNING - Could not import pandas. Holidays will not be considered.
[2024-08-09T13:57:36.825-0400] {processor.py:842} WARNING - No viable dags retrieved from /Users/jakeliu/we-defend-truth-1/airflow_env/lib/python3.12/site-packages/airflow/example_dags/plugins/workday.py
[2024-08-09T13:57:36.850-0400] {processor.py:183} INFO - Processing /Users/jakeliu/we-defend-truth-1/airflow_env/lib/python3.12/site-packages/airflow/example_dags/plugins/workday.py took 0.028 seconds
