[2024-08-09T13:04:54.942-0400] {processor.py:161} INFO - Started process (PID=20922) to work on /Users/jakeliu/we-defend-truth-1/airflow_env/lib/python3.12/site-packages/airflow/example_dags/example_datasets.py
[2024-08-09T13:04:54.942-0400] {processor.py:830} INFO - Processing file /Users/jakeliu/we-defend-truth-1/airflow_env/lib/python3.12/site-packages/airflow/example_dags/example_datasets.py for tasks to queue
[2024-08-09T13:04:54.942-0400] {logging_mixin.py:188} INFO - [2024-08-09T13:04:54.942-0400] {dagbag.py:545} INFO - Filling up the DagBag from /Users/jakeliu/we-defend-truth-1/airflow_env/lib/python3.12/site-packages/airflow/example_dags/example_datasets.py
[2024-08-09T13:04:54.963-0400] {processor.py:840} INFO - DAG(s) 'dataset_produces_2', 'dataset_consumes_1_never_scheduled', 'consume_1_or_both_2_and_3_with_dataset_expressions', 'dataset_produces_1', 'dataset_consumes_1', 'dataset_consumes_unknown_never_scheduled', 'consume_1_and_2_with_dataset_expressions', 'consume_1_or_2_with_dataset_expressions', 'conditional_dataset_and_time_based_timetable', 'dataset_consumes_1_and_2' retrieved from /Users/jakeliu/we-defend-truth-1/airflow_env/lib/python3.12/site-packages/airflow/example_dags/example_datasets.py
[2024-08-09T13:04:55.039-0400] {logging_mixin.py:188} INFO - [2024-08-09T13:04:55.038-0400] {dag.py:3089} INFO - Sync 10 DAGs
[2024-08-09T13:04:55.045-0400] {logging_mixin.py:188} INFO - [2024-08-09T13:04:55.045-0400] {dag.py:3947} INFO - Setting next_dagrun for conditional_dataset_and_time_based_timetable to 2024-08-07 01:00:00+00:00, run_after=2024-08-07 01:00:00+00:00
[2024-08-09T13:04:55.046-0400] {logging_mixin.py:188} INFO - [2024-08-09T13:04:55.046-0400] {dag.py:3947} INFO - Setting next_dagrun for consume_1_and_2_with_dataset_expressions to None, run_after=None
[2024-08-09T13:04:55.046-0400] {logging_mixin.py:188} INFO - [2024-08-09T13:04:55.046-0400] {dag.py:3947} INFO - Setting next_dagrun for consume_1_or_2_with_dataset_expressions to None, run_after=None
[2024-08-09T13:04:55.046-0400] {logging_mixin.py:188} INFO - [2024-08-09T13:04:55.046-0400] {dag.py:3947} INFO - Setting next_dagrun for consume_1_or_both_2_and_3_with_dataset_expressions to None, run_after=None
[2024-08-09T13:04:55.046-0400] {logging_mixin.py:188} INFO - [2024-08-09T13:04:55.046-0400] {dag.py:3947} INFO - Setting next_dagrun for dataset_consumes_1 to None, run_after=None
[2024-08-09T13:04:55.047-0400] {logging_mixin.py:188} INFO - [2024-08-09T13:04:55.047-0400] {dag.py:3947} INFO - Setting next_dagrun for dataset_consumes_1_and_2 to None, run_after=None
[2024-08-09T13:04:55.047-0400] {logging_mixin.py:188} INFO - [2024-08-09T13:04:55.047-0400] {dag.py:3947} INFO - Setting next_dagrun for dataset_consumes_1_never_scheduled to None, run_after=None
[2024-08-09T13:04:55.047-0400] {logging_mixin.py:188} INFO - [2024-08-09T13:04:55.047-0400] {dag.py:3947} INFO - Setting next_dagrun for dataset_consumes_unknown_never_scheduled to None, run_after=None
[2024-08-09T13:04:55.048-0400] {logging_mixin.py:188} INFO - [2024-08-09T13:04:55.048-0400] {dag.py:3947} INFO - Setting next_dagrun for dataset_produces_1 to 2024-08-08 00:00:00+00:00, run_after=2024-08-09 00:00:00+00:00
[2024-08-09T13:04:55.048-0400] {logging_mixin.py:188} INFO - [2024-08-09T13:04:55.048-0400] {dag.py:3947} INFO - Setting next_dagrun for dataset_produces_2 to None, run_after=None
[2024-08-09T13:04:55.058-0400] {processor.py:183} INFO - Processing /Users/jakeliu/we-defend-truth-1/airflow_env/lib/python3.12/site-packages/airflow/example_dags/example_datasets.py took 0.117 seconds
[2024-08-09T13:06:44.222-0400] {processor.py:161} INFO - Started process (PID=21053) to work on /Users/jakeliu/we-defend-truth-1/airflow_env/lib/python3.12/site-packages/airflow/example_dags/example_datasets.py
[2024-08-09T13:06:44.222-0400] {processor.py:830} INFO - Processing file /Users/jakeliu/we-defend-truth-1/airflow_env/lib/python3.12/site-packages/airflow/example_dags/example_datasets.py for tasks to queue
[2024-08-09T13:06:44.223-0400] {logging_mixin.py:188} INFO - [2024-08-09T13:06:44.223-0400] {dagbag.py:545} INFO - Filling up the DagBag from /Users/jakeliu/we-defend-truth-1/airflow_env/lib/python3.12/site-packages/airflow/example_dags/example_datasets.py
[2024-08-09T13:06:44.252-0400] {processor.py:840} INFO - DAG(s) 'conditional_dataset_and_time_based_timetable', 'dataset_consumes_1_never_scheduled', 'dataset_consumes_unknown_never_scheduled', 'consume_1_or_2_with_dataset_expressions', 'dataset_consumes_1', 'consume_1_or_both_2_and_3_with_dataset_expressions', 'dataset_produces_2', 'dataset_consumes_1_and_2', 'dataset_produces_1', 'consume_1_and_2_with_dataset_expressions' retrieved from /Users/jakeliu/we-defend-truth-1/airflow_env/lib/python3.12/site-packages/airflow/example_dags/example_datasets.py
[2024-08-09T13:06:44.291-0400] {logging_mixin.py:188} INFO - [2024-08-09T13:06:44.291-0400] {dag.py:3089} INFO - Sync 10 DAGs
[2024-08-09T13:06:44.298-0400] {logging_mixin.py:188} INFO - [2024-08-09T13:06:44.297-0400] {dag.py:3947} INFO - Setting next_dagrun for conditional_dataset_and_time_based_timetable to 2024-08-07 01:00:00+00:00, run_after=2024-08-07 01:00:00+00:00
[2024-08-09T13:06:44.299-0400] {logging_mixin.py:188} INFO - [2024-08-09T13:06:44.299-0400] {dag.py:3947} INFO - Setting next_dagrun for consume_1_and_2_with_dataset_expressions to None, run_after=None
[2024-08-09T13:06:44.299-0400] {logging_mixin.py:188} INFO - [2024-08-09T13:06:44.299-0400] {dag.py:3947} INFO - Setting next_dagrun for consume_1_or_2_with_dataset_expressions to None, run_after=None
[2024-08-09T13:06:44.299-0400] {logging_mixin.py:188} INFO - [2024-08-09T13:06:44.299-0400] {dag.py:3947} INFO - Setting next_dagrun for consume_1_or_both_2_and_3_with_dataset_expressions to None, run_after=None
[2024-08-09T13:06:44.300-0400] {logging_mixin.py:188} INFO - [2024-08-09T13:06:44.299-0400] {dag.py:3947} INFO - Setting next_dagrun for dataset_consumes_1 to None, run_after=None
[2024-08-09T13:06:44.300-0400] {logging_mixin.py:188} INFO - [2024-08-09T13:06:44.300-0400] {dag.py:3947} INFO - Setting next_dagrun for dataset_consumes_1_and_2 to None, run_after=None
[2024-08-09T13:06:44.300-0400] {logging_mixin.py:188} INFO - [2024-08-09T13:06:44.300-0400] {dag.py:3947} INFO - Setting next_dagrun for dataset_consumes_1_never_scheduled to None, run_after=None
[2024-08-09T13:06:44.300-0400] {logging_mixin.py:188} INFO - [2024-08-09T13:06:44.300-0400] {dag.py:3947} INFO - Setting next_dagrun for dataset_consumes_unknown_never_scheduled to None, run_after=None
[2024-08-09T13:06:44.301-0400] {logging_mixin.py:188} INFO - [2024-08-09T13:06:44.301-0400] {dag.py:3947} INFO - Setting next_dagrun for dataset_produces_1 to 2024-08-08 00:00:00+00:00, run_after=2024-08-09 00:00:00+00:00
[2024-08-09T13:06:44.301-0400] {logging_mixin.py:188} INFO - [2024-08-09T13:06:44.301-0400] {dag.py:3947} INFO - Setting next_dagrun for dataset_produces_2 to None, run_after=None
[2024-08-09T13:06:44.310-0400] {processor.py:183} INFO - Processing /Users/jakeliu/we-defend-truth-1/airflow_env/lib/python3.12/site-packages/airflow/example_dags/example_datasets.py took 0.090 seconds
[2024-08-09T13:08:27.403-0400] {processor.py:161} INFO - Started process (PID=21193) to work on /Users/jakeliu/we-defend-truth-1/airflow_env/lib/python3.12/site-packages/airflow/example_dags/example_datasets.py
[2024-08-09T13:08:27.404-0400] {processor.py:830} INFO - Processing file /Users/jakeliu/we-defend-truth-1/airflow_env/lib/python3.12/site-packages/airflow/example_dags/example_datasets.py for tasks to queue
[2024-08-09T13:08:27.404-0400] {logging_mixin.py:188} INFO - [2024-08-09T13:08:27.404-0400] {dagbag.py:545} INFO - Filling up the DagBag from /Users/jakeliu/we-defend-truth-1/airflow_env/lib/python3.12/site-packages/airflow/example_dags/example_datasets.py
[2024-08-09T13:08:27.425-0400] {processor.py:840} INFO - DAG(s) 'consume_1_and_2_with_dataset_expressions', 'consume_1_or_2_with_dataset_expressions', 'dataset_consumes_unknown_never_scheduled', 'conditional_dataset_and_time_based_timetable', 'dataset_produces_2', 'dataset_produces_1', 'dataset_consumes_1_never_scheduled', 'dataset_consumes_1', 'dataset_consumes_1_and_2', 'consume_1_or_both_2_and_3_with_dataset_expressions' retrieved from /Users/jakeliu/we-defend-truth-1/airflow_env/lib/python3.12/site-packages/airflow/example_dags/example_datasets.py
[2024-08-09T13:08:27.462-0400] {logging_mixin.py:188} INFO - [2024-08-09T13:08:27.462-0400] {dag.py:3089} INFO - Sync 10 DAGs
[2024-08-09T13:08:27.468-0400] {logging_mixin.py:188} INFO - [2024-08-09T13:08:27.468-0400] {dag.py:3947} INFO - Setting next_dagrun for conditional_dataset_and_time_based_timetable to 2024-08-07 01:00:00+00:00, run_after=2024-08-07 01:00:00+00:00
[2024-08-09T13:08:27.469-0400] {logging_mixin.py:188} INFO - [2024-08-09T13:08:27.469-0400] {dag.py:3947} INFO - Setting next_dagrun for consume_1_and_2_with_dataset_expressions to None, run_after=None
[2024-08-09T13:08:27.469-0400] {logging_mixin.py:188} INFO - [2024-08-09T13:08:27.469-0400] {dag.py:3947} INFO - Setting next_dagrun for consume_1_or_2_with_dataset_expressions to None, run_after=None
[2024-08-09T13:08:27.470-0400] {logging_mixin.py:188} INFO - [2024-08-09T13:08:27.470-0400] {dag.py:3947} INFO - Setting next_dagrun for consume_1_or_both_2_and_3_with_dataset_expressions to None, run_after=None
[2024-08-09T13:08:27.470-0400] {logging_mixin.py:188} INFO - [2024-08-09T13:08:27.470-0400] {dag.py:3947} INFO - Setting next_dagrun for dataset_consumes_1 to None, run_after=None
[2024-08-09T13:08:27.470-0400] {logging_mixin.py:188} INFO - [2024-08-09T13:08:27.470-0400] {dag.py:3947} INFO - Setting next_dagrun for dataset_consumes_1_and_2 to None, run_after=None
[2024-08-09T13:08:27.470-0400] {logging_mixin.py:188} INFO - [2024-08-09T13:08:27.470-0400] {dag.py:3947} INFO - Setting next_dagrun for dataset_consumes_1_never_scheduled to None, run_after=None
[2024-08-09T13:08:27.471-0400] {logging_mixin.py:188} INFO - [2024-08-09T13:08:27.471-0400] {dag.py:3947} INFO - Setting next_dagrun for dataset_consumes_unknown_never_scheduled to None, run_after=None
[2024-08-09T13:08:27.471-0400] {logging_mixin.py:188} INFO - [2024-08-09T13:08:27.471-0400] {dag.py:3947} INFO - Setting next_dagrun for dataset_produces_1 to 2024-08-08 00:00:00+00:00, run_after=2024-08-09 00:00:00+00:00
[2024-08-09T13:08:27.471-0400] {logging_mixin.py:188} INFO - [2024-08-09T13:08:27.471-0400] {dag.py:3947} INFO - Setting next_dagrun for dataset_produces_2 to None, run_after=None
[2024-08-09T13:08:27.480-0400] {processor.py:183} INFO - Processing /Users/jakeliu/we-defend-truth-1/airflow_env/lib/python3.12/site-packages/airflow/example_dags/example_datasets.py took 0.077 seconds
[2024-08-09T13:10:07.944-0400] {processor.py:161} INFO - Started process (PID=21307) to work on /Users/jakeliu/we-defend-truth-1/airflow_env/lib/python3.12/site-packages/airflow/example_dags/example_datasets.py
[2024-08-09T13:10:07.944-0400] {processor.py:830} INFO - Processing file /Users/jakeliu/we-defend-truth-1/airflow_env/lib/python3.12/site-packages/airflow/example_dags/example_datasets.py for tasks to queue
[2024-08-09T13:10:07.945-0400] {logging_mixin.py:188} INFO - [2024-08-09T13:10:07.945-0400] {dagbag.py:545} INFO - Filling up the DagBag from /Users/jakeliu/we-defend-truth-1/airflow_env/lib/python3.12/site-packages/airflow/example_dags/example_datasets.py
[2024-08-09T13:10:07.967-0400] {processor.py:840} INFO - DAG(s) 'consume_1_or_2_with_dataset_expressions', 'dataset_consumes_unknown_never_scheduled', 'consume_1_or_both_2_and_3_with_dataset_expressions', 'dataset_consumes_1', 'consume_1_and_2_with_dataset_expressions', 'conditional_dataset_and_time_based_timetable', 'dataset_consumes_1_never_scheduled', 'dataset_produces_1', 'dataset_consumes_1_and_2', 'dataset_produces_2' retrieved from /Users/jakeliu/we-defend-truth-1/airflow_env/lib/python3.12/site-packages/airflow/example_dags/example_datasets.py
[2024-08-09T13:10:08.012-0400] {logging_mixin.py:188} INFO - [2024-08-09T13:10:08.012-0400] {dag.py:3089} INFO - Sync 10 DAGs
[2024-08-09T13:10:08.021-0400] {logging_mixin.py:188} INFO - [2024-08-09T13:10:08.021-0400] {dag.py:3947} INFO - Setting next_dagrun for conditional_dataset_and_time_based_timetable to 2024-08-07 01:00:00+00:00, run_after=2024-08-07 01:00:00+00:00
[2024-08-09T13:10:08.023-0400] {logging_mixin.py:188} INFO - [2024-08-09T13:10:08.023-0400] {dag.py:3947} INFO - Setting next_dagrun for consume_1_and_2_with_dataset_expressions to None, run_after=None
[2024-08-09T13:10:08.023-0400] {logging_mixin.py:188} INFO - [2024-08-09T13:10:08.023-0400] {dag.py:3947} INFO - Setting next_dagrun for consume_1_or_2_with_dataset_expressions to None, run_after=None
[2024-08-09T13:10:08.023-0400] {logging_mixin.py:188} INFO - [2024-08-09T13:10:08.023-0400] {dag.py:3947} INFO - Setting next_dagrun for consume_1_or_both_2_and_3_with_dataset_expressions to None, run_after=None
[2024-08-09T13:10:08.024-0400] {logging_mixin.py:188} INFO - [2024-08-09T13:10:08.024-0400] {dag.py:3947} INFO - Setting next_dagrun for dataset_consumes_1 to None, run_after=None
[2024-08-09T13:10:08.024-0400] {logging_mixin.py:188} INFO - [2024-08-09T13:10:08.024-0400] {dag.py:3947} INFO - Setting next_dagrun for dataset_consumes_1_and_2 to None, run_after=None
[2024-08-09T13:10:08.024-0400] {logging_mixin.py:188} INFO - [2024-08-09T13:10:08.024-0400] {dag.py:3947} INFO - Setting next_dagrun for dataset_consumes_1_never_scheduled to None, run_after=None
[2024-08-09T13:10:08.025-0400] {logging_mixin.py:188} INFO - [2024-08-09T13:10:08.025-0400] {dag.py:3947} INFO - Setting next_dagrun for dataset_consumes_unknown_never_scheduled to None, run_after=None
[2024-08-09T13:10:08.025-0400] {logging_mixin.py:188} INFO - [2024-08-09T13:10:08.025-0400] {dag.py:3947} INFO - Setting next_dagrun for dataset_produces_1 to 2024-08-08 00:00:00+00:00, run_after=2024-08-09 00:00:00+00:00
[2024-08-09T13:10:08.026-0400] {logging_mixin.py:188} INFO - [2024-08-09T13:10:08.025-0400] {dag.py:3947} INFO - Setting next_dagrun for dataset_produces_2 to None, run_after=None
[2024-08-09T13:10:08.039-0400] {processor.py:183} INFO - Processing /Users/jakeliu/we-defend-truth-1/airflow_env/lib/python3.12/site-packages/airflow/example_dags/example_datasets.py took 0.096 seconds
[2024-08-09T13:11:53.851-0400] {processor.py:161} INFO - Started process (PID=21413) to work on /Users/jakeliu/we-defend-truth-1/airflow_env/lib/python3.12/site-packages/airflow/example_dags/example_datasets.py
[2024-08-09T13:11:53.851-0400] {processor.py:830} INFO - Processing file /Users/jakeliu/we-defend-truth-1/airflow_env/lib/python3.12/site-packages/airflow/example_dags/example_datasets.py for tasks to queue
[2024-08-09T13:11:53.852-0400] {logging_mixin.py:188} INFO - [2024-08-09T13:11:53.852-0400] {dagbag.py:545} INFO - Filling up the DagBag from /Users/jakeliu/we-defend-truth-1/airflow_env/lib/python3.12/site-packages/airflow/example_dags/example_datasets.py
[2024-08-09T13:11:53.872-0400] {processor.py:840} INFO - DAG(s) 'dataset_consumes_1_and_2', 'conditional_dataset_and_time_based_timetable', 'consume_1_or_2_with_dataset_expressions', 'consume_1_and_2_with_dataset_expressions', 'dataset_consumes_1_never_scheduled', 'dataset_produces_1', 'dataset_consumes_unknown_never_scheduled', 'dataset_produces_2', 'consume_1_or_both_2_and_3_with_dataset_expressions', 'dataset_consumes_1' retrieved from /Users/jakeliu/we-defend-truth-1/airflow_env/lib/python3.12/site-packages/airflow/example_dags/example_datasets.py
[2024-08-09T13:11:53.908-0400] {logging_mixin.py:188} INFO - [2024-08-09T13:11:53.908-0400] {dag.py:3089} INFO - Sync 10 DAGs
[2024-08-09T13:11:53.914-0400] {logging_mixin.py:188} INFO - [2024-08-09T13:11:53.914-0400] {dag.py:3947} INFO - Setting next_dagrun for conditional_dataset_and_time_based_timetable to 2024-08-07 01:00:00+00:00, run_after=2024-08-07 01:00:00+00:00
[2024-08-09T13:11:53.915-0400] {logging_mixin.py:188} INFO - [2024-08-09T13:11:53.915-0400] {dag.py:3947} INFO - Setting next_dagrun for consume_1_and_2_with_dataset_expressions to None, run_after=None
[2024-08-09T13:11:53.915-0400] {logging_mixin.py:188} INFO - [2024-08-09T13:11:53.915-0400] {dag.py:3947} INFO - Setting next_dagrun for consume_1_or_2_with_dataset_expressions to None, run_after=None
[2024-08-09T13:11:53.916-0400] {logging_mixin.py:188} INFO - [2024-08-09T13:11:53.915-0400] {dag.py:3947} INFO - Setting next_dagrun for consume_1_or_both_2_and_3_with_dataset_expressions to None, run_after=None
[2024-08-09T13:11:53.916-0400] {logging_mixin.py:188} INFO - [2024-08-09T13:11:53.916-0400] {dag.py:3947} INFO - Setting next_dagrun for dataset_consumes_1 to None, run_after=None
[2024-08-09T13:11:53.916-0400] {logging_mixin.py:188} INFO - [2024-08-09T13:11:53.916-0400] {dag.py:3947} INFO - Setting next_dagrun for dataset_consumes_1_and_2 to None, run_after=None
[2024-08-09T13:11:53.916-0400] {logging_mixin.py:188} INFO - [2024-08-09T13:11:53.916-0400] {dag.py:3947} INFO - Setting next_dagrun for dataset_consumes_1_never_scheduled to None, run_after=None
[2024-08-09T13:11:53.916-0400] {logging_mixin.py:188} INFO - [2024-08-09T13:11:53.916-0400] {dag.py:3947} INFO - Setting next_dagrun for dataset_consumes_unknown_never_scheduled to None, run_after=None
[2024-08-09T13:11:53.917-0400] {logging_mixin.py:188} INFO - [2024-08-09T13:11:53.917-0400] {dag.py:3947} INFO - Setting next_dagrun for dataset_produces_1 to 2024-08-08 00:00:00+00:00, run_after=2024-08-09 00:00:00+00:00
[2024-08-09T13:11:53.917-0400] {logging_mixin.py:188} INFO - [2024-08-09T13:11:53.917-0400] {dag.py:3947} INFO - Setting next_dagrun for dataset_produces_2 to None, run_after=None
[2024-08-09T13:11:53.926-0400] {processor.py:183} INFO - Processing /Users/jakeliu/we-defend-truth-1/airflow_env/lib/python3.12/site-packages/airflow/example_dags/example_datasets.py took 0.076 seconds
[2024-08-09T13:13:46.616-0400] {processor.py:161} INFO - Started process (PID=21511) to work on /Users/jakeliu/we-defend-truth-1/airflow_env/lib/python3.12/site-packages/airflow/example_dags/example_datasets.py
[2024-08-09T13:13:46.616-0400] {processor.py:830} INFO - Processing file /Users/jakeliu/we-defend-truth-1/airflow_env/lib/python3.12/site-packages/airflow/example_dags/example_datasets.py for tasks to queue
[2024-08-09T13:13:46.617-0400] {logging_mixin.py:188} INFO - [2024-08-09T13:13:46.617-0400] {dagbag.py:545} INFO - Filling up the DagBag from /Users/jakeliu/we-defend-truth-1/airflow_env/lib/python3.12/site-packages/airflow/example_dags/example_datasets.py
[2024-08-09T13:13:46.638-0400] {processor.py:840} INFO - DAG(s) 'consume_1_or_both_2_and_3_with_dataset_expressions', 'dataset_consumes_1_and_2', 'conditional_dataset_and_time_based_timetable', 'dataset_consumes_1_never_scheduled', 'consume_1_and_2_with_dataset_expressions', 'dataset_produces_1', 'consume_1_or_2_with_dataset_expressions', 'dataset_consumes_1', 'dataset_produces_2', 'dataset_consumes_unknown_never_scheduled' retrieved from /Users/jakeliu/we-defend-truth-1/airflow_env/lib/python3.12/site-packages/airflow/example_dags/example_datasets.py
[2024-08-09T13:13:46.674-0400] {logging_mixin.py:188} INFO - [2024-08-09T13:13:46.674-0400] {dag.py:3089} INFO - Sync 10 DAGs
[2024-08-09T13:13:46.680-0400] {logging_mixin.py:188} INFO - [2024-08-09T13:13:46.680-0400] {dag.py:3947} INFO - Setting next_dagrun for conditional_dataset_and_time_based_timetable to 2024-08-07 01:00:00+00:00, run_after=2024-08-07 01:00:00+00:00
[2024-08-09T13:13:46.681-0400] {logging_mixin.py:188} INFO - [2024-08-09T13:13:46.681-0400] {dag.py:3947} INFO - Setting next_dagrun for consume_1_and_2_with_dataset_expressions to None, run_after=None
[2024-08-09T13:13:46.681-0400] {logging_mixin.py:188} INFO - [2024-08-09T13:13:46.681-0400] {dag.py:3947} INFO - Setting next_dagrun for consume_1_or_2_with_dataset_expressions to None, run_after=None
[2024-08-09T13:13:46.681-0400] {logging_mixin.py:188} INFO - [2024-08-09T13:13:46.681-0400] {dag.py:3947} INFO - Setting next_dagrun for consume_1_or_both_2_and_3_with_dataset_expressions to None, run_after=None
[2024-08-09T13:13:46.682-0400] {logging_mixin.py:188} INFO - [2024-08-09T13:13:46.682-0400] {dag.py:3947} INFO - Setting next_dagrun for dataset_consumes_1 to None, run_after=None
[2024-08-09T13:13:46.682-0400] {logging_mixin.py:188} INFO - [2024-08-09T13:13:46.682-0400] {dag.py:3947} INFO - Setting next_dagrun for dataset_consumes_1_and_2 to None, run_after=None
[2024-08-09T13:13:46.682-0400] {logging_mixin.py:188} INFO - [2024-08-09T13:13:46.682-0400] {dag.py:3947} INFO - Setting next_dagrun for dataset_consumes_1_never_scheduled to None, run_after=None
[2024-08-09T13:13:46.682-0400] {logging_mixin.py:188} INFO - [2024-08-09T13:13:46.682-0400] {dag.py:3947} INFO - Setting next_dagrun for dataset_consumes_unknown_never_scheduled to None, run_after=None
[2024-08-09T13:13:46.683-0400] {logging_mixin.py:188} INFO - [2024-08-09T13:13:46.683-0400] {dag.py:3947} INFO - Setting next_dagrun for dataset_produces_1 to 2024-08-08 00:00:00+00:00, run_after=2024-08-09 00:00:00+00:00
[2024-08-09T13:13:46.683-0400] {logging_mixin.py:188} INFO - [2024-08-09T13:13:46.683-0400] {dag.py:3947} INFO - Setting next_dagrun for dataset_produces_2 to None, run_after=None
[2024-08-09T13:13:46.692-0400] {processor.py:183} INFO - Processing /Users/jakeliu/we-defend-truth-1/airflow_env/lib/python3.12/site-packages/airflow/example_dags/example_datasets.py took 0.077 seconds
[2024-08-09T13:15:43.888-0400] {processor.py:161} INFO - Started process (PID=21625) to work on /Users/jakeliu/we-defend-truth-1/airflow_env/lib/python3.12/site-packages/airflow/example_dags/example_datasets.py
[2024-08-09T13:15:43.888-0400] {processor.py:830} INFO - Processing file /Users/jakeliu/we-defend-truth-1/airflow_env/lib/python3.12/site-packages/airflow/example_dags/example_datasets.py for tasks to queue
[2024-08-09T13:15:43.889-0400] {logging_mixin.py:188} INFO - [2024-08-09T13:15:43.889-0400] {dagbag.py:545} INFO - Filling up the DagBag from /Users/jakeliu/we-defend-truth-1/airflow_env/lib/python3.12/site-packages/airflow/example_dags/example_datasets.py
[2024-08-09T13:15:43.910-0400] {processor.py:840} INFO - DAG(s) 'dataset_produces_2', 'consume_1_or_2_with_dataset_expressions', 'consume_1_or_both_2_and_3_with_dataset_expressions', 'dataset_consumes_1_and_2', 'dataset_produces_1', 'dataset_consumes_1_never_scheduled', 'conditional_dataset_and_time_based_timetable', 'consume_1_and_2_with_dataset_expressions', 'dataset_consumes_1', 'dataset_consumes_unknown_never_scheduled' retrieved from /Users/jakeliu/we-defend-truth-1/airflow_env/lib/python3.12/site-packages/airflow/example_dags/example_datasets.py
[2024-08-09T13:15:43.946-0400] {logging_mixin.py:188} INFO - [2024-08-09T13:15:43.946-0400] {dag.py:3089} INFO - Sync 10 DAGs
[2024-08-09T13:15:43.952-0400] {logging_mixin.py:188} INFO - [2024-08-09T13:15:43.952-0400] {dag.py:3947} INFO - Setting next_dagrun for conditional_dataset_and_time_based_timetable to 2024-08-07 01:00:00+00:00, run_after=2024-08-07 01:00:00+00:00
[2024-08-09T13:15:43.953-0400] {logging_mixin.py:188} INFO - [2024-08-09T13:15:43.953-0400] {dag.py:3947} INFO - Setting next_dagrun for consume_1_and_2_with_dataset_expressions to None, run_after=None
[2024-08-09T13:15:43.953-0400] {logging_mixin.py:188} INFO - [2024-08-09T13:15:43.953-0400] {dag.py:3947} INFO - Setting next_dagrun for consume_1_or_2_with_dataset_expressions to None, run_after=None
[2024-08-09T13:15:43.954-0400] {logging_mixin.py:188} INFO - [2024-08-09T13:15:43.954-0400] {dag.py:3947} INFO - Setting next_dagrun for consume_1_or_both_2_and_3_with_dataset_expressions to None, run_after=None
[2024-08-09T13:15:43.954-0400] {logging_mixin.py:188} INFO - [2024-08-09T13:15:43.954-0400] {dag.py:3947} INFO - Setting next_dagrun for dataset_consumes_1 to None, run_after=None
[2024-08-09T13:15:43.954-0400] {logging_mixin.py:188} INFO - [2024-08-09T13:15:43.954-0400] {dag.py:3947} INFO - Setting next_dagrun for dataset_consumes_1_and_2 to None, run_after=None
[2024-08-09T13:15:43.954-0400] {logging_mixin.py:188} INFO - [2024-08-09T13:15:43.954-0400] {dag.py:3947} INFO - Setting next_dagrun for dataset_consumes_1_never_scheduled to None, run_after=None
[2024-08-09T13:15:43.955-0400] {logging_mixin.py:188} INFO - [2024-08-09T13:15:43.955-0400] {dag.py:3947} INFO - Setting next_dagrun for dataset_consumes_unknown_never_scheduled to None, run_after=None
[2024-08-09T13:15:43.955-0400] {logging_mixin.py:188} INFO - [2024-08-09T13:15:43.955-0400] {dag.py:3947} INFO - Setting next_dagrun for dataset_produces_1 to 2024-08-08 00:00:00+00:00, run_after=2024-08-09 00:00:00+00:00
[2024-08-09T13:15:43.955-0400] {logging_mixin.py:188} INFO - [2024-08-09T13:15:43.955-0400] {dag.py:3947} INFO - Setting next_dagrun for dataset_produces_2 to None, run_after=None
[2024-08-09T13:15:43.964-0400] {processor.py:183} INFO - Processing /Users/jakeliu/we-defend-truth-1/airflow_env/lib/python3.12/site-packages/airflow/example_dags/example_datasets.py took 0.077 seconds
[2024-08-09T13:17:33.183-0400] {processor.py:161} INFO - Started process (PID=21793) to work on /Users/jakeliu/we-defend-truth-1/airflow_env/lib/python3.12/site-packages/airflow/example_dags/example_datasets.py
[2024-08-09T13:17:33.183-0400] {processor.py:830} INFO - Processing file /Users/jakeliu/we-defend-truth-1/airflow_env/lib/python3.12/site-packages/airflow/example_dags/example_datasets.py for tasks to queue
[2024-08-09T13:17:33.184-0400] {logging_mixin.py:188} INFO - [2024-08-09T13:17:33.184-0400] {dagbag.py:545} INFO - Filling up the DagBag from /Users/jakeliu/we-defend-truth-1/airflow_env/lib/python3.12/site-packages/airflow/example_dags/example_datasets.py
[2024-08-09T13:17:33.205-0400] {processor.py:840} INFO - DAG(s) 'consume_1_and_2_with_dataset_expressions', 'dataset_consumes_unknown_never_scheduled', 'dataset_produces_2', 'dataset_consumes_1_and_2', 'consume_1_or_both_2_and_3_with_dataset_expressions', 'consume_1_or_2_with_dataset_expressions', 'conditional_dataset_and_time_based_timetable', 'dataset_consumes_1', 'dataset_produces_1', 'dataset_consumes_1_never_scheduled' retrieved from /Users/jakeliu/we-defend-truth-1/airflow_env/lib/python3.12/site-packages/airflow/example_dags/example_datasets.py
[2024-08-09T13:17:33.242-0400] {logging_mixin.py:188} INFO - [2024-08-09T13:17:33.242-0400] {dag.py:3089} INFO - Sync 10 DAGs
[2024-08-09T13:17:33.248-0400] {logging_mixin.py:188} INFO - [2024-08-09T13:17:33.248-0400] {dag.py:3947} INFO - Setting next_dagrun for conditional_dataset_and_time_based_timetable to 2024-08-07 01:00:00+00:00, run_after=2024-08-07 01:00:00+00:00
[2024-08-09T13:17:33.249-0400] {logging_mixin.py:188} INFO - [2024-08-09T13:17:33.249-0400] {dag.py:3947} INFO - Setting next_dagrun for consume_1_and_2_with_dataset_expressions to None, run_after=None
[2024-08-09T13:17:33.250-0400] {logging_mixin.py:188} INFO - [2024-08-09T13:17:33.250-0400] {dag.py:3947} INFO - Setting next_dagrun for consume_1_or_2_with_dataset_expressions to None, run_after=None
[2024-08-09T13:17:33.250-0400] {logging_mixin.py:188} INFO - [2024-08-09T13:17:33.250-0400] {dag.py:3947} INFO - Setting next_dagrun for consume_1_or_both_2_and_3_with_dataset_expressions to None, run_after=None
[2024-08-09T13:17:33.250-0400] {logging_mixin.py:188} INFO - [2024-08-09T13:17:33.250-0400] {dag.py:3947} INFO - Setting next_dagrun for dataset_consumes_1 to None, run_after=None
[2024-08-09T13:17:33.250-0400] {logging_mixin.py:188} INFO - [2024-08-09T13:17:33.250-0400] {dag.py:3947} INFO - Setting next_dagrun for dataset_consumes_1_and_2 to None, run_after=None
[2024-08-09T13:17:33.251-0400] {logging_mixin.py:188} INFO - [2024-08-09T13:17:33.251-0400] {dag.py:3947} INFO - Setting next_dagrun for dataset_consumes_1_never_scheduled to None, run_after=None
[2024-08-09T13:17:33.251-0400] {logging_mixin.py:188} INFO - [2024-08-09T13:17:33.251-0400] {dag.py:3947} INFO - Setting next_dagrun for dataset_consumes_unknown_never_scheduled to None, run_after=None
[2024-08-09T13:17:33.251-0400] {logging_mixin.py:188} INFO - [2024-08-09T13:17:33.251-0400] {dag.py:3947} INFO - Setting next_dagrun for dataset_produces_1 to 2024-08-08 00:00:00+00:00, run_after=2024-08-09 00:00:00+00:00
[2024-08-09T13:17:33.252-0400] {logging_mixin.py:188} INFO - [2024-08-09T13:17:33.252-0400] {dag.py:3947} INFO - Setting next_dagrun for dataset_produces_2 to None, run_after=None
[2024-08-09T13:17:33.260-0400] {processor.py:183} INFO - Processing /Users/jakeliu/we-defend-truth-1/airflow_env/lib/python3.12/site-packages/airflow/example_dags/example_datasets.py took 0.079 seconds
[2024-08-09T13:19:15.256-0400] {processor.py:161} INFO - Started process (PID=21895) to work on /Users/jakeliu/we-defend-truth-1/airflow_env/lib/python3.12/site-packages/airflow/example_dags/example_datasets.py
[2024-08-09T13:19:15.257-0400] {processor.py:830} INFO - Processing file /Users/jakeliu/we-defend-truth-1/airflow_env/lib/python3.12/site-packages/airflow/example_dags/example_datasets.py for tasks to queue
[2024-08-09T13:19:15.257-0400] {logging_mixin.py:188} INFO - [2024-08-09T13:19:15.257-0400] {dagbag.py:545} INFO - Filling up the DagBag from /Users/jakeliu/we-defend-truth-1/airflow_env/lib/python3.12/site-packages/airflow/example_dags/example_datasets.py
[2024-08-09T13:19:15.278-0400] {processor.py:840} INFO - DAG(s) 'dataset_consumes_1_and_2', 'dataset_produces_1', 'consume_1_or_both_2_and_3_with_dataset_expressions', 'conditional_dataset_and_time_based_timetable', 'consume_1_and_2_with_dataset_expressions', 'dataset_consumes_1_never_scheduled', 'dataset_consumes_1', 'dataset_consumes_unknown_never_scheduled', 'consume_1_or_2_with_dataset_expressions', 'dataset_produces_2' retrieved from /Users/jakeliu/we-defend-truth-1/airflow_env/lib/python3.12/site-packages/airflow/example_dags/example_datasets.py
[2024-08-09T13:19:15.316-0400] {logging_mixin.py:188} INFO - [2024-08-09T13:19:15.316-0400] {dag.py:3089} INFO - Sync 10 DAGs
[2024-08-09T13:19:15.323-0400] {logging_mixin.py:188} INFO - [2024-08-09T13:19:15.323-0400] {dag.py:3947} INFO - Setting next_dagrun for conditional_dataset_and_time_based_timetable to 2024-08-07 01:00:00+00:00, run_after=2024-08-07 01:00:00+00:00
[2024-08-09T13:19:15.324-0400] {logging_mixin.py:188} INFO - [2024-08-09T13:19:15.324-0400] {dag.py:3947} INFO - Setting next_dagrun for consume_1_and_2_with_dataset_expressions to None, run_after=None
[2024-08-09T13:19:15.324-0400] {logging_mixin.py:188} INFO - [2024-08-09T13:19:15.324-0400] {dag.py:3947} INFO - Setting next_dagrun for consume_1_or_2_with_dataset_expressions to None, run_after=None
[2024-08-09T13:19:15.324-0400] {logging_mixin.py:188} INFO - [2024-08-09T13:19:15.324-0400] {dag.py:3947} INFO - Setting next_dagrun for consume_1_or_both_2_and_3_with_dataset_expressions to None, run_after=None
[2024-08-09T13:19:15.324-0400] {logging_mixin.py:188} INFO - [2024-08-09T13:19:15.324-0400] {dag.py:3947} INFO - Setting next_dagrun for dataset_consumes_1 to None, run_after=None
[2024-08-09T13:19:15.325-0400] {logging_mixin.py:188} INFO - [2024-08-09T13:19:15.325-0400] {dag.py:3947} INFO - Setting next_dagrun for dataset_consumes_1_and_2 to None, run_after=None
[2024-08-09T13:19:15.325-0400] {logging_mixin.py:188} INFO - [2024-08-09T13:19:15.325-0400] {dag.py:3947} INFO - Setting next_dagrun for dataset_consumes_1_never_scheduled to None, run_after=None
[2024-08-09T13:19:15.325-0400] {logging_mixin.py:188} INFO - [2024-08-09T13:19:15.325-0400] {dag.py:3947} INFO - Setting next_dagrun for dataset_consumes_unknown_never_scheduled to None, run_after=None
[2024-08-09T13:19:15.326-0400] {logging_mixin.py:188} INFO - [2024-08-09T13:19:15.326-0400] {dag.py:3947} INFO - Setting next_dagrun for dataset_produces_1 to 2024-08-08 00:00:00+00:00, run_after=2024-08-09 00:00:00+00:00
[2024-08-09T13:19:15.326-0400] {logging_mixin.py:188} INFO - [2024-08-09T13:19:15.326-0400] {dag.py:3947} INFO - Setting next_dagrun for dataset_produces_2 to None, run_after=None
[2024-08-09T13:19:15.335-0400] {processor.py:183} INFO - Processing /Users/jakeliu/we-defend-truth-1/airflow_env/lib/python3.12/site-packages/airflow/example_dags/example_datasets.py took 0.079 seconds
[2024-08-09T13:20:57.083-0400] {processor.py:161} INFO - Started process (PID=22555) to work on /Users/jakeliu/we-defend-truth-1/airflow_env/lib/python3.12/site-packages/airflow/example_dags/example_datasets.py
[2024-08-09T13:20:57.084-0400] {processor.py:830} INFO - Processing file /Users/jakeliu/we-defend-truth-1/airflow_env/lib/python3.12/site-packages/airflow/example_dags/example_datasets.py for tasks to queue
[2024-08-09T13:20:57.084-0400] {logging_mixin.py:188} INFO - [2024-08-09T13:20:57.084-0400] {dagbag.py:545} INFO - Filling up the DagBag from /Users/jakeliu/we-defend-truth-1/airflow_env/lib/python3.12/site-packages/airflow/example_dags/example_datasets.py
[2024-08-09T13:20:57.105-0400] {processor.py:840} INFO - DAG(s) 'conditional_dataset_and_time_based_timetable', 'dataset_consumes_1_and_2', 'consume_1_and_2_with_dataset_expressions', 'dataset_consumes_1_never_scheduled', 'consume_1_or_both_2_and_3_with_dataset_expressions', 'dataset_consumes_1', 'dataset_produces_2', 'consume_1_or_2_with_dataset_expressions', 'dataset_consumes_unknown_never_scheduled', 'dataset_produces_1' retrieved from /Users/jakeliu/we-defend-truth-1/airflow_env/lib/python3.12/site-packages/airflow/example_dags/example_datasets.py
[2024-08-09T13:20:57.145-0400] {logging_mixin.py:188} INFO - [2024-08-09T13:20:57.145-0400] {dag.py:3089} INFO - Sync 10 DAGs
[2024-08-09T13:20:57.152-0400] {logging_mixin.py:188} INFO - [2024-08-09T13:20:57.152-0400] {dag.py:3947} INFO - Setting next_dagrun for conditional_dataset_and_time_based_timetable to 2024-08-07 01:00:00+00:00, run_after=2024-08-07 01:00:00+00:00
[2024-08-09T13:20:57.153-0400] {logging_mixin.py:188} INFO - [2024-08-09T13:20:57.153-0400] {dag.py:3947} INFO - Setting next_dagrun for consume_1_and_2_with_dataset_expressions to None, run_after=None
[2024-08-09T13:20:57.154-0400] {logging_mixin.py:188} INFO - [2024-08-09T13:20:57.154-0400] {dag.py:3947} INFO - Setting next_dagrun for consume_1_or_2_with_dataset_expressions to None, run_after=None
[2024-08-09T13:20:57.154-0400] {logging_mixin.py:188} INFO - [2024-08-09T13:20:57.154-0400] {dag.py:3947} INFO - Setting next_dagrun for consume_1_or_both_2_and_3_with_dataset_expressions to None, run_after=None
[2024-08-09T13:20:57.154-0400] {logging_mixin.py:188} INFO - [2024-08-09T13:20:57.154-0400] {dag.py:3947} INFO - Setting next_dagrun for dataset_consumes_1 to None, run_after=None
[2024-08-09T13:20:57.155-0400] {logging_mixin.py:188} INFO - [2024-08-09T13:20:57.155-0400] {dag.py:3947} INFO - Setting next_dagrun for dataset_consumes_1_and_2 to None, run_after=None
[2024-08-09T13:20:57.155-0400] {logging_mixin.py:188} INFO - [2024-08-09T13:20:57.155-0400] {dag.py:3947} INFO - Setting next_dagrun for dataset_consumes_1_never_scheduled to None, run_after=None
[2024-08-09T13:20:57.155-0400] {logging_mixin.py:188} INFO - [2024-08-09T13:20:57.155-0400] {dag.py:3947} INFO - Setting next_dagrun for dataset_consumes_unknown_never_scheduled to None, run_after=None
[2024-08-09T13:20:57.156-0400] {logging_mixin.py:188} INFO - [2024-08-09T13:20:57.156-0400] {dag.py:3947} INFO - Setting next_dagrun for dataset_produces_1 to 2024-08-08 00:00:00+00:00, run_after=2024-08-09 00:00:00+00:00
[2024-08-09T13:20:57.156-0400] {logging_mixin.py:188} INFO - [2024-08-09T13:20:57.156-0400] {dag.py:3947} INFO - Setting next_dagrun for dataset_produces_2 to None, run_after=None
[2024-08-09T13:20:57.165-0400] {processor.py:183} INFO - Processing /Users/jakeliu/we-defend-truth-1/airflow_env/lib/python3.12/site-packages/airflow/example_dags/example_datasets.py took 0.083 seconds
[2024-08-09T13:22:40.690-0400] {processor.py:161} INFO - Started process (PID=22665) to work on /Users/jakeliu/we-defend-truth-1/airflow_env/lib/python3.12/site-packages/airflow/example_dags/example_datasets.py
[2024-08-09T13:22:40.690-0400] {processor.py:830} INFO - Processing file /Users/jakeliu/we-defend-truth-1/airflow_env/lib/python3.12/site-packages/airflow/example_dags/example_datasets.py for tasks to queue
[2024-08-09T13:22:40.691-0400] {logging_mixin.py:188} INFO - [2024-08-09T13:22:40.691-0400] {dagbag.py:545} INFO - Filling up the DagBag from /Users/jakeliu/we-defend-truth-1/airflow_env/lib/python3.12/site-packages/airflow/example_dags/example_datasets.py
[2024-08-09T13:22:40.712-0400] {processor.py:840} INFO - DAG(s) 'dataset_consumes_1_never_scheduled', 'dataset_produces_2', 'consume_1_and_2_with_dataset_expressions', 'dataset_consumes_unknown_never_scheduled', 'consume_1_or_both_2_and_3_with_dataset_expressions', 'conditional_dataset_and_time_based_timetable', 'dataset_consumes_1_and_2', 'dataset_consumes_1', 'dataset_produces_1', 'consume_1_or_2_with_dataset_expressions' retrieved from /Users/jakeliu/we-defend-truth-1/airflow_env/lib/python3.12/site-packages/airflow/example_dags/example_datasets.py
[2024-08-09T13:22:40.750-0400] {logging_mixin.py:188} INFO - [2024-08-09T13:22:40.749-0400] {dag.py:3089} INFO - Sync 10 DAGs
[2024-08-09T13:22:40.756-0400] {logging_mixin.py:188} INFO - [2024-08-09T13:22:40.756-0400] {dag.py:3947} INFO - Setting next_dagrun for conditional_dataset_and_time_based_timetable to 2024-08-07 01:00:00+00:00, run_after=2024-08-07 01:00:00+00:00
[2024-08-09T13:22:40.757-0400] {logging_mixin.py:188} INFO - [2024-08-09T13:22:40.757-0400] {dag.py:3947} INFO - Setting next_dagrun for consume_1_and_2_with_dataset_expressions to None, run_after=None
[2024-08-09T13:22:40.757-0400] {logging_mixin.py:188} INFO - [2024-08-09T13:22:40.757-0400] {dag.py:3947} INFO - Setting next_dagrun for consume_1_or_2_with_dataset_expressions to None, run_after=None
[2024-08-09T13:22:40.757-0400] {logging_mixin.py:188} INFO - [2024-08-09T13:22:40.757-0400] {dag.py:3947} INFO - Setting next_dagrun for consume_1_or_both_2_and_3_with_dataset_expressions to None, run_after=None
[2024-08-09T13:22:40.757-0400] {logging_mixin.py:188} INFO - [2024-08-09T13:22:40.757-0400] {dag.py:3947} INFO - Setting next_dagrun for dataset_consumes_1 to None, run_after=None
[2024-08-09T13:22:40.758-0400] {logging_mixin.py:188} INFO - [2024-08-09T13:22:40.758-0400] {dag.py:3947} INFO - Setting next_dagrun for dataset_consumes_1_and_2 to None, run_after=None
[2024-08-09T13:22:40.758-0400] {logging_mixin.py:188} INFO - [2024-08-09T13:22:40.758-0400] {dag.py:3947} INFO - Setting next_dagrun for dataset_consumes_1_never_scheduled to None, run_after=None
[2024-08-09T13:22:40.758-0400] {logging_mixin.py:188} INFO - [2024-08-09T13:22:40.758-0400] {dag.py:3947} INFO - Setting next_dagrun for dataset_consumes_unknown_never_scheduled to None, run_after=None
[2024-08-09T13:22:40.759-0400] {logging_mixin.py:188} INFO - [2024-08-09T13:22:40.759-0400] {dag.py:3947} INFO - Setting next_dagrun for dataset_produces_1 to 2024-08-08 00:00:00+00:00, run_after=2024-08-09 00:00:00+00:00
[2024-08-09T13:22:40.759-0400] {logging_mixin.py:188} INFO - [2024-08-09T13:22:40.759-0400] {dag.py:3947} INFO - Setting next_dagrun for dataset_produces_2 to None, run_after=None
[2024-08-09T13:22:40.767-0400] {processor.py:183} INFO - Processing /Users/jakeliu/we-defend-truth-1/airflow_env/lib/python3.12/site-packages/airflow/example_dags/example_datasets.py took 0.079 seconds
[2024-08-09T13:24:22.041-0400] {processor.py:161} INFO - Started process (PID=22762) to work on /Users/jakeliu/we-defend-truth-1/airflow_env/lib/python3.12/site-packages/airflow/example_dags/example_datasets.py
[2024-08-09T13:24:22.042-0400] {processor.py:830} INFO - Processing file /Users/jakeliu/we-defend-truth-1/airflow_env/lib/python3.12/site-packages/airflow/example_dags/example_datasets.py for tasks to queue
[2024-08-09T13:24:22.042-0400] {logging_mixin.py:188} INFO - [2024-08-09T13:24:22.042-0400] {dagbag.py:545} INFO - Filling up the DagBag from /Users/jakeliu/we-defend-truth-1/airflow_env/lib/python3.12/site-packages/airflow/example_dags/example_datasets.py
[2024-08-09T13:24:22.067-0400] {processor.py:840} INFO - DAG(s) 'dataset_consumes_1_never_scheduled', 'dataset_consumes_1', 'dataset_produces_1', 'dataset_produces_2', 'consume_1_or_both_2_and_3_with_dataset_expressions', 'dataset_consumes_unknown_never_scheduled', 'conditional_dataset_and_time_based_timetable', 'consume_1_and_2_with_dataset_expressions', 'consume_1_or_2_with_dataset_expressions', 'dataset_consumes_1_and_2' retrieved from /Users/jakeliu/we-defend-truth-1/airflow_env/lib/python3.12/site-packages/airflow/example_dags/example_datasets.py
[2024-08-09T13:24:22.105-0400] {logging_mixin.py:188} INFO - [2024-08-09T13:24:22.105-0400] {dag.py:3089} INFO - Sync 10 DAGs
[2024-08-09T13:24:22.111-0400] {logging_mixin.py:188} INFO - [2024-08-09T13:24:22.111-0400] {dag.py:3947} INFO - Setting next_dagrun for conditional_dataset_and_time_based_timetable to 2024-08-07 01:00:00+00:00, run_after=2024-08-07 01:00:00+00:00
[2024-08-09T13:24:22.112-0400] {logging_mixin.py:188} INFO - [2024-08-09T13:24:22.112-0400] {dag.py:3947} INFO - Setting next_dagrun for consume_1_and_2_with_dataset_expressions to None, run_after=None
[2024-08-09T13:24:22.112-0400] {logging_mixin.py:188} INFO - [2024-08-09T13:24:22.112-0400] {dag.py:3947} INFO - Setting next_dagrun for consume_1_or_2_with_dataset_expressions to None, run_after=None
[2024-08-09T13:24:22.112-0400] {logging_mixin.py:188} INFO - [2024-08-09T13:24:22.112-0400] {dag.py:3947} INFO - Setting next_dagrun for consume_1_or_both_2_and_3_with_dataset_expressions to None, run_after=None
[2024-08-09T13:24:22.113-0400] {logging_mixin.py:188} INFO - [2024-08-09T13:24:22.113-0400] {dag.py:3947} INFO - Setting next_dagrun for dataset_consumes_1 to None, run_after=None
[2024-08-09T13:24:22.113-0400] {logging_mixin.py:188} INFO - [2024-08-09T13:24:22.113-0400] {dag.py:3947} INFO - Setting next_dagrun for dataset_consumes_1_and_2 to None, run_after=None
[2024-08-09T13:24:22.113-0400] {logging_mixin.py:188} INFO - [2024-08-09T13:24:22.113-0400] {dag.py:3947} INFO - Setting next_dagrun for dataset_consumes_1_never_scheduled to None, run_after=None
[2024-08-09T13:24:22.113-0400] {logging_mixin.py:188} INFO - [2024-08-09T13:24:22.113-0400] {dag.py:3947} INFO - Setting next_dagrun for dataset_consumes_unknown_never_scheduled to None, run_after=None
[2024-08-09T13:24:22.114-0400] {logging_mixin.py:188} INFO - [2024-08-09T13:24:22.114-0400] {dag.py:3947} INFO - Setting next_dagrun for dataset_produces_1 to 2024-08-08 00:00:00+00:00, run_after=2024-08-09 00:00:00+00:00
[2024-08-09T13:24:22.114-0400] {logging_mixin.py:188} INFO - [2024-08-09T13:24:22.114-0400] {dag.py:3947} INFO - Setting next_dagrun for dataset_produces_2 to None, run_after=None
[2024-08-09T13:24:22.122-0400] {processor.py:183} INFO - Processing /Users/jakeliu/we-defend-truth-1/airflow_env/lib/python3.12/site-packages/airflow/example_dags/example_datasets.py took 0.082 seconds
[2024-08-09T13:26:17.901-0400] {processor.py:161} INFO - Started process (PID=22901) to work on /Users/jakeliu/we-defend-truth-1/airflow_env/lib/python3.12/site-packages/airflow/example_dags/example_datasets.py
[2024-08-09T13:26:17.902-0400] {processor.py:830} INFO - Processing file /Users/jakeliu/we-defend-truth-1/airflow_env/lib/python3.12/site-packages/airflow/example_dags/example_datasets.py for tasks to queue
[2024-08-09T13:26:17.902-0400] {logging_mixin.py:188} INFO - [2024-08-09T13:26:17.902-0400] {dagbag.py:545} INFO - Filling up the DagBag from /Users/jakeliu/we-defend-truth-1/airflow_env/lib/python3.12/site-packages/airflow/example_dags/example_datasets.py
[2024-08-09T13:26:17.923-0400] {processor.py:840} INFO - DAG(s) 'dataset_produces_2', 'dataset_consumes_1_and_2', 'consume_1_and_2_with_dataset_expressions', 'consume_1_or_2_with_dataset_expressions', 'dataset_consumes_unknown_never_scheduled', 'consume_1_or_both_2_and_3_with_dataset_expressions', 'conditional_dataset_and_time_based_timetable', 'dataset_consumes_1_never_scheduled', 'dataset_consumes_1', 'dataset_produces_1' retrieved from /Users/jakeliu/we-defend-truth-1/airflow_env/lib/python3.12/site-packages/airflow/example_dags/example_datasets.py
[2024-08-09T13:26:17.960-0400] {logging_mixin.py:188} INFO - [2024-08-09T13:26:17.960-0400] {dag.py:3089} INFO - Sync 10 DAGs
[2024-08-09T13:26:17.966-0400] {logging_mixin.py:188} INFO - [2024-08-09T13:26:17.966-0400] {dag.py:3947} INFO - Setting next_dagrun for conditional_dataset_and_time_based_timetable to 2024-08-07 01:00:00+00:00, run_after=2024-08-07 01:00:00+00:00
[2024-08-09T13:26:17.967-0400] {logging_mixin.py:188} INFO - [2024-08-09T13:26:17.967-0400] {dag.py:3947} INFO - Setting next_dagrun for consume_1_and_2_with_dataset_expressions to None, run_after=None
[2024-08-09T13:26:17.967-0400] {logging_mixin.py:188} INFO - [2024-08-09T13:26:17.967-0400] {dag.py:3947} INFO - Setting next_dagrun for consume_1_or_2_with_dataset_expressions to None, run_after=None
[2024-08-09T13:26:17.967-0400] {logging_mixin.py:188} INFO - [2024-08-09T13:26:17.967-0400] {dag.py:3947} INFO - Setting next_dagrun for consume_1_or_both_2_and_3_with_dataset_expressions to None, run_after=None
[2024-08-09T13:26:17.968-0400] {logging_mixin.py:188} INFO - [2024-08-09T13:26:17.967-0400] {dag.py:3947} INFO - Setting next_dagrun for dataset_consumes_1 to None, run_after=None
[2024-08-09T13:26:17.968-0400] {logging_mixin.py:188} INFO - [2024-08-09T13:26:17.968-0400] {dag.py:3947} INFO - Setting next_dagrun for dataset_consumes_1_and_2 to None, run_after=None
[2024-08-09T13:26:17.968-0400] {logging_mixin.py:188} INFO - [2024-08-09T13:26:17.968-0400] {dag.py:3947} INFO - Setting next_dagrun for dataset_consumes_1_never_scheduled to None, run_after=None
[2024-08-09T13:26:17.968-0400] {logging_mixin.py:188} INFO - [2024-08-09T13:26:17.968-0400] {dag.py:3947} INFO - Setting next_dagrun for dataset_consumes_unknown_never_scheduled to None, run_after=None
[2024-08-09T13:26:17.969-0400] {logging_mixin.py:188} INFO - [2024-08-09T13:26:17.969-0400] {dag.py:3947} INFO - Setting next_dagrun for dataset_produces_1 to 2024-08-08 00:00:00+00:00, run_after=2024-08-09 00:00:00+00:00
[2024-08-09T13:26:17.969-0400] {logging_mixin.py:188} INFO - [2024-08-09T13:26:17.969-0400] {dag.py:3947} INFO - Setting next_dagrun for dataset_produces_2 to None, run_after=None
[2024-08-09T13:26:17.977-0400] {processor.py:183} INFO - Processing /Users/jakeliu/we-defend-truth-1/airflow_env/lib/python3.12/site-packages/airflow/example_dags/example_datasets.py took 0.077 seconds
