[2024-08-09T13:04:05.075-0400] {processor.py:161} INFO - Started process (PID=20891) to work on /Users/jakeliu/we-defend-truth-1/airflow_env/lib/python3.12/site-packages/airflow/example_dags/example_xcomargs.py
[2024-08-09T13:04:05.075-0400] {processor.py:830} INFO - Processing file /Users/jakeliu/we-defend-truth-1/airflow_env/lib/python3.12/site-packages/airflow/example_dags/example_xcomargs.py for tasks to queue
[2024-08-09T13:04:05.075-0400] {logging_mixin.py:188} INFO - [2024-08-09T13:04:05.075-0400] {dagbag.py:545} INFO - Filling up the DagBag from /Users/jakeliu/we-defend-truth-1/airflow_env/lib/python3.12/site-packages/airflow/example_dags/example_xcomargs.py
[2024-08-09T13:04:05.090-0400] {processor.py:840} INFO - DAG(s) 'example_xcom_args', 'example_xcom_args_with_operators' retrieved from /Users/jakeliu/we-defend-truth-1/airflow_env/lib/python3.12/site-packages/airflow/example_dags/example_xcomargs.py
[2024-08-09T13:04:05.148-0400] {logging_mixin.py:188} INFO - [2024-08-09T13:04:05.147-0400] {dag.py:3089} INFO - Sync 2 DAGs
[2024-08-09T13:04:05.151-0400] {logging_mixin.py:188} INFO - [2024-08-09T13:04:05.151-0400] {dag.py:3947} INFO - Setting next_dagrun for example_xcom_args to None, run_after=None
[2024-08-09T13:04:05.151-0400] {logging_mixin.py:188} INFO - [2024-08-09T13:04:05.151-0400] {dag.py:3947} INFO - Setting next_dagrun for example_xcom_args_with_operators to None, run_after=None
[2024-08-09T13:04:05.157-0400] {processor.py:183} INFO - Processing /Users/jakeliu/we-defend-truth-1/airflow_env/lib/python3.12/site-packages/airflow/example_dags/example_xcomargs.py took 0.084 seconds
[2024-08-09T13:05:31.373-0400] {processor.py:161} INFO - Started process (PID=20961) to work on /Users/jakeliu/we-defend-truth-1/airflow_env/lib/python3.12/site-packages/airflow/example_dags/example_xcomargs.py
[2024-08-09T13:05:31.374-0400] {processor.py:830} INFO - Processing file /Users/jakeliu/we-defend-truth-1/airflow_env/lib/python3.12/site-packages/airflow/example_dags/example_xcomargs.py for tasks to queue
[2024-08-09T13:05:31.375-0400] {logging_mixin.py:188} INFO - [2024-08-09T13:05:31.374-0400] {dagbag.py:545} INFO - Filling up the DagBag from /Users/jakeliu/we-defend-truth-1/airflow_env/lib/python3.12/site-packages/airflow/example_dags/example_xcomargs.py
[2024-08-09T13:05:31.389-0400] {processor.py:840} INFO - DAG(s) 'example_xcom_args_with_operators', 'example_xcom_args' retrieved from /Users/jakeliu/we-defend-truth-1/airflow_env/lib/python3.12/site-packages/airflow/example_dags/example_xcomargs.py
[2024-08-09T13:05:31.420-0400] {logging_mixin.py:188} INFO - [2024-08-09T13:05:31.420-0400] {dag.py:3089} INFO - Sync 2 DAGs
[2024-08-09T13:05:31.423-0400] {logging_mixin.py:188} INFO - [2024-08-09T13:05:31.423-0400] {dag.py:3947} INFO - Setting next_dagrun for example_xcom_args to None, run_after=None
[2024-08-09T13:05:31.424-0400] {logging_mixin.py:188} INFO - [2024-08-09T13:05:31.424-0400] {dag.py:3947} INFO - Setting next_dagrun for example_xcom_args_with_operators to None, run_after=None
[2024-08-09T13:05:31.430-0400] {processor.py:183} INFO - Processing /Users/jakeliu/we-defend-truth-1/airflow_env/lib/python3.12/site-packages/airflow/example_dags/example_xcomargs.py took 0.058 seconds
[2024-08-09T13:06:25.336-0400] {processor.py:161} INFO - Started process (PID=21028) to work on /Users/jakeliu/we-defend-truth-1/airflow_env/lib/python3.12/site-packages/airflow/example_dags/example_xcomargs.py
[2024-08-09T13:06:25.337-0400] {processor.py:830} INFO - Processing file /Users/jakeliu/we-defend-truth-1/airflow_env/lib/python3.12/site-packages/airflow/example_dags/example_xcomargs.py for tasks to queue
[2024-08-09T13:06:25.337-0400] {logging_mixin.py:188} INFO - [2024-08-09T13:06:25.337-0400] {dagbag.py:545} INFO - Filling up the DagBag from /Users/jakeliu/we-defend-truth-1/airflow_env/lib/python3.12/site-packages/airflow/example_dags/example_xcomargs.py
[2024-08-09T13:06:25.352-0400] {processor.py:840} INFO - DAG(s) 'example_xcom_args', 'example_xcom_args_with_operators' retrieved from /Users/jakeliu/we-defend-truth-1/airflow_env/lib/python3.12/site-packages/airflow/example_dags/example_xcomargs.py
[2024-08-09T13:06:25.383-0400] {logging_mixin.py:188} INFO - [2024-08-09T13:06:25.383-0400] {dag.py:3089} INFO - Sync 2 DAGs
[2024-08-09T13:06:25.386-0400] {logging_mixin.py:188} INFO - [2024-08-09T13:06:25.386-0400] {dag.py:3947} INFO - Setting next_dagrun for example_xcom_args to None, run_after=None
[2024-08-09T13:06:25.387-0400] {logging_mixin.py:188} INFO - [2024-08-09T13:06:25.387-0400] {dag.py:3947} INFO - Setting next_dagrun for example_xcom_args_with_operators to None, run_after=None
[2024-08-09T13:06:25.394-0400] {processor.py:183} INFO - Processing /Users/jakeliu/we-defend-truth-1/airflow_env/lib/python3.12/site-packages/airflow/example_dags/example_xcomargs.py took 0.059 seconds
[2024-08-09T13:07:17.415-0400] {processor.py:161} INFO - Started process (PID=21112) to work on /Users/jakeliu/we-defend-truth-1/airflow_env/lib/python3.12/site-packages/airflow/example_dags/example_xcomargs.py
[2024-08-09T13:07:17.416-0400] {processor.py:830} INFO - Processing file /Users/jakeliu/we-defend-truth-1/airflow_env/lib/python3.12/site-packages/airflow/example_dags/example_xcomargs.py for tasks to queue
[2024-08-09T13:07:17.416-0400] {logging_mixin.py:188} INFO - [2024-08-09T13:07:17.416-0400] {dagbag.py:545} INFO - Filling up the DagBag from /Users/jakeliu/we-defend-truth-1/airflow_env/lib/python3.12/site-packages/airflow/example_dags/example_xcomargs.py
[2024-08-09T13:07:17.430-0400] {processor.py:840} INFO - DAG(s) 'example_xcom_args', 'example_xcom_args_with_operators' retrieved from /Users/jakeliu/we-defend-truth-1/airflow_env/lib/python3.12/site-packages/airflow/example_dags/example_xcomargs.py
[2024-08-09T13:07:17.461-0400] {logging_mixin.py:188} INFO - [2024-08-09T13:07:17.461-0400] {dag.py:3089} INFO - Sync 2 DAGs
[2024-08-09T13:07:17.464-0400] {logging_mixin.py:188} INFO - [2024-08-09T13:07:17.464-0400] {dag.py:3947} INFO - Setting next_dagrun for example_xcom_args to None, run_after=None
[2024-08-09T13:07:17.465-0400] {logging_mixin.py:188} INFO - [2024-08-09T13:07:17.465-0400] {dag.py:3947} INFO - Setting next_dagrun for example_xcom_args_with_operators to None, run_after=None
[2024-08-09T13:07:17.471-0400] {processor.py:183} INFO - Processing /Users/jakeliu/we-defend-truth-1/airflow_env/lib/python3.12/site-packages/airflow/example_dags/example_xcomargs.py took 0.057 seconds
[2024-08-09T13:08:09.362-0400] {processor.py:161} INFO - Started process (PID=21178) to work on /Users/jakeliu/we-defend-truth-1/airflow_env/lib/python3.12/site-packages/airflow/example_dags/example_xcomargs.py
[2024-08-09T13:08:09.363-0400] {processor.py:830} INFO - Processing file /Users/jakeliu/we-defend-truth-1/airflow_env/lib/python3.12/site-packages/airflow/example_dags/example_xcomargs.py for tasks to queue
[2024-08-09T13:08:09.363-0400] {logging_mixin.py:188} INFO - [2024-08-09T13:08:09.363-0400] {dagbag.py:545} INFO - Filling up the DagBag from /Users/jakeliu/we-defend-truth-1/airflow_env/lib/python3.12/site-packages/airflow/example_dags/example_xcomargs.py
[2024-08-09T13:08:09.378-0400] {processor.py:840} INFO - DAG(s) 'example_xcom_args', 'example_xcom_args_with_operators' retrieved from /Users/jakeliu/we-defend-truth-1/airflow_env/lib/python3.12/site-packages/airflow/example_dags/example_xcomargs.py
[2024-08-09T13:08:09.408-0400] {logging_mixin.py:188} INFO - [2024-08-09T13:08:09.408-0400] {dag.py:3089} INFO - Sync 2 DAGs
[2024-08-09T13:08:09.411-0400] {logging_mixin.py:188} INFO - [2024-08-09T13:08:09.411-0400] {dag.py:3947} INFO - Setting next_dagrun for example_xcom_args to None, run_after=None
[2024-08-09T13:08:09.412-0400] {logging_mixin.py:188} INFO - [2024-08-09T13:08:09.412-0400] {dag.py:3947} INFO - Setting next_dagrun for example_xcom_args_with_operators to None, run_after=None
[2024-08-09T13:08:09.418-0400] {processor.py:183} INFO - Processing /Users/jakeliu/we-defend-truth-1/airflow_env/lib/python3.12/site-packages/airflow/example_dags/example_xcomargs.py took 0.057 seconds
[2024-08-09T13:09:00.419-0400] {processor.py:161} INFO - Started process (PID=21238) to work on /Users/jakeliu/we-defend-truth-1/airflow_env/lib/python3.12/site-packages/airflow/example_dags/example_xcomargs.py
[2024-08-09T13:09:00.420-0400] {processor.py:830} INFO - Processing file /Users/jakeliu/we-defend-truth-1/airflow_env/lib/python3.12/site-packages/airflow/example_dags/example_xcomargs.py for tasks to queue
[2024-08-09T13:09:00.420-0400] {logging_mixin.py:188} INFO - [2024-08-09T13:09:00.420-0400] {dagbag.py:545} INFO - Filling up the DagBag from /Users/jakeliu/we-defend-truth-1/airflow_env/lib/python3.12/site-packages/airflow/example_dags/example_xcomargs.py
[2024-08-09T13:09:00.435-0400] {processor.py:840} INFO - DAG(s) 'example_xcom_args_with_operators', 'example_xcom_args' retrieved from /Users/jakeliu/we-defend-truth-1/airflow_env/lib/python3.12/site-packages/airflow/example_dags/example_xcomargs.py
[2024-08-09T13:09:00.466-0400] {logging_mixin.py:188} INFO - [2024-08-09T13:09:00.466-0400] {dag.py:3089} INFO - Sync 2 DAGs
[2024-08-09T13:09:00.470-0400] {logging_mixin.py:188} INFO - [2024-08-09T13:09:00.469-0400] {dag.py:3947} INFO - Setting next_dagrun for example_xcom_args to None, run_after=None
[2024-08-09T13:09:00.471-0400] {logging_mixin.py:188} INFO - [2024-08-09T13:09:00.470-0400] {dag.py:3947} INFO - Setting next_dagrun for example_xcom_args_with_operators to None, run_after=None
[2024-08-09T13:09:00.477-0400] {processor.py:183} INFO - Processing /Users/jakeliu/we-defend-truth-1/airflow_env/lib/python3.12/site-packages/airflow/example_dags/example_xcomargs.py took 0.059 seconds
[2024-08-09T13:09:49.626-0400] {processor.py:161} INFO - Started process (PID=21296) to work on /Users/jakeliu/we-defend-truth-1/airflow_env/lib/python3.12/site-packages/airflow/example_dags/example_xcomargs.py
[2024-08-09T13:09:49.627-0400] {processor.py:830} INFO - Processing file /Users/jakeliu/we-defend-truth-1/airflow_env/lib/python3.12/site-packages/airflow/example_dags/example_xcomargs.py for tasks to queue
[2024-08-09T13:09:49.628-0400] {logging_mixin.py:188} INFO - [2024-08-09T13:09:49.628-0400] {dagbag.py:545} INFO - Filling up the DagBag from /Users/jakeliu/we-defend-truth-1/airflow_env/lib/python3.12/site-packages/airflow/example_dags/example_xcomargs.py
[2024-08-09T13:09:49.643-0400] {processor.py:840} INFO - DAG(s) 'example_xcom_args_with_operators', 'example_xcom_args' retrieved from /Users/jakeliu/we-defend-truth-1/airflow_env/lib/python3.12/site-packages/airflow/example_dags/example_xcomargs.py
[2024-08-09T13:09:49.675-0400] {logging_mixin.py:188} INFO - [2024-08-09T13:09:49.675-0400] {dag.py:3089} INFO - Sync 2 DAGs
[2024-08-09T13:09:49.678-0400] {logging_mixin.py:188} INFO - [2024-08-09T13:09:49.678-0400] {dag.py:3947} INFO - Setting next_dagrun for example_xcom_args to None, run_after=None
[2024-08-09T13:09:49.679-0400] {logging_mixin.py:188} INFO - [2024-08-09T13:09:49.679-0400] {dag.py:3947} INFO - Setting next_dagrun for example_xcom_args_with_operators to None, run_after=None
[2024-08-09T13:09:49.685-0400] {processor.py:183} INFO - Processing /Users/jakeliu/we-defend-truth-1/airflow_env/lib/python3.12/site-packages/airflow/example_dags/example_xcomargs.py took 0.060 seconds
[2024-08-09T13:10:41.677-0400] {processor.py:161} INFO - Started process (PID=21342) to work on /Users/jakeliu/we-defend-truth-1/airflow_env/lib/python3.12/site-packages/airflow/example_dags/example_xcomargs.py
[2024-08-09T13:10:41.678-0400] {processor.py:830} INFO - Processing file /Users/jakeliu/we-defend-truth-1/airflow_env/lib/python3.12/site-packages/airflow/example_dags/example_xcomargs.py for tasks to queue
[2024-08-09T13:10:41.678-0400] {logging_mixin.py:188} INFO - [2024-08-09T13:10:41.678-0400] {dagbag.py:545} INFO - Filling up the DagBag from /Users/jakeliu/we-defend-truth-1/airflow_env/lib/python3.12/site-packages/airflow/example_dags/example_xcomargs.py
[2024-08-09T13:10:41.693-0400] {processor.py:840} INFO - DAG(s) 'example_xcom_args_with_operators', 'example_xcom_args' retrieved from /Users/jakeliu/we-defend-truth-1/airflow_env/lib/python3.12/site-packages/airflow/example_dags/example_xcomargs.py
[2024-08-09T13:10:41.727-0400] {logging_mixin.py:188} INFO - [2024-08-09T13:10:41.727-0400] {dag.py:3089} INFO - Sync 2 DAGs
[2024-08-09T13:10:41.730-0400] {logging_mixin.py:188} INFO - [2024-08-09T13:10:41.730-0400] {dag.py:3947} INFO - Setting next_dagrun for example_xcom_args to None, run_after=None
[2024-08-09T13:10:41.731-0400] {logging_mixin.py:188} INFO - [2024-08-09T13:10:41.731-0400] {dag.py:3947} INFO - Setting next_dagrun for example_xcom_args_with_operators to None, run_after=None
[2024-08-09T13:10:41.737-0400] {processor.py:183} INFO - Processing /Users/jakeliu/we-defend-truth-1/airflow_env/lib/python3.12/site-packages/airflow/example_dags/example_xcomargs.py took 0.061 seconds
[2024-08-09T13:11:35.406-0400] {processor.py:161} INFO - Started process (PID=21401) to work on /Users/jakeliu/we-defend-truth-1/airflow_env/lib/python3.12/site-packages/airflow/example_dags/example_xcomargs.py
[2024-08-09T13:11:35.407-0400] {processor.py:830} INFO - Processing file /Users/jakeliu/we-defend-truth-1/airflow_env/lib/python3.12/site-packages/airflow/example_dags/example_xcomargs.py for tasks to queue
[2024-08-09T13:11:35.407-0400] {logging_mixin.py:188} INFO - [2024-08-09T13:11:35.407-0400] {dagbag.py:545} INFO - Filling up the DagBag from /Users/jakeliu/we-defend-truth-1/airflow_env/lib/python3.12/site-packages/airflow/example_dags/example_xcomargs.py
[2024-08-09T13:11:35.424-0400] {processor.py:840} INFO - DAG(s) 'example_xcom_args_with_operators', 'example_xcom_args' retrieved from /Users/jakeliu/we-defend-truth-1/airflow_env/lib/python3.12/site-packages/airflow/example_dags/example_xcomargs.py
[2024-08-09T13:11:35.458-0400] {logging_mixin.py:188} INFO - [2024-08-09T13:11:35.458-0400] {dag.py:3089} INFO - Sync 2 DAGs
[2024-08-09T13:11:35.461-0400] {logging_mixin.py:188} INFO - [2024-08-09T13:11:35.461-0400] {dag.py:3947} INFO - Setting next_dagrun for example_xcom_args to None, run_after=None
[2024-08-09T13:11:35.462-0400] {logging_mixin.py:188} INFO - [2024-08-09T13:11:35.462-0400] {dag.py:3947} INFO - Setting next_dagrun for example_xcom_args_with_operators to None, run_after=None
[2024-08-09T13:11:35.468-0400] {processor.py:183} INFO - Processing /Users/jakeliu/we-defend-truth-1/airflow_env/lib/python3.12/site-packages/airflow/example_dags/example_xcomargs.py took 0.063 seconds
[2024-08-09T13:12:28.844-0400] {processor.py:161} INFO - Started process (PID=21448) to work on /Users/jakeliu/we-defend-truth-1/airflow_env/lib/python3.12/site-packages/airflow/example_dags/example_xcomargs.py
[2024-08-09T13:12:28.845-0400] {processor.py:830} INFO - Processing file /Users/jakeliu/we-defend-truth-1/airflow_env/lib/python3.12/site-packages/airflow/example_dags/example_xcomargs.py for tasks to queue
[2024-08-09T13:12:28.845-0400] {logging_mixin.py:188} INFO - [2024-08-09T13:12:28.845-0400] {dagbag.py:545} INFO - Filling up the DagBag from /Users/jakeliu/we-defend-truth-1/airflow_env/lib/python3.12/site-packages/airflow/example_dags/example_xcomargs.py
[2024-08-09T13:12:28.860-0400] {processor.py:840} INFO - DAG(s) 'example_xcom_args', 'example_xcom_args_with_operators' retrieved from /Users/jakeliu/we-defend-truth-1/airflow_env/lib/python3.12/site-packages/airflow/example_dags/example_xcomargs.py
[2024-08-09T13:12:28.893-0400] {logging_mixin.py:188} INFO - [2024-08-09T13:12:28.893-0400] {dag.py:3089} INFO - Sync 2 DAGs
[2024-08-09T13:12:28.896-0400] {logging_mixin.py:188} INFO - [2024-08-09T13:12:28.896-0400] {dag.py:3947} INFO - Setting next_dagrun for example_xcom_args to None, run_after=None
[2024-08-09T13:12:28.897-0400] {logging_mixin.py:188} INFO - [2024-08-09T13:12:28.897-0400] {dag.py:3947} INFO - Setting next_dagrun for example_xcom_args_with_operators to None, run_after=None
[2024-08-09T13:12:28.903-0400] {processor.py:183} INFO - Processing /Users/jakeliu/we-defend-truth-1/airflow_env/lib/python3.12/site-packages/airflow/example_dags/example_xcomargs.py took 0.059 seconds
[2024-08-09T13:13:24.197-0400] {processor.py:161} INFO - Started process (PID=21497) to work on /Users/jakeliu/we-defend-truth-1/airflow_env/lib/python3.12/site-packages/airflow/example_dags/example_xcomargs.py
[2024-08-09T13:13:24.198-0400] {processor.py:830} INFO - Processing file /Users/jakeliu/we-defend-truth-1/airflow_env/lib/python3.12/site-packages/airflow/example_dags/example_xcomargs.py for tasks to queue
[2024-08-09T13:13:24.199-0400] {logging_mixin.py:188} INFO - [2024-08-09T13:13:24.199-0400] {dagbag.py:545} INFO - Filling up the DagBag from /Users/jakeliu/we-defend-truth-1/airflow_env/lib/python3.12/site-packages/airflow/example_dags/example_xcomargs.py
[2024-08-09T13:13:24.213-0400] {processor.py:840} INFO - DAG(s) 'example_xcom_args_with_operators', 'example_xcom_args' retrieved from /Users/jakeliu/we-defend-truth-1/airflow_env/lib/python3.12/site-packages/airflow/example_dags/example_xcomargs.py
[2024-08-09T13:13:24.243-0400] {logging_mixin.py:188} INFO - [2024-08-09T13:13:24.243-0400] {dag.py:3089} INFO - Sync 2 DAGs
[2024-08-09T13:13:24.246-0400] {logging_mixin.py:188} INFO - [2024-08-09T13:13:24.246-0400] {dag.py:3947} INFO - Setting next_dagrun for example_xcom_args to None, run_after=None
[2024-08-09T13:13:24.247-0400] {logging_mixin.py:188} INFO - [2024-08-09T13:13:24.247-0400] {dag.py:3947} INFO - Setting next_dagrun for example_xcom_args_with_operators to None, run_after=None
[2024-08-09T13:13:24.253-0400] {processor.py:183} INFO - Processing /Users/jakeliu/we-defend-truth-1/airflow_env/lib/python3.12/site-packages/airflow/example_dags/example_xcomargs.py took 0.057 seconds
[2024-08-09T13:14:22.990-0400] {processor.py:161} INFO - Started process (PID=21560) to work on /Users/jakeliu/we-defend-truth-1/airflow_env/lib/python3.12/site-packages/airflow/example_dags/example_xcomargs.py
[2024-08-09T13:14:22.991-0400] {processor.py:830} INFO - Processing file /Users/jakeliu/we-defend-truth-1/airflow_env/lib/python3.12/site-packages/airflow/example_dags/example_xcomargs.py for tasks to queue
[2024-08-09T13:14:22.991-0400] {logging_mixin.py:188} INFO - [2024-08-09T13:14:22.991-0400] {dagbag.py:545} INFO - Filling up the DagBag from /Users/jakeliu/we-defend-truth-1/airflow_env/lib/python3.12/site-packages/airflow/example_dags/example_xcomargs.py
[2024-08-09T13:14:23.005-0400] {processor.py:840} INFO - DAG(s) 'example_xcom_args', 'example_xcom_args_with_operators' retrieved from /Users/jakeliu/we-defend-truth-1/airflow_env/lib/python3.12/site-packages/airflow/example_dags/example_xcomargs.py
[2024-08-09T13:14:23.037-0400] {logging_mixin.py:188} INFO - [2024-08-09T13:14:23.037-0400] {dag.py:3089} INFO - Sync 2 DAGs
[2024-08-09T13:14:23.040-0400] {logging_mixin.py:188} INFO - [2024-08-09T13:14:23.040-0400] {dag.py:3947} INFO - Setting next_dagrun for example_xcom_args to None, run_after=None
[2024-08-09T13:14:23.041-0400] {logging_mixin.py:188} INFO - [2024-08-09T13:14:23.041-0400] {dag.py:3947} INFO - Setting next_dagrun for example_xcom_args_with_operators to None, run_after=None
[2024-08-09T13:14:23.048-0400] {processor.py:183} INFO - Processing /Users/jakeliu/we-defend-truth-1/airflow_env/lib/python3.12/site-packages/airflow/example_dags/example_xcomargs.py took 0.059 seconds
[2024-08-09T13:15:21.385-0400] {processor.py:161} INFO - Started process (PID=21612) to work on /Users/jakeliu/we-defend-truth-1/airflow_env/lib/python3.12/site-packages/airflow/example_dags/example_xcomargs.py
[2024-08-09T13:15:21.385-0400] {processor.py:830} INFO - Processing file /Users/jakeliu/we-defend-truth-1/airflow_env/lib/python3.12/site-packages/airflow/example_dags/example_xcomargs.py for tasks to queue
[2024-08-09T13:15:21.385-0400] {logging_mixin.py:188} INFO - [2024-08-09T13:15:21.385-0400] {dagbag.py:545} INFO - Filling up the DagBag from /Users/jakeliu/we-defend-truth-1/airflow_env/lib/python3.12/site-packages/airflow/example_dags/example_xcomargs.py
[2024-08-09T13:15:21.401-0400] {processor.py:840} INFO - DAG(s) 'example_xcom_args', 'example_xcom_args_with_operators' retrieved from /Users/jakeliu/we-defend-truth-1/airflow_env/lib/python3.12/site-packages/airflow/example_dags/example_xcomargs.py
[2024-08-09T13:15:21.434-0400] {logging_mixin.py:188} INFO - [2024-08-09T13:15:21.434-0400] {dag.py:3089} INFO - Sync 2 DAGs
[2024-08-09T13:15:21.438-0400] {logging_mixin.py:188} INFO - [2024-08-09T13:15:21.438-0400] {dag.py:3947} INFO - Setting next_dagrun for example_xcom_args to None, run_after=None
[2024-08-09T13:15:21.439-0400] {logging_mixin.py:188} INFO - [2024-08-09T13:15:21.439-0400] {dag.py:3947} INFO - Setting next_dagrun for example_xcom_args_with_operators to None, run_after=None
[2024-08-09T13:15:21.445-0400] {processor.py:183} INFO - Processing /Users/jakeliu/we-defend-truth-1/airflow_env/lib/python3.12/site-packages/airflow/example_dags/example_xcomargs.py took 0.062 seconds
[2024-08-09T13:16:19.935-0400] {processor.py:161} INFO - Started process (PID=21658) to work on /Users/jakeliu/we-defend-truth-1/airflow_env/lib/python3.12/site-packages/airflow/example_dags/example_xcomargs.py
[2024-08-09T13:16:19.936-0400] {processor.py:830} INFO - Processing file /Users/jakeliu/we-defend-truth-1/airflow_env/lib/python3.12/site-packages/airflow/example_dags/example_xcomargs.py for tasks to queue
[2024-08-09T13:16:19.936-0400] {logging_mixin.py:188} INFO - [2024-08-09T13:16:19.936-0400] {dagbag.py:545} INFO - Filling up the DagBag from /Users/jakeliu/we-defend-truth-1/airflow_env/lib/python3.12/site-packages/airflow/example_dags/example_xcomargs.py
[2024-08-09T13:16:19.950-0400] {processor.py:840} INFO - DAG(s) 'example_xcom_args_with_operators', 'example_xcom_args' retrieved from /Users/jakeliu/we-defend-truth-1/airflow_env/lib/python3.12/site-packages/airflow/example_dags/example_xcomargs.py
[2024-08-09T13:16:19.981-0400] {logging_mixin.py:188} INFO - [2024-08-09T13:16:19.981-0400] {dag.py:3089} INFO - Sync 2 DAGs
[2024-08-09T13:16:19.984-0400] {logging_mixin.py:188} INFO - [2024-08-09T13:16:19.984-0400] {dag.py:3947} INFO - Setting next_dagrun for example_xcom_args to None, run_after=None
[2024-08-09T13:16:19.985-0400] {logging_mixin.py:188} INFO - [2024-08-09T13:16:19.985-0400] {dag.py:3947} INFO - Setting next_dagrun for example_xcom_args_with_operators to None, run_after=None
[2024-08-09T13:16:19.990-0400] {processor.py:183} INFO - Processing /Users/jakeliu/we-defend-truth-1/airflow_env/lib/python3.12/site-packages/airflow/example_dags/example_xcomargs.py took 0.056 seconds
[2024-08-09T13:17:15.555-0400] {processor.py:161} INFO - Started process (PID=21766) to work on /Users/jakeliu/we-defend-truth-1/airflow_env/lib/python3.12/site-packages/airflow/example_dags/example_xcomargs.py
[2024-08-09T13:17:15.557-0400] {processor.py:830} INFO - Processing file /Users/jakeliu/we-defend-truth-1/airflow_env/lib/python3.12/site-packages/airflow/example_dags/example_xcomargs.py for tasks to queue
[2024-08-09T13:17:15.557-0400] {logging_mixin.py:188} INFO - [2024-08-09T13:17:15.557-0400] {dagbag.py:545} INFO - Filling up the DagBag from /Users/jakeliu/we-defend-truth-1/airflow_env/lib/python3.12/site-packages/airflow/example_dags/example_xcomargs.py
[2024-08-09T13:17:15.574-0400] {processor.py:840} INFO - DAG(s) 'example_xcom_args_with_operators', 'example_xcom_args' retrieved from /Users/jakeliu/we-defend-truth-1/airflow_env/lib/python3.12/site-packages/airflow/example_dags/example_xcomargs.py
[2024-08-09T13:17:15.607-0400] {logging_mixin.py:188} INFO - [2024-08-09T13:17:15.606-0400] {dag.py:3089} INFO - Sync 2 DAGs
[2024-08-09T13:17:15.610-0400] {logging_mixin.py:188} INFO - [2024-08-09T13:17:15.610-0400] {dag.py:3947} INFO - Setting next_dagrun for example_xcom_args to None, run_after=None
[2024-08-09T13:17:15.611-0400] {logging_mixin.py:188} INFO - [2024-08-09T13:17:15.611-0400] {dag.py:3947} INFO - Setting next_dagrun for example_xcom_args_with_operators to None, run_after=None
[2024-08-09T13:17:15.618-0400] {processor.py:183} INFO - Processing /Users/jakeliu/we-defend-truth-1/airflow_env/lib/python3.12/site-packages/airflow/example_dags/example_xcomargs.py took 0.064 seconds
[2024-08-09T13:18:06.402-0400] {processor.py:161} INFO - Started process (PID=21846) to work on /Users/jakeliu/we-defend-truth-1/airflow_env/lib/python3.12/site-packages/airflow/example_dags/example_xcomargs.py
[2024-08-09T13:18:06.403-0400] {processor.py:830} INFO - Processing file /Users/jakeliu/we-defend-truth-1/airflow_env/lib/python3.12/site-packages/airflow/example_dags/example_xcomargs.py for tasks to queue
[2024-08-09T13:18:06.403-0400] {logging_mixin.py:188} INFO - [2024-08-09T13:18:06.403-0400] {dagbag.py:545} INFO - Filling up the DagBag from /Users/jakeliu/we-defend-truth-1/airflow_env/lib/python3.12/site-packages/airflow/example_dags/example_xcomargs.py
[2024-08-09T13:18:06.418-0400] {processor.py:840} INFO - DAG(s) 'example_xcom_args_with_operators', 'example_xcom_args' retrieved from /Users/jakeliu/we-defend-truth-1/airflow_env/lib/python3.12/site-packages/airflow/example_dags/example_xcomargs.py
[2024-08-09T13:18:06.453-0400] {logging_mixin.py:188} INFO - [2024-08-09T13:18:06.453-0400] {dag.py:3089} INFO - Sync 2 DAGs
[2024-08-09T13:18:06.457-0400] {logging_mixin.py:188} INFO - [2024-08-09T13:18:06.457-0400] {dag.py:3947} INFO - Setting next_dagrun for example_xcom_args to None, run_after=None
[2024-08-09T13:18:06.458-0400] {logging_mixin.py:188} INFO - [2024-08-09T13:18:06.458-0400] {dag.py:3947} INFO - Setting next_dagrun for example_xcom_args_with_operators to None, run_after=None
[2024-08-09T13:18:06.464-0400] {processor.py:183} INFO - Processing /Users/jakeliu/we-defend-truth-1/airflow_env/lib/python3.12/site-packages/airflow/example_dags/example_xcomargs.py took 0.063 seconds
[2024-08-09T13:18:56.396-0400] {processor.py:161} INFO - Started process (PID=21884) to work on /Users/jakeliu/we-defend-truth-1/airflow_env/lib/python3.12/site-packages/airflow/example_dags/example_xcomargs.py
[2024-08-09T13:18:56.396-0400] {processor.py:830} INFO - Processing file /Users/jakeliu/we-defend-truth-1/airflow_env/lib/python3.12/site-packages/airflow/example_dags/example_xcomargs.py for tasks to queue
[2024-08-09T13:18:56.397-0400] {logging_mixin.py:188} INFO - [2024-08-09T13:18:56.397-0400] {dagbag.py:545} INFO - Filling up the DagBag from /Users/jakeliu/we-defend-truth-1/airflow_env/lib/python3.12/site-packages/airflow/example_dags/example_xcomargs.py
[2024-08-09T13:18:56.412-0400] {processor.py:840} INFO - DAG(s) 'example_xcom_args_with_operators', 'example_xcom_args' retrieved from /Users/jakeliu/we-defend-truth-1/airflow_env/lib/python3.12/site-packages/airflow/example_dags/example_xcomargs.py
[2024-08-09T13:18:56.444-0400] {logging_mixin.py:188} INFO - [2024-08-09T13:18:56.444-0400] {dag.py:3089} INFO - Sync 2 DAGs
[2024-08-09T13:18:56.447-0400] {logging_mixin.py:188} INFO - [2024-08-09T13:18:56.447-0400] {dag.py:3947} INFO - Setting next_dagrun for example_xcom_args to None, run_after=None
[2024-08-09T13:18:56.448-0400] {logging_mixin.py:188} INFO - [2024-08-09T13:18:56.448-0400] {dag.py:3947} INFO - Setting next_dagrun for example_xcom_args_with_operators to None, run_after=None
[2024-08-09T13:18:56.454-0400] {processor.py:183} INFO - Processing /Users/jakeliu/we-defend-truth-1/airflow_env/lib/python3.12/site-packages/airflow/example_dags/example_xcomargs.py took 0.059 seconds
[2024-08-09T13:19:51.135-0400] {processor.py:161} INFO - Started process (PID=21933) to work on /Users/jakeliu/we-defend-truth-1/airflow_env/lib/python3.12/site-packages/airflow/example_dags/example_xcomargs.py
[2024-08-09T13:19:51.135-0400] {processor.py:830} INFO - Processing file /Users/jakeliu/we-defend-truth-1/airflow_env/lib/python3.12/site-packages/airflow/example_dags/example_xcomargs.py for tasks to queue
[2024-08-09T13:19:51.136-0400] {logging_mixin.py:188} INFO - [2024-08-09T13:19:51.136-0400] {dagbag.py:545} INFO - Filling up the DagBag from /Users/jakeliu/we-defend-truth-1/airflow_env/lib/python3.12/site-packages/airflow/example_dags/example_xcomargs.py
[2024-08-09T13:19:51.151-0400] {processor.py:840} INFO - DAG(s) 'example_xcom_args', 'example_xcom_args_with_operators' retrieved from /Users/jakeliu/we-defend-truth-1/airflow_env/lib/python3.12/site-packages/airflow/example_dags/example_xcomargs.py
[2024-08-09T13:19:51.186-0400] {logging_mixin.py:188} INFO - [2024-08-09T13:19:51.185-0400] {dag.py:3089} INFO - Sync 2 DAGs
[2024-08-09T13:19:51.189-0400] {logging_mixin.py:188} INFO - [2024-08-09T13:19:51.189-0400] {dag.py:3947} INFO - Setting next_dagrun for example_xcom_args to None, run_after=None
[2024-08-09T13:19:51.190-0400] {logging_mixin.py:188} INFO - [2024-08-09T13:19:51.190-0400] {dag.py:3947} INFO - Setting next_dagrun for example_xcom_args_with_operators to None, run_after=None
[2024-08-09T13:19:51.196-0400] {processor.py:183} INFO - Processing /Users/jakeliu/we-defend-truth-1/airflow_env/lib/python3.12/site-packages/airflow/example_dags/example_xcomargs.py took 0.062 seconds
[2024-08-09T13:20:41.932-0400] {processor.py:161} INFO - Started process (PID=22020) to work on /Users/jakeliu/we-defend-truth-1/airflow_env/lib/python3.12/site-packages/airflow/example_dags/example_xcomargs.py
[2024-08-09T13:20:41.933-0400] {processor.py:830} INFO - Processing file /Users/jakeliu/we-defend-truth-1/airflow_env/lib/python3.12/site-packages/airflow/example_dags/example_xcomargs.py for tasks to queue
[2024-08-09T13:20:41.933-0400] {logging_mixin.py:188} INFO - [2024-08-09T13:20:41.933-0400] {dagbag.py:545} INFO - Filling up the DagBag from /Users/jakeliu/we-defend-truth-1/airflow_env/lib/python3.12/site-packages/airflow/example_dags/example_xcomargs.py
[2024-08-09T13:20:41.948-0400] {processor.py:840} INFO - DAG(s) 'example_xcom_args', 'example_xcom_args_with_operators' retrieved from /Users/jakeliu/we-defend-truth-1/airflow_env/lib/python3.12/site-packages/airflow/example_dags/example_xcomargs.py
[2024-08-09T13:20:41.980-0400] {logging_mixin.py:188} INFO - [2024-08-09T13:20:41.980-0400] {dag.py:3089} INFO - Sync 2 DAGs
[2024-08-09T13:20:41.983-0400] {logging_mixin.py:188} INFO - [2024-08-09T13:20:41.983-0400] {dag.py:3947} INFO - Setting next_dagrun for example_xcom_args to None, run_after=None
[2024-08-09T13:20:41.984-0400] {logging_mixin.py:188} INFO - [2024-08-09T13:20:41.984-0400] {dag.py:3947} INFO - Setting next_dagrun for example_xcom_args_with_operators to None, run_after=None
[2024-08-09T13:20:41.990-0400] {processor.py:183} INFO - Processing /Users/jakeliu/we-defend-truth-1/airflow_env/lib/python3.12/site-packages/airflow/example_dags/example_xcomargs.py took 0.059 seconds
[2024-08-09T13:21:32.324-0400] {processor.py:161} INFO - Started process (PID=22594) to work on /Users/jakeliu/we-defend-truth-1/airflow_env/lib/python3.12/site-packages/airflow/example_dags/example_xcomargs.py
[2024-08-09T13:21:32.325-0400] {processor.py:830} INFO - Processing file /Users/jakeliu/we-defend-truth-1/airflow_env/lib/python3.12/site-packages/airflow/example_dags/example_xcomargs.py for tasks to queue
[2024-08-09T13:21:32.326-0400] {logging_mixin.py:188} INFO - [2024-08-09T13:21:32.326-0400] {dagbag.py:545} INFO - Filling up the DagBag from /Users/jakeliu/we-defend-truth-1/airflow_env/lib/python3.12/site-packages/airflow/example_dags/example_xcomargs.py
[2024-08-09T13:21:32.340-0400] {processor.py:840} INFO - DAG(s) 'example_xcom_args_with_operators', 'example_xcom_args' retrieved from /Users/jakeliu/we-defend-truth-1/airflow_env/lib/python3.12/site-packages/airflow/example_dags/example_xcomargs.py
[2024-08-09T13:21:32.371-0400] {logging_mixin.py:188} INFO - [2024-08-09T13:21:32.371-0400] {dag.py:3089} INFO - Sync 2 DAGs
[2024-08-09T13:21:32.374-0400] {logging_mixin.py:188} INFO - [2024-08-09T13:21:32.374-0400] {dag.py:3947} INFO - Setting next_dagrun for example_xcom_args to None, run_after=None
[2024-08-09T13:21:32.375-0400] {logging_mixin.py:188} INFO - [2024-08-09T13:21:32.375-0400] {dag.py:3947} INFO - Setting next_dagrun for example_xcom_args_with_operators to None, run_after=None
[2024-08-09T13:21:32.381-0400] {processor.py:183} INFO - Processing /Users/jakeliu/we-defend-truth-1/airflow_env/lib/python3.12/site-packages/airflow/example_dags/example_xcomargs.py took 0.058 seconds
[2024-08-09T13:22:22.953-0400] {processor.py:161} INFO - Started process (PID=22644) to work on /Users/jakeliu/we-defend-truth-1/airflow_env/lib/python3.12/site-packages/airflow/example_dags/example_xcomargs.py
[2024-08-09T13:22:22.954-0400] {processor.py:830} INFO - Processing file /Users/jakeliu/we-defend-truth-1/airflow_env/lib/python3.12/site-packages/airflow/example_dags/example_xcomargs.py for tasks to queue
[2024-08-09T13:22:22.954-0400] {logging_mixin.py:188} INFO - [2024-08-09T13:22:22.954-0400] {dagbag.py:545} INFO - Filling up the DagBag from /Users/jakeliu/we-defend-truth-1/airflow_env/lib/python3.12/site-packages/airflow/example_dags/example_xcomargs.py
[2024-08-09T13:22:22.969-0400] {processor.py:840} INFO - DAG(s) 'example_xcom_args', 'example_xcom_args_with_operators' retrieved from /Users/jakeliu/we-defend-truth-1/airflow_env/lib/python3.12/site-packages/airflow/example_dags/example_xcomargs.py
[2024-08-09T13:22:22.999-0400] {logging_mixin.py:188} INFO - [2024-08-09T13:22:22.999-0400] {dag.py:3089} INFO - Sync 2 DAGs
[2024-08-09T13:22:23.002-0400] {logging_mixin.py:188} INFO - [2024-08-09T13:22:23.002-0400] {dag.py:3947} INFO - Setting next_dagrun for example_xcom_args to None, run_after=None
[2024-08-09T13:22:23.003-0400] {logging_mixin.py:188} INFO - [2024-08-09T13:22:23.003-0400] {dag.py:3947} INFO - Setting next_dagrun for example_xcom_args_with_operators to None, run_after=None
[2024-08-09T13:22:23.009-0400] {processor.py:183} INFO - Processing /Users/jakeliu/we-defend-truth-1/airflow_env/lib/python3.12/site-packages/airflow/example_dags/example_xcomargs.py took 0.056 seconds
[2024-08-09T13:23:14.734-0400] {processor.py:161} INFO - Started process (PID=22697) to work on /Users/jakeliu/we-defend-truth-1/airflow_env/lib/python3.12/site-packages/airflow/example_dags/example_xcomargs.py
[2024-08-09T13:23:14.735-0400] {processor.py:830} INFO - Processing file /Users/jakeliu/we-defend-truth-1/airflow_env/lib/python3.12/site-packages/airflow/example_dags/example_xcomargs.py for tasks to queue
[2024-08-09T13:23:14.735-0400] {logging_mixin.py:188} INFO - [2024-08-09T13:23:14.735-0400] {dagbag.py:545} INFO - Filling up the DagBag from /Users/jakeliu/we-defend-truth-1/airflow_env/lib/python3.12/site-packages/airflow/example_dags/example_xcomargs.py
[2024-08-09T13:23:14.750-0400] {processor.py:840} INFO - DAG(s) 'example_xcom_args', 'example_xcom_args_with_operators' retrieved from /Users/jakeliu/we-defend-truth-1/airflow_env/lib/python3.12/site-packages/airflow/example_dags/example_xcomargs.py
[2024-08-09T13:23:14.781-0400] {logging_mixin.py:188} INFO - [2024-08-09T13:23:14.781-0400] {dag.py:3089} INFO - Sync 2 DAGs
[2024-08-09T13:23:14.784-0400] {logging_mixin.py:188} INFO - [2024-08-09T13:23:14.784-0400] {dag.py:3947} INFO - Setting next_dagrun for example_xcom_args to None, run_after=None
[2024-08-09T13:23:14.785-0400] {logging_mixin.py:188} INFO - [2024-08-09T13:23:14.785-0400] {dag.py:3947} INFO - Setting next_dagrun for example_xcom_args_with_operators to None, run_after=None
[2024-08-09T13:23:14.791-0400] {processor.py:183} INFO - Processing /Users/jakeliu/we-defend-truth-1/airflow_env/lib/python3.12/site-packages/airflow/example_dags/example_xcomargs.py took 0.058 seconds
[2024-08-09T13:24:05.015-0400] {processor.py:161} INFO - Started process (PID=22747) to work on /Users/jakeliu/we-defend-truth-1/airflow_env/lib/python3.12/site-packages/airflow/example_dags/example_xcomargs.py
[2024-08-09T13:24:05.016-0400] {processor.py:830} INFO - Processing file /Users/jakeliu/we-defend-truth-1/airflow_env/lib/python3.12/site-packages/airflow/example_dags/example_xcomargs.py for tasks to queue
[2024-08-09T13:24:05.016-0400] {logging_mixin.py:188} INFO - [2024-08-09T13:24:05.016-0400] {dagbag.py:545} INFO - Filling up the DagBag from /Users/jakeliu/we-defend-truth-1/airflow_env/lib/python3.12/site-packages/airflow/example_dags/example_xcomargs.py
[2024-08-09T13:24:05.030-0400] {processor.py:840} INFO - DAG(s) 'example_xcom_args_with_operators', 'example_xcom_args' retrieved from /Users/jakeliu/we-defend-truth-1/airflow_env/lib/python3.12/site-packages/airflow/example_dags/example_xcomargs.py
[2024-08-09T13:24:05.062-0400] {logging_mixin.py:188} INFO - [2024-08-09T13:24:05.062-0400] {dag.py:3089} INFO - Sync 2 DAGs
[2024-08-09T13:24:05.065-0400] {logging_mixin.py:188} INFO - [2024-08-09T13:24:05.065-0400] {dag.py:3947} INFO - Setting next_dagrun for example_xcom_args to None, run_after=None
[2024-08-09T13:24:05.066-0400] {logging_mixin.py:188} INFO - [2024-08-09T13:24:05.066-0400] {dag.py:3947} INFO - Setting next_dagrun for example_xcom_args_with_operators to None, run_after=None
[2024-08-09T13:24:05.073-0400] {processor.py:183} INFO - Processing /Users/jakeliu/we-defend-truth-1/airflow_env/lib/python3.12/site-packages/airflow/example_dags/example_xcomargs.py took 0.059 seconds
[2024-08-09T13:24:58.998-0400] {processor.py:161} INFO - Started process (PID=22807) to work on /Users/jakeliu/we-defend-truth-1/airflow_env/lib/python3.12/site-packages/airflow/example_dags/example_xcomargs.py
[2024-08-09T13:24:58.999-0400] {processor.py:830} INFO - Processing file /Users/jakeliu/we-defend-truth-1/airflow_env/lib/python3.12/site-packages/airflow/example_dags/example_xcomargs.py for tasks to queue
[2024-08-09T13:24:58.999-0400] {logging_mixin.py:188} INFO - [2024-08-09T13:24:58.999-0400] {dagbag.py:545} INFO - Filling up the DagBag from /Users/jakeliu/we-defend-truth-1/airflow_env/lib/python3.12/site-packages/airflow/example_dags/example_xcomargs.py
[2024-08-09T13:24:59.014-0400] {processor.py:840} INFO - DAG(s) 'example_xcom_args_with_operators', 'example_xcom_args' retrieved from /Users/jakeliu/we-defend-truth-1/airflow_env/lib/python3.12/site-packages/airflow/example_dags/example_xcomargs.py
[2024-08-09T13:24:59.045-0400] {logging_mixin.py:188} INFO - [2024-08-09T13:24:59.045-0400] {dag.py:3089} INFO - Sync 2 DAGs
[2024-08-09T13:24:59.048-0400] {logging_mixin.py:188} INFO - [2024-08-09T13:24:59.048-0400] {dag.py:3947} INFO - Setting next_dagrun for example_xcom_args to None, run_after=None
[2024-08-09T13:24:59.049-0400] {logging_mixin.py:188} INFO - [2024-08-09T13:24:59.049-0400] {dag.py:3947} INFO - Setting next_dagrun for example_xcom_args_with_operators to None, run_after=None
[2024-08-09T13:24:59.055-0400] {processor.py:183} INFO - Processing /Users/jakeliu/we-defend-truth-1/airflow_env/lib/python3.12/site-packages/airflow/example_dags/example_xcomargs.py took 0.058 seconds
[2024-08-09T13:25:57.196-0400] {processor.py:161} INFO - Started process (PID=22871) to work on /Users/jakeliu/we-defend-truth-1/airflow_env/lib/python3.12/site-packages/airflow/example_dags/example_xcomargs.py
[2024-08-09T13:25:57.197-0400] {processor.py:830} INFO - Processing file /Users/jakeliu/we-defend-truth-1/airflow_env/lib/python3.12/site-packages/airflow/example_dags/example_xcomargs.py for tasks to queue
[2024-08-09T13:25:57.197-0400] {logging_mixin.py:188} INFO - [2024-08-09T13:25:57.197-0400] {dagbag.py:545} INFO - Filling up the DagBag from /Users/jakeliu/we-defend-truth-1/airflow_env/lib/python3.12/site-packages/airflow/example_dags/example_xcomargs.py
[2024-08-09T13:25:57.211-0400] {processor.py:840} INFO - DAG(s) 'example_xcom_args_with_operators', 'example_xcom_args' retrieved from /Users/jakeliu/we-defend-truth-1/airflow_env/lib/python3.12/site-packages/airflow/example_dags/example_xcomargs.py
[2024-08-09T13:25:57.242-0400] {logging_mixin.py:188} INFO - [2024-08-09T13:25:57.242-0400] {dag.py:3089} INFO - Sync 2 DAGs
[2024-08-09T13:25:57.245-0400] {logging_mixin.py:188} INFO - [2024-08-09T13:25:57.245-0400] {dag.py:3947} INFO - Setting next_dagrun for example_xcom_args to None, run_after=None
[2024-08-09T13:25:57.246-0400] {logging_mixin.py:188} INFO - [2024-08-09T13:25:57.246-0400] {dag.py:3947} INFO - Setting next_dagrun for example_xcom_args_with_operators to None, run_after=None
[2024-08-09T13:25:57.252-0400] {processor.py:183} INFO - Processing /Users/jakeliu/we-defend-truth-1/airflow_env/lib/python3.12/site-packages/airflow/example_dags/example_xcomargs.py took 0.057 seconds
[2024-08-09T13:26:55.518-0400] {processor.py:161} INFO - Started process (PID=22927) to work on /Users/jakeliu/we-defend-truth-1/airflow_env/lib/python3.12/site-packages/airflow/example_dags/example_xcomargs.py
[2024-08-09T13:26:55.519-0400] {processor.py:830} INFO - Processing file /Users/jakeliu/we-defend-truth-1/airflow_env/lib/python3.12/site-packages/airflow/example_dags/example_xcomargs.py for tasks to queue
[2024-08-09T13:26:55.519-0400] {logging_mixin.py:188} INFO - [2024-08-09T13:26:55.519-0400] {dagbag.py:545} INFO - Filling up the DagBag from /Users/jakeliu/we-defend-truth-1/airflow_env/lib/python3.12/site-packages/airflow/example_dags/example_xcomargs.py
[2024-08-09T13:26:55.533-0400] {processor.py:840} INFO - DAG(s) 'example_xcom_args_with_operators', 'example_xcom_args' retrieved from /Users/jakeliu/we-defend-truth-1/airflow_env/lib/python3.12/site-packages/airflow/example_dags/example_xcomargs.py
[2024-08-09T13:26:55.564-0400] {logging_mixin.py:188} INFO - [2024-08-09T13:26:55.563-0400] {dag.py:3089} INFO - Sync 2 DAGs
[2024-08-09T13:26:55.566-0400] {logging_mixin.py:188} INFO - [2024-08-09T13:26:55.566-0400] {dag.py:3947} INFO - Setting next_dagrun for example_xcom_args to None, run_after=None
[2024-08-09T13:26:55.567-0400] {logging_mixin.py:188} INFO - [2024-08-09T13:26:55.567-0400] {dag.py:3947} INFO - Setting next_dagrun for example_xcom_args_with_operators to None, run_after=None
[2024-08-09T13:26:55.573-0400] {processor.py:183} INFO - Processing /Users/jakeliu/we-defend-truth-1/airflow_env/lib/python3.12/site-packages/airflow/example_dags/example_xcomargs.py took 0.056 seconds
