[2024-08-09T13:05:00.314-0400] {processor.py:161} INFO - Started process (PID=20925) to work on /Users/jakeliu/we-defend-truth-1/airflow_env/lib/python3.12/site-packages/airflow/example_dags/example_branch_python_dop_operator_3.py
[2024-08-09T13:05:00.315-0400] {processor.py:830} INFO - Processing file /Users/jakeliu/we-defend-truth-1/airflow_env/lib/python3.12/site-packages/airflow/example_dags/example_branch_python_dop_operator_3.py for tasks to queue
[2024-08-09T13:05:00.315-0400] {logging_mixin.py:188} INFO - [2024-08-09T13:05:00.315-0400] {dagbag.py:545} INFO - Filling up the DagBag from /Users/jakeliu/we-defend-truth-1/airflow_env/lib/python3.12/site-packages/airflow/example_dags/example_branch_python_dop_operator_3.py
[2024-08-09T13:05:00.330-0400] {processor.py:840} INFO - DAG(s) 'example_branch_dop_operator_v3' retrieved from /Users/jakeliu/we-defend-truth-1/airflow_env/lib/python3.12/site-packages/airflow/example_dags/example_branch_python_dop_operator_3.py
[2024-08-09T13:05:00.384-0400] {logging_mixin.py:188} INFO - [2024-08-09T13:05:00.384-0400] {dag.py:3089} INFO - Sync 1 DAGs
[2024-08-09T13:05:00.391-0400] {logging_mixin.py:188} INFO - [2024-08-09T13:05:00.391-0400] {dag.py:3947} INFO - Setting next_dagrun for example_branch_dop_operator_v3 to 2024-08-09 17:04:00+00:00, run_after=2024-08-09 17:05:00+00:00
[2024-08-09T13:05:00.398-0400] {processor.py:183} INFO - Processing /Users/jakeliu/we-defend-truth-1/airflow_env/lib/python3.12/site-packages/airflow/example_dags/example_branch_python_dop_operator_3.py took 0.085 seconds
[2024-08-09T13:06:49.048-0400] {processor.py:161} INFO - Started process (PID=21056) to work on /Users/jakeliu/we-defend-truth-1/airflow_env/lib/python3.12/site-packages/airflow/example_dags/example_branch_python_dop_operator_3.py
[2024-08-09T13:06:49.049-0400] {processor.py:830} INFO - Processing file /Users/jakeliu/we-defend-truth-1/airflow_env/lib/python3.12/site-packages/airflow/example_dags/example_branch_python_dop_operator_3.py for tasks to queue
[2024-08-09T13:06:49.050-0400] {logging_mixin.py:188} INFO - [2024-08-09T13:06:49.050-0400] {dagbag.py:545} INFO - Filling up the DagBag from /Users/jakeliu/we-defend-truth-1/airflow_env/lib/python3.12/site-packages/airflow/example_dags/example_branch_python_dop_operator_3.py
[2024-08-09T13:06:49.064-0400] {processor.py:840} INFO - DAG(s) 'example_branch_dop_operator_v3' retrieved from /Users/jakeliu/we-defend-truth-1/airflow_env/lib/python3.12/site-packages/airflow/example_dags/example_branch_python_dop_operator_3.py
[2024-08-09T13:06:49.093-0400] {logging_mixin.py:188} INFO - [2024-08-09T13:06:49.093-0400] {dag.py:3089} INFO - Sync 1 DAGs
[2024-08-09T13:06:49.099-0400] {logging_mixin.py:188} INFO - [2024-08-09T13:06:49.099-0400] {dag.py:3947} INFO - Setting next_dagrun for example_branch_dop_operator_v3 to 2024-08-09 17:05:00+00:00, run_after=2024-08-09 17:06:00+00:00
[2024-08-09T13:06:49.106-0400] {processor.py:183} INFO - Processing /Users/jakeliu/we-defend-truth-1/airflow_env/lib/python3.12/site-packages/airflow/example_dags/example_branch_python_dop_operator_3.py took 0.058 seconds
[2024-08-09T13:08:31.712-0400] {processor.py:161} INFO - Started process (PID=21196) to work on /Users/jakeliu/we-defend-truth-1/airflow_env/lib/python3.12/site-packages/airflow/example_dags/example_branch_python_dop_operator_3.py
[2024-08-09T13:08:31.714-0400] {processor.py:830} INFO - Processing file /Users/jakeliu/we-defend-truth-1/airflow_env/lib/python3.12/site-packages/airflow/example_dags/example_branch_python_dop_operator_3.py for tasks to queue
[2024-08-09T13:08:31.714-0400] {logging_mixin.py:188} INFO - [2024-08-09T13:08:31.714-0400] {dagbag.py:545} INFO - Filling up the DagBag from /Users/jakeliu/we-defend-truth-1/airflow_env/lib/python3.12/site-packages/airflow/example_dags/example_branch_python_dop_operator_3.py
[2024-08-09T13:08:31.728-0400] {processor.py:840} INFO - DAG(s) 'example_branch_dop_operator_v3' retrieved from /Users/jakeliu/we-defend-truth-1/airflow_env/lib/python3.12/site-packages/airflow/example_dags/example_branch_python_dop_operator_3.py
[2024-08-09T13:08:31.758-0400] {logging_mixin.py:188} INFO - [2024-08-09T13:08:31.758-0400] {dag.py:3089} INFO - Sync 1 DAGs
[2024-08-09T13:08:31.764-0400] {logging_mixin.py:188} INFO - [2024-08-09T13:08:31.764-0400] {dag.py:3947} INFO - Setting next_dagrun for example_branch_dop_operator_v3 to 2024-08-09 17:07:00+00:00, run_after=2024-08-09 17:08:00+00:00
[2024-08-09T13:08:31.770-0400] {processor.py:183} INFO - Processing /Users/jakeliu/we-defend-truth-1/airflow_env/lib/python3.12/site-packages/airflow/example_dags/example_branch_python_dop_operator_3.py took 0.059 seconds
[2024-08-09T13:10:13.486-0400] {processor.py:161} INFO - Started process (PID=21310) to work on /Users/jakeliu/we-defend-truth-1/airflow_env/lib/python3.12/site-packages/airflow/example_dags/example_branch_python_dop_operator_3.py
[2024-08-09T13:10:13.487-0400] {processor.py:830} INFO - Processing file /Users/jakeliu/we-defend-truth-1/airflow_env/lib/python3.12/site-packages/airflow/example_dags/example_branch_python_dop_operator_3.py for tasks to queue
[2024-08-09T13:10:13.487-0400] {logging_mixin.py:188} INFO - [2024-08-09T13:10:13.487-0400] {dagbag.py:545} INFO - Filling up the DagBag from /Users/jakeliu/we-defend-truth-1/airflow_env/lib/python3.12/site-packages/airflow/example_dags/example_branch_python_dop_operator_3.py
[2024-08-09T13:10:13.503-0400] {processor.py:840} INFO - DAG(s) 'example_branch_dop_operator_v3' retrieved from /Users/jakeliu/we-defend-truth-1/airflow_env/lib/python3.12/site-packages/airflow/example_dags/example_branch_python_dop_operator_3.py
[2024-08-09T13:10:13.543-0400] {logging_mixin.py:188} INFO - [2024-08-09T13:10:13.543-0400] {dag.py:3089} INFO - Sync 1 DAGs
[2024-08-09T13:10:13.550-0400] {logging_mixin.py:188} INFO - [2024-08-09T13:10:13.550-0400] {dag.py:3947} INFO - Setting next_dagrun for example_branch_dop_operator_v3 to 2024-08-09 17:09:00+00:00, run_after=2024-08-09 17:10:00+00:00
[2024-08-09T13:10:13.558-0400] {processor.py:183} INFO - Processing /Users/jakeliu/we-defend-truth-1/airflow_env/lib/python3.12/site-packages/airflow/example_dags/example_branch_python_dop_operator_3.py took 0.073 seconds
[2024-08-09T13:11:59.102-0400] {processor.py:161} INFO - Started process (PID=21416) to work on /Users/jakeliu/we-defend-truth-1/airflow_env/lib/python3.12/site-packages/airflow/example_dags/example_branch_python_dop_operator_3.py
[2024-08-09T13:11:59.103-0400] {processor.py:830} INFO - Processing file /Users/jakeliu/we-defend-truth-1/airflow_env/lib/python3.12/site-packages/airflow/example_dags/example_branch_python_dop_operator_3.py for tasks to queue
[2024-08-09T13:11:59.103-0400] {logging_mixin.py:188} INFO - [2024-08-09T13:11:59.103-0400] {dagbag.py:545} INFO - Filling up the DagBag from /Users/jakeliu/we-defend-truth-1/airflow_env/lib/python3.12/site-packages/airflow/example_dags/example_branch_python_dop_operator_3.py
[2024-08-09T13:11:59.117-0400] {processor.py:840} INFO - DAG(s) 'example_branch_dop_operator_v3' retrieved from /Users/jakeliu/we-defend-truth-1/airflow_env/lib/python3.12/site-packages/airflow/example_dags/example_branch_python_dop_operator_3.py
[2024-08-09T13:11:59.147-0400] {logging_mixin.py:188} INFO - [2024-08-09T13:11:59.146-0400] {dag.py:3089} INFO - Sync 1 DAGs
[2024-08-09T13:11:59.153-0400] {logging_mixin.py:188} INFO - [2024-08-09T13:11:59.153-0400] {dag.py:3947} INFO - Setting next_dagrun for example_branch_dop_operator_v3 to 2024-08-09 17:10:00+00:00, run_after=2024-08-09 17:11:00+00:00
[2024-08-09T13:11:59.159-0400] {processor.py:183} INFO - Processing /Users/jakeliu/we-defend-truth-1/airflow_env/lib/python3.12/site-packages/airflow/example_dags/example_branch_python_dop_operator_3.py took 0.059 seconds
[2024-08-09T13:13:51.989-0400] {processor.py:161} INFO - Started process (PID=21516) to work on /Users/jakeliu/we-defend-truth-1/airflow_env/lib/python3.12/site-packages/airflow/example_dags/example_branch_python_dop_operator_3.py
[2024-08-09T13:13:51.990-0400] {processor.py:830} INFO - Processing file /Users/jakeliu/we-defend-truth-1/airflow_env/lib/python3.12/site-packages/airflow/example_dags/example_branch_python_dop_operator_3.py for tasks to queue
[2024-08-09T13:13:51.991-0400] {logging_mixin.py:188} INFO - [2024-08-09T13:13:51.991-0400] {dagbag.py:545} INFO - Filling up the DagBag from /Users/jakeliu/we-defend-truth-1/airflow_env/lib/python3.12/site-packages/airflow/example_dags/example_branch_python_dop_operator_3.py
[2024-08-09T13:13:52.005-0400] {processor.py:840} INFO - DAG(s) 'example_branch_dop_operator_v3' retrieved from /Users/jakeliu/we-defend-truth-1/airflow_env/lib/python3.12/site-packages/airflow/example_dags/example_branch_python_dop_operator_3.py
[2024-08-09T13:13:52.036-0400] {logging_mixin.py:188} INFO - [2024-08-09T13:13:52.036-0400] {dag.py:3089} INFO - Sync 1 DAGs
[2024-08-09T13:13:52.042-0400] {logging_mixin.py:188} INFO - [2024-08-09T13:13:52.042-0400] {dag.py:3947} INFO - Setting next_dagrun for example_branch_dop_operator_v3 to 2024-08-09 17:12:00+00:00, run_after=2024-08-09 17:13:00+00:00
[2024-08-09T13:13:52.049-0400] {processor.py:183} INFO - Processing /Users/jakeliu/we-defend-truth-1/airflow_env/lib/python3.12/site-packages/airflow/example_dags/example_branch_python_dop_operator_3.py took 0.061 seconds
[2024-08-09T13:15:49.257-0400] {processor.py:161} INFO - Started process (PID=21628) to work on /Users/jakeliu/we-defend-truth-1/airflow_env/lib/python3.12/site-packages/airflow/example_dags/example_branch_python_dop_operator_3.py
[2024-08-09T13:15:49.257-0400] {processor.py:830} INFO - Processing file /Users/jakeliu/we-defend-truth-1/airflow_env/lib/python3.12/site-packages/airflow/example_dags/example_branch_python_dop_operator_3.py for tasks to queue
[2024-08-09T13:15:49.258-0400] {logging_mixin.py:188} INFO - [2024-08-09T13:15:49.258-0400] {dagbag.py:545} INFO - Filling up the DagBag from /Users/jakeliu/we-defend-truth-1/airflow_env/lib/python3.12/site-packages/airflow/example_dags/example_branch_python_dop_operator_3.py
[2024-08-09T13:15:49.272-0400] {processor.py:840} INFO - DAG(s) 'example_branch_dop_operator_v3' retrieved from /Users/jakeliu/we-defend-truth-1/airflow_env/lib/python3.12/site-packages/airflow/example_dags/example_branch_python_dop_operator_3.py
[2024-08-09T13:15:49.301-0400] {logging_mixin.py:188} INFO - [2024-08-09T13:15:49.301-0400] {dag.py:3089} INFO - Sync 1 DAGs
[2024-08-09T13:15:49.307-0400] {logging_mixin.py:188} INFO - [2024-08-09T13:15:49.307-0400] {dag.py:3947} INFO - Setting next_dagrun for example_branch_dop_operator_v3 to 2024-08-09 17:14:00+00:00, run_after=2024-08-09 17:15:00+00:00
[2024-08-09T13:15:49.314-0400] {processor.py:183} INFO - Processing /Users/jakeliu/we-defend-truth-1/airflow_env/lib/python3.12/site-packages/airflow/example_dags/example_branch_python_dop_operator_3.py took 0.058 seconds
[2024-08-09T13:17:38.494-0400] {processor.py:161} INFO - Started process (PID=21806) to work on /Users/jakeliu/we-defend-truth-1/airflow_env/lib/python3.12/site-packages/airflow/example_dags/example_branch_python_dop_operator_3.py
[2024-08-09T13:17:38.495-0400] {processor.py:830} INFO - Processing file /Users/jakeliu/we-defend-truth-1/airflow_env/lib/python3.12/site-packages/airflow/example_dags/example_branch_python_dop_operator_3.py for tasks to queue
[2024-08-09T13:17:38.495-0400] {logging_mixin.py:188} INFO - [2024-08-09T13:17:38.495-0400] {dagbag.py:545} INFO - Filling up the DagBag from /Users/jakeliu/we-defend-truth-1/airflow_env/lib/python3.12/site-packages/airflow/example_dags/example_branch_python_dop_operator_3.py
[2024-08-09T13:17:38.510-0400] {processor.py:840} INFO - DAG(s) 'example_branch_dop_operator_v3' retrieved from /Users/jakeliu/we-defend-truth-1/airflow_env/lib/python3.12/site-packages/airflow/example_dags/example_branch_python_dop_operator_3.py
[2024-08-09T13:17:38.540-0400] {logging_mixin.py:188} INFO - [2024-08-09T13:17:38.539-0400] {dag.py:3089} INFO - Sync 1 DAGs
[2024-08-09T13:17:38.546-0400] {logging_mixin.py:188} INFO - [2024-08-09T13:17:38.546-0400] {dag.py:3947} INFO - Setting next_dagrun for example_branch_dop_operator_v3 to 2024-08-09 17:16:00+00:00, run_after=2024-08-09 17:17:00+00:00
[2024-08-09T13:17:38.552-0400] {processor.py:183} INFO - Processing /Users/jakeliu/we-defend-truth-1/airflow_env/lib/python3.12/site-packages/airflow/example_dags/example_branch_python_dop_operator_3.py took 0.059 seconds
[2024-08-09T13:19:20.638-0400] {processor.py:161} INFO - Started process (PID=21900) to work on /Users/jakeliu/we-defend-truth-1/airflow_env/lib/python3.12/site-packages/airflow/example_dags/example_branch_python_dop_operator_3.py
[2024-08-09T13:19:20.639-0400] {processor.py:830} INFO - Processing file /Users/jakeliu/we-defend-truth-1/airflow_env/lib/python3.12/site-packages/airflow/example_dags/example_branch_python_dop_operator_3.py for tasks to queue
[2024-08-09T13:19:20.640-0400] {logging_mixin.py:188} INFO - [2024-08-09T13:19:20.640-0400] {dagbag.py:545} INFO - Filling up the DagBag from /Users/jakeliu/we-defend-truth-1/airflow_env/lib/python3.12/site-packages/airflow/example_dags/example_branch_python_dop_operator_3.py
[2024-08-09T13:19:20.656-0400] {processor.py:840} INFO - DAG(s) 'example_branch_dop_operator_v3' retrieved from /Users/jakeliu/we-defend-truth-1/airflow_env/lib/python3.12/site-packages/airflow/example_dags/example_branch_python_dop_operator_3.py
[2024-08-09T13:19:20.691-0400] {logging_mixin.py:188} INFO - [2024-08-09T13:19:20.691-0400] {dag.py:3089} INFO - Sync 1 DAGs
[2024-08-09T13:19:20.698-0400] {logging_mixin.py:188} INFO - [2024-08-09T13:19:20.698-0400] {dag.py:3947} INFO - Setting next_dagrun for example_branch_dop_operator_v3 to 2024-08-09 17:18:00+00:00, run_after=2024-08-09 17:19:00+00:00
[2024-08-09T13:19:20.705-0400] {processor.py:183} INFO - Processing /Users/jakeliu/we-defend-truth-1/airflow_env/lib/python3.12/site-packages/airflow/example_dags/example_branch_python_dop_operator_3.py took 0.068 seconds
[2024-08-09T13:21:01.520-0400] {processor.py:161} INFO - Started process (PID=22567) to work on /Users/jakeliu/we-defend-truth-1/airflow_env/lib/python3.12/site-packages/airflow/example_dags/example_branch_python_dop_operator_3.py
[2024-08-09T13:21:01.521-0400] {processor.py:830} INFO - Processing file /Users/jakeliu/we-defend-truth-1/airflow_env/lib/python3.12/site-packages/airflow/example_dags/example_branch_python_dop_operator_3.py for tasks to queue
[2024-08-09T13:21:01.522-0400] {logging_mixin.py:188} INFO - [2024-08-09T13:21:01.521-0400] {dagbag.py:545} INFO - Filling up the DagBag from /Users/jakeliu/we-defend-truth-1/airflow_env/lib/python3.12/site-packages/airflow/example_dags/example_branch_python_dop_operator_3.py
[2024-08-09T13:21:01.538-0400] {processor.py:840} INFO - DAG(s) 'example_branch_dop_operator_v3' retrieved from /Users/jakeliu/we-defend-truth-1/airflow_env/lib/python3.12/site-packages/airflow/example_dags/example_branch_python_dop_operator_3.py
[2024-08-09T13:21:01.571-0400] {logging_mixin.py:188} INFO - [2024-08-09T13:21:01.571-0400] {dag.py:3089} INFO - Sync 1 DAGs
[2024-08-09T13:21:01.578-0400] {logging_mixin.py:188} INFO - [2024-08-09T13:21:01.578-0400] {dag.py:3947} INFO - Setting next_dagrun for example_branch_dop_operator_v3 to 2024-08-09 17:20:00+00:00, run_after=2024-08-09 17:21:00+00:00
[2024-08-09T13:21:01.585-0400] {processor.py:183} INFO - Processing /Users/jakeliu/we-defend-truth-1/airflow_env/lib/python3.12/site-packages/airflow/example_dags/example_branch_python_dop_operator_3.py took 0.066 seconds
[2024-08-09T13:22:45.205-0400] {processor.py:161} INFO - Started process (PID=22673) to work on /Users/jakeliu/we-defend-truth-1/airflow_env/lib/python3.12/site-packages/airflow/example_dags/example_branch_python_dop_operator_3.py
[2024-08-09T13:22:45.206-0400] {processor.py:830} INFO - Processing file /Users/jakeliu/we-defend-truth-1/airflow_env/lib/python3.12/site-packages/airflow/example_dags/example_branch_python_dop_operator_3.py for tasks to queue
[2024-08-09T13:22:45.206-0400] {logging_mixin.py:188} INFO - [2024-08-09T13:22:45.206-0400] {dagbag.py:545} INFO - Filling up the DagBag from /Users/jakeliu/we-defend-truth-1/airflow_env/lib/python3.12/site-packages/airflow/example_dags/example_branch_python_dop_operator_3.py
[2024-08-09T13:22:45.221-0400] {processor.py:840} INFO - DAG(s) 'example_branch_dop_operator_v3' retrieved from /Users/jakeliu/we-defend-truth-1/airflow_env/lib/python3.12/site-packages/airflow/example_dags/example_branch_python_dop_operator_3.py
[2024-08-09T13:22:45.250-0400] {logging_mixin.py:188} INFO - [2024-08-09T13:22:45.250-0400] {dag.py:3089} INFO - Sync 1 DAGs
[2024-08-09T13:22:45.256-0400] {logging_mixin.py:188} INFO - [2024-08-09T13:22:45.256-0400] {dag.py:3947} INFO - Setting next_dagrun for example_branch_dop_operator_v3 to 2024-08-09 17:21:00+00:00, run_after=2024-08-09 17:22:00+00:00
[2024-08-09T13:22:45.263-0400] {processor.py:183} INFO - Processing /Users/jakeliu/we-defend-truth-1/airflow_env/lib/python3.12/site-packages/airflow/example_dags/example_branch_python_dop_operator_3.py took 0.059 seconds
[2024-08-09T13:24:26.994-0400] {processor.py:161} INFO - Started process (PID=22765) to work on /Users/jakeliu/we-defend-truth-1/airflow_env/lib/python3.12/site-packages/airflow/example_dags/example_branch_python_dop_operator_3.py
[2024-08-09T13:24:26.994-0400] {processor.py:830} INFO - Processing file /Users/jakeliu/we-defend-truth-1/airflow_env/lib/python3.12/site-packages/airflow/example_dags/example_branch_python_dop_operator_3.py for tasks to queue
[2024-08-09T13:24:26.994-0400] {logging_mixin.py:188} INFO - [2024-08-09T13:24:26.994-0400] {dagbag.py:545} INFO - Filling up the DagBag from /Users/jakeliu/we-defend-truth-1/airflow_env/lib/python3.12/site-packages/airflow/example_dags/example_branch_python_dop_operator_3.py
[2024-08-09T13:24:27.010-0400] {processor.py:840} INFO - DAG(s) 'example_branch_dop_operator_v3' retrieved from /Users/jakeliu/we-defend-truth-1/airflow_env/lib/python3.12/site-packages/airflow/example_dags/example_branch_python_dop_operator_3.py
[2024-08-09T13:24:27.042-0400] {logging_mixin.py:188} INFO - [2024-08-09T13:24:27.042-0400] {dag.py:3089} INFO - Sync 1 DAGs
[2024-08-09T13:24:27.048-0400] {logging_mixin.py:188} INFO - [2024-08-09T13:24:27.048-0400] {dag.py:3947} INFO - Setting next_dagrun for example_branch_dop_operator_v3 to 2024-08-09 17:23:00+00:00, run_after=2024-08-09 17:24:00+00:00
[2024-08-09T13:24:27.055-0400] {processor.py:183} INFO - Processing /Users/jakeliu/we-defend-truth-1/airflow_env/lib/python3.12/site-packages/airflow/example_dags/example_branch_python_dop_operator_3.py took 0.062 seconds
[2024-08-09T13:26:23.228-0400] {processor.py:161} INFO - Started process (PID=22907) to work on /Users/jakeliu/we-defend-truth-1/airflow_env/lib/python3.12/site-packages/airflow/example_dags/example_branch_python_dop_operator_3.py
[2024-08-09T13:26:23.229-0400] {processor.py:830} INFO - Processing file /Users/jakeliu/we-defend-truth-1/airflow_env/lib/python3.12/site-packages/airflow/example_dags/example_branch_python_dop_operator_3.py for tasks to queue
[2024-08-09T13:26:23.229-0400] {logging_mixin.py:188} INFO - [2024-08-09T13:26:23.229-0400] {dagbag.py:545} INFO - Filling up the DagBag from /Users/jakeliu/we-defend-truth-1/airflow_env/lib/python3.12/site-packages/airflow/example_dags/example_branch_python_dop_operator_3.py
[2024-08-09T13:26:23.244-0400] {processor.py:840} INFO - DAG(s) 'example_branch_dop_operator_v3' retrieved from /Users/jakeliu/we-defend-truth-1/airflow_env/lib/python3.12/site-packages/airflow/example_dags/example_branch_python_dop_operator_3.py
[2024-08-09T13:26:23.273-0400] {logging_mixin.py:188} INFO - [2024-08-09T13:26:23.273-0400] {dag.py:3089} INFO - Sync 1 DAGs
[2024-08-09T13:26:23.279-0400] {logging_mixin.py:188} INFO - [2024-08-09T13:26:23.279-0400] {dag.py:3947} INFO - Setting next_dagrun for example_branch_dop_operator_v3 to 2024-08-09 17:25:00+00:00, run_after=2024-08-09 17:26:00+00:00
[2024-08-09T13:26:23.286-0400] {processor.py:183} INFO - Processing /Users/jakeliu/we-defend-truth-1/airflow_env/lib/python3.12/site-packages/airflow/example_dags/example_branch_python_dop_operator_3.py took 0.059 seconds
