[2024-08-09T13:04:44.124-0400] {processor.py:161} INFO - Started process (PID=20915) to work on /Users/jakeliu/we-defend-truth-1/airflow_env/lib/python3.12/site-packages/airflow/example_dags/example_latest_only_with_trigger.py
[2024-08-09T13:04:44.124-0400] {processor.py:830} INFO - Processing file /Users/jakeliu/we-defend-truth-1/airflow_env/lib/python3.12/site-packages/airflow/example_dags/example_latest_only_with_trigger.py for tasks to queue
[2024-08-09T13:04:44.125-0400] {logging_mixin.py:188} INFO - [2024-08-09T13:04:44.125-0400] {dagbag.py:545} INFO - Filling up the DagBag from /Users/jakeliu/we-defend-truth-1/airflow_env/lib/python3.12/site-packages/airflow/example_dags/example_latest_only_with_trigger.py
[2024-08-09T13:04:44.128-0400] {processor.py:840} INFO - DAG(s) 'latest_only_with_trigger' retrieved from /Users/jakeliu/we-defend-truth-1/airflow_env/lib/python3.12/site-packages/airflow/example_dags/example_latest_only_with_trigger.py
[2024-08-09T13:04:44.187-0400] {logging_mixin.py:188} INFO - [2024-08-09T13:04:44.187-0400] {dag.py:3089} INFO - Sync 1 DAGs
[2024-08-09T13:04:44.193-0400] {logging_mixin.py:188} INFO - [2024-08-09T13:04:44.193-0400] {dag.py:3947} INFO - Setting next_dagrun for latest_only_with_trigger to 2024-08-09 12:00:00+00:00, run_after=2024-08-09 16:00:00+00:00
[2024-08-09T13:04:44.199-0400] {processor.py:183} INFO - Processing /Users/jakeliu/we-defend-truth-1/airflow_env/lib/python3.12/site-packages/airflow/example_dags/example_latest_only_with_trigger.py took 0.076 seconds
[2024-08-09T13:06:32.180-0400] {processor.py:161} INFO - Started process (PID=21034) to work on /Users/jakeliu/we-defend-truth-1/airflow_env/lib/python3.12/site-packages/airflow/example_dags/example_latest_only_with_trigger.py
[2024-08-09T13:06:32.181-0400] {processor.py:830} INFO - Processing file /Users/jakeliu/we-defend-truth-1/airflow_env/lib/python3.12/site-packages/airflow/example_dags/example_latest_only_with_trigger.py for tasks to queue
[2024-08-09T13:06:32.181-0400] {logging_mixin.py:188} INFO - [2024-08-09T13:06:32.181-0400] {dagbag.py:545} INFO - Filling up the DagBag from /Users/jakeliu/we-defend-truth-1/airflow_env/lib/python3.12/site-packages/airflow/example_dags/example_latest_only_with_trigger.py
[2024-08-09T13:06:32.184-0400] {processor.py:840} INFO - DAG(s) 'latest_only_with_trigger' retrieved from /Users/jakeliu/we-defend-truth-1/airflow_env/lib/python3.12/site-packages/airflow/example_dags/example_latest_only_with_trigger.py
[2024-08-09T13:06:32.215-0400] {logging_mixin.py:188} INFO - [2024-08-09T13:06:32.214-0400] {dag.py:3089} INFO - Sync 1 DAGs
[2024-08-09T13:06:32.220-0400] {logging_mixin.py:188} INFO - [2024-08-09T13:06:32.220-0400] {dag.py:3947} INFO - Setting next_dagrun for latest_only_with_trigger to 2024-08-09 12:00:00+00:00, run_after=2024-08-09 16:00:00+00:00
[2024-08-09T13:06:32.226-0400] {processor.py:183} INFO - Processing /Users/jakeliu/we-defend-truth-1/airflow_env/lib/python3.12/site-packages/airflow/example_dags/example_latest_only_with_trigger.py took 0.047 seconds
[2024-08-09T13:08:16.531-0400] {processor.py:161} INFO - Started process (PID=21186) to work on /Users/jakeliu/we-defend-truth-1/airflow_env/lib/python3.12/site-packages/airflow/example_dags/example_latest_only_with_trigger.py
[2024-08-09T13:08:16.532-0400] {processor.py:830} INFO - Processing file /Users/jakeliu/we-defend-truth-1/airflow_env/lib/python3.12/site-packages/airflow/example_dags/example_latest_only_with_trigger.py for tasks to queue
[2024-08-09T13:08:16.532-0400] {logging_mixin.py:188} INFO - [2024-08-09T13:08:16.532-0400] {dagbag.py:545} INFO - Filling up the DagBag from /Users/jakeliu/we-defend-truth-1/airflow_env/lib/python3.12/site-packages/airflow/example_dags/example_latest_only_with_trigger.py
[2024-08-09T13:08:16.536-0400] {processor.py:840} INFO - DAG(s) 'latest_only_with_trigger' retrieved from /Users/jakeliu/we-defend-truth-1/airflow_env/lib/python3.12/site-packages/airflow/example_dags/example_latest_only_with_trigger.py
[2024-08-09T13:08:16.584-0400] {logging_mixin.py:188} INFO - [2024-08-09T13:08:16.584-0400] {dag.py:3089} INFO - Sync 1 DAGs
[2024-08-09T13:08:16.590-0400] {logging_mixin.py:188} INFO - [2024-08-09T13:08:16.590-0400] {dag.py:3947} INFO - Setting next_dagrun for latest_only_with_trigger to 2024-08-09 12:00:00+00:00, run_after=2024-08-09 16:00:00+00:00
[2024-08-09T13:08:16.596-0400] {processor.py:183} INFO - Processing /Users/jakeliu/we-defend-truth-1/airflow_env/lib/python3.12/site-packages/airflow/example_dags/example_latest_only_with_trigger.py took 0.066 seconds
[2024-08-09T13:09:55.522-0400] {processor.py:161} INFO - Started process (PID=21300) to work on /Users/jakeliu/we-defend-truth-1/airflow_env/lib/python3.12/site-packages/airflow/example_dags/example_latest_only_with_trigger.py
[2024-08-09T13:09:55.523-0400] {processor.py:830} INFO - Processing file /Users/jakeliu/we-defend-truth-1/airflow_env/lib/python3.12/site-packages/airflow/example_dags/example_latest_only_with_trigger.py for tasks to queue
[2024-08-09T13:09:55.523-0400] {logging_mixin.py:188} INFO - [2024-08-09T13:09:55.523-0400] {dagbag.py:545} INFO - Filling up the DagBag from /Users/jakeliu/we-defend-truth-1/airflow_env/lib/python3.12/site-packages/airflow/example_dags/example_latest_only_with_trigger.py
[2024-08-09T13:09:55.526-0400] {processor.py:840} INFO - DAG(s) 'latest_only_with_trigger' retrieved from /Users/jakeliu/we-defend-truth-1/airflow_env/lib/python3.12/site-packages/airflow/example_dags/example_latest_only_with_trigger.py
[2024-08-09T13:09:55.558-0400] {logging_mixin.py:188} INFO - [2024-08-09T13:09:55.558-0400] {dag.py:3089} INFO - Sync 1 DAGs
[2024-08-09T13:09:55.564-0400] {logging_mixin.py:188} INFO - [2024-08-09T13:09:55.564-0400] {dag.py:3947} INFO - Setting next_dagrun for latest_only_with_trigger to 2024-08-09 12:00:00+00:00, run_after=2024-08-09 16:00:00+00:00
[2024-08-09T13:09:55.570-0400] {processor.py:183} INFO - Processing /Users/jakeliu/we-defend-truth-1/airflow_env/lib/python3.12/site-packages/airflow/example_dags/example_latest_only_with_trigger.py took 0.050 seconds
[2024-08-09T13:11:19.001-0400] {processor.py:161} INFO - Started process (PID=21387) to work on /Users/jakeliu/we-defend-truth-1/airflow_env/lib/python3.12/site-packages/airflow/example_dags/example_latest_only_with_trigger.py
[2024-08-09T13:11:19.003-0400] {processor.py:830} INFO - Processing file /Users/jakeliu/we-defend-truth-1/airflow_env/lib/python3.12/site-packages/airflow/example_dags/example_latest_only_with_trigger.py for tasks to queue
[2024-08-09T13:11:19.003-0400] {logging_mixin.py:188} INFO - [2024-08-09T13:11:19.003-0400] {dagbag.py:545} INFO - Filling up the DagBag from /Users/jakeliu/we-defend-truth-1/airflow_env/lib/python3.12/site-packages/airflow/example_dags/example_latest_only_with_trigger.py
[2024-08-09T13:11:19.006-0400] {processor.py:840} INFO - DAG(s) 'latest_only_with_trigger' retrieved from /Users/jakeliu/we-defend-truth-1/airflow_env/lib/python3.12/site-packages/airflow/example_dags/example_latest_only_with_trigger.py
[2024-08-09T13:11:19.037-0400] {logging_mixin.py:188} INFO - [2024-08-09T13:11:19.036-0400] {dag.py:3089} INFO - Sync 1 DAGs
[2024-08-09T13:11:19.042-0400] {logging_mixin.py:188} INFO - [2024-08-09T13:11:19.042-0400] {dag.py:3947} INFO - Setting next_dagrun for latest_only_with_trigger to 2024-08-09 12:00:00+00:00, run_after=2024-08-09 16:00:00+00:00
[2024-08-09T13:11:19.048-0400] {processor.py:183} INFO - Processing /Users/jakeliu/we-defend-truth-1/airflow_env/lib/python3.12/site-packages/airflow/example_dags/example_latest_only_with_trigger.py took 0.048 seconds
[2024-08-09T13:13:05.078-0400] {processor.py:161} INFO - Started process (PID=21486) to work on /Users/jakeliu/we-defend-truth-1/airflow_env/lib/python3.12/site-packages/airflow/example_dags/example_latest_only_with_trigger.py
[2024-08-09T13:13:05.079-0400] {processor.py:830} INFO - Processing file /Users/jakeliu/we-defend-truth-1/airflow_env/lib/python3.12/site-packages/airflow/example_dags/example_latest_only_with_trigger.py for tasks to queue
[2024-08-09T13:13:05.080-0400] {logging_mixin.py:188} INFO - [2024-08-09T13:13:05.080-0400] {dagbag.py:545} INFO - Filling up the DagBag from /Users/jakeliu/we-defend-truth-1/airflow_env/lib/python3.12/site-packages/airflow/example_dags/example_latest_only_with_trigger.py
[2024-08-09T13:13:05.084-0400] {processor.py:840} INFO - DAG(s) 'latest_only_with_trigger' retrieved from /Users/jakeliu/we-defend-truth-1/airflow_env/lib/python3.12/site-packages/airflow/example_dags/example_latest_only_with_trigger.py
[2024-08-09T13:13:05.118-0400] {logging_mixin.py:188} INFO - [2024-08-09T13:13:05.118-0400] {dag.py:3089} INFO - Sync 1 DAGs
[2024-08-09T13:13:05.124-0400] {logging_mixin.py:188} INFO - [2024-08-09T13:13:05.124-0400] {dag.py:3947} INFO - Setting next_dagrun for latest_only_with_trigger to 2024-08-09 12:00:00+00:00, run_after=2024-08-09 16:00:00+00:00
[2024-08-09T13:13:05.131-0400] {processor.py:183} INFO - Processing /Users/jakeliu/we-defend-truth-1/airflow_env/lib/python3.12/site-packages/airflow/example_dags/example_latest_only_with_trigger.py took 0.054 seconds
[2024-08-09T13:15:02.700-0400] {processor.py:161} INFO - Started process (PID=21601) to work on /Users/jakeliu/we-defend-truth-1/airflow_env/lib/python3.12/site-packages/airflow/example_dags/example_latest_only_with_trigger.py
[2024-08-09T13:15:02.700-0400] {processor.py:830} INFO - Processing file /Users/jakeliu/we-defend-truth-1/airflow_env/lib/python3.12/site-packages/airflow/example_dags/example_latest_only_with_trigger.py for tasks to queue
[2024-08-09T13:15:02.701-0400] {logging_mixin.py:188} INFO - [2024-08-09T13:15:02.701-0400] {dagbag.py:545} INFO - Filling up the DagBag from /Users/jakeliu/we-defend-truth-1/airflow_env/lib/python3.12/site-packages/airflow/example_dags/example_latest_only_with_trigger.py
[2024-08-09T13:15:02.704-0400] {processor.py:840} INFO - DAG(s) 'latest_only_with_trigger' retrieved from /Users/jakeliu/we-defend-truth-1/airflow_env/lib/python3.12/site-packages/airflow/example_dags/example_latest_only_with_trigger.py
[2024-08-09T13:15:02.735-0400] {logging_mixin.py:188} INFO - [2024-08-09T13:15:02.735-0400] {dag.py:3089} INFO - Sync 1 DAGs
[2024-08-09T13:15:02.741-0400] {logging_mixin.py:188} INFO - [2024-08-09T13:15:02.741-0400] {dag.py:3947} INFO - Setting next_dagrun for latest_only_with_trigger to 2024-08-09 12:00:00+00:00, run_after=2024-08-09 16:00:00+00:00
[2024-08-09T13:15:02.747-0400] {processor.py:183} INFO - Processing /Users/jakeliu/we-defend-truth-1/airflow_env/lib/python3.12/site-packages/airflow/example_dags/example_latest_only_with_trigger.py took 0.048 seconds
[2024-08-09T13:16:58.443-0400] {processor.py:161} INFO - Started process (PID=21739) to work on /Users/jakeliu/we-defend-truth-1/airflow_env/lib/python3.12/site-packages/airflow/example_dags/example_latest_only_with_trigger.py
[2024-08-09T13:16:58.443-0400] {processor.py:830} INFO - Processing file /Users/jakeliu/we-defend-truth-1/airflow_env/lib/python3.12/site-packages/airflow/example_dags/example_latest_only_with_trigger.py for tasks to queue
[2024-08-09T13:16:58.443-0400] {logging_mixin.py:188} INFO - [2024-08-09T13:16:58.443-0400] {dagbag.py:545} INFO - Filling up the DagBag from /Users/jakeliu/we-defend-truth-1/airflow_env/lib/python3.12/site-packages/airflow/example_dags/example_latest_only_with_trigger.py
[2024-08-09T13:16:58.447-0400] {processor.py:840} INFO - DAG(s) 'latest_only_with_trigger' retrieved from /Users/jakeliu/we-defend-truth-1/airflow_env/lib/python3.12/site-packages/airflow/example_dags/example_latest_only_with_trigger.py
[2024-08-09T13:16:58.479-0400] {logging_mixin.py:188} INFO - [2024-08-09T13:16:58.479-0400] {dag.py:3089} INFO - Sync 1 DAGs
[2024-08-09T13:16:58.486-0400] {logging_mixin.py:188} INFO - [2024-08-09T13:16:58.486-0400] {dag.py:3947} INFO - Setting next_dagrun for latest_only_with_trigger to 2024-08-09 12:00:00+00:00, run_after=2024-08-09 16:00:00+00:00
[2024-08-09T13:16:58.494-0400] {processor.py:183} INFO - Processing /Users/jakeliu/we-defend-truth-1/airflow_env/lib/python3.12/site-packages/airflow/example_dags/example_latest_only_with_trigger.py took 0.052 seconds
[2024-08-09T13:18:38.943-0400] {processor.py:161} INFO - Started process (PID=21870) to work on /Users/jakeliu/we-defend-truth-1/airflow_env/lib/python3.12/site-packages/airflow/example_dags/example_latest_only_with_trigger.py
[2024-08-09T13:18:38.943-0400] {processor.py:830} INFO - Processing file /Users/jakeliu/we-defend-truth-1/airflow_env/lib/python3.12/site-packages/airflow/example_dags/example_latest_only_with_trigger.py for tasks to queue
[2024-08-09T13:18:38.943-0400] {logging_mixin.py:188} INFO - [2024-08-09T13:18:38.943-0400] {dagbag.py:545} INFO - Filling up the DagBag from /Users/jakeliu/we-defend-truth-1/airflow_env/lib/python3.12/site-packages/airflow/example_dags/example_latest_only_with_trigger.py
[2024-08-09T13:18:38.946-0400] {processor.py:840} INFO - DAG(s) 'latest_only_with_trigger' retrieved from /Users/jakeliu/we-defend-truth-1/airflow_env/lib/python3.12/site-packages/airflow/example_dags/example_latest_only_with_trigger.py
[2024-08-09T13:18:38.977-0400] {logging_mixin.py:188} INFO - [2024-08-09T13:18:38.977-0400] {dag.py:3089} INFO - Sync 1 DAGs
[2024-08-09T13:18:38.983-0400] {logging_mixin.py:188} INFO - [2024-08-09T13:18:38.983-0400] {dag.py:3947} INFO - Setting next_dagrun for latest_only_with_trigger to 2024-08-09 12:00:00+00:00, run_after=2024-08-09 16:00:00+00:00
[2024-08-09T13:18:38.989-0400] {processor.py:183} INFO - Processing /Users/jakeliu/we-defend-truth-1/airflow_env/lib/python3.12/site-packages/airflow/example_dags/example_latest_only_with_trigger.py took 0.047 seconds
[2024-08-09T13:20:23.016-0400] {processor.py:161} INFO - Started process (PID=21983) to work on /Users/jakeliu/we-defend-truth-1/airflow_env/lib/python3.12/site-packages/airflow/example_dags/example_latest_only_with_trigger.py
[2024-08-09T13:20:23.017-0400] {processor.py:830} INFO - Processing file /Users/jakeliu/we-defend-truth-1/airflow_env/lib/python3.12/site-packages/airflow/example_dags/example_latest_only_with_trigger.py for tasks to queue
[2024-08-09T13:20:23.017-0400] {logging_mixin.py:188} INFO - [2024-08-09T13:20:23.017-0400] {dagbag.py:545} INFO - Filling up the DagBag from /Users/jakeliu/we-defend-truth-1/airflow_env/lib/python3.12/site-packages/airflow/example_dags/example_latest_only_with_trigger.py
[2024-08-09T13:20:23.021-0400] {processor.py:840} INFO - DAG(s) 'latest_only_with_trigger' retrieved from /Users/jakeliu/we-defend-truth-1/airflow_env/lib/python3.12/site-packages/airflow/example_dags/example_latest_only_with_trigger.py
[2024-08-09T13:20:23.055-0400] {logging_mixin.py:188} INFO - [2024-08-09T13:20:23.055-0400] {dag.py:3089} INFO - Sync 1 DAGs
[2024-08-09T13:20:23.061-0400] {logging_mixin.py:188} INFO - [2024-08-09T13:20:23.061-0400] {dag.py:3947} INFO - Setting next_dagrun for latest_only_with_trigger to 2024-08-09 12:00:00+00:00, run_after=2024-08-09 16:00:00+00:00
[2024-08-09T13:20:23.068-0400] {processor.py:183} INFO - Processing /Users/jakeliu/we-defend-truth-1/airflow_env/lib/python3.12/site-packages/airflow/example_dags/example_latest_only_with_trigger.py took 0.054 seconds
[2024-08-09T13:22:04.701-0400] {processor.py:161} INFO - Started process (PID=22624) to work on /Users/jakeliu/we-defend-truth-1/airflow_env/lib/python3.12/site-packages/airflow/example_dags/example_latest_only_with_trigger.py
[2024-08-09T13:22:04.702-0400] {processor.py:830} INFO - Processing file /Users/jakeliu/we-defend-truth-1/airflow_env/lib/python3.12/site-packages/airflow/example_dags/example_latest_only_with_trigger.py for tasks to queue
[2024-08-09T13:22:04.703-0400] {logging_mixin.py:188} INFO - [2024-08-09T13:22:04.703-0400] {dagbag.py:545} INFO - Filling up the DagBag from /Users/jakeliu/we-defend-truth-1/airflow_env/lib/python3.12/site-packages/airflow/example_dags/example_latest_only_with_trigger.py
[2024-08-09T13:22:04.706-0400] {processor.py:840} INFO - DAG(s) 'latest_only_with_trigger' retrieved from /Users/jakeliu/we-defend-truth-1/airflow_env/lib/python3.12/site-packages/airflow/example_dags/example_latest_only_with_trigger.py
[2024-08-09T13:22:04.737-0400] {logging_mixin.py:188} INFO - [2024-08-09T13:22:04.737-0400] {dag.py:3089} INFO - Sync 1 DAGs
[2024-08-09T13:22:04.743-0400] {logging_mixin.py:188} INFO - [2024-08-09T13:22:04.743-0400] {dag.py:3947} INFO - Setting next_dagrun for latest_only_with_trigger to 2024-08-09 12:00:00+00:00, run_after=2024-08-09 16:00:00+00:00
[2024-08-09T13:22:04.748-0400] {processor.py:183} INFO - Processing /Users/jakeliu/we-defend-truth-1/airflow_env/lib/python3.12/site-packages/airflow/example_dags/example_latest_only_with_trigger.py took 0.048 seconds
[2024-08-09T13:23:47.705-0400] {processor.py:161} INFO - Started process (PID=22723) to work on /Users/jakeliu/we-defend-truth-1/airflow_env/lib/python3.12/site-packages/airflow/example_dags/example_latest_only_with_trigger.py
[2024-08-09T13:23:47.706-0400] {processor.py:830} INFO - Processing file /Users/jakeliu/we-defend-truth-1/airflow_env/lib/python3.12/site-packages/airflow/example_dags/example_latest_only_with_trigger.py for tasks to queue
[2024-08-09T13:23:47.706-0400] {logging_mixin.py:188} INFO - [2024-08-09T13:23:47.706-0400] {dagbag.py:545} INFO - Filling up the DagBag from /Users/jakeliu/we-defend-truth-1/airflow_env/lib/python3.12/site-packages/airflow/example_dags/example_latest_only_with_trigger.py
[2024-08-09T13:23:47.709-0400] {processor.py:840} INFO - DAG(s) 'latest_only_with_trigger' retrieved from /Users/jakeliu/we-defend-truth-1/airflow_env/lib/python3.12/site-packages/airflow/example_dags/example_latest_only_with_trigger.py
[2024-08-09T13:23:47.740-0400] {logging_mixin.py:188} INFO - [2024-08-09T13:23:47.740-0400] {dag.py:3089} INFO - Sync 1 DAGs
[2024-08-09T13:23:47.746-0400] {logging_mixin.py:188} INFO - [2024-08-09T13:23:47.746-0400] {dag.py:3947} INFO - Setting next_dagrun for latest_only_with_trigger to 2024-08-09 12:00:00+00:00, run_after=2024-08-09 16:00:00+00:00
[2024-08-09T13:23:47.752-0400] {processor.py:183} INFO - Processing /Users/jakeliu/we-defend-truth-1/airflow_env/lib/python3.12/site-packages/airflow/example_dags/example_latest_only_with_trigger.py took 0.048 seconds
[2024-08-09T13:25:36.514-0400] {processor.py:161} INFO - Started process (PID=22853) to work on /Users/jakeliu/we-defend-truth-1/airflow_env/lib/python3.12/site-packages/airflow/example_dags/example_latest_only_with_trigger.py
[2024-08-09T13:25:36.515-0400] {processor.py:830} INFO - Processing file /Users/jakeliu/we-defend-truth-1/airflow_env/lib/python3.12/site-packages/airflow/example_dags/example_latest_only_with_trigger.py for tasks to queue
[2024-08-09T13:25:36.516-0400] {logging_mixin.py:188} INFO - [2024-08-09T13:25:36.515-0400] {dagbag.py:545} INFO - Filling up the DagBag from /Users/jakeliu/we-defend-truth-1/airflow_env/lib/python3.12/site-packages/airflow/example_dags/example_latest_only_with_trigger.py
[2024-08-09T13:25:36.519-0400] {processor.py:840} INFO - DAG(s) 'latest_only_with_trigger' retrieved from /Users/jakeliu/we-defend-truth-1/airflow_env/lib/python3.12/site-packages/airflow/example_dags/example_latest_only_with_trigger.py
[2024-08-09T13:25:36.552-0400] {logging_mixin.py:188} INFO - [2024-08-09T13:25:36.552-0400] {dag.py:3089} INFO - Sync 1 DAGs
[2024-08-09T13:25:36.558-0400] {logging_mixin.py:188} INFO - [2024-08-09T13:25:36.558-0400] {dag.py:3947} INFO - Setting next_dagrun for latest_only_with_trigger to 2024-08-09 12:00:00+00:00, run_after=2024-08-09 16:00:00+00:00
[2024-08-09T13:25:36.564-0400] {processor.py:183} INFO - Processing /Users/jakeliu/we-defend-truth-1/airflow_env/lib/python3.12/site-packages/airflow/example_dags/example_latest_only_with_trigger.py took 0.051 seconds
[2024-08-09T13:27:33.775-0400] {processor.py:161} INFO - Started process (PID=22968) to work on /Users/jakeliu/we-defend-truth-1/airflow_env/lib/python3.12/site-packages/airflow/example_dags/example_latest_only_with_trigger.py
[2024-08-09T13:27:33.775-0400] {processor.py:830} INFO - Processing file /Users/jakeliu/we-defend-truth-1/airflow_env/lib/python3.12/site-packages/airflow/example_dags/example_latest_only_with_trigger.py for tasks to queue
[2024-08-09T13:27:33.775-0400] {logging_mixin.py:188} INFO - [2024-08-09T13:27:33.775-0400] {dagbag.py:545} INFO - Filling up the DagBag from /Users/jakeliu/we-defend-truth-1/airflow_env/lib/python3.12/site-packages/airflow/example_dags/example_latest_only_with_trigger.py
[2024-08-09T13:27:33.779-0400] {processor.py:840} INFO - DAG(s) 'latest_only_with_trigger' retrieved from /Users/jakeliu/we-defend-truth-1/airflow_env/lib/python3.12/site-packages/airflow/example_dags/example_latest_only_with_trigger.py
[2024-08-09T13:27:33.812-0400] {logging_mixin.py:188} INFO - [2024-08-09T13:27:33.812-0400] {dag.py:3089} INFO - Sync 1 DAGs
[2024-08-09T13:27:33.818-0400] {logging_mixin.py:188} INFO - [2024-08-09T13:27:33.818-0400] {dag.py:3947} INFO - Setting next_dagrun for latest_only_with_trigger to 2024-08-09 12:00:00+00:00, run_after=2024-08-09 16:00:00+00:00
[2024-08-09T13:27:33.825-0400] {processor.py:183} INFO - Processing /Users/jakeliu/we-defend-truth-1/airflow_env/lib/python3.12/site-packages/airflow/example_dags/example_latest_only_with_trigger.py took 0.051 seconds
[2024-08-09T13:29:25.518-0400] {processor.py:161} INFO - Started process (PID=23298) to work on /Users/jakeliu/we-defend-truth-1/airflow_env/lib/python3.12/site-packages/airflow/example_dags/example_latest_only_with_trigger.py
[2024-08-09T13:29:25.519-0400] {processor.py:830} INFO - Processing file /Users/jakeliu/we-defend-truth-1/airflow_env/lib/python3.12/site-packages/airflow/example_dags/example_latest_only_with_trigger.py for tasks to queue
[2024-08-09T13:29:25.519-0400] {logging_mixin.py:188} INFO - [2024-08-09T13:29:25.519-0400] {dagbag.py:545} INFO - Filling up the DagBag from /Users/jakeliu/we-defend-truth-1/airflow_env/lib/python3.12/site-packages/airflow/example_dags/example_latest_only_with_trigger.py
[2024-08-09T13:29:25.525-0400] {processor.py:840} INFO - DAG(s) 'latest_only_with_trigger' retrieved from /Users/jakeliu/we-defend-truth-1/airflow_env/lib/python3.12/site-packages/airflow/example_dags/example_latest_only_with_trigger.py
[2024-08-09T13:29:25.559-0400] {logging_mixin.py:188} INFO - [2024-08-09T13:29:25.559-0400] {dag.py:3089} INFO - Sync 1 DAGs
[2024-08-09T13:29:25.565-0400] {logging_mixin.py:188} INFO - [2024-08-09T13:29:25.565-0400] {dag.py:3947} INFO - Setting next_dagrun for latest_only_with_trigger to 2024-08-09 12:00:00+00:00, run_after=2024-08-09 16:00:00+00:00
[2024-08-09T13:29:25.571-0400] {processor.py:183} INFO - Processing /Users/jakeliu/we-defend-truth-1/airflow_env/lib/python3.12/site-packages/airflow/example_dags/example_latest_only_with_trigger.py took 0.054 seconds
[2024-08-09T13:31:20.594-0400] {processor.py:161} INFO - Started process (PID=23552) to work on /Users/jakeliu/we-defend-truth-1/airflow_env/lib/python3.12/site-packages/airflow/example_dags/example_latest_only_with_trigger.py
[2024-08-09T13:31:20.596-0400] {processor.py:830} INFO - Processing file /Users/jakeliu/we-defend-truth-1/airflow_env/lib/python3.12/site-packages/airflow/example_dags/example_latest_only_with_trigger.py for tasks to queue
[2024-08-09T13:31:20.596-0400] {logging_mixin.py:188} INFO - [2024-08-09T13:31:20.596-0400] {dagbag.py:545} INFO - Filling up the DagBag from /Users/jakeliu/we-defend-truth-1/airflow_env/lib/python3.12/site-packages/airflow/example_dags/example_latest_only_with_trigger.py
[2024-08-09T13:31:20.599-0400] {processor.py:840} INFO - DAG(s) 'latest_only_with_trigger' retrieved from /Users/jakeliu/we-defend-truth-1/airflow_env/lib/python3.12/site-packages/airflow/example_dags/example_latest_only_with_trigger.py
[2024-08-09T13:31:20.629-0400] {logging_mixin.py:188} INFO - [2024-08-09T13:31:20.629-0400] {dag.py:3089} INFO - Sync 1 DAGs
[2024-08-09T13:31:20.635-0400] {logging_mixin.py:188} INFO - [2024-08-09T13:31:20.635-0400] {dag.py:3947} INFO - Setting next_dagrun for latest_only_with_trigger to 2024-08-09 12:00:00+00:00, run_after=2024-08-09 16:00:00+00:00
[2024-08-09T13:31:20.641-0400] {processor.py:183} INFO - Processing /Users/jakeliu/we-defend-truth-1/airflow_env/lib/python3.12/site-packages/airflow/example_dags/example_latest_only_with_trigger.py took 0.048 seconds
[2024-08-09T13:33:15.279-0400] {processor.py:161} INFO - Started process (PID=23689) to work on /Users/jakeliu/we-defend-truth-1/airflow_env/lib/python3.12/site-packages/airflow/example_dags/example_latest_only_with_trigger.py
[2024-08-09T13:33:15.281-0400] {processor.py:830} INFO - Processing file /Users/jakeliu/we-defend-truth-1/airflow_env/lib/python3.12/site-packages/airflow/example_dags/example_latest_only_with_trigger.py for tasks to queue
[2024-08-09T13:33:15.281-0400] {logging_mixin.py:188} INFO - [2024-08-09T13:33:15.281-0400] {dagbag.py:545} INFO - Filling up the DagBag from /Users/jakeliu/we-defend-truth-1/airflow_env/lib/python3.12/site-packages/airflow/example_dags/example_latest_only_with_trigger.py
[2024-08-09T13:33:15.284-0400] {processor.py:840} INFO - DAG(s) 'latest_only_with_trigger' retrieved from /Users/jakeliu/we-defend-truth-1/airflow_env/lib/python3.12/site-packages/airflow/example_dags/example_latest_only_with_trigger.py
[2024-08-09T13:33:15.315-0400] {logging_mixin.py:188} INFO - [2024-08-09T13:33:15.315-0400] {dag.py:3089} INFO - Sync 1 DAGs
[2024-08-09T13:33:15.321-0400] {logging_mixin.py:188} INFO - [2024-08-09T13:33:15.321-0400] {dag.py:3947} INFO - Setting next_dagrun for latest_only_with_trigger to 2024-08-09 12:00:00+00:00, run_after=2024-08-09 16:00:00+00:00
[2024-08-09T13:33:15.327-0400] {processor.py:183} INFO - Processing /Users/jakeliu/we-defend-truth-1/airflow_env/lib/python3.12/site-packages/airflow/example_dags/example_latest_only_with_trigger.py took 0.048 seconds
[2024-08-09T13:35:03.359-0400] {processor.py:161} INFO - Started process (PID=23840) to work on /Users/jakeliu/we-defend-truth-1/airflow_env/lib/python3.12/site-packages/airflow/example_dags/example_latest_only_with_trigger.py
[2024-08-09T13:35:03.361-0400] {processor.py:830} INFO - Processing file /Users/jakeliu/we-defend-truth-1/airflow_env/lib/python3.12/site-packages/airflow/example_dags/example_latest_only_with_trigger.py for tasks to queue
[2024-08-09T13:35:03.361-0400] {logging_mixin.py:188} INFO - [2024-08-09T13:35:03.361-0400] {dagbag.py:545} INFO - Filling up the DagBag from /Users/jakeliu/we-defend-truth-1/airflow_env/lib/python3.12/site-packages/airflow/example_dags/example_latest_only_with_trigger.py
[2024-08-09T13:35:03.364-0400] {processor.py:840} INFO - DAG(s) 'latest_only_with_trigger' retrieved from /Users/jakeliu/we-defend-truth-1/airflow_env/lib/python3.12/site-packages/airflow/example_dags/example_latest_only_with_trigger.py
[2024-08-09T13:35:03.398-0400] {logging_mixin.py:188} INFO - [2024-08-09T13:35:03.398-0400] {dag.py:3089} INFO - Sync 1 DAGs
[2024-08-09T13:35:03.405-0400] {logging_mixin.py:188} INFO - [2024-08-09T13:35:03.405-0400] {dag.py:3947} INFO - Setting next_dagrun for latest_only_with_trigger to 2024-08-09 12:00:00+00:00, run_after=2024-08-09 16:00:00+00:00
[2024-08-09T13:35:03.411-0400] {processor.py:183} INFO - Processing /Users/jakeliu/we-defend-truth-1/airflow_env/lib/python3.12/site-packages/airflow/example_dags/example_latest_only_with_trigger.py took 0.053 seconds
[2024-08-09T13:36:50.572-0400] {processor.py:161} INFO - Started process (PID=23929) to work on /Users/jakeliu/we-defend-truth-1/airflow_env/lib/python3.12/site-packages/airflow/example_dags/example_latest_only_with_trigger.py
[2024-08-09T13:36:50.572-0400] {processor.py:830} INFO - Processing file /Users/jakeliu/we-defend-truth-1/airflow_env/lib/python3.12/site-packages/airflow/example_dags/example_latest_only_with_trigger.py for tasks to queue
[2024-08-09T13:36:50.572-0400] {logging_mixin.py:188} INFO - [2024-08-09T13:36:50.572-0400] {dagbag.py:545} INFO - Filling up the DagBag from /Users/jakeliu/we-defend-truth-1/airflow_env/lib/python3.12/site-packages/airflow/example_dags/example_latest_only_with_trigger.py
[2024-08-09T13:36:50.576-0400] {processor.py:840} INFO - DAG(s) 'latest_only_with_trigger' retrieved from /Users/jakeliu/we-defend-truth-1/airflow_env/lib/python3.12/site-packages/airflow/example_dags/example_latest_only_with_trigger.py
[2024-08-09T13:36:50.607-0400] {logging_mixin.py:188} INFO - [2024-08-09T13:36:50.607-0400] {dag.py:3089} INFO - Sync 1 DAGs
[2024-08-09T13:36:50.612-0400] {logging_mixin.py:188} INFO - [2024-08-09T13:36:50.612-0400] {dag.py:3947} INFO - Setting next_dagrun for latest_only_with_trigger to 2024-08-09 12:00:00+00:00, run_after=2024-08-09 16:00:00+00:00
[2024-08-09T13:36:50.619-0400] {processor.py:183} INFO - Processing /Users/jakeliu/we-defend-truth-1/airflow_env/lib/python3.12/site-packages/airflow/example_dags/example_latest_only_with_trigger.py took 0.048 seconds
[2024-08-09T13:38:46.277-0400] {processor.py:161} INFO - Started process (PID=24009) to work on /Users/jakeliu/we-defend-truth-1/airflow_env/lib/python3.12/site-packages/airflow/example_dags/example_latest_only_with_trigger.py
[2024-08-09T13:38:46.277-0400] {processor.py:830} INFO - Processing file /Users/jakeliu/we-defend-truth-1/airflow_env/lib/python3.12/site-packages/airflow/example_dags/example_latest_only_with_trigger.py for tasks to queue
[2024-08-09T13:38:46.278-0400] {logging_mixin.py:188} INFO - [2024-08-09T13:38:46.278-0400] {dagbag.py:545} INFO - Filling up the DagBag from /Users/jakeliu/we-defend-truth-1/airflow_env/lib/python3.12/site-packages/airflow/example_dags/example_latest_only_with_trigger.py
[2024-08-09T13:38:46.281-0400] {processor.py:840} INFO - DAG(s) 'latest_only_with_trigger' retrieved from /Users/jakeliu/we-defend-truth-1/airflow_env/lib/python3.12/site-packages/airflow/example_dags/example_latest_only_with_trigger.py
[2024-08-09T13:38:46.312-0400] {logging_mixin.py:188} INFO - [2024-08-09T13:38:46.312-0400] {dag.py:3089} INFO - Sync 1 DAGs
[2024-08-09T13:38:46.318-0400] {logging_mixin.py:188} INFO - [2024-08-09T13:38:46.318-0400] {dag.py:3947} INFO - Setting next_dagrun for latest_only_with_trigger to 2024-08-09 12:00:00+00:00, run_after=2024-08-09 16:00:00+00:00
[2024-08-09T13:38:46.324-0400] {processor.py:183} INFO - Processing /Users/jakeliu/we-defend-truth-1/airflow_env/lib/python3.12/site-packages/airflow/example_dags/example_latest_only_with_trigger.py took 0.048 seconds
[2024-08-09T13:40:32.991-0400] {processor.py:161} INFO - Started process (PID=24085) to work on /Users/jakeliu/we-defend-truth-1/airflow_env/lib/python3.12/site-packages/airflow/example_dags/example_latest_only_with_trigger.py
[2024-08-09T13:40:32.992-0400] {processor.py:830} INFO - Processing file /Users/jakeliu/we-defend-truth-1/airflow_env/lib/python3.12/site-packages/airflow/example_dags/example_latest_only_with_trigger.py for tasks to queue
[2024-08-09T13:40:32.992-0400] {logging_mixin.py:188} INFO - [2024-08-09T13:40:32.992-0400] {dagbag.py:545} INFO - Filling up the DagBag from /Users/jakeliu/we-defend-truth-1/airflow_env/lib/python3.12/site-packages/airflow/example_dags/example_latest_only_with_trigger.py
[2024-08-09T13:40:32.996-0400] {processor.py:840} INFO - DAG(s) 'latest_only_with_trigger' retrieved from /Users/jakeliu/we-defend-truth-1/airflow_env/lib/python3.12/site-packages/airflow/example_dags/example_latest_only_with_trigger.py
[2024-08-09T13:40:33.036-0400] {logging_mixin.py:188} INFO - [2024-08-09T13:40:33.035-0400] {dag.py:3089} INFO - Sync 1 DAGs
[2024-08-09T13:40:33.042-0400] {logging_mixin.py:188} INFO - [2024-08-09T13:40:33.042-0400] {dag.py:3947} INFO - Setting next_dagrun for latest_only_with_trigger to 2024-08-09 12:00:00+00:00, run_after=2024-08-09 16:00:00+00:00
[2024-08-09T13:40:33.049-0400] {processor.py:183} INFO - Processing /Users/jakeliu/we-defend-truth-1/airflow_env/lib/python3.12/site-packages/airflow/example_dags/example_latest_only_with_trigger.py took 0.059 seconds
[2024-08-09T13:42:23.628-0400] {processor.py:161} INFO - Started process (PID=24293) to work on /Users/jakeliu/we-defend-truth-1/airflow_env/lib/python3.12/site-packages/airflow/example_dags/example_latest_only_with_trigger.py
[2024-08-09T13:42:23.629-0400] {processor.py:830} INFO - Processing file /Users/jakeliu/we-defend-truth-1/airflow_env/lib/python3.12/site-packages/airflow/example_dags/example_latest_only_with_trigger.py for tasks to queue
[2024-08-09T13:42:23.629-0400] {logging_mixin.py:188} INFO - [2024-08-09T13:42:23.629-0400] {dagbag.py:545} INFO - Filling up the DagBag from /Users/jakeliu/we-defend-truth-1/airflow_env/lib/python3.12/site-packages/airflow/example_dags/example_latest_only_with_trigger.py
[2024-08-09T13:42:23.632-0400] {processor.py:840} INFO - DAG(s) 'latest_only_with_trigger' retrieved from /Users/jakeliu/we-defend-truth-1/airflow_env/lib/python3.12/site-packages/airflow/example_dags/example_latest_only_with_trigger.py
[2024-08-09T13:42:23.663-0400] {logging_mixin.py:188} INFO - [2024-08-09T13:42:23.663-0400] {dag.py:3089} INFO - Sync 1 DAGs
[2024-08-09T13:42:23.669-0400] {logging_mixin.py:188} INFO - [2024-08-09T13:42:23.669-0400] {dag.py:3947} INFO - Setting next_dagrun for latest_only_with_trigger to 2024-08-09 12:00:00+00:00, run_after=2024-08-09 16:00:00+00:00
[2024-08-09T13:42:23.675-0400] {processor.py:183} INFO - Processing /Users/jakeliu/we-defend-truth-1/airflow_env/lib/python3.12/site-packages/airflow/example_dags/example_latest_only_with_trigger.py took 0.048 seconds
[2024-08-09T13:44:12.597-0400] {processor.py:161} INFO - Started process (PID=24392) to work on /Users/jakeliu/we-defend-truth-1/airflow_env/lib/python3.12/site-packages/airflow/example_dags/example_latest_only_with_trigger.py
[2024-08-09T13:44:12.598-0400] {processor.py:830} INFO - Processing file /Users/jakeliu/we-defend-truth-1/airflow_env/lib/python3.12/site-packages/airflow/example_dags/example_latest_only_with_trigger.py for tasks to queue
[2024-08-09T13:44:12.598-0400] {logging_mixin.py:188} INFO - [2024-08-09T13:44:12.598-0400] {dagbag.py:545} INFO - Filling up the DagBag from /Users/jakeliu/we-defend-truth-1/airflow_env/lib/python3.12/site-packages/airflow/example_dags/example_latest_only_with_trigger.py
[2024-08-09T13:44:12.602-0400] {processor.py:840} INFO - DAG(s) 'latest_only_with_trigger' retrieved from /Users/jakeliu/we-defend-truth-1/airflow_env/lib/python3.12/site-packages/airflow/example_dags/example_latest_only_with_trigger.py
[2024-08-09T13:44:12.633-0400] {logging_mixin.py:188} INFO - [2024-08-09T13:44:12.633-0400] {dag.py:3089} INFO - Sync 1 DAGs
[2024-08-09T13:44:12.639-0400] {logging_mixin.py:188} INFO - [2024-08-09T13:44:12.638-0400] {dag.py:3947} INFO - Setting next_dagrun for latest_only_with_trigger to 2024-08-09 12:00:00+00:00, run_after=2024-08-09 16:00:00+00:00
[2024-08-09T13:44:12.644-0400] {processor.py:183} INFO - Processing /Users/jakeliu/we-defend-truth-1/airflow_env/lib/python3.12/site-packages/airflow/example_dags/example_latest_only_with_trigger.py took 0.048 seconds
[2024-08-09T13:45:52.483-0400] {processor.py:161} INFO - Started process (PID=24460) to work on /Users/jakeliu/we-defend-truth-1/airflow_env/lib/python3.12/site-packages/airflow/example_dags/example_latest_only_with_trigger.py
[2024-08-09T13:45:52.484-0400] {processor.py:830} INFO - Processing file /Users/jakeliu/we-defend-truth-1/airflow_env/lib/python3.12/site-packages/airflow/example_dags/example_latest_only_with_trigger.py for tasks to queue
[2024-08-09T13:45:52.484-0400] {logging_mixin.py:188} INFO - [2024-08-09T13:45:52.484-0400] {dagbag.py:545} INFO - Filling up the DagBag from /Users/jakeliu/we-defend-truth-1/airflow_env/lib/python3.12/site-packages/airflow/example_dags/example_latest_only_with_trigger.py
[2024-08-09T13:45:52.487-0400] {processor.py:840} INFO - DAG(s) 'latest_only_with_trigger' retrieved from /Users/jakeliu/we-defend-truth-1/airflow_env/lib/python3.12/site-packages/airflow/example_dags/example_latest_only_with_trigger.py
[2024-08-09T13:45:52.518-0400] {logging_mixin.py:188} INFO - [2024-08-09T13:45:52.518-0400] {dag.py:3089} INFO - Sync 1 DAGs
[2024-08-09T13:45:52.524-0400] {logging_mixin.py:188} INFO - [2024-08-09T13:45:52.524-0400] {dag.py:3947} INFO - Setting next_dagrun for latest_only_with_trigger to 2024-08-09 12:00:00+00:00, run_after=2024-08-09 16:00:00+00:00
[2024-08-09T13:45:52.530-0400] {processor.py:183} INFO - Processing /Users/jakeliu/we-defend-truth-1/airflow_env/lib/python3.12/site-packages/airflow/example_dags/example_latest_only_with_trigger.py took 0.048 seconds
[2024-08-09T13:47:34.827-0400] {processor.py:161} INFO - Started process (PID=24535) to work on /Users/jakeliu/we-defend-truth-1/airflow_env/lib/python3.12/site-packages/airflow/example_dags/example_latest_only_with_trigger.py
[2024-08-09T13:47:34.829-0400] {processor.py:830} INFO - Processing file /Users/jakeliu/we-defend-truth-1/airflow_env/lib/python3.12/site-packages/airflow/example_dags/example_latest_only_with_trigger.py for tasks to queue
[2024-08-09T13:47:34.829-0400] {logging_mixin.py:188} INFO - [2024-08-09T13:47:34.829-0400] {dagbag.py:545} INFO - Filling up the DagBag from /Users/jakeliu/we-defend-truth-1/airflow_env/lib/python3.12/site-packages/airflow/example_dags/example_latest_only_with_trigger.py
[2024-08-09T13:47:34.832-0400] {processor.py:840} INFO - DAG(s) 'latest_only_with_trigger' retrieved from /Users/jakeliu/we-defend-truth-1/airflow_env/lib/python3.12/site-packages/airflow/example_dags/example_latest_only_with_trigger.py
[2024-08-09T13:47:34.863-0400] {logging_mixin.py:188} INFO - [2024-08-09T13:47:34.863-0400] {dag.py:3089} INFO - Sync 1 DAGs
[2024-08-09T13:47:34.869-0400] {logging_mixin.py:188} INFO - [2024-08-09T13:47:34.869-0400] {dag.py:3947} INFO - Setting next_dagrun for latest_only_with_trigger to 2024-08-09 12:00:00+00:00, run_after=2024-08-09 16:00:00+00:00
[2024-08-09T13:47:34.875-0400] {processor.py:183} INFO - Processing /Users/jakeliu/we-defend-truth-1/airflow_env/lib/python3.12/site-packages/airflow/example_dags/example_latest_only_with_trigger.py took 0.049 seconds
[2024-08-09T13:49:16.039-0400] {processor.py:161} INFO - Started process (PID=24607) to work on /Users/jakeliu/we-defend-truth-1/airflow_env/lib/python3.12/site-packages/airflow/example_dags/example_latest_only_with_trigger.py
[2024-08-09T13:49:16.040-0400] {processor.py:830} INFO - Processing file /Users/jakeliu/we-defend-truth-1/airflow_env/lib/python3.12/site-packages/airflow/example_dags/example_latest_only_with_trigger.py for tasks to queue
[2024-08-09T13:49:16.040-0400] {logging_mixin.py:188} INFO - [2024-08-09T13:49:16.040-0400] {dagbag.py:545} INFO - Filling up the DagBag from /Users/jakeliu/we-defend-truth-1/airflow_env/lib/python3.12/site-packages/airflow/example_dags/example_latest_only_with_trigger.py
[2024-08-09T13:49:16.044-0400] {processor.py:840} INFO - DAG(s) 'latest_only_with_trigger' retrieved from /Users/jakeliu/we-defend-truth-1/airflow_env/lib/python3.12/site-packages/airflow/example_dags/example_latest_only_with_trigger.py
[2024-08-09T13:49:16.080-0400] {logging_mixin.py:188} INFO - [2024-08-09T13:49:16.079-0400] {dag.py:3089} INFO - Sync 1 DAGs
[2024-08-09T13:49:16.085-0400] {logging_mixin.py:188} INFO - [2024-08-09T13:49:16.085-0400] {dag.py:3947} INFO - Setting next_dagrun for latest_only_with_trigger to 2024-08-09 12:00:00+00:00, run_after=2024-08-09 16:00:00+00:00
[2024-08-09T13:49:16.091-0400] {processor.py:183} INFO - Processing /Users/jakeliu/we-defend-truth-1/airflow_env/lib/python3.12/site-packages/airflow/example_dags/example_latest_only_with_trigger.py took 0.053 seconds
[2024-08-09T13:50:54.794-0400] {processor.py:161} INFO - Started process (PID=24690) to work on /Users/jakeliu/we-defend-truth-1/airflow_env/lib/python3.12/site-packages/airflow/example_dags/example_latest_only_with_trigger.py
[2024-08-09T13:50:54.794-0400] {processor.py:830} INFO - Processing file /Users/jakeliu/we-defend-truth-1/airflow_env/lib/python3.12/site-packages/airflow/example_dags/example_latest_only_with_trigger.py for tasks to queue
[2024-08-09T13:50:54.794-0400] {logging_mixin.py:188} INFO - [2024-08-09T13:50:54.794-0400] {dagbag.py:545} INFO - Filling up the DagBag from /Users/jakeliu/we-defend-truth-1/airflow_env/lib/python3.12/site-packages/airflow/example_dags/example_latest_only_with_trigger.py
[2024-08-09T13:50:54.798-0400] {processor.py:840} INFO - DAG(s) 'latest_only_with_trigger' retrieved from /Users/jakeliu/we-defend-truth-1/airflow_env/lib/python3.12/site-packages/airflow/example_dags/example_latest_only_with_trigger.py
[2024-08-09T13:50:54.829-0400] {logging_mixin.py:188} INFO - [2024-08-09T13:50:54.829-0400] {dag.py:3089} INFO - Sync 1 DAGs
[2024-08-09T13:50:54.834-0400] {logging_mixin.py:188} INFO - [2024-08-09T13:50:54.834-0400] {dag.py:3947} INFO - Setting next_dagrun for latest_only_with_trigger to 2024-08-09 12:00:00+00:00, run_after=2024-08-09 16:00:00+00:00
[2024-08-09T13:50:54.841-0400] {processor.py:183} INFO - Processing /Users/jakeliu/we-defend-truth-1/airflow_env/lib/python3.12/site-packages/airflow/example_dags/example_latest_only_with_trigger.py took 0.048 seconds
[2024-08-09T13:52:39.072-0400] {processor.py:161} INFO - Started process (PID=24800) to work on /Users/jakeliu/we-defend-truth-1/airflow_env/lib/python3.12/site-packages/airflow/example_dags/example_latest_only_with_trigger.py
[2024-08-09T13:52:39.073-0400] {processor.py:830} INFO - Processing file /Users/jakeliu/we-defend-truth-1/airflow_env/lib/python3.12/site-packages/airflow/example_dags/example_latest_only_with_trigger.py for tasks to queue
[2024-08-09T13:52:39.073-0400] {logging_mixin.py:188} INFO - [2024-08-09T13:52:39.073-0400] {dagbag.py:545} INFO - Filling up the DagBag from /Users/jakeliu/we-defend-truth-1/airflow_env/lib/python3.12/site-packages/airflow/example_dags/example_latest_only_with_trigger.py
[2024-08-09T13:52:39.077-0400] {processor.py:840} INFO - DAG(s) 'latest_only_with_trigger' retrieved from /Users/jakeliu/we-defend-truth-1/airflow_env/lib/python3.12/site-packages/airflow/example_dags/example_latest_only_with_trigger.py
[2024-08-09T13:52:39.111-0400] {logging_mixin.py:188} INFO - [2024-08-09T13:52:39.111-0400] {dag.py:3089} INFO - Sync 1 DAGs
[2024-08-09T13:52:39.118-0400] {logging_mixin.py:188} INFO - [2024-08-09T13:52:39.117-0400] {dag.py:3947} INFO - Setting next_dagrun for latest_only_with_trigger to 2024-08-09 12:00:00+00:00, run_after=2024-08-09 16:00:00+00:00
[2024-08-09T13:52:39.124-0400] {processor.py:183} INFO - Processing /Users/jakeliu/we-defend-truth-1/airflow_env/lib/python3.12/site-packages/airflow/example_dags/example_latest_only_with_trigger.py took 0.053 seconds
[2024-08-09T13:54:34.522-0400] {processor.py:161} INFO - Started process (PID=24922) to work on /Users/jakeliu/we-defend-truth-1/airflow_env/lib/python3.12/site-packages/airflow/example_dags/example_latest_only_with_trigger.py
[2024-08-09T13:54:34.523-0400] {processor.py:830} INFO - Processing file /Users/jakeliu/we-defend-truth-1/airflow_env/lib/python3.12/site-packages/airflow/example_dags/example_latest_only_with_trigger.py for tasks to queue
[2024-08-09T13:54:34.523-0400] {logging_mixin.py:188} INFO - [2024-08-09T13:54:34.523-0400] {dagbag.py:545} INFO - Filling up the DagBag from /Users/jakeliu/we-defend-truth-1/airflow_env/lib/python3.12/site-packages/airflow/example_dags/example_latest_only_with_trigger.py
[2024-08-09T13:54:34.526-0400] {processor.py:840} INFO - DAG(s) 'latest_only_with_trigger' retrieved from /Users/jakeliu/we-defend-truth-1/airflow_env/lib/python3.12/site-packages/airflow/example_dags/example_latest_only_with_trigger.py
[2024-08-09T13:54:34.557-0400] {logging_mixin.py:188} INFO - [2024-08-09T13:54:34.557-0400] {dag.py:3089} INFO - Sync 1 DAGs
[2024-08-09T13:54:34.563-0400] {logging_mixin.py:188} INFO - [2024-08-09T13:54:34.563-0400] {dag.py:3947} INFO - Setting next_dagrun for latest_only_with_trigger to 2024-08-09 12:00:00+00:00, run_after=2024-08-09 16:00:00+00:00
[2024-08-09T13:54:34.569-0400] {processor.py:183} INFO - Processing /Users/jakeliu/we-defend-truth-1/airflow_env/lib/python3.12/site-packages/airflow/example_dags/example_latest_only_with_trigger.py took 0.048 seconds
[2024-08-09T13:56:33.047-0400] {processor.py:161} INFO - Started process (PID=25040) to work on /Users/jakeliu/we-defend-truth-1/airflow_env/lib/python3.12/site-packages/airflow/example_dags/example_latest_only_with_trigger.py
[2024-08-09T13:56:33.047-0400] {processor.py:830} INFO - Processing file /Users/jakeliu/we-defend-truth-1/airflow_env/lib/python3.12/site-packages/airflow/example_dags/example_latest_only_with_trigger.py for tasks to queue
[2024-08-09T13:56:33.047-0400] {logging_mixin.py:188} INFO - [2024-08-09T13:56:33.047-0400] {dagbag.py:545} INFO - Filling up the DagBag from /Users/jakeliu/we-defend-truth-1/airflow_env/lib/python3.12/site-packages/airflow/example_dags/example_latest_only_with_trigger.py
[2024-08-09T13:56:33.051-0400] {processor.py:840} INFO - DAG(s) 'latest_only_with_trigger' retrieved from /Users/jakeliu/we-defend-truth-1/airflow_env/lib/python3.12/site-packages/airflow/example_dags/example_latest_only_with_trigger.py
[2024-08-09T13:56:33.082-0400] {logging_mixin.py:188} INFO - [2024-08-09T13:56:33.082-0400] {dag.py:3089} INFO - Sync 1 DAGs
[2024-08-09T13:56:33.087-0400] {logging_mixin.py:188} INFO - [2024-08-09T13:56:33.087-0400] {dag.py:3947} INFO - Setting next_dagrun for latest_only_with_trigger to 2024-08-09 12:00:00+00:00, run_after=2024-08-09 16:00:00+00:00
[2024-08-09T13:56:33.094-0400] {processor.py:183} INFO - Processing /Users/jakeliu/we-defend-truth-1/airflow_env/lib/python3.12/site-packages/airflow/example_dags/example_latest_only_with_trigger.py took 0.048 seconds
[2024-08-09T13:58:28.456-0400] {processor.py:161} INFO - Started process (PID=25295) to work on /Users/jakeliu/we-defend-truth-1/airflow_env/lib/python3.12/site-packages/airflow/example_dags/example_latest_only_with_trigger.py
[2024-08-09T13:58:28.457-0400] {processor.py:830} INFO - Processing file /Users/jakeliu/we-defend-truth-1/airflow_env/lib/python3.12/site-packages/airflow/example_dags/example_latest_only_with_trigger.py for tasks to queue
[2024-08-09T13:58:28.457-0400] {logging_mixin.py:188} INFO - [2024-08-09T13:58:28.457-0400] {dagbag.py:545} INFO - Filling up the DagBag from /Users/jakeliu/we-defend-truth-1/airflow_env/lib/python3.12/site-packages/airflow/example_dags/example_latest_only_with_trigger.py
[2024-08-09T13:58:28.461-0400] {processor.py:840} INFO - DAG(s) 'latest_only_with_trigger' retrieved from /Users/jakeliu/we-defend-truth-1/airflow_env/lib/python3.12/site-packages/airflow/example_dags/example_latest_only_with_trigger.py
[2024-08-09T13:58:28.493-0400] {logging_mixin.py:188} INFO - [2024-08-09T13:58:28.493-0400] {dag.py:3089} INFO - Sync 1 DAGs
[2024-08-09T13:58:28.499-0400] {logging_mixin.py:188} INFO - [2024-08-09T13:58:28.498-0400] {dag.py:3947} INFO - Setting next_dagrun for latest_only_with_trigger to 2024-08-09 12:00:00+00:00, run_after=2024-08-09 16:00:00+00:00
[2024-08-09T13:58:28.505-0400] {processor.py:183} INFO - Processing /Users/jakeliu/we-defend-truth-1/airflow_env/lib/python3.12/site-packages/airflow/example_dags/example_latest_only_with_trigger.py took 0.049 seconds
