[2024-08-09T13:05:10.628-0400] {processor.py:161} INFO - Started process (PID=20931) to work on /Users/jakeliu/we-defend-truth-1/airflow_env/lib/python3.12/site-packages/airflow/example_dags/example_bash_operator.py
[2024-08-09T13:05:10.629-0400] {processor.py:830} INFO - Processing file /Users/jakeliu/we-defend-truth-1/airflow_env/lib/python3.12/site-packages/airflow/example_dags/example_bash_operator.py for tasks to queue
[2024-08-09T13:05:10.629-0400] {logging_mixin.py:188} INFO - [2024-08-09T13:05:10.629-0400] {dagbag.py:545} INFO - Filling up the DagBag from /Users/jakeliu/we-defend-truth-1/airflow_env/lib/python3.12/site-packages/airflow/example_dags/example_bash_operator.py
[2024-08-09T13:05:10.635-0400] {processor.py:840} INFO - DAG(s) 'example_bash_operator' retrieved from /Users/jakeliu/we-defend-truth-1/airflow_env/lib/python3.12/site-packages/airflow/example_dags/example_bash_operator.py
[2024-08-09T13:05:10.694-0400] {logging_mixin.py:188} INFO - [2024-08-09T13:05:10.694-0400] {dag.py:3089} INFO - Sync 1 DAGs
[2024-08-09T13:05:10.699-0400] {logging_mixin.py:188} INFO - [2024-08-09T13:05:10.699-0400] {dag.py:3947} INFO - Setting next_dagrun for example_bash_operator to 2024-08-08 00:00:00+00:00, run_after=2024-08-09 00:00:00+00:00
[2024-08-09T13:05:10.706-0400] {processor.py:183} INFO - Processing /Users/jakeliu/we-defend-truth-1/airflow_env/lib/python3.12/site-packages/airflow/example_dags/example_bash_operator.py took 0.078 seconds
[2024-08-09T13:06:58.190-0400] {processor.py:161} INFO - Started process (PID=21085) to work on /Users/jakeliu/we-defend-truth-1/airflow_env/lib/python3.12/site-packages/airflow/example_dags/example_bash_operator.py
[2024-08-09T13:06:58.191-0400] {processor.py:830} INFO - Processing file /Users/jakeliu/we-defend-truth-1/airflow_env/lib/python3.12/site-packages/airflow/example_dags/example_bash_operator.py for tasks to queue
[2024-08-09T13:06:58.191-0400] {logging_mixin.py:188} INFO - [2024-08-09T13:06:58.191-0400] {dagbag.py:545} INFO - Filling up the DagBag from /Users/jakeliu/we-defend-truth-1/airflow_env/lib/python3.12/site-packages/airflow/example_dags/example_bash_operator.py
[2024-08-09T13:06:58.196-0400] {processor.py:840} INFO - DAG(s) 'example_bash_operator' retrieved from /Users/jakeliu/we-defend-truth-1/airflow_env/lib/python3.12/site-packages/airflow/example_dags/example_bash_operator.py
[2024-08-09T13:06:58.233-0400] {logging_mixin.py:188} INFO - [2024-08-09T13:06:58.233-0400] {dag.py:3089} INFO - Sync 1 DAGs
[2024-08-09T13:06:58.239-0400] {logging_mixin.py:188} INFO - [2024-08-09T13:06:58.239-0400] {dag.py:3947} INFO - Setting next_dagrun for example_bash_operator to 2024-08-08 00:00:00+00:00, run_after=2024-08-09 00:00:00+00:00
[2024-08-09T13:06:58.245-0400] {processor.py:183} INFO - Processing /Users/jakeliu/we-defend-truth-1/airflow_env/lib/python3.12/site-packages/airflow/example_dags/example_bash_operator.py took 0.057 seconds
[2024-08-09T13:08:41.896-0400] {processor.py:161} INFO - Started process (PID=21202) to work on /Users/jakeliu/we-defend-truth-1/airflow_env/lib/python3.12/site-packages/airflow/example_dags/example_bash_operator.py
[2024-08-09T13:08:41.896-0400] {processor.py:830} INFO - Processing file /Users/jakeliu/we-defend-truth-1/airflow_env/lib/python3.12/site-packages/airflow/example_dags/example_bash_operator.py for tasks to queue
[2024-08-09T13:08:41.897-0400] {logging_mixin.py:188} INFO - [2024-08-09T13:08:41.897-0400] {dagbag.py:545} INFO - Filling up the DagBag from /Users/jakeliu/we-defend-truth-1/airflow_env/lib/python3.12/site-packages/airflow/example_dags/example_bash_operator.py
[2024-08-09T13:08:41.903-0400] {processor.py:840} INFO - DAG(s) 'example_bash_operator' retrieved from /Users/jakeliu/we-defend-truth-1/airflow_env/lib/python3.12/site-packages/airflow/example_dags/example_bash_operator.py
[2024-08-09T13:08:41.939-0400] {logging_mixin.py:188} INFO - [2024-08-09T13:08:41.939-0400] {dag.py:3089} INFO - Sync 1 DAGs
[2024-08-09T13:08:41.946-0400] {logging_mixin.py:188} INFO - [2024-08-09T13:08:41.946-0400] {dag.py:3947} INFO - Setting next_dagrun for example_bash_operator to 2024-08-08 00:00:00+00:00, run_after=2024-08-09 00:00:00+00:00
[2024-08-09T13:08:41.952-0400] {processor.py:183} INFO - Processing /Users/jakeliu/we-defend-truth-1/airflow_env/lib/python3.12/site-packages/airflow/example_dags/example_bash_operator.py took 0.058 seconds
[2024-08-09T13:10:22.739-0400] {processor.py:161} INFO - Started process (PID=21316) to work on /Users/jakeliu/we-defend-truth-1/airflow_env/lib/python3.12/site-packages/airflow/example_dags/example_bash_operator.py
[2024-08-09T13:10:22.740-0400] {processor.py:830} INFO - Processing file /Users/jakeliu/we-defend-truth-1/airflow_env/lib/python3.12/site-packages/airflow/example_dags/example_bash_operator.py for tasks to queue
[2024-08-09T13:10:22.740-0400] {logging_mixin.py:188} INFO - [2024-08-09T13:10:22.740-0400] {dagbag.py:545} INFO - Filling up the DagBag from /Users/jakeliu/we-defend-truth-1/airflow_env/lib/python3.12/site-packages/airflow/example_dags/example_bash_operator.py
[2024-08-09T13:10:22.746-0400] {processor.py:840} INFO - DAG(s) 'example_bash_operator' retrieved from /Users/jakeliu/we-defend-truth-1/airflow_env/lib/python3.12/site-packages/airflow/example_dags/example_bash_operator.py
[2024-08-09T13:10:22.781-0400] {logging_mixin.py:188} INFO - [2024-08-09T13:10:22.781-0400] {dag.py:3089} INFO - Sync 1 DAGs
[2024-08-09T13:10:22.787-0400] {logging_mixin.py:188} INFO - [2024-08-09T13:10:22.787-0400] {dag.py:3947} INFO - Setting next_dagrun for example_bash_operator to 2024-08-08 00:00:00+00:00, run_after=2024-08-09 00:00:00+00:00
[2024-08-09T13:10:22.794-0400] {processor.py:183} INFO - Processing /Users/jakeliu/we-defend-truth-1/airflow_env/lib/python3.12/site-packages/airflow/example_dags/example_bash_operator.py took 0.056 seconds
[2024-08-09T13:12:08.294-0400] {processor.py:161} INFO - Started process (PID=21432) to work on /Users/jakeliu/we-defend-truth-1/airflow_env/lib/python3.12/site-packages/airflow/example_dags/example_bash_operator.py
[2024-08-09T13:12:08.295-0400] {processor.py:830} INFO - Processing file /Users/jakeliu/we-defend-truth-1/airflow_env/lib/python3.12/site-packages/airflow/example_dags/example_bash_operator.py for tasks to queue
[2024-08-09T13:12:08.295-0400] {logging_mixin.py:188} INFO - [2024-08-09T13:12:08.295-0400] {dagbag.py:545} INFO - Filling up the DagBag from /Users/jakeliu/we-defend-truth-1/airflow_env/lib/python3.12/site-packages/airflow/example_dags/example_bash_operator.py
[2024-08-09T13:12:08.300-0400] {processor.py:840} INFO - DAG(s) 'example_bash_operator' retrieved from /Users/jakeliu/we-defend-truth-1/airflow_env/lib/python3.12/site-packages/airflow/example_dags/example_bash_operator.py
[2024-08-09T13:12:08.333-0400] {logging_mixin.py:188} INFO - [2024-08-09T13:12:08.333-0400] {dag.py:3089} INFO - Sync 1 DAGs
[2024-08-09T13:12:08.339-0400] {logging_mixin.py:188} INFO - [2024-08-09T13:12:08.339-0400] {dag.py:3947} INFO - Setting next_dagrun for example_bash_operator to 2024-08-08 00:00:00+00:00, run_after=2024-08-09 00:00:00+00:00
[2024-08-09T13:12:08.345-0400] {processor.py:183} INFO - Processing /Users/jakeliu/we-defend-truth-1/airflow_env/lib/python3.12/site-packages/airflow/example_dags/example_bash_operator.py took 0.053 seconds
[2024-08-09T13:14:02.261-0400] {processor.py:161} INFO - Started process (PID=21522) to work on /Users/jakeliu/we-defend-truth-1/airflow_env/lib/python3.12/site-packages/airflow/example_dags/example_bash_operator.py
[2024-08-09T13:14:02.262-0400] {processor.py:830} INFO - Processing file /Users/jakeliu/we-defend-truth-1/airflow_env/lib/python3.12/site-packages/airflow/example_dags/example_bash_operator.py for tasks to queue
[2024-08-09T13:14:02.262-0400] {logging_mixin.py:188} INFO - [2024-08-09T13:14:02.262-0400] {dagbag.py:545} INFO - Filling up the DagBag from /Users/jakeliu/we-defend-truth-1/airflow_env/lib/python3.12/site-packages/airflow/example_dags/example_bash_operator.py
[2024-08-09T13:14:02.268-0400] {processor.py:840} INFO - DAG(s) 'example_bash_operator' retrieved from /Users/jakeliu/we-defend-truth-1/airflow_env/lib/python3.12/site-packages/airflow/example_dags/example_bash_operator.py
[2024-08-09T13:14:02.301-0400] {logging_mixin.py:188} INFO - [2024-08-09T13:14:02.301-0400] {dag.py:3089} INFO - Sync 1 DAGs
[2024-08-09T13:14:02.307-0400] {logging_mixin.py:188} INFO - [2024-08-09T13:14:02.307-0400] {dag.py:3947} INFO - Setting next_dagrun for example_bash_operator to 2024-08-08 00:00:00+00:00, run_after=2024-08-09 00:00:00+00:00
[2024-08-09T13:14:02.313-0400] {processor.py:183} INFO - Processing /Users/jakeliu/we-defend-truth-1/airflow_env/lib/python3.12/site-packages/airflow/example_dags/example_bash_operator.py took 0.053 seconds
[2024-08-09T13:15:59.467-0400] {processor.py:161} INFO - Started process (PID=21637) to work on /Users/jakeliu/we-defend-truth-1/airflow_env/lib/python3.12/site-packages/airflow/example_dags/example_bash_operator.py
[2024-08-09T13:15:59.468-0400] {processor.py:830} INFO - Processing file /Users/jakeliu/we-defend-truth-1/airflow_env/lib/python3.12/site-packages/airflow/example_dags/example_bash_operator.py for tasks to queue
[2024-08-09T13:15:59.468-0400] {logging_mixin.py:188} INFO - [2024-08-09T13:15:59.468-0400] {dagbag.py:545} INFO - Filling up the DagBag from /Users/jakeliu/we-defend-truth-1/airflow_env/lib/python3.12/site-packages/airflow/example_dags/example_bash_operator.py
[2024-08-09T13:15:59.473-0400] {processor.py:840} INFO - DAG(s) 'example_bash_operator' retrieved from /Users/jakeliu/we-defend-truth-1/airflow_env/lib/python3.12/site-packages/airflow/example_dags/example_bash_operator.py
[2024-08-09T13:15:59.510-0400] {logging_mixin.py:188} INFO - [2024-08-09T13:15:59.509-0400] {dag.py:3089} INFO - Sync 1 DAGs
[2024-08-09T13:15:59.516-0400] {logging_mixin.py:188} INFO - [2024-08-09T13:15:59.516-0400] {dag.py:3947} INFO - Setting next_dagrun for example_bash_operator to 2024-08-08 00:00:00+00:00, run_after=2024-08-09 00:00:00+00:00
[2024-08-09T13:15:59.523-0400] {processor.py:183} INFO - Processing /Users/jakeliu/we-defend-truth-1/airflow_env/lib/python3.12/site-packages/airflow/example_dags/example_bash_operator.py took 0.057 seconds
[2024-08-09T13:17:48.027-0400] {processor.py:161} INFO - Started process (PID=21830) to work on /Users/jakeliu/we-defend-truth-1/airflow_env/lib/python3.12/site-packages/airflow/example_dags/example_bash_operator.py
[2024-08-09T13:17:48.027-0400] {processor.py:830} INFO - Processing file /Users/jakeliu/we-defend-truth-1/airflow_env/lib/python3.12/site-packages/airflow/example_dags/example_bash_operator.py for tasks to queue
[2024-08-09T13:17:48.027-0400] {logging_mixin.py:188} INFO - [2024-08-09T13:17:48.027-0400] {dagbag.py:545} INFO - Filling up the DagBag from /Users/jakeliu/we-defend-truth-1/airflow_env/lib/python3.12/site-packages/airflow/example_dags/example_bash_operator.py
[2024-08-09T13:17:48.033-0400] {processor.py:840} INFO - DAG(s) 'example_bash_operator' retrieved from /Users/jakeliu/we-defend-truth-1/airflow_env/lib/python3.12/site-packages/airflow/example_dags/example_bash_operator.py
[2024-08-09T13:17:48.066-0400] {logging_mixin.py:188} INFO - [2024-08-09T13:17:48.066-0400] {dag.py:3089} INFO - Sync 1 DAGs
[2024-08-09T13:17:48.072-0400] {logging_mixin.py:188} INFO - [2024-08-09T13:17:48.071-0400] {dag.py:3947} INFO - Setting next_dagrun for example_bash_operator to 2024-08-08 00:00:00+00:00, run_after=2024-08-09 00:00:00+00:00
[2024-08-09T13:17:48.078-0400] {processor.py:183} INFO - Processing /Users/jakeliu/we-defend-truth-1/airflow_env/lib/python3.12/site-packages/airflow/example_dags/example_bash_operator.py took 0.052 seconds
[2024-08-09T13:19:29.824-0400] {processor.py:161} INFO - Started process (PID=21917) to work on /Users/jakeliu/we-defend-truth-1/airflow_env/lib/python3.12/site-packages/airflow/example_dags/example_bash_operator.py
[2024-08-09T13:19:29.824-0400] {processor.py:830} INFO - Processing file /Users/jakeliu/we-defend-truth-1/airflow_env/lib/python3.12/site-packages/airflow/example_dags/example_bash_operator.py for tasks to queue
[2024-08-09T13:19:29.824-0400] {logging_mixin.py:188} INFO - [2024-08-09T13:19:29.824-0400] {dagbag.py:545} INFO - Filling up the DagBag from /Users/jakeliu/we-defend-truth-1/airflow_env/lib/python3.12/site-packages/airflow/example_dags/example_bash_operator.py
[2024-08-09T13:19:29.829-0400] {processor.py:840} INFO - DAG(s) 'example_bash_operator' retrieved from /Users/jakeliu/we-defend-truth-1/airflow_env/lib/python3.12/site-packages/airflow/example_dags/example_bash_operator.py
[2024-08-09T13:19:29.863-0400] {logging_mixin.py:188} INFO - [2024-08-09T13:19:29.863-0400] {dag.py:3089} INFO - Sync 1 DAGs
[2024-08-09T13:19:29.869-0400] {logging_mixin.py:188} INFO - [2024-08-09T13:19:29.869-0400] {dag.py:3947} INFO - Setting next_dagrun for example_bash_operator to 2024-08-08 00:00:00+00:00, run_after=2024-08-09 00:00:00+00:00
[2024-08-09T13:19:29.875-0400] {processor.py:183} INFO - Processing /Users/jakeliu/we-defend-truth-1/airflow_env/lib/python3.12/site-packages/airflow/example_dags/example_bash_operator.py took 0.053 seconds
[2024-08-09T13:21:11.431-0400] {processor.py:161} INFO - Started process (PID=22575) to work on /Users/jakeliu/we-defend-truth-1/airflow_env/lib/python3.12/site-packages/airflow/example_dags/example_bash_operator.py
[2024-08-09T13:21:11.432-0400] {processor.py:830} INFO - Processing file /Users/jakeliu/we-defend-truth-1/airflow_env/lib/python3.12/site-packages/airflow/example_dags/example_bash_operator.py for tasks to queue
[2024-08-09T13:21:11.432-0400] {logging_mixin.py:188} INFO - [2024-08-09T13:21:11.432-0400] {dagbag.py:545} INFO - Filling up the DagBag from /Users/jakeliu/we-defend-truth-1/airflow_env/lib/python3.12/site-packages/airflow/example_dags/example_bash_operator.py
[2024-08-09T13:21:11.438-0400] {processor.py:840} INFO - DAG(s) 'example_bash_operator' retrieved from /Users/jakeliu/we-defend-truth-1/airflow_env/lib/python3.12/site-packages/airflow/example_dags/example_bash_operator.py
[2024-08-09T13:21:11.473-0400] {logging_mixin.py:188} INFO - [2024-08-09T13:21:11.473-0400] {dag.py:3089} INFO - Sync 1 DAGs
[2024-08-09T13:21:11.480-0400] {logging_mixin.py:188} INFO - [2024-08-09T13:21:11.480-0400] {dag.py:3947} INFO - Setting next_dagrun for example_bash_operator to 2024-08-08 00:00:00+00:00, run_after=2024-08-09 00:00:00+00:00
[2024-08-09T13:21:11.486-0400] {processor.py:183} INFO - Processing /Users/jakeliu/we-defend-truth-1/airflow_env/lib/python3.12/site-packages/airflow/example_dags/example_bash_operator.py took 0.056 seconds
[2024-08-09T13:22:55.030-0400] {processor.py:161} INFO - Started process (PID=22683) to work on /Users/jakeliu/we-defend-truth-1/airflow_env/lib/python3.12/site-packages/airflow/example_dags/example_bash_operator.py
[2024-08-09T13:22:55.031-0400] {processor.py:830} INFO - Processing file /Users/jakeliu/we-defend-truth-1/airflow_env/lib/python3.12/site-packages/airflow/example_dags/example_bash_operator.py for tasks to queue
[2024-08-09T13:22:55.031-0400] {logging_mixin.py:188} INFO - [2024-08-09T13:22:55.031-0400] {dagbag.py:545} INFO - Filling up the DagBag from /Users/jakeliu/we-defend-truth-1/airflow_env/lib/python3.12/site-packages/airflow/example_dags/example_bash_operator.py
[2024-08-09T13:22:55.036-0400] {processor.py:840} INFO - DAG(s) 'example_bash_operator' retrieved from /Users/jakeliu/we-defend-truth-1/airflow_env/lib/python3.12/site-packages/airflow/example_dags/example_bash_operator.py
[2024-08-09T13:22:55.068-0400] {logging_mixin.py:188} INFO - [2024-08-09T13:22:55.068-0400] {dag.py:3089} INFO - Sync 1 DAGs
[2024-08-09T13:22:55.074-0400] {logging_mixin.py:188} INFO - [2024-08-09T13:22:55.074-0400] {dag.py:3947} INFO - Setting next_dagrun for example_bash_operator to 2024-08-08 00:00:00+00:00, run_after=2024-08-09 00:00:00+00:00
[2024-08-09T13:22:55.081-0400] {processor.py:183} INFO - Processing /Users/jakeliu/we-defend-truth-1/airflow_env/lib/python3.12/site-packages/airflow/example_dags/example_bash_operator.py took 0.052 seconds
[2024-08-09T13:24:37.432-0400] {processor.py:161} INFO - Started process (PID=22793) to work on /Users/jakeliu/we-defend-truth-1/airflow_env/lib/python3.12/site-packages/airflow/example_dags/example_bash_operator.py
[2024-08-09T13:24:37.433-0400] {processor.py:830} INFO - Processing file /Users/jakeliu/we-defend-truth-1/airflow_env/lib/python3.12/site-packages/airflow/example_dags/example_bash_operator.py for tasks to queue
[2024-08-09T13:24:37.433-0400] {logging_mixin.py:188} INFO - [2024-08-09T13:24:37.433-0400] {dagbag.py:545} INFO - Filling up the DagBag from /Users/jakeliu/we-defend-truth-1/airflow_env/lib/python3.12/site-packages/airflow/example_dags/example_bash_operator.py
[2024-08-09T13:24:37.439-0400] {processor.py:840} INFO - DAG(s) 'example_bash_operator' retrieved from /Users/jakeliu/we-defend-truth-1/airflow_env/lib/python3.12/site-packages/airflow/example_dags/example_bash_operator.py
[2024-08-09T13:24:37.472-0400] {logging_mixin.py:188} INFO - [2024-08-09T13:24:37.472-0400] {dag.py:3089} INFO - Sync 1 DAGs
[2024-08-09T13:24:37.478-0400] {logging_mixin.py:188} INFO - [2024-08-09T13:24:37.478-0400] {dag.py:3947} INFO - Setting next_dagrun for example_bash_operator to 2024-08-08 00:00:00+00:00, run_after=2024-08-09 00:00:00+00:00
[2024-08-09T13:24:37.483-0400] {processor.py:183} INFO - Processing /Users/jakeliu/we-defend-truth-1/airflow_env/lib/python3.12/site-packages/airflow/example_dags/example_bash_operator.py took 0.053 seconds
[2024-08-09T13:26:33.423-0400] {processor.py:161} INFO - Started process (PID=22914) to work on /Users/jakeliu/we-defend-truth-1/airflow_env/lib/python3.12/site-packages/airflow/example_dags/example_bash_operator.py
[2024-08-09T13:26:33.424-0400] {processor.py:830} INFO - Processing file /Users/jakeliu/we-defend-truth-1/airflow_env/lib/python3.12/site-packages/airflow/example_dags/example_bash_operator.py for tasks to queue
[2024-08-09T13:26:33.425-0400] {logging_mixin.py:188} INFO - [2024-08-09T13:26:33.425-0400] {dagbag.py:545} INFO - Filling up the DagBag from /Users/jakeliu/we-defend-truth-1/airflow_env/lib/python3.12/site-packages/airflow/example_dags/example_bash_operator.py
[2024-08-09T13:26:33.430-0400] {processor.py:840} INFO - DAG(s) 'example_bash_operator' retrieved from /Users/jakeliu/we-defend-truth-1/airflow_env/lib/python3.12/site-packages/airflow/example_dags/example_bash_operator.py
[2024-08-09T13:26:33.462-0400] {logging_mixin.py:188} INFO - [2024-08-09T13:26:33.462-0400] {dag.py:3089} INFO - Sync 1 DAGs
[2024-08-09T13:26:33.468-0400] {logging_mixin.py:188} INFO - [2024-08-09T13:26:33.468-0400] {dag.py:3947} INFO - Setting next_dagrun for example_bash_operator to 2024-08-08 00:00:00+00:00, run_after=2024-08-09 00:00:00+00:00
[2024-08-09T13:26:33.474-0400] {processor.py:183} INFO - Processing /Users/jakeliu/we-defend-truth-1/airflow_env/lib/python3.12/site-packages/airflow/example_dags/example_bash_operator.py took 0.051 seconds
