[2024-08-09T13:04:34.895-0400] {processor.py:161} INFO - Started process (PID=20909) to work on /Users/jakeliu/we-defend-truth-1/airflow_env/lib/python3.12/site-packages/airflow/example_dags/example_python_decorator.py
[2024-08-09T13:04:34.896-0400] {processor.py:830} INFO - Processing file /Users/jakeliu/we-defend-truth-1/airflow_env/lib/python3.12/site-packages/airflow/example_dags/example_python_decorator.py for tasks to queue
[2024-08-09T13:04:34.896-0400] {logging_mixin.py:188} INFO - [2024-08-09T13:04:34.896-0400] {dagbag.py:545} INFO - Filling up the DagBag from /Users/jakeliu/we-defend-truth-1/airflow_env/lib/python3.12/site-packages/airflow/example_dags/example_python_decorator.py
[2024-08-09T13:04:34.910-0400] {logging_mixin.py:188} INFO - [2024-08-09T13:04:34.910-0400] {example_python_decorator.py:80} WARNING - The virtalenv_python example task requires virtualenv, please install it.
[2024-08-09T13:04:34.911-0400] {processor.py:840} INFO - DAG(s) 'example_python_decorator' retrieved from /Users/jakeliu/we-defend-truth-1/airflow_env/lib/python3.12/site-packages/airflow/example_dags/example_python_decorator.py
[2024-08-09T13:04:34.969-0400] {logging_mixin.py:188} INFO - [2024-08-09T13:04:34.969-0400] {dag.py:3089} INFO - Sync 1 DAGs
[2024-08-09T13:04:34.972-0400] {logging_mixin.py:188} INFO - [2024-08-09T13:04:34.972-0400] {dag.py:3947} INFO - Setting next_dagrun for example_python_decorator to None, run_after=None
[2024-08-09T13:04:34.979-0400] {processor.py:183} INFO - Processing /Users/jakeliu/we-defend-truth-1/airflow_env/lib/python3.12/site-packages/airflow/example_dags/example_python_decorator.py took 0.085 seconds
[2024-08-09T13:05:58.559-0400] {processor.py:161} INFO - Started process (PID=21001) to work on /Users/jakeliu/we-defend-truth-1/airflow_env/lib/python3.12/site-packages/airflow/example_dags/example_python_decorator.py
[2024-08-09T13:05:58.560-0400] {processor.py:830} INFO - Processing file /Users/jakeliu/we-defend-truth-1/airflow_env/lib/python3.12/site-packages/airflow/example_dags/example_python_decorator.py for tasks to queue
[2024-08-09T13:05:58.560-0400] {logging_mixin.py:188} INFO - [2024-08-09T13:05:58.560-0400] {dagbag.py:545} INFO - Filling up the DagBag from /Users/jakeliu/we-defend-truth-1/airflow_env/lib/python3.12/site-packages/airflow/example_dags/example_python_decorator.py
[2024-08-09T13:05:58.574-0400] {logging_mixin.py:188} INFO - [2024-08-09T13:05:58.574-0400] {example_python_decorator.py:80} WARNING - The virtalenv_python example task requires virtualenv, please install it.
[2024-08-09T13:05:58.575-0400] {processor.py:840} INFO - DAG(s) 'example_python_decorator' retrieved from /Users/jakeliu/we-defend-truth-1/airflow_env/lib/python3.12/site-packages/airflow/example_dags/example_python_decorator.py
[2024-08-09T13:05:58.606-0400] {logging_mixin.py:188} INFO - [2024-08-09T13:05:58.606-0400] {dag.py:3089} INFO - Sync 1 DAGs
[2024-08-09T13:05:58.609-0400] {logging_mixin.py:188} INFO - [2024-08-09T13:05:58.609-0400] {dag.py:3947} INFO - Setting next_dagrun for example_python_decorator to None, run_after=None
[2024-08-09T13:05:58.617-0400] {processor.py:183} INFO - Processing /Users/jakeliu/we-defend-truth-1/airflow_env/lib/python3.12/site-packages/airflow/example_dags/example_python_decorator.py took 0.058 seconds
[2024-08-09T13:07:45.251-0400] {processor.py:161} INFO - Started process (PID=21150) to work on /Users/jakeliu/we-defend-truth-1/airflow_env/lib/python3.12/site-packages/airflow/example_dags/example_python_decorator.py
[2024-08-09T13:07:45.251-0400] {processor.py:830} INFO - Processing file /Users/jakeliu/we-defend-truth-1/airflow_env/lib/python3.12/site-packages/airflow/example_dags/example_python_decorator.py for tasks to queue
[2024-08-09T13:07:45.252-0400] {logging_mixin.py:188} INFO - [2024-08-09T13:07:45.252-0400] {dagbag.py:545} INFO - Filling up the DagBag from /Users/jakeliu/we-defend-truth-1/airflow_env/lib/python3.12/site-packages/airflow/example_dags/example_python_decorator.py
[2024-08-09T13:07:45.267-0400] {logging_mixin.py:188} INFO - [2024-08-09T13:07:45.267-0400] {example_python_decorator.py:80} WARNING - The virtalenv_python example task requires virtualenv, please install it.
[2024-08-09T13:07:45.268-0400] {processor.py:840} INFO - DAG(s) 'example_python_decorator' retrieved from /Users/jakeliu/we-defend-truth-1/airflow_env/lib/python3.12/site-packages/airflow/example_dags/example_python_decorator.py
[2024-08-09T13:07:45.302-0400] {logging_mixin.py:188} INFO - [2024-08-09T13:07:45.301-0400] {dag.py:3089} INFO - Sync 1 DAGs
[2024-08-09T13:07:45.305-0400] {logging_mixin.py:188} INFO - [2024-08-09T13:07:45.305-0400] {dag.py:3947} INFO - Setting next_dagrun for example_python_decorator to None, run_after=None
[2024-08-09T13:07:45.311-0400] {processor.py:183} INFO - Processing /Users/jakeliu/we-defend-truth-1/airflow_env/lib/python3.12/site-packages/airflow/example_dags/example_python_decorator.py took 0.062 seconds
[2024-08-09T13:09:25.693-0400] {processor.py:161} INFO - Started process (PID=21269) to work on /Users/jakeliu/we-defend-truth-1/airflow_env/lib/python3.12/site-packages/airflow/example_dags/example_python_decorator.py
[2024-08-09T13:09:25.693-0400] {processor.py:830} INFO - Processing file /Users/jakeliu/we-defend-truth-1/airflow_env/lib/python3.12/site-packages/airflow/example_dags/example_python_decorator.py for tasks to queue
[2024-08-09T13:09:25.694-0400] {logging_mixin.py:188} INFO - [2024-08-09T13:09:25.693-0400] {dagbag.py:545} INFO - Filling up the DagBag from /Users/jakeliu/we-defend-truth-1/airflow_env/lib/python3.12/site-packages/airflow/example_dags/example_python_decorator.py
[2024-08-09T13:09:25.707-0400] {logging_mixin.py:188} INFO - [2024-08-09T13:09:25.707-0400] {example_python_decorator.py:80} WARNING - The virtalenv_python example task requires virtualenv, please install it.
[2024-08-09T13:09:25.707-0400] {processor.py:840} INFO - DAG(s) 'example_python_decorator' retrieved from /Users/jakeliu/we-defend-truth-1/airflow_env/lib/python3.12/site-packages/airflow/example_dags/example_python_decorator.py
[2024-08-09T13:09:25.737-0400] {logging_mixin.py:188} INFO - [2024-08-09T13:09:25.737-0400] {dag.py:3089} INFO - Sync 1 DAGs
[2024-08-09T13:09:25.740-0400] {logging_mixin.py:188} INFO - [2024-08-09T13:09:25.740-0400] {dag.py:3947} INFO - Setting next_dagrun for example_python_decorator to None, run_after=None
[2024-08-09T13:09:25.746-0400] {processor.py:183} INFO - Processing /Users/jakeliu/we-defend-truth-1/airflow_env/lib/python3.12/site-packages/airflow/example_dags/example_python_decorator.py took 0.055 seconds
[2024-08-09T13:11:08.143-0400] {processor.py:161} INFO - Started process (PID=21371) to work on /Users/jakeliu/we-defend-truth-1/airflow_env/lib/python3.12/site-packages/airflow/example_dags/example_python_decorator.py
[2024-08-09T13:11:08.144-0400] {processor.py:830} INFO - Processing file /Users/jakeliu/we-defend-truth-1/airflow_env/lib/python3.12/site-packages/airflow/example_dags/example_python_decorator.py for tasks to queue
[2024-08-09T13:11:08.144-0400] {logging_mixin.py:188} INFO - [2024-08-09T13:11:08.144-0400] {dagbag.py:545} INFO - Filling up the DagBag from /Users/jakeliu/we-defend-truth-1/airflow_env/lib/python3.12/site-packages/airflow/example_dags/example_python_decorator.py
[2024-08-09T13:11:08.158-0400] {logging_mixin.py:188} INFO - [2024-08-09T13:11:08.158-0400] {example_python_decorator.py:80} WARNING - The virtalenv_python example task requires virtualenv, please install it.
[2024-08-09T13:11:08.159-0400] {processor.py:840} INFO - DAG(s) 'example_python_decorator' retrieved from /Users/jakeliu/we-defend-truth-1/airflow_env/lib/python3.12/site-packages/airflow/example_dags/example_python_decorator.py
[2024-08-09T13:11:08.189-0400] {logging_mixin.py:188} INFO - [2024-08-09T13:11:08.188-0400] {dag.py:3089} INFO - Sync 1 DAGs
[2024-08-09T13:11:08.191-0400] {logging_mixin.py:188} INFO - [2024-08-09T13:11:08.191-0400] {dag.py:3947} INFO - Setting next_dagrun for example_python_decorator to None, run_after=None
[2024-08-09T13:11:08.198-0400] {processor.py:183} INFO - Processing /Users/jakeliu/we-defend-truth-1/airflow_env/lib/python3.12/site-packages/airflow/example_dags/example_python_decorator.py took 0.056 seconds
[2024-08-09T13:12:54.644-0400] {processor.py:161} INFO - Started process (PID=21476) to work on /Users/jakeliu/we-defend-truth-1/airflow_env/lib/python3.12/site-packages/airflow/example_dags/example_python_decorator.py
[2024-08-09T13:12:54.645-0400] {processor.py:830} INFO - Processing file /Users/jakeliu/we-defend-truth-1/airflow_env/lib/python3.12/site-packages/airflow/example_dags/example_python_decorator.py for tasks to queue
[2024-08-09T13:12:54.645-0400] {logging_mixin.py:188} INFO - [2024-08-09T13:12:54.645-0400] {dagbag.py:545} INFO - Filling up the DagBag from /Users/jakeliu/we-defend-truth-1/airflow_env/lib/python3.12/site-packages/airflow/example_dags/example_python_decorator.py
[2024-08-09T13:12:54.661-0400] {logging_mixin.py:188} INFO - [2024-08-09T13:12:54.661-0400] {example_python_decorator.py:80} WARNING - The virtalenv_python example task requires virtualenv, please install it.
[2024-08-09T13:12:54.662-0400] {processor.py:840} INFO - DAG(s) 'example_python_decorator' retrieved from /Users/jakeliu/we-defend-truth-1/airflow_env/lib/python3.12/site-packages/airflow/example_dags/example_python_decorator.py
[2024-08-09T13:12:54.693-0400] {logging_mixin.py:188} INFO - [2024-08-09T13:12:54.693-0400] {dag.py:3089} INFO - Sync 1 DAGs
[2024-08-09T13:12:54.696-0400] {logging_mixin.py:188} INFO - [2024-08-09T13:12:54.696-0400] {dag.py:3947} INFO - Setting next_dagrun for example_python_decorator to None, run_after=None
[2024-08-09T13:12:54.702-0400] {processor.py:183} INFO - Processing /Users/jakeliu/we-defend-truth-1/airflow_env/lib/python3.12/site-packages/airflow/example_dags/example_python_decorator.py took 0.059 seconds
[2024-08-09T13:14:52.262-0400] {processor.py:161} INFO - Started process (PID=21588) to work on /Users/jakeliu/we-defend-truth-1/airflow_env/lib/python3.12/site-packages/airflow/example_dags/example_python_decorator.py
[2024-08-09T13:14:52.263-0400] {processor.py:830} INFO - Processing file /Users/jakeliu/we-defend-truth-1/airflow_env/lib/python3.12/site-packages/airflow/example_dags/example_python_decorator.py for tasks to queue
[2024-08-09T13:14:52.263-0400] {logging_mixin.py:188} INFO - [2024-08-09T13:14:52.263-0400] {dagbag.py:545} INFO - Filling up the DagBag from /Users/jakeliu/we-defend-truth-1/airflow_env/lib/python3.12/site-packages/airflow/example_dags/example_python_decorator.py
[2024-08-09T13:14:52.277-0400] {logging_mixin.py:188} INFO - [2024-08-09T13:14:52.276-0400] {example_python_decorator.py:80} WARNING - The virtalenv_python example task requires virtualenv, please install it.
[2024-08-09T13:14:52.277-0400] {processor.py:840} INFO - DAG(s) 'example_python_decorator' retrieved from /Users/jakeliu/we-defend-truth-1/airflow_env/lib/python3.12/site-packages/airflow/example_dags/example_python_decorator.py
[2024-08-09T13:14:52.307-0400] {logging_mixin.py:188} INFO - [2024-08-09T13:14:52.307-0400] {dag.py:3089} INFO - Sync 1 DAGs
[2024-08-09T13:14:52.310-0400] {logging_mixin.py:188} INFO - [2024-08-09T13:14:52.310-0400] {dag.py:3947} INFO - Setting next_dagrun for example_python_decorator to None, run_after=None
[2024-08-09T13:14:52.316-0400] {processor.py:183} INFO - Processing /Users/jakeliu/we-defend-truth-1/airflow_env/lib/python3.12/site-packages/airflow/example_dags/example_python_decorator.py took 0.055 seconds
[2024-08-09T13:16:49.074-0400] {processor.py:161} INFO - Started process (PID=21690) to work on /Users/jakeliu/we-defend-truth-1/airflow_env/lib/python3.12/site-packages/airflow/example_dags/example_python_decorator.py
[2024-08-09T13:16:49.075-0400] {processor.py:830} INFO - Processing file /Users/jakeliu/we-defend-truth-1/airflow_env/lib/python3.12/site-packages/airflow/example_dags/example_python_decorator.py for tasks to queue
[2024-08-09T13:16:49.075-0400] {logging_mixin.py:188} INFO - [2024-08-09T13:16:49.075-0400] {dagbag.py:545} INFO - Filling up the DagBag from /Users/jakeliu/we-defend-truth-1/airflow_env/lib/python3.12/site-packages/airflow/example_dags/example_python_decorator.py
[2024-08-09T13:16:49.089-0400] {logging_mixin.py:188} INFO - [2024-08-09T13:16:49.089-0400] {example_python_decorator.py:80} WARNING - The virtalenv_python example task requires virtualenv, please install it.
[2024-08-09T13:16:49.090-0400] {processor.py:840} INFO - DAG(s) 'example_python_decorator' retrieved from /Users/jakeliu/we-defend-truth-1/airflow_env/lib/python3.12/site-packages/airflow/example_dags/example_python_decorator.py
[2024-08-09T13:16:49.120-0400] {logging_mixin.py:188} INFO - [2024-08-09T13:16:49.119-0400] {dag.py:3089} INFO - Sync 1 DAGs
[2024-08-09T13:16:49.122-0400] {logging_mixin.py:188} INFO - [2024-08-09T13:16:49.122-0400] {dag.py:3947} INFO - Setting next_dagrun for example_python_decorator to None, run_after=None
[2024-08-09T13:16:49.128-0400] {processor.py:183} INFO - Processing /Users/jakeliu/we-defend-truth-1/airflow_env/lib/python3.12/site-packages/airflow/example_dags/example_python_decorator.py took 0.055 seconds
[2024-08-09T13:18:29.778-0400] {processor.py:161} INFO - Started process (PID=21864) to work on /Users/jakeliu/we-defend-truth-1/airflow_env/lib/python3.12/site-packages/airflow/example_dags/example_python_decorator.py
[2024-08-09T13:18:29.780-0400] {processor.py:830} INFO - Processing file /Users/jakeliu/we-defend-truth-1/airflow_env/lib/python3.12/site-packages/airflow/example_dags/example_python_decorator.py for tasks to queue
[2024-08-09T13:18:29.780-0400] {logging_mixin.py:188} INFO - [2024-08-09T13:18:29.780-0400] {dagbag.py:545} INFO - Filling up the DagBag from /Users/jakeliu/we-defend-truth-1/airflow_env/lib/python3.12/site-packages/airflow/example_dags/example_python_decorator.py
[2024-08-09T13:18:29.793-0400] {logging_mixin.py:188} INFO - [2024-08-09T13:18:29.793-0400] {example_python_decorator.py:80} WARNING - The virtalenv_python example task requires virtualenv, please install it.
[2024-08-09T13:18:29.794-0400] {processor.py:840} INFO - DAG(s) 'example_python_decorator' retrieved from /Users/jakeliu/we-defend-truth-1/airflow_env/lib/python3.12/site-packages/airflow/example_dags/example_python_decorator.py
[2024-08-09T13:18:29.826-0400] {logging_mixin.py:188} INFO - [2024-08-09T13:18:29.826-0400] {dag.py:3089} INFO - Sync 1 DAGs
[2024-08-09T13:18:29.829-0400] {logging_mixin.py:188} INFO - [2024-08-09T13:18:29.829-0400] {dag.py:3947} INFO - Setting next_dagrun for example_python_decorator to None, run_after=None
[2024-08-09T13:18:29.835-0400] {processor.py:183} INFO - Processing /Users/jakeliu/we-defend-truth-1/airflow_env/lib/python3.12/site-packages/airflow/example_dags/example_python_decorator.py took 0.057 seconds
[2024-08-09T13:20:13.598-0400] {processor.py:161} INFO - Started process (PID=21977) to work on /Users/jakeliu/we-defend-truth-1/airflow_env/lib/python3.12/site-packages/airflow/example_dags/example_python_decorator.py
[2024-08-09T13:20:13.598-0400] {processor.py:830} INFO - Processing file /Users/jakeliu/we-defend-truth-1/airflow_env/lib/python3.12/site-packages/airflow/example_dags/example_python_decorator.py for tasks to queue
[2024-08-09T13:20:13.598-0400] {logging_mixin.py:188} INFO - [2024-08-09T13:20:13.598-0400] {dagbag.py:545} INFO - Filling up the DagBag from /Users/jakeliu/we-defend-truth-1/airflow_env/lib/python3.12/site-packages/airflow/example_dags/example_python_decorator.py
[2024-08-09T13:20:13.612-0400] {logging_mixin.py:188} INFO - [2024-08-09T13:20:13.612-0400] {example_python_decorator.py:80} WARNING - The virtalenv_python example task requires virtualenv, please install it.
[2024-08-09T13:20:13.613-0400] {processor.py:840} INFO - DAG(s) 'example_python_decorator' retrieved from /Users/jakeliu/we-defend-truth-1/airflow_env/lib/python3.12/site-packages/airflow/example_dags/example_python_decorator.py
[2024-08-09T13:20:13.643-0400] {logging_mixin.py:188} INFO - [2024-08-09T13:20:13.643-0400] {dag.py:3089} INFO - Sync 1 DAGs
[2024-08-09T13:20:13.646-0400] {logging_mixin.py:188} INFO - [2024-08-09T13:20:13.646-0400] {dag.py:3947} INFO - Setting next_dagrun for example_python_decorator to None, run_after=None
[2024-08-09T13:20:13.652-0400] {processor.py:183} INFO - Processing /Users/jakeliu/we-defend-truth-1/airflow_env/lib/python3.12/site-packages/airflow/example_dags/example_python_decorator.py took 0.055 seconds
[2024-08-09T13:21:55.418-0400] {processor.py:161} INFO - Started process (PID=22612) to work on /Users/jakeliu/we-defend-truth-1/airflow_env/lib/python3.12/site-packages/airflow/example_dags/example_python_decorator.py
[2024-08-09T13:21:55.419-0400] {processor.py:830} INFO - Processing file /Users/jakeliu/we-defend-truth-1/airflow_env/lib/python3.12/site-packages/airflow/example_dags/example_python_decorator.py for tasks to queue
[2024-08-09T13:21:55.419-0400] {logging_mixin.py:188} INFO - [2024-08-09T13:21:55.419-0400] {dagbag.py:545} INFO - Filling up the DagBag from /Users/jakeliu/we-defend-truth-1/airflow_env/lib/python3.12/site-packages/airflow/example_dags/example_python_decorator.py
[2024-08-09T13:21:55.433-0400] {logging_mixin.py:188} INFO - [2024-08-09T13:21:55.433-0400] {example_python_decorator.py:80} WARNING - The virtalenv_python example task requires virtualenv, please install it.
[2024-08-09T13:21:55.434-0400] {processor.py:840} INFO - DAG(s) 'example_python_decorator' retrieved from /Users/jakeliu/we-defend-truth-1/airflow_env/lib/python3.12/site-packages/airflow/example_dags/example_python_decorator.py
[2024-08-09T13:21:55.465-0400] {logging_mixin.py:188} INFO - [2024-08-09T13:21:55.465-0400] {dag.py:3089} INFO - Sync 1 DAGs
[2024-08-09T13:21:55.468-0400] {logging_mixin.py:188} INFO - [2024-08-09T13:21:55.468-0400] {dag.py:3947} INFO - Setting next_dagrun for example_python_decorator to None, run_after=None
[2024-08-09T13:21:55.474-0400] {processor.py:183} INFO - Processing /Users/jakeliu/we-defend-truth-1/airflow_env/lib/python3.12/site-packages/airflow/example_dags/example_python_decorator.py took 0.057 seconds
[2024-08-09T13:23:37.850-0400] {processor.py:161} INFO - Started process (PID=22714) to work on /Users/jakeliu/we-defend-truth-1/airflow_env/lib/python3.12/site-packages/airflow/example_dags/example_python_decorator.py
[2024-08-09T13:23:37.851-0400] {processor.py:830} INFO - Processing file /Users/jakeliu/we-defend-truth-1/airflow_env/lib/python3.12/site-packages/airflow/example_dags/example_python_decorator.py for tasks to queue
[2024-08-09T13:23:37.852-0400] {logging_mixin.py:188} INFO - [2024-08-09T13:23:37.852-0400] {dagbag.py:545} INFO - Filling up the DagBag from /Users/jakeliu/we-defend-truth-1/airflow_env/lib/python3.12/site-packages/airflow/example_dags/example_python_decorator.py
[2024-08-09T13:23:37.865-0400] {logging_mixin.py:188} INFO - [2024-08-09T13:23:37.865-0400] {example_python_decorator.py:80} WARNING - The virtalenv_python example task requires virtualenv, please install it.
[2024-08-09T13:23:37.866-0400] {processor.py:840} INFO - DAG(s) 'example_python_decorator' retrieved from /Users/jakeliu/we-defend-truth-1/airflow_env/lib/python3.12/site-packages/airflow/example_dags/example_python_decorator.py
[2024-08-09T13:23:37.897-0400] {logging_mixin.py:188} INFO - [2024-08-09T13:23:37.896-0400] {dag.py:3089} INFO - Sync 1 DAGs
[2024-08-09T13:23:37.899-0400] {logging_mixin.py:188} INFO - [2024-08-09T13:23:37.899-0400] {dag.py:3947} INFO - Setting next_dagrun for example_python_decorator to None, run_after=None
[2024-08-09T13:23:37.905-0400] {processor.py:183} INFO - Processing /Users/jakeliu/we-defend-truth-1/airflow_env/lib/python3.12/site-packages/airflow/example_dags/example_python_decorator.py took 0.056 seconds
[2024-08-09T13:25:26.130-0400] {processor.py:161} INFO - Started process (PID=22845) to work on /Users/jakeliu/we-defend-truth-1/airflow_env/lib/python3.12/site-packages/airflow/example_dags/example_python_decorator.py
[2024-08-09T13:25:26.131-0400] {processor.py:830} INFO - Processing file /Users/jakeliu/we-defend-truth-1/airflow_env/lib/python3.12/site-packages/airflow/example_dags/example_python_decorator.py for tasks to queue
[2024-08-09T13:25:26.131-0400] {logging_mixin.py:188} INFO - [2024-08-09T13:25:26.131-0400] {dagbag.py:545} INFO - Filling up the DagBag from /Users/jakeliu/we-defend-truth-1/airflow_env/lib/python3.12/site-packages/airflow/example_dags/example_python_decorator.py
[2024-08-09T13:25:26.146-0400] {logging_mixin.py:188} INFO - [2024-08-09T13:25:26.146-0400] {example_python_decorator.py:80} WARNING - The virtalenv_python example task requires virtualenv, please install it.
[2024-08-09T13:25:26.146-0400] {processor.py:840} INFO - DAG(s) 'example_python_decorator' retrieved from /Users/jakeliu/we-defend-truth-1/airflow_env/lib/python3.12/site-packages/airflow/example_dags/example_python_decorator.py
[2024-08-09T13:25:26.177-0400] {logging_mixin.py:188} INFO - [2024-08-09T13:25:26.176-0400] {dag.py:3089} INFO - Sync 1 DAGs
[2024-08-09T13:25:26.179-0400] {logging_mixin.py:188} INFO - [2024-08-09T13:25:26.179-0400] {dag.py:3947} INFO - Setting next_dagrun for example_python_decorator to None, run_after=None
[2024-08-09T13:25:26.186-0400] {processor.py:183} INFO - Processing /Users/jakeliu/we-defend-truth-1/airflow_env/lib/python3.12/site-packages/airflow/example_dags/example_python_decorator.py took 0.056 seconds
[2024-08-09T13:27:23.411-0400] {processor.py:161} INFO - Started process (PID=22956) to work on /Users/jakeliu/we-defend-truth-1/airflow_env/lib/python3.12/site-packages/airflow/example_dags/example_python_decorator.py
[2024-08-09T13:27:23.412-0400] {processor.py:830} INFO - Processing file /Users/jakeliu/we-defend-truth-1/airflow_env/lib/python3.12/site-packages/airflow/example_dags/example_python_decorator.py for tasks to queue
[2024-08-09T13:27:23.412-0400] {logging_mixin.py:188} INFO - [2024-08-09T13:27:23.412-0400] {dagbag.py:545} INFO - Filling up the DagBag from /Users/jakeliu/we-defend-truth-1/airflow_env/lib/python3.12/site-packages/airflow/example_dags/example_python_decorator.py
[2024-08-09T13:27:23.425-0400] {logging_mixin.py:188} INFO - [2024-08-09T13:27:23.425-0400] {example_python_decorator.py:80} WARNING - The virtalenv_python example task requires virtualenv, please install it.
[2024-08-09T13:27:23.426-0400] {processor.py:840} INFO - DAG(s) 'example_python_decorator' retrieved from /Users/jakeliu/we-defend-truth-1/airflow_env/lib/python3.12/site-packages/airflow/example_dags/example_python_decorator.py
[2024-08-09T13:27:23.456-0400] {logging_mixin.py:188} INFO - [2024-08-09T13:27:23.456-0400] {dag.py:3089} INFO - Sync 1 DAGs
[2024-08-09T13:27:23.459-0400] {logging_mixin.py:188} INFO - [2024-08-09T13:27:23.459-0400] {dag.py:3947} INFO - Setting next_dagrun for example_python_decorator to None, run_after=None
[2024-08-09T13:27:23.465-0400] {processor.py:183} INFO - Processing /Users/jakeliu/we-defend-truth-1/airflow_env/lib/python3.12/site-packages/airflow/example_dags/example_python_decorator.py took 0.055 seconds
[2024-08-09T13:29:15.556-0400] {processor.py:161} INFO - Started process (PID=23268) to work on /Users/jakeliu/we-defend-truth-1/airflow_env/lib/python3.12/site-packages/airflow/example_dags/example_python_decorator.py
[2024-08-09T13:29:15.558-0400] {processor.py:830} INFO - Processing file /Users/jakeliu/we-defend-truth-1/airflow_env/lib/python3.12/site-packages/airflow/example_dags/example_python_decorator.py for tasks to queue
[2024-08-09T13:29:15.558-0400] {logging_mixin.py:188} INFO - [2024-08-09T13:29:15.558-0400] {dagbag.py:545} INFO - Filling up the DagBag from /Users/jakeliu/we-defend-truth-1/airflow_env/lib/python3.12/site-packages/airflow/example_dags/example_python_decorator.py
[2024-08-09T13:29:15.574-0400] {logging_mixin.py:188} INFO - [2024-08-09T13:29:15.574-0400] {example_python_decorator.py:80} WARNING - The virtalenv_python example task requires virtualenv, please install it.
[2024-08-09T13:29:15.575-0400] {processor.py:840} INFO - DAG(s) 'example_python_decorator' retrieved from /Users/jakeliu/we-defend-truth-1/airflow_env/lib/python3.12/site-packages/airflow/example_dags/example_python_decorator.py
[2024-08-09T13:29:15.606-0400] {logging_mixin.py:188} INFO - [2024-08-09T13:29:15.606-0400] {dag.py:3089} INFO - Sync 1 DAGs
[2024-08-09T13:29:15.609-0400] {logging_mixin.py:188} INFO - [2024-08-09T13:29:15.609-0400] {dag.py:3947} INFO - Setting next_dagrun for example_python_decorator to None, run_after=None
[2024-08-09T13:29:15.615-0400] {processor.py:183} INFO - Processing /Users/jakeliu/we-defend-truth-1/airflow_env/lib/python3.12/site-packages/airflow/example_dags/example_python_decorator.py took 0.060 seconds
[2024-08-09T13:31:10.461-0400] {processor.py:161} INFO - Started process (PID=23532) to work on /Users/jakeliu/we-defend-truth-1/airflow_env/lib/python3.12/site-packages/airflow/example_dags/example_python_decorator.py
[2024-08-09T13:31:10.462-0400] {processor.py:830} INFO - Processing file /Users/jakeliu/we-defend-truth-1/airflow_env/lib/python3.12/site-packages/airflow/example_dags/example_python_decorator.py for tasks to queue
[2024-08-09T13:31:10.462-0400] {logging_mixin.py:188} INFO - [2024-08-09T13:31:10.462-0400] {dagbag.py:545} INFO - Filling up the DagBag from /Users/jakeliu/we-defend-truth-1/airflow_env/lib/python3.12/site-packages/airflow/example_dags/example_python_decorator.py
[2024-08-09T13:31:10.476-0400] {logging_mixin.py:188} INFO - [2024-08-09T13:31:10.476-0400] {example_python_decorator.py:80} WARNING - The virtalenv_python example task requires virtualenv, please install it.
[2024-08-09T13:31:10.476-0400] {processor.py:840} INFO - DAG(s) 'example_python_decorator' retrieved from /Users/jakeliu/we-defend-truth-1/airflow_env/lib/python3.12/site-packages/airflow/example_dags/example_python_decorator.py
[2024-08-09T13:31:10.506-0400] {logging_mixin.py:188} INFO - [2024-08-09T13:31:10.506-0400] {dag.py:3089} INFO - Sync 1 DAGs
[2024-08-09T13:31:10.509-0400] {logging_mixin.py:188} INFO - [2024-08-09T13:31:10.509-0400] {dag.py:3947} INFO - Setting next_dagrun for example_python_decorator to None, run_after=None
[2024-08-09T13:31:10.515-0400] {processor.py:183} INFO - Processing /Users/jakeliu/we-defend-truth-1/airflow_env/lib/python3.12/site-packages/airflow/example_dags/example_python_decorator.py took 0.056 seconds
[2024-08-09T13:33:04.945-0400] {processor.py:161} INFO - Started process (PID=23669) to work on /Users/jakeliu/we-defend-truth-1/airflow_env/lib/python3.12/site-packages/airflow/example_dags/example_python_decorator.py
[2024-08-09T13:33:04.946-0400] {processor.py:830} INFO - Processing file /Users/jakeliu/we-defend-truth-1/airflow_env/lib/python3.12/site-packages/airflow/example_dags/example_python_decorator.py for tasks to queue
[2024-08-09T13:33:04.946-0400] {logging_mixin.py:188} INFO - [2024-08-09T13:33:04.946-0400] {dagbag.py:545} INFO - Filling up the DagBag from /Users/jakeliu/we-defend-truth-1/airflow_env/lib/python3.12/site-packages/airflow/example_dags/example_python_decorator.py
[2024-08-09T13:33:04.960-0400] {logging_mixin.py:188} INFO - [2024-08-09T13:33:04.959-0400] {example_python_decorator.py:80} WARNING - The virtalenv_python example task requires virtualenv, please install it.
[2024-08-09T13:33:04.960-0400] {processor.py:840} INFO - DAG(s) 'example_python_decorator' retrieved from /Users/jakeliu/we-defend-truth-1/airflow_env/lib/python3.12/site-packages/airflow/example_dags/example_python_decorator.py
[2024-08-09T13:33:04.991-0400] {logging_mixin.py:188} INFO - [2024-08-09T13:33:04.991-0400] {dag.py:3089} INFO - Sync 1 DAGs
[2024-08-09T13:33:04.994-0400] {logging_mixin.py:188} INFO - [2024-08-09T13:33:04.994-0400] {dag.py:3947} INFO - Setting next_dagrun for example_python_decorator to None, run_after=None
[2024-08-09T13:33:05.000-0400] {processor.py:183} INFO - Processing /Users/jakeliu/we-defend-truth-1/airflow_env/lib/python3.12/site-packages/airflow/example_dags/example_python_decorator.py took 0.056 seconds
[2024-08-09T13:34:53.476-0400] {processor.py:161} INFO - Started process (PID=23820) to work on /Users/jakeliu/we-defend-truth-1/airflow_env/lib/python3.12/site-packages/airflow/example_dags/example_python_decorator.py
[2024-08-09T13:34:53.477-0400] {processor.py:830} INFO - Processing file /Users/jakeliu/we-defend-truth-1/airflow_env/lib/python3.12/site-packages/airflow/example_dags/example_python_decorator.py for tasks to queue
[2024-08-09T13:34:53.477-0400] {logging_mixin.py:188} INFO - [2024-08-09T13:34:53.477-0400] {dagbag.py:545} INFO - Filling up the DagBag from /Users/jakeliu/we-defend-truth-1/airflow_env/lib/python3.12/site-packages/airflow/example_dags/example_python_decorator.py
[2024-08-09T13:34:53.492-0400] {logging_mixin.py:188} INFO - [2024-08-09T13:34:53.492-0400] {example_python_decorator.py:80} WARNING - The virtalenv_python example task requires virtualenv, please install it.
[2024-08-09T13:34:53.493-0400] {processor.py:840} INFO - DAG(s) 'example_python_decorator' retrieved from /Users/jakeliu/we-defend-truth-1/airflow_env/lib/python3.12/site-packages/airflow/example_dags/example_python_decorator.py
[2024-08-09T13:34:53.524-0400] {logging_mixin.py:188} INFO - [2024-08-09T13:34:53.524-0400] {dag.py:3089} INFO - Sync 1 DAGs
[2024-08-09T13:34:53.527-0400] {logging_mixin.py:188} INFO - [2024-08-09T13:34:53.527-0400] {dag.py:3947} INFO - Setting next_dagrun for example_python_decorator to None, run_after=None
[2024-08-09T13:34:53.534-0400] {processor.py:183} INFO - Processing /Users/jakeliu/we-defend-truth-1/airflow_env/lib/python3.12/site-packages/airflow/example_dags/example_python_decorator.py took 0.059 seconds
[2024-08-09T13:36:41.627-0400] {processor.py:161} INFO - Started process (PID=23923) to work on /Users/jakeliu/we-defend-truth-1/airflow_env/lib/python3.12/site-packages/airflow/example_dags/example_python_decorator.py
[2024-08-09T13:36:41.627-0400] {processor.py:830} INFO - Processing file /Users/jakeliu/we-defend-truth-1/airflow_env/lib/python3.12/site-packages/airflow/example_dags/example_python_decorator.py for tasks to queue
[2024-08-09T13:36:41.628-0400] {logging_mixin.py:188} INFO - [2024-08-09T13:36:41.628-0400] {dagbag.py:545} INFO - Filling up the DagBag from /Users/jakeliu/we-defend-truth-1/airflow_env/lib/python3.12/site-packages/airflow/example_dags/example_python_decorator.py
[2024-08-09T13:36:41.642-0400] {logging_mixin.py:188} INFO - [2024-08-09T13:36:41.642-0400] {example_python_decorator.py:80} WARNING - The virtalenv_python example task requires virtualenv, please install it.
[2024-08-09T13:36:41.643-0400] {processor.py:840} INFO - DAG(s) 'example_python_decorator' retrieved from /Users/jakeliu/we-defend-truth-1/airflow_env/lib/python3.12/site-packages/airflow/example_dags/example_python_decorator.py
[2024-08-09T13:36:41.677-0400] {logging_mixin.py:188} INFO - [2024-08-09T13:36:41.677-0400] {dag.py:3089} INFO - Sync 1 DAGs
[2024-08-09T13:36:41.680-0400] {logging_mixin.py:188} INFO - [2024-08-09T13:36:41.680-0400] {dag.py:3947} INFO - Setting next_dagrun for example_python_decorator to None, run_after=None
[2024-08-09T13:36:41.687-0400] {processor.py:183} INFO - Processing /Users/jakeliu/we-defend-truth-1/airflow_env/lib/python3.12/site-packages/airflow/example_dags/example_python_decorator.py took 0.061 seconds
[2024-08-09T13:38:35.974-0400] {processor.py:161} INFO - Started process (PID=24003) to work on /Users/jakeliu/we-defend-truth-1/airflow_env/lib/python3.12/site-packages/airflow/example_dags/example_python_decorator.py
[2024-08-09T13:38:35.976-0400] {processor.py:830} INFO - Processing file /Users/jakeliu/we-defend-truth-1/airflow_env/lib/python3.12/site-packages/airflow/example_dags/example_python_decorator.py for tasks to queue
[2024-08-09T13:38:35.976-0400] {logging_mixin.py:188} INFO - [2024-08-09T13:38:35.976-0400] {dagbag.py:545} INFO - Filling up the DagBag from /Users/jakeliu/we-defend-truth-1/airflow_env/lib/python3.12/site-packages/airflow/example_dags/example_python_decorator.py
[2024-08-09T13:38:35.990-0400] {logging_mixin.py:188} INFO - [2024-08-09T13:38:35.990-0400] {example_python_decorator.py:80} WARNING - The virtalenv_python example task requires virtualenv, please install it.
[2024-08-09T13:38:35.991-0400] {processor.py:840} INFO - DAG(s) 'example_python_decorator' retrieved from /Users/jakeliu/we-defend-truth-1/airflow_env/lib/python3.12/site-packages/airflow/example_dags/example_python_decorator.py
[2024-08-09T13:38:36.021-0400] {logging_mixin.py:188} INFO - [2024-08-09T13:38:36.021-0400] {dag.py:3089} INFO - Sync 1 DAGs
[2024-08-09T13:38:36.024-0400] {logging_mixin.py:188} INFO - [2024-08-09T13:38:36.024-0400] {dag.py:3947} INFO - Setting next_dagrun for example_python_decorator to None, run_after=None
[2024-08-09T13:38:36.030-0400] {processor.py:183} INFO - Processing /Users/jakeliu/we-defend-truth-1/airflow_env/lib/python3.12/site-packages/airflow/example_dags/example_python_decorator.py took 0.056 seconds
[2024-08-09T13:40:23.014-0400] {processor.py:161} INFO - Started process (PID=24079) to work on /Users/jakeliu/we-defend-truth-1/airflow_env/lib/python3.12/site-packages/airflow/example_dags/example_python_decorator.py
[2024-08-09T13:40:23.015-0400] {processor.py:830} INFO - Processing file /Users/jakeliu/we-defend-truth-1/airflow_env/lib/python3.12/site-packages/airflow/example_dags/example_python_decorator.py for tasks to queue
[2024-08-09T13:40:23.015-0400] {logging_mixin.py:188} INFO - [2024-08-09T13:40:23.015-0400] {dagbag.py:545} INFO - Filling up the DagBag from /Users/jakeliu/we-defend-truth-1/airflow_env/lib/python3.12/site-packages/airflow/example_dags/example_python_decorator.py
[2024-08-09T13:40:23.029-0400] {logging_mixin.py:188} INFO - [2024-08-09T13:40:23.029-0400] {example_python_decorator.py:80} WARNING - The virtalenv_python example task requires virtualenv, please install it.
[2024-08-09T13:40:23.029-0400] {processor.py:840} INFO - DAG(s) 'example_python_decorator' retrieved from /Users/jakeliu/we-defend-truth-1/airflow_env/lib/python3.12/site-packages/airflow/example_dags/example_python_decorator.py
[2024-08-09T13:40:23.059-0400] {logging_mixin.py:188} INFO - [2024-08-09T13:40:23.059-0400] {dag.py:3089} INFO - Sync 1 DAGs
[2024-08-09T13:40:23.062-0400] {logging_mixin.py:188} INFO - [2024-08-09T13:40:23.062-0400] {dag.py:3947} INFO - Setting next_dagrun for example_python_decorator to None, run_after=None
[2024-08-09T13:40:23.068-0400] {processor.py:183} INFO - Processing /Users/jakeliu/we-defend-truth-1/airflow_env/lib/python3.12/site-packages/airflow/example_dags/example_python_decorator.py took 0.055 seconds
[2024-08-09T13:42:13.328-0400] {processor.py:161} INFO - Started process (PID=24285) to work on /Users/jakeliu/we-defend-truth-1/airflow_env/lib/python3.12/site-packages/airflow/example_dags/example_python_decorator.py
[2024-08-09T13:42:13.329-0400] {processor.py:830} INFO - Processing file /Users/jakeliu/we-defend-truth-1/airflow_env/lib/python3.12/site-packages/airflow/example_dags/example_python_decorator.py for tasks to queue
[2024-08-09T13:42:13.329-0400] {logging_mixin.py:188} INFO - [2024-08-09T13:42:13.329-0400] {dagbag.py:545} INFO - Filling up the DagBag from /Users/jakeliu/we-defend-truth-1/airflow_env/lib/python3.12/site-packages/airflow/example_dags/example_python_decorator.py
[2024-08-09T13:42:13.343-0400] {logging_mixin.py:188} INFO - [2024-08-09T13:42:13.343-0400] {example_python_decorator.py:80} WARNING - The virtalenv_python example task requires virtualenv, please install it.
[2024-08-09T13:42:13.344-0400] {processor.py:840} INFO - DAG(s) 'example_python_decorator' retrieved from /Users/jakeliu/we-defend-truth-1/airflow_env/lib/python3.12/site-packages/airflow/example_dags/example_python_decorator.py
[2024-08-09T13:42:13.376-0400] {logging_mixin.py:188} INFO - [2024-08-09T13:42:13.375-0400] {dag.py:3089} INFO - Sync 1 DAGs
[2024-08-09T13:42:13.379-0400] {logging_mixin.py:188} INFO - [2024-08-09T13:42:13.379-0400] {dag.py:3947} INFO - Setting next_dagrun for example_python_decorator to None, run_after=None
[2024-08-09T13:42:13.386-0400] {processor.py:183} INFO - Processing /Users/jakeliu/we-defend-truth-1/airflow_env/lib/python3.12/site-packages/airflow/example_dags/example_python_decorator.py took 0.059 seconds
[2024-08-09T13:44:02.574-0400] {processor.py:161} INFO - Started process (PID=24386) to work on /Users/jakeliu/we-defend-truth-1/airflow_env/lib/python3.12/site-packages/airflow/example_dags/example_python_decorator.py
[2024-08-09T13:44:02.574-0400] {processor.py:830} INFO - Processing file /Users/jakeliu/we-defend-truth-1/airflow_env/lib/python3.12/site-packages/airflow/example_dags/example_python_decorator.py for tasks to queue
[2024-08-09T13:44:02.575-0400] {logging_mixin.py:188} INFO - [2024-08-09T13:44:02.574-0400] {dagbag.py:545} INFO - Filling up the DagBag from /Users/jakeliu/we-defend-truth-1/airflow_env/lib/python3.12/site-packages/airflow/example_dags/example_python_decorator.py
[2024-08-09T13:44:02.588-0400] {logging_mixin.py:188} INFO - [2024-08-09T13:44:02.588-0400] {example_python_decorator.py:80} WARNING - The virtalenv_python example task requires virtualenv, please install it.
[2024-08-09T13:44:02.589-0400] {processor.py:840} INFO - DAG(s) 'example_python_decorator' retrieved from /Users/jakeliu/we-defend-truth-1/airflow_env/lib/python3.12/site-packages/airflow/example_dags/example_python_decorator.py
[2024-08-09T13:44:02.619-0400] {logging_mixin.py:188} INFO - [2024-08-09T13:44:02.619-0400] {dag.py:3089} INFO - Sync 1 DAGs
[2024-08-09T13:44:02.622-0400] {logging_mixin.py:188} INFO - [2024-08-09T13:44:02.622-0400] {dag.py:3947} INFO - Setting next_dagrun for example_python_decorator to None, run_after=None
[2024-08-09T13:44:02.628-0400] {processor.py:183} INFO - Processing /Users/jakeliu/we-defend-truth-1/airflow_env/lib/python3.12/site-packages/airflow/example_dags/example_python_decorator.py took 0.055 seconds
[2024-08-09T13:45:42.249-0400] {processor.py:161} INFO - Started process (PID=24454) to work on /Users/jakeliu/we-defend-truth-1/airflow_env/lib/python3.12/site-packages/airflow/example_dags/example_python_decorator.py
[2024-08-09T13:45:42.250-0400] {processor.py:830} INFO - Processing file /Users/jakeliu/we-defend-truth-1/airflow_env/lib/python3.12/site-packages/airflow/example_dags/example_python_decorator.py for tasks to queue
[2024-08-09T13:45:42.250-0400] {logging_mixin.py:188} INFO - [2024-08-09T13:45:42.250-0400] {dagbag.py:545} INFO - Filling up the DagBag from /Users/jakeliu/we-defend-truth-1/airflow_env/lib/python3.12/site-packages/airflow/example_dags/example_python_decorator.py
[2024-08-09T13:45:42.263-0400] {logging_mixin.py:188} INFO - [2024-08-09T13:45:42.263-0400] {example_python_decorator.py:80} WARNING - The virtalenv_python example task requires virtualenv, please install it.
[2024-08-09T13:45:42.264-0400] {processor.py:840} INFO - DAG(s) 'example_python_decorator' retrieved from /Users/jakeliu/we-defend-truth-1/airflow_env/lib/python3.12/site-packages/airflow/example_dags/example_python_decorator.py
[2024-08-09T13:45:42.294-0400] {logging_mixin.py:188} INFO - [2024-08-09T13:45:42.294-0400] {dag.py:3089} INFO - Sync 1 DAGs
[2024-08-09T13:45:42.297-0400] {logging_mixin.py:188} INFO - [2024-08-09T13:45:42.296-0400] {dag.py:3947} INFO - Setting next_dagrun for example_python_decorator to None, run_after=None
[2024-08-09T13:45:42.302-0400] {processor.py:183} INFO - Processing /Users/jakeliu/we-defend-truth-1/airflow_env/lib/python3.12/site-packages/airflow/example_dags/example_python_decorator.py took 0.054 seconds
[2024-08-09T13:47:26.611-0400] {processor.py:161} INFO - Started process (PID=24529) to work on /Users/jakeliu/we-defend-truth-1/airflow_env/lib/python3.12/site-packages/airflow/example_dags/example_python_decorator.py
[2024-08-09T13:47:26.611-0400] {processor.py:830} INFO - Processing file /Users/jakeliu/we-defend-truth-1/airflow_env/lib/python3.12/site-packages/airflow/example_dags/example_python_decorator.py for tasks to queue
[2024-08-09T13:47:26.611-0400] {logging_mixin.py:188} INFO - [2024-08-09T13:47:26.611-0400] {dagbag.py:545} INFO - Filling up the DagBag from /Users/jakeliu/we-defend-truth-1/airflow_env/lib/python3.12/site-packages/airflow/example_dags/example_python_decorator.py
[2024-08-09T13:47:26.625-0400] {logging_mixin.py:188} INFO - [2024-08-09T13:47:26.625-0400] {example_python_decorator.py:80} WARNING - The virtalenv_python example task requires virtualenv, please install it.
[2024-08-09T13:47:26.626-0400] {processor.py:840} INFO - DAG(s) 'example_python_decorator' retrieved from /Users/jakeliu/we-defend-truth-1/airflow_env/lib/python3.12/site-packages/airflow/example_dags/example_python_decorator.py
[2024-08-09T13:47:26.655-0400] {logging_mixin.py:188} INFO - [2024-08-09T13:47:26.655-0400] {dag.py:3089} INFO - Sync 1 DAGs
[2024-08-09T13:47:26.658-0400] {logging_mixin.py:188} INFO - [2024-08-09T13:47:26.658-0400] {dag.py:3947} INFO - Setting next_dagrun for example_python_decorator to None, run_after=None
[2024-08-09T13:47:26.665-0400] {processor.py:183} INFO - Processing /Users/jakeliu/we-defend-truth-1/airflow_env/lib/python3.12/site-packages/airflow/example_dags/example_python_decorator.py took 0.055 seconds
[2024-08-09T13:49:07.661-0400] {processor.py:161} INFO - Started process (PID=24601) to work on /Users/jakeliu/we-defend-truth-1/airflow_env/lib/python3.12/site-packages/airflow/example_dags/example_python_decorator.py
[2024-08-09T13:49:07.662-0400] {processor.py:830} INFO - Processing file /Users/jakeliu/we-defend-truth-1/airflow_env/lib/python3.12/site-packages/airflow/example_dags/example_python_decorator.py for tasks to queue
[2024-08-09T13:49:07.662-0400] {logging_mixin.py:188} INFO - [2024-08-09T13:49:07.662-0400] {dagbag.py:545} INFO - Filling up the DagBag from /Users/jakeliu/we-defend-truth-1/airflow_env/lib/python3.12/site-packages/airflow/example_dags/example_python_decorator.py
[2024-08-09T13:49:07.676-0400] {logging_mixin.py:188} INFO - [2024-08-09T13:49:07.676-0400] {example_python_decorator.py:80} WARNING - The virtalenv_python example task requires virtualenv, please install it.
[2024-08-09T13:49:07.677-0400] {processor.py:840} INFO - DAG(s) 'example_python_decorator' retrieved from /Users/jakeliu/we-defend-truth-1/airflow_env/lib/python3.12/site-packages/airflow/example_dags/example_python_decorator.py
[2024-08-09T13:49:07.706-0400] {logging_mixin.py:188} INFO - [2024-08-09T13:49:07.706-0400] {dag.py:3089} INFO - Sync 1 DAGs
[2024-08-09T13:49:07.709-0400] {logging_mixin.py:188} INFO - [2024-08-09T13:49:07.709-0400] {dag.py:3947} INFO - Setting next_dagrun for example_python_decorator to None, run_after=None
[2024-08-09T13:49:07.715-0400] {processor.py:183} INFO - Processing /Users/jakeliu/we-defend-truth-1/airflow_env/lib/python3.12/site-packages/airflow/example_dags/example_python_decorator.py took 0.055 seconds
[2024-08-09T13:50:45.267-0400] {processor.py:161} INFO - Started process (PID=24684) to work on /Users/jakeliu/we-defend-truth-1/airflow_env/lib/python3.12/site-packages/airflow/example_dags/example_python_decorator.py
[2024-08-09T13:50:45.267-0400] {processor.py:830} INFO - Processing file /Users/jakeliu/we-defend-truth-1/airflow_env/lib/python3.12/site-packages/airflow/example_dags/example_python_decorator.py for tasks to queue
[2024-08-09T13:50:45.267-0400] {logging_mixin.py:188} INFO - [2024-08-09T13:50:45.267-0400] {dagbag.py:545} INFO - Filling up the DagBag from /Users/jakeliu/we-defend-truth-1/airflow_env/lib/python3.12/site-packages/airflow/example_dags/example_python_decorator.py
[2024-08-09T13:50:45.281-0400] {logging_mixin.py:188} INFO - [2024-08-09T13:50:45.281-0400] {example_python_decorator.py:80} WARNING - The virtalenv_python example task requires virtualenv, please install it.
[2024-08-09T13:50:45.281-0400] {processor.py:840} INFO - DAG(s) 'example_python_decorator' retrieved from /Users/jakeliu/we-defend-truth-1/airflow_env/lib/python3.12/site-packages/airflow/example_dags/example_python_decorator.py
[2024-08-09T13:50:45.311-0400] {logging_mixin.py:188} INFO - [2024-08-09T13:50:45.311-0400] {dag.py:3089} INFO - Sync 1 DAGs
[2024-08-09T13:50:45.314-0400] {logging_mixin.py:188} INFO - [2024-08-09T13:50:45.314-0400] {dag.py:3947} INFO - Setting next_dagrun for example_python_decorator to None, run_after=None
[2024-08-09T13:50:45.320-0400] {processor.py:183} INFO - Processing /Users/jakeliu/we-defend-truth-1/airflow_env/lib/python3.12/site-packages/airflow/example_dags/example_python_decorator.py took 0.054 seconds
[2024-08-09T13:52:28.570-0400] {processor.py:161} INFO - Started process (PID=24778) to work on /Users/jakeliu/we-defend-truth-1/airflow_env/lib/python3.12/site-packages/airflow/example_dags/example_python_decorator.py
[2024-08-09T13:52:28.571-0400] {processor.py:830} INFO - Processing file /Users/jakeliu/we-defend-truth-1/airflow_env/lib/python3.12/site-packages/airflow/example_dags/example_python_decorator.py for tasks to queue
[2024-08-09T13:52:28.571-0400] {logging_mixin.py:188} INFO - [2024-08-09T13:52:28.571-0400] {dagbag.py:545} INFO - Filling up the DagBag from /Users/jakeliu/we-defend-truth-1/airflow_env/lib/python3.12/site-packages/airflow/example_dags/example_python_decorator.py
[2024-08-09T13:52:28.586-0400] {logging_mixin.py:188} INFO - [2024-08-09T13:52:28.586-0400] {example_python_decorator.py:80} WARNING - The virtalenv_python example task requires virtualenv, please install it.
[2024-08-09T13:52:28.587-0400] {processor.py:840} INFO - DAG(s) 'example_python_decorator' retrieved from /Users/jakeliu/we-defend-truth-1/airflow_env/lib/python3.12/site-packages/airflow/example_dags/example_python_decorator.py
[2024-08-09T13:52:28.620-0400] {logging_mixin.py:188} INFO - [2024-08-09T13:52:28.620-0400] {dag.py:3089} INFO - Sync 1 DAGs
[2024-08-09T13:52:28.623-0400] {logging_mixin.py:188} INFO - [2024-08-09T13:52:28.623-0400] {dag.py:3947} INFO - Setting next_dagrun for example_python_decorator to None, run_after=None
[2024-08-09T13:52:28.629-0400] {processor.py:183} INFO - Processing /Users/jakeliu/we-defend-truth-1/airflow_env/lib/python3.12/site-packages/airflow/example_dags/example_python_decorator.py took 0.060 seconds
[2024-08-09T13:54:24.206-0400] {processor.py:161} INFO - Started process (PID=24916) to work on /Users/jakeliu/we-defend-truth-1/airflow_env/lib/python3.12/site-packages/airflow/example_dags/example_python_decorator.py
[2024-08-09T13:54:24.206-0400] {processor.py:830} INFO - Processing file /Users/jakeliu/we-defend-truth-1/airflow_env/lib/python3.12/site-packages/airflow/example_dags/example_python_decorator.py for tasks to queue
[2024-08-09T13:54:24.206-0400] {logging_mixin.py:188} INFO - [2024-08-09T13:54:24.206-0400] {dagbag.py:545} INFO - Filling up the DagBag from /Users/jakeliu/we-defend-truth-1/airflow_env/lib/python3.12/site-packages/airflow/example_dags/example_python_decorator.py
[2024-08-09T13:54:24.220-0400] {logging_mixin.py:188} INFO - [2024-08-09T13:54:24.219-0400] {example_python_decorator.py:80} WARNING - The virtalenv_python example task requires virtualenv, please install it.
[2024-08-09T13:54:24.220-0400] {processor.py:840} INFO - DAG(s) 'example_python_decorator' retrieved from /Users/jakeliu/we-defend-truth-1/airflow_env/lib/python3.12/site-packages/airflow/example_dags/example_python_decorator.py
[2024-08-09T13:54:24.251-0400] {logging_mixin.py:188} INFO - [2024-08-09T13:54:24.251-0400] {dag.py:3089} INFO - Sync 1 DAGs
[2024-08-09T13:54:24.254-0400] {logging_mixin.py:188} INFO - [2024-08-09T13:54:24.254-0400] {dag.py:3947} INFO - Setting next_dagrun for example_python_decorator to None, run_after=None
[2024-08-09T13:54:24.260-0400] {processor.py:183} INFO - Processing /Users/jakeliu/we-defend-truth-1/airflow_env/lib/python3.12/site-packages/airflow/example_dags/example_python_decorator.py took 0.055 seconds
[2024-08-09T13:56:22.764-0400] {processor.py:161} INFO - Started process (PID=25034) to work on /Users/jakeliu/we-defend-truth-1/airflow_env/lib/python3.12/site-packages/airflow/example_dags/example_python_decorator.py
[2024-08-09T13:56:22.765-0400] {processor.py:830} INFO - Processing file /Users/jakeliu/we-defend-truth-1/airflow_env/lib/python3.12/site-packages/airflow/example_dags/example_python_decorator.py for tasks to queue
[2024-08-09T13:56:22.766-0400] {logging_mixin.py:188} INFO - [2024-08-09T13:56:22.765-0400] {dagbag.py:545} INFO - Filling up the DagBag from /Users/jakeliu/we-defend-truth-1/airflow_env/lib/python3.12/site-packages/airflow/example_dags/example_python_decorator.py
[2024-08-09T13:56:22.779-0400] {logging_mixin.py:188} INFO - [2024-08-09T13:56:22.779-0400] {example_python_decorator.py:80} WARNING - The virtalenv_python example task requires virtualenv, please install it.
[2024-08-09T13:56:22.780-0400] {processor.py:840} INFO - DAG(s) 'example_python_decorator' retrieved from /Users/jakeliu/we-defend-truth-1/airflow_env/lib/python3.12/site-packages/airflow/example_dags/example_python_decorator.py
[2024-08-09T13:56:22.809-0400] {logging_mixin.py:188} INFO - [2024-08-09T13:56:22.809-0400] {dag.py:3089} INFO - Sync 1 DAGs
[2024-08-09T13:56:22.812-0400] {logging_mixin.py:188} INFO - [2024-08-09T13:56:22.812-0400] {dag.py:3947} INFO - Setting next_dagrun for example_python_decorator to None, run_after=None
[2024-08-09T13:56:22.818-0400] {processor.py:183} INFO - Processing /Users/jakeliu/we-defend-truth-1/airflow_env/lib/python3.12/site-packages/airflow/example_dags/example_python_decorator.py took 0.055 seconds
[2024-08-09T13:58:20.265-0400] {processor.py:161} INFO - Started process (PID=25247) to work on /Users/jakeliu/we-defend-truth-1/airflow_env/lib/python3.12/site-packages/airflow/example_dags/example_python_decorator.py
[2024-08-09T13:58:20.265-0400] {processor.py:830} INFO - Processing file /Users/jakeliu/we-defend-truth-1/airflow_env/lib/python3.12/site-packages/airflow/example_dags/example_python_decorator.py for tasks to queue
[2024-08-09T13:58:20.265-0400] {logging_mixin.py:188} INFO - [2024-08-09T13:58:20.265-0400] {dagbag.py:545} INFO - Filling up the DagBag from /Users/jakeliu/we-defend-truth-1/airflow_env/lib/python3.12/site-packages/airflow/example_dags/example_python_decorator.py
[2024-08-09T13:58:20.279-0400] {logging_mixin.py:188} INFO - [2024-08-09T13:58:20.279-0400] {example_python_decorator.py:80} WARNING - The virtalenv_python example task requires virtualenv, please install it.
[2024-08-09T13:58:20.279-0400] {processor.py:840} INFO - DAG(s) 'example_python_decorator' retrieved from /Users/jakeliu/we-defend-truth-1/airflow_env/lib/python3.12/site-packages/airflow/example_dags/example_python_decorator.py
[2024-08-09T13:58:20.309-0400] {logging_mixin.py:188} INFO - [2024-08-09T13:58:20.309-0400] {dag.py:3089} INFO - Sync 1 DAGs
[2024-08-09T13:58:20.312-0400] {logging_mixin.py:188} INFO - [2024-08-09T13:58:20.312-0400] {dag.py:3947} INFO - Setting next_dagrun for example_python_decorator to None, run_after=None
[2024-08-09T13:58:20.318-0400] {processor.py:183} INFO - Processing /Users/jakeliu/we-defend-truth-1/airflow_env/lib/python3.12/site-packages/airflow/example_dags/example_python_decorator.py took 0.054 seconds
