[2024-08-09T13:04:06.800-0400] {processor.py:161} INFO - Started process (PID=20892) to work on /Users/jakeliu/we-defend-truth-1/airflow_env/lib/python3.12/site-packages/airflow/example_dags/example_xcom.py
[2024-08-09T13:04:06.801-0400] {processor.py:830} INFO - Processing file /Users/jakeliu/we-defend-truth-1/airflow_env/lib/python3.12/site-packages/airflow/example_dags/example_xcom.py for tasks to queue
[2024-08-09T13:04:06.801-0400] {logging_mixin.py:188} INFO - [2024-08-09T13:04:06.801-0400] {dagbag.py:545} INFO - Filling up the DagBag from /Users/jakeliu/we-defend-truth-1/airflow_env/lib/python3.12/site-packages/airflow/example_dags/example_xcom.py
[2024-08-09T13:04:06.815-0400] {processor.py:840} INFO - DAG(s) 'example_xcom' retrieved from /Users/jakeliu/we-defend-truth-1/airflow_env/lib/python3.12/site-packages/airflow/example_dags/example_xcom.py
[2024-08-09T13:04:06.872-0400] {logging_mixin.py:188} INFO - [2024-08-09T13:04:06.872-0400] {dag.py:3089} INFO - Sync 1 DAGs
[2024-08-09T13:04:06.878-0400] {logging_mixin.py:188} INFO - [2024-08-09T13:04:06.878-0400] {dag.py:3947} INFO - Setting next_dagrun for example_xcom to 2021-01-01 00:00:00+00:00, run_after=2021-01-01 00:00:00+00:00
[2024-08-09T13:04:06.885-0400] {processor.py:183} INFO - Processing /Users/jakeliu/we-defend-truth-1/airflow_env/lib/python3.12/site-packages/airflow/example_dags/example_xcom.py took 0.086 seconds
[2024-08-09T13:05:33.079-0400] {processor.py:161} INFO - Started process (PID=20962) to work on /Users/jakeliu/we-defend-truth-1/airflow_env/lib/python3.12/site-packages/airflow/example_dags/example_xcom.py
[2024-08-09T13:05:33.080-0400] {processor.py:830} INFO - Processing file /Users/jakeliu/we-defend-truth-1/airflow_env/lib/python3.12/site-packages/airflow/example_dags/example_xcom.py for tasks to queue
[2024-08-09T13:05:33.081-0400] {logging_mixin.py:188} INFO - [2024-08-09T13:05:33.081-0400] {dagbag.py:545} INFO - Filling up the DagBag from /Users/jakeliu/we-defend-truth-1/airflow_env/lib/python3.12/site-packages/airflow/example_dags/example_xcom.py
[2024-08-09T13:05:33.095-0400] {processor.py:840} INFO - DAG(s) 'example_xcom' retrieved from /Users/jakeliu/we-defend-truth-1/airflow_env/lib/python3.12/site-packages/airflow/example_dags/example_xcom.py
[2024-08-09T13:05:33.125-0400] {logging_mixin.py:188} INFO - [2024-08-09T13:05:33.125-0400] {dag.py:3089} INFO - Sync 1 DAGs
[2024-08-09T13:05:33.130-0400] {logging_mixin.py:188} INFO - [2024-08-09T13:05:33.130-0400] {dag.py:3947} INFO - Setting next_dagrun for example_xcom to 2021-01-01 00:00:00+00:00, run_after=2021-01-01 00:00:00+00:00
[2024-08-09T13:05:33.138-0400] {processor.py:183} INFO - Processing /Users/jakeliu/we-defend-truth-1/airflow_env/lib/python3.12/site-packages/airflow/example_dags/example_xcom.py took 0.059 seconds
[2024-08-09T13:06:27.066-0400] {processor.py:161} INFO - Started process (PID=21031) to work on /Users/jakeliu/we-defend-truth-1/airflow_env/lib/python3.12/site-packages/airflow/example_dags/example_xcom.py
[2024-08-09T13:06:27.067-0400] {processor.py:830} INFO - Processing file /Users/jakeliu/we-defend-truth-1/airflow_env/lib/python3.12/site-packages/airflow/example_dags/example_xcom.py for tasks to queue
[2024-08-09T13:06:27.067-0400] {logging_mixin.py:188} INFO - [2024-08-09T13:06:27.067-0400] {dagbag.py:545} INFO - Filling up the DagBag from /Users/jakeliu/we-defend-truth-1/airflow_env/lib/python3.12/site-packages/airflow/example_dags/example_xcom.py
[2024-08-09T13:06:27.082-0400] {processor.py:840} INFO - DAG(s) 'example_xcom' retrieved from /Users/jakeliu/we-defend-truth-1/airflow_env/lib/python3.12/site-packages/airflow/example_dags/example_xcom.py
[2024-08-09T13:06:27.116-0400] {logging_mixin.py:188} INFO - [2024-08-09T13:06:27.116-0400] {dag.py:3089} INFO - Sync 1 DAGs
[2024-08-09T13:06:27.122-0400] {logging_mixin.py:188} INFO - [2024-08-09T13:06:27.122-0400] {dag.py:3947} INFO - Setting next_dagrun for example_xcom to 2021-01-01 00:00:00+00:00, run_after=2021-01-01 00:00:00+00:00
[2024-08-09T13:06:27.129-0400] {processor.py:183} INFO - Processing /Users/jakeliu/we-defend-truth-1/airflow_env/lib/python3.12/site-packages/airflow/example_dags/example_xcom.py took 0.063 seconds
[2024-08-09T13:07:19.145-0400] {processor.py:161} INFO - Started process (PID=21115) to work on /Users/jakeliu/we-defend-truth-1/airflow_env/lib/python3.12/site-packages/airflow/example_dags/example_xcom.py
[2024-08-09T13:07:19.146-0400] {processor.py:830} INFO - Processing file /Users/jakeliu/we-defend-truth-1/airflow_env/lib/python3.12/site-packages/airflow/example_dags/example_xcom.py for tasks to queue
[2024-08-09T13:07:19.147-0400] {logging_mixin.py:188} INFO - [2024-08-09T13:07:19.147-0400] {dagbag.py:545} INFO - Filling up the DagBag from /Users/jakeliu/we-defend-truth-1/airflow_env/lib/python3.12/site-packages/airflow/example_dags/example_xcom.py
[2024-08-09T13:07:19.160-0400] {processor.py:840} INFO - DAG(s) 'example_xcom' retrieved from /Users/jakeliu/we-defend-truth-1/airflow_env/lib/python3.12/site-packages/airflow/example_dags/example_xcom.py
[2024-08-09T13:07:19.190-0400] {logging_mixin.py:188} INFO - [2024-08-09T13:07:19.190-0400] {dag.py:3089} INFO - Sync 1 DAGs
[2024-08-09T13:07:19.195-0400] {logging_mixin.py:188} INFO - [2024-08-09T13:07:19.195-0400] {dag.py:3947} INFO - Setting next_dagrun for example_xcom to 2021-01-01 00:00:00+00:00, run_after=2021-01-01 00:00:00+00:00
[2024-08-09T13:07:19.201-0400] {processor.py:183} INFO - Processing /Users/jakeliu/we-defend-truth-1/airflow_env/lib/python3.12/site-packages/airflow/example_dags/example_xcom.py took 0.057 seconds
[2024-08-09T13:08:10.286-0400] {processor.py:161} INFO - Started process (PID=21179) to work on /Users/jakeliu/we-defend-truth-1/airflow_env/lib/python3.12/site-packages/airflow/example_dags/example_xcom.py
[2024-08-09T13:08:10.287-0400] {processor.py:830} INFO - Processing file /Users/jakeliu/we-defend-truth-1/airflow_env/lib/python3.12/site-packages/airflow/example_dags/example_xcom.py for tasks to queue
[2024-08-09T13:08:10.288-0400] {logging_mixin.py:188} INFO - [2024-08-09T13:08:10.287-0400] {dagbag.py:545} INFO - Filling up the DagBag from /Users/jakeliu/we-defend-truth-1/airflow_env/lib/python3.12/site-packages/airflow/example_dags/example_xcom.py
[2024-08-09T13:08:10.302-0400] {processor.py:840} INFO - DAG(s) 'example_xcom' retrieved from /Users/jakeliu/we-defend-truth-1/airflow_env/lib/python3.12/site-packages/airflow/example_dags/example_xcom.py
[2024-08-09T13:08:10.335-0400] {logging_mixin.py:188} INFO - [2024-08-09T13:08:10.335-0400] {dag.py:3089} INFO - Sync 1 DAGs
[2024-08-09T13:08:10.340-0400] {logging_mixin.py:188} INFO - [2024-08-09T13:08:10.340-0400] {dag.py:3947} INFO - Setting next_dagrun for example_xcom to 2021-01-01 00:00:00+00:00, run_after=2021-01-01 00:00:00+00:00
[2024-08-09T13:08:10.347-0400] {processor.py:183} INFO - Processing /Users/jakeliu/we-defend-truth-1/airflow_env/lib/python3.12/site-packages/airflow/example_dags/example_xcom.py took 0.062 seconds
[2024-08-09T13:09:02.158-0400] {processor.py:161} INFO - Started process (PID=21239) to work on /Users/jakeliu/we-defend-truth-1/airflow_env/lib/python3.12/site-packages/airflow/example_dags/example_xcom.py
[2024-08-09T13:09:02.159-0400] {processor.py:830} INFO - Processing file /Users/jakeliu/we-defend-truth-1/airflow_env/lib/python3.12/site-packages/airflow/example_dags/example_xcom.py for tasks to queue
[2024-08-09T13:09:02.159-0400] {logging_mixin.py:188} INFO - [2024-08-09T13:09:02.159-0400] {dagbag.py:545} INFO - Filling up the DagBag from /Users/jakeliu/we-defend-truth-1/airflow_env/lib/python3.12/site-packages/airflow/example_dags/example_xcom.py
[2024-08-09T13:09:02.173-0400] {processor.py:840} INFO - DAG(s) 'example_xcom' retrieved from /Users/jakeliu/we-defend-truth-1/airflow_env/lib/python3.12/site-packages/airflow/example_dags/example_xcom.py
[2024-08-09T13:09:02.203-0400] {logging_mixin.py:188} INFO - [2024-08-09T13:09:02.203-0400] {dag.py:3089} INFO - Sync 1 DAGs
[2024-08-09T13:09:02.208-0400] {logging_mixin.py:188} INFO - [2024-08-09T13:09:02.208-0400] {dag.py:3947} INFO - Setting next_dagrun for example_xcom to 2021-01-01 00:00:00+00:00, run_after=2021-01-01 00:00:00+00:00
[2024-08-09T13:09:02.216-0400] {processor.py:183} INFO - Processing /Users/jakeliu/we-defend-truth-1/airflow_env/lib/python3.12/site-packages/airflow/example_dags/example_xcom.py took 0.058 seconds
[2024-08-09T13:09:51.210-0400] {processor.py:161} INFO - Started process (PID=21297) to work on /Users/jakeliu/we-defend-truth-1/airflow_env/lib/python3.12/site-packages/airflow/example_dags/example_xcom.py
[2024-08-09T13:09:51.211-0400] {processor.py:830} INFO - Processing file /Users/jakeliu/we-defend-truth-1/airflow_env/lib/python3.12/site-packages/airflow/example_dags/example_xcom.py for tasks to queue
[2024-08-09T13:09:51.211-0400] {logging_mixin.py:188} INFO - [2024-08-09T13:09:51.211-0400] {dagbag.py:545} INFO - Filling up the DagBag from /Users/jakeliu/we-defend-truth-1/airflow_env/lib/python3.12/site-packages/airflow/example_dags/example_xcom.py
[2024-08-09T13:09:51.225-0400] {processor.py:840} INFO - DAG(s) 'example_xcom' retrieved from /Users/jakeliu/we-defend-truth-1/airflow_env/lib/python3.12/site-packages/airflow/example_dags/example_xcom.py
[2024-08-09T13:09:51.257-0400] {logging_mixin.py:188} INFO - [2024-08-09T13:09:51.257-0400] {dag.py:3089} INFO - Sync 1 DAGs
[2024-08-09T13:09:51.262-0400] {logging_mixin.py:188} INFO - [2024-08-09T13:09:51.262-0400] {dag.py:3947} INFO - Setting next_dagrun for example_xcom to 2021-01-01 00:00:00+00:00, run_after=2021-01-01 00:00:00+00:00
[2024-08-09T13:09:51.271-0400] {processor.py:183} INFO - Processing /Users/jakeliu/we-defend-truth-1/airflow_env/lib/python3.12/site-packages/airflow/example_dags/example_xcom.py took 0.062 seconds
[2024-08-09T13:10:42.755-0400] {processor.py:161} INFO - Started process (PID=21343) to work on /Users/jakeliu/we-defend-truth-1/airflow_env/lib/python3.12/site-packages/airflow/example_dags/example_xcom.py
[2024-08-09T13:10:42.756-0400] {processor.py:830} INFO - Processing file /Users/jakeliu/we-defend-truth-1/airflow_env/lib/python3.12/site-packages/airflow/example_dags/example_xcom.py for tasks to queue
[2024-08-09T13:10:42.756-0400] {logging_mixin.py:188} INFO - [2024-08-09T13:10:42.756-0400] {dagbag.py:545} INFO - Filling up the DagBag from /Users/jakeliu/we-defend-truth-1/airflow_env/lib/python3.12/site-packages/airflow/example_dags/example_xcom.py
[2024-08-09T13:10:42.770-0400] {processor.py:840} INFO - DAG(s) 'example_xcom' retrieved from /Users/jakeliu/we-defend-truth-1/airflow_env/lib/python3.12/site-packages/airflow/example_dags/example_xcom.py
[2024-08-09T13:10:42.802-0400] {logging_mixin.py:188} INFO - [2024-08-09T13:10:42.802-0400] {dag.py:3089} INFO - Sync 1 DAGs
[2024-08-09T13:10:42.807-0400] {logging_mixin.py:188} INFO - [2024-08-09T13:10:42.807-0400] {dag.py:3947} INFO - Setting next_dagrun for example_xcom to 2021-01-01 00:00:00+00:00, run_after=2021-01-01 00:00:00+00:00
[2024-08-09T13:10:42.814-0400] {processor.py:183} INFO - Processing /Users/jakeliu/we-defend-truth-1/airflow_env/lib/python3.12/site-packages/airflow/example_dags/example_xcom.py took 0.059 seconds
[2024-08-09T13:11:37.196-0400] {processor.py:161} INFO - Started process (PID=21402) to work on /Users/jakeliu/we-defend-truth-1/airflow_env/lib/python3.12/site-packages/airflow/example_dags/example_xcom.py
[2024-08-09T13:11:37.197-0400] {processor.py:830} INFO - Processing file /Users/jakeliu/we-defend-truth-1/airflow_env/lib/python3.12/site-packages/airflow/example_dags/example_xcom.py for tasks to queue
[2024-08-09T13:11:37.197-0400] {logging_mixin.py:188} INFO - [2024-08-09T13:11:37.197-0400] {dagbag.py:545} INFO - Filling up the DagBag from /Users/jakeliu/we-defend-truth-1/airflow_env/lib/python3.12/site-packages/airflow/example_dags/example_xcom.py
[2024-08-09T13:11:37.212-0400] {processor.py:840} INFO - DAG(s) 'example_xcom' retrieved from /Users/jakeliu/we-defend-truth-1/airflow_env/lib/python3.12/site-packages/airflow/example_dags/example_xcom.py
[2024-08-09T13:11:37.242-0400] {logging_mixin.py:188} INFO - [2024-08-09T13:11:37.242-0400] {dag.py:3089} INFO - Sync 1 DAGs
[2024-08-09T13:11:37.248-0400] {logging_mixin.py:188} INFO - [2024-08-09T13:11:37.247-0400] {dag.py:3947} INFO - Setting next_dagrun for example_xcom to 2021-01-01 00:00:00+00:00, run_after=2021-01-01 00:00:00+00:00
[2024-08-09T13:11:37.255-0400] {processor.py:183} INFO - Processing /Users/jakeliu/we-defend-truth-1/airflow_env/lib/python3.12/site-packages/airflow/example_dags/example_xcom.py took 0.060 seconds
[2024-08-09T13:12:30.574-0400] {processor.py:161} INFO - Started process (PID=21456) to work on /Users/jakeliu/we-defend-truth-1/airflow_env/lib/python3.12/site-packages/airflow/example_dags/example_xcom.py
[2024-08-09T13:12:30.574-0400] {processor.py:830} INFO - Processing file /Users/jakeliu/we-defend-truth-1/airflow_env/lib/python3.12/site-packages/airflow/example_dags/example_xcom.py for tasks to queue
[2024-08-09T13:12:30.574-0400] {logging_mixin.py:188} INFO - [2024-08-09T13:12:30.574-0400] {dagbag.py:545} INFO - Filling up the DagBag from /Users/jakeliu/we-defend-truth-1/airflow_env/lib/python3.12/site-packages/airflow/example_dags/example_xcom.py
[2024-08-09T13:12:30.588-0400] {processor.py:840} INFO - DAG(s) 'example_xcom' retrieved from /Users/jakeliu/we-defend-truth-1/airflow_env/lib/python3.12/site-packages/airflow/example_dags/example_xcom.py
[2024-08-09T13:12:30.618-0400] {logging_mixin.py:188} INFO - [2024-08-09T13:12:30.618-0400] {dag.py:3089} INFO - Sync 1 DAGs
[2024-08-09T13:12:30.623-0400] {logging_mixin.py:188} INFO - [2024-08-09T13:12:30.623-0400] {dag.py:3947} INFO - Setting next_dagrun for example_xcom to 2021-01-01 00:00:00+00:00, run_after=2021-01-01 00:00:00+00:00
[2024-08-09T13:12:30.630-0400] {processor.py:183} INFO - Processing /Users/jakeliu/we-defend-truth-1/airflow_env/lib/python3.12/site-packages/airflow/example_dags/example_xcom.py took 0.057 seconds
[2024-08-09T13:13:25.930-0400] {processor.py:161} INFO - Started process (PID=21498) to work on /Users/jakeliu/we-defend-truth-1/airflow_env/lib/python3.12/site-packages/airflow/example_dags/example_xcom.py
[2024-08-09T13:13:25.930-0400] {processor.py:830} INFO - Processing file /Users/jakeliu/we-defend-truth-1/airflow_env/lib/python3.12/site-packages/airflow/example_dags/example_xcom.py for tasks to queue
[2024-08-09T13:13:25.931-0400] {logging_mixin.py:188} INFO - [2024-08-09T13:13:25.931-0400] {dagbag.py:545} INFO - Filling up the DagBag from /Users/jakeliu/we-defend-truth-1/airflow_env/lib/python3.12/site-packages/airflow/example_dags/example_xcom.py
[2024-08-09T13:13:25.945-0400] {processor.py:840} INFO - DAG(s) 'example_xcom' retrieved from /Users/jakeliu/we-defend-truth-1/airflow_env/lib/python3.12/site-packages/airflow/example_dags/example_xcom.py
[2024-08-09T13:13:25.976-0400] {logging_mixin.py:188} INFO - [2024-08-09T13:13:25.976-0400] {dag.py:3089} INFO - Sync 1 DAGs
[2024-08-09T13:13:25.981-0400] {logging_mixin.py:188} INFO - [2024-08-09T13:13:25.981-0400] {dag.py:3947} INFO - Setting next_dagrun for example_xcom to 2021-01-01 00:00:00+00:00, run_after=2021-01-01 00:00:00+00:00
[2024-08-09T13:13:25.989-0400] {processor.py:183} INFO - Processing /Users/jakeliu/we-defend-truth-1/airflow_env/lib/python3.12/site-packages/airflow/example_dags/example_xcom.py took 0.060 seconds
[2024-08-09T13:14:24.731-0400] {processor.py:161} INFO - Started process (PID=21561) to work on /Users/jakeliu/we-defend-truth-1/airflow_env/lib/python3.12/site-packages/airflow/example_dags/example_xcom.py
[2024-08-09T13:14:24.732-0400] {processor.py:830} INFO - Processing file /Users/jakeliu/we-defend-truth-1/airflow_env/lib/python3.12/site-packages/airflow/example_dags/example_xcom.py for tasks to queue
[2024-08-09T13:14:24.732-0400] {logging_mixin.py:188} INFO - [2024-08-09T13:14:24.732-0400] {dagbag.py:545} INFO - Filling up the DagBag from /Users/jakeliu/we-defend-truth-1/airflow_env/lib/python3.12/site-packages/airflow/example_dags/example_xcom.py
[2024-08-09T13:14:24.746-0400] {processor.py:840} INFO - DAG(s) 'example_xcom' retrieved from /Users/jakeliu/we-defend-truth-1/airflow_env/lib/python3.12/site-packages/airflow/example_dags/example_xcom.py
[2024-08-09T13:14:24.776-0400] {logging_mixin.py:188} INFO - [2024-08-09T13:14:24.776-0400] {dag.py:3089} INFO - Sync 1 DAGs
[2024-08-09T13:14:24.781-0400] {logging_mixin.py:188} INFO - [2024-08-09T13:14:24.781-0400] {dag.py:3947} INFO - Setting next_dagrun for example_xcom to 2021-01-01 00:00:00+00:00, run_after=2021-01-01 00:00:00+00:00
[2024-08-09T13:14:24.788-0400] {processor.py:183} INFO - Processing /Users/jakeliu/we-defend-truth-1/airflow_env/lib/python3.12/site-packages/airflow/example_dags/example_xcom.py took 0.057 seconds
[2024-08-09T13:15:23.120-0400] {processor.py:161} INFO - Started process (PID=21613) to work on /Users/jakeliu/we-defend-truth-1/airflow_env/lib/python3.12/site-packages/airflow/example_dags/example_xcom.py
[2024-08-09T13:15:23.121-0400] {processor.py:830} INFO - Processing file /Users/jakeliu/we-defend-truth-1/airflow_env/lib/python3.12/site-packages/airflow/example_dags/example_xcom.py for tasks to queue
[2024-08-09T13:15:23.121-0400] {logging_mixin.py:188} INFO - [2024-08-09T13:15:23.121-0400] {dagbag.py:545} INFO - Filling up the DagBag from /Users/jakeliu/we-defend-truth-1/airflow_env/lib/python3.12/site-packages/airflow/example_dags/example_xcom.py
[2024-08-09T13:15:23.135-0400] {processor.py:840} INFO - DAG(s) 'example_xcom' retrieved from /Users/jakeliu/we-defend-truth-1/airflow_env/lib/python3.12/site-packages/airflow/example_dags/example_xcom.py
[2024-08-09T13:15:23.165-0400] {logging_mixin.py:188} INFO - [2024-08-09T13:15:23.165-0400] {dag.py:3089} INFO - Sync 1 DAGs
[2024-08-09T13:15:23.169-0400] {logging_mixin.py:188} INFO - [2024-08-09T13:15:23.169-0400] {dag.py:3947} INFO - Setting next_dagrun for example_xcom to 2021-01-01 00:00:00+00:00, run_after=2021-01-01 00:00:00+00:00
[2024-08-09T13:15:23.176-0400] {processor.py:183} INFO - Processing /Users/jakeliu/we-defend-truth-1/airflow_env/lib/python3.12/site-packages/airflow/example_dags/example_xcom.py took 0.056 seconds
[2024-08-09T13:16:21.644-0400] {processor.py:161} INFO - Started process (PID=21659) to work on /Users/jakeliu/we-defend-truth-1/airflow_env/lib/python3.12/site-packages/airflow/example_dags/example_xcom.py
[2024-08-09T13:16:21.644-0400] {processor.py:830} INFO - Processing file /Users/jakeliu/we-defend-truth-1/airflow_env/lib/python3.12/site-packages/airflow/example_dags/example_xcom.py for tasks to queue
[2024-08-09T13:16:21.644-0400] {logging_mixin.py:188} INFO - [2024-08-09T13:16:21.644-0400] {dagbag.py:545} INFO - Filling up the DagBag from /Users/jakeliu/we-defend-truth-1/airflow_env/lib/python3.12/site-packages/airflow/example_dags/example_xcom.py
[2024-08-09T13:16:21.658-0400] {processor.py:840} INFO - DAG(s) 'example_xcom' retrieved from /Users/jakeliu/we-defend-truth-1/airflow_env/lib/python3.12/site-packages/airflow/example_dags/example_xcom.py
[2024-08-09T13:16:21.688-0400] {logging_mixin.py:188} INFO - [2024-08-09T13:16:21.688-0400] {dag.py:3089} INFO - Sync 1 DAGs
[2024-08-09T13:16:21.693-0400] {logging_mixin.py:188} INFO - [2024-08-09T13:16:21.692-0400] {dag.py:3947} INFO - Setting next_dagrun for example_xcom to 2021-01-01 00:00:00+00:00, run_after=2021-01-01 00:00:00+00:00
[2024-08-09T13:16:21.700-0400] {processor.py:183} INFO - Processing /Users/jakeliu/we-defend-truth-1/airflow_env/lib/python3.12/site-packages/airflow/example_dags/example_xcom.py took 0.057 seconds
[2024-08-09T13:17:16.585-0400] {processor.py:161} INFO - Started process (PID=21770) to work on /Users/jakeliu/we-defend-truth-1/airflow_env/lib/python3.12/site-packages/airflow/example_dags/example_xcom.py
[2024-08-09T13:17:16.585-0400] {processor.py:830} INFO - Processing file /Users/jakeliu/we-defend-truth-1/airflow_env/lib/python3.12/site-packages/airflow/example_dags/example_xcom.py for tasks to queue
[2024-08-09T13:17:16.586-0400] {logging_mixin.py:188} INFO - [2024-08-09T13:17:16.586-0400] {dagbag.py:545} INFO - Filling up the DagBag from /Users/jakeliu/we-defend-truth-1/airflow_env/lib/python3.12/site-packages/airflow/example_dags/example_xcom.py
[2024-08-09T13:17:16.600-0400] {processor.py:840} INFO - DAG(s) 'example_xcom' retrieved from /Users/jakeliu/we-defend-truth-1/airflow_env/lib/python3.12/site-packages/airflow/example_dags/example_xcom.py
[2024-08-09T13:17:16.630-0400] {logging_mixin.py:188} INFO - [2024-08-09T13:17:16.630-0400] {dag.py:3089} INFO - Sync 1 DAGs
[2024-08-09T13:17:16.635-0400] {logging_mixin.py:188} INFO - [2024-08-09T13:17:16.635-0400] {dag.py:3947} INFO - Setting next_dagrun for example_xcom to 2021-01-01 00:00:00+00:00, run_after=2021-01-01 00:00:00+00:00
[2024-08-09T13:17:16.642-0400] {processor.py:183} INFO - Processing /Users/jakeliu/we-defend-truth-1/airflow_env/lib/python3.12/site-packages/airflow/example_dags/example_xcom.py took 0.058 seconds
[2024-08-09T13:18:08.128-0400] {processor.py:161} INFO - Started process (PID=21847) to work on /Users/jakeliu/we-defend-truth-1/airflow_env/lib/python3.12/site-packages/airflow/example_dags/example_xcom.py
[2024-08-09T13:18:08.129-0400] {processor.py:830} INFO - Processing file /Users/jakeliu/we-defend-truth-1/airflow_env/lib/python3.12/site-packages/airflow/example_dags/example_xcom.py for tasks to queue
[2024-08-09T13:18:08.129-0400] {logging_mixin.py:188} INFO - [2024-08-09T13:18:08.129-0400] {dagbag.py:545} INFO - Filling up the DagBag from /Users/jakeliu/we-defend-truth-1/airflow_env/lib/python3.12/site-packages/airflow/example_dags/example_xcom.py
[2024-08-09T13:18:08.143-0400] {processor.py:840} INFO - DAG(s) 'example_xcom' retrieved from /Users/jakeliu/we-defend-truth-1/airflow_env/lib/python3.12/site-packages/airflow/example_dags/example_xcom.py
[2024-08-09T13:18:08.174-0400] {logging_mixin.py:188} INFO - [2024-08-09T13:18:08.174-0400] {dag.py:3089} INFO - Sync 1 DAGs
[2024-08-09T13:18:08.179-0400] {logging_mixin.py:188} INFO - [2024-08-09T13:18:08.179-0400] {dag.py:3947} INFO - Setting next_dagrun for example_xcom to 2021-01-01 00:00:00+00:00, run_after=2021-01-01 00:00:00+00:00
[2024-08-09T13:18:08.186-0400] {processor.py:183} INFO - Processing /Users/jakeliu/we-defend-truth-1/airflow_env/lib/python3.12/site-packages/airflow/example_dags/example_xcom.py took 0.059 seconds
[2024-08-09T13:18:58.143-0400] {processor.py:161} INFO - Started process (PID=21885) to work on /Users/jakeliu/we-defend-truth-1/airflow_env/lib/python3.12/site-packages/airflow/example_dags/example_xcom.py
[2024-08-09T13:18:58.144-0400] {processor.py:830} INFO - Processing file /Users/jakeliu/we-defend-truth-1/airflow_env/lib/python3.12/site-packages/airflow/example_dags/example_xcom.py for tasks to queue
[2024-08-09T13:18:58.145-0400] {logging_mixin.py:188} INFO - [2024-08-09T13:18:58.145-0400] {dagbag.py:545} INFO - Filling up the DagBag from /Users/jakeliu/we-defend-truth-1/airflow_env/lib/python3.12/site-packages/airflow/example_dags/example_xcom.py
[2024-08-09T13:18:58.158-0400] {processor.py:840} INFO - DAG(s) 'example_xcom' retrieved from /Users/jakeliu/we-defend-truth-1/airflow_env/lib/python3.12/site-packages/airflow/example_dags/example_xcom.py
[2024-08-09T13:18:58.188-0400] {logging_mixin.py:188} INFO - [2024-08-09T13:18:58.188-0400] {dag.py:3089} INFO - Sync 1 DAGs
[2024-08-09T13:18:58.193-0400] {logging_mixin.py:188} INFO - [2024-08-09T13:18:58.193-0400] {dag.py:3947} INFO - Setting next_dagrun for example_xcom to 2021-01-01 00:00:00+00:00, run_after=2021-01-01 00:00:00+00:00
[2024-08-09T13:18:58.199-0400] {processor.py:183} INFO - Processing /Users/jakeliu/we-defend-truth-1/airflow_env/lib/python3.12/site-packages/airflow/example_dags/example_xcom.py took 0.057 seconds
[2024-08-09T13:19:51.900-0400] {processor.py:161} INFO - Started process (PID=21936) to work on /Users/jakeliu/we-defend-truth-1/airflow_env/lib/python3.12/site-packages/airflow/example_dags/example_xcom.py
[2024-08-09T13:19:51.901-0400] {processor.py:830} INFO - Processing file /Users/jakeliu/we-defend-truth-1/airflow_env/lib/python3.12/site-packages/airflow/example_dags/example_xcom.py for tasks to queue
[2024-08-09T13:19:51.901-0400] {logging_mixin.py:188} INFO - [2024-08-09T13:19:51.901-0400] {dagbag.py:545} INFO - Filling up the DagBag from /Users/jakeliu/we-defend-truth-1/airflow_env/lib/python3.12/site-packages/airflow/example_dags/example_xcom.py
[2024-08-09T13:19:51.916-0400] {processor.py:840} INFO - DAG(s) 'example_xcom' retrieved from /Users/jakeliu/we-defend-truth-1/airflow_env/lib/python3.12/site-packages/airflow/example_dags/example_xcom.py
[2024-08-09T13:19:51.946-0400] {logging_mixin.py:188} INFO - [2024-08-09T13:19:51.946-0400] {dag.py:3089} INFO - Sync 1 DAGs
[2024-08-09T13:19:51.952-0400] {logging_mixin.py:188} INFO - [2024-08-09T13:19:51.951-0400] {dag.py:3947} INFO - Setting next_dagrun for example_xcom to 2021-01-01 00:00:00+00:00, run_after=2021-01-01 00:00:00+00:00
[2024-08-09T13:19:51.958-0400] {processor.py:183} INFO - Processing /Users/jakeliu/we-defend-truth-1/airflow_env/lib/python3.12/site-packages/airflow/example_dags/example_xcom.py took 0.059 seconds
[2024-08-09T13:20:43.653-0400] {processor.py:161} INFO - Started process (PID=22170) to work on /Users/jakeliu/we-defend-truth-1/airflow_env/lib/python3.12/site-packages/airflow/example_dags/example_xcom.py
[2024-08-09T13:20:43.654-0400] {processor.py:830} INFO - Processing file /Users/jakeliu/we-defend-truth-1/airflow_env/lib/python3.12/site-packages/airflow/example_dags/example_xcom.py for tasks to queue
[2024-08-09T13:20:43.654-0400] {logging_mixin.py:188} INFO - [2024-08-09T13:20:43.654-0400] {dagbag.py:545} INFO - Filling up the DagBag from /Users/jakeliu/we-defend-truth-1/airflow_env/lib/python3.12/site-packages/airflow/example_dags/example_xcom.py
[2024-08-09T13:20:43.670-0400] {processor.py:840} INFO - DAG(s) 'example_xcom' retrieved from /Users/jakeliu/we-defend-truth-1/airflow_env/lib/python3.12/site-packages/airflow/example_dags/example_xcom.py
[2024-08-09T13:20:43.701-0400] {logging_mixin.py:188} INFO - [2024-08-09T13:20:43.701-0400] {dag.py:3089} INFO - Sync 1 DAGs
[2024-08-09T13:20:43.706-0400] {logging_mixin.py:188} INFO - [2024-08-09T13:20:43.706-0400] {dag.py:3947} INFO - Setting next_dagrun for example_xcom to 2021-01-01 00:00:00+00:00, run_after=2021-01-01 00:00:00+00:00
[2024-08-09T13:20:43.712-0400] {processor.py:183} INFO - Processing /Users/jakeliu/we-defend-truth-1/airflow_env/lib/python3.12/site-packages/airflow/example_dags/example_xcom.py took 0.060 seconds
[2024-08-09T13:22:24.666-0400] {processor.py:161} INFO - Started process (PID=22646) to work on /Users/jakeliu/we-defend-truth-1/airflow_env/lib/python3.12/site-packages/airflow/example_dags/example_xcom.py
[2024-08-09T13:22:24.667-0400] {processor.py:830} INFO - Processing file /Users/jakeliu/we-defend-truth-1/airflow_env/lib/python3.12/site-packages/airflow/example_dags/example_xcom.py for tasks to queue
[2024-08-09T13:22:24.667-0400] {logging_mixin.py:188} INFO - [2024-08-09T13:22:24.667-0400] {dagbag.py:545} INFO - Filling up the DagBag from /Users/jakeliu/we-defend-truth-1/airflow_env/lib/python3.12/site-packages/airflow/example_dags/example_xcom.py
[2024-08-09T13:22:24.681-0400] {processor.py:840} INFO - DAG(s) 'example_xcom' retrieved from /Users/jakeliu/we-defend-truth-1/airflow_env/lib/python3.12/site-packages/airflow/example_dags/example_xcom.py
[2024-08-09T13:22:24.712-0400] {logging_mixin.py:188} INFO - [2024-08-09T13:22:24.712-0400] {dag.py:3089} INFO - Sync 1 DAGs
[2024-08-09T13:22:24.716-0400] {logging_mixin.py:188} INFO - [2024-08-09T13:22:24.716-0400] {dag.py:3947} INFO - Setting next_dagrun for example_xcom to 2021-01-01 00:00:00+00:00, run_after=2021-01-01 00:00:00+00:00
[2024-08-09T13:22:24.723-0400] {processor.py:183} INFO - Processing /Users/jakeliu/we-defend-truth-1/airflow_env/lib/python3.12/site-packages/airflow/example_dags/example_xcom.py took 0.057 seconds
[2024-08-09T13:23:16.460-0400] {processor.py:161} INFO - Started process (PID=22698) to work on /Users/jakeliu/we-defend-truth-1/airflow_env/lib/python3.12/site-packages/airflow/example_dags/example_xcom.py
[2024-08-09T13:23:16.462-0400] {processor.py:830} INFO - Processing file /Users/jakeliu/we-defend-truth-1/airflow_env/lib/python3.12/site-packages/airflow/example_dags/example_xcom.py for tasks to queue
[2024-08-09T13:23:16.462-0400] {logging_mixin.py:188} INFO - [2024-08-09T13:23:16.462-0400] {dagbag.py:545} INFO - Filling up the DagBag from /Users/jakeliu/we-defend-truth-1/airflow_env/lib/python3.12/site-packages/airflow/example_dags/example_xcom.py
[2024-08-09T13:23:16.476-0400] {processor.py:840} INFO - DAG(s) 'example_xcom' retrieved from /Users/jakeliu/we-defend-truth-1/airflow_env/lib/python3.12/site-packages/airflow/example_dags/example_xcom.py
[2024-08-09T13:23:16.505-0400] {logging_mixin.py:188} INFO - [2024-08-09T13:23:16.505-0400] {dag.py:3089} INFO - Sync 1 DAGs
[2024-08-09T13:23:16.510-0400] {logging_mixin.py:188} INFO - [2024-08-09T13:23:16.510-0400] {dag.py:3947} INFO - Setting next_dagrun for example_xcom to 2021-01-01 00:00:00+00:00, run_after=2021-01-01 00:00:00+00:00
[2024-08-09T13:23:16.516-0400] {processor.py:183} INFO - Processing /Users/jakeliu/we-defend-truth-1/airflow_env/lib/python3.12/site-packages/airflow/example_dags/example_xcom.py took 0.057 seconds
[2024-08-09T13:24:06.726-0400] {processor.py:161} INFO - Started process (PID=22748) to work on /Users/jakeliu/we-defend-truth-1/airflow_env/lib/python3.12/site-packages/airflow/example_dags/example_xcom.py
[2024-08-09T13:24:06.727-0400] {processor.py:830} INFO - Processing file /Users/jakeliu/we-defend-truth-1/airflow_env/lib/python3.12/site-packages/airflow/example_dags/example_xcom.py for tasks to queue
[2024-08-09T13:24:06.727-0400] {logging_mixin.py:188} INFO - [2024-08-09T13:24:06.727-0400] {dagbag.py:545} INFO - Filling up the DagBag from /Users/jakeliu/we-defend-truth-1/airflow_env/lib/python3.12/site-packages/airflow/example_dags/example_xcom.py
[2024-08-09T13:24:06.741-0400] {processor.py:840} INFO - DAG(s) 'example_xcom' retrieved from /Users/jakeliu/we-defend-truth-1/airflow_env/lib/python3.12/site-packages/airflow/example_dags/example_xcom.py
[2024-08-09T13:24:06.770-0400] {logging_mixin.py:188} INFO - [2024-08-09T13:24:06.770-0400] {dag.py:3089} INFO - Sync 1 DAGs
[2024-08-09T13:24:06.775-0400] {logging_mixin.py:188} INFO - [2024-08-09T13:24:06.775-0400] {dag.py:3947} INFO - Setting next_dagrun for example_xcom to 2021-01-01 00:00:00+00:00, run_after=2021-01-01 00:00:00+00:00
[2024-08-09T13:24:06.782-0400] {processor.py:183} INFO - Processing /Users/jakeliu/we-defend-truth-1/airflow_env/lib/python3.12/site-packages/airflow/example_dags/example_xcom.py took 0.057 seconds
[2024-08-09T13:25:00.121-0400] {processor.py:161} INFO - Started process (PID=22808) to work on /Users/jakeliu/we-defend-truth-1/airflow_env/lib/python3.12/site-packages/airflow/example_dags/example_xcom.py
[2024-08-09T13:25:00.122-0400] {processor.py:830} INFO - Processing file /Users/jakeliu/we-defend-truth-1/airflow_env/lib/python3.12/site-packages/airflow/example_dags/example_xcom.py for tasks to queue
[2024-08-09T13:25:00.122-0400] {logging_mixin.py:188} INFO - [2024-08-09T13:25:00.122-0400] {dagbag.py:545} INFO - Filling up the DagBag from /Users/jakeliu/we-defend-truth-1/airflow_env/lib/python3.12/site-packages/airflow/example_dags/example_xcom.py
[2024-08-09T13:25:00.137-0400] {processor.py:840} INFO - DAG(s) 'example_xcom' retrieved from /Users/jakeliu/we-defend-truth-1/airflow_env/lib/python3.12/site-packages/airflow/example_dags/example_xcom.py
[2024-08-09T13:25:00.169-0400] {logging_mixin.py:188} INFO - [2024-08-09T13:25:00.169-0400] {dag.py:3089} INFO - Sync 1 DAGs
[2024-08-09T13:25:00.174-0400] {logging_mixin.py:188} INFO - [2024-08-09T13:25:00.174-0400] {dag.py:3947} INFO - Setting next_dagrun for example_xcom to 2021-01-01 00:00:00+00:00, run_after=2021-01-01 00:00:00+00:00
[2024-08-09T13:25:00.180-0400] {processor.py:183} INFO - Processing /Users/jakeliu/we-defend-truth-1/airflow_env/lib/python3.12/site-packages/airflow/example_dags/example_xcom.py took 0.060 seconds
[2024-08-09T13:25:58.946-0400] {processor.py:161} INFO - Started process (PID=22872) to work on /Users/jakeliu/we-defend-truth-1/airflow_env/lib/python3.12/site-packages/airflow/example_dags/example_xcom.py
[2024-08-09T13:25:58.949-0400] {processor.py:830} INFO - Processing file /Users/jakeliu/we-defend-truth-1/airflow_env/lib/python3.12/site-packages/airflow/example_dags/example_xcom.py for tasks to queue
[2024-08-09T13:25:58.949-0400] {logging_mixin.py:188} INFO - [2024-08-09T13:25:58.949-0400] {dagbag.py:545} INFO - Filling up the DagBag from /Users/jakeliu/we-defend-truth-1/airflow_env/lib/python3.12/site-packages/airflow/example_dags/example_xcom.py
[2024-08-09T13:25:58.962-0400] {processor.py:840} INFO - DAG(s) 'example_xcom' retrieved from /Users/jakeliu/we-defend-truth-1/airflow_env/lib/python3.12/site-packages/airflow/example_dags/example_xcom.py
[2024-08-09T13:25:58.992-0400] {logging_mixin.py:188} INFO - [2024-08-09T13:25:58.992-0400] {dag.py:3089} INFO - Sync 1 DAGs
[2024-08-09T13:25:58.997-0400] {logging_mixin.py:188} INFO - [2024-08-09T13:25:58.997-0400] {dag.py:3947} INFO - Setting next_dagrun for example_xcom to 2021-01-01 00:00:00+00:00, run_after=2021-01-01 00:00:00+00:00
[2024-08-09T13:25:59.003-0400] {processor.py:183} INFO - Processing /Users/jakeliu/we-defend-truth-1/airflow_env/lib/python3.12/site-packages/airflow/example_dags/example_xcom.py took 0.058 seconds
[2024-08-09T13:26:57.233-0400] {processor.py:161} INFO - Started process (PID=22928) to work on /Users/jakeliu/we-defend-truth-1/airflow_env/lib/python3.12/site-packages/airflow/example_dags/example_xcom.py
[2024-08-09T13:26:57.234-0400] {processor.py:830} INFO - Processing file /Users/jakeliu/we-defend-truth-1/airflow_env/lib/python3.12/site-packages/airflow/example_dags/example_xcom.py for tasks to queue
[2024-08-09T13:26:57.234-0400] {logging_mixin.py:188} INFO - [2024-08-09T13:26:57.234-0400] {dagbag.py:545} INFO - Filling up the DagBag from /Users/jakeliu/we-defend-truth-1/airflow_env/lib/python3.12/site-packages/airflow/example_dags/example_xcom.py
[2024-08-09T13:26:57.248-0400] {processor.py:840} INFO - DAG(s) 'example_xcom' retrieved from /Users/jakeliu/we-defend-truth-1/airflow_env/lib/python3.12/site-packages/airflow/example_dags/example_xcom.py
[2024-08-09T13:26:57.277-0400] {logging_mixin.py:188} INFO - [2024-08-09T13:26:57.277-0400] {dag.py:3089} INFO - Sync 1 DAGs
[2024-08-09T13:26:57.282-0400] {logging_mixin.py:188} INFO - [2024-08-09T13:26:57.282-0400] {dag.py:3947} INFO - Setting next_dagrun for example_xcom to 2021-01-01 00:00:00+00:00, run_after=2021-01-01 00:00:00+00:00
[2024-08-09T13:26:57.289-0400] {processor.py:183} INFO - Processing /Users/jakeliu/we-defend-truth-1/airflow_env/lib/python3.12/site-packages/airflow/example_dags/example_xcom.py took 0.057 seconds
