[2024-08-09T13:04:47.590-0400] {processor.py:161} INFO - Started process (PID=20917) to work on /Users/jakeliu/we-defend-truth-1/airflow_env/lib/python3.12/site-packages/airflow/example_dags/example_kubernetes_executor.py
[2024-08-09T13:04:47.590-0400] {processor.py:830} INFO - Processing file /Users/jakeliu/we-defend-truth-1/airflow_env/lib/python3.12/site-packages/airflow/example_dags/example_kubernetes_executor.py for tasks to queue
[2024-08-09T13:04:47.591-0400] {logging_mixin.py:188} INFO - [2024-08-09T13:04:47.591-0400] {dagbag.py:545} INFO - Filling up the DagBag from /Users/jakeliu/we-defend-truth-1/airflow_env/lib/python3.12/site-packages/airflow/example_dags/example_kubernetes_executor.py
[2024-08-09T13:04:47.604-0400] {logging_mixin.py:188} INFO - [2024-08-09T13:04:47.604-0400] {example_kubernetes_executor.py:39} WARNING - The example_kubernetes_executor example DAG requires the kubernetes provider. Please install it with: pip install apache-airflow[cncf.kubernetes]
[2024-08-09T13:04:47.604-0400] {processor.py:842} WARNING - No viable dags retrieved from /Users/jakeliu/we-defend-truth-1/airflow_env/lib/python3.12/site-packages/airflow/example_dags/example_kubernetes_executor.py
[2024-08-09T13:04:47.627-0400] {processor.py:183} INFO - Processing /Users/jakeliu/we-defend-truth-1/airflow_env/lib/python3.12/site-packages/airflow/example_dags/example_kubernetes_executor.py took 0.038 seconds
[2024-08-09T13:06:35.650-0400] {processor.py:161} INFO - Started process (PID=21036) to work on /Users/jakeliu/we-defend-truth-1/airflow_env/lib/python3.12/site-packages/airflow/example_dags/example_kubernetes_executor.py
[2024-08-09T13:06:35.651-0400] {processor.py:830} INFO - Processing file /Users/jakeliu/we-defend-truth-1/airflow_env/lib/python3.12/site-packages/airflow/example_dags/example_kubernetes_executor.py for tasks to queue
[2024-08-09T13:06:35.651-0400] {logging_mixin.py:188} INFO - [2024-08-09T13:06:35.651-0400] {dagbag.py:545} INFO - Filling up the DagBag from /Users/jakeliu/we-defend-truth-1/airflow_env/lib/python3.12/site-packages/airflow/example_dags/example_kubernetes_executor.py
[2024-08-09T13:06:35.664-0400] {logging_mixin.py:188} INFO - [2024-08-09T13:06:35.664-0400] {example_kubernetes_executor.py:39} WARNING - The example_kubernetes_executor example DAG requires the kubernetes provider. Please install it with: pip install apache-airflow[cncf.kubernetes]
[2024-08-09T13:06:35.664-0400] {processor.py:842} WARNING - No viable dags retrieved from /Users/jakeliu/we-defend-truth-1/airflow_env/lib/python3.12/site-packages/airflow/example_dags/example_kubernetes_executor.py
[2024-08-09T13:06:35.689-0400] {processor.py:183} INFO - Processing /Users/jakeliu/we-defend-truth-1/airflow_env/lib/python3.12/site-packages/airflow/example_dags/example_kubernetes_executor.py took 0.040 seconds
[2024-08-09T13:08:19.949-0400] {processor.py:161} INFO - Started process (PID=21188) to work on /Users/jakeliu/we-defend-truth-1/airflow_env/lib/python3.12/site-packages/airflow/example_dags/example_kubernetes_executor.py
[2024-08-09T13:08:19.950-0400] {processor.py:830} INFO - Processing file /Users/jakeliu/we-defend-truth-1/airflow_env/lib/python3.12/site-packages/airflow/example_dags/example_kubernetes_executor.py for tasks to queue
[2024-08-09T13:08:19.951-0400] {logging_mixin.py:188} INFO - [2024-08-09T13:08:19.951-0400] {dagbag.py:545} INFO - Filling up the DagBag from /Users/jakeliu/we-defend-truth-1/airflow_env/lib/python3.12/site-packages/airflow/example_dags/example_kubernetes_executor.py
[2024-08-09T13:08:19.964-0400] {logging_mixin.py:188} INFO - [2024-08-09T13:08:19.964-0400] {example_kubernetes_executor.py:39} WARNING - The example_kubernetes_executor example DAG requires the kubernetes provider. Please install it with: pip install apache-airflow[cncf.kubernetes]
[2024-08-09T13:08:19.964-0400] {processor.py:842} WARNING - No viable dags retrieved from /Users/jakeliu/we-defend-truth-1/airflow_env/lib/python3.12/site-packages/airflow/example_dags/example_kubernetes_executor.py
[2024-08-09T13:08:19.989-0400] {processor.py:183} INFO - Processing /Users/jakeliu/we-defend-truth-1/airflow_env/lib/python3.12/site-packages/airflow/example_dags/example_kubernetes_executor.py took 0.041 seconds
[2024-08-09T13:09:59.056-0400] {processor.py:161} INFO - Started process (PID=21302) to work on /Users/jakeliu/we-defend-truth-1/airflow_env/lib/python3.12/site-packages/airflow/example_dags/example_kubernetes_executor.py
[2024-08-09T13:09:59.057-0400] {processor.py:830} INFO - Processing file /Users/jakeliu/we-defend-truth-1/airflow_env/lib/python3.12/site-packages/airflow/example_dags/example_kubernetes_executor.py for tasks to queue
[2024-08-09T13:09:59.057-0400] {logging_mixin.py:188} INFO - [2024-08-09T13:09:59.057-0400] {dagbag.py:545} INFO - Filling up the DagBag from /Users/jakeliu/we-defend-truth-1/airflow_env/lib/python3.12/site-packages/airflow/example_dags/example_kubernetes_executor.py
[2024-08-09T13:09:59.071-0400] {logging_mixin.py:188} INFO - [2024-08-09T13:09:59.070-0400] {example_kubernetes_executor.py:39} WARNING - The example_kubernetes_executor example DAG requires the kubernetes provider. Please install it with: pip install apache-airflow[cncf.kubernetes]
[2024-08-09T13:09:59.071-0400] {processor.py:842} WARNING - No viable dags retrieved from /Users/jakeliu/we-defend-truth-1/airflow_env/lib/python3.12/site-packages/airflow/example_dags/example_kubernetes_executor.py
[2024-08-09T13:09:59.100-0400] {processor.py:183} INFO - Processing /Users/jakeliu/we-defend-truth-1/airflow_env/lib/python3.12/site-packages/airflow/example_dags/example_kubernetes_executor.py took 0.045 seconds
[2024-08-09T13:11:46.446-0400] {processor.py:161} INFO - Started process (PID=21408) to work on /Users/jakeliu/we-defend-truth-1/airflow_env/lib/python3.12/site-packages/airflow/example_dags/example_kubernetes_executor.py
[2024-08-09T13:11:46.447-0400] {processor.py:830} INFO - Processing file /Users/jakeliu/we-defend-truth-1/airflow_env/lib/python3.12/site-packages/airflow/example_dags/example_kubernetes_executor.py for tasks to queue
[2024-08-09T13:11:46.447-0400] {logging_mixin.py:188} INFO - [2024-08-09T13:11:46.447-0400] {dagbag.py:545} INFO - Filling up the DagBag from /Users/jakeliu/we-defend-truth-1/airflow_env/lib/python3.12/site-packages/airflow/example_dags/example_kubernetes_executor.py
[2024-08-09T13:11:46.461-0400] {logging_mixin.py:188} INFO - [2024-08-09T13:11:46.460-0400] {example_kubernetes_executor.py:39} WARNING - The example_kubernetes_executor example DAG requires the kubernetes provider. Please install it with: pip install apache-airflow[cncf.kubernetes]
[2024-08-09T13:11:46.461-0400] {processor.py:842} WARNING - No viable dags retrieved from /Users/jakeliu/we-defend-truth-1/airflow_env/lib/python3.12/site-packages/airflow/example_dags/example_kubernetes_executor.py
[2024-08-09T13:11:46.485-0400] {processor.py:183} INFO - Processing /Users/jakeliu/we-defend-truth-1/airflow_env/lib/python3.12/site-packages/airflow/example_dags/example_kubernetes_executor.py took 0.040 seconds
[2024-08-09T13:13:37.958-0400] {processor.py:161} INFO - Started process (PID=21505) to work on /Users/jakeliu/we-defend-truth-1/airflow_env/lib/python3.12/site-packages/airflow/example_dags/example_kubernetes_executor.py
[2024-08-09T13:13:37.958-0400] {processor.py:830} INFO - Processing file /Users/jakeliu/we-defend-truth-1/airflow_env/lib/python3.12/site-packages/airflow/example_dags/example_kubernetes_executor.py for tasks to queue
[2024-08-09T13:13:37.959-0400] {logging_mixin.py:188} INFO - [2024-08-09T13:13:37.959-0400] {dagbag.py:545} INFO - Filling up the DagBag from /Users/jakeliu/we-defend-truth-1/airflow_env/lib/python3.12/site-packages/airflow/example_dags/example_kubernetes_executor.py
[2024-08-09T13:13:37.972-0400] {logging_mixin.py:188} INFO - [2024-08-09T13:13:37.972-0400] {example_kubernetes_executor.py:39} WARNING - The example_kubernetes_executor example DAG requires the kubernetes provider. Please install it with: pip install apache-airflow[cncf.kubernetes]
[2024-08-09T13:13:37.973-0400] {processor.py:842} WARNING - No viable dags retrieved from /Users/jakeliu/we-defend-truth-1/airflow_env/lib/python3.12/site-packages/airflow/example_dags/example_kubernetes_executor.py
[2024-08-09T13:13:37.996-0400] {processor.py:183} INFO - Processing /Users/jakeliu/we-defend-truth-1/airflow_env/lib/python3.12/site-packages/airflow/example_dags/example_kubernetes_executor.py took 0.039 seconds
[2024-08-09T13:15:35.320-0400] {processor.py:161} INFO - Started process (PID=21620) to work on /Users/jakeliu/we-defend-truth-1/airflow_env/lib/python3.12/site-packages/airflow/example_dags/example_kubernetes_executor.py
[2024-08-09T13:15:35.320-0400] {processor.py:830} INFO - Processing file /Users/jakeliu/we-defend-truth-1/airflow_env/lib/python3.12/site-packages/airflow/example_dags/example_kubernetes_executor.py for tasks to queue
[2024-08-09T13:15:35.321-0400] {logging_mixin.py:188} INFO - [2024-08-09T13:15:35.321-0400] {dagbag.py:545} INFO - Filling up the DagBag from /Users/jakeliu/we-defend-truth-1/airflow_env/lib/python3.12/site-packages/airflow/example_dags/example_kubernetes_executor.py
[2024-08-09T13:15:35.335-0400] {logging_mixin.py:188} INFO - [2024-08-09T13:15:35.335-0400] {example_kubernetes_executor.py:39} WARNING - The example_kubernetes_executor example DAG requires the kubernetes provider. Please install it with: pip install apache-airflow[cncf.kubernetes]
[2024-08-09T13:15:35.335-0400] {processor.py:842} WARNING - No viable dags retrieved from /Users/jakeliu/we-defend-truth-1/airflow_env/lib/python3.12/site-packages/airflow/example_dags/example_kubernetes_executor.py
[2024-08-09T13:15:35.361-0400] {processor.py:183} INFO - Processing /Users/jakeliu/we-defend-truth-1/airflow_env/lib/python3.12/site-packages/airflow/example_dags/example_kubernetes_executor.py took 0.043 seconds
[2024-08-09T13:17:26.122-0400] {processor.py:161} INFO - Started process (PID=21785) to work on /Users/jakeliu/we-defend-truth-1/airflow_env/lib/python3.12/site-packages/airflow/example_dags/example_kubernetes_executor.py
[2024-08-09T13:17:26.123-0400] {processor.py:830} INFO - Processing file /Users/jakeliu/we-defend-truth-1/airflow_env/lib/python3.12/site-packages/airflow/example_dags/example_kubernetes_executor.py for tasks to queue
[2024-08-09T13:17:26.123-0400] {logging_mixin.py:188} INFO - [2024-08-09T13:17:26.123-0400] {dagbag.py:545} INFO - Filling up the DagBag from /Users/jakeliu/we-defend-truth-1/airflow_env/lib/python3.12/site-packages/airflow/example_dags/example_kubernetes_executor.py
[2024-08-09T13:17:26.136-0400] {logging_mixin.py:188} INFO - [2024-08-09T13:17:26.136-0400] {example_kubernetes_executor.py:39} WARNING - The example_kubernetes_executor example DAG requires the kubernetes provider. Please install it with: pip install apache-airflow[cncf.kubernetes]
[2024-08-09T13:17:26.136-0400] {processor.py:842} WARNING - No viable dags retrieved from /Users/jakeliu/we-defend-truth-1/airflow_env/lib/python3.12/site-packages/airflow/example_dags/example_kubernetes_executor.py
[2024-08-09T13:17:26.160-0400] {processor.py:183} INFO - Processing /Users/jakeliu/we-defend-truth-1/airflow_env/lib/python3.12/site-packages/airflow/example_dags/example_kubernetes_executor.py took 0.039 seconds
[2024-08-09T13:19:06.340-0400] {processor.py:161} INFO - Started process (PID=21890) to work on /Users/jakeliu/we-defend-truth-1/airflow_env/lib/python3.12/site-packages/airflow/example_dags/example_kubernetes_executor.py
[2024-08-09T13:19:06.341-0400] {processor.py:830} INFO - Processing file /Users/jakeliu/we-defend-truth-1/airflow_env/lib/python3.12/site-packages/airflow/example_dags/example_kubernetes_executor.py for tasks to queue
[2024-08-09T13:19:06.341-0400] {logging_mixin.py:188} INFO - [2024-08-09T13:19:06.341-0400] {dagbag.py:545} INFO - Filling up the DagBag from /Users/jakeliu/we-defend-truth-1/airflow_env/lib/python3.12/site-packages/airflow/example_dags/example_kubernetes_executor.py
[2024-08-09T13:19:06.354-0400] {logging_mixin.py:188} INFO - [2024-08-09T13:19:06.354-0400] {example_kubernetes_executor.py:39} WARNING - The example_kubernetes_executor example DAG requires the kubernetes provider. Please install it with: pip install apache-airflow[cncf.kubernetes]
[2024-08-09T13:19:06.355-0400] {processor.py:842} WARNING - No viable dags retrieved from /Users/jakeliu/we-defend-truth-1/airflow_env/lib/python3.12/site-packages/airflow/example_dags/example_kubernetes_executor.py
[2024-08-09T13:19:06.378-0400] {processor.py:183} INFO - Processing /Users/jakeliu/we-defend-truth-1/airflow_env/lib/python3.12/site-packages/airflow/example_dags/example_kubernetes_executor.py took 0.040 seconds
[2024-08-09T13:20:49.798-0400] {processor.py:161} INFO - Started process (PID=22550) to work on /Users/jakeliu/we-defend-truth-1/airflow_env/lib/python3.12/site-packages/airflow/example_dags/example_kubernetes_executor.py
[2024-08-09T13:20:49.799-0400] {processor.py:830} INFO - Processing file /Users/jakeliu/we-defend-truth-1/airflow_env/lib/python3.12/site-packages/airflow/example_dags/example_kubernetes_executor.py for tasks to queue
[2024-08-09T13:20:49.799-0400] {logging_mixin.py:188} INFO - [2024-08-09T13:20:49.799-0400] {dagbag.py:545} INFO - Filling up the DagBag from /Users/jakeliu/we-defend-truth-1/airflow_env/lib/python3.12/site-packages/airflow/example_dags/example_kubernetes_executor.py
[2024-08-09T13:20:49.813-0400] {logging_mixin.py:188} INFO - [2024-08-09T13:20:49.813-0400] {example_kubernetes_executor.py:39} WARNING - The example_kubernetes_executor example DAG requires the kubernetes provider. Please install it with: pip install apache-airflow[cncf.kubernetes]
[2024-08-09T13:20:49.813-0400] {processor.py:842} WARNING - No viable dags retrieved from /Users/jakeliu/we-defend-truth-1/airflow_env/lib/python3.12/site-packages/airflow/example_dags/example_kubernetes_executor.py
[2024-08-09T13:20:49.836-0400] {processor.py:183} INFO - Processing /Users/jakeliu/we-defend-truth-1/airflow_env/lib/python3.12/site-packages/airflow/example_dags/example_kubernetes_executor.py took 0.039 seconds
[2024-08-09T13:22:32.247-0400] {processor.py:161} INFO - Started process (PID=22651) to work on /Users/jakeliu/we-defend-truth-1/airflow_env/lib/python3.12/site-packages/airflow/example_dags/example_kubernetes_executor.py
[2024-08-09T13:22:32.248-0400] {processor.py:830} INFO - Processing file /Users/jakeliu/we-defend-truth-1/airflow_env/lib/python3.12/site-packages/airflow/example_dags/example_kubernetes_executor.py for tasks to queue
[2024-08-09T13:22:32.248-0400] {logging_mixin.py:188} INFO - [2024-08-09T13:22:32.248-0400] {dagbag.py:545} INFO - Filling up the DagBag from /Users/jakeliu/we-defend-truth-1/airflow_env/lib/python3.12/site-packages/airflow/example_dags/example_kubernetes_executor.py
[2024-08-09T13:22:32.261-0400] {logging_mixin.py:188} INFO - [2024-08-09T13:22:32.261-0400] {example_kubernetes_executor.py:39} WARNING - The example_kubernetes_executor example DAG requires the kubernetes provider. Please install it with: pip install apache-airflow[cncf.kubernetes]
[2024-08-09T13:22:32.262-0400] {processor.py:842} WARNING - No viable dags retrieved from /Users/jakeliu/we-defend-truth-1/airflow_env/lib/python3.12/site-packages/airflow/example_dags/example_kubernetes_executor.py
[2024-08-09T13:22:32.287-0400] {processor.py:183} INFO - Processing /Users/jakeliu/we-defend-truth-1/airflow_env/lib/python3.12/site-packages/airflow/example_dags/example_kubernetes_executor.py took 0.040 seconds
[2024-08-09T13:24:14.160-0400] {processor.py:161} INFO - Started process (PID=22753) to work on /Users/jakeliu/we-defend-truth-1/airflow_env/lib/python3.12/site-packages/airflow/example_dags/example_kubernetes_executor.py
[2024-08-09T13:24:14.161-0400] {processor.py:830} INFO - Processing file /Users/jakeliu/we-defend-truth-1/airflow_env/lib/python3.12/site-packages/airflow/example_dags/example_kubernetes_executor.py for tasks to queue
[2024-08-09T13:24:14.161-0400] {logging_mixin.py:188} INFO - [2024-08-09T13:24:14.161-0400] {dagbag.py:545} INFO - Filling up the DagBag from /Users/jakeliu/we-defend-truth-1/airflow_env/lib/python3.12/site-packages/airflow/example_dags/example_kubernetes_executor.py
[2024-08-09T13:24:14.174-0400] {logging_mixin.py:188} INFO - [2024-08-09T13:24:14.174-0400] {example_kubernetes_executor.py:39} WARNING - The example_kubernetes_executor example DAG requires the kubernetes provider. Please install it with: pip install apache-airflow[cncf.kubernetes]
[2024-08-09T13:24:14.174-0400] {processor.py:842} WARNING - No viable dags retrieved from /Users/jakeliu/we-defend-truth-1/airflow_env/lib/python3.12/site-packages/airflow/example_dags/example_kubernetes_executor.py
[2024-08-09T13:24:14.198-0400] {processor.py:183} INFO - Processing /Users/jakeliu/we-defend-truth-1/airflow_env/lib/python3.12/site-packages/airflow/example_dags/example_kubernetes_executor.py took 0.038 seconds
[2024-08-09T13:26:09.356-0400] {processor.py:161} INFO - Started process (PID=22886) to work on /Users/jakeliu/we-defend-truth-1/airflow_env/lib/python3.12/site-packages/airflow/example_dags/example_kubernetes_executor.py
[2024-08-09T13:26:09.357-0400] {processor.py:830} INFO - Processing file /Users/jakeliu/we-defend-truth-1/airflow_env/lib/python3.12/site-packages/airflow/example_dags/example_kubernetes_executor.py for tasks to queue
[2024-08-09T13:26:09.357-0400] {logging_mixin.py:188} INFO - [2024-08-09T13:26:09.357-0400] {dagbag.py:545} INFO - Filling up the DagBag from /Users/jakeliu/we-defend-truth-1/airflow_env/lib/python3.12/site-packages/airflow/example_dags/example_kubernetes_executor.py
[2024-08-09T13:26:09.370-0400] {logging_mixin.py:188} INFO - [2024-08-09T13:26:09.370-0400] {example_kubernetes_executor.py:39} WARNING - The example_kubernetes_executor example DAG requires the kubernetes provider. Please install it with: pip install apache-airflow[cncf.kubernetes]
[2024-08-09T13:26:09.370-0400] {processor.py:842} WARNING - No viable dags retrieved from /Users/jakeliu/we-defend-truth-1/airflow_env/lib/python3.12/site-packages/airflow/example_dags/example_kubernetes_executor.py
[2024-08-09T13:26:09.394-0400] {processor.py:183} INFO - Processing /Users/jakeliu/we-defend-truth-1/airflow_env/lib/python3.12/site-packages/airflow/example_dags/example_kubernetes_executor.py took 0.038 seconds
