[2024-08-09T13:05:05.416-0400] {processor.py:161} INFO - Started process (PID=20928) to work on /Users/jakeliu/we-defend-truth-1/airflow_env/lib/python3.12/site-packages/airflow/example_dags/example_branch_labels.py
[2024-08-09T13:05:05.417-0400] {processor.py:830} INFO - Processing file /Users/jakeliu/we-defend-truth-1/airflow_env/lib/python3.12/site-packages/airflow/example_dags/example_branch_labels.py for tasks to queue
[2024-08-09T13:05:05.417-0400] {logging_mixin.py:188} INFO - [2024-08-09T13:05:05.417-0400] {dagbag.py:545} INFO - Filling up the DagBag from /Users/jakeliu/we-defend-truth-1/airflow_env/lib/python3.12/site-packages/airflow/example_dags/example_branch_labels.py
[2024-08-09T13:05:05.421-0400] {processor.py:840} INFO - DAG(s) 'example_branch_labels' retrieved from /Users/jakeliu/we-defend-truth-1/airflow_env/lib/python3.12/site-packages/airflow/example_dags/example_branch_labels.py
[2024-08-09T13:05:05.479-0400] {logging_mixin.py:188} INFO - [2024-08-09T13:05:05.479-0400] {dag.py:3089} INFO - Sync 1 DAGs
[2024-08-09T13:05:05.485-0400] {logging_mixin.py:188} INFO - [2024-08-09T13:05:05.484-0400] {dag.py:3947} INFO - Setting next_dagrun for example_branch_labels to 2024-08-08 00:00:00+00:00, run_after=2024-08-09 00:00:00+00:00
[2024-08-09T13:05:05.491-0400] {processor.py:183} INFO - Processing /Users/jakeliu/we-defend-truth-1/airflow_env/lib/python3.12/site-packages/airflow/example_dags/example_branch_labels.py took 0.076 seconds
[2024-08-09T13:06:53.639-0400] {processor.py:161} INFO - Started process (PID=21080) to work on /Users/jakeliu/we-defend-truth-1/airflow_env/lib/python3.12/site-packages/airflow/example_dags/example_branch_labels.py
[2024-08-09T13:06:53.640-0400] {processor.py:830} INFO - Processing file /Users/jakeliu/we-defend-truth-1/airflow_env/lib/python3.12/site-packages/airflow/example_dags/example_branch_labels.py for tasks to queue
[2024-08-09T13:06:53.640-0400] {logging_mixin.py:188} INFO - [2024-08-09T13:06:53.640-0400] {dagbag.py:545} INFO - Filling up the DagBag from /Users/jakeliu/we-defend-truth-1/airflow_env/lib/python3.12/site-packages/airflow/example_dags/example_branch_labels.py
[2024-08-09T13:06:53.643-0400] {processor.py:840} INFO - DAG(s) 'example_branch_labels' retrieved from /Users/jakeliu/we-defend-truth-1/airflow_env/lib/python3.12/site-packages/airflow/example_dags/example_branch_labels.py
[2024-08-09T13:06:53.674-0400] {logging_mixin.py:188} INFO - [2024-08-09T13:06:53.674-0400] {dag.py:3089} INFO - Sync 1 DAGs
[2024-08-09T13:06:53.680-0400] {logging_mixin.py:188} INFO - [2024-08-09T13:06:53.679-0400] {dag.py:3947} INFO - Setting next_dagrun for example_branch_labels to 2024-08-08 00:00:00+00:00, run_after=2024-08-09 00:00:00+00:00
[2024-08-09T13:06:53.686-0400] {processor.py:183} INFO - Processing /Users/jakeliu/we-defend-truth-1/airflow_env/lib/python3.12/site-packages/airflow/example_dags/example_branch_labels.py took 0.048 seconds
[2024-08-09T13:08:36.515-0400] {processor.py:161} INFO - Started process (PID=21199) to work on /Users/jakeliu/we-defend-truth-1/airflow_env/lib/python3.12/site-packages/airflow/example_dags/example_branch_labels.py
[2024-08-09T13:08:36.516-0400] {processor.py:830} INFO - Processing file /Users/jakeliu/we-defend-truth-1/airflow_env/lib/python3.12/site-packages/airflow/example_dags/example_branch_labels.py for tasks to queue
[2024-08-09T13:08:36.516-0400] {logging_mixin.py:188} INFO - [2024-08-09T13:08:36.516-0400] {dagbag.py:545} INFO - Filling up the DagBag from /Users/jakeliu/we-defend-truth-1/airflow_env/lib/python3.12/site-packages/airflow/example_dags/example_branch_labels.py
[2024-08-09T13:08:36.521-0400] {processor.py:840} INFO - DAG(s) 'example_branch_labels' retrieved from /Users/jakeliu/we-defend-truth-1/airflow_env/lib/python3.12/site-packages/airflow/example_dags/example_branch_labels.py
[2024-08-09T13:08:36.558-0400] {logging_mixin.py:188} INFO - [2024-08-09T13:08:36.558-0400] {dag.py:3089} INFO - Sync 1 DAGs
[2024-08-09T13:08:36.569-0400] {logging_mixin.py:188} INFO - [2024-08-09T13:08:36.569-0400] {dag.py:3947} INFO - Setting next_dagrun for example_branch_labels to 2024-08-08 00:00:00+00:00, run_after=2024-08-09 00:00:00+00:00
[2024-08-09T13:08:36.577-0400] {processor.py:183} INFO - Processing /Users/jakeliu/we-defend-truth-1/airflow_env/lib/python3.12/site-packages/airflow/example_dags/example_branch_labels.py took 0.062 seconds
[2024-08-09T13:10:18.318-0400] {processor.py:161} INFO - Started process (PID=21313) to work on /Users/jakeliu/we-defend-truth-1/airflow_env/lib/python3.12/site-packages/airflow/example_dags/example_branch_labels.py
[2024-08-09T13:10:18.318-0400] {processor.py:830} INFO - Processing file /Users/jakeliu/we-defend-truth-1/airflow_env/lib/python3.12/site-packages/airflow/example_dags/example_branch_labels.py for tasks to queue
[2024-08-09T13:10:18.319-0400] {logging_mixin.py:188} INFO - [2024-08-09T13:10:18.318-0400] {dagbag.py:545} INFO - Filling up the DagBag from /Users/jakeliu/we-defend-truth-1/airflow_env/lib/python3.12/site-packages/airflow/example_dags/example_branch_labels.py
[2024-08-09T13:10:18.322-0400] {processor.py:840} INFO - DAG(s) 'example_branch_labels' retrieved from /Users/jakeliu/we-defend-truth-1/airflow_env/lib/python3.12/site-packages/airflow/example_dags/example_branch_labels.py
[2024-08-09T13:10:18.353-0400] {logging_mixin.py:188} INFO - [2024-08-09T13:10:18.353-0400] {dag.py:3089} INFO - Sync 1 DAGs
[2024-08-09T13:10:18.358-0400] {logging_mixin.py:188} INFO - [2024-08-09T13:10:18.358-0400] {dag.py:3947} INFO - Setting next_dagrun for example_branch_labels to 2024-08-08 00:00:00+00:00, run_after=2024-08-09 00:00:00+00:00
[2024-08-09T13:10:18.364-0400] {processor.py:183} INFO - Processing /Users/jakeliu/we-defend-truth-1/airflow_env/lib/python3.12/site-packages/airflow/example_dags/example_branch_labels.py took 0.047 seconds
[2024-08-09T13:12:03.216-0400] {processor.py:161} INFO - Started process (PID=21419) to work on /Users/jakeliu/we-defend-truth-1/airflow_env/lib/python3.12/site-packages/airflow/example_dags/example_branch_labels.py
[2024-08-09T13:12:03.217-0400] {processor.py:830} INFO - Processing file /Users/jakeliu/we-defend-truth-1/airflow_env/lib/python3.12/site-packages/airflow/example_dags/example_branch_labels.py for tasks to queue
[2024-08-09T13:12:03.217-0400] {logging_mixin.py:188} INFO - [2024-08-09T13:12:03.217-0400] {dagbag.py:545} INFO - Filling up the DagBag from /Users/jakeliu/we-defend-truth-1/airflow_env/lib/python3.12/site-packages/airflow/example_dags/example_branch_labels.py
[2024-08-09T13:12:03.221-0400] {processor.py:840} INFO - DAG(s) 'example_branch_labels' retrieved from /Users/jakeliu/we-defend-truth-1/airflow_env/lib/python3.12/site-packages/airflow/example_dags/example_branch_labels.py
[2024-08-09T13:12:03.254-0400] {logging_mixin.py:188} INFO - [2024-08-09T13:12:03.254-0400] {dag.py:3089} INFO - Sync 1 DAGs
[2024-08-09T13:12:03.260-0400] {logging_mixin.py:188} INFO - [2024-08-09T13:12:03.259-0400] {dag.py:3947} INFO - Setting next_dagrun for example_branch_labels to 2024-08-08 00:00:00+00:00, run_after=2024-08-09 00:00:00+00:00
[2024-08-09T13:12:03.267-0400] {processor.py:183} INFO - Processing /Users/jakeliu/we-defend-truth-1/airflow_env/lib/python3.12/site-packages/airflow/example_dags/example_branch_labels.py took 0.052 seconds
[2024-08-09T13:13:57.074-0400] {processor.py:161} INFO - Started process (PID=21519) to work on /Users/jakeliu/we-defend-truth-1/airflow_env/lib/python3.12/site-packages/airflow/example_dags/example_branch_labels.py
[2024-08-09T13:13:57.075-0400] {processor.py:830} INFO - Processing file /Users/jakeliu/we-defend-truth-1/airflow_env/lib/python3.12/site-packages/airflow/example_dags/example_branch_labels.py for tasks to queue
[2024-08-09T13:13:57.075-0400] {logging_mixin.py:188} INFO - [2024-08-09T13:13:57.075-0400] {dagbag.py:545} INFO - Filling up the DagBag from /Users/jakeliu/we-defend-truth-1/airflow_env/lib/python3.12/site-packages/airflow/example_dags/example_branch_labels.py
[2024-08-09T13:13:57.079-0400] {processor.py:840} INFO - DAG(s) 'example_branch_labels' retrieved from /Users/jakeliu/we-defend-truth-1/airflow_env/lib/python3.12/site-packages/airflow/example_dags/example_branch_labels.py
[2024-08-09T13:13:57.112-0400] {logging_mixin.py:188} INFO - [2024-08-09T13:13:57.112-0400] {dag.py:3089} INFO - Sync 1 DAGs
[2024-08-09T13:13:57.118-0400] {logging_mixin.py:188} INFO - [2024-08-09T13:13:57.118-0400] {dag.py:3947} INFO - Setting next_dagrun for example_branch_labels to 2024-08-08 00:00:00+00:00, run_after=2024-08-09 00:00:00+00:00
[2024-08-09T13:13:57.126-0400] {processor.py:183} INFO - Processing /Users/jakeliu/we-defend-truth-1/airflow_env/lib/python3.12/site-packages/airflow/example_dags/example_branch_labels.py took 0.053 seconds
[2024-08-09T13:15:54.303-0400] {processor.py:161} INFO - Started process (PID=21631) to work on /Users/jakeliu/we-defend-truth-1/airflow_env/lib/python3.12/site-packages/airflow/example_dags/example_branch_labels.py
[2024-08-09T13:15:54.304-0400] {processor.py:830} INFO - Processing file /Users/jakeliu/we-defend-truth-1/airflow_env/lib/python3.12/site-packages/airflow/example_dags/example_branch_labels.py for tasks to queue
[2024-08-09T13:15:54.304-0400] {logging_mixin.py:188} INFO - [2024-08-09T13:15:54.304-0400] {dagbag.py:545} INFO - Filling up the DagBag from /Users/jakeliu/we-defend-truth-1/airflow_env/lib/python3.12/site-packages/airflow/example_dags/example_branch_labels.py
[2024-08-09T13:15:54.308-0400] {processor.py:840} INFO - DAG(s) 'example_branch_labels' retrieved from /Users/jakeliu/we-defend-truth-1/airflow_env/lib/python3.12/site-packages/airflow/example_dags/example_branch_labels.py
[2024-08-09T13:15:54.339-0400] {logging_mixin.py:188} INFO - [2024-08-09T13:15:54.339-0400] {dag.py:3089} INFO - Sync 1 DAGs
[2024-08-09T13:15:54.345-0400] {logging_mixin.py:188} INFO - [2024-08-09T13:15:54.345-0400] {dag.py:3947} INFO - Setting next_dagrun for example_branch_labels to 2024-08-08 00:00:00+00:00, run_after=2024-08-09 00:00:00+00:00
[2024-08-09T13:15:54.351-0400] {processor.py:183} INFO - Processing /Users/jakeliu/we-defend-truth-1/airflow_env/lib/python3.12/site-packages/airflow/example_dags/example_branch_labels.py took 0.049 seconds
[2024-08-09T13:17:43.783-0400] {processor.py:161} INFO - Started process (PID=21819) to work on /Users/jakeliu/we-defend-truth-1/airflow_env/lib/python3.12/site-packages/airflow/example_dags/example_branch_labels.py
[2024-08-09T13:17:43.784-0400] {processor.py:830} INFO - Processing file /Users/jakeliu/we-defend-truth-1/airflow_env/lib/python3.12/site-packages/airflow/example_dags/example_branch_labels.py for tasks to queue
[2024-08-09T13:17:43.784-0400] {logging_mixin.py:188} INFO - [2024-08-09T13:17:43.784-0400] {dagbag.py:545} INFO - Filling up the DagBag from /Users/jakeliu/we-defend-truth-1/airflow_env/lib/python3.12/site-packages/airflow/example_dags/example_branch_labels.py
[2024-08-09T13:17:43.787-0400] {processor.py:840} INFO - DAG(s) 'example_branch_labels' retrieved from /Users/jakeliu/we-defend-truth-1/airflow_env/lib/python3.12/site-packages/airflow/example_dags/example_branch_labels.py
[2024-08-09T13:17:43.819-0400] {logging_mixin.py:188} INFO - [2024-08-09T13:17:43.819-0400] {dag.py:3089} INFO - Sync 1 DAGs
[2024-08-09T13:17:43.825-0400] {logging_mixin.py:188} INFO - [2024-08-09T13:17:43.825-0400] {dag.py:3947} INFO - Setting next_dagrun for example_branch_labels to 2024-08-08 00:00:00+00:00, run_after=2024-08-09 00:00:00+00:00
[2024-08-09T13:17:43.831-0400] {processor.py:183} INFO - Processing /Users/jakeliu/we-defend-truth-1/airflow_env/lib/python3.12/site-packages/airflow/example_dags/example_branch_labels.py took 0.049 seconds
[2024-08-09T13:19:24.690-0400] {processor.py:161} INFO - Started process (PID=21912) to work on /Users/jakeliu/we-defend-truth-1/airflow_env/lib/python3.12/site-packages/airflow/example_dags/example_branch_labels.py
[2024-08-09T13:19:24.691-0400] {processor.py:830} INFO - Processing file /Users/jakeliu/we-defend-truth-1/airflow_env/lib/python3.12/site-packages/airflow/example_dags/example_branch_labels.py for tasks to queue
[2024-08-09T13:19:24.691-0400] {logging_mixin.py:188} INFO - [2024-08-09T13:19:24.691-0400] {dagbag.py:545} INFO - Filling up the DagBag from /Users/jakeliu/we-defend-truth-1/airflow_env/lib/python3.12/site-packages/airflow/example_dags/example_branch_labels.py
[2024-08-09T13:19:24.694-0400] {processor.py:840} INFO - DAG(s) 'example_branch_labels' retrieved from /Users/jakeliu/we-defend-truth-1/airflow_env/lib/python3.12/site-packages/airflow/example_dags/example_branch_labels.py
[2024-08-09T13:19:24.725-0400] {logging_mixin.py:188} INFO - [2024-08-09T13:19:24.725-0400] {dag.py:3089} INFO - Sync 1 DAGs
[2024-08-09T13:19:24.731-0400] {logging_mixin.py:188} INFO - [2024-08-09T13:19:24.731-0400] {dag.py:3947} INFO - Setting next_dagrun for example_branch_labels to 2024-08-08 00:00:00+00:00, run_after=2024-08-09 00:00:00+00:00
[2024-08-09T13:19:24.737-0400] {processor.py:183} INFO - Processing /Users/jakeliu/we-defend-truth-1/airflow_env/lib/python3.12/site-packages/airflow/example_dags/example_branch_labels.py took 0.048 seconds
[2024-08-09T13:21:06.732-0400] {processor.py:161} INFO - Started process (PID=22572) to work on /Users/jakeliu/we-defend-truth-1/airflow_env/lib/python3.12/site-packages/airflow/example_dags/example_branch_labels.py
[2024-08-09T13:21:06.733-0400] {processor.py:830} INFO - Processing file /Users/jakeliu/we-defend-truth-1/airflow_env/lib/python3.12/site-packages/airflow/example_dags/example_branch_labels.py for tasks to queue
[2024-08-09T13:21:06.734-0400] {logging_mixin.py:188} INFO - [2024-08-09T13:21:06.733-0400] {dagbag.py:545} INFO - Filling up the DagBag from /Users/jakeliu/we-defend-truth-1/airflow_env/lib/python3.12/site-packages/airflow/example_dags/example_branch_labels.py
[2024-08-09T13:21:06.737-0400] {processor.py:840} INFO - DAG(s) 'example_branch_labels' retrieved from /Users/jakeliu/we-defend-truth-1/airflow_env/lib/python3.12/site-packages/airflow/example_dags/example_branch_labels.py
[2024-08-09T13:21:06.769-0400] {logging_mixin.py:188} INFO - [2024-08-09T13:21:06.769-0400] {dag.py:3089} INFO - Sync 1 DAGs
[2024-08-09T13:21:06.775-0400] {logging_mixin.py:188} INFO - [2024-08-09T13:21:06.775-0400] {dag.py:3947} INFO - Setting next_dagrun for example_branch_labels to 2024-08-08 00:00:00+00:00, run_after=2024-08-09 00:00:00+00:00
[2024-08-09T13:21:06.781-0400] {processor.py:183} INFO - Processing /Users/jakeliu/we-defend-truth-1/airflow_env/lib/python3.12/site-packages/airflow/example_dags/example_branch_labels.py took 0.050 seconds
[2024-08-09T13:22:50.099-0400] {processor.py:161} INFO - Started process (PID=22680) to work on /Users/jakeliu/we-defend-truth-1/airflow_env/lib/python3.12/site-packages/airflow/example_dags/example_branch_labels.py
[2024-08-09T13:22:50.100-0400] {processor.py:830} INFO - Processing file /Users/jakeliu/we-defend-truth-1/airflow_env/lib/python3.12/site-packages/airflow/example_dags/example_branch_labels.py for tasks to queue
[2024-08-09T13:22:50.100-0400] {logging_mixin.py:188} INFO - [2024-08-09T13:22:50.100-0400] {dagbag.py:545} INFO - Filling up the DagBag from /Users/jakeliu/we-defend-truth-1/airflow_env/lib/python3.12/site-packages/airflow/example_dags/example_branch_labels.py
[2024-08-09T13:22:50.104-0400] {processor.py:840} INFO - DAG(s) 'example_branch_labels' retrieved from /Users/jakeliu/we-defend-truth-1/airflow_env/lib/python3.12/site-packages/airflow/example_dags/example_branch_labels.py
[2024-08-09T13:22:50.135-0400] {logging_mixin.py:188} INFO - [2024-08-09T13:22:50.135-0400] {dag.py:3089} INFO - Sync 1 DAGs
[2024-08-09T13:22:50.141-0400] {logging_mixin.py:188} INFO - [2024-08-09T13:22:50.141-0400] {dag.py:3947} INFO - Setting next_dagrun for example_branch_labels to 2024-08-08 00:00:00+00:00, run_after=2024-08-09 00:00:00+00:00
[2024-08-09T13:22:50.147-0400] {processor.py:183} INFO - Processing /Users/jakeliu/we-defend-truth-1/airflow_env/lib/python3.12/site-packages/airflow/example_dags/example_branch_labels.py took 0.049 seconds
[2024-08-09T13:24:32.217-0400] {processor.py:161} INFO - Started process (PID=22788) to work on /Users/jakeliu/we-defend-truth-1/airflow_env/lib/python3.12/site-packages/airflow/example_dags/example_branch_labels.py
[2024-08-09T13:24:32.219-0400] {processor.py:830} INFO - Processing file /Users/jakeliu/we-defend-truth-1/airflow_env/lib/python3.12/site-packages/airflow/example_dags/example_branch_labels.py for tasks to queue
[2024-08-09T13:24:32.219-0400] {logging_mixin.py:188} INFO - [2024-08-09T13:24:32.219-0400] {dagbag.py:545} INFO - Filling up the DagBag from /Users/jakeliu/we-defend-truth-1/airflow_env/lib/python3.12/site-packages/airflow/example_dags/example_branch_labels.py
[2024-08-09T13:24:32.223-0400] {processor.py:840} INFO - DAG(s) 'example_branch_labels' retrieved from /Users/jakeliu/we-defend-truth-1/airflow_env/lib/python3.12/site-packages/airflow/example_dags/example_branch_labels.py
[2024-08-09T13:24:32.256-0400] {logging_mixin.py:188} INFO - [2024-08-09T13:24:32.255-0400] {dag.py:3089} INFO - Sync 1 DAGs
[2024-08-09T13:24:32.261-0400] {logging_mixin.py:188} INFO - [2024-08-09T13:24:32.261-0400] {dag.py:3947} INFO - Setting next_dagrun for example_branch_labels to 2024-08-08 00:00:00+00:00, run_after=2024-08-09 00:00:00+00:00
[2024-08-09T13:24:32.268-0400] {processor.py:183} INFO - Processing /Users/jakeliu/we-defend-truth-1/airflow_env/lib/python3.12/site-packages/airflow/example_dags/example_branch_labels.py took 0.052 seconds
[2024-08-09T13:26:28.308-0400] {processor.py:161} INFO - Started process (PID=22910) to work on /Users/jakeliu/we-defend-truth-1/airflow_env/lib/python3.12/site-packages/airflow/example_dags/example_branch_labels.py
[2024-08-09T13:26:28.309-0400] {processor.py:830} INFO - Processing file /Users/jakeliu/we-defend-truth-1/airflow_env/lib/python3.12/site-packages/airflow/example_dags/example_branch_labels.py for tasks to queue
[2024-08-09T13:26:28.309-0400] {logging_mixin.py:188} INFO - [2024-08-09T13:26:28.309-0400] {dagbag.py:545} INFO - Filling up the DagBag from /Users/jakeliu/we-defend-truth-1/airflow_env/lib/python3.12/site-packages/airflow/example_dags/example_branch_labels.py
[2024-08-09T13:26:28.313-0400] {processor.py:840} INFO - DAG(s) 'example_branch_labels' retrieved from /Users/jakeliu/we-defend-truth-1/airflow_env/lib/python3.12/site-packages/airflow/example_dags/example_branch_labels.py
[2024-08-09T13:26:28.344-0400] {logging_mixin.py:188} INFO - [2024-08-09T13:26:28.344-0400] {dag.py:3089} INFO - Sync 1 DAGs
[2024-08-09T13:26:28.349-0400] {logging_mixin.py:188} INFO - [2024-08-09T13:26:28.349-0400] {dag.py:3947} INFO - Setting next_dagrun for example_branch_labels to 2024-08-08 00:00:00+00:00, run_after=2024-08-09 00:00:00+00:00
[2024-08-09T13:26:28.355-0400] {processor.py:183} INFO - Processing /Users/jakeliu/we-defend-truth-1/airflow_env/lib/python3.12/site-packages/airflow/example_dags/example_branch_labels.py took 0.048 seconds
