[2024-08-09T13:04:28.267-0400] {processor.py:161} INFO - Started process (PID=20905) to work on /Users/jakeliu/we-defend-truth-1/airflow_env/lib/python3.12/site-packages/airflow/example_dags/example_setup_teardown.py
[2024-08-09T13:04:28.267-0400] {processor.py:830} INFO - Processing file /Users/jakeliu/we-defend-truth-1/airflow_env/lib/python3.12/site-packages/airflow/example_dags/example_setup_teardown.py for tasks to queue
[2024-08-09T13:04:28.268-0400] {logging_mixin.py:188} INFO - [2024-08-09T13:04:28.268-0400] {dagbag.py:545} INFO - Filling up the DagBag from /Users/jakeliu/we-defend-truth-1/airflow_env/lib/python3.12/site-packages/airflow/example_dags/example_setup_teardown.py
[2024-08-09T13:04:28.271-0400] {processor.py:840} INFO - DAG(s) 'example_setup_teardown' retrieved from /Users/jakeliu/we-defend-truth-1/airflow_env/lib/python3.12/site-packages/airflow/example_dags/example_setup_teardown.py
[2024-08-09T13:04:28.332-0400] {logging_mixin.py:188} INFO - [2024-08-09T13:04:28.332-0400] {dag.py:3089} INFO - Sync 1 DAGs
[2024-08-09T13:04:28.338-0400] {logging_mixin.py:188} INFO - [2024-08-09T13:04:28.337-0400] {dag.py:3947} INFO - Setting next_dagrun for example_setup_teardown to 2024-08-08 00:00:00+00:00, run_after=2024-08-09 00:00:00+00:00
[2024-08-09T13:04:28.345-0400] {processor.py:183} INFO - Processing /Users/jakeliu/we-defend-truth-1/airflow_env/lib/python3.12/site-packages/airflow/example_dags/example_setup_teardown.py took 0.079 seconds
[2024-08-09T13:05:52.357-0400] {processor.py:161} INFO - Started process (PID=20994) to work on /Users/jakeliu/we-defend-truth-1/airflow_env/lib/python3.12/site-packages/airflow/example_dags/example_setup_teardown.py
[2024-08-09T13:05:52.358-0400] {processor.py:830} INFO - Processing file /Users/jakeliu/we-defend-truth-1/airflow_env/lib/python3.12/site-packages/airflow/example_dags/example_setup_teardown.py for tasks to queue
[2024-08-09T13:05:52.358-0400] {logging_mixin.py:188} INFO - [2024-08-09T13:05:52.358-0400] {dagbag.py:545} INFO - Filling up the DagBag from /Users/jakeliu/we-defend-truth-1/airflow_env/lib/python3.12/site-packages/airflow/example_dags/example_setup_teardown.py
[2024-08-09T13:05:52.361-0400] {processor.py:840} INFO - DAG(s) 'example_setup_teardown' retrieved from /Users/jakeliu/we-defend-truth-1/airflow_env/lib/python3.12/site-packages/airflow/example_dags/example_setup_teardown.py
[2024-08-09T13:05:52.392-0400] {logging_mixin.py:188} INFO - [2024-08-09T13:05:52.392-0400] {dag.py:3089} INFO - Sync 1 DAGs
[2024-08-09T13:05:52.398-0400] {logging_mixin.py:188} INFO - [2024-08-09T13:05:52.397-0400] {dag.py:3947} INFO - Setting next_dagrun for example_setup_teardown to 2024-08-08 00:00:00+00:00, run_after=2024-08-09 00:00:00+00:00
[2024-08-09T13:05:52.404-0400] {processor.py:183} INFO - Processing /Users/jakeliu/we-defend-truth-1/airflow_env/lib/python3.12/site-packages/airflow/example_dags/example_setup_teardown.py took 0.048 seconds
[2024-08-09T13:07:38.110-0400] {processor.py:161} INFO - Started process (PID=21143) to work on /Users/jakeliu/we-defend-truth-1/airflow_env/lib/python3.12/site-packages/airflow/example_dags/example_setup_teardown.py
[2024-08-09T13:07:38.111-0400] {processor.py:830} INFO - Processing file /Users/jakeliu/we-defend-truth-1/airflow_env/lib/python3.12/site-packages/airflow/example_dags/example_setup_teardown.py for tasks to queue
[2024-08-09T13:07:38.112-0400] {logging_mixin.py:188} INFO - [2024-08-09T13:07:38.111-0400] {dagbag.py:545} INFO - Filling up the DagBag from /Users/jakeliu/we-defend-truth-1/airflow_env/lib/python3.12/site-packages/airflow/example_dags/example_setup_teardown.py
[2024-08-09T13:07:38.114-0400] {processor.py:840} INFO - DAG(s) 'example_setup_teardown' retrieved from /Users/jakeliu/we-defend-truth-1/airflow_env/lib/python3.12/site-packages/airflow/example_dags/example_setup_teardown.py
[2024-08-09T13:07:38.146-0400] {logging_mixin.py:188} INFO - [2024-08-09T13:07:38.146-0400] {dag.py:3089} INFO - Sync 1 DAGs
[2024-08-09T13:07:38.152-0400] {logging_mixin.py:188} INFO - [2024-08-09T13:07:38.152-0400] {dag.py:3947} INFO - Setting next_dagrun for example_setup_teardown to 2024-08-08 00:00:00+00:00, run_after=2024-08-09 00:00:00+00:00
[2024-08-09T13:07:38.158-0400] {processor.py:183} INFO - Processing /Users/jakeliu/we-defend-truth-1/airflow_env/lib/python3.12/site-packages/airflow/example_dags/example_setup_teardown.py took 0.049 seconds
[2024-08-09T13:09:19.633-0400] {processor.py:161} INFO - Started process (PID=21263) to work on /Users/jakeliu/we-defend-truth-1/airflow_env/lib/python3.12/site-packages/airflow/example_dags/example_setup_teardown.py
[2024-08-09T13:09:19.633-0400] {processor.py:830} INFO - Processing file /Users/jakeliu/we-defend-truth-1/airflow_env/lib/python3.12/site-packages/airflow/example_dags/example_setup_teardown.py for tasks to queue
[2024-08-09T13:09:19.633-0400] {logging_mixin.py:188} INFO - [2024-08-09T13:09:19.633-0400] {dagbag.py:545} INFO - Filling up the DagBag from /Users/jakeliu/we-defend-truth-1/airflow_env/lib/python3.12/site-packages/airflow/example_dags/example_setup_teardown.py
[2024-08-09T13:09:19.638-0400] {processor.py:840} INFO - DAG(s) 'example_setup_teardown' retrieved from /Users/jakeliu/we-defend-truth-1/airflow_env/lib/python3.12/site-packages/airflow/example_dags/example_setup_teardown.py
[2024-08-09T13:09:19.679-0400] {logging_mixin.py:188} INFO - [2024-08-09T13:09:19.679-0400] {dag.py:3089} INFO - Sync 1 DAGs
[2024-08-09T13:09:19.685-0400] {logging_mixin.py:188} INFO - [2024-08-09T13:09:19.685-0400] {dag.py:3947} INFO - Setting next_dagrun for example_setup_teardown to 2024-08-08 00:00:00+00:00, run_after=2024-08-09 00:00:00+00:00
[2024-08-09T13:09:19.691-0400] {processor.py:183} INFO - Processing /Users/jakeliu/we-defend-truth-1/airflow_env/lib/python3.12/site-packages/airflow/example_dags/example_setup_teardown.py took 0.060 seconds
[2024-08-09T13:11:01.400-0400] {processor.py:161} INFO - Started process (PID=21367) to work on /Users/jakeliu/we-defend-truth-1/airflow_env/lib/python3.12/site-packages/airflow/example_dags/example_setup_teardown.py
[2024-08-09T13:11:01.401-0400] {processor.py:830} INFO - Processing file /Users/jakeliu/we-defend-truth-1/airflow_env/lib/python3.12/site-packages/airflow/example_dags/example_setup_teardown.py for tasks to queue
[2024-08-09T13:11:01.401-0400] {logging_mixin.py:188} INFO - [2024-08-09T13:11:01.401-0400] {dagbag.py:545} INFO - Filling up the DagBag from /Users/jakeliu/we-defend-truth-1/airflow_env/lib/python3.12/site-packages/airflow/example_dags/example_setup_teardown.py
[2024-08-09T13:11:01.404-0400] {processor.py:840} INFO - DAG(s) 'example_setup_teardown' retrieved from /Users/jakeliu/we-defend-truth-1/airflow_env/lib/python3.12/site-packages/airflow/example_dags/example_setup_teardown.py
[2024-08-09T13:11:01.435-0400] {logging_mixin.py:188} INFO - [2024-08-09T13:11:01.435-0400] {dag.py:3089} INFO - Sync 1 DAGs
[2024-08-09T13:11:01.440-0400] {logging_mixin.py:188} INFO - [2024-08-09T13:11:01.440-0400] {dag.py:3947} INFO - Setting next_dagrun for example_setup_teardown to 2024-08-08 00:00:00+00:00, run_after=2024-08-09 00:00:00+00:00
[2024-08-09T13:11:01.446-0400] {processor.py:183} INFO - Processing /Users/jakeliu/we-defend-truth-1/airflow_env/lib/python3.12/site-packages/airflow/example_dags/example_setup_teardown.py took 0.047 seconds
[2024-08-09T13:12:47.798-0400] {processor.py:161} INFO - Started process (PID=21471) to work on /Users/jakeliu/we-defend-truth-1/airflow_env/lib/python3.12/site-packages/airflow/example_dags/example_setup_teardown.py
[2024-08-09T13:12:47.799-0400] {processor.py:830} INFO - Processing file /Users/jakeliu/we-defend-truth-1/airflow_env/lib/python3.12/site-packages/airflow/example_dags/example_setup_teardown.py for tasks to queue
[2024-08-09T13:12:47.799-0400] {logging_mixin.py:188} INFO - [2024-08-09T13:12:47.799-0400] {dagbag.py:545} INFO - Filling up the DagBag from /Users/jakeliu/we-defend-truth-1/airflow_env/lib/python3.12/site-packages/airflow/example_dags/example_setup_teardown.py
[2024-08-09T13:12:47.802-0400] {processor.py:840} INFO - DAG(s) 'example_setup_teardown' retrieved from /Users/jakeliu/we-defend-truth-1/airflow_env/lib/python3.12/site-packages/airflow/example_dags/example_setup_teardown.py
[2024-08-09T13:12:47.833-0400] {logging_mixin.py:188} INFO - [2024-08-09T13:12:47.833-0400] {dag.py:3089} INFO - Sync 1 DAGs
[2024-08-09T13:12:47.838-0400] {logging_mixin.py:188} INFO - [2024-08-09T13:12:47.838-0400] {dag.py:3947} INFO - Setting next_dagrun for example_setup_teardown to 2024-08-08 00:00:00+00:00, run_after=2024-08-09 00:00:00+00:00
[2024-08-09T13:12:47.844-0400] {processor.py:183} INFO - Processing /Users/jakeliu/we-defend-truth-1/airflow_env/lib/python3.12/site-packages/airflow/example_dags/example_setup_teardown.py took 0.047 seconds
[2024-08-09T13:14:45.434-0400] {processor.py:161} INFO - Started process (PID=21575) to work on /Users/jakeliu/we-defend-truth-1/airflow_env/lib/python3.12/site-packages/airflow/example_dags/example_setup_teardown.py
[2024-08-09T13:14:45.435-0400] {processor.py:830} INFO - Processing file /Users/jakeliu/we-defend-truth-1/airflow_env/lib/python3.12/site-packages/airflow/example_dags/example_setup_teardown.py for tasks to queue
[2024-08-09T13:14:45.435-0400] {logging_mixin.py:188} INFO - [2024-08-09T13:14:45.435-0400] {dagbag.py:545} INFO - Filling up the DagBag from /Users/jakeliu/we-defend-truth-1/airflow_env/lib/python3.12/site-packages/airflow/example_dags/example_setup_teardown.py
[2024-08-09T13:14:45.438-0400] {processor.py:840} INFO - DAG(s) 'example_setup_teardown' retrieved from /Users/jakeliu/we-defend-truth-1/airflow_env/lib/python3.12/site-packages/airflow/example_dags/example_setup_teardown.py
[2024-08-09T13:14:45.469-0400] {logging_mixin.py:188} INFO - [2024-08-09T13:14:45.468-0400] {dag.py:3089} INFO - Sync 1 DAGs
[2024-08-09T13:14:45.474-0400] {logging_mixin.py:188} INFO - [2024-08-09T13:14:45.474-0400] {dag.py:3947} INFO - Setting next_dagrun for example_setup_teardown to 2024-08-08 00:00:00+00:00, run_after=2024-08-09 00:00:00+00:00
[2024-08-09T13:14:45.480-0400] {processor.py:183} INFO - Processing /Users/jakeliu/we-defend-truth-1/airflow_env/lib/python3.12/site-packages/airflow/example_dags/example_setup_teardown.py took 0.047 seconds
[2024-08-09T13:16:42.186-0400] {processor.py:161} INFO - Started process (PID=21685) to work on /Users/jakeliu/we-defend-truth-1/airflow_env/lib/python3.12/site-packages/airflow/example_dags/example_setup_teardown.py
[2024-08-09T13:16:42.186-0400] {processor.py:830} INFO - Processing file /Users/jakeliu/we-defend-truth-1/airflow_env/lib/python3.12/site-packages/airflow/example_dags/example_setup_teardown.py for tasks to queue
[2024-08-09T13:16:42.187-0400] {logging_mixin.py:188} INFO - [2024-08-09T13:16:42.187-0400] {dagbag.py:545} INFO - Filling up the DagBag from /Users/jakeliu/we-defend-truth-1/airflow_env/lib/python3.12/site-packages/airflow/example_dags/example_setup_teardown.py
[2024-08-09T13:16:42.190-0400] {processor.py:840} INFO - DAG(s) 'example_setup_teardown' retrieved from /Users/jakeliu/we-defend-truth-1/airflow_env/lib/python3.12/site-packages/airflow/example_dags/example_setup_teardown.py
[2024-08-09T13:16:42.221-0400] {logging_mixin.py:188} INFO - [2024-08-09T13:16:42.221-0400] {dag.py:3089} INFO - Sync 1 DAGs
[2024-08-09T13:16:42.226-0400] {logging_mixin.py:188} INFO - [2024-08-09T13:16:42.226-0400] {dag.py:3947} INFO - Setting next_dagrun for example_setup_teardown to 2024-08-08 00:00:00+00:00, run_after=2024-08-09 00:00:00+00:00
[2024-08-09T13:16:42.232-0400] {processor.py:183} INFO - Processing /Users/jakeliu/we-defend-truth-1/airflow_env/lib/python3.12/site-packages/airflow/example_dags/example_setup_teardown.py took 0.047 seconds
[2024-08-09T13:18:24.101-0400] {processor.py:161} INFO - Started process (PID=21860) to work on /Users/jakeliu/we-defend-truth-1/airflow_env/lib/python3.12/site-packages/airflow/example_dags/example_setup_teardown.py
[2024-08-09T13:18:24.102-0400] {processor.py:830} INFO - Processing file /Users/jakeliu/we-defend-truth-1/airflow_env/lib/python3.12/site-packages/airflow/example_dags/example_setup_teardown.py for tasks to queue
[2024-08-09T13:18:24.103-0400] {logging_mixin.py:188} INFO - [2024-08-09T13:18:24.103-0400] {dagbag.py:545} INFO - Filling up the DagBag from /Users/jakeliu/we-defend-truth-1/airflow_env/lib/python3.12/site-packages/airflow/example_dags/example_setup_teardown.py
[2024-08-09T13:18:24.106-0400] {processor.py:840} INFO - DAG(s) 'example_setup_teardown' retrieved from /Users/jakeliu/we-defend-truth-1/airflow_env/lib/python3.12/site-packages/airflow/example_dags/example_setup_teardown.py
[2024-08-09T13:18:24.137-0400] {logging_mixin.py:188} INFO - [2024-08-09T13:18:24.137-0400] {dag.py:3089} INFO - Sync 1 DAGs
[2024-08-09T13:18:24.142-0400] {logging_mixin.py:188} INFO - [2024-08-09T13:18:24.142-0400] {dag.py:3947} INFO - Setting next_dagrun for example_setup_teardown to 2024-08-08 00:00:00+00:00, run_after=2024-08-09 00:00:00+00:00
[2024-08-09T13:18:24.148-0400] {processor.py:183} INFO - Processing /Users/jakeliu/we-defend-truth-1/airflow_env/lib/python3.12/site-packages/airflow/example_dags/example_setup_teardown.py took 0.048 seconds
[2024-08-09T13:20:07.899-0400] {processor.py:161} INFO - Started process (PID=21972) to work on /Users/jakeliu/we-defend-truth-1/airflow_env/lib/python3.12/site-packages/airflow/example_dags/example_setup_teardown.py
[2024-08-09T13:20:07.900-0400] {processor.py:830} INFO - Processing file /Users/jakeliu/we-defend-truth-1/airflow_env/lib/python3.12/site-packages/airflow/example_dags/example_setup_teardown.py for tasks to queue
[2024-08-09T13:20:07.900-0400] {logging_mixin.py:188} INFO - [2024-08-09T13:20:07.900-0400] {dagbag.py:545} INFO - Filling up the DagBag from /Users/jakeliu/we-defend-truth-1/airflow_env/lib/python3.12/site-packages/airflow/example_dags/example_setup_teardown.py
[2024-08-09T13:20:07.903-0400] {processor.py:840} INFO - DAG(s) 'example_setup_teardown' retrieved from /Users/jakeliu/we-defend-truth-1/airflow_env/lib/python3.12/site-packages/airflow/example_dags/example_setup_teardown.py
[2024-08-09T13:20:07.935-0400] {logging_mixin.py:188} INFO - [2024-08-09T13:20:07.935-0400] {dag.py:3089} INFO - Sync 1 DAGs
[2024-08-09T13:20:07.940-0400] {logging_mixin.py:188} INFO - [2024-08-09T13:20:07.940-0400] {dag.py:3947} INFO - Setting next_dagrun for example_setup_teardown to 2024-08-08 00:00:00+00:00, run_after=2024-08-09 00:00:00+00:00
[2024-08-09T13:20:07.947-0400] {processor.py:183} INFO - Processing /Users/jakeliu/we-defend-truth-1/airflow_env/lib/python3.12/site-packages/airflow/example_dags/example_setup_teardown.py took 0.049 seconds
[2024-08-09T13:21:49.703-0400] {processor.py:161} INFO - Started process (PID=22606) to work on /Users/jakeliu/we-defend-truth-1/airflow_env/lib/python3.12/site-packages/airflow/example_dags/example_setup_teardown.py
[2024-08-09T13:21:49.703-0400] {processor.py:830} INFO - Processing file /Users/jakeliu/we-defend-truth-1/airflow_env/lib/python3.12/site-packages/airflow/example_dags/example_setup_teardown.py for tasks to queue
[2024-08-09T13:21:49.704-0400] {logging_mixin.py:188} INFO - [2024-08-09T13:21:49.703-0400] {dagbag.py:545} INFO - Filling up the DagBag from /Users/jakeliu/we-defend-truth-1/airflow_env/lib/python3.12/site-packages/airflow/example_dags/example_setup_teardown.py
[2024-08-09T13:21:49.706-0400] {processor.py:840} INFO - DAG(s) 'example_setup_teardown' retrieved from /Users/jakeliu/we-defend-truth-1/airflow_env/lib/python3.12/site-packages/airflow/example_dags/example_setup_teardown.py
[2024-08-09T13:21:49.738-0400] {logging_mixin.py:188} INFO - [2024-08-09T13:21:49.738-0400] {dag.py:3089} INFO - Sync 1 DAGs
[2024-08-09T13:21:49.744-0400] {logging_mixin.py:188} INFO - [2024-08-09T13:21:49.744-0400] {dag.py:3947} INFO - Setting next_dagrun for example_setup_teardown to 2024-08-08 00:00:00+00:00, run_after=2024-08-09 00:00:00+00:00
[2024-08-09T13:21:49.750-0400] {processor.py:183} INFO - Processing /Users/jakeliu/we-defend-truth-1/airflow_env/lib/python3.12/site-packages/airflow/example_dags/example_setup_teardown.py took 0.048 seconds
[2024-08-09T13:23:31.979-0400] {processor.py:161} INFO - Started process (PID=22710) to work on /Users/jakeliu/we-defend-truth-1/airflow_env/lib/python3.12/site-packages/airflow/example_dags/example_setup_teardown.py
[2024-08-09T13:23:31.980-0400] {processor.py:830} INFO - Processing file /Users/jakeliu/we-defend-truth-1/airflow_env/lib/python3.12/site-packages/airflow/example_dags/example_setup_teardown.py for tasks to queue
[2024-08-09T13:23:31.980-0400] {logging_mixin.py:188} INFO - [2024-08-09T13:23:31.980-0400] {dagbag.py:545} INFO - Filling up the DagBag from /Users/jakeliu/we-defend-truth-1/airflow_env/lib/python3.12/site-packages/airflow/example_dags/example_setup_teardown.py
[2024-08-09T13:23:31.983-0400] {processor.py:840} INFO - DAG(s) 'example_setup_teardown' retrieved from /Users/jakeliu/we-defend-truth-1/airflow_env/lib/python3.12/site-packages/airflow/example_dags/example_setup_teardown.py
[2024-08-09T13:23:32.014-0400] {logging_mixin.py:188} INFO - [2024-08-09T13:23:32.014-0400] {dag.py:3089} INFO - Sync 1 DAGs
[2024-08-09T13:23:32.020-0400] {logging_mixin.py:188} INFO - [2024-08-09T13:23:32.020-0400] {dag.py:3947} INFO - Setting next_dagrun for example_setup_teardown to 2024-08-08 00:00:00+00:00, run_after=2024-08-09 00:00:00+00:00
[2024-08-09T13:23:32.026-0400] {processor.py:183} INFO - Processing /Users/jakeliu/we-defend-truth-1/airflow_env/lib/python3.12/site-packages/airflow/example_dags/example_setup_teardown.py took 0.048 seconds
[2024-08-09T13:25:19.102-0400] {processor.py:161} INFO - Started process (PID=22839) to work on /Users/jakeliu/we-defend-truth-1/airflow_env/lib/python3.12/site-packages/airflow/example_dags/example_setup_teardown.py
[2024-08-09T13:25:19.103-0400] {processor.py:830} INFO - Processing file /Users/jakeliu/we-defend-truth-1/airflow_env/lib/python3.12/site-packages/airflow/example_dags/example_setup_teardown.py for tasks to queue
[2024-08-09T13:25:19.103-0400] {logging_mixin.py:188} INFO - [2024-08-09T13:25:19.103-0400] {dagbag.py:545} INFO - Filling up the DagBag from /Users/jakeliu/we-defend-truth-1/airflow_env/lib/python3.12/site-packages/airflow/example_dags/example_setup_teardown.py
[2024-08-09T13:25:19.106-0400] {processor.py:840} INFO - DAG(s) 'example_setup_teardown' retrieved from /Users/jakeliu/we-defend-truth-1/airflow_env/lib/python3.12/site-packages/airflow/example_dags/example_setup_teardown.py
[2024-08-09T13:25:19.177-0400] {logging_mixin.py:188} INFO - [2024-08-09T13:25:19.177-0400] {dag.py:3089} INFO - Sync 1 DAGs
[2024-08-09T13:25:19.184-0400] {logging_mixin.py:188} INFO - [2024-08-09T13:25:19.184-0400] {dag.py:3947} INFO - Setting next_dagrun for example_setup_teardown to 2024-08-08 00:00:00+00:00, run_after=2024-08-09 00:00:00+00:00
[2024-08-09T13:25:19.191-0400] {processor.py:183} INFO - Processing /Users/jakeliu/we-defend-truth-1/airflow_env/lib/python3.12/site-packages/airflow/example_dags/example_setup_teardown.py took 0.090 seconds
[2024-08-09T13:27:16.515-0400] {processor.py:161} INFO - Started process (PID=22951) to work on /Users/jakeliu/we-defend-truth-1/airflow_env/lib/python3.12/site-packages/airflow/example_dags/example_setup_teardown.py
[2024-08-09T13:27:16.516-0400] {processor.py:830} INFO - Processing file /Users/jakeliu/we-defend-truth-1/airflow_env/lib/python3.12/site-packages/airflow/example_dags/example_setup_teardown.py for tasks to queue
[2024-08-09T13:27:16.516-0400] {logging_mixin.py:188} INFO - [2024-08-09T13:27:16.516-0400] {dagbag.py:545} INFO - Filling up the DagBag from /Users/jakeliu/we-defend-truth-1/airflow_env/lib/python3.12/site-packages/airflow/example_dags/example_setup_teardown.py
[2024-08-09T13:27:16.519-0400] {processor.py:840} INFO - DAG(s) 'example_setup_teardown' retrieved from /Users/jakeliu/we-defend-truth-1/airflow_env/lib/python3.12/site-packages/airflow/example_dags/example_setup_teardown.py
[2024-08-09T13:27:16.551-0400] {logging_mixin.py:188} INFO - [2024-08-09T13:27:16.551-0400] {dag.py:3089} INFO - Sync 1 DAGs
[2024-08-09T13:27:16.556-0400] {logging_mixin.py:188} INFO - [2024-08-09T13:27:16.556-0400] {dag.py:3947} INFO - Setting next_dagrun for example_setup_teardown to 2024-08-08 00:00:00+00:00, run_after=2024-08-09 00:00:00+00:00
[2024-08-09T13:27:16.562-0400] {processor.py:183} INFO - Processing /Users/jakeliu/we-defend-truth-1/airflow_env/lib/python3.12/site-packages/airflow/example_dags/example_setup_teardown.py took 0.048 seconds
