[2024-08-09T13:04:15.778-0400] {processor.py:161} INFO - Started process (PID=20897) to work on /Users/jakeliu/we-defend-truth-1/airflow_env/lib/python3.12/site-packages/airflow/example_dags/example_task_group.py
[2024-08-09T13:04:15.778-0400] {processor.py:830} INFO - Processing file /Users/jakeliu/we-defend-truth-1/airflow_env/lib/python3.12/site-packages/airflow/example_dags/example_task_group.py for tasks to queue
[2024-08-09T13:04:15.778-0400] {logging_mixin.py:188} INFO - [2024-08-09T13:04:15.778-0400] {dagbag.py:545} INFO - Filling up the DagBag from /Users/jakeliu/we-defend-truth-1/airflow_env/lib/python3.12/site-packages/airflow/example_dags/example_task_group.py
[2024-08-09T13:04:15.782-0400] {processor.py:840} INFO - DAG(s) 'example_task_group' retrieved from /Users/jakeliu/we-defend-truth-1/airflow_env/lib/python3.12/site-packages/airflow/example_dags/example_task_group.py
[2024-08-09T13:04:15.842-0400] {logging_mixin.py:188} INFO - [2024-08-09T13:04:15.841-0400] {dag.py:3089} INFO - Sync 1 DAGs
[2024-08-09T13:04:15.846-0400] {logging_mixin.py:188} INFO - [2024-08-09T13:04:15.846-0400] {dag.py:3947} INFO - Setting next_dagrun for example_task_group to 2024-08-08 00:00:00+00:00, run_after=2024-08-09 00:00:00+00:00
[2024-08-09T13:04:15.853-0400] {processor.py:183} INFO - Processing /Users/jakeliu/we-defend-truth-1/airflow_env/lib/python3.12/site-packages/airflow/example_dags/example_task_group.py took 0.077 seconds
[2024-08-09T13:05:41.881-0400] {processor.py:161} INFO - Started process (PID=20976) to work on /Users/jakeliu/we-defend-truth-1/airflow_env/lib/python3.12/site-packages/airflow/example_dags/example_task_group.py
[2024-08-09T13:05:41.882-0400] {processor.py:830} INFO - Processing file /Users/jakeliu/we-defend-truth-1/airflow_env/lib/python3.12/site-packages/airflow/example_dags/example_task_group.py for tasks to queue
[2024-08-09T13:05:41.882-0400] {logging_mixin.py:188} INFO - [2024-08-09T13:05:41.882-0400] {dagbag.py:545} INFO - Filling up the DagBag from /Users/jakeliu/we-defend-truth-1/airflow_env/lib/python3.12/site-packages/airflow/example_dags/example_task_group.py
[2024-08-09T13:05:41.886-0400] {processor.py:840} INFO - DAG(s) 'example_task_group' retrieved from /Users/jakeliu/we-defend-truth-1/airflow_env/lib/python3.12/site-packages/airflow/example_dags/example_task_group.py
[2024-08-09T13:05:41.918-0400] {logging_mixin.py:188} INFO - [2024-08-09T13:05:41.917-0400] {dag.py:3089} INFO - Sync 1 DAGs
[2024-08-09T13:05:41.923-0400] {logging_mixin.py:188} INFO - [2024-08-09T13:05:41.923-0400] {dag.py:3947} INFO - Setting next_dagrun for example_task_group to 2024-08-08 00:00:00+00:00, run_after=2024-08-09 00:00:00+00:00
[2024-08-09T13:05:41.929-0400] {processor.py:183} INFO - Processing /Users/jakeliu/we-defend-truth-1/airflow_env/lib/python3.12/site-packages/airflow/example_dags/example_task_group.py took 0.049 seconds
[2024-08-09T13:07:26.031-0400] {processor.py:161} INFO - Started process (PID=21121) to work on /Users/jakeliu/we-defend-truth-1/airflow_env/lib/python3.12/site-packages/airflow/example_dags/example_task_group.py
[2024-08-09T13:07:26.032-0400] {processor.py:830} INFO - Processing file /Users/jakeliu/we-defend-truth-1/airflow_env/lib/python3.12/site-packages/airflow/example_dags/example_task_group.py for tasks to queue
[2024-08-09T13:07:26.032-0400] {logging_mixin.py:188} INFO - [2024-08-09T13:07:26.032-0400] {dagbag.py:545} INFO - Filling up the DagBag from /Users/jakeliu/we-defend-truth-1/airflow_env/lib/python3.12/site-packages/airflow/example_dags/example_task_group.py
[2024-08-09T13:07:26.036-0400] {processor.py:840} INFO - DAG(s) 'example_task_group' retrieved from /Users/jakeliu/we-defend-truth-1/airflow_env/lib/python3.12/site-packages/airflow/example_dags/example_task_group.py
[2024-08-09T13:07:26.068-0400] {logging_mixin.py:188} INFO - [2024-08-09T13:07:26.068-0400] {dag.py:3089} INFO - Sync 1 DAGs
[2024-08-09T13:07:26.074-0400] {logging_mixin.py:188} INFO - [2024-08-09T13:07:26.074-0400] {dag.py:3947} INFO - Setting next_dagrun for example_task_group to 2024-08-08 00:00:00+00:00, run_after=2024-08-09 00:00:00+00:00
[2024-08-09T13:07:26.080-0400] {processor.py:183} INFO - Processing /Users/jakeliu/we-defend-truth-1/airflow_env/lib/python3.12/site-packages/airflow/example_dags/example_task_group.py took 0.050 seconds
[2024-08-09T13:09:08.073-0400] {processor.py:161} INFO - Started process (PID=21243) to work on /Users/jakeliu/we-defend-truth-1/airflow_env/lib/python3.12/site-packages/airflow/example_dags/example_task_group.py
[2024-08-09T13:09:08.073-0400] {processor.py:830} INFO - Processing file /Users/jakeliu/we-defend-truth-1/airflow_env/lib/python3.12/site-packages/airflow/example_dags/example_task_group.py for tasks to queue
[2024-08-09T13:09:08.073-0400] {logging_mixin.py:188} INFO - [2024-08-09T13:09:08.073-0400] {dagbag.py:545} INFO - Filling up the DagBag from /Users/jakeliu/we-defend-truth-1/airflow_env/lib/python3.12/site-packages/airflow/example_dags/example_task_group.py
[2024-08-09T13:09:08.077-0400] {processor.py:840} INFO - DAG(s) 'example_task_group' retrieved from /Users/jakeliu/we-defend-truth-1/airflow_env/lib/python3.12/site-packages/airflow/example_dags/example_task_group.py
[2024-08-09T13:09:08.112-0400] {logging_mixin.py:188} INFO - [2024-08-09T13:09:08.112-0400] {dag.py:3089} INFO - Sync 1 DAGs
[2024-08-09T13:09:08.119-0400] {logging_mixin.py:188} INFO - [2024-08-09T13:09:08.119-0400] {dag.py:3947} INFO - Setting next_dagrun for example_task_group to 2024-08-08 00:00:00+00:00, run_after=2024-08-09 00:00:00+00:00
[2024-08-09T13:09:08.126-0400] {processor.py:183} INFO - Processing /Users/jakeliu/we-defend-truth-1/airflow_env/lib/python3.12/site-packages/airflow/example_dags/example_task_group.py took 0.054 seconds
[2024-08-09T13:10:50.691-0400] {processor.py:161} INFO - Started process (PID=21357) to work on /Users/jakeliu/we-defend-truth-1/airflow_env/lib/python3.12/site-packages/airflow/example_dags/example_task_group.py
[2024-08-09T13:10:50.692-0400] {processor.py:830} INFO - Processing file /Users/jakeliu/we-defend-truth-1/airflow_env/lib/python3.12/site-packages/airflow/example_dags/example_task_group.py for tasks to queue
[2024-08-09T13:10:50.692-0400] {logging_mixin.py:188} INFO - [2024-08-09T13:10:50.692-0400] {dagbag.py:545} INFO - Filling up the DagBag from /Users/jakeliu/we-defend-truth-1/airflow_env/lib/python3.12/site-packages/airflow/example_dags/example_task_group.py
[2024-08-09T13:10:50.696-0400] {processor.py:840} INFO - DAG(s) 'example_task_group' retrieved from /Users/jakeliu/we-defend-truth-1/airflow_env/lib/python3.12/site-packages/airflow/example_dags/example_task_group.py
[2024-08-09T13:10:50.729-0400] {logging_mixin.py:188} INFO - [2024-08-09T13:10:50.729-0400] {dag.py:3089} INFO - Sync 1 DAGs
[2024-08-09T13:10:50.735-0400] {logging_mixin.py:188} INFO - [2024-08-09T13:10:50.734-0400] {dag.py:3947} INFO - Setting next_dagrun for example_task_group to 2024-08-08 00:00:00+00:00, run_after=2024-08-09 00:00:00+00:00
[2024-08-09T13:10:50.741-0400] {processor.py:183} INFO - Processing /Users/jakeliu/we-defend-truth-1/airflow_env/lib/python3.12/site-packages/airflow/example_dags/example_task_group.py took 0.051 seconds
[2024-08-09T13:12:35.706-0400] {processor.py:161} INFO - Started process (PID=21463) to work on /Users/jakeliu/we-defend-truth-1/airflow_env/lib/python3.12/site-packages/airflow/example_dags/example_task_group.py
[2024-08-09T13:12:35.707-0400] {processor.py:830} INFO - Processing file /Users/jakeliu/we-defend-truth-1/airflow_env/lib/python3.12/site-packages/airflow/example_dags/example_task_group.py for tasks to queue
[2024-08-09T13:12:35.707-0400] {logging_mixin.py:188} INFO - [2024-08-09T13:12:35.707-0400] {dagbag.py:545} INFO - Filling up the DagBag from /Users/jakeliu/we-defend-truth-1/airflow_env/lib/python3.12/site-packages/airflow/example_dags/example_task_group.py
[2024-08-09T13:12:35.711-0400] {processor.py:840} INFO - DAG(s) 'example_task_group' retrieved from /Users/jakeliu/we-defend-truth-1/airflow_env/lib/python3.12/site-packages/airflow/example_dags/example_task_group.py
[2024-08-09T13:12:35.744-0400] {logging_mixin.py:188} INFO - [2024-08-09T13:12:35.744-0400] {dag.py:3089} INFO - Sync 1 DAGs
[2024-08-09T13:12:35.749-0400] {logging_mixin.py:188} INFO - [2024-08-09T13:12:35.749-0400] {dag.py:3947} INFO - Setting next_dagrun for example_task_group to 2024-08-08 00:00:00+00:00, run_after=2024-08-09 00:00:00+00:00
[2024-08-09T13:12:35.755-0400] {processor.py:183} INFO - Processing /Users/jakeliu/we-defend-truth-1/airflow_env/lib/python3.12/site-packages/airflow/example_dags/example_task_group.py took 0.051 seconds
[2024-08-09T13:13:34.553-0400] {processor.py:161} INFO - Started process (PID=21503) to work on /Users/jakeliu/we-defend-truth-1/airflow_env/lib/python3.12/site-packages/airflow/example_dags/example_task_group.py
[2024-08-09T13:13:34.553-0400] {processor.py:830} INFO - Processing file /Users/jakeliu/we-defend-truth-1/airflow_env/lib/python3.12/site-packages/airflow/example_dags/example_task_group.py for tasks to queue
[2024-08-09T13:13:34.553-0400] {logging_mixin.py:188} INFO - [2024-08-09T13:13:34.553-0400] {dagbag.py:545} INFO - Filling up the DagBag from /Users/jakeliu/we-defend-truth-1/airflow_env/lib/python3.12/site-packages/airflow/example_dags/example_task_group.py
[2024-08-09T13:13:34.557-0400] {processor.py:840} INFO - DAG(s) 'example_task_group' retrieved from /Users/jakeliu/we-defend-truth-1/airflow_env/lib/python3.12/site-packages/airflow/example_dags/example_task_group.py
[2024-08-09T13:13:34.588-0400] {logging_mixin.py:188} INFO - [2024-08-09T13:13:34.588-0400] {dag.py:3089} INFO - Sync 1 DAGs
[2024-08-09T13:13:34.594-0400] {logging_mixin.py:188} INFO - [2024-08-09T13:13:34.594-0400] {dag.py:3947} INFO - Setting next_dagrun for example_task_group to 2024-08-08 00:00:00+00:00, run_after=2024-08-09 00:00:00+00:00
[2024-08-09T13:13:34.600-0400] {processor.py:183} INFO - Processing /Users/jakeliu/we-defend-truth-1/airflow_env/lib/python3.12/site-packages/airflow/example_dags/example_task_group.py took 0.048 seconds
[2024-08-09T13:14:33.360-0400] {processor.py:161} INFO - Started process (PID=21566) to work on /Users/jakeliu/we-defend-truth-1/airflow_env/lib/python3.12/site-packages/airflow/example_dags/example_task_group.py
[2024-08-09T13:14:33.361-0400] {processor.py:830} INFO - Processing file /Users/jakeliu/we-defend-truth-1/airflow_env/lib/python3.12/site-packages/airflow/example_dags/example_task_group.py for tasks to queue
[2024-08-09T13:14:33.362-0400] {logging_mixin.py:188} INFO - [2024-08-09T13:14:33.362-0400] {dagbag.py:545} INFO - Filling up the DagBag from /Users/jakeliu/we-defend-truth-1/airflow_env/lib/python3.12/site-packages/airflow/example_dags/example_task_group.py
[2024-08-09T13:14:33.366-0400] {processor.py:840} INFO - DAG(s) 'example_task_group' retrieved from /Users/jakeliu/we-defend-truth-1/airflow_env/lib/python3.12/site-packages/airflow/example_dags/example_task_group.py
[2024-08-09T13:14:33.397-0400] {logging_mixin.py:188} INFO - [2024-08-09T13:14:33.396-0400] {dag.py:3089} INFO - Sync 1 DAGs
[2024-08-09T13:14:33.402-0400] {logging_mixin.py:188} INFO - [2024-08-09T13:14:33.402-0400] {dag.py:3947} INFO - Setting next_dagrun for example_task_group to 2024-08-08 00:00:00+00:00, run_after=2024-08-09 00:00:00+00:00
[2024-08-09T13:14:33.408-0400] {processor.py:183} INFO - Processing /Users/jakeliu/we-defend-truth-1/airflow_env/lib/python3.12/site-packages/airflow/example_dags/example_task_group.py took 0.049 seconds
[2024-08-09T13:15:31.868-0400] {processor.py:161} INFO - Started process (PID=21618) to work on /Users/jakeliu/we-defend-truth-1/airflow_env/lib/python3.12/site-packages/airflow/example_dags/example_task_group.py
[2024-08-09T13:15:31.870-0400] {processor.py:830} INFO - Processing file /Users/jakeliu/we-defend-truth-1/airflow_env/lib/python3.12/site-packages/airflow/example_dags/example_task_group.py for tasks to queue
[2024-08-09T13:15:31.870-0400] {logging_mixin.py:188} INFO - [2024-08-09T13:15:31.870-0400] {dagbag.py:545} INFO - Filling up the DagBag from /Users/jakeliu/we-defend-truth-1/airflow_env/lib/python3.12/site-packages/airflow/example_dags/example_task_group.py
[2024-08-09T13:15:31.874-0400] {processor.py:840} INFO - DAG(s) 'example_task_group' retrieved from /Users/jakeliu/we-defend-truth-1/airflow_env/lib/python3.12/site-packages/airflow/example_dags/example_task_group.py
[2024-08-09T13:15:31.905-0400] {logging_mixin.py:188} INFO - [2024-08-09T13:15:31.905-0400] {dag.py:3089} INFO - Sync 1 DAGs
[2024-08-09T13:15:31.910-0400] {logging_mixin.py:188} INFO - [2024-08-09T13:15:31.910-0400] {dag.py:3947} INFO - Setting next_dagrun for example_task_group to 2024-08-08 00:00:00+00:00, run_after=2024-08-09 00:00:00+00:00
[2024-08-09T13:15:31.917-0400] {processor.py:183} INFO - Processing /Users/jakeliu/we-defend-truth-1/airflow_env/lib/python3.12/site-packages/airflow/example_dags/example_task_group.py took 0.050 seconds
[2024-08-09T13:16:30.230-0400] {processor.py:161} INFO - Started process (PID=21667) to work on /Users/jakeliu/we-defend-truth-1/airflow_env/lib/python3.12/site-packages/airflow/example_dags/example_task_group.py
[2024-08-09T13:16:30.231-0400] {processor.py:830} INFO - Processing file /Users/jakeliu/we-defend-truth-1/airflow_env/lib/python3.12/site-packages/airflow/example_dags/example_task_group.py for tasks to queue
[2024-08-09T13:16:30.231-0400] {logging_mixin.py:188} INFO - [2024-08-09T13:16:30.231-0400] {dagbag.py:545} INFO - Filling up the DagBag from /Users/jakeliu/we-defend-truth-1/airflow_env/lib/python3.12/site-packages/airflow/example_dags/example_task_group.py
[2024-08-09T13:16:30.237-0400] {processor.py:840} INFO - DAG(s) 'example_task_group' retrieved from /Users/jakeliu/we-defend-truth-1/airflow_env/lib/python3.12/site-packages/airflow/example_dags/example_task_group.py
[2024-08-09T13:16:30.273-0400] {logging_mixin.py:188} INFO - [2024-08-09T13:16:30.273-0400] {dag.py:3089} INFO - Sync 1 DAGs
[2024-08-09T13:16:30.279-0400] {logging_mixin.py:188} INFO - [2024-08-09T13:16:30.279-0400] {dag.py:3947} INFO - Setting next_dagrun for example_task_group to 2024-08-08 00:00:00+00:00, run_after=2024-08-09 00:00:00+00:00
[2024-08-09T13:16:30.286-0400] {processor.py:183} INFO - Processing /Users/jakeliu/we-defend-truth-1/airflow_env/lib/python3.12/site-packages/airflow/example_dags/example_task_group.py took 0.056 seconds
[2024-08-09T13:18:13.036-0400] {processor.py:161} INFO - Started process (PID=21852) to work on /Users/jakeliu/we-defend-truth-1/airflow_env/lib/python3.12/site-packages/airflow/example_dags/example_task_group.py
[2024-08-09T13:18:13.037-0400] {processor.py:830} INFO - Processing file /Users/jakeliu/we-defend-truth-1/airflow_env/lib/python3.12/site-packages/airflow/example_dags/example_task_group.py for tasks to queue
[2024-08-09T13:18:13.037-0400] {logging_mixin.py:188} INFO - [2024-08-09T13:18:13.037-0400] {dagbag.py:545} INFO - Filling up the DagBag from /Users/jakeliu/we-defend-truth-1/airflow_env/lib/python3.12/site-packages/airflow/example_dags/example_task_group.py
[2024-08-09T13:18:13.042-0400] {processor.py:840} INFO - DAG(s) 'example_task_group' retrieved from /Users/jakeliu/we-defend-truth-1/airflow_env/lib/python3.12/site-packages/airflow/example_dags/example_task_group.py
[2024-08-09T13:18:13.073-0400] {logging_mixin.py:188} INFO - [2024-08-09T13:18:13.073-0400] {dag.py:3089} INFO - Sync 1 DAGs
[2024-08-09T13:18:13.079-0400] {logging_mixin.py:188} INFO - [2024-08-09T13:18:13.079-0400] {dag.py:3947} INFO - Setting next_dagrun for example_task_group to 2024-08-08 00:00:00+00:00, run_after=2024-08-09 00:00:00+00:00
[2024-08-09T13:18:13.085-0400] {processor.py:183} INFO - Processing /Users/jakeliu/we-defend-truth-1/airflow_env/lib/python3.12/site-packages/airflow/example_dags/example_task_group.py took 0.050 seconds
[2024-08-09T13:19:57.102-0400] {processor.py:161} INFO - Started process (PID=21940) to work on /Users/jakeliu/we-defend-truth-1/airflow_env/lib/python3.12/site-packages/airflow/example_dags/example_task_group.py
[2024-08-09T13:19:57.103-0400] {processor.py:830} INFO - Processing file /Users/jakeliu/we-defend-truth-1/airflow_env/lib/python3.12/site-packages/airflow/example_dags/example_task_group.py for tasks to queue
[2024-08-09T13:19:57.103-0400] {logging_mixin.py:188} INFO - [2024-08-09T13:19:57.103-0400] {dagbag.py:545} INFO - Filling up the DagBag from /Users/jakeliu/we-defend-truth-1/airflow_env/lib/python3.12/site-packages/airflow/example_dags/example_task_group.py
[2024-08-09T13:19:57.107-0400] {processor.py:840} INFO - DAG(s) 'example_task_group' retrieved from /Users/jakeliu/we-defend-truth-1/airflow_env/lib/python3.12/site-packages/airflow/example_dags/example_task_group.py
[2024-08-09T13:19:57.141-0400] {logging_mixin.py:188} INFO - [2024-08-09T13:19:57.141-0400] {dag.py:3089} INFO - Sync 1 DAGs
[2024-08-09T13:19:57.147-0400] {logging_mixin.py:188} INFO - [2024-08-09T13:19:57.147-0400] {dag.py:3947} INFO - Setting next_dagrun for example_task_group to 2024-08-08 00:00:00+00:00, run_after=2024-08-09 00:00:00+00:00
[2024-08-09T13:19:57.153-0400] {processor.py:183} INFO - Processing /Users/jakeliu/we-defend-truth-1/airflow_env/lib/python3.12/site-packages/airflow/example_dags/example_task_group.py took 0.052 seconds
[2024-08-09T13:21:37.544-0400] {processor.py:161} INFO - Started process (PID=22597) to work on /Users/jakeliu/we-defend-truth-1/airflow_env/lib/python3.12/site-packages/airflow/example_dags/example_task_group.py
[2024-08-09T13:21:37.546-0400] {processor.py:830} INFO - Processing file /Users/jakeliu/we-defend-truth-1/airflow_env/lib/python3.12/site-packages/airflow/example_dags/example_task_group.py for tasks to queue
[2024-08-09T13:21:37.546-0400] {logging_mixin.py:188} INFO - [2024-08-09T13:21:37.546-0400] {dagbag.py:545} INFO - Filling up the DagBag from /Users/jakeliu/we-defend-truth-1/airflow_env/lib/python3.12/site-packages/airflow/example_dags/example_task_group.py
[2024-08-09T13:21:37.551-0400] {processor.py:840} INFO - DAG(s) 'example_task_group' retrieved from /Users/jakeliu/we-defend-truth-1/airflow_env/lib/python3.12/site-packages/airflow/example_dags/example_task_group.py
[2024-08-09T13:21:37.586-0400] {logging_mixin.py:188} INFO - [2024-08-09T13:21:37.586-0400] {dag.py:3089} INFO - Sync 1 DAGs
[2024-08-09T13:21:37.592-0400] {logging_mixin.py:188} INFO - [2024-08-09T13:21:37.592-0400] {dag.py:3947} INFO - Setting next_dagrun for example_task_group to 2024-08-08 00:00:00+00:00, run_after=2024-08-09 00:00:00+00:00
[2024-08-09T13:21:37.598-0400] {processor.py:183} INFO - Processing /Users/jakeliu/we-defend-truth-1/airflow_env/lib/python3.12/site-packages/airflow/example_dags/example_task_group.py took 0.055 seconds
[2024-08-09T13:23:21.106-0400] {processor.py:161} INFO - Started process (PID=22702) to work on /Users/jakeliu/we-defend-truth-1/airflow_env/lib/python3.12/site-packages/airflow/example_dags/example_task_group.py
[2024-08-09T13:23:21.107-0400] {processor.py:830} INFO - Processing file /Users/jakeliu/we-defend-truth-1/airflow_env/lib/python3.12/site-packages/airflow/example_dags/example_task_group.py for tasks to queue
[2024-08-09T13:23:21.108-0400] {logging_mixin.py:188} INFO - [2024-08-09T13:23:21.107-0400] {dagbag.py:545} INFO - Filling up the DagBag from /Users/jakeliu/we-defend-truth-1/airflow_env/lib/python3.12/site-packages/airflow/example_dags/example_task_group.py
[2024-08-09T13:23:21.111-0400] {processor.py:840} INFO - DAG(s) 'example_task_group' retrieved from /Users/jakeliu/we-defend-truth-1/airflow_env/lib/python3.12/site-packages/airflow/example_dags/example_task_group.py
[2024-08-09T13:23:21.143-0400] {logging_mixin.py:188} INFO - [2024-08-09T13:23:21.143-0400] {dag.py:3089} INFO - Sync 1 DAGs
[2024-08-09T13:23:21.149-0400] {logging_mixin.py:188} INFO - [2024-08-09T13:23:21.149-0400] {dag.py:3947} INFO - Setting next_dagrun for example_task_group to 2024-08-08 00:00:00+00:00, run_after=2024-08-09 00:00:00+00:00
[2024-08-09T13:23:21.156-0400] {processor.py:183} INFO - Processing /Users/jakeliu/we-defend-truth-1/airflow_env/lib/python3.12/site-packages/airflow/example_dags/example_task_group.py took 0.051 seconds
[2024-08-09T13:25:06.923-0400] {processor.py:161} INFO - Started process (PID=22828) to work on /Users/jakeliu/we-defend-truth-1/airflow_env/lib/python3.12/site-packages/airflow/example_dags/example_task_group.py
[2024-08-09T13:25:06.924-0400] {processor.py:830} INFO - Processing file /Users/jakeliu/we-defend-truth-1/airflow_env/lib/python3.12/site-packages/airflow/example_dags/example_task_group.py for tasks to queue
[2024-08-09T13:25:06.924-0400] {logging_mixin.py:188} INFO - [2024-08-09T13:25:06.924-0400] {dagbag.py:545} INFO - Filling up the DagBag from /Users/jakeliu/we-defend-truth-1/airflow_env/lib/python3.12/site-packages/airflow/example_dags/example_task_group.py
[2024-08-09T13:25:06.928-0400] {processor.py:840} INFO - DAG(s) 'example_task_group' retrieved from /Users/jakeliu/we-defend-truth-1/airflow_env/lib/python3.12/site-packages/airflow/example_dags/example_task_group.py
[2024-08-09T13:25:06.962-0400] {logging_mixin.py:188} INFO - [2024-08-09T13:25:06.962-0400] {dag.py:3089} INFO - Sync 1 DAGs
[2024-08-09T13:25:06.968-0400] {logging_mixin.py:188} INFO - [2024-08-09T13:25:06.968-0400] {dag.py:3947} INFO - Setting next_dagrun for example_task_group to 2024-08-08 00:00:00+00:00, run_after=2024-08-09 00:00:00+00:00
[2024-08-09T13:25:06.975-0400] {processor.py:183} INFO - Processing /Users/jakeliu/we-defend-truth-1/airflow_env/lib/python3.12/site-packages/airflow/example_dags/example_task_group.py took 0.053 seconds
[2024-08-09T13:26:06.146-0400] {processor.py:161} INFO - Started process (PID=22882) to work on /Users/jakeliu/we-defend-truth-1/airflow_env/lib/python3.12/site-packages/airflow/example_dags/example_task_group.py
[2024-08-09T13:26:06.147-0400] {processor.py:830} INFO - Processing file /Users/jakeliu/we-defend-truth-1/airflow_env/lib/python3.12/site-packages/airflow/example_dags/example_task_group.py for tasks to queue
[2024-08-09T13:26:06.147-0400] {logging_mixin.py:188} INFO - [2024-08-09T13:26:06.147-0400] {dagbag.py:545} INFO - Filling up the DagBag from /Users/jakeliu/we-defend-truth-1/airflow_env/lib/python3.12/site-packages/airflow/example_dags/example_task_group.py
[2024-08-09T13:26:06.151-0400] {processor.py:840} INFO - DAG(s) 'example_task_group' retrieved from /Users/jakeliu/we-defend-truth-1/airflow_env/lib/python3.12/site-packages/airflow/example_dags/example_task_group.py
[2024-08-09T13:26:06.183-0400] {logging_mixin.py:188} INFO - [2024-08-09T13:26:06.183-0400] {dag.py:3089} INFO - Sync 1 DAGs
[2024-08-09T13:26:06.189-0400] {logging_mixin.py:188} INFO - [2024-08-09T13:26:06.189-0400] {dag.py:3947} INFO - Setting next_dagrun for example_task_group to 2024-08-08 00:00:00+00:00, run_after=2024-08-09 00:00:00+00:00
[2024-08-09T13:26:06.195-0400] {processor.py:183} INFO - Processing /Users/jakeliu/we-defend-truth-1/airflow_env/lib/python3.12/site-packages/airflow/example_dags/example_task_group.py took 0.050 seconds
[2024-08-09T13:27:04.513-0400] {processor.py:161} INFO - Started process (PID=22935) to work on /Users/jakeliu/we-defend-truth-1/airflow_env/lib/python3.12/site-packages/airflow/example_dags/example_task_group.py
[2024-08-09T13:27:04.514-0400] {processor.py:830} INFO - Processing file /Users/jakeliu/we-defend-truth-1/airflow_env/lib/python3.12/site-packages/airflow/example_dags/example_task_group.py for tasks to queue
[2024-08-09T13:27:04.514-0400] {logging_mixin.py:188} INFO - [2024-08-09T13:27:04.514-0400] {dagbag.py:545} INFO - Filling up the DagBag from /Users/jakeliu/we-defend-truth-1/airflow_env/lib/python3.12/site-packages/airflow/example_dags/example_task_group.py
[2024-08-09T13:27:04.518-0400] {processor.py:840} INFO - DAG(s) 'example_task_group' retrieved from /Users/jakeliu/we-defend-truth-1/airflow_env/lib/python3.12/site-packages/airflow/example_dags/example_task_group.py
[2024-08-09T13:27:04.549-0400] {logging_mixin.py:188} INFO - [2024-08-09T13:27:04.549-0400] {dag.py:3089} INFO - Sync 1 DAGs
[2024-08-09T13:27:04.554-0400] {logging_mixin.py:188} INFO - [2024-08-09T13:27:04.554-0400] {dag.py:3947} INFO - Setting next_dagrun for example_task_group to 2024-08-08 00:00:00+00:00, run_after=2024-08-09 00:00:00+00:00
[2024-08-09T13:27:04.560-0400] {processor.py:183} INFO - Processing /Users/jakeliu/we-defend-truth-1/airflow_env/lib/python3.12/site-packages/airflow/example_dags/example_task_group.py took 0.048 seconds
