[2024-08-09T13:04:13.992-0400] {processor.py:161} INFO - Started process (PID=20896) to work on /Users/jakeliu/we-defend-truth-1/airflow_env/lib/python3.12/site-packages/airflow/example_dags/example_task_group_decorator.py
[2024-08-09T13:04:13.992-0400] {processor.py:830} INFO - Processing file /Users/jakeliu/we-defend-truth-1/airflow_env/lib/python3.12/site-packages/airflow/example_dags/example_task_group_decorator.py for tasks to queue
[2024-08-09T13:04:13.992-0400] {logging_mixin.py:188} INFO - [2024-08-09T13:04:13.992-0400] {dagbag.py:545} INFO - Filling up the DagBag from /Users/jakeliu/we-defend-truth-1/airflow_env/lib/python3.12/site-packages/airflow/example_dags/example_task_group_decorator.py
[2024-08-09T13:04:14.008-0400] {processor.py:840} INFO - DAG(s) 'example_task_group_decorator' retrieved from /Users/jakeliu/we-defend-truth-1/airflow_env/lib/python3.12/site-packages/airflow/example_dags/example_task_group_decorator.py
[2024-08-09T13:04:14.069-0400] {logging_mixin.py:188} INFO - [2024-08-09T13:04:14.069-0400] {dag.py:3089} INFO - Sync 1 DAGs
[2024-08-09T13:04:14.076-0400] {logging_mixin.py:188} INFO - [2024-08-09T13:04:14.075-0400] {dag.py:3947} INFO - Setting next_dagrun for example_task_group_decorator to 2024-08-08 00:00:00+00:00, run_after=2024-08-09 00:00:00+00:00
[2024-08-09T13:04:14.083-0400] {processor.py:183} INFO - Processing /Users/jakeliu/we-defend-truth-1/airflow_env/lib/python3.12/site-packages/airflow/example_dags/example_task_group_decorator.py took 0.092 seconds
[2024-08-09T13:05:40.116-0400] {processor.py:161} INFO - Started process (PID=20975) to work on /Users/jakeliu/we-defend-truth-1/airflow_env/lib/python3.12/site-packages/airflow/example_dags/example_task_group_decorator.py
[2024-08-09T13:05:40.117-0400] {processor.py:830} INFO - Processing file /Users/jakeliu/we-defend-truth-1/airflow_env/lib/python3.12/site-packages/airflow/example_dags/example_task_group_decorator.py for tasks to queue
[2024-08-09T13:05:40.117-0400] {logging_mixin.py:188} INFO - [2024-08-09T13:05:40.117-0400] {dagbag.py:545} INFO - Filling up the DagBag from /Users/jakeliu/we-defend-truth-1/airflow_env/lib/python3.12/site-packages/airflow/example_dags/example_task_group_decorator.py
[2024-08-09T13:05:40.134-0400] {processor.py:840} INFO - DAG(s) 'example_task_group_decorator' retrieved from /Users/jakeliu/we-defend-truth-1/airflow_env/lib/python3.12/site-packages/airflow/example_dags/example_task_group_decorator.py
[2024-08-09T13:05:40.168-0400] {logging_mixin.py:188} INFO - [2024-08-09T13:05:40.167-0400] {dag.py:3089} INFO - Sync 1 DAGs
[2024-08-09T13:05:40.173-0400] {logging_mixin.py:188} INFO - [2024-08-09T13:05:40.173-0400] {dag.py:3947} INFO - Setting next_dagrun for example_task_group_decorator to 2024-08-08 00:00:00+00:00, run_after=2024-08-09 00:00:00+00:00
[2024-08-09T13:05:40.180-0400] {processor.py:183} INFO - Processing /Users/jakeliu/we-defend-truth-1/airflow_env/lib/python3.12/site-packages/airflow/example_dags/example_task_group_decorator.py took 0.065 seconds
[2024-08-09T13:07:24.323-0400] {processor.py:161} INFO - Started process (PID=21118) to work on /Users/jakeliu/we-defend-truth-1/airflow_env/lib/python3.12/site-packages/airflow/example_dags/example_task_group_decorator.py
[2024-08-09T13:07:24.325-0400] {processor.py:830} INFO - Processing file /Users/jakeliu/we-defend-truth-1/airflow_env/lib/python3.12/site-packages/airflow/example_dags/example_task_group_decorator.py for tasks to queue
[2024-08-09T13:07:24.325-0400] {logging_mixin.py:188} INFO - [2024-08-09T13:07:24.325-0400] {dagbag.py:545} INFO - Filling up the DagBag from /Users/jakeliu/we-defend-truth-1/airflow_env/lib/python3.12/site-packages/airflow/example_dags/example_task_group_decorator.py
[2024-08-09T13:07:24.341-0400] {processor.py:840} INFO - DAG(s) 'example_task_group_decorator' retrieved from /Users/jakeliu/we-defend-truth-1/airflow_env/lib/python3.12/site-packages/airflow/example_dags/example_task_group_decorator.py
[2024-08-09T13:07:24.372-0400] {logging_mixin.py:188} INFO - [2024-08-09T13:07:24.372-0400] {dag.py:3089} INFO - Sync 1 DAGs
[2024-08-09T13:07:24.377-0400] {logging_mixin.py:188} INFO - [2024-08-09T13:07:24.377-0400] {dag.py:3947} INFO - Setting next_dagrun for example_task_group_decorator to 2024-08-08 00:00:00+00:00, run_after=2024-08-09 00:00:00+00:00
[2024-08-09T13:07:24.384-0400] {processor.py:183} INFO - Processing /Users/jakeliu/we-defend-truth-1/airflow_env/lib/python3.12/site-packages/airflow/example_dags/example_task_group_decorator.py took 0.061 seconds
[2024-08-09T13:09:06.316-0400] {processor.py:161} INFO - Started process (PID=21242) to work on /Users/jakeliu/we-defend-truth-1/airflow_env/lib/python3.12/site-packages/airflow/example_dags/example_task_group_decorator.py
[2024-08-09T13:09:06.317-0400] {processor.py:830} INFO - Processing file /Users/jakeliu/we-defend-truth-1/airflow_env/lib/python3.12/site-packages/airflow/example_dags/example_task_group_decorator.py for tasks to queue
[2024-08-09T13:09:06.317-0400] {logging_mixin.py:188} INFO - [2024-08-09T13:09:06.317-0400] {dagbag.py:545} INFO - Filling up the DagBag from /Users/jakeliu/we-defend-truth-1/airflow_env/lib/python3.12/site-packages/airflow/example_dags/example_task_group_decorator.py
[2024-08-09T13:09:06.333-0400] {processor.py:840} INFO - DAG(s) 'example_task_group_decorator' retrieved from /Users/jakeliu/we-defend-truth-1/airflow_env/lib/python3.12/site-packages/airflow/example_dags/example_task_group_decorator.py
[2024-08-09T13:09:06.365-0400] {logging_mixin.py:188} INFO - [2024-08-09T13:09:06.365-0400] {dag.py:3089} INFO - Sync 1 DAGs
[2024-08-09T13:09:06.370-0400] {logging_mixin.py:188} INFO - [2024-08-09T13:09:06.370-0400] {dag.py:3947} INFO - Setting next_dagrun for example_task_group_decorator to 2024-08-08 00:00:00+00:00, run_after=2024-08-09 00:00:00+00:00
[2024-08-09T13:09:06.376-0400] {processor.py:183} INFO - Processing /Users/jakeliu/we-defend-truth-1/airflow_env/lib/python3.12/site-packages/airflow/example_dags/example_task_group_decorator.py took 0.061 seconds
[2024-08-09T13:10:48.963-0400] {processor.py:161} INFO - Started process (PID=21356) to work on /Users/jakeliu/we-defend-truth-1/airflow_env/lib/python3.12/site-packages/airflow/example_dags/example_task_group_decorator.py
[2024-08-09T13:10:48.963-0400] {processor.py:830} INFO - Processing file /Users/jakeliu/we-defend-truth-1/airflow_env/lib/python3.12/site-packages/airflow/example_dags/example_task_group_decorator.py for tasks to queue
[2024-08-09T13:10:48.964-0400] {logging_mixin.py:188} INFO - [2024-08-09T13:10:48.963-0400] {dagbag.py:545} INFO - Filling up the DagBag from /Users/jakeliu/we-defend-truth-1/airflow_env/lib/python3.12/site-packages/airflow/example_dags/example_task_group_decorator.py
[2024-08-09T13:10:48.980-0400] {processor.py:840} INFO - DAG(s) 'example_task_group_decorator' retrieved from /Users/jakeliu/we-defend-truth-1/airflow_env/lib/python3.12/site-packages/airflow/example_dags/example_task_group_decorator.py
[2024-08-09T13:10:49.012-0400] {logging_mixin.py:188} INFO - [2024-08-09T13:10:49.012-0400] {dag.py:3089} INFO - Sync 1 DAGs
[2024-08-09T13:10:49.018-0400] {logging_mixin.py:188} INFO - [2024-08-09T13:10:49.017-0400] {dag.py:3947} INFO - Setting next_dagrun for example_task_group_decorator to 2024-08-08 00:00:00+00:00, run_after=2024-08-09 00:00:00+00:00
[2024-08-09T13:10:49.024-0400] {processor.py:183} INFO - Processing /Users/jakeliu/we-defend-truth-1/airflow_env/lib/python3.12/site-packages/airflow/example_dags/example_task_group_decorator.py took 0.063 seconds
[2024-08-09T13:11:42.942-0400] {processor.py:161} INFO - Started process (PID=21406) to work on /Users/jakeliu/we-defend-truth-1/airflow_env/lib/python3.12/site-packages/airflow/example_dags/example_task_group_decorator.py
[2024-08-09T13:11:42.943-0400] {processor.py:830} INFO - Processing file /Users/jakeliu/we-defend-truth-1/airflow_env/lib/python3.12/site-packages/airflow/example_dags/example_task_group_decorator.py for tasks to queue
[2024-08-09T13:11:42.943-0400] {logging_mixin.py:188} INFO - [2024-08-09T13:11:42.943-0400] {dagbag.py:545} INFO - Filling up the DagBag from /Users/jakeliu/we-defend-truth-1/airflow_env/lib/python3.12/site-packages/airflow/example_dags/example_task_group_decorator.py
[2024-08-09T13:11:42.962-0400] {processor.py:840} INFO - DAG(s) 'example_task_group_decorator' retrieved from /Users/jakeliu/we-defend-truth-1/airflow_env/lib/python3.12/site-packages/airflow/example_dags/example_task_group_decorator.py
[2024-08-09T13:11:42.997-0400] {logging_mixin.py:188} INFO - [2024-08-09T13:11:42.997-0400] {dag.py:3089} INFO - Sync 1 DAGs
[2024-08-09T13:11:43.003-0400] {logging_mixin.py:188} INFO - [2024-08-09T13:11:43.003-0400] {dag.py:3947} INFO - Setting next_dagrun for example_task_group_decorator to 2024-08-08 00:00:00+00:00, run_after=2024-08-09 00:00:00+00:00
[2024-08-09T13:11:43.011-0400] {processor.py:183} INFO - Processing /Users/jakeliu/we-defend-truth-1/airflow_env/lib/python3.12/site-packages/airflow/example_dags/example_task_group_decorator.py took 0.070 seconds
[2024-08-09T13:13:32.821-0400] {processor.py:161} INFO - Started process (PID=21502) to work on /Users/jakeliu/we-defend-truth-1/airflow_env/lib/python3.12/site-packages/airflow/example_dags/example_task_group_decorator.py
[2024-08-09T13:13:32.823-0400] {processor.py:830} INFO - Processing file /Users/jakeliu/we-defend-truth-1/airflow_env/lib/python3.12/site-packages/airflow/example_dags/example_task_group_decorator.py for tasks to queue
[2024-08-09T13:13:32.823-0400] {logging_mixin.py:188} INFO - [2024-08-09T13:13:32.823-0400] {dagbag.py:545} INFO - Filling up the DagBag from /Users/jakeliu/we-defend-truth-1/airflow_env/lib/python3.12/site-packages/airflow/example_dags/example_task_group_decorator.py
[2024-08-09T13:13:32.839-0400] {processor.py:840} INFO - DAG(s) 'example_task_group_decorator' retrieved from /Users/jakeliu/we-defend-truth-1/airflow_env/lib/python3.12/site-packages/airflow/example_dags/example_task_group_decorator.py
[2024-08-09T13:13:32.873-0400] {logging_mixin.py:188} INFO - [2024-08-09T13:13:32.873-0400] {dag.py:3089} INFO - Sync 1 DAGs
[2024-08-09T13:13:32.879-0400] {logging_mixin.py:188} INFO - [2024-08-09T13:13:32.879-0400] {dag.py:3947} INFO - Setting next_dagrun for example_task_group_decorator to 2024-08-08 00:00:00+00:00, run_after=2024-08-09 00:00:00+00:00
[2024-08-09T13:13:32.886-0400] {processor.py:183} INFO - Processing /Users/jakeliu/we-defend-truth-1/airflow_env/lib/python3.12/site-packages/airflow/example_dags/example_task_group_decorator.py took 0.065 seconds
[2024-08-09T13:14:31.640-0400] {processor.py:161} INFO - Started process (PID=21565) to work on /Users/jakeliu/we-defend-truth-1/airflow_env/lib/python3.12/site-packages/airflow/example_dags/example_task_group_decorator.py
[2024-08-09T13:14:31.641-0400] {processor.py:830} INFO - Processing file /Users/jakeliu/we-defend-truth-1/airflow_env/lib/python3.12/site-packages/airflow/example_dags/example_task_group_decorator.py for tasks to queue
[2024-08-09T13:14:31.641-0400] {logging_mixin.py:188} INFO - [2024-08-09T13:14:31.641-0400] {dagbag.py:545} INFO - Filling up the DagBag from /Users/jakeliu/we-defend-truth-1/airflow_env/lib/python3.12/site-packages/airflow/example_dags/example_task_group_decorator.py
[2024-08-09T13:14:31.657-0400] {processor.py:840} INFO - DAG(s) 'example_task_group_decorator' retrieved from /Users/jakeliu/we-defend-truth-1/airflow_env/lib/python3.12/site-packages/airflow/example_dags/example_task_group_decorator.py
[2024-08-09T13:14:31.690-0400] {logging_mixin.py:188} INFO - [2024-08-09T13:14:31.690-0400] {dag.py:3089} INFO - Sync 1 DAGs
[2024-08-09T13:14:31.695-0400] {logging_mixin.py:188} INFO - [2024-08-09T13:14:31.695-0400] {dag.py:3947} INFO - Setting next_dagrun for example_task_group_decorator to 2024-08-08 00:00:00+00:00, run_after=2024-08-09 00:00:00+00:00
[2024-08-09T13:14:31.702-0400] {processor.py:183} INFO - Processing /Users/jakeliu/we-defend-truth-1/airflow_env/lib/python3.12/site-packages/airflow/example_dags/example_task_group_decorator.py took 0.062 seconds
[2024-08-09T13:15:30.079-0400] {processor.py:161} INFO - Started process (PID=21617) to work on /Users/jakeliu/we-defend-truth-1/airflow_env/lib/python3.12/site-packages/airflow/example_dags/example_task_group_decorator.py
[2024-08-09T13:15:30.080-0400] {processor.py:830} INFO - Processing file /Users/jakeliu/we-defend-truth-1/airflow_env/lib/python3.12/site-packages/airflow/example_dags/example_task_group_decorator.py for tasks to queue
[2024-08-09T13:15:30.081-0400] {logging_mixin.py:188} INFO - [2024-08-09T13:15:30.081-0400] {dagbag.py:545} INFO - Filling up the DagBag from /Users/jakeliu/we-defend-truth-1/airflow_env/lib/python3.12/site-packages/airflow/example_dags/example_task_group_decorator.py
[2024-08-09T13:15:30.097-0400] {processor.py:840} INFO - DAG(s) 'example_task_group_decorator' retrieved from /Users/jakeliu/we-defend-truth-1/airflow_env/lib/python3.12/site-packages/airflow/example_dags/example_task_group_decorator.py
[2024-08-09T13:15:30.135-0400] {logging_mixin.py:188} INFO - [2024-08-09T13:15:30.134-0400] {dag.py:3089} INFO - Sync 1 DAGs
[2024-08-09T13:15:30.147-0400] {logging_mixin.py:188} INFO - [2024-08-09T13:15:30.147-0400] {dag.py:3947} INFO - Setting next_dagrun for example_task_group_decorator to 2024-08-08 00:00:00+00:00, run_after=2024-08-09 00:00:00+00:00
[2024-08-09T13:15:30.157-0400] {processor.py:183} INFO - Processing /Users/jakeliu/we-defend-truth-1/airflow_env/lib/python3.12/site-packages/airflow/example_dags/example_task_group_decorator.py took 0.079 seconds
[2024-08-09T13:16:28.504-0400] {processor.py:161} INFO - Started process (PID=21664) to work on /Users/jakeliu/we-defend-truth-1/airflow_env/lib/python3.12/site-packages/airflow/example_dags/example_task_group_decorator.py
[2024-08-09T13:16:28.504-0400] {processor.py:830} INFO - Processing file /Users/jakeliu/we-defend-truth-1/airflow_env/lib/python3.12/site-packages/airflow/example_dags/example_task_group_decorator.py for tasks to queue
[2024-08-09T13:16:28.505-0400] {logging_mixin.py:188} INFO - [2024-08-09T13:16:28.505-0400] {dagbag.py:545} INFO - Filling up the DagBag from /Users/jakeliu/we-defend-truth-1/airflow_env/lib/python3.12/site-packages/airflow/example_dags/example_task_group_decorator.py
[2024-08-09T13:16:28.521-0400] {processor.py:840} INFO - DAG(s) 'example_task_group_decorator' retrieved from /Users/jakeliu/we-defend-truth-1/airflow_env/lib/python3.12/site-packages/airflow/example_dags/example_task_group_decorator.py
[2024-08-09T13:16:28.551-0400] {logging_mixin.py:188} INFO - [2024-08-09T13:16:28.551-0400] {dag.py:3089} INFO - Sync 1 DAGs
[2024-08-09T13:16:28.557-0400] {logging_mixin.py:188} INFO - [2024-08-09T13:16:28.557-0400] {dag.py:3947} INFO - Setting next_dagrun for example_task_group_decorator to 2024-08-08 00:00:00+00:00, run_after=2024-08-09 00:00:00+00:00
[2024-08-09T13:16:28.563-0400] {processor.py:183} INFO - Processing /Users/jakeliu/we-defend-truth-1/airflow_env/lib/python3.12/site-packages/airflow/example_dags/example_task_group_decorator.py took 0.061 seconds
[2024-08-09T13:17:23.499-0400] {processor.py:161} INFO - Started process (PID=21782) to work on /Users/jakeliu/we-defend-truth-1/airflow_env/lib/python3.12/site-packages/airflow/example_dags/example_task_group_decorator.py
[2024-08-09T13:17:23.500-0400] {processor.py:830} INFO - Processing file /Users/jakeliu/we-defend-truth-1/airflow_env/lib/python3.12/site-packages/airflow/example_dags/example_task_group_decorator.py for tasks to queue
[2024-08-09T13:17:23.500-0400] {logging_mixin.py:188} INFO - [2024-08-09T13:17:23.500-0400] {dagbag.py:545} INFO - Filling up the DagBag from /Users/jakeliu/we-defend-truth-1/airflow_env/lib/python3.12/site-packages/airflow/example_dags/example_task_group_decorator.py
[2024-08-09T13:17:23.516-0400] {processor.py:840} INFO - DAG(s) 'example_task_group_decorator' retrieved from /Users/jakeliu/we-defend-truth-1/airflow_env/lib/python3.12/site-packages/airflow/example_dags/example_task_group_decorator.py
[2024-08-09T13:17:23.549-0400] {logging_mixin.py:188} INFO - [2024-08-09T13:17:23.549-0400] {dag.py:3089} INFO - Sync 1 DAGs
[2024-08-09T13:17:23.554-0400] {logging_mixin.py:188} INFO - [2024-08-09T13:17:23.554-0400] {dag.py:3947} INFO - Setting next_dagrun for example_task_group_decorator to 2024-08-08 00:00:00+00:00, run_after=2024-08-09 00:00:00+00:00
[2024-08-09T13:17:23.562-0400] {processor.py:183} INFO - Processing /Users/jakeliu/we-defend-truth-1/airflow_env/lib/python3.12/site-packages/airflow/example_dags/example_task_group_decorator.py took 0.064 seconds
[2024-08-09T13:19:02.964-0400] {processor.py:161} INFO - Started process (PID=21888) to work on /Users/jakeliu/we-defend-truth-1/airflow_env/lib/python3.12/site-packages/airflow/example_dags/example_task_group_decorator.py
[2024-08-09T13:19:02.964-0400] {processor.py:830} INFO - Processing file /Users/jakeliu/we-defend-truth-1/airflow_env/lib/python3.12/site-packages/airflow/example_dags/example_task_group_decorator.py for tasks to queue
[2024-08-09T13:19:02.965-0400] {logging_mixin.py:188} INFO - [2024-08-09T13:19:02.964-0400] {dagbag.py:545} INFO - Filling up the DagBag from /Users/jakeliu/we-defend-truth-1/airflow_env/lib/python3.12/site-packages/airflow/example_dags/example_task_group_decorator.py
[2024-08-09T13:19:02.982-0400] {processor.py:840} INFO - DAG(s) 'example_task_group_decorator' retrieved from /Users/jakeliu/we-defend-truth-1/airflow_env/lib/python3.12/site-packages/airflow/example_dags/example_task_group_decorator.py
[2024-08-09T13:19:03.017-0400] {logging_mixin.py:188} INFO - [2024-08-09T13:19:03.016-0400] {dag.py:3089} INFO - Sync 1 DAGs
[2024-08-09T13:19:03.023-0400] {logging_mixin.py:188} INFO - [2024-08-09T13:19:03.023-0400] {dag.py:3947} INFO - Setting next_dagrun for example_task_group_decorator to 2024-08-08 00:00:00+00:00, run_after=2024-08-09 00:00:00+00:00
[2024-08-09T13:19:03.031-0400] {processor.py:183} INFO - Processing /Users/jakeliu/we-defend-truth-1/airflow_env/lib/python3.12/site-packages/airflow/example_dags/example_task_group_decorator.py took 0.068 seconds
[2024-08-09T13:20:46.309-0400] {processor.py:161} INFO - Started process (PID=22302) to work on /Users/jakeliu/we-defend-truth-1/airflow_env/lib/python3.12/site-packages/airflow/example_dags/example_task_group_decorator.py
[2024-08-09T13:20:46.310-0400] {processor.py:830} INFO - Processing file /Users/jakeliu/we-defend-truth-1/airflow_env/lib/python3.12/site-packages/airflow/example_dags/example_task_group_decorator.py for tasks to queue
[2024-08-09T13:20:46.310-0400] {logging_mixin.py:188} INFO - [2024-08-09T13:20:46.310-0400] {dagbag.py:545} INFO - Filling up the DagBag from /Users/jakeliu/we-defend-truth-1/airflow_env/lib/python3.12/site-packages/airflow/example_dags/example_task_group_decorator.py
[2024-08-09T13:20:46.326-0400] {processor.py:840} INFO - DAG(s) 'example_task_group_decorator' retrieved from /Users/jakeliu/we-defend-truth-1/airflow_env/lib/python3.12/site-packages/airflow/example_dags/example_task_group_decorator.py
[2024-08-09T13:20:46.358-0400] {logging_mixin.py:188} INFO - [2024-08-09T13:20:46.358-0400] {dag.py:3089} INFO - Sync 1 DAGs
[2024-08-09T13:20:46.364-0400] {logging_mixin.py:188} INFO - [2024-08-09T13:20:46.363-0400] {dag.py:3947} INFO - Setting next_dagrun for example_task_group_decorator to 2024-08-08 00:00:00+00:00, run_after=2024-08-09 00:00:00+00:00
[2024-08-09T13:20:46.371-0400] {processor.py:183} INFO - Processing /Users/jakeliu/we-defend-truth-1/airflow_env/lib/python3.12/site-packages/airflow/example_dags/example_task_group_decorator.py took 0.063 seconds
[2024-08-09T13:22:29.491-0400] {processor.py:161} INFO - Started process (PID=22649) to work on /Users/jakeliu/we-defend-truth-1/airflow_env/lib/python3.12/site-packages/airflow/example_dags/example_task_group_decorator.py
[2024-08-09T13:22:29.492-0400] {processor.py:830} INFO - Processing file /Users/jakeliu/we-defend-truth-1/airflow_env/lib/python3.12/site-packages/airflow/example_dags/example_task_group_decorator.py for tasks to queue
[2024-08-09T13:22:29.492-0400] {logging_mixin.py:188} INFO - [2024-08-09T13:22:29.492-0400] {dagbag.py:545} INFO - Filling up the DagBag from /Users/jakeliu/we-defend-truth-1/airflow_env/lib/python3.12/site-packages/airflow/example_dags/example_task_group_decorator.py
[2024-08-09T13:22:29.508-0400] {processor.py:840} INFO - DAG(s) 'example_task_group_decorator' retrieved from /Users/jakeliu/we-defend-truth-1/airflow_env/lib/python3.12/site-packages/airflow/example_dags/example_task_group_decorator.py
[2024-08-09T13:22:29.539-0400] {logging_mixin.py:188} INFO - [2024-08-09T13:22:29.539-0400] {dag.py:3089} INFO - Sync 1 DAGs
[2024-08-09T13:22:29.544-0400] {logging_mixin.py:188} INFO - [2024-08-09T13:22:29.544-0400] {dag.py:3947} INFO - Setting next_dagrun for example_task_group_decorator to 2024-08-08 00:00:00+00:00, run_after=2024-08-09 00:00:00+00:00
[2024-08-09T13:22:29.550-0400] {processor.py:183} INFO - Processing /Users/jakeliu/we-defend-truth-1/airflow_env/lib/python3.12/site-packages/airflow/example_dags/example_task_group_decorator.py took 0.060 seconds
[2024-08-09T13:24:11.386-0400] {processor.py:161} INFO - Started process (PID=22751) to work on /Users/jakeliu/we-defend-truth-1/airflow_env/lib/python3.12/site-packages/airflow/example_dags/example_task_group_decorator.py
[2024-08-09T13:24:11.386-0400] {processor.py:830} INFO - Processing file /Users/jakeliu/we-defend-truth-1/airflow_env/lib/python3.12/site-packages/airflow/example_dags/example_task_group_decorator.py for tasks to queue
[2024-08-09T13:24:11.387-0400] {logging_mixin.py:188} INFO - [2024-08-09T13:24:11.387-0400] {dagbag.py:545} INFO - Filling up the DagBag from /Users/jakeliu/we-defend-truth-1/airflow_env/lib/python3.12/site-packages/airflow/example_dags/example_task_group_decorator.py
[2024-08-09T13:24:11.403-0400] {processor.py:840} INFO - DAG(s) 'example_task_group_decorator' retrieved from /Users/jakeliu/we-defend-truth-1/airflow_env/lib/python3.12/site-packages/airflow/example_dags/example_task_group_decorator.py
[2024-08-09T13:24:11.435-0400] {logging_mixin.py:188} INFO - [2024-08-09T13:24:11.435-0400] {dag.py:3089} INFO - Sync 1 DAGs
[2024-08-09T13:24:11.441-0400] {logging_mixin.py:188} INFO - [2024-08-09T13:24:11.441-0400] {dag.py:3947} INFO - Setting next_dagrun for example_task_group_decorator to 2024-08-08 00:00:00+00:00, run_after=2024-08-09 00:00:00+00:00
[2024-08-09T13:24:11.449-0400] {processor.py:183} INFO - Processing /Users/jakeliu/we-defend-truth-1/airflow_env/lib/python3.12/site-packages/airflow/example_dags/example_task_group_decorator.py took 0.064 seconds
[2024-08-09T13:26:04.368-0400] {processor.py:161} INFO - Started process (PID=22879) to work on /Users/jakeliu/we-defend-truth-1/airflow_env/lib/python3.12/site-packages/airflow/example_dags/example_task_group_decorator.py
[2024-08-09T13:26:04.369-0400] {processor.py:830} INFO - Processing file /Users/jakeliu/we-defend-truth-1/airflow_env/lib/python3.12/site-packages/airflow/example_dags/example_task_group_decorator.py for tasks to queue
[2024-08-09T13:26:04.369-0400] {logging_mixin.py:188} INFO - [2024-08-09T13:26:04.369-0400] {dagbag.py:545} INFO - Filling up the DagBag from /Users/jakeliu/we-defend-truth-1/airflow_env/lib/python3.12/site-packages/airflow/example_dags/example_task_group_decorator.py
[2024-08-09T13:26:04.385-0400] {processor.py:840} INFO - DAG(s) 'example_task_group_decorator' retrieved from /Users/jakeliu/we-defend-truth-1/airflow_env/lib/python3.12/site-packages/airflow/example_dags/example_task_group_decorator.py
[2024-08-09T13:26:04.417-0400] {logging_mixin.py:188} INFO - [2024-08-09T13:26:04.417-0400] {dag.py:3089} INFO - Sync 1 DAGs
[2024-08-09T13:26:04.422-0400] {logging_mixin.py:188} INFO - [2024-08-09T13:26:04.422-0400] {dag.py:3947} INFO - Setting next_dagrun for example_task_group_decorator to 2024-08-08 00:00:00+00:00, run_after=2024-08-09 00:00:00+00:00
[2024-08-09T13:26:04.431-0400] {processor.py:183} INFO - Processing /Users/jakeliu/we-defend-truth-1/airflow_env/lib/python3.12/site-packages/airflow/example_dags/example_task_group_decorator.py took 0.064 seconds
[2024-08-09T13:27:03.790-0400] {processor.py:161} INFO - Started process (PID=22934) to work on /Users/jakeliu/we-defend-truth-1/airflow_env/lib/python3.12/site-packages/airflow/example_dags/example_task_group_decorator.py
[2024-08-09T13:27:03.791-0400] {processor.py:830} INFO - Processing file /Users/jakeliu/we-defend-truth-1/airflow_env/lib/python3.12/site-packages/airflow/example_dags/example_task_group_decorator.py for tasks to queue
[2024-08-09T13:27:03.791-0400] {logging_mixin.py:188} INFO - [2024-08-09T13:27:03.791-0400] {dagbag.py:545} INFO - Filling up the DagBag from /Users/jakeliu/we-defend-truth-1/airflow_env/lib/python3.12/site-packages/airflow/example_dags/example_task_group_decorator.py
[2024-08-09T13:27:03.807-0400] {processor.py:840} INFO - DAG(s) 'example_task_group_decorator' retrieved from /Users/jakeliu/we-defend-truth-1/airflow_env/lib/python3.12/site-packages/airflow/example_dags/example_task_group_decorator.py
[2024-08-09T13:27:03.838-0400] {logging_mixin.py:188} INFO - [2024-08-09T13:27:03.838-0400] {dag.py:3089} INFO - Sync 1 DAGs
[2024-08-09T13:27:03.843-0400] {logging_mixin.py:188} INFO - [2024-08-09T13:27:03.843-0400] {dag.py:3947} INFO - Setting next_dagrun for example_task_group_decorator to 2024-08-08 00:00:00+00:00, run_after=2024-08-09 00:00:00+00:00
[2024-08-09T13:27:03.850-0400] {processor.py:183} INFO - Processing /Users/jakeliu/we-defend-truth-1/airflow_env/lib/python3.12/site-packages/airflow/example_dags/example_task_group_decorator.py took 0.061 seconds
[2024-08-09T13:28:02.339-0400] {processor.py:161} INFO - Started process (PID=23079) to work on /Users/jakeliu/we-defend-truth-1/airflow_env/lib/python3.12/site-packages/airflow/example_dags/example_task_group_decorator.py
[2024-08-09T13:28:02.340-0400] {processor.py:830} INFO - Processing file /Users/jakeliu/we-defend-truth-1/airflow_env/lib/python3.12/site-packages/airflow/example_dags/example_task_group_decorator.py for tasks to queue
[2024-08-09T13:28:02.340-0400] {logging_mixin.py:188} INFO - [2024-08-09T13:28:02.340-0400] {dagbag.py:545} INFO - Filling up the DagBag from /Users/jakeliu/we-defend-truth-1/airflow_env/lib/python3.12/site-packages/airflow/example_dags/example_task_group_decorator.py
[2024-08-09T13:28:02.356-0400] {processor.py:840} INFO - DAG(s) 'example_task_group_decorator' retrieved from /Users/jakeliu/we-defend-truth-1/airflow_env/lib/python3.12/site-packages/airflow/example_dags/example_task_group_decorator.py
[2024-08-09T13:28:02.387-0400] {logging_mixin.py:188} INFO - [2024-08-09T13:28:02.387-0400] {dag.py:3089} INFO - Sync 1 DAGs
[2024-08-09T13:28:02.392-0400] {logging_mixin.py:188} INFO - [2024-08-09T13:28:02.392-0400] {dag.py:3947} INFO - Setting next_dagrun for example_task_group_decorator to 2024-08-08 00:00:00+00:00, run_after=2024-08-09 00:00:00+00:00
[2024-08-09T13:28:02.398-0400] {processor.py:183} INFO - Processing /Users/jakeliu/we-defend-truth-1/airflow_env/lib/python3.12/site-packages/airflow/example_dags/example_task_group_decorator.py took 0.060 seconds
[2024-08-09T13:28:58.131-0400] {processor.py:161} INFO - Started process (PID=23228) to work on /Users/jakeliu/we-defend-truth-1/airflow_env/lib/python3.12/site-packages/airflow/example_dags/example_task_group_decorator.py
[2024-08-09T13:28:58.132-0400] {processor.py:830} INFO - Processing file /Users/jakeliu/we-defend-truth-1/airflow_env/lib/python3.12/site-packages/airflow/example_dags/example_task_group_decorator.py for tasks to queue
[2024-08-09T13:28:58.133-0400] {logging_mixin.py:188} INFO - [2024-08-09T13:28:58.133-0400] {dagbag.py:545} INFO - Filling up the DagBag from /Users/jakeliu/we-defend-truth-1/airflow_env/lib/python3.12/site-packages/airflow/example_dags/example_task_group_decorator.py
[2024-08-09T13:28:58.148-0400] {processor.py:840} INFO - DAG(s) 'example_task_group_decorator' retrieved from /Users/jakeliu/we-defend-truth-1/airflow_env/lib/python3.12/site-packages/airflow/example_dags/example_task_group_decorator.py
[2024-08-09T13:28:58.180-0400] {logging_mixin.py:188} INFO - [2024-08-09T13:28:58.180-0400] {dag.py:3089} INFO - Sync 1 DAGs
[2024-08-09T13:28:58.186-0400] {logging_mixin.py:188} INFO - [2024-08-09T13:28:58.186-0400] {dag.py:3947} INFO - Setting next_dagrun for example_task_group_decorator to 2024-08-08 00:00:00+00:00, run_after=2024-08-09 00:00:00+00:00
[2024-08-09T13:28:58.193-0400] {processor.py:183} INFO - Processing /Users/jakeliu/we-defend-truth-1/airflow_env/lib/python3.12/site-packages/airflow/example_dags/example_task_group_decorator.py took 0.063 seconds
[2024-08-09T13:30:51.238-0400] {processor.py:161} INFO - Started process (PID=23494) to work on /Users/jakeliu/we-defend-truth-1/airflow_env/lib/python3.12/site-packages/airflow/example_dags/example_task_group_decorator.py
[2024-08-09T13:30:51.239-0400] {processor.py:830} INFO - Processing file /Users/jakeliu/we-defend-truth-1/airflow_env/lib/python3.12/site-packages/airflow/example_dags/example_task_group_decorator.py for tasks to queue
[2024-08-09T13:30:51.239-0400] {logging_mixin.py:188} INFO - [2024-08-09T13:30:51.239-0400] {dagbag.py:545} INFO - Filling up the DagBag from /Users/jakeliu/we-defend-truth-1/airflow_env/lib/python3.12/site-packages/airflow/example_dags/example_task_group_decorator.py
[2024-08-09T13:30:51.255-0400] {processor.py:840} INFO - DAG(s) 'example_task_group_decorator' retrieved from /Users/jakeliu/we-defend-truth-1/airflow_env/lib/python3.12/site-packages/airflow/example_dags/example_task_group_decorator.py
[2024-08-09T13:30:51.286-0400] {logging_mixin.py:188} INFO - [2024-08-09T13:30:51.286-0400] {dag.py:3089} INFO - Sync 1 DAGs
[2024-08-09T13:30:51.294-0400] {logging_mixin.py:188} INFO - [2024-08-09T13:30:51.294-0400] {dag.py:3947} INFO - Setting next_dagrun for example_task_group_decorator to 2024-08-08 00:00:00+00:00, run_after=2024-08-09 00:00:00+00:00
[2024-08-09T13:30:51.300-0400] {processor.py:183} INFO - Processing /Users/jakeliu/we-defend-truth-1/airflow_env/lib/python3.12/site-packages/airflow/example_dags/example_task_group_decorator.py took 0.064 seconds
[2024-08-09T13:31:49.850-0400] {processor.py:161} INFO - Started process (PID=23599) to work on /Users/jakeliu/we-defend-truth-1/airflow_env/lib/python3.12/site-packages/airflow/example_dags/example_task_group_decorator.py
[2024-08-09T13:31:49.850-0400] {processor.py:830} INFO - Processing file /Users/jakeliu/we-defend-truth-1/airflow_env/lib/python3.12/site-packages/airflow/example_dags/example_task_group_decorator.py for tasks to queue
[2024-08-09T13:31:49.851-0400] {logging_mixin.py:188} INFO - [2024-08-09T13:31:49.851-0400] {dagbag.py:545} INFO - Filling up the DagBag from /Users/jakeliu/we-defend-truth-1/airflow_env/lib/python3.12/site-packages/airflow/example_dags/example_task_group_decorator.py
[2024-08-09T13:31:49.867-0400] {processor.py:840} INFO - DAG(s) 'example_task_group_decorator' retrieved from /Users/jakeliu/we-defend-truth-1/airflow_env/lib/python3.12/site-packages/airflow/example_dags/example_task_group_decorator.py
[2024-08-09T13:31:49.898-0400] {logging_mixin.py:188} INFO - [2024-08-09T13:31:49.897-0400] {dag.py:3089} INFO - Sync 1 DAGs
[2024-08-09T13:31:49.903-0400] {logging_mixin.py:188} INFO - [2024-08-09T13:31:49.903-0400] {dag.py:3947} INFO - Setting next_dagrun for example_task_group_decorator to 2024-08-08 00:00:00+00:00, run_after=2024-08-09 00:00:00+00:00
[2024-08-09T13:31:49.909-0400] {processor.py:183} INFO - Processing /Users/jakeliu/we-defend-truth-1/airflow_env/lib/python3.12/site-packages/airflow/example_dags/example_task_group_decorator.py took 0.060 seconds
[2024-08-09T13:33:44.536-0400] {processor.py:161} INFO - Started process (PID=23714) to work on /Users/jakeliu/we-defend-truth-1/airflow_env/lib/python3.12/site-packages/airflow/example_dags/example_task_group_decorator.py
[2024-08-09T13:33:44.537-0400] {processor.py:830} INFO - Processing file /Users/jakeliu/we-defend-truth-1/airflow_env/lib/python3.12/site-packages/airflow/example_dags/example_task_group_decorator.py for tasks to queue
[2024-08-09T13:33:44.538-0400] {logging_mixin.py:188} INFO - [2024-08-09T13:33:44.537-0400] {dagbag.py:545} INFO - Filling up the DagBag from /Users/jakeliu/we-defend-truth-1/airflow_env/lib/python3.12/site-packages/airflow/example_dags/example_task_group_decorator.py
[2024-08-09T13:33:44.555-0400] {processor.py:840} INFO - DAG(s) 'example_task_group_decorator' retrieved from /Users/jakeliu/we-defend-truth-1/airflow_env/lib/python3.12/site-packages/airflow/example_dags/example_task_group_decorator.py
[2024-08-09T13:33:44.592-0400] {logging_mixin.py:188} INFO - [2024-08-09T13:33:44.591-0400] {dag.py:3089} INFO - Sync 1 DAGs
[2024-08-09T13:33:44.597-0400] {logging_mixin.py:188} INFO - [2024-08-09T13:33:44.597-0400] {dag.py:3947} INFO - Setting next_dagrun for example_task_group_decorator to 2024-08-08 00:00:00+00:00, run_after=2024-08-09 00:00:00+00:00
[2024-08-09T13:33:44.605-0400] {processor.py:183} INFO - Processing /Users/jakeliu/we-defend-truth-1/airflow_env/lib/python3.12/site-packages/airflow/example_dags/example_task_group_decorator.py took 0.070 seconds
[2024-08-09T13:35:29.737-0400] {processor.py:161} INFO - Started process (PID=23864) to work on /Users/jakeliu/we-defend-truth-1/airflow_env/lib/python3.12/site-packages/airflow/example_dags/example_task_group_decorator.py
[2024-08-09T13:35:29.738-0400] {processor.py:830} INFO - Processing file /Users/jakeliu/we-defend-truth-1/airflow_env/lib/python3.12/site-packages/airflow/example_dags/example_task_group_decorator.py for tasks to queue
[2024-08-09T13:35:29.739-0400] {logging_mixin.py:188} INFO - [2024-08-09T13:35:29.738-0400] {dagbag.py:545} INFO - Filling up the DagBag from /Users/jakeliu/we-defend-truth-1/airflow_env/lib/python3.12/site-packages/airflow/example_dags/example_task_group_decorator.py
[2024-08-09T13:35:29.755-0400] {processor.py:840} INFO - DAG(s) 'example_task_group_decorator' retrieved from /Users/jakeliu/we-defend-truth-1/airflow_env/lib/python3.12/site-packages/airflow/example_dags/example_task_group_decorator.py
[2024-08-09T13:35:29.786-0400] {logging_mixin.py:188} INFO - [2024-08-09T13:35:29.786-0400] {dag.py:3089} INFO - Sync 1 DAGs
[2024-08-09T13:35:29.791-0400] {logging_mixin.py:188} INFO - [2024-08-09T13:35:29.791-0400] {dag.py:3947} INFO - Setting next_dagrun for example_task_group_decorator to 2024-08-08 00:00:00+00:00, run_after=2024-08-09 00:00:00+00:00
[2024-08-09T13:35:29.797-0400] {processor.py:183} INFO - Processing /Users/jakeliu/we-defend-truth-1/airflow_env/lib/python3.12/site-packages/airflow/example_dags/example_task_group_decorator.py took 0.061 seconds
[2024-08-09T13:37:17.142-0400] {processor.py:161} INFO - Started process (PID=23949) to work on /Users/jakeliu/we-defend-truth-1/airflow_env/lib/python3.12/site-packages/airflow/example_dags/example_task_group_decorator.py
[2024-08-09T13:37:17.143-0400] {processor.py:830} INFO - Processing file /Users/jakeliu/we-defend-truth-1/airflow_env/lib/python3.12/site-packages/airflow/example_dags/example_task_group_decorator.py for tasks to queue
[2024-08-09T13:37:17.143-0400] {logging_mixin.py:188} INFO - [2024-08-09T13:37:17.143-0400] {dagbag.py:545} INFO - Filling up the DagBag from /Users/jakeliu/we-defend-truth-1/airflow_env/lib/python3.12/site-packages/airflow/example_dags/example_task_group_decorator.py
[2024-08-09T13:37:17.159-0400] {processor.py:840} INFO - DAG(s) 'example_task_group_decorator' retrieved from /Users/jakeliu/we-defend-truth-1/airflow_env/lib/python3.12/site-packages/airflow/example_dags/example_task_group_decorator.py
[2024-08-09T13:37:17.191-0400] {logging_mixin.py:188} INFO - [2024-08-09T13:37:17.191-0400] {dag.py:3089} INFO - Sync 1 DAGs
[2024-08-09T13:37:17.197-0400] {logging_mixin.py:188} INFO - [2024-08-09T13:37:17.197-0400] {dag.py:3947} INFO - Setting next_dagrun for example_task_group_decorator to 2024-08-08 00:00:00+00:00, run_after=2024-08-09 00:00:00+00:00
[2024-08-09T13:37:17.204-0400] {processor.py:183} INFO - Processing /Users/jakeliu/we-defend-truth-1/airflow_env/lib/python3.12/site-packages/airflow/example_dags/example_task_group_decorator.py took 0.063 seconds
[2024-08-09T13:38:15.453-0400] {processor.py:161} INFO - Started process (PID=23990) to work on /Users/jakeliu/we-defend-truth-1/airflow_env/lib/python3.12/site-packages/airflow/example_dags/example_task_group_decorator.py
[2024-08-09T13:38:15.454-0400] {processor.py:830} INFO - Processing file /Users/jakeliu/we-defend-truth-1/airflow_env/lib/python3.12/site-packages/airflow/example_dags/example_task_group_decorator.py for tasks to queue
[2024-08-09T13:38:15.455-0400] {logging_mixin.py:188} INFO - [2024-08-09T13:38:15.455-0400] {dagbag.py:545} INFO - Filling up the DagBag from /Users/jakeliu/we-defend-truth-1/airflow_env/lib/python3.12/site-packages/airflow/example_dags/example_task_group_decorator.py
[2024-08-09T13:38:15.471-0400] {processor.py:840} INFO - DAG(s) 'example_task_group_decorator' retrieved from /Users/jakeliu/we-defend-truth-1/airflow_env/lib/python3.12/site-packages/airflow/example_dags/example_task_group_decorator.py
[2024-08-09T13:38:15.502-0400] {logging_mixin.py:188} INFO - [2024-08-09T13:38:15.502-0400] {dag.py:3089} INFO - Sync 1 DAGs
[2024-08-09T13:38:15.507-0400] {logging_mixin.py:188} INFO - [2024-08-09T13:38:15.507-0400] {dag.py:3947} INFO - Setting next_dagrun for example_task_group_decorator to 2024-08-08 00:00:00+00:00, run_after=2024-08-09 00:00:00+00:00
[2024-08-09T13:38:15.514-0400] {processor.py:183} INFO - Processing /Users/jakeliu/we-defend-truth-1/airflow_env/lib/python3.12/site-packages/airflow/example_dags/example_task_group_decorator.py took 0.062 seconds
[2024-08-09T13:39:14.067-0400] {processor.py:161} INFO - Started process (PID=24029) to work on /Users/jakeliu/we-defend-truth-1/airflow_env/lib/python3.12/site-packages/airflow/example_dags/example_task_group_decorator.py
[2024-08-09T13:39:14.068-0400] {processor.py:830} INFO - Processing file /Users/jakeliu/we-defend-truth-1/airflow_env/lib/python3.12/site-packages/airflow/example_dags/example_task_group_decorator.py for tasks to queue
[2024-08-09T13:39:14.068-0400] {logging_mixin.py:188} INFO - [2024-08-09T13:39:14.068-0400] {dagbag.py:545} INFO - Filling up the DagBag from /Users/jakeliu/we-defend-truth-1/airflow_env/lib/python3.12/site-packages/airflow/example_dags/example_task_group_decorator.py
[2024-08-09T13:39:14.084-0400] {processor.py:840} INFO - DAG(s) 'example_task_group_decorator' retrieved from /Users/jakeliu/we-defend-truth-1/airflow_env/lib/python3.12/site-packages/airflow/example_dags/example_task_group_decorator.py
[2024-08-09T13:39:14.117-0400] {logging_mixin.py:188} INFO - [2024-08-09T13:39:14.117-0400] {dag.py:3089} INFO - Sync 1 DAGs
[2024-08-09T13:39:14.123-0400] {logging_mixin.py:188} INFO - [2024-08-09T13:39:14.123-0400] {dag.py:3947} INFO - Setting next_dagrun for example_task_group_decorator to 2024-08-08 00:00:00+00:00, run_after=2024-08-09 00:00:00+00:00
[2024-08-09T13:39:14.130-0400] {processor.py:183} INFO - Processing /Users/jakeliu/we-defend-truth-1/airflow_env/lib/python3.12/site-packages/airflow/example_dags/example_task_group_decorator.py took 0.064 seconds
[2024-08-09T13:40:59.024-0400] {processor.py:161} INFO - Started process (PID=24122) to work on /Users/jakeliu/we-defend-truth-1/airflow_env/lib/python3.12/site-packages/airflow/example_dags/example_task_group_decorator.py
[2024-08-09T13:40:59.025-0400] {processor.py:830} INFO - Processing file /Users/jakeliu/we-defend-truth-1/airflow_env/lib/python3.12/site-packages/airflow/example_dags/example_task_group_decorator.py for tasks to queue
[2024-08-09T13:40:59.025-0400] {logging_mixin.py:188} INFO - [2024-08-09T13:40:59.025-0400] {dagbag.py:545} INFO - Filling up the DagBag from /Users/jakeliu/we-defend-truth-1/airflow_env/lib/python3.12/site-packages/airflow/example_dags/example_task_group_decorator.py
[2024-08-09T13:40:59.040-0400] {processor.py:840} INFO - DAG(s) 'example_task_group_decorator' retrieved from /Users/jakeliu/we-defend-truth-1/airflow_env/lib/python3.12/site-packages/airflow/example_dags/example_task_group_decorator.py
[2024-08-09T13:40:59.072-0400] {logging_mixin.py:188} INFO - [2024-08-09T13:40:59.071-0400] {dag.py:3089} INFO - Sync 1 DAGs
[2024-08-09T13:40:59.076-0400] {logging_mixin.py:188} INFO - [2024-08-09T13:40:59.076-0400] {dag.py:3947} INFO - Setting next_dagrun for example_task_group_decorator to 2024-08-08 00:00:00+00:00, run_after=2024-08-09 00:00:00+00:00
[2024-08-09T13:40:59.083-0400] {processor.py:183} INFO - Processing /Users/jakeliu/we-defend-truth-1/airflow_env/lib/python3.12/site-packages/airflow/example_dags/example_task_group_decorator.py took 0.060 seconds
[2024-08-09T13:42:53.213-0400] {processor.py:161} INFO - Started process (PID=24337) to work on /Users/jakeliu/we-defend-truth-1/airflow_env/lib/python3.12/site-packages/airflow/example_dags/example_task_group_decorator.py
[2024-08-09T13:42:53.213-0400] {processor.py:830} INFO - Processing file /Users/jakeliu/we-defend-truth-1/airflow_env/lib/python3.12/site-packages/airflow/example_dags/example_task_group_decorator.py for tasks to queue
[2024-08-09T13:42:53.213-0400] {logging_mixin.py:188} INFO - [2024-08-09T13:42:53.213-0400] {dagbag.py:545} INFO - Filling up the DagBag from /Users/jakeliu/we-defend-truth-1/airflow_env/lib/python3.12/site-packages/airflow/example_dags/example_task_group_decorator.py
[2024-08-09T13:42:53.230-0400] {processor.py:840} INFO - DAG(s) 'example_task_group_decorator' retrieved from /Users/jakeliu/we-defend-truth-1/airflow_env/lib/python3.12/site-packages/airflow/example_dags/example_task_group_decorator.py
[2024-08-09T13:42:53.261-0400] {logging_mixin.py:188} INFO - [2024-08-09T13:42:53.261-0400] {dag.py:3089} INFO - Sync 1 DAGs
[2024-08-09T13:42:53.266-0400] {logging_mixin.py:188} INFO - [2024-08-09T13:42:53.266-0400] {dag.py:3947} INFO - Setting next_dagrun for example_task_group_decorator to 2024-08-08 00:00:00+00:00, run_after=2024-08-09 00:00:00+00:00
[2024-08-09T13:42:53.273-0400] {processor.py:183} INFO - Processing /Users/jakeliu/we-defend-truth-1/airflow_env/lib/python3.12/site-packages/airflow/example_dags/example_task_group_decorator.py took 0.061 seconds
[2024-08-09T13:44:34.103-0400] {processor.py:161} INFO - Started process (PID=24407) to work on /Users/jakeliu/we-defend-truth-1/airflow_env/lib/python3.12/site-packages/airflow/example_dags/example_task_group_decorator.py
[2024-08-09T13:44:34.104-0400] {processor.py:830} INFO - Processing file /Users/jakeliu/we-defend-truth-1/airflow_env/lib/python3.12/site-packages/airflow/example_dags/example_task_group_decorator.py for tasks to queue
[2024-08-09T13:44:34.104-0400] {logging_mixin.py:188} INFO - [2024-08-09T13:44:34.104-0400] {dagbag.py:545} INFO - Filling up the DagBag from /Users/jakeliu/we-defend-truth-1/airflow_env/lib/python3.12/site-packages/airflow/example_dags/example_task_group_decorator.py
[2024-08-09T13:44:34.120-0400] {processor.py:840} INFO - DAG(s) 'example_task_group_decorator' retrieved from /Users/jakeliu/we-defend-truth-1/airflow_env/lib/python3.12/site-packages/airflow/example_dags/example_task_group_decorator.py
[2024-08-09T13:44:34.151-0400] {logging_mixin.py:188} INFO - [2024-08-09T13:44:34.151-0400] {dag.py:3089} INFO - Sync 1 DAGs
[2024-08-09T13:44:34.156-0400] {logging_mixin.py:188} INFO - [2024-08-09T13:44:34.156-0400] {dag.py:3947} INFO - Setting next_dagrun for example_task_group_decorator to 2024-08-08 00:00:00+00:00, run_after=2024-08-09 00:00:00+00:00
[2024-08-09T13:44:34.163-0400] {processor.py:183} INFO - Processing /Users/jakeliu/we-defend-truth-1/airflow_env/lib/python3.12/site-packages/airflow/example_dags/example_task_group_decorator.py took 0.061 seconds
[2024-08-09T13:46:16.900-0400] {processor.py:161} INFO - Started process (PID=24478) to work on /Users/jakeliu/we-defend-truth-1/airflow_env/lib/python3.12/site-packages/airflow/example_dags/example_task_group_decorator.py
[2024-08-09T13:46:16.901-0400] {processor.py:830} INFO - Processing file /Users/jakeliu/we-defend-truth-1/airflow_env/lib/python3.12/site-packages/airflow/example_dags/example_task_group_decorator.py for tasks to queue
[2024-08-09T13:46:16.901-0400] {logging_mixin.py:188} INFO - [2024-08-09T13:46:16.901-0400] {dagbag.py:545} INFO - Filling up the DagBag from /Users/jakeliu/we-defend-truth-1/airflow_env/lib/python3.12/site-packages/airflow/example_dags/example_task_group_decorator.py
[2024-08-09T13:46:16.917-0400] {processor.py:840} INFO - DAG(s) 'example_task_group_decorator' retrieved from /Users/jakeliu/we-defend-truth-1/airflow_env/lib/python3.12/site-packages/airflow/example_dags/example_task_group_decorator.py
[2024-08-09T13:46:16.948-0400] {logging_mixin.py:188} INFO - [2024-08-09T13:46:16.948-0400] {dag.py:3089} INFO - Sync 1 DAGs
[2024-08-09T13:46:16.954-0400] {logging_mixin.py:188} INFO - [2024-08-09T13:46:16.953-0400] {dag.py:3947} INFO - Setting next_dagrun for example_task_group_decorator to 2024-08-08 00:00:00+00:00, run_after=2024-08-09 00:00:00+00:00
[2024-08-09T13:46:16.961-0400] {processor.py:183} INFO - Processing /Users/jakeliu/we-defend-truth-1/airflow_env/lib/python3.12/site-packages/airflow/example_dags/example_task_group_decorator.py took 0.061 seconds
[2024-08-09T13:47:57.260-0400] {processor.py:161} INFO - Started process (PID=24549) to work on /Users/jakeliu/we-defend-truth-1/airflow_env/lib/python3.12/site-packages/airflow/example_dags/example_task_group_decorator.py
[2024-08-09T13:47:57.261-0400] {processor.py:830} INFO - Processing file /Users/jakeliu/we-defend-truth-1/airflow_env/lib/python3.12/site-packages/airflow/example_dags/example_task_group_decorator.py for tasks to queue
[2024-08-09T13:47:57.261-0400] {logging_mixin.py:188} INFO - [2024-08-09T13:47:57.261-0400] {dagbag.py:545} INFO - Filling up the DagBag from /Users/jakeliu/we-defend-truth-1/airflow_env/lib/python3.12/site-packages/airflow/example_dags/example_task_group_decorator.py
[2024-08-09T13:47:57.277-0400] {processor.py:840} INFO - DAG(s) 'example_task_group_decorator' retrieved from /Users/jakeliu/we-defend-truth-1/airflow_env/lib/python3.12/site-packages/airflow/example_dags/example_task_group_decorator.py
[2024-08-09T13:47:57.308-0400] {logging_mixin.py:188} INFO - [2024-08-09T13:47:57.308-0400] {dag.py:3089} INFO - Sync 1 DAGs
[2024-08-09T13:47:57.313-0400] {logging_mixin.py:188} INFO - [2024-08-09T13:47:57.313-0400] {dag.py:3947} INFO - Setting next_dagrun for example_task_group_decorator to 2024-08-08 00:00:00+00:00, run_after=2024-08-09 00:00:00+00:00
[2024-08-09T13:47:57.319-0400] {processor.py:183} INFO - Processing /Users/jakeliu/we-defend-truth-1/airflow_env/lib/python3.12/site-packages/airflow/example_dags/example_task_group_decorator.py took 0.060 seconds
[2024-08-09T13:49:37.504-0400] {processor.py:161} INFO - Started process (PID=24621) to work on /Users/jakeliu/we-defend-truth-1/airflow_env/lib/python3.12/site-packages/airflow/example_dags/example_task_group_decorator.py
[2024-08-09T13:49:37.506-0400] {processor.py:830} INFO - Processing file /Users/jakeliu/we-defend-truth-1/airflow_env/lib/python3.12/site-packages/airflow/example_dags/example_task_group_decorator.py for tasks to queue
[2024-08-09T13:49:37.506-0400] {logging_mixin.py:188} INFO - [2024-08-09T13:49:37.506-0400] {dagbag.py:545} INFO - Filling up the DagBag from /Users/jakeliu/we-defend-truth-1/airflow_env/lib/python3.12/site-packages/airflow/example_dags/example_task_group_decorator.py
[2024-08-09T13:49:37.522-0400] {processor.py:840} INFO - DAG(s) 'example_task_group_decorator' retrieved from /Users/jakeliu/we-defend-truth-1/airflow_env/lib/python3.12/site-packages/airflow/example_dags/example_task_group_decorator.py
[2024-08-09T13:49:37.553-0400] {logging_mixin.py:188} INFO - [2024-08-09T13:49:37.553-0400] {dag.py:3089} INFO - Sync 1 DAGs
[2024-08-09T13:49:37.558-0400] {logging_mixin.py:188} INFO - [2024-08-09T13:49:37.557-0400] {dag.py:3947} INFO - Setting next_dagrun for example_task_group_decorator to 2024-08-08 00:00:00+00:00, run_after=2024-08-09 00:00:00+00:00
[2024-08-09T13:49:37.564-0400] {processor.py:183} INFO - Processing /Users/jakeliu/we-defend-truth-1/airflow_env/lib/python3.12/site-packages/airflow/example_dags/example_task_group_decorator.py took 0.061 seconds
[2024-08-09T13:51:17.416-0400] {processor.py:161} INFO - Started process (PID=24706) to work on /Users/jakeliu/we-defend-truth-1/airflow_env/lib/python3.12/site-packages/airflow/example_dags/example_task_group_decorator.py
[2024-08-09T13:51:17.418-0400] {processor.py:830} INFO - Processing file /Users/jakeliu/we-defend-truth-1/airflow_env/lib/python3.12/site-packages/airflow/example_dags/example_task_group_decorator.py for tasks to queue
[2024-08-09T13:51:17.418-0400] {logging_mixin.py:188} INFO - [2024-08-09T13:51:17.418-0400] {dagbag.py:545} INFO - Filling up the DagBag from /Users/jakeliu/we-defend-truth-1/airflow_env/lib/python3.12/site-packages/airflow/example_dags/example_task_group_decorator.py
[2024-08-09T13:51:17.434-0400] {processor.py:840} INFO - DAG(s) 'example_task_group_decorator' retrieved from /Users/jakeliu/we-defend-truth-1/airflow_env/lib/python3.12/site-packages/airflow/example_dags/example_task_group_decorator.py
[2024-08-09T13:51:17.465-0400] {logging_mixin.py:188} INFO - [2024-08-09T13:51:17.465-0400] {dag.py:3089} INFO - Sync 1 DAGs
[2024-08-09T13:51:17.470-0400] {logging_mixin.py:188} INFO - [2024-08-09T13:51:17.470-0400] {dag.py:3947} INFO - Setting next_dagrun for example_task_group_decorator to 2024-08-08 00:00:00+00:00, run_after=2024-08-09 00:00:00+00:00
[2024-08-09T13:51:17.477-0400] {processor.py:183} INFO - Processing /Users/jakeliu/we-defend-truth-1/airflow_env/lib/python3.12/site-packages/airflow/example_dags/example_task_group_decorator.py took 0.061 seconds
[2024-08-09T13:53:08.988-0400] {processor.py:161} INFO - Started process (PID=24841) to work on /Users/jakeliu/we-defend-truth-1/airflow_env/lib/python3.12/site-packages/airflow/example_dags/example_task_group_decorator.py
[2024-08-09T13:53:08.991-0400] {processor.py:830} INFO - Processing file /Users/jakeliu/we-defend-truth-1/airflow_env/lib/python3.12/site-packages/airflow/example_dags/example_task_group_decorator.py for tasks to queue
[2024-08-09T13:53:08.991-0400] {logging_mixin.py:188} INFO - [2024-08-09T13:53:08.991-0400] {dagbag.py:545} INFO - Filling up the DagBag from /Users/jakeliu/we-defend-truth-1/airflow_env/lib/python3.12/site-packages/airflow/example_dags/example_task_group_decorator.py
[2024-08-09T13:53:09.022-0400] {processor.py:840} INFO - DAG(s) 'example_task_group_decorator' retrieved from /Users/jakeliu/we-defend-truth-1/airflow_env/lib/python3.12/site-packages/airflow/example_dags/example_task_group_decorator.py
[2024-08-09T13:53:09.060-0400] {logging_mixin.py:188} INFO - [2024-08-09T13:53:09.060-0400] {dag.py:3089} INFO - Sync 1 DAGs
[2024-08-09T13:53:09.066-0400] {logging_mixin.py:188} INFO - [2024-08-09T13:53:09.065-0400] {dag.py:3947} INFO - Setting next_dagrun for example_task_group_decorator to 2024-08-08 00:00:00+00:00, run_after=2024-08-09 00:00:00+00:00
[2024-08-09T13:53:09.072-0400] {processor.py:183} INFO - Processing /Users/jakeliu/we-defend-truth-1/airflow_env/lib/python3.12/site-packages/airflow/example_dags/example_task_group_decorator.py took 0.086 seconds
[2024-08-09T13:55:03.507-0400] {processor.py:161} INFO - Started process (PID=24943) to work on /Users/jakeliu/we-defend-truth-1/airflow_env/lib/python3.12/site-packages/airflow/example_dags/example_task_group_decorator.py
[2024-08-09T13:55:03.509-0400] {processor.py:830} INFO - Processing file /Users/jakeliu/we-defend-truth-1/airflow_env/lib/python3.12/site-packages/airflow/example_dags/example_task_group_decorator.py for tasks to queue
[2024-08-09T13:55:03.509-0400] {logging_mixin.py:188} INFO - [2024-08-09T13:55:03.509-0400] {dagbag.py:545} INFO - Filling up the DagBag from /Users/jakeliu/we-defend-truth-1/airflow_env/lib/python3.12/site-packages/airflow/example_dags/example_task_group_decorator.py
[2024-08-09T13:55:03.525-0400] {processor.py:840} INFO - DAG(s) 'example_task_group_decorator' retrieved from /Users/jakeliu/we-defend-truth-1/airflow_env/lib/python3.12/site-packages/airflow/example_dags/example_task_group_decorator.py
[2024-08-09T13:55:03.556-0400] {logging_mixin.py:188} INFO - [2024-08-09T13:55:03.556-0400] {dag.py:3089} INFO - Sync 1 DAGs
[2024-08-09T13:55:03.561-0400] {logging_mixin.py:188} INFO - [2024-08-09T13:55:03.561-0400] {dag.py:3947} INFO - Setting next_dagrun for example_task_group_decorator to 2024-08-08 00:00:00+00:00, run_after=2024-08-09 00:00:00+00:00
[2024-08-09T13:55:03.568-0400] {processor.py:183} INFO - Processing /Users/jakeliu/we-defend-truth-1/airflow_env/lib/python3.12/site-packages/airflow/example_dags/example_task_group_decorator.py took 0.061 seconds
[2024-08-09T13:56:03.678-0400] {processor.py:161} INFO - Started process (PID=25021) to work on /Users/jakeliu/we-defend-truth-1/airflow_env/lib/python3.12/site-packages/airflow/example_dags/example_task_group_decorator.py
[2024-08-09T13:56:03.680-0400] {processor.py:830} INFO - Processing file /Users/jakeliu/we-defend-truth-1/airflow_env/lib/python3.12/site-packages/airflow/example_dags/example_task_group_decorator.py for tasks to queue
[2024-08-09T13:56:03.680-0400] {logging_mixin.py:188} INFO - [2024-08-09T13:56:03.680-0400] {dagbag.py:545} INFO - Filling up the DagBag from /Users/jakeliu/we-defend-truth-1/airflow_env/lib/python3.12/site-packages/airflow/example_dags/example_task_group_decorator.py
[2024-08-09T13:56:03.696-0400] {processor.py:840} INFO - DAG(s) 'example_task_group_decorator' retrieved from /Users/jakeliu/we-defend-truth-1/airflow_env/lib/python3.12/site-packages/airflow/example_dags/example_task_group_decorator.py
[2024-08-09T13:56:03.727-0400] {logging_mixin.py:188} INFO - [2024-08-09T13:56:03.727-0400] {dag.py:3089} INFO - Sync 1 DAGs
[2024-08-09T13:56:03.732-0400] {logging_mixin.py:188} INFO - [2024-08-09T13:56:03.732-0400] {dag.py:3947} INFO - Setting next_dagrun for example_task_group_decorator to 2024-08-08 00:00:00+00:00, run_after=2024-08-09 00:00:00+00:00
[2024-08-09T13:56:03.738-0400] {processor.py:183} INFO - Processing /Users/jakeliu/we-defend-truth-1/airflow_env/lib/python3.12/site-packages/airflow/example_dags/example_task_group_decorator.py took 0.061 seconds
[2024-08-09T13:57:02.518-0400] {processor.py:161} INFO - Started process (PID=25066) to work on /Users/jakeliu/we-defend-truth-1/airflow_env/lib/python3.12/site-packages/airflow/example_dags/example_task_group_decorator.py
[2024-08-09T13:57:02.518-0400] {processor.py:830} INFO - Processing file /Users/jakeliu/we-defend-truth-1/airflow_env/lib/python3.12/site-packages/airflow/example_dags/example_task_group_decorator.py for tasks to queue
[2024-08-09T13:57:02.519-0400] {logging_mixin.py:188} INFO - [2024-08-09T13:57:02.519-0400] {dagbag.py:545} INFO - Filling up the DagBag from /Users/jakeliu/we-defend-truth-1/airflow_env/lib/python3.12/site-packages/airflow/example_dags/example_task_group_decorator.py
[2024-08-09T13:57:02.535-0400] {processor.py:840} INFO - DAG(s) 'example_task_group_decorator' retrieved from /Users/jakeliu/we-defend-truth-1/airflow_env/lib/python3.12/site-packages/airflow/example_dags/example_task_group_decorator.py
[2024-08-09T13:57:02.567-0400] {logging_mixin.py:188} INFO - [2024-08-09T13:57:02.566-0400] {dag.py:3089} INFO - Sync 1 DAGs
[2024-08-09T13:57:02.572-0400] {logging_mixin.py:188} INFO - [2024-08-09T13:57:02.572-0400] {dag.py:3947} INFO - Setting next_dagrun for example_task_group_decorator to 2024-08-08 00:00:00+00:00, run_after=2024-08-09 00:00:00+00:00
[2024-08-09T13:57:02.578-0400] {processor.py:183} INFO - Processing /Users/jakeliu/we-defend-truth-1/airflow_env/lib/python3.12/site-packages/airflow/example_dags/example_task_group_decorator.py took 0.061 seconds
[2024-08-09T13:58:00.770-0400] {processor.py:161} INFO - Started process (PID=25201) to work on /Users/jakeliu/we-defend-truth-1/airflow_env/lib/python3.12/site-packages/airflow/example_dags/example_task_group_decorator.py
[2024-08-09T13:58:00.771-0400] {processor.py:830} INFO - Processing file /Users/jakeliu/we-defend-truth-1/airflow_env/lib/python3.12/site-packages/airflow/example_dags/example_task_group_decorator.py for tasks to queue
[2024-08-09T13:58:00.771-0400] {logging_mixin.py:188} INFO - [2024-08-09T13:58:00.771-0400] {dagbag.py:545} INFO - Filling up the DagBag from /Users/jakeliu/we-defend-truth-1/airflow_env/lib/python3.12/site-packages/airflow/example_dags/example_task_group_decorator.py
[2024-08-09T13:58:00.787-0400] {processor.py:840} INFO - DAG(s) 'example_task_group_decorator' retrieved from /Users/jakeliu/we-defend-truth-1/airflow_env/lib/python3.12/site-packages/airflow/example_dags/example_task_group_decorator.py
[2024-08-09T13:58:00.819-0400] {logging_mixin.py:188} INFO - [2024-08-09T13:58:00.818-0400] {dag.py:3089} INFO - Sync 1 DAGs
[2024-08-09T13:58:00.824-0400] {logging_mixin.py:188} INFO - [2024-08-09T13:58:00.824-0400] {dag.py:3947} INFO - Setting next_dagrun for example_task_group_decorator to 2024-08-08 00:00:00+00:00, run_after=2024-08-09 00:00:00+00:00
[2024-08-09T13:58:00.830-0400] {processor.py:183} INFO - Processing /Users/jakeliu/we-defend-truth-1/airflow_env/lib/python3.12/site-packages/airflow/example_dags/example_task_group_decorator.py took 0.061 seconds
