[2024-08-09T13:04:51.417-0400] {processor.py:161} INFO - Started process (PID=20920) to work on /Users/jakeliu/we-defend-truth-1/airflow_env/lib/python3.12/site-packages/airflow/example_dags/example_dynamic_task_mapping.py
[2024-08-09T13:04:51.417-0400] {processor.py:830} INFO - Processing file /Users/jakeliu/we-defend-truth-1/airflow_env/lib/python3.12/site-packages/airflow/example_dags/example_dynamic_task_mapping.py for tasks to queue
[2024-08-09T13:04:51.417-0400] {logging_mixin.py:188} INFO - [2024-08-09T13:04:51.417-0400] {dagbag.py:545} INFO - Filling up the DagBag from /Users/jakeliu/we-defend-truth-1/airflow_env/lib/python3.12/site-packages/airflow/example_dags/example_dynamic_task_mapping.py
[2024-08-09T13:04:51.431-0400] {processor.py:840} INFO - DAG(s) 'example_dynamic_task_mapping' retrieved from /Users/jakeliu/we-defend-truth-1/airflow_env/lib/python3.12/site-packages/airflow/example_dags/example_dynamic_task_mapping.py
[2024-08-09T13:04:51.495-0400] {logging_mixin.py:188} INFO - [2024-08-09T13:04:51.495-0400] {dag.py:3089} INFO - Sync 1 DAGs
[2024-08-09T13:04:51.500-0400] {logging_mixin.py:188} INFO - [2024-08-09T13:04:51.500-0400] {dag.py:3947} INFO - Setting next_dagrun for example_dynamic_task_mapping to 2022-03-04 00:00:00+00:00, run_after=2022-03-05 00:00:00+00:00
[2024-08-09T13:04:51.508-0400] {processor.py:183} INFO - Processing /Users/jakeliu/we-defend-truth-1/airflow_env/lib/python3.12/site-packages/airflow/example_dags/example_dynamic_task_mapping.py took 0.092 seconds
[2024-08-09T13:06:40.755-0400] {processor.py:161} INFO - Started process (PID=21047) to work on /Users/jakeliu/we-defend-truth-1/airflow_env/lib/python3.12/site-packages/airflow/example_dags/example_dynamic_task_mapping.py
[2024-08-09T13:06:40.757-0400] {processor.py:830} INFO - Processing file /Users/jakeliu/we-defend-truth-1/airflow_env/lib/python3.12/site-packages/airflow/example_dags/example_dynamic_task_mapping.py for tasks to queue
[2024-08-09T13:06:40.757-0400] {logging_mixin.py:188} INFO - [2024-08-09T13:06:40.757-0400] {dagbag.py:545} INFO - Filling up the DagBag from /Users/jakeliu/we-defend-truth-1/airflow_env/lib/python3.12/site-packages/airflow/example_dags/example_dynamic_task_mapping.py
[2024-08-09T13:06:40.770-0400] {processor.py:840} INFO - DAG(s) 'example_dynamic_task_mapping' retrieved from /Users/jakeliu/we-defend-truth-1/airflow_env/lib/python3.12/site-packages/airflow/example_dags/example_dynamic_task_mapping.py
[2024-08-09T13:06:40.799-0400] {logging_mixin.py:188} INFO - [2024-08-09T13:06:40.799-0400] {dag.py:3089} INFO - Sync 1 DAGs
[2024-08-09T13:06:40.804-0400] {logging_mixin.py:188} INFO - [2024-08-09T13:06:40.804-0400] {dag.py:3947} INFO - Setting next_dagrun for example_dynamic_task_mapping to 2022-03-04 00:00:00+00:00, run_after=2022-03-05 00:00:00+00:00
[2024-08-09T13:06:40.811-0400] {processor.py:183} INFO - Processing /Users/jakeliu/we-defend-truth-1/airflow_env/lib/python3.12/site-packages/airflow/example_dags/example_dynamic_task_mapping.py took 0.057 seconds
[2024-08-09T13:08:24.404-0400] {processor.py:161} INFO - Started process (PID=21191) to work on /Users/jakeliu/we-defend-truth-1/airflow_env/lib/python3.12/site-packages/airflow/example_dags/example_dynamic_task_mapping.py
[2024-08-09T13:08:24.405-0400] {processor.py:830} INFO - Processing file /Users/jakeliu/we-defend-truth-1/airflow_env/lib/python3.12/site-packages/airflow/example_dags/example_dynamic_task_mapping.py for tasks to queue
[2024-08-09T13:08:24.406-0400] {logging_mixin.py:188} INFO - [2024-08-09T13:08:24.406-0400] {dagbag.py:545} INFO - Filling up the DagBag from /Users/jakeliu/we-defend-truth-1/airflow_env/lib/python3.12/site-packages/airflow/example_dags/example_dynamic_task_mapping.py
[2024-08-09T13:08:24.420-0400] {processor.py:840} INFO - DAG(s) 'example_dynamic_task_mapping' retrieved from /Users/jakeliu/we-defend-truth-1/airflow_env/lib/python3.12/site-packages/airflow/example_dags/example_dynamic_task_mapping.py
[2024-08-09T13:08:24.450-0400] {logging_mixin.py:188} INFO - [2024-08-09T13:08:24.450-0400] {dag.py:3089} INFO - Sync 1 DAGs
[2024-08-09T13:08:24.455-0400] {logging_mixin.py:188} INFO - [2024-08-09T13:08:24.455-0400] {dag.py:3947} INFO - Setting next_dagrun for example_dynamic_task_mapping to 2022-03-04 00:00:00+00:00, run_after=2022-03-05 00:00:00+00:00
[2024-08-09T13:08:24.461-0400] {processor.py:183} INFO - Processing /Users/jakeliu/we-defend-truth-1/airflow_env/lib/python3.12/site-packages/airflow/example_dags/example_dynamic_task_mapping.py took 0.058 seconds
[2024-08-09T13:10:04.350-0400] {processor.py:161} INFO - Started process (PID=21305) to work on /Users/jakeliu/we-defend-truth-1/airflow_env/lib/python3.12/site-packages/airflow/example_dags/example_dynamic_task_mapping.py
[2024-08-09T13:10:04.351-0400] {processor.py:830} INFO - Processing file /Users/jakeliu/we-defend-truth-1/airflow_env/lib/python3.12/site-packages/airflow/example_dags/example_dynamic_task_mapping.py for tasks to queue
[2024-08-09T13:10:04.352-0400] {logging_mixin.py:188} INFO - [2024-08-09T13:10:04.352-0400] {dagbag.py:545} INFO - Filling up the DagBag from /Users/jakeliu/we-defend-truth-1/airflow_env/lib/python3.12/site-packages/airflow/example_dags/example_dynamic_task_mapping.py
[2024-08-09T13:10:04.366-0400] {processor.py:840} INFO - DAG(s) 'example_dynamic_task_mapping' retrieved from /Users/jakeliu/we-defend-truth-1/airflow_env/lib/python3.12/site-packages/airflow/example_dags/example_dynamic_task_mapping.py
[2024-08-09T13:10:04.401-0400] {logging_mixin.py:188} INFO - [2024-08-09T13:10:04.400-0400] {dag.py:3089} INFO - Sync 1 DAGs
[2024-08-09T13:10:04.406-0400] {logging_mixin.py:188} INFO - [2024-08-09T13:10:04.406-0400] {dag.py:3947} INFO - Setting next_dagrun for example_dynamic_task_mapping to 2022-03-04 00:00:00+00:00, run_after=2022-03-05 00:00:00+00:00
[2024-08-09T13:10:04.414-0400] {processor.py:183} INFO - Processing /Users/jakeliu/we-defend-truth-1/airflow_env/lib/python3.12/site-packages/airflow/example_dags/example_dynamic_task_mapping.py took 0.065 seconds
[2024-08-09T13:11:51.156-0400] {processor.py:161} INFO - Started process (PID=21411) to work on /Users/jakeliu/we-defend-truth-1/airflow_env/lib/python3.12/site-packages/airflow/example_dags/example_dynamic_task_mapping.py
[2024-08-09T13:11:51.157-0400] {processor.py:830} INFO - Processing file /Users/jakeliu/we-defend-truth-1/airflow_env/lib/python3.12/site-packages/airflow/example_dags/example_dynamic_task_mapping.py for tasks to queue
[2024-08-09T13:11:51.157-0400] {logging_mixin.py:188} INFO - [2024-08-09T13:11:51.157-0400] {dagbag.py:545} INFO - Filling up the DagBag from /Users/jakeliu/we-defend-truth-1/airflow_env/lib/python3.12/site-packages/airflow/example_dags/example_dynamic_task_mapping.py
[2024-08-09T13:11:51.171-0400] {processor.py:840} INFO - DAG(s) 'example_dynamic_task_mapping' retrieved from /Users/jakeliu/we-defend-truth-1/airflow_env/lib/python3.12/site-packages/airflow/example_dags/example_dynamic_task_mapping.py
[2024-08-09T13:11:51.200-0400] {logging_mixin.py:188} INFO - [2024-08-09T13:11:51.200-0400] {dag.py:3089} INFO - Sync 1 DAGs
[2024-08-09T13:11:51.205-0400] {logging_mixin.py:188} INFO - [2024-08-09T13:11:51.205-0400] {dag.py:3947} INFO - Setting next_dagrun for example_dynamic_task_mapping to 2022-03-04 00:00:00+00:00, run_after=2022-03-05 00:00:00+00:00
[2024-08-09T13:11:51.211-0400] {processor.py:183} INFO - Processing /Users/jakeliu/we-defend-truth-1/airflow_env/lib/python3.12/site-packages/airflow/example_dags/example_dynamic_task_mapping.py took 0.056 seconds
[2024-08-09T13:13:43.173-0400] {processor.py:161} INFO - Started process (PID=21509) to work on /Users/jakeliu/we-defend-truth-1/airflow_env/lib/python3.12/site-packages/airflow/example_dags/example_dynamic_task_mapping.py
[2024-08-09T13:13:43.175-0400] {processor.py:830} INFO - Processing file /Users/jakeliu/we-defend-truth-1/airflow_env/lib/python3.12/site-packages/airflow/example_dags/example_dynamic_task_mapping.py for tasks to queue
[2024-08-09T13:13:43.175-0400] {logging_mixin.py:188} INFO - [2024-08-09T13:13:43.175-0400] {dagbag.py:545} INFO - Filling up the DagBag from /Users/jakeliu/we-defend-truth-1/airflow_env/lib/python3.12/site-packages/airflow/example_dags/example_dynamic_task_mapping.py
[2024-08-09T13:13:43.188-0400] {processor.py:840} INFO - DAG(s) 'example_dynamic_task_mapping' retrieved from /Users/jakeliu/we-defend-truth-1/airflow_env/lib/python3.12/site-packages/airflow/example_dags/example_dynamic_task_mapping.py
[2024-08-09T13:13:43.218-0400] {logging_mixin.py:188} INFO - [2024-08-09T13:13:43.218-0400] {dag.py:3089} INFO - Sync 1 DAGs
[2024-08-09T13:13:43.223-0400] {logging_mixin.py:188} INFO - [2024-08-09T13:13:43.223-0400] {dag.py:3947} INFO - Setting next_dagrun for example_dynamic_task_mapping to 2022-03-04 00:00:00+00:00, run_after=2022-03-05 00:00:00+00:00
[2024-08-09T13:13:43.231-0400] {processor.py:183} INFO - Processing /Users/jakeliu/we-defend-truth-1/airflow_env/lib/python3.12/site-packages/airflow/example_dags/example_dynamic_task_mapping.py took 0.058 seconds
[2024-08-09T13:15:40.450-0400] {processor.py:161} INFO - Started process (PID=21623) to work on /Users/jakeliu/we-defend-truth-1/airflow_env/lib/python3.12/site-packages/airflow/example_dags/example_dynamic_task_mapping.py
[2024-08-09T13:15:40.451-0400] {processor.py:830} INFO - Processing file /Users/jakeliu/we-defend-truth-1/airflow_env/lib/python3.12/site-packages/airflow/example_dags/example_dynamic_task_mapping.py for tasks to queue
[2024-08-09T13:15:40.451-0400] {logging_mixin.py:188} INFO - [2024-08-09T13:15:40.451-0400] {dagbag.py:545} INFO - Filling up the DagBag from /Users/jakeliu/we-defend-truth-1/airflow_env/lib/python3.12/site-packages/airflow/example_dags/example_dynamic_task_mapping.py
[2024-08-09T13:15:40.465-0400] {processor.py:840} INFO - DAG(s) 'example_dynamic_task_mapping' retrieved from /Users/jakeliu/we-defend-truth-1/airflow_env/lib/python3.12/site-packages/airflow/example_dags/example_dynamic_task_mapping.py
[2024-08-09T13:15:40.494-0400] {logging_mixin.py:188} INFO - [2024-08-09T13:15:40.494-0400] {dag.py:3089} INFO - Sync 1 DAGs
[2024-08-09T13:15:40.499-0400] {logging_mixin.py:188} INFO - [2024-08-09T13:15:40.499-0400] {dag.py:3947} INFO - Setting next_dagrun for example_dynamic_task_mapping to 2022-03-04 00:00:00+00:00, run_after=2022-03-05 00:00:00+00:00
[2024-08-09T13:15:40.505-0400] {processor.py:183} INFO - Processing /Users/jakeliu/we-defend-truth-1/airflow_env/lib/python3.12/site-packages/airflow/example_dags/example_dynamic_task_mapping.py took 0.057 seconds
[2024-08-09T13:17:30.874-0400] {processor.py:161} INFO - Started process (PID=21791) to work on /Users/jakeliu/we-defend-truth-1/airflow_env/lib/python3.12/site-packages/airflow/example_dags/example_dynamic_task_mapping.py
[2024-08-09T13:17:30.875-0400] {processor.py:830} INFO - Processing file /Users/jakeliu/we-defend-truth-1/airflow_env/lib/python3.12/site-packages/airflow/example_dags/example_dynamic_task_mapping.py for tasks to queue
[2024-08-09T13:17:30.875-0400] {logging_mixin.py:188} INFO - [2024-08-09T13:17:30.875-0400] {dagbag.py:545} INFO - Filling up the DagBag from /Users/jakeliu/we-defend-truth-1/airflow_env/lib/python3.12/site-packages/airflow/example_dags/example_dynamic_task_mapping.py
[2024-08-09T13:17:30.889-0400] {processor.py:840} INFO - DAG(s) 'example_dynamic_task_mapping' retrieved from /Users/jakeliu/we-defend-truth-1/airflow_env/lib/python3.12/site-packages/airflow/example_dags/example_dynamic_task_mapping.py
[2024-08-09T13:17:30.919-0400] {logging_mixin.py:188} INFO - [2024-08-09T13:17:30.919-0400] {dag.py:3089} INFO - Sync 1 DAGs
[2024-08-09T13:17:30.924-0400] {logging_mixin.py:188} INFO - [2024-08-09T13:17:30.924-0400] {dag.py:3947} INFO - Setting next_dagrun for example_dynamic_task_mapping to 2022-03-04 00:00:00+00:00, run_after=2022-03-05 00:00:00+00:00
[2024-08-09T13:17:30.930-0400] {processor.py:183} INFO - Processing /Users/jakeliu/we-defend-truth-1/airflow_env/lib/python3.12/site-packages/airflow/example_dags/example_dynamic_task_mapping.py took 0.058 seconds
[2024-08-09T13:19:11.602-0400] {processor.py:161} INFO - Started process (PID=21893) to work on /Users/jakeliu/we-defend-truth-1/airflow_env/lib/python3.12/site-packages/airflow/example_dags/example_dynamic_task_mapping.py
[2024-08-09T13:19:11.602-0400] {processor.py:830} INFO - Processing file /Users/jakeliu/we-defend-truth-1/airflow_env/lib/python3.12/site-packages/airflow/example_dags/example_dynamic_task_mapping.py for tasks to queue
[2024-08-09T13:19:11.603-0400] {logging_mixin.py:188} INFO - [2024-08-09T13:19:11.603-0400] {dagbag.py:545} INFO - Filling up the DagBag from /Users/jakeliu/we-defend-truth-1/airflow_env/lib/python3.12/site-packages/airflow/example_dags/example_dynamic_task_mapping.py
[2024-08-09T13:19:11.619-0400] {processor.py:840} INFO - DAG(s) 'example_dynamic_task_mapping' retrieved from /Users/jakeliu/we-defend-truth-1/airflow_env/lib/python3.12/site-packages/airflow/example_dags/example_dynamic_task_mapping.py
[2024-08-09T13:19:11.654-0400] {logging_mixin.py:188} INFO - [2024-08-09T13:19:11.654-0400] {dag.py:3089} INFO - Sync 1 DAGs
[2024-08-09T13:19:11.660-0400] {logging_mixin.py:188} INFO - [2024-08-09T13:19:11.660-0400] {dag.py:3947} INFO - Setting next_dagrun for example_dynamic_task_mapping to 2022-03-04 00:00:00+00:00, run_after=2022-03-05 00:00:00+00:00
[2024-08-09T13:19:11.667-0400] {processor.py:183} INFO - Processing /Users/jakeliu/we-defend-truth-1/airflow_env/lib/python3.12/site-packages/airflow/example_dags/example_dynamic_task_mapping.py took 0.066 seconds
[2024-08-09T13:20:54.059-0400] {processor.py:161} INFO - Started process (PID=22553) to work on /Users/jakeliu/we-defend-truth-1/airflow_env/lib/python3.12/site-packages/airflow/example_dags/example_dynamic_task_mapping.py
[2024-08-09T13:20:54.060-0400] {processor.py:830} INFO - Processing file /Users/jakeliu/we-defend-truth-1/airflow_env/lib/python3.12/site-packages/airflow/example_dags/example_dynamic_task_mapping.py for tasks to queue
[2024-08-09T13:20:54.060-0400] {logging_mixin.py:188} INFO - [2024-08-09T13:20:54.060-0400] {dagbag.py:545} INFO - Filling up the DagBag from /Users/jakeliu/we-defend-truth-1/airflow_env/lib/python3.12/site-packages/airflow/example_dags/example_dynamic_task_mapping.py
[2024-08-09T13:20:54.074-0400] {processor.py:840} INFO - DAG(s) 'example_dynamic_task_mapping' retrieved from /Users/jakeliu/we-defend-truth-1/airflow_env/lib/python3.12/site-packages/airflow/example_dags/example_dynamic_task_mapping.py
[2024-08-09T13:20:54.107-0400] {logging_mixin.py:188} INFO - [2024-08-09T13:20:54.106-0400] {dag.py:3089} INFO - Sync 1 DAGs
[2024-08-09T13:20:54.112-0400] {logging_mixin.py:188} INFO - [2024-08-09T13:20:54.112-0400] {dag.py:3947} INFO - Setting next_dagrun for example_dynamic_task_mapping to 2022-03-04 00:00:00+00:00, run_after=2022-03-05 00:00:00+00:00
[2024-08-09T13:20:54.119-0400] {processor.py:183} INFO - Processing /Users/jakeliu/we-defend-truth-1/airflow_env/lib/python3.12/site-packages/airflow/example_dags/example_dynamic_task_mapping.py took 0.060 seconds
[2024-08-09T13:22:37.218-0400] {processor.py:161} INFO - Started process (PID=22654) to work on /Users/jakeliu/we-defend-truth-1/airflow_env/lib/python3.12/site-packages/airflow/example_dags/example_dynamic_task_mapping.py
[2024-08-09T13:22:37.219-0400] {processor.py:830} INFO - Processing file /Users/jakeliu/we-defend-truth-1/airflow_env/lib/python3.12/site-packages/airflow/example_dags/example_dynamic_task_mapping.py for tasks to queue
[2024-08-09T13:22:37.219-0400] {logging_mixin.py:188} INFO - [2024-08-09T13:22:37.219-0400] {dagbag.py:545} INFO - Filling up the DagBag from /Users/jakeliu/we-defend-truth-1/airflow_env/lib/python3.12/site-packages/airflow/example_dags/example_dynamic_task_mapping.py
[2024-08-09T13:22:37.233-0400] {processor.py:840} INFO - DAG(s) 'example_dynamic_task_mapping' retrieved from /Users/jakeliu/we-defend-truth-1/airflow_env/lib/python3.12/site-packages/airflow/example_dags/example_dynamic_task_mapping.py
[2024-08-09T13:22:37.262-0400] {logging_mixin.py:188} INFO - [2024-08-09T13:22:37.262-0400] {dag.py:3089} INFO - Sync 1 DAGs
[2024-08-09T13:22:37.267-0400] {logging_mixin.py:188} INFO - [2024-08-09T13:22:37.267-0400] {dag.py:3947} INFO - Setting next_dagrun for example_dynamic_task_mapping to 2022-03-04 00:00:00+00:00, run_after=2022-03-05 00:00:00+00:00
[2024-08-09T13:22:37.274-0400] {processor.py:183} INFO - Processing /Users/jakeliu/we-defend-truth-1/airflow_env/lib/python3.12/site-packages/airflow/example_dags/example_dynamic_task_mapping.py took 0.057 seconds
[2024-08-09T13:24:18.567-0400] {processor.py:161} INFO - Started process (PID=22760) to work on /Users/jakeliu/we-defend-truth-1/airflow_env/lib/python3.12/site-packages/airflow/example_dags/example_dynamic_task_mapping.py
[2024-08-09T13:24:18.567-0400] {processor.py:830} INFO - Processing file /Users/jakeliu/we-defend-truth-1/airflow_env/lib/python3.12/site-packages/airflow/example_dags/example_dynamic_task_mapping.py for tasks to queue
[2024-08-09T13:24:18.567-0400] {logging_mixin.py:188} INFO - [2024-08-09T13:24:18.567-0400] {dagbag.py:545} INFO - Filling up the DagBag from /Users/jakeliu/we-defend-truth-1/airflow_env/lib/python3.12/site-packages/airflow/example_dags/example_dynamic_task_mapping.py
[2024-08-09T13:24:18.581-0400] {processor.py:840} INFO - DAG(s) 'example_dynamic_task_mapping' retrieved from /Users/jakeliu/we-defend-truth-1/airflow_env/lib/python3.12/site-packages/airflow/example_dags/example_dynamic_task_mapping.py
[2024-08-09T13:24:18.610-0400] {logging_mixin.py:188} INFO - [2024-08-09T13:24:18.610-0400] {dag.py:3089} INFO - Sync 1 DAGs
[2024-08-09T13:24:18.615-0400] {logging_mixin.py:188} INFO - [2024-08-09T13:24:18.615-0400] {dag.py:3947} INFO - Setting next_dagrun for example_dynamic_task_mapping to 2022-03-04 00:00:00+00:00, run_after=2022-03-05 00:00:00+00:00
[2024-08-09T13:24:18.623-0400] {processor.py:183} INFO - Processing /Users/jakeliu/we-defend-truth-1/airflow_env/lib/python3.12/site-packages/airflow/example_dags/example_dynamic_task_mapping.py took 0.057 seconds
[2024-08-09T13:26:14.470-0400] {processor.py:161} INFO - Started process (PID=22897) to work on /Users/jakeliu/we-defend-truth-1/airflow_env/lib/python3.12/site-packages/airflow/example_dags/example_dynamic_task_mapping.py
[2024-08-09T13:26:14.471-0400] {processor.py:830} INFO - Processing file /Users/jakeliu/we-defend-truth-1/airflow_env/lib/python3.12/site-packages/airflow/example_dags/example_dynamic_task_mapping.py for tasks to queue
[2024-08-09T13:26:14.471-0400] {logging_mixin.py:188} INFO - [2024-08-09T13:26:14.471-0400] {dagbag.py:545} INFO - Filling up the DagBag from /Users/jakeliu/we-defend-truth-1/airflow_env/lib/python3.12/site-packages/airflow/example_dags/example_dynamic_task_mapping.py
[2024-08-09T13:26:14.485-0400] {processor.py:840} INFO - DAG(s) 'example_dynamic_task_mapping' retrieved from /Users/jakeliu/we-defend-truth-1/airflow_env/lib/python3.12/site-packages/airflow/example_dags/example_dynamic_task_mapping.py
[2024-08-09T13:26:14.514-0400] {logging_mixin.py:188} INFO - [2024-08-09T13:26:14.514-0400] {dag.py:3089} INFO - Sync 1 DAGs
[2024-08-09T13:26:14.519-0400] {logging_mixin.py:188} INFO - [2024-08-09T13:26:14.519-0400] {dag.py:3947} INFO - Setting next_dagrun for example_dynamic_task_mapping to 2022-03-04 00:00:00+00:00, run_after=2022-03-05 00:00:00+00:00
[2024-08-09T13:26:14.525-0400] {processor.py:183} INFO - Processing /Users/jakeliu/we-defend-truth-1/airflow_env/lib/python3.12/site-packages/airflow/example_dags/example_dynamic_task_mapping.py took 0.057 seconds
[2024-08-09T13:28:11.466-0400] {processor.py:161} INFO - Started process (PID=23126) to work on /Users/jakeliu/we-defend-truth-1/airflow_env/lib/python3.12/site-packages/airflow/example_dags/example_dynamic_task_mapping.py
[2024-08-09T13:28:11.467-0400] {processor.py:830} INFO - Processing file /Users/jakeliu/we-defend-truth-1/airflow_env/lib/python3.12/site-packages/airflow/example_dags/example_dynamic_task_mapping.py for tasks to queue
[2024-08-09T13:28:11.467-0400] {logging_mixin.py:188} INFO - [2024-08-09T13:28:11.467-0400] {dagbag.py:545} INFO - Filling up the DagBag from /Users/jakeliu/we-defend-truth-1/airflow_env/lib/python3.12/site-packages/airflow/example_dags/example_dynamic_task_mapping.py
[2024-08-09T13:28:11.481-0400] {processor.py:840} INFO - DAG(s) 'example_dynamic_task_mapping' retrieved from /Users/jakeliu/we-defend-truth-1/airflow_env/lib/python3.12/site-packages/airflow/example_dags/example_dynamic_task_mapping.py
[2024-08-09T13:28:11.510-0400] {logging_mixin.py:188} INFO - [2024-08-09T13:28:11.510-0400] {dag.py:3089} INFO - Sync 1 DAGs
[2024-08-09T13:28:11.515-0400] {logging_mixin.py:188} INFO - [2024-08-09T13:28:11.515-0400] {dag.py:3947} INFO - Setting next_dagrun for example_dynamic_task_mapping to 2022-03-04 00:00:00+00:00, run_after=2022-03-05 00:00:00+00:00
[2024-08-09T13:28:11.521-0400] {processor.py:183} INFO - Processing /Users/jakeliu/we-defend-truth-1/airflow_env/lib/python3.12/site-packages/airflow/example_dags/example_dynamic_task_mapping.py took 0.056 seconds
[2024-08-09T13:30:01.632-0400] {processor.py:161} INFO - Started process (PID=23398) to work on /Users/jakeliu/we-defend-truth-1/airflow_env/lib/python3.12/site-packages/airflow/example_dags/example_dynamic_task_mapping.py
[2024-08-09T13:30:01.633-0400] {processor.py:830} INFO - Processing file /Users/jakeliu/we-defend-truth-1/airflow_env/lib/python3.12/site-packages/airflow/example_dags/example_dynamic_task_mapping.py for tasks to queue
[2024-08-09T13:30:01.633-0400] {logging_mixin.py:188} INFO - [2024-08-09T13:30:01.633-0400] {dagbag.py:545} INFO - Filling up the DagBag from /Users/jakeliu/we-defend-truth-1/airflow_env/lib/python3.12/site-packages/airflow/example_dags/example_dynamic_task_mapping.py
[2024-08-09T13:30:01.647-0400] {processor.py:840} INFO - DAG(s) 'example_dynamic_task_mapping' retrieved from /Users/jakeliu/we-defend-truth-1/airflow_env/lib/python3.12/site-packages/airflow/example_dags/example_dynamic_task_mapping.py
[2024-08-09T13:30:01.676-0400] {logging_mixin.py:188} INFO - [2024-08-09T13:30:01.676-0400] {dag.py:3089} INFO - Sync 1 DAGs
[2024-08-09T13:30:01.681-0400] {logging_mixin.py:188} INFO - [2024-08-09T13:30:01.681-0400] {dag.py:3947} INFO - Setting next_dagrun for example_dynamic_task_mapping to 2022-03-04 00:00:00+00:00, run_after=2022-03-05 00:00:00+00:00
[2024-08-09T13:30:01.687-0400] {processor.py:183} INFO - Processing /Users/jakeliu/we-defend-truth-1/airflow_env/lib/python3.12/site-packages/airflow/example_dags/example_dynamic_task_mapping.py took 0.055 seconds
[2024-08-09T13:31:58.527-0400] {processor.py:161} INFO - Started process (PID=23607) to work on /Users/jakeliu/we-defend-truth-1/airflow_env/lib/python3.12/site-packages/airflow/example_dags/example_dynamic_task_mapping.py
[2024-08-09T13:31:58.527-0400] {processor.py:830} INFO - Processing file /Users/jakeliu/we-defend-truth-1/airflow_env/lib/python3.12/site-packages/airflow/example_dags/example_dynamic_task_mapping.py for tasks to queue
[2024-08-09T13:31:58.528-0400] {logging_mixin.py:188} INFO - [2024-08-09T13:31:58.528-0400] {dagbag.py:545} INFO - Filling up the DagBag from /Users/jakeliu/we-defend-truth-1/airflow_env/lib/python3.12/site-packages/airflow/example_dags/example_dynamic_task_mapping.py
[2024-08-09T13:31:58.542-0400] {processor.py:840} INFO - DAG(s) 'example_dynamic_task_mapping' retrieved from /Users/jakeliu/we-defend-truth-1/airflow_env/lib/python3.12/site-packages/airflow/example_dags/example_dynamic_task_mapping.py
[2024-08-09T13:31:58.573-0400] {logging_mixin.py:188} INFO - [2024-08-09T13:31:58.573-0400] {dag.py:3089} INFO - Sync 1 DAGs
[2024-08-09T13:31:58.578-0400] {logging_mixin.py:188} INFO - [2024-08-09T13:31:58.578-0400] {dag.py:3947} INFO - Setting next_dagrun for example_dynamic_task_mapping to 2022-03-04 00:00:00+00:00, run_after=2022-03-05 00:00:00+00:00
[2024-08-09T13:31:58.585-0400] {processor.py:183} INFO - Processing /Users/jakeliu/we-defend-truth-1/airflow_env/lib/python3.12/site-packages/airflow/example_dags/example_dynamic_task_mapping.py took 0.059 seconds
[2024-08-09T13:33:52.739-0400] {processor.py:161} INFO - Started process (PID=23720) to work on /Users/jakeliu/we-defend-truth-1/airflow_env/lib/python3.12/site-packages/airflow/example_dags/example_dynamic_task_mapping.py
[2024-08-09T13:33:52.740-0400] {processor.py:830} INFO - Processing file /Users/jakeliu/we-defend-truth-1/airflow_env/lib/python3.12/site-packages/airflow/example_dags/example_dynamic_task_mapping.py for tasks to queue
[2024-08-09T13:33:52.741-0400] {logging_mixin.py:188} INFO - [2024-08-09T13:33:52.740-0400] {dagbag.py:545} INFO - Filling up the DagBag from /Users/jakeliu/we-defend-truth-1/airflow_env/lib/python3.12/site-packages/airflow/example_dags/example_dynamic_task_mapping.py
[2024-08-09T13:33:52.757-0400] {processor.py:840} INFO - DAG(s) 'example_dynamic_task_mapping' retrieved from /Users/jakeliu/we-defend-truth-1/airflow_env/lib/python3.12/site-packages/airflow/example_dags/example_dynamic_task_mapping.py
[2024-08-09T13:33:52.791-0400] {logging_mixin.py:188} INFO - [2024-08-09T13:33:52.790-0400] {dag.py:3089} INFO - Sync 1 DAGs
[2024-08-09T13:33:52.797-0400] {logging_mixin.py:188} INFO - [2024-08-09T13:33:52.796-0400] {dag.py:3947} INFO - Setting next_dagrun for example_dynamic_task_mapping to 2022-03-04 00:00:00+00:00, run_after=2022-03-05 00:00:00+00:00
[2024-08-09T13:33:52.805-0400] {processor.py:183} INFO - Processing /Users/jakeliu/we-defend-truth-1/airflow_env/lib/python3.12/site-packages/airflow/example_dags/example_dynamic_task_mapping.py took 0.067 seconds
[2024-08-09T13:35:38.211-0400] {processor.py:161} INFO - Started process (PID=23869) to work on /Users/jakeliu/we-defend-truth-1/airflow_env/lib/python3.12/site-packages/airflow/example_dags/example_dynamic_task_mapping.py
[2024-08-09T13:35:38.213-0400] {processor.py:830} INFO - Processing file /Users/jakeliu/we-defend-truth-1/airflow_env/lib/python3.12/site-packages/airflow/example_dags/example_dynamic_task_mapping.py for tasks to queue
[2024-08-09T13:35:38.213-0400] {logging_mixin.py:188} INFO - [2024-08-09T13:35:38.213-0400] {dagbag.py:545} INFO - Filling up the DagBag from /Users/jakeliu/we-defend-truth-1/airflow_env/lib/python3.12/site-packages/airflow/example_dags/example_dynamic_task_mapping.py
[2024-08-09T13:35:38.226-0400] {processor.py:840} INFO - DAG(s) 'example_dynamic_task_mapping' retrieved from /Users/jakeliu/we-defend-truth-1/airflow_env/lib/python3.12/site-packages/airflow/example_dags/example_dynamic_task_mapping.py
[2024-08-09T13:35:38.256-0400] {logging_mixin.py:188} INFO - [2024-08-09T13:35:38.255-0400] {dag.py:3089} INFO - Sync 1 DAGs
[2024-08-09T13:35:38.260-0400] {logging_mixin.py:188} INFO - [2024-08-09T13:35:38.260-0400] {dag.py:3947} INFO - Setting next_dagrun for example_dynamic_task_mapping to 2022-03-04 00:00:00+00:00, run_after=2022-03-05 00:00:00+00:00
[2024-08-09T13:35:38.267-0400] {processor.py:183} INFO - Processing /Users/jakeliu/we-defend-truth-1/airflow_env/lib/python3.12/site-packages/airflow/example_dags/example_dynamic_task_mapping.py took 0.056 seconds
[2024-08-09T13:37:25.768-0400] {processor.py:161} INFO - Started process (PID=23960) to work on /Users/jakeliu/we-defend-truth-1/airflow_env/lib/python3.12/site-packages/airflow/example_dags/example_dynamic_task_mapping.py
[2024-08-09T13:37:25.769-0400] {processor.py:830} INFO - Processing file /Users/jakeliu/we-defend-truth-1/airflow_env/lib/python3.12/site-packages/airflow/example_dags/example_dynamic_task_mapping.py for tasks to queue
[2024-08-09T13:37:25.769-0400] {logging_mixin.py:188} INFO - [2024-08-09T13:37:25.769-0400] {dagbag.py:545} INFO - Filling up the DagBag from /Users/jakeliu/we-defend-truth-1/airflow_env/lib/python3.12/site-packages/airflow/example_dags/example_dynamic_task_mapping.py
[2024-08-09T13:37:25.783-0400] {processor.py:840} INFO - DAG(s) 'example_dynamic_task_mapping' retrieved from /Users/jakeliu/we-defend-truth-1/airflow_env/lib/python3.12/site-packages/airflow/example_dags/example_dynamic_task_mapping.py
[2024-08-09T13:37:25.813-0400] {logging_mixin.py:188} INFO - [2024-08-09T13:37:25.813-0400] {dag.py:3089} INFO - Sync 1 DAGs
[2024-08-09T13:37:25.818-0400] {logging_mixin.py:188} INFO - [2024-08-09T13:37:25.818-0400] {dag.py:3947} INFO - Setting next_dagrun for example_dynamic_task_mapping to 2022-03-04 00:00:00+00:00, run_after=2022-03-05 00:00:00+00:00
[2024-08-09T13:37:25.824-0400] {processor.py:183} INFO - Processing /Users/jakeliu/we-defend-truth-1/airflow_env/lib/python3.12/site-packages/airflow/example_dags/example_dynamic_task_mapping.py took 0.058 seconds
[2024-08-09T13:39:23.201-0400] {processor.py:161} INFO - Started process (PID=24037) to work on /Users/jakeliu/we-defend-truth-1/airflow_env/lib/python3.12/site-packages/airflow/example_dags/example_dynamic_task_mapping.py
[2024-08-09T13:39:23.202-0400] {processor.py:830} INFO - Processing file /Users/jakeliu/we-defend-truth-1/airflow_env/lib/python3.12/site-packages/airflow/example_dags/example_dynamic_task_mapping.py for tasks to queue
[2024-08-09T13:39:23.202-0400] {logging_mixin.py:188} INFO - [2024-08-09T13:39:23.202-0400] {dagbag.py:545} INFO - Filling up the DagBag from /Users/jakeliu/we-defend-truth-1/airflow_env/lib/python3.12/site-packages/airflow/example_dags/example_dynamic_task_mapping.py
[2024-08-09T13:39:23.216-0400] {processor.py:840} INFO - DAG(s) 'example_dynamic_task_mapping' retrieved from /Users/jakeliu/we-defend-truth-1/airflow_env/lib/python3.12/site-packages/airflow/example_dags/example_dynamic_task_mapping.py
[2024-08-09T13:39:23.245-0400] {logging_mixin.py:188} INFO - [2024-08-09T13:39:23.245-0400] {dag.py:3089} INFO - Sync 1 DAGs
[2024-08-09T13:39:23.250-0400] {logging_mixin.py:188} INFO - [2024-08-09T13:39:23.250-0400] {dag.py:3947} INFO - Setting next_dagrun for example_dynamic_task_mapping to 2022-03-04 00:00:00+00:00, run_after=2022-03-05 00:00:00+00:00
[2024-08-09T13:39:23.257-0400] {processor.py:183} INFO - Processing /Users/jakeliu/we-defend-truth-1/airflow_env/lib/python3.12/site-packages/airflow/example_dags/example_dynamic_task_mapping.py took 0.057 seconds
[2024-08-09T13:41:09.071-0400] {processor.py:161} INFO - Started process (PID=24142) to work on /Users/jakeliu/we-defend-truth-1/airflow_env/lib/python3.12/site-packages/airflow/example_dags/example_dynamic_task_mapping.py
[2024-08-09T13:41:09.072-0400] {processor.py:830} INFO - Processing file /Users/jakeliu/we-defend-truth-1/airflow_env/lib/python3.12/site-packages/airflow/example_dags/example_dynamic_task_mapping.py for tasks to queue
[2024-08-09T13:41:09.072-0400] {logging_mixin.py:188} INFO - [2024-08-09T13:41:09.072-0400] {dagbag.py:545} INFO - Filling up the DagBag from /Users/jakeliu/we-defend-truth-1/airflow_env/lib/python3.12/site-packages/airflow/example_dags/example_dynamic_task_mapping.py
[2024-08-09T13:41:09.086-0400] {processor.py:840} INFO - DAG(s) 'example_dynamic_task_mapping' retrieved from /Users/jakeliu/we-defend-truth-1/airflow_env/lib/python3.12/site-packages/airflow/example_dags/example_dynamic_task_mapping.py
[2024-08-09T13:41:09.115-0400] {logging_mixin.py:188} INFO - [2024-08-09T13:41:09.115-0400] {dag.py:3089} INFO - Sync 1 DAGs
[2024-08-09T13:41:09.120-0400] {logging_mixin.py:188} INFO - [2024-08-09T13:41:09.120-0400] {dag.py:3947} INFO - Setting next_dagrun for example_dynamic_task_mapping to 2022-03-04 00:00:00+00:00, run_after=2022-03-05 00:00:00+00:00
[2024-08-09T13:41:09.128-0400] {processor.py:183} INFO - Processing /Users/jakeliu/we-defend-truth-1/airflow_env/lib/python3.12/site-packages/airflow/example_dags/example_dynamic_task_mapping.py took 0.057 seconds
[2024-08-09T13:43:02.733-0400] {processor.py:161} INFO - Started process (PID=24344) to work on /Users/jakeliu/we-defend-truth-1/airflow_env/lib/python3.12/site-packages/airflow/example_dags/example_dynamic_task_mapping.py
[2024-08-09T13:43:02.734-0400] {processor.py:830} INFO - Processing file /Users/jakeliu/we-defend-truth-1/airflow_env/lib/python3.12/site-packages/airflow/example_dags/example_dynamic_task_mapping.py for tasks to queue
[2024-08-09T13:43:02.734-0400] {logging_mixin.py:188} INFO - [2024-08-09T13:43:02.734-0400] {dagbag.py:545} INFO - Filling up the DagBag from /Users/jakeliu/we-defend-truth-1/airflow_env/lib/python3.12/site-packages/airflow/example_dags/example_dynamic_task_mapping.py
[2024-08-09T13:43:02.748-0400] {processor.py:840} INFO - DAG(s) 'example_dynamic_task_mapping' retrieved from /Users/jakeliu/we-defend-truth-1/airflow_env/lib/python3.12/site-packages/airflow/example_dags/example_dynamic_task_mapping.py
[2024-08-09T13:43:02.778-0400] {logging_mixin.py:188} INFO - [2024-08-09T13:43:02.778-0400] {dag.py:3089} INFO - Sync 1 DAGs
[2024-08-09T13:43:02.783-0400] {logging_mixin.py:188} INFO - [2024-08-09T13:43:02.783-0400] {dag.py:3947} INFO - Setting next_dagrun for example_dynamic_task_mapping to 2022-03-04 00:00:00+00:00, run_after=2022-03-05 00:00:00+00:00
[2024-08-09T13:43:02.790-0400] {processor.py:183} INFO - Processing /Users/jakeliu/we-defend-truth-1/airflow_env/lib/python3.12/site-packages/airflow/example_dags/example_dynamic_task_mapping.py took 0.058 seconds
[2024-08-09T13:44:43.980-0400] {processor.py:161} INFO - Started process (PID=24413) to work on /Users/jakeliu/we-defend-truth-1/airflow_env/lib/python3.12/site-packages/airflow/example_dags/example_dynamic_task_mapping.py
[2024-08-09T13:44:43.981-0400] {processor.py:830} INFO - Processing file /Users/jakeliu/we-defend-truth-1/airflow_env/lib/python3.12/site-packages/airflow/example_dags/example_dynamic_task_mapping.py for tasks to queue
[2024-08-09T13:44:43.981-0400] {logging_mixin.py:188} INFO - [2024-08-09T13:44:43.981-0400] {dagbag.py:545} INFO - Filling up the DagBag from /Users/jakeliu/we-defend-truth-1/airflow_env/lib/python3.12/site-packages/airflow/example_dags/example_dynamic_task_mapping.py
[2024-08-09T13:44:43.997-0400] {processor.py:840} INFO - DAG(s) 'example_dynamic_task_mapping' retrieved from /Users/jakeliu/we-defend-truth-1/airflow_env/lib/python3.12/site-packages/airflow/example_dags/example_dynamic_task_mapping.py
[2024-08-09T13:44:44.029-0400] {logging_mixin.py:188} INFO - [2024-08-09T13:44:44.029-0400] {dag.py:3089} INFO - Sync 1 DAGs
[2024-08-09T13:44:44.034-0400] {logging_mixin.py:188} INFO - [2024-08-09T13:44:44.034-0400] {dag.py:3947} INFO - Setting next_dagrun for example_dynamic_task_mapping to 2022-03-04 00:00:00+00:00, run_after=2022-03-05 00:00:00+00:00
[2024-08-09T13:44:44.041-0400] {processor.py:183} INFO - Processing /Users/jakeliu/we-defend-truth-1/airflow_env/lib/python3.12/site-packages/airflow/example_dags/example_dynamic_task_mapping.py took 0.062 seconds
[2024-08-09T13:46:26.107-0400] {processor.py:161} INFO - Started process (PID=24484) to work on /Users/jakeliu/we-defend-truth-1/airflow_env/lib/python3.12/site-packages/airflow/example_dags/example_dynamic_task_mapping.py
[2024-08-09T13:46:26.107-0400] {processor.py:830} INFO - Processing file /Users/jakeliu/we-defend-truth-1/airflow_env/lib/python3.12/site-packages/airflow/example_dags/example_dynamic_task_mapping.py for tasks to queue
[2024-08-09T13:46:26.107-0400] {logging_mixin.py:188} INFO - [2024-08-09T13:46:26.107-0400] {dagbag.py:545} INFO - Filling up the DagBag from /Users/jakeliu/we-defend-truth-1/airflow_env/lib/python3.12/site-packages/airflow/example_dags/example_dynamic_task_mapping.py
[2024-08-09T13:46:26.121-0400] {processor.py:840} INFO - DAG(s) 'example_dynamic_task_mapping' retrieved from /Users/jakeliu/we-defend-truth-1/airflow_env/lib/python3.12/site-packages/airflow/example_dags/example_dynamic_task_mapping.py
[2024-08-09T13:46:26.151-0400] {logging_mixin.py:188} INFO - [2024-08-09T13:46:26.150-0400] {dag.py:3089} INFO - Sync 1 DAGs
[2024-08-09T13:46:26.155-0400] {logging_mixin.py:188} INFO - [2024-08-09T13:46:26.155-0400] {dag.py:3947} INFO - Setting next_dagrun for example_dynamic_task_mapping to 2022-03-04 00:00:00+00:00, run_after=2022-03-05 00:00:00+00:00
[2024-08-09T13:46:26.162-0400] {processor.py:183} INFO - Processing /Users/jakeliu/we-defend-truth-1/airflow_env/lib/python3.12/site-packages/airflow/example_dags/example_dynamic_task_mapping.py took 0.056 seconds
[2024-08-09T13:48:06.166-0400] {processor.py:161} INFO - Started process (PID=24556) to work on /Users/jakeliu/we-defend-truth-1/airflow_env/lib/python3.12/site-packages/airflow/example_dags/example_dynamic_task_mapping.py
[2024-08-09T13:48:06.167-0400] {processor.py:830} INFO - Processing file /Users/jakeliu/we-defend-truth-1/airflow_env/lib/python3.12/site-packages/airflow/example_dags/example_dynamic_task_mapping.py for tasks to queue
[2024-08-09T13:48:06.167-0400] {logging_mixin.py:188} INFO - [2024-08-09T13:48:06.167-0400] {dagbag.py:545} INFO - Filling up the DagBag from /Users/jakeliu/we-defend-truth-1/airflow_env/lib/python3.12/site-packages/airflow/example_dags/example_dynamic_task_mapping.py
[2024-08-09T13:48:06.181-0400] {processor.py:840} INFO - DAG(s) 'example_dynamic_task_mapping' retrieved from /Users/jakeliu/we-defend-truth-1/airflow_env/lib/python3.12/site-packages/airflow/example_dags/example_dynamic_task_mapping.py
[2024-08-09T13:48:06.210-0400] {logging_mixin.py:188} INFO - [2024-08-09T13:48:06.210-0400] {dag.py:3089} INFO - Sync 1 DAGs
[2024-08-09T13:48:06.215-0400] {logging_mixin.py:188} INFO - [2024-08-09T13:48:06.215-0400] {dag.py:3947} INFO - Setting next_dagrun for example_dynamic_task_mapping to 2022-03-04 00:00:00+00:00, run_after=2022-03-05 00:00:00+00:00
[2024-08-09T13:48:06.222-0400] {processor.py:183} INFO - Processing /Users/jakeliu/we-defend-truth-1/airflow_env/lib/python3.12/site-packages/airflow/example_dags/example_dynamic_task_mapping.py took 0.057 seconds
[2024-08-09T13:49:46.577-0400] {processor.py:161} INFO - Started process (PID=24627) to work on /Users/jakeliu/we-defend-truth-1/airflow_env/lib/python3.12/site-packages/airflow/example_dags/example_dynamic_task_mapping.py
[2024-08-09T13:49:46.578-0400] {processor.py:830} INFO - Processing file /Users/jakeliu/we-defend-truth-1/airflow_env/lib/python3.12/site-packages/airflow/example_dags/example_dynamic_task_mapping.py for tasks to queue
[2024-08-09T13:49:46.578-0400] {logging_mixin.py:188} INFO - [2024-08-09T13:49:46.578-0400] {dagbag.py:545} INFO - Filling up the DagBag from /Users/jakeliu/we-defend-truth-1/airflow_env/lib/python3.12/site-packages/airflow/example_dags/example_dynamic_task_mapping.py
[2024-08-09T13:49:46.592-0400] {processor.py:840} INFO - DAG(s) 'example_dynamic_task_mapping' retrieved from /Users/jakeliu/we-defend-truth-1/airflow_env/lib/python3.12/site-packages/airflow/example_dags/example_dynamic_task_mapping.py
[2024-08-09T13:49:46.621-0400] {logging_mixin.py:188} INFO - [2024-08-09T13:49:46.621-0400] {dag.py:3089} INFO - Sync 1 DAGs
[2024-08-09T13:49:46.626-0400] {logging_mixin.py:188} INFO - [2024-08-09T13:49:46.626-0400] {dag.py:3947} INFO - Setting next_dagrun for example_dynamic_task_mapping to 2022-03-04 00:00:00+00:00, run_after=2022-03-05 00:00:00+00:00
[2024-08-09T13:49:46.632-0400] {processor.py:183} INFO - Processing /Users/jakeliu/we-defend-truth-1/airflow_env/lib/python3.12/site-packages/airflow/example_dags/example_dynamic_task_mapping.py took 0.056 seconds
[2024-08-09T13:51:27.592-0400] {processor.py:161} INFO - Started process (PID=24716) to work on /Users/jakeliu/we-defend-truth-1/airflow_env/lib/python3.12/site-packages/airflow/example_dags/example_dynamic_task_mapping.py
[2024-08-09T13:51:27.593-0400] {processor.py:830} INFO - Processing file /Users/jakeliu/we-defend-truth-1/airflow_env/lib/python3.12/site-packages/airflow/example_dags/example_dynamic_task_mapping.py for tasks to queue
[2024-08-09T13:51:27.594-0400] {logging_mixin.py:188} INFO - [2024-08-09T13:51:27.593-0400] {dagbag.py:545} INFO - Filling up the DagBag from /Users/jakeliu/we-defend-truth-1/airflow_env/lib/python3.12/site-packages/airflow/example_dags/example_dynamic_task_mapping.py
[2024-08-09T13:51:27.607-0400] {processor.py:840} INFO - DAG(s) 'example_dynamic_task_mapping' retrieved from /Users/jakeliu/we-defend-truth-1/airflow_env/lib/python3.12/site-packages/airflow/example_dags/example_dynamic_task_mapping.py
[2024-08-09T13:51:27.636-0400] {logging_mixin.py:188} INFO - [2024-08-09T13:51:27.636-0400] {dag.py:3089} INFO - Sync 1 DAGs
[2024-08-09T13:51:27.641-0400] {logging_mixin.py:188} INFO - [2024-08-09T13:51:27.641-0400] {dag.py:3947} INFO - Setting next_dagrun for example_dynamic_task_mapping to 2022-03-04 00:00:00+00:00, run_after=2022-03-05 00:00:00+00:00
[2024-08-09T13:51:27.647-0400] {processor.py:183} INFO - Processing /Users/jakeliu/we-defend-truth-1/airflow_env/lib/python3.12/site-packages/airflow/example_dags/example_dynamic_task_mapping.py took 0.056 seconds
[2024-08-09T13:53:18.864-0400] {processor.py:161} INFO - Started process (PID=24851) to work on /Users/jakeliu/we-defend-truth-1/airflow_env/lib/python3.12/site-packages/airflow/example_dags/example_dynamic_task_mapping.py
[2024-08-09T13:53:18.865-0400] {processor.py:830} INFO - Processing file /Users/jakeliu/we-defend-truth-1/airflow_env/lib/python3.12/site-packages/airflow/example_dags/example_dynamic_task_mapping.py for tasks to queue
[2024-08-09T13:53:18.865-0400] {logging_mixin.py:188} INFO - [2024-08-09T13:53:18.865-0400] {dagbag.py:545} INFO - Filling up the DagBag from /Users/jakeliu/we-defend-truth-1/airflow_env/lib/python3.12/site-packages/airflow/example_dags/example_dynamic_task_mapping.py
[2024-08-09T13:53:18.878-0400] {processor.py:840} INFO - DAG(s) 'example_dynamic_task_mapping' retrieved from /Users/jakeliu/we-defend-truth-1/airflow_env/lib/python3.12/site-packages/airflow/example_dags/example_dynamic_task_mapping.py
[2024-08-09T13:53:18.908-0400] {logging_mixin.py:188} INFO - [2024-08-09T13:53:18.908-0400] {dag.py:3089} INFO - Sync 1 DAGs
[2024-08-09T13:53:18.913-0400] {logging_mixin.py:188} INFO - [2024-08-09T13:53:18.912-0400] {dag.py:3947} INFO - Setting next_dagrun for example_dynamic_task_mapping to 2022-03-04 00:00:00+00:00, run_after=2022-03-05 00:00:00+00:00
[2024-08-09T13:53:18.919-0400] {processor.py:183} INFO - Processing /Users/jakeliu/we-defend-truth-1/airflow_env/lib/python3.12/site-packages/airflow/example_dags/example_dynamic_task_mapping.py took 0.057 seconds
[2024-08-09T13:55:13.944-0400] {processor.py:161} INFO - Started process (PID=24978) to work on /Users/jakeliu/we-defend-truth-1/airflow_env/lib/python3.12/site-packages/airflow/example_dags/example_dynamic_task_mapping.py
[2024-08-09T13:55:13.945-0400] {processor.py:830} INFO - Processing file /Users/jakeliu/we-defend-truth-1/airflow_env/lib/python3.12/site-packages/airflow/example_dags/example_dynamic_task_mapping.py for tasks to queue
[2024-08-09T13:55:13.946-0400] {logging_mixin.py:188} INFO - [2024-08-09T13:55:13.946-0400] {dagbag.py:545} INFO - Filling up the DagBag from /Users/jakeliu/we-defend-truth-1/airflow_env/lib/python3.12/site-packages/airflow/example_dags/example_dynamic_task_mapping.py
[2024-08-09T13:55:13.960-0400] {processor.py:840} INFO - DAG(s) 'example_dynamic_task_mapping' retrieved from /Users/jakeliu/we-defend-truth-1/airflow_env/lib/python3.12/site-packages/airflow/example_dags/example_dynamic_task_mapping.py
[2024-08-09T13:55:13.991-0400] {logging_mixin.py:188} INFO - [2024-08-09T13:55:13.990-0400] {dag.py:3089} INFO - Sync 1 DAGs
[2024-08-09T13:55:13.996-0400] {logging_mixin.py:188} INFO - [2024-08-09T13:55:13.996-0400] {dag.py:3947} INFO - Setting next_dagrun for example_dynamic_task_mapping to 2022-03-04 00:00:00+00:00, run_after=2022-03-05 00:00:00+00:00
[2024-08-09T13:55:14.003-0400] {processor.py:183} INFO - Processing /Users/jakeliu/we-defend-truth-1/airflow_env/lib/python3.12/site-packages/airflow/example_dags/example_dynamic_task_mapping.py took 0.059 seconds
[2024-08-09T13:57:11.148-0400] {processor.py:161} INFO - Started process (PID=25076) to work on /Users/jakeliu/we-defend-truth-1/airflow_env/lib/python3.12/site-packages/airflow/example_dags/example_dynamic_task_mapping.py
[2024-08-09T13:57:11.149-0400] {processor.py:830} INFO - Processing file /Users/jakeliu/we-defend-truth-1/airflow_env/lib/python3.12/site-packages/airflow/example_dags/example_dynamic_task_mapping.py for tasks to queue
[2024-08-09T13:57:11.149-0400] {logging_mixin.py:188} INFO - [2024-08-09T13:57:11.149-0400] {dagbag.py:545} INFO - Filling up the DagBag from /Users/jakeliu/we-defend-truth-1/airflow_env/lib/python3.12/site-packages/airflow/example_dags/example_dynamic_task_mapping.py
[2024-08-09T13:57:11.163-0400] {processor.py:840} INFO - DAG(s) 'example_dynamic_task_mapping' retrieved from /Users/jakeliu/we-defend-truth-1/airflow_env/lib/python3.12/site-packages/airflow/example_dags/example_dynamic_task_mapping.py
[2024-08-09T13:57:11.194-0400] {logging_mixin.py:188} INFO - [2024-08-09T13:57:11.194-0400] {dag.py:3089} INFO - Sync 1 DAGs
[2024-08-09T13:57:11.199-0400] {logging_mixin.py:188} INFO - [2024-08-09T13:57:11.199-0400] {dag.py:3947} INFO - Setting next_dagrun for example_dynamic_task_mapping to 2022-03-04 00:00:00+00:00, run_after=2022-03-05 00:00:00+00:00
[2024-08-09T13:57:11.205-0400] {processor.py:183} INFO - Processing /Users/jakeliu/we-defend-truth-1/airflow_env/lib/python3.12/site-packages/airflow/example_dags/example_dynamic_task_mapping.py took 0.058 seconds
