[2024-08-09T13:04:08.597-0400] {processor.py:161} INFO - Started process (PID=20893) to work on /Users/jakeliu/we-defend-truth-1/airflow_env/lib/python3.12/site-packages/airflow/example_dags/example_trigger_target_dag.py
[2024-08-09T13:04:08.598-0400] {processor.py:830} INFO - Processing file /Users/jakeliu/we-defend-truth-1/airflow_env/lib/python3.12/site-packages/airflow/example_dags/example_trigger_target_dag.py for tasks to queue
[2024-08-09T13:04:08.598-0400] {logging_mixin.py:188} INFO - [2024-08-09T13:04:08.598-0400] {dagbag.py:545} INFO - Filling up the DagBag from /Users/jakeliu/we-defend-truth-1/airflow_env/lib/python3.12/site-packages/airflow/example_dags/example_trigger_target_dag.py
[2024-08-09T13:04:08.640-0400] {processor.py:840} INFO - DAG(s) 'example_trigger_target_dag' retrieved from /Users/jakeliu/we-defend-truth-1/airflow_env/lib/python3.12/site-packages/airflow/example_dags/example_trigger_target_dag.py
[2024-08-09T13:04:08.707-0400] {logging_mixin.py:188} INFO - [2024-08-09T13:04:08.707-0400] {dag.py:3089} INFO - Sync 1 DAGs
[2024-08-09T13:04:08.711-0400] {logging_mixin.py:188} INFO - [2024-08-09T13:04:08.711-0400] {dag.py:3947} INFO - Setting next_dagrun for example_trigger_target_dag to None, run_after=None
[2024-08-09T13:04:08.721-0400] {processor.py:183} INFO - Processing /Users/jakeliu/we-defend-truth-1/airflow_env/lib/python3.12/site-packages/airflow/example_dags/example_trigger_target_dag.py took 0.126 seconds
[2024-08-09T13:05:34.833-0400] {processor.py:161} INFO - Started process (PID=20963) to work on /Users/jakeliu/we-defend-truth-1/airflow_env/lib/python3.12/site-packages/airflow/example_dags/example_trigger_target_dag.py
[2024-08-09T13:05:34.834-0400] {processor.py:830} INFO - Processing file /Users/jakeliu/we-defend-truth-1/airflow_env/lib/python3.12/site-packages/airflow/example_dags/example_trigger_target_dag.py for tasks to queue
[2024-08-09T13:05:34.834-0400] {logging_mixin.py:188} INFO - [2024-08-09T13:05:34.834-0400] {dagbag.py:545} INFO - Filling up the DagBag from /Users/jakeliu/we-defend-truth-1/airflow_env/lib/python3.12/site-packages/airflow/example_dags/example_trigger_target_dag.py
[2024-08-09T13:05:34.847-0400] {processor.py:840} INFO - DAG(s) 'example_trigger_target_dag' retrieved from /Users/jakeliu/we-defend-truth-1/airflow_env/lib/python3.12/site-packages/airflow/example_dags/example_trigger_target_dag.py
[2024-08-09T13:05:34.877-0400] {logging_mixin.py:188} INFO - [2024-08-09T13:05:34.877-0400] {dag.py:3089} INFO - Sync 1 DAGs
[2024-08-09T13:05:34.880-0400] {logging_mixin.py:188} INFO - [2024-08-09T13:05:34.880-0400] {dag.py:3947} INFO - Setting next_dagrun for example_trigger_target_dag to None, run_after=None
[2024-08-09T13:05:34.886-0400] {processor.py:183} INFO - Processing /Users/jakeliu/we-defend-truth-1/airflow_env/lib/python3.12/site-packages/airflow/example_dags/example_trigger_target_dag.py took 0.054 seconds
[2024-08-09T13:06:28.798-0400] {processor.py:161} INFO - Started process (PID=21032) to work on /Users/jakeliu/we-defend-truth-1/airflow_env/lib/python3.12/site-packages/airflow/example_dags/example_trigger_target_dag.py
[2024-08-09T13:06:28.799-0400] {processor.py:830} INFO - Processing file /Users/jakeliu/we-defend-truth-1/airflow_env/lib/python3.12/site-packages/airflow/example_dags/example_trigger_target_dag.py for tasks to queue
[2024-08-09T13:06:28.799-0400] {logging_mixin.py:188} INFO - [2024-08-09T13:06:28.799-0400] {dagbag.py:545} INFO - Filling up the DagBag from /Users/jakeliu/we-defend-truth-1/airflow_env/lib/python3.12/site-packages/airflow/example_dags/example_trigger_target_dag.py
[2024-08-09T13:06:28.813-0400] {processor.py:840} INFO - DAG(s) 'example_trigger_target_dag' retrieved from /Users/jakeliu/we-defend-truth-1/airflow_env/lib/python3.12/site-packages/airflow/example_dags/example_trigger_target_dag.py
[2024-08-09T13:06:28.842-0400] {logging_mixin.py:188} INFO - [2024-08-09T13:06:28.842-0400] {dag.py:3089} INFO - Sync 1 DAGs
[2024-08-09T13:06:28.845-0400] {logging_mixin.py:188} INFO - [2024-08-09T13:06:28.845-0400] {dag.py:3947} INFO - Setting next_dagrun for example_trigger_target_dag to None, run_after=None
[2024-08-09T13:06:28.851-0400] {processor.py:183} INFO - Processing /Users/jakeliu/we-defend-truth-1/airflow_env/lib/python3.12/site-packages/airflow/example_dags/example_trigger_target_dag.py took 0.054 seconds
[2024-08-09T13:07:20.878-0400] {processor.py:161} INFO - Started process (PID=21116) to work on /Users/jakeliu/we-defend-truth-1/airflow_env/lib/python3.12/site-packages/airflow/example_dags/example_trigger_target_dag.py
[2024-08-09T13:07:20.879-0400] {processor.py:830} INFO - Processing file /Users/jakeliu/we-defend-truth-1/airflow_env/lib/python3.12/site-packages/airflow/example_dags/example_trigger_target_dag.py for tasks to queue
[2024-08-09T13:07:20.879-0400] {logging_mixin.py:188} INFO - [2024-08-09T13:07:20.879-0400] {dagbag.py:545} INFO - Filling up the DagBag from /Users/jakeliu/we-defend-truth-1/airflow_env/lib/python3.12/site-packages/airflow/example_dags/example_trigger_target_dag.py
[2024-08-09T13:07:20.893-0400] {processor.py:840} INFO - DAG(s) 'example_trigger_target_dag' retrieved from /Users/jakeliu/we-defend-truth-1/airflow_env/lib/python3.12/site-packages/airflow/example_dags/example_trigger_target_dag.py
[2024-08-09T13:07:20.922-0400] {logging_mixin.py:188} INFO - [2024-08-09T13:07:20.922-0400] {dag.py:3089} INFO - Sync 1 DAGs
[2024-08-09T13:07:20.926-0400] {logging_mixin.py:188} INFO - [2024-08-09T13:07:20.925-0400] {dag.py:3947} INFO - Setting next_dagrun for example_trigger_target_dag to None, run_after=None
[2024-08-09T13:07:20.931-0400] {processor.py:183} INFO - Processing /Users/jakeliu/we-defend-truth-1/airflow_env/lib/python3.12/site-packages/airflow/example_dags/example_trigger_target_dag.py took 0.055 seconds
[2024-08-09T13:08:12.010-0400] {processor.py:161} INFO - Started process (PID=21180) to work on /Users/jakeliu/we-defend-truth-1/airflow_env/lib/python3.12/site-packages/airflow/example_dags/example_trigger_target_dag.py
[2024-08-09T13:08:12.010-0400] {processor.py:830} INFO - Processing file /Users/jakeliu/we-defend-truth-1/airflow_env/lib/python3.12/site-packages/airflow/example_dags/example_trigger_target_dag.py for tasks to queue
[2024-08-09T13:08:12.011-0400] {logging_mixin.py:188} INFO - [2024-08-09T13:08:12.011-0400] {dagbag.py:545} INFO - Filling up the DagBag from /Users/jakeliu/we-defend-truth-1/airflow_env/lib/python3.12/site-packages/airflow/example_dags/example_trigger_target_dag.py
[2024-08-09T13:08:12.024-0400] {processor.py:840} INFO - DAG(s) 'example_trigger_target_dag' retrieved from /Users/jakeliu/we-defend-truth-1/airflow_env/lib/python3.12/site-packages/airflow/example_dags/example_trigger_target_dag.py
[2024-08-09T13:08:12.054-0400] {logging_mixin.py:188} INFO - [2024-08-09T13:08:12.054-0400] {dag.py:3089} INFO - Sync 1 DAGs
[2024-08-09T13:08:12.057-0400] {logging_mixin.py:188} INFO - [2024-08-09T13:08:12.057-0400] {dag.py:3947} INFO - Setting next_dagrun for example_trigger_target_dag to None, run_after=None
[2024-08-09T13:08:12.063-0400] {processor.py:183} INFO - Processing /Users/jakeliu/we-defend-truth-1/airflow_env/lib/python3.12/site-packages/airflow/example_dags/example_trigger_target_dag.py took 0.054 seconds
[2024-08-09T13:09:02.904-0400] {processor.py:161} INFO - Started process (PID=21240) to work on /Users/jakeliu/we-defend-truth-1/airflow_env/lib/python3.12/site-packages/airflow/example_dags/example_trigger_target_dag.py
[2024-08-09T13:09:02.905-0400] {processor.py:830} INFO - Processing file /Users/jakeliu/we-defend-truth-1/airflow_env/lib/python3.12/site-packages/airflow/example_dags/example_trigger_target_dag.py for tasks to queue
[2024-08-09T13:09:02.905-0400] {logging_mixin.py:188} INFO - [2024-08-09T13:09:02.905-0400] {dagbag.py:545} INFO - Filling up the DagBag from /Users/jakeliu/we-defend-truth-1/airflow_env/lib/python3.12/site-packages/airflow/example_dags/example_trigger_target_dag.py
[2024-08-09T13:09:02.919-0400] {processor.py:840} INFO - DAG(s) 'example_trigger_target_dag' retrieved from /Users/jakeliu/we-defend-truth-1/airflow_env/lib/python3.12/site-packages/airflow/example_dags/example_trigger_target_dag.py
[2024-08-09T13:09:02.951-0400] {logging_mixin.py:188} INFO - [2024-08-09T13:09:02.951-0400] {dag.py:3089} INFO - Sync 1 DAGs
[2024-08-09T13:09:02.955-0400] {logging_mixin.py:188} INFO - [2024-08-09T13:09:02.955-0400] {dag.py:3947} INFO - Setting next_dagrun for example_trigger_target_dag to None, run_after=None
[2024-08-09T13:09:02.961-0400] {processor.py:183} INFO - Processing /Users/jakeliu/we-defend-truth-1/airflow_env/lib/python3.12/site-packages/airflow/example_dags/example_trigger_target_dag.py took 0.058 seconds
[2024-08-09T13:09:52.942-0400] {processor.py:161} INFO - Started process (PID=21298) to work on /Users/jakeliu/we-defend-truth-1/airflow_env/lib/python3.12/site-packages/airflow/example_dags/example_trigger_target_dag.py
[2024-08-09T13:09:52.943-0400] {processor.py:830} INFO - Processing file /Users/jakeliu/we-defend-truth-1/airflow_env/lib/python3.12/site-packages/airflow/example_dags/example_trigger_target_dag.py for tasks to queue
[2024-08-09T13:09:52.943-0400] {logging_mixin.py:188} INFO - [2024-08-09T13:09:52.943-0400] {dagbag.py:545} INFO - Filling up the DagBag from /Users/jakeliu/we-defend-truth-1/airflow_env/lib/python3.12/site-packages/airflow/example_dags/example_trigger_target_dag.py
[2024-08-09T13:09:52.957-0400] {processor.py:840} INFO - DAG(s) 'example_trigger_target_dag' retrieved from /Users/jakeliu/we-defend-truth-1/airflow_env/lib/python3.12/site-packages/airflow/example_dags/example_trigger_target_dag.py
[2024-08-09T13:09:52.986-0400] {logging_mixin.py:188} INFO - [2024-08-09T13:09:52.986-0400] {dag.py:3089} INFO - Sync 1 DAGs
[2024-08-09T13:09:52.989-0400] {logging_mixin.py:188} INFO - [2024-08-09T13:09:52.989-0400] {dag.py:3947} INFO - Setting next_dagrun for example_trigger_target_dag to None, run_after=None
[2024-08-09T13:09:52.995-0400] {processor.py:183} INFO - Processing /Users/jakeliu/we-defend-truth-1/airflow_env/lib/python3.12/site-packages/airflow/example_dags/example_trigger_target_dag.py took 0.054 seconds
[2024-08-09T13:10:44.515-0400] {processor.py:161} INFO - Started process (PID=21344) to work on /Users/jakeliu/we-defend-truth-1/airflow_env/lib/python3.12/site-packages/airflow/example_dags/example_trigger_target_dag.py
[2024-08-09T13:10:44.515-0400] {processor.py:830} INFO - Processing file /Users/jakeliu/we-defend-truth-1/airflow_env/lib/python3.12/site-packages/airflow/example_dags/example_trigger_target_dag.py for tasks to queue
[2024-08-09T13:10:44.516-0400] {logging_mixin.py:188} INFO - [2024-08-09T13:10:44.515-0400] {dagbag.py:545} INFO - Filling up the DagBag from /Users/jakeliu/we-defend-truth-1/airflow_env/lib/python3.12/site-packages/airflow/example_dags/example_trigger_target_dag.py
[2024-08-09T13:10:44.529-0400] {processor.py:840} INFO - DAG(s) 'example_trigger_target_dag' retrieved from /Users/jakeliu/we-defend-truth-1/airflow_env/lib/python3.12/site-packages/airflow/example_dags/example_trigger_target_dag.py
[2024-08-09T13:10:44.558-0400] {logging_mixin.py:188} INFO - [2024-08-09T13:10:44.558-0400] {dag.py:3089} INFO - Sync 1 DAGs
[2024-08-09T13:10:44.561-0400] {logging_mixin.py:188} INFO - [2024-08-09T13:10:44.561-0400] {dag.py:3947} INFO - Setting next_dagrun for example_trigger_target_dag to None, run_after=None
[2024-08-09T13:10:44.567-0400] {processor.py:183} INFO - Processing /Users/jakeliu/we-defend-truth-1/airflow_env/lib/python3.12/site-packages/airflow/example_dags/example_trigger_target_dag.py took 0.053 seconds
[2024-08-09T13:11:38.948-0400] {processor.py:161} INFO - Started process (PID=21403) to work on /Users/jakeliu/we-defend-truth-1/airflow_env/lib/python3.12/site-packages/airflow/example_dags/example_trigger_target_dag.py
[2024-08-09T13:11:38.949-0400] {processor.py:830} INFO - Processing file /Users/jakeliu/we-defend-truth-1/airflow_env/lib/python3.12/site-packages/airflow/example_dags/example_trigger_target_dag.py for tasks to queue
[2024-08-09T13:11:38.949-0400] {logging_mixin.py:188} INFO - [2024-08-09T13:11:38.949-0400] {dagbag.py:545} INFO - Filling up the DagBag from /Users/jakeliu/we-defend-truth-1/airflow_env/lib/python3.12/site-packages/airflow/example_dags/example_trigger_target_dag.py
[2024-08-09T13:11:38.963-0400] {processor.py:840} INFO - DAG(s) 'example_trigger_target_dag' retrieved from /Users/jakeliu/we-defend-truth-1/airflow_env/lib/python3.12/site-packages/airflow/example_dags/example_trigger_target_dag.py
[2024-08-09T13:11:38.993-0400] {logging_mixin.py:188} INFO - [2024-08-09T13:11:38.993-0400] {dag.py:3089} INFO - Sync 1 DAGs
[2024-08-09T13:11:38.996-0400] {logging_mixin.py:188} INFO - [2024-08-09T13:11:38.996-0400] {dag.py:3947} INFO - Setting next_dagrun for example_trigger_target_dag to None, run_after=None
[2024-08-09T13:11:39.003-0400] {processor.py:183} INFO - Processing /Users/jakeliu/we-defend-truth-1/airflow_env/lib/python3.12/site-packages/airflow/example_dags/example_trigger_target_dag.py took 0.056 seconds
[2024-08-09T13:12:32.300-0400] {processor.py:161} INFO - Started process (PID=21459) to work on /Users/jakeliu/we-defend-truth-1/airflow_env/lib/python3.12/site-packages/airflow/example_dags/example_trigger_target_dag.py
[2024-08-09T13:12:32.302-0400] {processor.py:830} INFO - Processing file /Users/jakeliu/we-defend-truth-1/airflow_env/lib/python3.12/site-packages/airflow/example_dags/example_trigger_target_dag.py for tasks to queue
[2024-08-09T13:12:32.302-0400] {logging_mixin.py:188} INFO - [2024-08-09T13:12:32.302-0400] {dagbag.py:545} INFO - Filling up the DagBag from /Users/jakeliu/we-defend-truth-1/airflow_env/lib/python3.12/site-packages/airflow/example_dags/example_trigger_target_dag.py
[2024-08-09T13:12:32.315-0400] {processor.py:840} INFO - DAG(s) 'example_trigger_target_dag' retrieved from /Users/jakeliu/we-defend-truth-1/airflow_env/lib/python3.12/site-packages/airflow/example_dags/example_trigger_target_dag.py
[2024-08-09T13:12:32.344-0400] {logging_mixin.py:188} INFO - [2024-08-09T13:12:32.344-0400] {dag.py:3089} INFO - Sync 1 DAGs
[2024-08-09T13:12:32.347-0400] {logging_mixin.py:188} INFO - [2024-08-09T13:12:32.347-0400] {dag.py:3947} INFO - Setting next_dagrun for example_trigger_target_dag to None, run_after=None
[2024-08-09T13:12:32.353-0400] {processor.py:183} INFO - Processing /Users/jakeliu/we-defend-truth-1/airflow_env/lib/python3.12/site-packages/airflow/example_dags/example_trigger_target_dag.py took 0.054 seconds
[2024-08-09T13:13:27.659-0400] {processor.py:161} INFO - Started process (PID=21499) to work on /Users/jakeliu/we-defend-truth-1/airflow_env/lib/python3.12/site-packages/airflow/example_dags/example_trigger_target_dag.py
[2024-08-09T13:13:27.660-0400] {processor.py:830} INFO - Processing file /Users/jakeliu/we-defend-truth-1/airflow_env/lib/python3.12/site-packages/airflow/example_dags/example_trigger_target_dag.py for tasks to queue
[2024-08-09T13:13:27.660-0400] {logging_mixin.py:188} INFO - [2024-08-09T13:13:27.660-0400] {dagbag.py:545} INFO - Filling up the DagBag from /Users/jakeliu/we-defend-truth-1/airflow_env/lib/python3.12/site-packages/airflow/example_dags/example_trigger_target_dag.py
[2024-08-09T13:13:27.674-0400] {processor.py:840} INFO - DAG(s) 'example_trigger_target_dag' retrieved from /Users/jakeliu/we-defend-truth-1/airflow_env/lib/python3.12/site-packages/airflow/example_dags/example_trigger_target_dag.py
[2024-08-09T13:13:27.704-0400] {logging_mixin.py:188} INFO - [2024-08-09T13:13:27.704-0400] {dag.py:3089} INFO - Sync 1 DAGs
[2024-08-09T13:13:27.707-0400] {logging_mixin.py:188} INFO - [2024-08-09T13:13:27.707-0400] {dag.py:3947} INFO - Setting next_dagrun for example_trigger_target_dag to None, run_after=None
[2024-08-09T13:13:27.714-0400] {processor.py:183} INFO - Processing /Users/jakeliu/we-defend-truth-1/airflow_env/lib/python3.12/site-packages/airflow/example_dags/example_trigger_target_dag.py took 0.056 seconds
[2024-08-09T13:14:26.460-0400] {processor.py:161} INFO - Started process (PID=21562) to work on /Users/jakeliu/we-defend-truth-1/airflow_env/lib/python3.12/site-packages/airflow/example_dags/example_trigger_target_dag.py
[2024-08-09T13:14:26.461-0400] {processor.py:830} INFO - Processing file /Users/jakeliu/we-defend-truth-1/airflow_env/lib/python3.12/site-packages/airflow/example_dags/example_trigger_target_dag.py for tasks to queue
[2024-08-09T13:14:26.461-0400] {logging_mixin.py:188} INFO - [2024-08-09T13:14:26.461-0400] {dagbag.py:545} INFO - Filling up the DagBag from /Users/jakeliu/we-defend-truth-1/airflow_env/lib/python3.12/site-packages/airflow/example_dags/example_trigger_target_dag.py
[2024-08-09T13:14:26.475-0400] {processor.py:840} INFO - DAG(s) 'example_trigger_target_dag' retrieved from /Users/jakeliu/we-defend-truth-1/airflow_env/lib/python3.12/site-packages/airflow/example_dags/example_trigger_target_dag.py
[2024-08-09T13:14:26.506-0400] {logging_mixin.py:188} INFO - [2024-08-09T13:14:26.505-0400] {dag.py:3089} INFO - Sync 1 DAGs
[2024-08-09T13:14:26.509-0400] {logging_mixin.py:188} INFO - [2024-08-09T13:14:26.509-0400] {dag.py:3947} INFO - Setting next_dagrun for example_trigger_target_dag to None, run_after=None
[2024-08-09T13:14:26.515-0400] {processor.py:183} INFO - Processing /Users/jakeliu/we-defend-truth-1/airflow_env/lib/python3.12/site-packages/airflow/example_dags/example_trigger_target_dag.py took 0.056 seconds
[2024-08-09T13:15:24.853-0400] {processor.py:161} INFO - Started process (PID=21614) to work on /Users/jakeliu/we-defend-truth-1/airflow_env/lib/python3.12/site-packages/airflow/example_dags/example_trigger_target_dag.py
[2024-08-09T13:15:24.855-0400] {processor.py:830} INFO - Processing file /Users/jakeliu/we-defend-truth-1/airflow_env/lib/python3.12/site-packages/airflow/example_dags/example_trigger_target_dag.py for tasks to queue
[2024-08-09T13:15:24.855-0400] {logging_mixin.py:188} INFO - [2024-08-09T13:15:24.855-0400] {dagbag.py:545} INFO - Filling up the DagBag from /Users/jakeliu/we-defend-truth-1/airflow_env/lib/python3.12/site-packages/airflow/example_dags/example_trigger_target_dag.py
[2024-08-09T13:15:24.870-0400] {processor.py:840} INFO - DAG(s) 'example_trigger_target_dag' retrieved from /Users/jakeliu/we-defend-truth-1/airflow_env/lib/python3.12/site-packages/airflow/example_dags/example_trigger_target_dag.py
[2024-08-09T13:15:24.902-0400] {logging_mixin.py:188} INFO - [2024-08-09T13:15:24.902-0400] {dag.py:3089} INFO - Sync 1 DAGs
[2024-08-09T13:15:24.906-0400] {logging_mixin.py:188} INFO - [2024-08-09T13:15:24.906-0400] {dag.py:3947} INFO - Setting next_dagrun for example_trigger_target_dag to None, run_after=None
[2024-08-09T13:15:24.912-0400] {processor.py:183} INFO - Processing /Users/jakeliu/we-defend-truth-1/airflow_env/lib/python3.12/site-packages/airflow/example_dags/example_trigger_target_dag.py took 0.060 seconds
[2024-08-09T13:16:23.369-0400] {processor.py:161} INFO - Started process (PID=21660) to work on /Users/jakeliu/we-defend-truth-1/airflow_env/lib/python3.12/site-packages/airflow/example_dags/example_trigger_target_dag.py
[2024-08-09T13:16:23.370-0400] {processor.py:830} INFO - Processing file /Users/jakeliu/we-defend-truth-1/airflow_env/lib/python3.12/site-packages/airflow/example_dags/example_trigger_target_dag.py for tasks to queue
[2024-08-09T13:16:23.370-0400] {logging_mixin.py:188} INFO - [2024-08-09T13:16:23.370-0400] {dagbag.py:545} INFO - Filling up the DagBag from /Users/jakeliu/we-defend-truth-1/airflow_env/lib/python3.12/site-packages/airflow/example_dags/example_trigger_target_dag.py
[2024-08-09T13:16:23.385-0400] {processor.py:840} INFO - DAG(s) 'example_trigger_target_dag' retrieved from /Users/jakeliu/we-defend-truth-1/airflow_env/lib/python3.12/site-packages/airflow/example_dags/example_trigger_target_dag.py
[2024-08-09T13:16:23.415-0400] {logging_mixin.py:188} INFO - [2024-08-09T13:16:23.415-0400] {dag.py:3089} INFO - Sync 1 DAGs
[2024-08-09T13:16:23.418-0400] {logging_mixin.py:188} INFO - [2024-08-09T13:16:23.418-0400] {dag.py:3947} INFO - Setting next_dagrun for example_trigger_target_dag to None, run_after=None
[2024-08-09T13:16:23.424-0400] {processor.py:183} INFO - Processing /Users/jakeliu/we-defend-truth-1/airflow_env/lib/python3.12/site-packages/airflow/example_dags/example_trigger_target_dag.py took 0.056 seconds
[2024-08-09T13:17:18.317-0400] {processor.py:161} INFO - Started process (PID=21776) to work on /Users/jakeliu/we-defend-truth-1/airflow_env/lib/python3.12/site-packages/airflow/example_dags/example_trigger_target_dag.py
[2024-08-09T13:17:18.318-0400] {processor.py:830} INFO - Processing file /Users/jakeliu/we-defend-truth-1/airflow_env/lib/python3.12/site-packages/airflow/example_dags/example_trigger_target_dag.py for tasks to queue
[2024-08-09T13:17:18.318-0400] {logging_mixin.py:188} INFO - [2024-08-09T13:17:18.318-0400] {dagbag.py:545} INFO - Filling up the DagBag from /Users/jakeliu/we-defend-truth-1/airflow_env/lib/python3.12/site-packages/airflow/example_dags/example_trigger_target_dag.py
[2024-08-09T13:17:18.332-0400] {processor.py:840} INFO - DAG(s) 'example_trigger_target_dag' retrieved from /Users/jakeliu/we-defend-truth-1/airflow_env/lib/python3.12/site-packages/airflow/example_dags/example_trigger_target_dag.py
[2024-08-09T13:17:18.361-0400] {logging_mixin.py:188} INFO - [2024-08-09T13:17:18.361-0400] {dag.py:3089} INFO - Sync 1 DAGs
[2024-08-09T13:17:18.364-0400] {logging_mixin.py:188} INFO - [2024-08-09T13:17:18.364-0400] {dag.py:3947} INFO - Setting next_dagrun for example_trigger_target_dag to None, run_after=None
[2024-08-09T13:17:18.370-0400] {processor.py:183} INFO - Processing /Users/jakeliu/we-defend-truth-1/airflow_env/lib/python3.12/site-packages/airflow/example_dags/example_trigger_target_dag.py took 0.054 seconds
[2024-08-09T13:18:09.873-0400] {processor.py:161} INFO - Started process (PID=21848) to work on /Users/jakeliu/we-defend-truth-1/airflow_env/lib/python3.12/site-packages/airflow/example_dags/example_trigger_target_dag.py
[2024-08-09T13:18:09.873-0400] {processor.py:830} INFO - Processing file /Users/jakeliu/we-defend-truth-1/airflow_env/lib/python3.12/site-packages/airflow/example_dags/example_trigger_target_dag.py for tasks to queue
[2024-08-09T13:18:09.873-0400] {logging_mixin.py:188} INFO - [2024-08-09T13:18:09.873-0400] {dagbag.py:545} INFO - Filling up the DagBag from /Users/jakeliu/we-defend-truth-1/airflow_env/lib/python3.12/site-packages/airflow/example_dags/example_trigger_target_dag.py
[2024-08-09T13:18:09.887-0400] {processor.py:840} INFO - DAG(s) 'example_trigger_target_dag' retrieved from /Users/jakeliu/we-defend-truth-1/airflow_env/lib/python3.12/site-packages/airflow/example_dags/example_trigger_target_dag.py
[2024-08-09T13:18:09.916-0400] {logging_mixin.py:188} INFO - [2024-08-09T13:18:09.916-0400] {dag.py:3089} INFO - Sync 1 DAGs
[2024-08-09T13:18:09.919-0400] {logging_mixin.py:188} INFO - [2024-08-09T13:18:09.919-0400] {dag.py:3947} INFO - Setting next_dagrun for example_trigger_target_dag to None, run_after=None
[2024-08-09T13:18:09.925-0400] {processor.py:183} INFO - Processing /Users/jakeliu/we-defend-truth-1/airflow_env/lib/python3.12/site-packages/airflow/example_dags/example_trigger_target_dag.py took 0.053 seconds
[2024-08-09T13:18:59.537-0400] {processor.py:161} INFO - Started process (PID=21886) to work on /Users/jakeliu/we-defend-truth-1/airflow_env/lib/python3.12/site-packages/airflow/example_dags/example_trigger_target_dag.py
[2024-08-09T13:18:59.538-0400] {processor.py:830} INFO - Processing file /Users/jakeliu/we-defend-truth-1/airflow_env/lib/python3.12/site-packages/airflow/example_dags/example_trigger_target_dag.py for tasks to queue
[2024-08-09T13:18:59.538-0400] {logging_mixin.py:188} INFO - [2024-08-09T13:18:59.538-0400] {dagbag.py:545} INFO - Filling up the DagBag from /Users/jakeliu/we-defend-truth-1/airflow_env/lib/python3.12/site-packages/airflow/example_dags/example_trigger_target_dag.py
[2024-08-09T13:18:59.552-0400] {processor.py:840} INFO - DAG(s) 'example_trigger_target_dag' retrieved from /Users/jakeliu/we-defend-truth-1/airflow_env/lib/python3.12/site-packages/airflow/example_dags/example_trigger_target_dag.py
[2024-08-09T13:18:59.587-0400] {logging_mixin.py:188} INFO - [2024-08-09T13:18:59.586-0400] {dag.py:3089} INFO - Sync 1 DAGs
[2024-08-09T13:18:59.590-0400] {logging_mixin.py:188} INFO - [2024-08-09T13:18:59.590-0400] {dag.py:3947} INFO - Setting next_dagrun for example_trigger_target_dag to None, run_after=None
[2024-08-09T13:18:59.596-0400] {processor.py:183} INFO - Processing /Users/jakeliu/we-defend-truth-1/airflow_env/lib/python3.12/site-packages/airflow/example_dags/example_trigger_target_dag.py took 0.060 seconds
[2024-08-09T13:19:52.948-0400] {processor.py:161} INFO - Started process (PID=21937) to work on /Users/jakeliu/we-defend-truth-1/airflow_env/lib/python3.12/site-packages/airflow/example_dags/example_trigger_target_dag.py
[2024-08-09T13:19:52.949-0400] {processor.py:830} INFO - Processing file /Users/jakeliu/we-defend-truth-1/airflow_env/lib/python3.12/site-packages/airflow/example_dags/example_trigger_target_dag.py for tasks to queue
[2024-08-09T13:19:52.950-0400] {logging_mixin.py:188} INFO - [2024-08-09T13:19:52.949-0400] {dagbag.py:545} INFO - Filling up the DagBag from /Users/jakeliu/we-defend-truth-1/airflow_env/lib/python3.12/site-packages/airflow/example_dags/example_trigger_target_dag.py
[2024-08-09T13:19:52.963-0400] {processor.py:840} INFO - DAG(s) 'example_trigger_target_dag' retrieved from /Users/jakeliu/we-defend-truth-1/airflow_env/lib/python3.12/site-packages/airflow/example_dags/example_trigger_target_dag.py
[2024-08-09T13:19:52.993-0400] {logging_mixin.py:188} INFO - [2024-08-09T13:19:52.992-0400] {dag.py:3089} INFO - Sync 1 DAGs
[2024-08-09T13:19:52.996-0400] {logging_mixin.py:188} INFO - [2024-08-09T13:19:52.995-0400] {dag.py:3947} INFO - Setting next_dagrun for example_trigger_target_dag to None, run_after=None
[2024-08-09T13:19:53.001-0400] {processor.py:183} INFO - Processing /Users/jakeliu/we-defend-truth-1/airflow_env/lib/python3.12/site-packages/airflow/example_dags/example_trigger_target_dag.py took 0.054 seconds
[2024-08-09T13:20:44.827-0400] {processor.py:161} INFO - Started process (PID=22277) to work on /Users/jakeliu/we-defend-truth-1/airflow_env/lib/python3.12/site-packages/airflow/example_dags/example_trigger_target_dag.py
[2024-08-09T13:20:44.827-0400] {processor.py:830} INFO - Processing file /Users/jakeliu/we-defend-truth-1/airflow_env/lib/python3.12/site-packages/airflow/example_dags/example_trigger_target_dag.py for tasks to queue
[2024-08-09T13:20:44.827-0400] {logging_mixin.py:188} INFO - [2024-08-09T13:20:44.827-0400] {dagbag.py:545} INFO - Filling up the DagBag from /Users/jakeliu/we-defend-truth-1/airflow_env/lib/python3.12/site-packages/airflow/example_dags/example_trigger_target_dag.py
[2024-08-09T13:20:44.841-0400] {processor.py:840} INFO - DAG(s) 'example_trigger_target_dag' retrieved from /Users/jakeliu/we-defend-truth-1/airflow_env/lib/python3.12/site-packages/airflow/example_dags/example_trigger_target_dag.py
[2024-08-09T13:20:44.872-0400] {logging_mixin.py:188} INFO - [2024-08-09T13:20:44.872-0400] {dag.py:3089} INFO - Sync 1 DAGs
[2024-08-09T13:20:44.875-0400] {logging_mixin.py:188} INFO - [2024-08-09T13:20:44.875-0400] {dag.py:3947} INFO - Setting next_dagrun for example_trigger_target_dag to None, run_after=None
[2024-08-09T13:20:44.881-0400] {processor.py:183} INFO - Processing /Users/jakeliu/we-defend-truth-1/airflow_env/lib/python3.12/site-packages/airflow/example_dags/example_trigger_target_dag.py took 0.056 seconds
[2024-08-09T13:22:26.400-0400] {processor.py:161} INFO - Started process (PID=22647) to work on /Users/jakeliu/we-defend-truth-1/airflow_env/lib/python3.12/site-packages/airflow/example_dags/example_trigger_target_dag.py
[2024-08-09T13:22:26.401-0400] {processor.py:830} INFO - Processing file /Users/jakeliu/we-defend-truth-1/airflow_env/lib/python3.12/site-packages/airflow/example_dags/example_trigger_target_dag.py for tasks to queue
[2024-08-09T13:22:26.401-0400] {logging_mixin.py:188} INFO - [2024-08-09T13:22:26.401-0400] {dagbag.py:545} INFO - Filling up the DagBag from /Users/jakeliu/we-defend-truth-1/airflow_env/lib/python3.12/site-packages/airflow/example_dags/example_trigger_target_dag.py
[2024-08-09T13:22:26.415-0400] {processor.py:840} INFO - DAG(s) 'example_trigger_target_dag' retrieved from /Users/jakeliu/we-defend-truth-1/airflow_env/lib/python3.12/site-packages/airflow/example_dags/example_trigger_target_dag.py
[2024-08-09T13:22:26.444-0400] {logging_mixin.py:188} INFO - [2024-08-09T13:22:26.444-0400] {dag.py:3089} INFO - Sync 1 DAGs
[2024-08-09T13:22:26.447-0400] {logging_mixin.py:188} INFO - [2024-08-09T13:22:26.447-0400] {dag.py:3947} INFO - Setting next_dagrun for example_trigger_target_dag to None, run_after=None
[2024-08-09T13:22:26.453-0400] {processor.py:183} INFO - Processing /Users/jakeliu/we-defend-truth-1/airflow_env/lib/python3.12/site-packages/airflow/example_dags/example_trigger_target_dag.py took 0.054 seconds
[2024-08-09T13:23:17.623-0400] {processor.py:161} INFO - Started process (PID=22700) to work on /Users/jakeliu/we-defend-truth-1/airflow_env/lib/python3.12/site-packages/airflow/example_dags/example_trigger_target_dag.py
[2024-08-09T13:23:17.625-0400] {processor.py:830} INFO - Processing file /Users/jakeliu/we-defend-truth-1/airflow_env/lib/python3.12/site-packages/airflow/example_dags/example_trigger_target_dag.py for tasks to queue
[2024-08-09T13:23:17.625-0400] {logging_mixin.py:188} INFO - [2024-08-09T13:23:17.625-0400] {dagbag.py:545} INFO - Filling up the DagBag from /Users/jakeliu/we-defend-truth-1/airflow_env/lib/python3.12/site-packages/airflow/example_dags/example_trigger_target_dag.py
[2024-08-09T13:23:17.639-0400] {processor.py:840} INFO - DAG(s) 'example_trigger_target_dag' retrieved from /Users/jakeliu/we-defend-truth-1/airflow_env/lib/python3.12/site-packages/airflow/example_dags/example_trigger_target_dag.py
[2024-08-09T13:23:17.669-0400] {logging_mixin.py:188} INFO - [2024-08-09T13:23:17.669-0400] {dag.py:3089} INFO - Sync 1 DAGs
[2024-08-09T13:23:17.672-0400] {logging_mixin.py:188} INFO - [2024-08-09T13:23:17.672-0400] {dag.py:3947} INFO - Setting next_dagrun for example_trigger_target_dag to None, run_after=None
[2024-08-09T13:23:17.678-0400] {processor.py:183} INFO - Processing /Users/jakeliu/we-defend-truth-1/airflow_env/lib/python3.12/site-packages/airflow/example_dags/example_trigger_target_dag.py took 0.055 seconds
[2024-08-09T13:24:07.854-0400] {processor.py:161} INFO - Started process (PID=22749) to work on /Users/jakeliu/we-defend-truth-1/airflow_env/lib/python3.12/site-packages/airflow/example_dags/example_trigger_target_dag.py
[2024-08-09T13:24:07.857-0400] {processor.py:830} INFO - Processing file /Users/jakeliu/we-defend-truth-1/airflow_env/lib/python3.12/site-packages/airflow/example_dags/example_trigger_target_dag.py for tasks to queue
[2024-08-09T13:24:07.858-0400] {logging_mixin.py:188} INFO - [2024-08-09T13:24:07.858-0400] {dagbag.py:545} INFO - Filling up the DagBag from /Users/jakeliu/we-defend-truth-1/airflow_env/lib/python3.12/site-packages/airflow/example_dags/example_trigger_target_dag.py
[2024-08-09T13:24:07.871-0400] {processor.py:840} INFO - DAG(s) 'example_trigger_target_dag' retrieved from /Users/jakeliu/we-defend-truth-1/airflow_env/lib/python3.12/site-packages/airflow/example_dags/example_trigger_target_dag.py
[2024-08-09T13:24:07.900-0400] {logging_mixin.py:188} INFO - [2024-08-09T13:24:07.900-0400] {dag.py:3089} INFO - Sync 1 DAGs
[2024-08-09T13:24:07.903-0400] {logging_mixin.py:188} INFO - [2024-08-09T13:24:07.903-0400] {dag.py:3947} INFO - Setting next_dagrun for example_trigger_target_dag to None, run_after=None
[2024-08-09T13:24:07.909-0400] {processor.py:183} INFO - Processing /Users/jakeliu/we-defend-truth-1/airflow_env/lib/python3.12/site-packages/airflow/example_dags/example_trigger_target_dag.py took 0.056 seconds
[2024-08-09T13:25:01.854-0400] {processor.py:161} INFO - Started process (PID=22809) to work on /Users/jakeliu/we-defend-truth-1/airflow_env/lib/python3.12/site-packages/airflow/example_dags/example_trigger_target_dag.py
[2024-08-09T13:25:01.854-0400] {processor.py:830} INFO - Processing file /Users/jakeliu/we-defend-truth-1/airflow_env/lib/python3.12/site-packages/airflow/example_dags/example_trigger_target_dag.py for tasks to queue
[2024-08-09T13:25:01.854-0400] {logging_mixin.py:188} INFO - [2024-08-09T13:25:01.854-0400] {dagbag.py:545} INFO - Filling up the DagBag from /Users/jakeliu/we-defend-truth-1/airflow_env/lib/python3.12/site-packages/airflow/example_dags/example_trigger_target_dag.py
[2024-08-09T13:25:01.868-0400] {processor.py:840} INFO - DAG(s) 'example_trigger_target_dag' retrieved from /Users/jakeliu/we-defend-truth-1/airflow_env/lib/python3.12/site-packages/airflow/example_dags/example_trigger_target_dag.py
[2024-08-09T13:25:01.898-0400] {logging_mixin.py:188} INFO - [2024-08-09T13:25:01.898-0400] {dag.py:3089} INFO - Sync 1 DAGs
[2024-08-09T13:25:01.901-0400] {logging_mixin.py:188} INFO - [2024-08-09T13:25:01.901-0400] {dag.py:3947} INFO - Setting next_dagrun for example_trigger_target_dag to None, run_after=None
[2024-08-09T13:25:01.907-0400] {processor.py:183} INFO - Processing /Users/jakeliu/we-defend-truth-1/airflow_env/lib/python3.12/site-packages/airflow/example_dags/example_trigger_target_dag.py took 0.055 seconds
[2024-08-09T13:25:59.687-0400] {processor.py:161} INFO - Started process (PID=22875) to work on /Users/jakeliu/we-defend-truth-1/airflow_env/lib/python3.12/site-packages/airflow/example_dags/example_trigger_target_dag.py
[2024-08-09T13:25:59.688-0400] {processor.py:830} INFO - Processing file /Users/jakeliu/we-defend-truth-1/airflow_env/lib/python3.12/site-packages/airflow/example_dags/example_trigger_target_dag.py for tasks to queue
[2024-08-09T13:25:59.688-0400] {logging_mixin.py:188} INFO - [2024-08-09T13:25:59.688-0400] {dagbag.py:545} INFO - Filling up the DagBag from /Users/jakeliu/we-defend-truth-1/airflow_env/lib/python3.12/site-packages/airflow/example_dags/example_trigger_target_dag.py
[2024-08-09T13:25:59.701-0400] {processor.py:840} INFO - DAG(s) 'example_trigger_target_dag' retrieved from /Users/jakeliu/we-defend-truth-1/airflow_env/lib/python3.12/site-packages/airflow/example_dags/example_trigger_target_dag.py
[2024-08-09T13:25:59.731-0400] {logging_mixin.py:188} INFO - [2024-08-09T13:25:59.731-0400] {dag.py:3089} INFO - Sync 1 DAGs
[2024-08-09T13:25:59.734-0400] {logging_mixin.py:188} INFO - [2024-08-09T13:25:59.734-0400] {dag.py:3947} INFO - Setting next_dagrun for example_trigger_target_dag to None, run_after=None
[2024-08-09T13:25:59.740-0400] {processor.py:183} INFO - Processing /Users/jakeliu/we-defend-truth-1/airflow_env/lib/python3.12/site-packages/airflow/example_dags/example_trigger_target_dag.py took 0.054 seconds
[2024-08-09T13:26:58.969-0400] {processor.py:161} INFO - Started process (PID=22929) to work on /Users/jakeliu/we-defend-truth-1/airflow_env/lib/python3.12/site-packages/airflow/example_dags/example_trigger_target_dag.py
[2024-08-09T13:26:58.970-0400] {processor.py:830} INFO - Processing file /Users/jakeliu/we-defend-truth-1/airflow_env/lib/python3.12/site-packages/airflow/example_dags/example_trigger_target_dag.py for tasks to queue
[2024-08-09T13:26:58.971-0400] {logging_mixin.py:188} INFO - [2024-08-09T13:26:58.971-0400] {dagbag.py:545} INFO - Filling up the DagBag from /Users/jakeliu/we-defend-truth-1/airflow_env/lib/python3.12/site-packages/airflow/example_dags/example_trigger_target_dag.py
[2024-08-09T13:26:58.985-0400] {processor.py:840} INFO - DAG(s) 'example_trigger_target_dag' retrieved from /Users/jakeliu/we-defend-truth-1/airflow_env/lib/python3.12/site-packages/airflow/example_dags/example_trigger_target_dag.py
[2024-08-09T13:26:59.015-0400] {logging_mixin.py:188} INFO - [2024-08-09T13:26:59.015-0400] {dag.py:3089} INFO - Sync 1 DAGs
[2024-08-09T13:26:59.019-0400] {logging_mixin.py:188} INFO - [2024-08-09T13:26:59.018-0400] {dag.py:3947} INFO - Setting next_dagrun for example_trigger_target_dag to None, run_after=None
[2024-08-09T13:26:59.025-0400] {processor.py:183} INFO - Processing /Users/jakeliu/we-defend-truth-1/airflow_env/lib/python3.12/site-packages/airflow/example_dags/example_trigger_target_dag.py took 0.056 seconds
[2024-08-09T13:27:57.157-0400] {processor.py:161} INFO - Started process (PID=23057) to work on /Users/jakeliu/we-defend-truth-1/airflow_env/lib/python3.12/site-packages/airflow/example_dags/example_trigger_target_dag.py
[2024-08-09T13:27:57.158-0400] {processor.py:830} INFO - Processing file /Users/jakeliu/we-defend-truth-1/airflow_env/lib/python3.12/site-packages/airflow/example_dags/example_trigger_target_dag.py for tasks to queue
[2024-08-09T13:27:57.159-0400] {logging_mixin.py:188} INFO - [2024-08-09T13:27:57.159-0400] {dagbag.py:545} INFO - Filling up the DagBag from /Users/jakeliu/we-defend-truth-1/airflow_env/lib/python3.12/site-packages/airflow/example_dags/example_trigger_target_dag.py
[2024-08-09T13:27:57.173-0400] {processor.py:840} INFO - DAG(s) 'example_trigger_target_dag' retrieved from /Users/jakeliu/we-defend-truth-1/airflow_env/lib/python3.12/site-packages/airflow/example_dags/example_trigger_target_dag.py
[2024-08-09T13:27:57.205-0400] {logging_mixin.py:188} INFO - [2024-08-09T13:27:57.205-0400] {dag.py:3089} INFO - Sync 1 DAGs
[2024-08-09T13:27:57.208-0400] {logging_mixin.py:188} INFO - [2024-08-09T13:27:57.208-0400] {dag.py:3947} INFO - Setting next_dagrun for example_trigger_target_dag to None, run_after=None
[2024-08-09T13:27:57.215-0400] {processor.py:183} INFO - Processing /Users/jakeliu/we-defend-truth-1/airflow_env/lib/python3.12/site-packages/airflow/example_dags/example_trigger_target_dag.py took 0.059 seconds
[2024-08-09T13:28:53.485-0400] {processor.py:161} INFO - Started process (PID=23216) to work on /Users/jakeliu/we-defend-truth-1/airflow_env/lib/python3.12/site-packages/airflow/example_dags/example_trigger_target_dag.py
[2024-08-09T13:28:53.486-0400] {processor.py:830} INFO - Processing file /Users/jakeliu/we-defend-truth-1/airflow_env/lib/python3.12/site-packages/airflow/example_dags/example_trigger_target_dag.py for tasks to queue
[2024-08-09T13:28:53.486-0400] {logging_mixin.py:188} INFO - [2024-08-09T13:28:53.486-0400] {dagbag.py:545} INFO - Filling up the DagBag from /Users/jakeliu/we-defend-truth-1/airflow_env/lib/python3.12/site-packages/airflow/example_dags/example_trigger_target_dag.py
[2024-08-09T13:28:53.501-0400] {processor.py:840} INFO - DAG(s) 'example_trigger_target_dag' retrieved from /Users/jakeliu/we-defend-truth-1/airflow_env/lib/python3.12/site-packages/airflow/example_dags/example_trigger_target_dag.py
[2024-08-09T13:28:53.531-0400] {logging_mixin.py:188} INFO - [2024-08-09T13:28:53.531-0400] {dag.py:3089} INFO - Sync 1 DAGs
[2024-08-09T13:28:53.535-0400] {logging_mixin.py:188} INFO - [2024-08-09T13:28:53.535-0400] {dag.py:3947} INFO - Setting next_dagrun for example_trigger_target_dag to None, run_after=None
[2024-08-09T13:28:53.541-0400] {processor.py:183} INFO - Processing /Users/jakeliu/we-defend-truth-1/airflow_env/lib/python3.12/site-packages/airflow/example_dags/example_trigger_target_dag.py took 0.057 seconds
[2024-08-09T13:29:49.617-0400] {processor.py:161} INFO - Started process (PID=23367) to work on /Users/jakeliu/we-defend-truth-1/airflow_env/lib/python3.12/site-packages/airflow/example_dags/example_trigger_target_dag.py
[2024-08-09T13:29:49.617-0400] {processor.py:830} INFO - Processing file /Users/jakeliu/we-defend-truth-1/airflow_env/lib/python3.12/site-packages/airflow/example_dags/example_trigger_target_dag.py for tasks to queue
[2024-08-09T13:29:49.617-0400] {logging_mixin.py:188} INFO - [2024-08-09T13:29:49.617-0400] {dagbag.py:545} INFO - Filling up the DagBag from /Users/jakeliu/we-defend-truth-1/airflow_env/lib/python3.12/site-packages/airflow/example_dags/example_trigger_target_dag.py
[2024-08-09T13:29:49.631-0400] {processor.py:840} INFO - DAG(s) 'example_trigger_target_dag' retrieved from /Users/jakeliu/we-defend-truth-1/airflow_env/lib/python3.12/site-packages/airflow/example_dags/example_trigger_target_dag.py
[2024-08-09T13:29:49.660-0400] {logging_mixin.py:188} INFO - [2024-08-09T13:29:49.660-0400] {dag.py:3089} INFO - Sync 1 DAGs
[2024-08-09T13:29:49.663-0400] {logging_mixin.py:188} INFO - [2024-08-09T13:29:49.663-0400] {dag.py:3947} INFO - Setting next_dagrun for example_trigger_target_dag to None, run_after=None
[2024-08-09T13:29:49.669-0400] {processor.py:183} INFO - Processing /Users/jakeliu/we-defend-truth-1/airflow_env/lib/python3.12/site-packages/airflow/example_dags/example_trigger_target_dag.py took 0.054 seconds
[2024-08-09T13:30:46.162-0400] {processor.py:161} INFO - Started process (PID=23485) to work on /Users/jakeliu/we-defend-truth-1/airflow_env/lib/python3.12/site-packages/airflow/example_dags/example_trigger_target_dag.py
[2024-08-09T13:30:46.163-0400] {processor.py:830} INFO - Processing file /Users/jakeliu/we-defend-truth-1/airflow_env/lib/python3.12/site-packages/airflow/example_dags/example_trigger_target_dag.py for tasks to queue
[2024-08-09T13:30:46.163-0400] {logging_mixin.py:188} INFO - [2024-08-09T13:30:46.163-0400] {dagbag.py:545} INFO - Filling up the DagBag from /Users/jakeliu/we-defend-truth-1/airflow_env/lib/python3.12/site-packages/airflow/example_dags/example_trigger_target_dag.py
[2024-08-09T13:30:46.176-0400] {processor.py:840} INFO - DAG(s) 'example_trigger_target_dag' retrieved from /Users/jakeliu/we-defend-truth-1/airflow_env/lib/python3.12/site-packages/airflow/example_dags/example_trigger_target_dag.py
[2024-08-09T13:30:46.206-0400] {logging_mixin.py:188} INFO - [2024-08-09T13:30:46.206-0400] {dag.py:3089} INFO - Sync 1 DAGs
[2024-08-09T13:30:46.209-0400] {logging_mixin.py:188} INFO - [2024-08-09T13:30:46.209-0400] {dag.py:3947} INFO - Setting next_dagrun for example_trigger_target_dag to None, run_after=None
[2024-08-09T13:30:46.215-0400] {processor.py:183} INFO - Processing /Users/jakeliu/we-defend-truth-1/airflow_env/lib/python3.12/site-packages/airflow/example_dags/example_trigger_target_dag.py took 0.054 seconds
[2024-08-09T13:31:44.675-0400] {processor.py:161} INFO - Started process (PID=23595) to work on /Users/jakeliu/we-defend-truth-1/airflow_env/lib/python3.12/site-packages/airflow/example_dags/example_trigger_target_dag.py
[2024-08-09T13:31:44.677-0400] {processor.py:830} INFO - Processing file /Users/jakeliu/we-defend-truth-1/airflow_env/lib/python3.12/site-packages/airflow/example_dags/example_trigger_target_dag.py for tasks to queue
[2024-08-09T13:31:44.677-0400] {logging_mixin.py:188} INFO - [2024-08-09T13:31:44.677-0400] {dagbag.py:545} INFO - Filling up the DagBag from /Users/jakeliu/we-defend-truth-1/airflow_env/lib/python3.12/site-packages/airflow/example_dags/example_trigger_target_dag.py
[2024-08-09T13:31:44.696-0400] {processor.py:840} INFO - DAG(s) 'example_trigger_target_dag' retrieved from /Users/jakeliu/we-defend-truth-1/airflow_env/lib/python3.12/site-packages/airflow/example_dags/example_trigger_target_dag.py
[2024-08-09T13:31:44.726-0400] {logging_mixin.py:188} INFO - [2024-08-09T13:31:44.726-0400] {dag.py:3089} INFO - Sync 1 DAGs
[2024-08-09T13:31:44.729-0400] {logging_mixin.py:188} INFO - [2024-08-09T13:31:44.729-0400] {dag.py:3947} INFO - Setting next_dagrun for example_trigger_target_dag to None, run_after=None
[2024-08-09T13:31:44.735-0400] {processor.py:183} INFO - Processing /Users/jakeliu/we-defend-truth-1/airflow_env/lib/python3.12/site-packages/airflow/example_dags/example_trigger_target_dag.py took 0.061 seconds
[2024-08-09T13:32:42.315-0400] {processor.py:161} INFO - Started process (PID=23634) to work on /Users/jakeliu/we-defend-truth-1/airflow_env/lib/python3.12/site-packages/airflow/example_dags/example_trigger_target_dag.py
[2024-08-09T13:32:42.316-0400] {processor.py:830} INFO - Processing file /Users/jakeliu/we-defend-truth-1/airflow_env/lib/python3.12/site-packages/airflow/example_dags/example_trigger_target_dag.py for tasks to queue
[2024-08-09T13:32:42.316-0400] {logging_mixin.py:188} INFO - [2024-08-09T13:32:42.316-0400] {dagbag.py:545} INFO - Filling up the DagBag from /Users/jakeliu/we-defend-truth-1/airflow_env/lib/python3.12/site-packages/airflow/example_dags/example_trigger_target_dag.py
[2024-08-09T13:32:42.330-0400] {processor.py:840} INFO - DAG(s) 'example_trigger_target_dag' retrieved from /Users/jakeliu/we-defend-truth-1/airflow_env/lib/python3.12/site-packages/airflow/example_dags/example_trigger_target_dag.py
[2024-08-09T13:32:42.358-0400] {logging_mixin.py:188} INFO - [2024-08-09T13:32:42.358-0400] {dag.py:3089} INFO - Sync 1 DAGs
[2024-08-09T13:32:42.361-0400] {logging_mixin.py:188} INFO - [2024-08-09T13:32:42.361-0400] {dag.py:3947} INFO - Setting next_dagrun for example_trigger_target_dag to None, run_after=None
[2024-08-09T13:32:42.367-0400] {processor.py:183} INFO - Processing /Users/jakeliu/we-defend-truth-1/airflow_env/lib/python3.12/site-packages/airflow/example_dags/example_trigger_target_dag.py took 0.053 seconds
[2024-08-09T13:33:39.287-0400] {processor.py:161} INFO - Started process (PID=23711) to work on /Users/jakeliu/we-defend-truth-1/airflow_env/lib/python3.12/site-packages/airflow/example_dags/example_trigger_target_dag.py
[2024-08-09T13:33:39.288-0400] {processor.py:830} INFO - Processing file /Users/jakeliu/we-defend-truth-1/airflow_env/lib/python3.12/site-packages/airflow/example_dags/example_trigger_target_dag.py for tasks to queue
[2024-08-09T13:33:39.288-0400] {logging_mixin.py:188} INFO - [2024-08-09T13:33:39.288-0400] {dagbag.py:545} INFO - Filling up the DagBag from /Users/jakeliu/we-defend-truth-1/airflow_env/lib/python3.12/site-packages/airflow/example_dags/example_trigger_target_dag.py
[2024-08-09T13:33:39.302-0400] {processor.py:840} INFO - DAG(s) 'example_trigger_target_dag' retrieved from /Users/jakeliu/we-defend-truth-1/airflow_env/lib/python3.12/site-packages/airflow/example_dags/example_trigger_target_dag.py
[2024-08-09T13:33:39.331-0400] {logging_mixin.py:188} INFO - [2024-08-09T13:33:39.331-0400] {dag.py:3089} INFO - Sync 1 DAGs
[2024-08-09T13:33:39.334-0400] {logging_mixin.py:188} INFO - [2024-08-09T13:33:39.334-0400] {dag.py:3947} INFO - Setting next_dagrun for example_trigger_target_dag to None, run_after=None
[2024-08-09T13:33:39.340-0400] {processor.py:183} INFO - Processing /Users/jakeliu/we-defend-truth-1/airflow_env/lib/python3.12/site-packages/airflow/example_dags/example_trigger_target_dag.py took 0.054 seconds
[2024-08-09T13:34:32.725-0400] {processor.py:161} INFO - Started process (PID=23777) to work on /Users/jakeliu/we-defend-truth-1/airflow_env/lib/python3.12/site-packages/airflow/example_dags/example_trigger_target_dag.py
[2024-08-09T13:34:32.726-0400] {processor.py:830} INFO - Processing file /Users/jakeliu/we-defend-truth-1/airflow_env/lib/python3.12/site-packages/airflow/example_dags/example_trigger_target_dag.py for tasks to queue
[2024-08-09T13:34:32.726-0400] {logging_mixin.py:188} INFO - [2024-08-09T13:34:32.726-0400] {dagbag.py:545} INFO - Filling up the DagBag from /Users/jakeliu/we-defend-truth-1/airflow_env/lib/python3.12/site-packages/airflow/example_dags/example_trigger_target_dag.py
[2024-08-09T13:34:32.740-0400] {processor.py:840} INFO - DAG(s) 'example_trigger_target_dag' retrieved from /Users/jakeliu/we-defend-truth-1/airflow_env/lib/python3.12/site-packages/airflow/example_dags/example_trigger_target_dag.py
[2024-08-09T13:34:32.769-0400] {logging_mixin.py:188} INFO - [2024-08-09T13:34:32.769-0400] {dag.py:3089} INFO - Sync 1 DAGs
[2024-08-09T13:34:32.772-0400] {logging_mixin.py:188} INFO - [2024-08-09T13:34:32.772-0400] {dag.py:3947} INFO - Setting next_dagrun for example_trigger_target_dag to None, run_after=None
[2024-08-09T13:34:32.778-0400] {processor.py:183} INFO - Processing /Users/jakeliu/we-defend-truth-1/airflow_env/lib/python3.12/site-packages/airflow/example_dags/example_trigger_target_dag.py took 0.054 seconds
[2024-08-09T13:35:26.316-0400] {processor.py:161} INFO - Started process (PID=23862) to work on /Users/jakeliu/we-defend-truth-1/airflow_env/lib/python3.12/site-packages/airflow/example_dags/example_trigger_target_dag.py
[2024-08-09T13:35:26.317-0400] {processor.py:830} INFO - Processing file /Users/jakeliu/we-defend-truth-1/airflow_env/lib/python3.12/site-packages/airflow/example_dags/example_trigger_target_dag.py for tasks to queue
[2024-08-09T13:35:26.317-0400] {logging_mixin.py:188} INFO - [2024-08-09T13:35:26.317-0400] {dagbag.py:545} INFO - Filling up the DagBag from /Users/jakeliu/we-defend-truth-1/airflow_env/lib/python3.12/site-packages/airflow/example_dags/example_trigger_target_dag.py
[2024-08-09T13:35:26.332-0400] {processor.py:840} INFO - DAG(s) 'example_trigger_target_dag' retrieved from /Users/jakeliu/we-defend-truth-1/airflow_env/lib/python3.12/site-packages/airflow/example_dags/example_trigger_target_dag.py
[2024-08-09T13:35:26.362-0400] {logging_mixin.py:188} INFO - [2024-08-09T13:35:26.362-0400] {dag.py:3089} INFO - Sync 1 DAGs
[2024-08-09T13:35:26.365-0400] {logging_mixin.py:188} INFO - [2024-08-09T13:35:26.365-0400] {dag.py:3947} INFO - Setting next_dagrun for example_trigger_target_dag to None, run_after=None
[2024-08-09T13:35:26.371-0400] {processor.py:183} INFO - Processing /Users/jakeliu/we-defend-truth-1/airflow_env/lib/python3.12/site-packages/airflow/example_dags/example_trigger_target_dag.py took 0.056 seconds
[2024-08-09T13:36:18.370-0400] {processor.py:161} INFO - Started process (PID=23896) to work on /Users/jakeliu/we-defend-truth-1/airflow_env/lib/python3.12/site-packages/airflow/example_dags/example_trigger_target_dag.py
[2024-08-09T13:36:18.371-0400] {processor.py:830} INFO - Processing file /Users/jakeliu/we-defend-truth-1/airflow_env/lib/python3.12/site-packages/airflow/example_dags/example_trigger_target_dag.py for tasks to queue
[2024-08-09T13:36:18.372-0400] {logging_mixin.py:188} INFO - [2024-08-09T13:36:18.372-0400] {dagbag.py:545} INFO - Filling up the DagBag from /Users/jakeliu/we-defend-truth-1/airflow_env/lib/python3.12/site-packages/airflow/example_dags/example_trigger_target_dag.py
[2024-08-09T13:36:18.385-0400] {processor.py:840} INFO - DAG(s) 'example_trigger_target_dag' retrieved from /Users/jakeliu/we-defend-truth-1/airflow_env/lib/python3.12/site-packages/airflow/example_dags/example_trigger_target_dag.py
[2024-08-09T13:36:18.414-0400] {logging_mixin.py:188} INFO - [2024-08-09T13:36:18.414-0400] {dag.py:3089} INFO - Sync 1 DAGs
[2024-08-09T13:36:18.417-0400] {logging_mixin.py:188} INFO - [2024-08-09T13:36:18.417-0400] {dag.py:3947} INFO - Setting next_dagrun for example_trigger_target_dag to None, run_after=None
[2024-08-09T13:36:18.423-0400] {processor.py:183} INFO - Processing /Users/jakeliu/we-defend-truth-1/airflow_env/lib/python3.12/site-packages/airflow/example_dags/example_trigger_target_dag.py took 0.054 seconds
[2024-08-09T13:37:11.766-0400] {processor.py:161} INFO - Started process (PID=23944) to work on /Users/jakeliu/we-defend-truth-1/airflow_env/lib/python3.12/site-packages/airflow/example_dags/example_trigger_target_dag.py
[2024-08-09T13:37:11.766-0400] {processor.py:830} INFO - Processing file /Users/jakeliu/we-defend-truth-1/airflow_env/lib/python3.12/site-packages/airflow/example_dags/example_trigger_target_dag.py for tasks to queue
[2024-08-09T13:37:11.766-0400] {logging_mixin.py:188} INFO - [2024-08-09T13:37:11.766-0400] {dagbag.py:545} INFO - Filling up the DagBag from /Users/jakeliu/we-defend-truth-1/airflow_env/lib/python3.12/site-packages/airflow/example_dags/example_trigger_target_dag.py
[2024-08-09T13:37:11.781-0400] {processor.py:840} INFO - DAG(s) 'example_trigger_target_dag' retrieved from /Users/jakeliu/we-defend-truth-1/airflow_env/lib/python3.12/site-packages/airflow/example_dags/example_trigger_target_dag.py
[2024-08-09T13:37:11.815-0400] {logging_mixin.py:188} INFO - [2024-08-09T13:37:11.815-0400] {dag.py:3089} INFO - Sync 1 DAGs
[2024-08-09T13:37:11.818-0400] {logging_mixin.py:188} INFO - [2024-08-09T13:37:11.818-0400] {dag.py:3947} INFO - Setting next_dagrun for example_trigger_target_dag to None, run_after=None
[2024-08-09T13:37:11.825-0400] {processor.py:183} INFO - Processing /Users/jakeliu/we-defend-truth-1/airflow_env/lib/python3.12/site-packages/airflow/example_dags/example_trigger_target_dag.py took 0.061 seconds
[2024-08-09T13:38:10.302-0400] {processor.py:161} INFO - Started process (PID=23987) to work on /Users/jakeliu/we-defend-truth-1/airflow_env/lib/python3.12/site-packages/airflow/example_dags/example_trigger_target_dag.py
[2024-08-09T13:38:10.302-0400] {processor.py:830} INFO - Processing file /Users/jakeliu/we-defend-truth-1/airflow_env/lib/python3.12/site-packages/airflow/example_dags/example_trigger_target_dag.py for tasks to queue
[2024-08-09T13:38:10.303-0400] {logging_mixin.py:188} INFO - [2024-08-09T13:38:10.302-0400] {dagbag.py:545} INFO - Filling up the DagBag from /Users/jakeliu/we-defend-truth-1/airflow_env/lib/python3.12/site-packages/airflow/example_dags/example_trigger_target_dag.py
[2024-08-09T13:38:10.316-0400] {processor.py:840} INFO - DAG(s) 'example_trigger_target_dag' retrieved from /Users/jakeliu/we-defend-truth-1/airflow_env/lib/python3.12/site-packages/airflow/example_dags/example_trigger_target_dag.py
[2024-08-09T13:38:10.346-0400] {logging_mixin.py:188} INFO - [2024-08-09T13:38:10.346-0400] {dag.py:3089} INFO - Sync 1 DAGs
[2024-08-09T13:38:10.349-0400] {logging_mixin.py:188} INFO - [2024-08-09T13:38:10.349-0400] {dag.py:3947} INFO - Setting next_dagrun for example_trigger_target_dag to None, run_after=None
[2024-08-09T13:38:10.355-0400] {processor.py:183} INFO - Processing /Users/jakeliu/we-defend-truth-1/airflow_env/lib/python3.12/site-packages/airflow/example_dags/example_trigger_target_dag.py took 0.055 seconds
[2024-08-09T13:39:09.056-0400] {processor.py:161} INFO - Started process (PID=24026) to work on /Users/jakeliu/we-defend-truth-1/airflow_env/lib/python3.12/site-packages/airflow/example_dags/example_trigger_target_dag.py
[2024-08-09T13:39:09.058-0400] {processor.py:830} INFO - Processing file /Users/jakeliu/we-defend-truth-1/airflow_env/lib/python3.12/site-packages/airflow/example_dags/example_trigger_target_dag.py for tasks to queue
[2024-08-09T13:39:09.058-0400] {logging_mixin.py:188} INFO - [2024-08-09T13:39:09.058-0400] {dagbag.py:545} INFO - Filling up the DagBag from /Users/jakeliu/we-defend-truth-1/airflow_env/lib/python3.12/site-packages/airflow/example_dags/example_trigger_target_dag.py
[2024-08-09T13:39:09.072-0400] {processor.py:840} INFO - DAG(s) 'example_trigger_target_dag' retrieved from /Users/jakeliu/we-defend-truth-1/airflow_env/lib/python3.12/site-packages/airflow/example_dags/example_trigger_target_dag.py
[2024-08-09T13:39:09.103-0400] {logging_mixin.py:188} INFO - [2024-08-09T13:39:09.103-0400] {dag.py:3089} INFO - Sync 1 DAGs
[2024-08-09T13:39:09.106-0400] {logging_mixin.py:188} INFO - [2024-08-09T13:39:09.106-0400] {dag.py:3947} INFO - Setting next_dagrun for example_trigger_target_dag to None, run_after=None
[2024-08-09T13:39:09.113-0400] {processor.py:183} INFO - Processing /Users/jakeliu/we-defend-truth-1/airflow_env/lib/python3.12/site-packages/airflow/example_dags/example_trigger_target_dag.py took 0.057 seconds
[2024-08-09T13:40:03.894-0400] {processor.py:161} INFO - Started process (PID=24064) to work on /Users/jakeliu/we-defend-truth-1/airflow_env/lib/python3.12/site-packages/airflow/example_dags/example_trigger_target_dag.py
[2024-08-09T13:40:03.894-0400] {processor.py:830} INFO - Processing file /Users/jakeliu/we-defend-truth-1/airflow_env/lib/python3.12/site-packages/airflow/example_dags/example_trigger_target_dag.py for tasks to queue
[2024-08-09T13:40:03.895-0400] {logging_mixin.py:188} INFO - [2024-08-09T13:40:03.895-0400] {dagbag.py:545} INFO - Filling up the DagBag from /Users/jakeliu/we-defend-truth-1/airflow_env/lib/python3.12/site-packages/airflow/example_dags/example_trigger_target_dag.py
[2024-08-09T13:40:03.908-0400] {processor.py:840} INFO - DAG(s) 'example_trigger_target_dag' retrieved from /Users/jakeliu/we-defend-truth-1/airflow_env/lib/python3.12/site-packages/airflow/example_dags/example_trigger_target_dag.py
[2024-08-09T13:40:03.938-0400] {logging_mixin.py:188} INFO - [2024-08-09T13:40:03.938-0400] {dag.py:3089} INFO - Sync 1 DAGs
[2024-08-09T13:40:03.941-0400] {logging_mixin.py:188} INFO - [2024-08-09T13:40:03.941-0400] {dag.py:3947} INFO - Setting next_dagrun for example_trigger_target_dag to None, run_after=None
[2024-08-09T13:40:03.949-0400] {processor.py:183} INFO - Processing /Users/jakeliu/we-defend-truth-1/airflow_env/lib/python3.12/site-packages/airflow/example_dags/example_trigger_target_dag.py took 0.057 seconds
[2024-08-09T13:40:57.329-0400] {processor.py:161} INFO - Started process (PID=24121) to work on /Users/jakeliu/we-defend-truth-1/airflow_env/lib/python3.12/site-packages/airflow/example_dags/example_trigger_target_dag.py
[2024-08-09T13:40:57.330-0400] {processor.py:830} INFO - Processing file /Users/jakeliu/we-defend-truth-1/airflow_env/lib/python3.12/site-packages/airflow/example_dags/example_trigger_target_dag.py for tasks to queue
[2024-08-09T13:40:57.330-0400] {logging_mixin.py:188} INFO - [2024-08-09T13:40:57.330-0400] {dagbag.py:545} INFO - Filling up the DagBag from /Users/jakeliu/we-defend-truth-1/airflow_env/lib/python3.12/site-packages/airflow/example_dags/example_trigger_target_dag.py
[2024-08-09T13:40:57.343-0400] {processor.py:840} INFO - DAG(s) 'example_trigger_target_dag' retrieved from /Users/jakeliu/we-defend-truth-1/airflow_env/lib/python3.12/site-packages/airflow/example_dags/example_trigger_target_dag.py
[2024-08-09T13:40:57.373-0400] {logging_mixin.py:188} INFO - [2024-08-09T13:40:57.372-0400] {dag.py:3089} INFO - Sync 1 DAGs
[2024-08-09T13:40:57.375-0400] {logging_mixin.py:188} INFO - [2024-08-09T13:40:57.375-0400] {dag.py:3947} INFO - Setting next_dagrun for example_trigger_target_dag to None, run_after=None
[2024-08-09T13:40:57.381-0400] {processor.py:183} INFO - Processing /Users/jakeliu/we-defend-truth-1/airflow_env/lib/python3.12/site-packages/airflow/example_dags/example_trigger_target_dag.py took 0.054 seconds
[2024-08-09T13:41:50.792-0400] {processor.py:161} INFO - Started process (PID=24232) to work on /Users/jakeliu/we-defend-truth-1/airflow_env/lib/python3.12/site-packages/airflow/example_dags/example_trigger_target_dag.py
[2024-08-09T13:41:50.793-0400] {processor.py:830} INFO - Processing file /Users/jakeliu/we-defend-truth-1/airflow_env/lib/python3.12/site-packages/airflow/example_dags/example_trigger_target_dag.py for tasks to queue
[2024-08-09T13:41:50.793-0400] {logging_mixin.py:188} INFO - [2024-08-09T13:41:50.793-0400] {dagbag.py:545} INFO - Filling up the DagBag from /Users/jakeliu/we-defend-truth-1/airflow_env/lib/python3.12/site-packages/airflow/example_dags/example_trigger_target_dag.py
[2024-08-09T13:41:50.807-0400] {processor.py:840} INFO - DAG(s) 'example_trigger_target_dag' retrieved from /Users/jakeliu/we-defend-truth-1/airflow_env/lib/python3.12/site-packages/airflow/example_dags/example_trigger_target_dag.py
[2024-08-09T13:41:50.837-0400] {logging_mixin.py:188} INFO - [2024-08-09T13:41:50.837-0400] {dag.py:3089} INFO - Sync 1 DAGs
[2024-08-09T13:41:50.840-0400] {logging_mixin.py:188} INFO - [2024-08-09T13:41:50.840-0400] {dag.py:3947} INFO - Setting next_dagrun for example_trigger_target_dag to None, run_after=None
[2024-08-09T13:41:50.846-0400] {processor.py:183} INFO - Processing /Users/jakeliu/we-defend-truth-1/airflow_env/lib/python3.12/site-packages/airflow/example_dags/example_trigger_target_dag.py took 0.055 seconds
[2024-08-09T13:42:47.843-0400] {processor.py:161} INFO - Started process (PID=24318) to work on /Users/jakeliu/we-defend-truth-1/airflow_env/lib/python3.12/site-packages/airflow/example_dags/example_trigger_target_dag.py
[2024-08-09T13:42:47.843-0400] {processor.py:830} INFO - Processing file /Users/jakeliu/we-defend-truth-1/airflow_env/lib/python3.12/site-packages/airflow/example_dags/example_trigger_target_dag.py for tasks to queue
[2024-08-09T13:42:47.843-0400] {logging_mixin.py:188} INFO - [2024-08-09T13:42:47.843-0400] {dagbag.py:545} INFO - Filling up the DagBag from /Users/jakeliu/we-defend-truth-1/airflow_env/lib/python3.12/site-packages/airflow/example_dags/example_trigger_target_dag.py
[2024-08-09T13:42:47.859-0400] {processor.py:840} INFO - DAG(s) 'example_trigger_target_dag' retrieved from /Users/jakeliu/we-defend-truth-1/airflow_env/lib/python3.12/site-packages/airflow/example_dags/example_trigger_target_dag.py
[2024-08-09T13:42:47.897-0400] {logging_mixin.py:188} INFO - [2024-08-09T13:42:47.897-0400] {dag.py:3089} INFO - Sync 1 DAGs
[2024-08-09T13:42:47.901-0400] {logging_mixin.py:188} INFO - [2024-08-09T13:42:47.900-0400] {dag.py:3947} INFO - Setting next_dagrun for example_trigger_target_dag to None, run_after=None
[2024-08-09T13:42:47.908-0400] {processor.py:183} INFO - Processing /Users/jakeliu/we-defend-truth-1/airflow_env/lib/python3.12/site-packages/airflow/example_dags/example_trigger_target_dag.py took 0.066 seconds
[2024-08-09T13:43:43.229-0400] {processor.py:161} INFO - Started process (PID=24371) to work on /Users/jakeliu/we-defend-truth-1/airflow_env/lib/python3.12/site-packages/airflow/example_dags/example_trigger_target_dag.py
[2024-08-09T13:43:43.230-0400] {processor.py:830} INFO - Processing file /Users/jakeliu/we-defend-truth-1/airflow_env/lib/python3.12/site-packages/airflow/example_dags/example_trigger_target_dag.py for tasks to queue
[2024-08-09T13:43:43.230-0400] {logging_mixin.py:188} INFO - [2024-08-09T13:43:43.230-0400] {dagbag.py:545} INFO - Filling up the DagBag from /Users/jakeliu/we-defend-truth-1/airflow_env/lib/python3.12/site-packages/airflow/example_dags/example_trigger_target_dag.py
[2024-08-09T13:43:43.244-0400] {processor.py:840} INFO - DAG(s) 'example_trigger_target_dag' retrieved from /Users/jakeliu/we-defend-truth-1/airflow_env/lib/python3.12/site-packages/airflow/example_dags/example_trigger_target_dag.py
[2024-08-09T13:43:43.273-0400] {logging_mixin.py:188} INFO - [2024-08-09T13:43:43.273-0400] {dag.py:3089} INFO - Sync 1 DAGs
[2024-08-09T13:43:43.276-0400] {logging_mixin.py:188} INFO - [2024-08-09T13:43:43.276-0400] {dag.py:3947} INFO - Setting next_dagrun for example_trigger_target_dag to None, run_after=None
[2024-08-09T13:43:43.283-0400] {processor.py:183} INFO - Processing /Users/jakeliu/we-defend-truth-1/airflow_env/lib/python3.12/site-packages/airflow/example_dags/example_trigger_target_dag.py took 0.055 seconds
[2024-08-09T13:45:21.192-0400] {processor.py:161} INFO - Started process (PID=24441) to work on /Users/jakeliu/we-defend-truth-1/airflow_env/lib/python3.12/site-packages/airflow/example_dags/example_trigger_target_dag.py
[2024-08-09T13:45:21.193-0400] {processor.py:830} INFO - Processing file /Users/jakeliu/we-defend-truth-1/airflow_env/lib/python3.12/site-packages/airflow/example_dags/example_trigger_target_dag.py for tasks to queue
[2024-08-09T13:45:21.193-0400] {logging_mixin.py:188} INFO - [2024-08-09T13:45:21.193-0400] {dagbag.py:545} INFO - Filling up the DagBag from /Users/jakeliu/we-defend-truth-1/airflow_env/lib/python3.12/site-packages/airflow/example_dags/example_trigger_target_dag.py
[2024-08-09T13:45:21.207-0400] {processor.py:840} INFO - DAG(s) 'example_trigger_target_dag' retrieved from /Users/jakeliu/we-defend-truth-1/airflow_env/lib/python3.12/site-packages/airflow/example_dags/example_trigger_target_dag.py
[2024-08-09T13:45:21.236-0400] {logging_mixin.py:188} INFO - [2024-08-09T13:45:21.236-0400] {dag.py:3089} INFO - Sync 1 DAGs
[2024-08-09T13:45:21.239-0400] {logging_mixin.py:188} INFO - [2024-08-09T13:45:21.239-0400] {dag.py:3947} INFO - Setting next_dagrun for example_trigger_target_dag to None, run_after=None
[2024-08-09T13:45:21.245-0400] {processor.py:183} INFO - Processing /Users/jakeliu/we-defend-truth-1/airflow_env/lib/python3.12/site-packages/airflow/example_dags/example_trigger_target_dag.py took 0.054 seconds
[2024-08-09T13:46:12.888-0400] {processor.py:161} INFO - Started process (PID=24475) to work on /Users/jakeliu/we-defend-truth-1/airflow_env/lib/python3.12/site-packages/airflow/example_dags/example_trigger_target_dag.py
[2024-08-09T13:46:12.889-0400] {processor.py:830} INFO - Processing file /Users/jakeliu/we-defend-truth-1/airflow_env/lib/python3.12/site-packages/airflow/example_dags/example_trigger_target_dag.py for tasks to queue
[2024-08-09T13:46:12.890-0400] {logging_mixin.py:188} INFO - [2024-08-09T13:46:12.890-0400] {dagbag.py:545} INFO - Filling up the DagBag from /Users/jakeliu/we-defend-truth-1/airflow_env/lib/python3.12/site-packages/airflow/example_dags/example_trigger_target_dag.py
[2024-08-09T13:46:12.903-0400] {processor.py:840} INFO - DAG(s) 'example_trigger_target_dag' retrieved from /Users/jakeliu/we-defend-truth-1/airflow_env/lib/python3.12/site-packages/airflow/example_dags/example_trigger_target_dag.py
[2024-08-09T13:46:12.932-0400] {logging_mixin.py:188} INFO - [2024-08-09T13:46:12.932-0400] {dag.py:3089} INFO - Sync 1 DAGs
[2024-08-09T13:46:12.935-0400] {logging_mixin.py:188} INFO - [2024-08-09T13:46:12.935-0400] {dag.py:3947} INFO - Setting next_dagrun for example_trigger_target_dag to None, run_after=None
[2024-08-09T13:46:12.941-0400] {processor.py:183} INFO - Processing /Users/jakeliu/we-defend-truth-1/airflow_env/lib/python3.12/site-packages/airflow/example_dags/example_trigger_target_dag.py took 0.054 seconds
[2024-08-09T13:47:06.681-0400] {processor.py:161} INFO - Started process (PID=24515) to work on /Users/jakeliu/we-defend-truth-1/airflow_env/lib/python3.12/site-packages/airflow/example_dags/example_trigger_target_dag.py
[2024-08-09T13:47:06.682-0400] {processor.py:830} INFO - Processing file /Users/jakeliu/we-defend-truth-1/airflow_env/lib/python3.12/site-packages/airflow/example_dags/example_trigger_target_dag.py for tasks to queue
[2024-08-09T13:47:06.683-0400] {logging_mixin.py:188} INFO - [2024-08-09T13:47:06.683-0400] {dagbag.py:545} INFO - Filling up the DagBag from /Users/jakeliu/we-defend-truth-1/airflow_env/lib/python3.12/site-packages/airflow/example_dags/example_trigger_target_dag.py
[2024-08-09T13:47:06.696-0400] {processor.py:840} INFO - DAG(s) 'example_trigger_target_dag' retrieved from /Users/jakeliu/we-defend-truth-1/airflow_env/lib/python3.12/site-packages/airflow/example_dags/example_trigger_target_dag.py
[2024-08-09T13:47:06.725-0400] {logging_mixin.py:188} INFO - [2024-08-09T13:47:06.725-0400] {dag.py:3089} INFO - Sync 1 DAGs
[2024-08-09T13:47:06.728-0400] {logging_mixin.py:188} INFO - [2024-08-09T13:47:06.728-0400] {dag.py:3947} INFO - Setting next_dagrun for example_trigger_target_dag to None, run_after=None
[2024-08-09T13:47:06.737-0400] {processor.py:183} INFO - Processing /Users/jakeliu/we-defend-truth-1/airflow_env/lib/python3.12/site-packages/airflow/example_dags/example_trigger_target_dag.py took 0.057 seconds
[2024-08-09T13:48:48.563-0400] {processor.py:161} INFO - Started process (PID=24585) to work on /Users/jakeliu/we-defend-truth-1/airflow_env/lib/python3.12/site-packages/airflow/example_dags/example_trigger_target_dag.py
[2024-08-09T13:48:48.564-0400] {processor.py:830} INFO - Processing file /Users/jakeliu/we-defend-truth-1/airflow_env/lib/python3.12/site-packages/airflow/example_dags/example_trigger_target_dag.py for tasks to queue
[2024-08-09T13:48:48.564-0400] {logging_mixin.py:188} INFO - [2024-08-09T13:48:48.564-0400] {dagbag.py:545} INFO - Filling up the DagBag from /Users/jakeliu/we-defend-truth-1/airflow_env/lib/python3.12/site-packages/airflow/example_dags/example_trigger_target_dag.py
[2024-08-09T13:48:48.578-0400] {processor.py:840} INFO - DAG(s) 'example_trigger_target_dag' retrieved from /Users/jakeliu/we-defend-truth-1/airflow_env/lib/python3.12/site-packages/airflow/example_dags/example_trigger_target_dag.py
[2024-08-09T13:48:48.607-0400] {logging_mixin.py:188} INFO - [2024-08-09T13:48:48.607-0400] {dag.py:3089} INFO - Sync 1 DAGs
[2024-08-09T13:48:48.610-0400] {logging_mixin.py:188} INFO - [2024-08-09T13:48:48.609-0400] {dag.py:3947} INFO - Setting next_dagrun for example_trigger_target_dag to None, run_after=None
[2024-08-09T13:48:48.615-0400] {processor.py:183} INFO - Processing /Users/jakeliu/we-defend-truth-1/airflow_env/lib/python3.12/site-packages/airflow/example_dags/example_trigger_target_dag.py took 0.053 seconds
[2024-08-09T13:50:24.815-0400] {processor.py:161} INFO - Started process (PID=24670) to work on /Users/jakeliu/we-defend-truth-1/airflow_env/lib/python3.12/site-packages/airflow/example_dags/example_trigger_target_dag.py
[2024-08-09T13:50:24.815-0400] {processor.py:830} INFO - Processing file /Users/jakeliu/we-defend-truth-1/airflow_env/lib/python3.12/site-packages/airflow/example_dags/example_trigger_target_dag.py for tasks to queue
[2024-08-09T13:50:24.816-0400] {logging_mixin.py:188} INFO - [2024-08-09T13:50:24.816-0400] {dagbag.py:545} INFO - Filling up the DagBag from /Users/jakeliu/we-defend-truth-1/airflow_env/lib/python3.12/site-packages/airflow/example_dags/example_trigger_target_dag.py
[2024-08-09T13:50:24.829-0400] {processor.py:840} INFO - DAG(s) 'example_trigger_target_dag' retrieved from /Users/jakeliu/we-defend-truth-1/airflow_env/lib/python3.12/site-packages/airflow/example_dags/example_trigger_target_dag.py
[2024-08-09T13:50:24.858-0400] {logging_mixin.py:188} INFO - [2024-08-09T13:50:24.858-0400] {dag.py:3089} INFO - Sync 1 DAGs
[2024-08-09T13:50:24.861-0400] {logging_mixin.py:188} INFO - [2024-08-09T13:50:24.861-0400] {dag.py:3947} INFO - Setting next_dagrun for example_trigger_target_dag to None, run_after=None
[2024-08-09T13:50:24.867-0400] {processor.py:183} INFO - Processing /Users/jakeliu/we-defend-truth-1/airflow_env/lib/python3.12/site-packages/airflow/example_dags/example_trigger_target_dag.py took 0.053 seconds
[2024-08-09T13:51:15.693-0400] {processor.py:161} INFO - Started process (PID=24705) to work on /Users/jakeliu/we-defend-truth-1/airflow_env/lib/python3.12/site-packages/airflow/example_dags/example_trigger_target_dag.py
[2024-08-09T13:51:15.695-0400] {processor.py:830} INFO - Processing file /Users/jakeliu/we-defend-truth-1/airflow_env/lib/python3.12/site-packages/airflow/example_dags/example_trigger_target_dag.py for tasks to queue
[2024-08-09T13:51:15.695-0400] {logging_mixin.py:188} INFO - [2024-08-09T13:51:15.695-0400] {dagbag.py:545} INFO - Filling up the DagBag from /Users/jakeliu/we-defend-truth-1/airflow_env/lib/python3.12/site-packages/airflow/example_dags/example_trigger_target_dag.py
[2024-08-09T13:51:15.708-0400] {processor.py:840} INFO - DAG(s) 'example_trigger_target_dag' retrieved from /Users/jakeliu/we-defend-truth-1/airflow_env/lib/python3.12/site-packages/airflow/example_dags/example_trigger_target_dag.py
[2024-08-09T13:51:15.737-0400] {logging_mixin.py:188} INFO - [2024-08-09T13:51:15.737-0400] {dag.py:3089} INFO - Sync 1 DAGs
[2024-08-09T13:51:15.740-0400] {logging_mixin.py:188} INFO - [2024-08-09T13:51:15.740-0400] {dag.py:3947} INFO - Setting next_dagrun for example_trigger_target_dag to None, run_after=None
[2024-08-09T13:51:15.746-0400] {processor.py:183} INFO - Processing /Users/jakeliu/we-defend-truth-1/airflow_env/lib/python3.12/site-packages/airflow/example_dags/example_trigger_target_dag.py took 0.054 seconds
[2024-08-09T13:52:06.197-0400] {processor.py:161} INFO - Started process (PID=24749) to work on /Users/jakeliu/we-defend-truth-1/airflow_env/lib/python3.12/site-packages/airflow/example_dags/example_trigger_target_dag.py
[2024-08-09T13:52:06.199-0400] {processor.py:830} INFO - Processing file /Users/jakeliu/we-defend-truth-1/airflow_env/lib/python3.12/site-packages/airflow/example_dags/example_trigger_target_dag.py for tasks to queue
[2024-08-09T13:52:06.200-0400] {logging_mixin.py:188} INFO - [2024-08-09T13:52:06.199-0400] {dagbag.py:545} INFO - Filling up the DagBag from /Users/jakeliu/we-defend-truth-1/airflow_env/lib/python3.12/site-packages/airflow/example_dags/example_trigger_target_dag.py
[2024-08-09T13:52:06.214-0400] {processor.py:840} INFO - DAG(s) 'example_trigger_target_dag' retrieved from /Users/jakeliu/we-defend-truth-1/airflow_env/lib/python3.12/site-packages/airflow/example_dags/example_trigger_target_dag.py
[2024-08-09T13:52:06.245-0400] {logging_mixin.py:188} INFO - [2024-08-09T13:52:06.245-0400] {dag.py:3089} INFO - Sync 1 DAGs
[2024-08-09T13:52:06.248-0400] {logging_mixin.py:188} INFO - [2024-08-09T13:52:06.248-0400] {dag.py:3947} INFO - Setting next_dagrun for example_trigger_target_dag to None, run_after=None
[2024-08-09T13:52:06.255-0400] {processor.py:183} INFO - Processing /Users/jakeliu/we-defend-truth-1/airflow_env/lib/python3.12/site-packages/airflow/example_dags/example_trigger_target_dag.py took 0.058 seconds
[2024-08-09T13:53:03.654-0400] {processor.py:161} INFO - Started process (PID=24837) to work on /Users/jakeliu/we-defend-truth-1/airflow_env/lib/python3.12/site-packages/airflow/example_dags/example_trigger_target_dag.py
[2024-08-09T13:53:03.654-0400] {processor.py:830} INFO - Processing file /Users/jakeliu/we-defend-truth-1/airflow_env/lib/python3.12/site-packages/airflow/example_dags/example_trigger_target_dag.py for tasks to queue
[2024-08-09T13:53:03.654-0400] {logging_mixin.py:188} INFO - [2024-08-09T13:53:03.654-0400] {dagbag.py:545} INFO - Filling up the DagBag from /Users/jakeliu/we-defend-truth-1/airflow_env/lib/python3.12/site-packages/airflow/example_dags/example_trigger_target_dag.py
[2024-08-09T13:53:03.668-0400] {processor.py:840} INFO - DAG(s) 'example_trigger_target_dag' retrieved from /Users/jakeliu/we-defend-truth-1/airflow_env/lib/python3.12/site-packages/airflow/example_dags/example_trigger_target_dag.py
[2024-08-09T13:53:03.699-0400] {logging_mixin.py:188} INFO - [2024-08-09T13:53:03.699-0400] {dag.py:3089} INFO - Sync 1 DAGs
[2024-08-09T13:53:03.702-0400] {logging_mixin.py:188} INFO - [2024-08-09T13:53:03.702-0400] {dag.py:3947} INFO - Setting next_dagrun for example_trigger_target_dag to None, run_after=None
[2024-08-09T13:53:03.709-0400] {processor.py:183} INFO - Processing /Users/jakeliu/we-defend-truth-1/airflow_env/lib/python3.12/site-packages/airflow/example_dags/example_trigger_target_dag.py took 0.056 seconds
[2024-08-09T13:54:01.870-0400] {processor.py:161} INFO - Started process (PID=24883) to work on /Users/jakeliu/we-defend-truth-1/airflow_env/lib/python3.12/site-packages/airflow/example_dags/example_trigger_target_dag.py
[2024-08-09T13:54:01.871-0400] {processor.py:830} INFO - Processing file /Users/jakeliu/we-defend-truth-1/airflow_env/lib/python3.12/site-packages/airflow/example_dags/example_trigger_target_dag.py for tasks to queue
[2024-08-09T13:54:01.871-0400] {logging_mixin.py:188} INFO - [2024-08-09T13:54:01.871-0400] {dagbag.py:545} INFO - Filling up the DagBag from /Users/jakeliu/we-defend-truth-1/airflow_env/lib/python3.12/site-packages/airflow/example_dags/example_trigger_target_dag.py
[2024-08-09T13:54:01.884-0400] {processor.py:840} INFO - DAG(s) 'example_trigger_target_dag' retrieved from /Users/jakeliu/we-defend-truth-1/airflow_env/lib/python3.12/site-packages/airflow/example_dags/example_trigger_target_dag.py
[2024-08-09T13:54:01.914-0400] {logging_mixin.py:188} INFO - [2024-08-09T13:54:01.914-0400] {dag.py:3089} INFO - Sync 1 DAGs
[2024-08-09T13:54:01.918-0400] {logging_mixin.py:188} INFO - [2024-08-09T13:54:01.917-0400] {dag.py:3947} INFO - Setting next_dagrun for example_trigger_target_dag to None, run_after=None
[2024-08-09T13:54:01.924-0400] {processor.py:183} INFO - Processing /Users/jakeliu/we-defend-truth-1/airflow_env/lib/python3.12/site-packages/airflow/example_dags/example_trigger_target_dag.py took 0.055 seconds
[2024-08-09T13:54:58.351-0400] {processor.py:161} INFO - Started process (PID=24940) to work on /Users/jakeliu/we-defend-truth-1/airflow_env/lib/python3.12/site-packages/airflow/example_dags/example_trigger_target_dag.py
[2024-08-09T13:54:58.352-0400] {processor.py:830} INFO - Processing file /Users/jakeliu/we-defend-truth-1/airflow_env/lib/python3.12/site-packages/airflow/example_dags/example_trigger_target_dag.py for tasks to queue
[2024-08-09T13:54:58.353-0400] {logging_mixin.py:188} INFO - [2024-08-09T13:54:58.352-0400] {dagbag.py:545} INFO - Filling up the DagBag from /Users/jakeliu/we-defend-truth-1/airflow_env/lib/python3.12/site-packages/airflow/example_dags/example_trigger_target_dag.py
[2024-08-09T13:54:58.366-0400] {processor.py:840} INFO - DAG(s) 'example_trigger_target_dag' retrieved from /Users/jakeliu/we-defend-truth-1/airflow_env/lib/python3.12/site-packages/airflow/example_dags/example_trigger_target_dag.py
[2024-08-09T13:54:58.396-0400] {logging_mixin.py:188} INFO - [2024-08-09T13:54:58.396-0400] {dag.py:3089} INFO - Sync 1 DAGs
[2024-08-09T13:54:58.399-0400] {logging_mixin.py:188} INFO - [2024-08-09T13:54:58.398-0400] {dag.py:3947} INFO - Setting next_dagrun for example_trigger_target_dag to None, run_after=None
[2024-08-09T13:54:58.404-0400] {processor.py:183} INFO - Processing /Users/jakeliu/we-defend-truth-1/airflow_env/lib/python3.12/site-packages/airflow/example_dags/example_trigger_target_dag.py took 0.054 seconds
[2024-08-09T13:55:58.584-0400] {processor.py:161} INFO - Started process (PID=25018) to work on /Users/jakeliu/we-defend-truth-1/airflow_env/lib/python3.12/site-packages/airflow/example_dags/example_trigger_target_dag.py
[2024-08-09T13:55:58.584-0400] {processor.py:830} INFO - Processing file /Users/jakeliu/we-defend-truth-1/airflow_env/lib/python3.12/site-packages/airflow/example_dags/example_trigger_target_dag.py for tasks to queue
[2024-08-09T13:55:58.584-0400] {logging_mixin.py:188} INFO - [2024-08-09T13:55:58.584-0400] {dagbag.py:545} INFO - Filling up the DagBag from /Users/jakeliu/we-defend-truth-1/airflow_env/lib/python3.12/site-packages/airflow/example_dags/example_trigger_target_dag.py
[2024-08-09T13:55:58.598-0400] {processor.py:840} INFO - DAG(s) 'example_trigger_target_dag' retrieved from /Users/jakeliu/we-defend-truth-1/airflow_env/lib/python3.12/site-packages/airflow/example_dags/example_trigger_target_dag.py
[2024-08-09T13:55:58.627-0400] {logging_mixin.py:188} INFO - [2024-08-09T13:55:58.627-0400] {dag.py:3089} INFO - Sync 1 DAGs
[2024-08-09T13:55:58.630-0400] {logging_mixin.py:188} INFO - [2024-08-09T13:55:58.630-0400] {dag.py:3947} INFO - Setting next_dagrun for example_trigger_target_dag to None, run_after=None
[2024-08-09T13:55:58.636-0400] {processor.py:183} INFO - Processing /Users/jakeliu/we-defend-truth-1/airflow_env/lib/python3.12/site-packages/airflow/example_dags/example_trigger_target_dag.py took 0.054 seconds
[2024-08-09T13:56:57.342-0400] {processor.py:161} INFO - Started process (PID=25063) to work on /Users/jakeliu/we-defend-truth-1/airflow_env/lib/python3.12/site-packages/airflow/example_dags/example_trigger_target_dag.py
[2024-08-09T13:56:57.343-0400] {processor.py:830} INFO - Processing file /Users/jakeliu/we-defend-truth-1/airflow_env/lib/python3.12/site-packages/airflow/example_dags/example_trigger_target_dag.py for tasks to queue
[2024-08-09T13:56:57.344-0400] {logging_mixin.py:188} INFO - [2024-08-09T13:56:57.344-0400] {dagbag.py:545} INFO - Filling up the DagBag from /Users/jakeliu/we-defend-truth-1/airflow_env/lib/python3.12/site-packages/airflow/example_dags/example_trigger_target_dag.py
[2024-08-09T13:56:57.357-0400] {processor.py:840} INFO - DAG(s) 'example_trigger_target_dag' retrieved from /Users/jakeliu/we-defend-truth-1/airflow_env/lib/python3.12/site-packages/airflow/example_dags/example_trigger_target_dag.py
[2024-08-09T13:56:57.387-0400] {logging_mixin.py:188} INFO - [2024-08-09T13:56:57.387-0400] {dag.py:3089} INFO - Sync 1 DAGs
[2024-08-09T13:56:57.390-0400] {logging_mixin.py:188} INFO - [2024-08-09T13:56:57.390-0400] {dag.py:3947} INFO - Setting next_dagrun for example_trigger_target_dag to None, run_after=None
[2024-08-09T13:56:57.396-0400] {processor.py:183} INFO - Processing /Users/jakeliu/we-defend-truth-1/airflow_env/lib/python3.12/site-packages/airflow/example_dags/example_trigger_target_dag.py took 0.054 seconds
