[2024-08-09T13:05:08.865-0400] {processor.py:161} INFO - Started process (PID=20930) to work on /Users/jakeliu/we-defend-truth-1/airflow_env/lib/python3.12/site-packages/airflow/example_dags/example_branch_datetime_operator.py
[2024-08-09T13:05:08.866-0400] {processor.py:830} INFO - Processing file /Users/jakeliu/we-defend-truth-1/airflow_env/lib/python3.12/site-packages/airflow/example_dags/example_branch_datetime_operator.py for tasks to queue
[2024-08-09T13:05:08.866-0400] {logging_mixin.py:188} INFO - [2024-08-09T13:05:08.866-0400] {dagbag.py:545} INFO - Filling up the DagBag from /Users/jakeliu/we-defend-truth-1/airflow_env/lib/python3.12/site-packages/airflow/example_dags/example_branch_datetime_operator.py
[2024-08-09T13:05:08.871-0400] {processor.py:840} INFO - DAG(s) 'example_branch_datetime_operator_2', 'example_branch_datetime_operator_3', 'example_branch_datetime_operator' retrieved from /Users/jakeliu/we-defend-truth-1/airflow_env/lib/python3.12/site-packages/airflow/example_dags/example_branch_datetime_operator.py
[2024-08-09T13:05:08.932-0400] {logging_mixin.py:188} INFO - [2024-08-09T13:05:08.932-0400] {dag.py:3089} INFO - Sync 3 DAGs
[2024-08-09T13:05:08.937-0400] {logging_mixin.py:188} INFO - [2024-08-09T13:05:08.937-0400] {dag.py:3947} INFO - Setting next_dagrun for example_branch_datetime_operator to 2024-08-08 00:00:00+00:00, run_after=2024-08-09 00:00:00+00:00
[2024-08-09T13:05:08.938-0400] {logging_mixin.py:188} INFO - [2024-08-09T13:05:08.938-0400] {dag.py:3947} INFO - Setting next_dagrun for example_branch_datetime_operator_2 to 2024-08-08 00:00:00+00:00, run_after=2024-08-09 00:00:00+00:00
[2024-08-09T13:05:08.939-0400] {logging_mixin.py:188} INFO - [2024-08-09T13:05:08.939-0400] {dag.py:3947} INFO - Setting next_dagrun for example_branch_datetime_operator_3 to 2024-08-08 00:00:00+00:00, run_after=2024-08-09 00:00:00+00:00
[2024-08-09T13:05:08.945-0400] {processor.py:183} INFO - Processing /Users/jakeliu/we-defend-truth-1/airflow_env/lib/python3.12/site-packages/airflow/example_dags/example_branch_datetime_operator.py took 0.081 seconds
[2024-08-09T13:06:56.460-0400] {processor.py:161} INFO - Started process (PID=21084) to work on /Users/jakeliu/we-defend-truth-1/airflow_env/lib/python3.12/site-packages/airflow/example_dags/example_branch_datetime_operator.py
[2024-08-09T13:06:56.461-0400] {processor.py:830} INFO - Processing file /Users/jakeliu/we-defend-truth-1/airflow_env/lib/python3.12/site-packages/airflow/example_dags/example_branch_datetime_operator.py for tasks to queue
[2024-08-09T13:06:56.461-0400] {logging_mixin.py:188} INFO - [2024-08-09T13:06:56.461-0400] {dagbag.py:545} INFO - Filling up the DagBag from /Users/jakeliu/we-defend-truth-1/airflow_env/lib/python3.12/site-packages/airflow/example_dags/example_branch_datetime_operator.py
[2024-08-09T13:06:56.466-0400] {processor.py:840} INFO - DAG(s) 'example_branch_datetime_operator_2', 'example_branch_datetime_operator', 'example_branch_datetime_operator_3' retrieved from /Users/jakeliu/we-defend-truth-1/airflow_env/lib/python3.12/site-packages/airflow/example_dags/example_branch_datetime_operator.py
[2024-08-09T13:06:56.498-0400] {logging_mixin.py:188} INFO - [2024-08-09T13:06:56.498-0400] {dag.py:3089} INFO - Sync 3 DAGs
[2024-08-09T13:06:56.504-0400] {logging_mixin.py:188} INFO - [2024-08-09T13:06:56.504-0400] {dag.py:3947} INFO - Setting next_dagrun for example_branch_datetime_operator to 2024-08-08 00:00:00+00:00, run_after=2024-08-09 00:00:00+00:00
[2024-08-09T13:06:56.505-0400] {logging_mixin.py:188} INFO - [2024-08-09T13:06:56.505-0400] {dag.py:3947} INFO - Setting next_dagrun for example_branch_datetime_operator_2 to 2024-08-08 00:00:00+00:00, run_after=2024-08-09 00:00:00+00:00
[2024-08-09T13:06:56.506-0400] {logging_mixin.py:188} INFO - [2024-08-09T13:06:56.506-0400] {dag.py:3947} INFO - Setting next_dagrun for example_branch_datetime_operator_3 to 2024-08-08 00:00:00+00:00, run_after=2024-08-09 00:00:00+00:00
[2024-08-09T13:06:56.511-0400] {processor.py:183} INFO - Processing /Users/jakeliu/we-defend-truth-1/airflow_env/lib/python3.12/site-packages/airflow/example_dags/example_branch_datetime_operator.py took 0.052 seconds
[2024-08-09T13:08:40.111-0400] {processor.py:161} INFO - Started process (PID=21201) to work on /Users/jakeliu/we-defend-truth-1/airflow_env/lib/python3.12/site-packages/airflow/example_dags/example_branch_datetime_operator.py
[2024-08-09T13:08:40.112-0400] {processor.py:830} INFO - Processing file /Users/jakeliu/we-defend-truth-1/airflow_env/lib/python3.12/site-packages/airflow/example_dags/example_branch_datetime_operator.py for tasks to queue
[2024-08-09T13:08:40.112-0400] {logging_mixin.py:188} INFO - [2024-08-09T13:08:40.112-0400] {dagbag.py:545} INFO - Filling up the DagBag from /Users/jakeliu/we-defend-truth-1/airflow_env/lib/python3.12/site-packages/airflow/example_dags/example_branch_datetime_operator.py
[2024-08-09T13:08:40.117-0400] {processor.py:840} INFO - DAG(s) 'example_branch_datetime_operator', 'example_branch_datetime_operator_3', 'example_branch_datetime_operator_2' retrieved from /Users/jakeliu/we-defend-truth-1/airflow_env/lib/python3.12/site-packages/airflow/example_dags/example_branch_datetime_operator.py
[2024-08-09T13:08:40.153-0400] {logging_mixin.py:188} INFO - [2024-08-09T13:08:40.153-0400] {dag.py:3089} INFO - Sync 3 DAGs
[2024-08-09T13:08:40.159-0400] {logging_mixin.py:188} INFO - [2024-08-09T13:08:40.159-0400] {dag.py:3947} INFO - Setting next_dagrun for example_branch_datetime_operator to 2024-08-08 00:00:00+00:00, run_after=2024-08-09 00:00:00+00:00
[2024-08-09T13:08:40.161-0400] {logging_mixin.py:188} INFO - [2024-08-09T13:08:40.161-0400] {dag.py:3947} INFO - Setting next_dagrun for example_branch_datetime_operator_2 to 2024-08-08 00:00:00+00:00, run_after=2024-08-09 00:00:00+00:00
[2024-08-09T13:08:40.161-0400] {logging_mixin.py:188} INFO - [2024-08-09T13:08:40.161-0400] {dag.py:3947} INFO - Setting next_dagrun for example_branch_datetime_operator_3 to 2024-08-08 00:00:00+00:00, run_after=2024-08-09 00:00:00+00:00
[2024-08-09T13:08:40.168-0400] {processor.py:183} INFO - Processing /Users/jakeliu/we-defend-truth-1/airflow_env/lib/python3.12/site-packages/airflow/example_dags/example_branch_datetime_operator.py took 0.058 seconds
[2024-08-09T13:10:20.989-0400] {processor.py:161} INFO - Started process (PID=21315) to work on /Users/jakeliu/we-defend-truth-1/airflow_env/lib/python3.12/site-packages/airflow/example_dags/example_branch_datetime_operator.py
[2024-08-09T13:10:20.990-0400] {processor.py:830} INFO - Processing file /Users/jakeliu/we-defend-truth-1/airflow_env/lib/python3.12/site-packages/airflow/example_dags/example_branch_datetime_operator.py for tasks to queue
[2024-08-09T13:10:20.990-0400] {logging_mixin.py:188} INFO - [2024-08-09T13:10:20.990-0400] {dagbag.py:545} INFO - Filling up the DagBag from /Users/jakeliu/we-defend-truth-1/airflow_env/lib/python3.12/site-packages/airflow/example_dags/example_branch_datetime_operator.py
[2024-08-09T13:10:20.995-0400] {processor.py:840} INFO - DAG(s) 'example_branch_datetime_operator', 'example_branch_datetime_operator_2', 'example_branch_datetime_operator_3' retrieved from /Users/jakeliu/we-defend-truth-1/airflow_env/lib/python3.12/site-packages/airflow/example_dags/example_branch_datetime_operator.py
[2024-08-09T13:10:21.027-0400] {logging_mixin.py:188} INFO - [2024-08-09T13:10:21.027-0400] {dag.py:3089} INFO - Sync 3 DAGs
[2024-08-09T13:10:21.033-0400] {logging_mixin.py:188} INFO - [2024-08-09T13:10:21.033-0400] {dag.py:3947} INFO - Setting next_dagrun for example_branch_datetime_operator to 2024-08-08 00:00:00+00:00, run_after=2024-08-09 00:00:00+00:00
[2024-08-09T13:10:21.034-0400] {logging_mixin.py:188} INFO - [2024-08-09T13:10:21.034-0400] {dag.py:3947} INFO - Setting next_dagrun for example_branch_datetime_operator_2 to 2024-08-08 00:00:00+00:00, run_after=2024-08-09 00:00:00+00:00
[2024-08-09T13:10:21.035-0400] {logging_mixin.py:188} INFO - [2024-08-09T13:10:21.035-0400] {dag.py:3947} INFO - Setting next_dagrun for example_branch_datetime_operator_3 to 2024-08-08 00:00:00+00:00, run_after=2024-08-09 00:00:00+00:00
[2024-08-09T13:10:21.041-0400] {processor.py:183} INFO - Processing /Users/jakeliu/we-defend-truth-1/airflow_env/lib/python3.12/site-packages/airflow/example_dags/example_branch_datetime_operator.py took 0.053 seconds
[2024-08-09T13:12:06.581-0400] {processor.py:161} INFO - Started process (PID=21429) to work on /Users/jakeliu/we-defend-truth-1/airflow_env/lib/python3.12/site-packages/airflow/example_dags/example_branch_datetime_operator.py
[2024-08-09T13:12:06.581-0400] {processor.py:830} INFO - Processing file /Users/jakeliu/we-defend-truth-1/airflow_env/lib/python3.12/site-packages/airflow/example_dags/example_branch_datetime_operator.py for tasks to queue
[2024-08-09T13:12:06.582-0400] {logging_mixin.py:188} INFO - [2024-08-09T13:12:06.582-0400] {dagbag.py:545} INFO - Filling up the DagBag from /Users/jakeliu/we-defend-truth-1/airflow_env/lib/python3.12/site-packages/airflow/example_dags/example_branch_datetime_operator.py
[2024-08-09T13:12:06.586-0400] {processor.py:840} INFO - DAG(s) 'example_branch_datetime_operator_2', 'example_branch_datetime_operator_3', 'example_branch_datetime_operator' retrieved from /Users/jakeliu/we-defend-truth-1/airflow_env/lib/python3.12/site-packages/airflow/example_dags/example_branch_datetime_operator.py
[2024-08-09T13:12:06.620-0400] {logging_mixin.py:188} INFO - [2024-08-09T13:12:06.620-0400] {dag.py:3089} INFO - Sync 3 DAGs
[2024-08-09T13:12:06.626-0400] {logging_mixin.py:188} INFO - [2024-08-09T13:12:06.626-0400] {dag.py:3947} INFO - Setting next_dagrun for example_branch_datetime_operator to 2024-08-08 00:00:00+00:00, run_after=2024-08-09 00:00:00+00:00
[2024-08-09T13:12:06.628-0400] {logging_mixin.py:188} INFO - [2024-08-09T13:12:06.627-0400] {dag.py:3947} INFO - Setting next_dagrun for example_branch_datetime_operator_2 to 2024-08-08 00:00:00+00:00, run_after=2024-08-09 00:00:00+00:00
[2024-08-09T13:12:06.628-0400] {logging_mixin.py:188} INFO - [2024-08-09T13:12:06.628-0400] {dag.py:3947} INFO - Setting next_dagrun for example_branch_datetime_operator_3 to 2024-08-08 00:00:00+00:00, run_after=2024-08-09 00:00:00+00:00
[2024-08-09T13:12:06.634-0400] {processor.py:183} INFO - Processing /Users/jakeliu/we-defend-truth-1/airflow_env/lib/python3.12/site-packages/airflow/example_dags/example_branch_datetime_operator.py took 0.054 seconds
[2024-08-09T13:14:00.547-0400] {processor.py:161} INFO - Started process (PID=21521) to work on /Users/jakeliu/we-defend-truth-1/airflow_env/lib/python3.12/site-packages/airflow/example_dags/example_branch_datetime_operator.py
[2024-08-09T13:14:00.548-0400] {processor.py:830} INFO - Processing file /Users/jakeliu/we-defend-truth-1/airflow_env/lib/python3.12/site-packages/airflow/example_dags/example_branch_datetime_operator.py for tasks to queue
[2024-08-09T13:14:00.548-0400] {logging_mixin.py:188} INFO - [2024-08-09T13:14:00.548-0400] {dagbag.py:545} INFO - Filling up the DagBag from /Users/jakeliu/we-defend-truth-1/airflow_env/lib/python3.12/site-packages/airflow/example_dags/example_branch_datetime_operator.py
[2024-08-09T13:14:00.553-0400] {processor.py:840} INFO - DAG(s) 'example_branch_datetime_operator_2', 'example_branch_datetime_operator_3', 'example_branch_datetime_operator' retrieved from /Users/jakeliu/we-defend-truth-1/airflow_env/lib/python3.12/site-packages/airflow/example_dags/example_branch_datetime_operator.py
[2024-08-09T13:14:00.585-0400] {logging_mixin.py:188} INFO - [2024-08-09T13:14:00.585-0400] {dag.py:3089} INFO - Sync 3 DAGs
[2024-08-09T13:14:00.591-0400] {logging_mixin.py:188} INFO - [2024-08-09T13:14:00.591-0400] {dag.py:3947} INFO - Setting next_dagrun for example_branch_datetime_operator to 2024-08-08 00:00:00+00:00, run_after=2024-08-09 00:00:00+00:00
[2024-08-09T13:14:00.592-0400] {logging_mixin.py:188} INFO - [2024-08-09T13:14:00.592-0400] {dag.py:3947} INFO - Setting next_dagrun for example_branch_datetime_operator_2 to 2024-08-08 00:00:00+00:00, run_after=2024-08-09 00:00:00+00:00
[2024-08-09T13:14:00.593-0400] {logging_mixin.py:188} INFO - [2024-08-09T13:14:00.593-0400] {dag.py:3947} INFO - Setting next_dagrun for example_branch_datetime_operator_3 to 2024-08-08 00:00:00+00:00, run_after=2024-08-09 00:00:00+00:00
[2024-08-09T13:14:00.598-0400] {processor.py:183} INFO - Processing /Users/jakeliu/we-defend-truth-1/airflow_env/lib/python3.12/site-packages/airflow/example_dags/example_branch_datetime_operator.py took 0.052 seconds
[2024-08-09T13:15:57.720-0400] {processor.py:161} INFO - Started process (PID=21635) to work on /Users/jakeliu/we-defend-truth-1/airflow_env/lib/python3.12/site-packages/airflow/example_dags/example_branch_datetime_operator.py
[2024-08-09T13:15:57.721-0400] {processor.py:830} INFO - Processing file /Users/jakeliu/we-defend-truth-1/airflow_env/lib/python3.12/site-packages/airflow/example_dags/example_branch_datetime_operator.py for tasks to queue
[2024-08-09T13:15:57.721-0400] {logging_mixin.py:188} INFO - [2024-08-09T13:15:57.721-0400] {dagbag.py:545} INFO - Filling up the DagBag from /Users/jakeliu/we-defend-truth-1/airflow_env/lib/python3.12/site-packages/airflow/example_dags/example_branch_datetime_operator.py
[2024-08-09T13:15:57.726-0400] {processor.py:840} INFO - DAG(s) 'example_branch_datetime_operator_2', 'example_branch_datetime_operator_3', 'example_branch_datetime_operator' retrieved from /Users/jakeliu/we-defend-truth-1/airflow_env/lib/python3.12/site-packages/airflow/example_dags/example_branch_datetime_operator.py
[2024-08-09T13:15:57.757-0400] {logging_mixin.py:188} INFO - [2024-08-09T13:15:57.757-0400] {dag.py:3089} INFO - Sync 3 DAGs
[2024-08-09T13:15:57.763-0400] {logging_mixin.py:188} INFO - [2024-08-09T13:15:57.763-0400] {dag.py:3947} INFO - Setting next_dagrun for example_branch_datetime_operator to 2024-08-08 00:00:00+00:00, run_after=2024-08-09 00:00:00+00:00
[2024-08-09T13:15:57.764-0400] {logging_mixin.py:188} INFO - [2024-08-09T13:15:57.764-0400] {dag.py:3947} INFO - Setting next_dagrun for example_branch_datetime_operator_2 to 2024-08-08 00:00:00+00:00, run_after=2024-08-09 00:00:00+00:00
[2024-08-09T13:15:57.765-0400] {logging_mixin.py:188} INFO - [2024-08-09T13:15:57.765-0400] {dag.py:3947} INFO - Setting next_dagrun for example_branch_datetime_operator_3 to 2024-08-08 00:00:00+00:00, run_after=2024-08-09 00:00:00+00:00
[2024-08-09T13:15:57.771-0400] {processor.py:183} INFO - Processing /Users/jakeliu/we-defend-truth-1/airflow_env/lib/python3.12/site-packages/airflow/example_dags/example_branch_datetime_operator.py took 0.052 seconds
[2024-08-09T13:17:47.264-0400] {processor.py:161} INFO - Started process (PID=21829) to work on /Users/jakeliu/we-defend-truth-1/airflow_env/lib/python3.12/site-packages/airflow/example_dags/example_branch_datetime_operator.py
[2024-08-09T13:17:47.265-0400] {processor.py:830} INFO - Processing file /Users/jakeliu/we-defend-truth-1/airflow_env/lib/python3.12/site-packages/airflow/example_dags/example_branch_datetime_operator.py for tasks to queue
[2024-08-09T13:17:47.265-0400] {logging_mixin.py:188} INFO - [2024-08-09T13:17:47.265-0400] {dagbag.py:545} INFO - Filling up the DagBag from /Users/jakeliu/we-defend-truth-1/airflow_env/lib/python3.12/site-packages/airflow/example_dags/example_branch_datetime_operator.py
[2024-08-09T13:17:47.270-0400] {processor.py:840} INFO - DAG(s) 'example_branch_datetime_operator_3', 'example_branch_datetime_operator_2', 'example_branch_datetime_operator' retrieved from /Users/jakeliu/we-defend-truth-1/airflow_env/lib/python3.12/site-packages/airflow/example_dags/example_branch_datetime_operator.py
[2024-08-09T13:17:47.303-0400] {logging_mixin.py:188} INFO - [2024-08-09T13:17:47.303-0400] {dag.py:3089} INFO - Sync 3 DAGs
[2024-08-09T13:17:47.309-0400] {logging_mixin.py:188} INFO - [2024-08-09T13:17:47.309-0400] {dag.py:3947} INFO - Setting next_dagrun for example_branch_datetime_operator to 2024-08-08 00:00:00+00:00, run_after=2024-08-09 00:00:00+00:00
[2024-08-09T13:17:47.311-0400] {logging_mixin.py:188} INFO - [2024-08-09T13:17:47.311-0400] {dag.py:3947} INFO - Setting next_dagrun for example_branch_datetime_operator_2 to 2024-08-08 00:00:00+00:00, run_after=2024-08-09 00:00:00+00:00
[2024-08-09T13:17:47.311-0400] {logging_mixin.py:188} INFO - [2024-08-09T13:17:47.311-0400] {dag.py:3947} INFO - Setting next_dagrun for example_branch_datetime_operator_3 to 2024-08-08 00:00:00+00:00, run_after=2024-08-09 00:00:00+00:00
[2024-08-09T13:17:47.317-0400] {processor.py:183} INFO - Processing /Users/jakeliu/we-defend-truth-1/airflow_env/lib/python3.12/site-packages/airflow/example_dags/example_branch_datetime_operator.py took 0.054 seconds
[2024-08-09T13:19:28.140-0400] {processor.py:161} INFO - Started process (PID=21916) to work on /Users/jakeliu/we-defend-truth-1/airflow_env/lib/python3.12/site-packages/airflow/example_dags/example_branch_datetime_operator.py
[2024-08-09T13:19:28.141-0400] {processor.py:830} INFO - Processing file /Users/jakeliu/we-defend-truth-1/airflow_env/lib/python3.12/site-packages/airflow/example_dags/example_branch_datetime_operator.py for tasks to queue
[2024-08-09T13:19:28.141-0400] {logging_mixin.py:188} INFO - [2024-08-09T13:19:28.141-0400] {dagbag.py:545} INFO - Filling up the DagBag from /Users/jakeliu/we-defend-truth-1/airflow_env/lib/python3.12/site-packages/airflow/example_dags/example_branch_datetime_operator.py
[2024-08-09T13:19:28.147-0400] {processor.py:840} INFO - DAG(s) 'example_branch_datetime_operator_2', 'example_branch_datetime_operator_3', 'example_branch_datetime_operator' retrieved from /Users/jakeliu/we-defend-truth-1/airflow_env/lib/python3.12/site-packages/airflow/example_dags/example_branch_datetime_operator.py
[2024-08-09T13:19:28.180-0400] {logging_mixin.py:188} INFO - [2024-08-09T13:19:28.179-0400] {dag.py:3089} INFO - Sync 3 DAGs
[2024-08-09T13:19:28.186-0400] {logging_mixin.py:188} INFO - [2024-08-09T13:19:28.185-0400] {dag.py:3947} INFO - Setting next_dagrun for example_branch_datetime_operator to 2024-08-08 00:00:00+00:00, run_after=2024-08-09 00:00:00+00:00
[2024-08-09T13:19:28.187-0400] {logging_mixin.py:188} INFO - [2024-08-09T13:19:28.187-0400] {dag.py:3947} INFO - Setting next_dagrun for example_branch_datetime_operator_2 to 2024-08-08 00:00:00+00:00, run_after=2024-08-09 00:00:00+00:00
[2024-08-09T13:19:28.187-0400] {logging_mixin.py:188} INFO - [2024-08-09T13:19:28.187-0400] {dag.py:3947} INFO - Setting next_dagrun for example_branch_datetime_operator_3 to 2024-08-08 00:00:00+00:00, run_after=2024-08-09 00:00:00+00:00
[2024-08-09T13:19:28.193-0400] {processor.py:183} INFO - Processing /Users/jakeliu/we-defend-truth-1/airflow_env/lib/python3.12/site-packages/airflow/example_dags/example_branch_datetime_operator.py took 0.054 seconds
[2024-08-09T13:21:09.688-0400] {processor.py:161} INFO - Started process (PID=22574) to work on /Users/jakeliu/we-defend-truth-1/airflow_env/lib/python3.12/site-packages/airflow/example_dags/example_branch_datetime_operator.py
[2024-08-09T13:21:09.689-0400] {processor.py:830} INFO - Processing file /Users/jakeliu/we-defend-truth-1/airflow_env/lib/python3.12/site-packages/airflow/example_dags/example_branch_datetime_operator.py for tasks to queue
[2024-08-09T13:21:09.689-0400] {logging_mixin.py:188} INFO - [2024-08-09T13:21:09.689-0400] {dagbag.py:545} INFO - Filling up the DagBag from /Users/jakeliu/we-defend-truth-1/airflow_env/lib/python3.12/site-packages/airflow/example_dags/example_branch_datetime_operator.py
[2024-08-09T13:21:09.694-0400] {processor.py:840} INFO - DAG(s) 'example_branch_datetime_operator_2', 'example_branch_datetime_operator', 'example_branch_datetime_operator_3' retrieved from /Users/jakeliu/we-defend-truth-1/airflow_env/lib/python3.12/site-packages/airflow/example_dags/example_branch_datetime_operator.py
[2024-08-09T13:21:09.727-0400] {logging_mixin.py:188} INFO - [2024-08-09T13:21:09.727-0400] {dag.py:3089} INFO - Sync 3 DAGs
[2024-08-09T13:21:09.733-0400] {logging_mixin.py:188} INFO - [2024-08-09T13:21:09.733-0400] {dag.py:3947} INFO - Setting next_dagrun for example_branch_datetime_operator to 2024-08-08 00:00:00+00:00, run_after=2024-08-09 00:00:00+00:00
[2024-08-09T13:21:09.735-0400] {logging_mixin.py:188} INFO - [2024-08-09T13:21:09.735-0400] {dag.py:3947} INFO - Setting next_dagrun for example_branch_datetime_operator_2 to 2024-08-08 00:00:00+00:00, run_after=2024-08-09 00:00:00+00:00
[2024-08-09T13:21:09.735-0400] {logging_mixin.py:188} INFO - [2024-08-09T13:21:09.735-0400] {dag.py:3947} INFO - Setting next_dagrun for example_branch_datetime_operator_3 to 2024-08-08 00:00:00+00:00, run_after=2024-08-09 00:00:00+00:00
[2024-08-09T13:21:09.741-0400] {processor.py:183} INFO - Processing /Users/jakeliu/we-defend-truth-1/airflow_env/lib/python3.12/site-packages/airflow/example_dags/example_branch_datetime_operator.py took 0.054 seconds
[2024-08-09T13:22:53.306-0400] {processor.py:161} INFO - Started process (PID=22682) to work on /Users/jakeliu/we-defend-truth-1/airflow_env/lib/python3.12/site-packages/airflow/example_dags/example_branch_datetime_operator.py
[2024-08-09T13:22:53.307-0400] {processor.py:830} INFO - Processing file /Users/jakeliu/we-defend-truth-1/airflow_env/lib/python3.12/site-packages/airflow/example_dags/example_branch_datetime_operator.py for tasks to queue
[2024-08-09T13:22:53.307-0400] {logging_mixin.py:188} INFO - [2024-08-09T13:22:53.307-0400] {dagbag.py:545} INFO - Filling up the DagBag from /Users/jakeliu/we-defend-truth-1/airflow_env/lib/python3.12/site-packages/airflow/example_dags/example_branch_datetime_operator.py
[2024-08-09T13:22:53.312-0400] {processor.py:840} INFO - DAG(s) 'example_branch_datetime_operator_2', 'example_branch_datetime_operator_3', 'example_branch_datetime_operator' retrieved from /Users/jakeliu/we-defend-truth-1/airflow_env/lib/python3.12/site-packages/airflow/example_dags/example_branch_datetime_operator.py
[2024-08-09T13:22:53.345-0400] {logging_mixin.py:188} INFO - [2024-08-09T13:22:53.345-0400] {dag.py:3089} INFO - Sync 3 DAGs
[2024-08-09T13:22:53.351-0400] {logging_mixin.py:188} INFO - [2024-08-09T13:22:53.351-0400] {dag.py:3947} INFO - Setting next_dagrun for example_branch_datetime_operator to 2024-08-08 00:00:00+00:00, run_after=2024-08-09 00:00:00+00:00
[2024-08-09T13:22:53.352-0400] {logging_mixin.py:188} INFO - [2024-08-09T13:22:53.352-0400] {dag.py:3947} INFO - Setting next_dagrun for example_branch_datetime_operator_2 to 2024-08-08 00:00:00+00:00, run_after=2024-08-09 00:00:00+00:00
[2024-08-09T13:22:53.352-0400] {logging_mixin.py:188} INFO - [2024-08-09T13:22:53.352-0400] {dag.py:3947} INFO - Setting next_dagrun for example_branch_datetime_operator_3 to 2024-08-08 00:00:00+00:00, run_after=2024-08-09 00:00:00+00:00
[2024-08-09T13:22:53.358-0400] {processor.py:183} INFO - Processing /Users/jakeliu/we-defend-truth-1/airflow_env/lib/python3.12/site-packages/airflow/example_dags/example_branch_datetime_operator.py took 0.053 seconds
[2024-08-09T13:24:35.707-0400] {processor.py:161} INFO - Started process (PID=22790) to work on /Users/jakeliu/we-defend-truth-1/airflow_env/lib/python3.12/site-packages/airflow/example_dags/example_branch_datetime_operator.py
[2024-08-09T13:24:35.708-0400] {processor.py:830} INFO - Processing file /Users/jakeliu/we-defend-truth-1/airflow_env/lib/python3.12/site-packages/airflow/example_dags/example_branch_datetime_operator.py for tasks to queue
[2024-08-09T13:24:35.708-0400] {logging_mixin.py:188} INFO - [2024-08-09T13:24:35.708-0400] {dagbag.py:545} INFO - Filling up the DagBag from /Users/jakeliu/we-defend-truth-1/airflow_env/lib/python3.12/site-packages/airflow/example_dags/example_branch_datetime_operator.py
[2024-08-09T13:24:35.713-0400] {processor.py:840} INFO - DAG(s) 'example_branch_datetime_operator_2', 'example_branch_datetime_operator_3', 'example_branch_datetime_operator' retrieved from /Users/jakeliu/we-defend-truth-1/airflow_env/lib/python3.12/site-packages/airflow/example_dags/example_branch_datetime_operator.py
[2024-08-09T13:24:35.746-0400] {logging_mixin.py:188} INFO - [2024-08-09T13:24:35.746-0400] {dag.py:3089} INFO - Sync 3 DAGs
[2024-08-09T13:24:35.753-0400] {logging_mixin.py:188} INFO - [2024-08-09T13:24:35.752-0400] {dag.py:3947} INFO - Setting next_dagrun for example_branch_datetime_operator to 2024-08-08 00:00:00+00:00, run_after=2024-08-09 00:00:00+00:00
[2024-08-09T13:24:35.754-0400] {logging_mixin.py:188} INFO - [2024-08-09T13:24:35.754-0400] {dag.py:3947} INFO - Setting next_dagrun for example_branch_datetime_operator_2 to 2024-08-08 00:00:00+00:00, run_after=2024-08-09 00:00:00+00:00
[2024-08-09T13:24:35.754-0400] {logging_mixin.py:188} INFO - [2024-08-09T13:24:35.754-0400] {dag.py:3947} INFO - Setting next_dagrun for example_branch_datetime_operator_3 to 2024-08-08 00:00:00+00:00, run_after=2024-08-09 00:00:00+00:00
[2024-08-09T13:24:35.760-0400] {processor.py:183} INFO - Processing /Users/jakeliu/we-defend-truth-1/airflow_env/lib/python3.12/site-packages/airflow/example_dags/example_branch_datetime_operator.py took 0.053 seconds
[2024-08-09T13:26:31.719-0400] {processor.py:161} INFO - Started process (PID=22913) to work on /Users/jakeliu/we-defend-truth-1/airflow_env/lib/python3.12/site-packages/airflow/example_dags/example_branch_datetime_operator.py
[2024-08-09T13:26:31.720-0400] {processor.py:830} INFO - Processing file /Users/jakeliu/we-defend-truth-1/airflow_env/lib/python3.12/site-packages/airflow/example_dags/example_branch_datetime_operator.py for tasks to queue
[2024-08-09T13:26:31.721-0400] {logging_mixin.py:188} INFO - [2024-08-09T13:26:31.721-0400] {dagbag.py:545} INFO - Filling up the DagBag from /Users/jakeliu/we-defend-truth-1/airflow_env/lib/python3.12/site-packages/airflow/example_dags/example_branch_datetime_operator.py
[2024-08-09T13:26:31.725-0400] {processor.py:840} INFO - DAG(s) 'example_branch_datetime_operator', 'example_branch_datetime_operator_3', 'example_branch_datetime_operator_2' retrieved from /Users/jakeliu/we-defend-truth-1/airflow_env/lib/python3.12/site-packages/airflow/example_dags/example_branch_datetime_operator.py
[2024-08-09T13:26:31.757-0400] {logging_mixin.py:188} INFO - [2024-08-09T13:26:31.757-0400] {dag.py:3089} INFO - Sync 3 DAGs
[2024-08-09T13:26:31.763-0400] {logging_mixin.py:188} INFO - [2024-08-09T13:26:31.763-0400] {dag.py:3947} INFO - Setting next_dagrun for example_branch_datetime_operator to 2024-08-08 00:00:00+00:00, run_after=2024-08-09 00:00:00+00:00
[2024-08-09T13:26:31.764-0400] {logging_mixin.py:188} INFO - [2024-08-09T13:26:31.764-0400] {dag.py:3947} INFO - Setting next_dagrun for example_branch_datetime_operator_2 to 2024-08-08 00:00:00+00:00, run_after=2024-08-09 00:00:00+00:00
[2024-08-09T13:26:31.765-0400] {logging_mixin.py:188} INFO - [2024-08-09T13:26:31.765-0400] {dag.py:3947} INFO - Setting next_dagrun for example_branch_datetime_operator_3 to 2024-08-08 00:00:00+00:00, run_after=2024-08-09 00:00:00+00:00
[2024-08-09T13:26:31.770-0400] {processor.py:183} INFO - Processing /Users/jakeliu/we-defend-truth-1/airflow_env/lib/python3.12/site-packages/airflow/example_dags/example_branch_datetime_operator.py took 0.053 seconds
