[2024-08-09T13:04:12.214-0400] {processor.py:161} INFO - Started process (PID=20895) to work on /Users/jakeliu/we-defend-truth-1/airflow_env/lib/python3.12/site-packages/airflow/example_dags/example_time_delta_sensor_async.py
[2024-08-09T13:04:12.215-0400] {processor.py:830} INFO - Processing file /Users/jakeliu/we-defend-truth-1/airflow_env/lib/python3.12/site-packages/airflow/example_dags/example_time_delta_sensor_async.py for tasks to queue
[2024-08-09T13:04:12.215-0400] {logging_mixin.py:188} INFO - [2024-08-09T13:04:12.215-0400] {dagbag.py:545} INFO - Filling up the DagBag from /Users/jakeliu/we-defend-truth-1/airflow_env/lib/python3.12/site-packages/airflow/example_dags/example_time_delta_sensor_async.py
[2024-08-09T13:04:12.219-0400] {processor.py:840} INFO - DAG(s) 'example_time_delta_sensor_async' retrieved from /Users/jakeliu/we-defend-truth-1/airflow_env/lib/python3.12/site-packages/airflow/example_dags/example_time_delta_sensor_async.py
[2024-08-09T13:04:12.283-0400] {logging_mixin.py:188} INFO - [2024-08-09T13:04:12.283-0400] {dag.py:3089} INFO - Sync 1 DAGs
[2024-08-09T13:04:12.286-0400] {logging_mixin.py:188} INFO - [2024-08-09T13:04:12.286-0400] {dag.py:3947} INFO - Setting next_dagrun for example_time_delta_sensor_async to None, run_after=None
[2024-08-09T13:04:12.293-0400] {processor.py:183} INFO - Processing /Users/jakeliu/we-defend-truth-1/airflow_env/lib/python3.12/site-packages/airflow/example_dags/example_time_delta_sensor_async.py took 0.079 seconds
[2024-08-09T13:05:38.362-0400] {processor.py:161} INFO - Started process (PID=20971) to work on /Users/jakeliu/we-defend-truth-1/airflow_env/lib/python3.12/site-packages/airflow/example_dags/example_time_delta_sensor_async.py
[2024-08-09T13:05:38.363-0400] {processor.py:830} INFO - Processing file /Users/jakeliu/we-defend-truth-1/airflow_env/lib/python3.12/site-packages/airflow/example_dags/example_time_delta_sensor_async.py for tasks to queue
[2024-08-09T13:05:38.363-0400] {logging_mixin.py:188} INFO - [2024-08-09T13:05:38.363-0400] {dagbag.py:545} INFO - Filling up the DagBag from /Users/jakeliu/we-defend-truth-1/airflow_env/lib/python3.12/site-packages/airflow/example_dags/example_time_delta_sensor_async.py
[2024-08-09T13:05:38.367-0400] {processor.py:840} INFO - DAG(s) 'example_time_delta_sensor_async' retrieved from /Users/jakeliu/we-defend-truth-1/airflow_env/lib/python3.12/site-packages/airflow/example_dags/example_time_delta_sensor_async.py
[2024-08-09T13:05:38.400-0400] {logging_mixin.py:188} INFO - [2024-08-09T13:05:38.400-0400] {dag.py:3089} INFO - Sync 1 DAGs
[2024-08-09T13:05:38.403-0400] {logging_mixin.py:188} INFO - [2024-08-09T13:05:38.403-0400] {dag.py:3947} INFO - Setting next_dagrun for example_time_delta_sensor_async to None, run_after=None
[2024-08-09T13:05:38.409-0400] {processor.py:183} INFO - Processing /Users/jakeliu/we-defend-truth-1/airflow_env/lib/python3.12/site-packages/airflow/example_dags/example_time_delta_sensor_async.py took 0.048 seconds
[2024-08-09T13:07:22.608-0400] {processor.py:161} INFO - Started process (PID=21117) to work on /Users/jakeliu/we-defend-truth-1/airflow_env/lib/python3.12/site-packages/airflow/example_dags/example_time_delta_sensor_async.py
[2024-08-09T13:07:22.609-0400] {processor.py:830} INFO - Processing file /Users/jakeliu/we-defend-truth-1/airflow_env/lib/python3.12/site-packages/airflow/example_dags/example_time_delta_sensor_async.py for tasks to queue
[2024-08-09T13:07:22.609-0400] {logging_mixin.py:188} INFO - [2024-08-09T13:07:22.609-0400] {dagbag.py:545} INFO - Filling up the DagBag from /Users/jakeliu/we-defend-truth-1/airflow_env/lib/python3.12/site-packages/airflow/example_dags/example_time_delta_sensor_async.py
[2024-08-09T13:07:22.613-0400] {processor.py:840} INFO - DAG(s) 'example_time_delta_sensor_async' retrieved from /Users/jakeliu/we-defend-truth-1/airflow_env/lib/python3.12/site-packages/airflow/example_dags/example_time_delta_sensor_async.py
[2024-08-09T13:07:22.646-0400] {logging_mixin.py:188} INFO - [2024-08-09T13:07:22.646-0400] {dag.py:3089} INFO - Sync 1 DAGs
[2024-08-09T13:07:22.649-0400] {logging_mixin.py:188} INFO - [2024-08-09T13:07:22.649-0400] {dag.py:3947} INFO - Setting next_dagrun for example_time_delta_sensor_async to None, run_after=None
[2024-08-09T13:07:22.656-0400] {processor.py:183} INFO - Processing /Users/jakeliu/we-defend-truth-1/airflow_env/lib/python3.12/site-packages/airflow/example_dags/example_time_delta_sensor_async.py took 0.049 seconds
[2024-08-09T13:08:14.825-0400] {processor.py:161} INFO - Started process (PID=21183) to work on /Users/jakeliu/we-defend-truth-1/airflow_env/lib/python3.12/site-packages/airflow/example_dags/example_time_delta_sensor_async.py
[2024-08-09T13:08:14.826-0400] {processor.py:830} INFO - Processing file /Users/jakeliu/we-defend-truth-1/airflow_env/lib/python3.12/site-packages/airflow/example_dags/example_time_delta_sensor_async.py for tasks to queue
[2024-08-09T13:08:14.826-0400] {logging_mixin.py:188} INFO - [2024-08-09T13:08:14.826-0400] {dagbag.py:545} INFO - Filling up the DagBag from /Users/jakeliu/we-defend-truth-1/airflow_env/lib/python3.12/site-packages/airflow/example_dags/example_time_delta_sensor_async.py
[2024-08-09T13:08:14.830-0400] {processor.py:840} INFO - DAG(s) 'example_time_delta_sensor_async' retrieved from /Users/jakeliu/we-defend-truth-1/airflow_env/lib/python3.12/site-packages/airflow/example_dags/example_time_delta_sensor_async.py
[2024-08-09T13:08:14.864-0400] {logging_mixin.py:188} INFO - [2024-08-09T13:08:14.864-0400] {dag.py:3089} INFO - Sync 1 DAGs
[2024-08-09T13:08:14.868-0400] {logging_mixin.py:188} INFO - [2024-08-09T13:08:14.867-0400] {dag.py:3947} INFO - Setting next_dagrun for example_time_delta_sensor_async to None, run_after=None
[2024-08-09T13:08:14.874-0400] {processor.py:183} INFO - Processing /Users/jakeliu/we-defend-truth-1/airflow_env/lib/python3.12/site-packages/airflow/example_dags/example_time_delta_sensor_async.py took 0.049 seconds
[2024-08-09T13:09:53.811-0400] {processor.py:161} INFO - Started process (PID=21299) to work on /Users/jakeliu/we-defend-truth-1/airflow_env/lib/python3.12/site-packages/airflow/example_dags/example_time_delta_sensor_async.py
[2024-08-09T13:09:53.812-0400] {processor.py:830} INFO - Processing file /Users/jakeliu/we-defend-truth-1/airflow_env/lib/python3.12/site-packages/airflow/example_dags/example_time_delta_sensor_async.py for tasks to queue
[2024-08-09T13:09:53.812-0400] {logging_mixin.py:188} INFO - [2024-08-09T13:09:53.812-0400] {dagbag.py:545} INFO - Filling up the DagBag from /Users/jakeliu/we-defend-truth-1/airflow_env/lib/python3.12/site-packages/airflow/example_dags/example_time_delta_sensor_async.py
[2024-08-09T13:09:53.816-0400] {processor.py:840} INFO - DAG(s) 'example_time_delta_sensor_async' retrieved from /Users/jakeliu/we-defend-truth-1/airflow_env/lib/python3.12/site-packages/airflow/example_dags/example_time_delta_sensor_async.py
[2024-08-09T13:09:53.850-0400] {logging_mixin.py:188} INFO - [2024-08-09T13:09:53.850-0400] {dag.py:3089} INFO - Sync 1 DAGs
[2024-08-09T13:09:53.854-0400] {logging_mixin.py:188} INFO - [2024-08-09T13:09:53.853-0400] {dag.py:3947} INFO - Setting next_dagrun for example_time_delta_sensor_async to None, run_after=None
[2024-08-09T13:09:53.861-0400] {processor.py:183} INFO - Processing /Users/jakeliu/we-defend-truth-1/airflow_env/lib/python3.12/site-packages/airflow/example_dags/example_time_delta_sensor_async.py took 0.051 seconds
[2024-08-09T13:10:47.946-0400] {processor.py:161} INFO - Started process (PID=21355) to work on /Users/jakeliu/we-defend-truth-1/airflow_env/lib/python3.12/site-packages/airflow/example_dags/example_time_delta_sensor_async.py
[2024-08-09T13:10:47.947-0400] {processor.py:830} INFO - Processing file /Users/jakeliu/we-defend-truth-1/airflow_env/lib/python3.12/site-packages/airflow/example_dags/example_time_delta_sensor_async.py for tasks to queue
[2024-08-09T13:10:47.948-0400] {logging_mixin.py:188} INFO - [2024-08-09T13:10:47.948-0400] {dagbag.py:545} INFO - Filling up the DagBag from /Users/jakeliu/we-defend-truth-1/airflow_env/lib/python3.12/site-packages/airflow/example_dags/example_time_delta_sensor_async.py
[2024-08-09T13:10:47.951-0400] {processor.py:840} INFO - DAG(s) 'example_time_delta_sensor_async' retrieved from /Users/jakeliu/we-defend-truth-1/airflow_env/lib/python3.12/site-packages/airflow/example_dags/example_time_delta_sensor_async.py
[2024-08-09T13:10:47.984-0400] {logging_mixin.py:188} INFO - [2024-08-09T13:10:47.984-0400] {dag.py:3089} INFO - Sync 1 DAGs
[2024-08-09T13:10:47.988-0400] {logging_mixin.py:188} INFO - [2024-08-09T13:10:47.988-0400] {dag.py:3947} INFO - Setting next_dagrun for example_time_delta_sensor_async to None, run_after=None
[2024-08-09T13:10:47.994-0400] {processor.py:183} INFO - Processing /Users/jakeliu/we-defend-truth-1/airflow_env/lib/python3.12/site-packages/airflow/example_dags/example_time_delta_sensor_async.py took 0.049 seconds
[2024-08-09T13:11:41.832-0400] {processor.py:161} INFO - Started process (PID=21405) to work on /Users/jakeliu/we-defend-truth-1/airflow_env/lib/python3.12/site-packages/airflow/example_dags/example_time_delta_sensor_async.py
[2024-08-09T13:11:41.832-0400] {processor.py:830} INFO - Processing file /Users/jakeliu/we-defend-truth-1/airflow_env/lib/python3.12/site-packages/airflow/example_dags/example_time_delta_sensor_async.py for tasks to queue
[2024-08-09T13:11:41.832-0400] {logging_mixin.py:188} INFO - [2024-08-09T13:11:41.832-0400] {dagbag.py:545} INFO - Filling up the DagBag from /Users/jakeliu/we-defend-truth-1/airflow_env/lib/python3.12/site-packages/airflow/example_dags/example_time_delta_sensor_async.py
[2024-08-09T13:11:41.836-0400] {processor.py:840} INFO - DAG(s) 'example_time_delta_sensor_async' retrieved from /Users/jakeliu/we-defend-truth-1/airflow_env/lib/python3.12/site-packages/airflow/example_dags/example_time_delta_sensor_async.py
[2024-08-09T13:11:41.871-0400] {logging_mixin.py:188} INFO - [2024-08-09T13:11:41.871-0400] {dag.py:3089} INFO - Sync 1 DAGs
[2024-08-09T13:11:41.874-0400] {logging_mixin.py:188} INFO - [2024-08-09T13:11:41.874-0400] {dag.py:3947} INFO - Setting next_dagrun for example_time_delta_sensor_async to None, run_after=None
[2024-08-09T13:11:41.881-0400] {processor.py:183} INFO - Processing /Users/jakeliu/we-defend-truth-1/airflow_env/lib/python3.12/site-packages/airflow/example_dags/example_time_delta_sensor_async.py took 0.050 seconds
[2024-08-09T13:13:31.119-0400] {processor.py:161} INFO - Started process (PID=21501) to work on /Users/jakeliu/we-defend-truth-1/airflow_env/lib/python3.12/site-packages/airflow/example_dags/example_time_delta_sensor_async.py
[2024-08-09T13:13:31.120-0400] {processor.py:830} INFO - Processing file /Users/jakeliu/we-defend-truth-1/airflow_env/lib/python3.12/site-packages/airflow/example_dags/example_time_delta_sensor_async.py for tasks to queue
[2024-08-09T13:13:31.121-0400] {logging_mixin.py:188} INFO - [2024-08-09T13:13:31.121-0400] {dagbag.py:545} INFO - Filling up the DagBag from /Users/jakeliu/we-defend-truth-1/airflow_env/lib/python3.12/site-packages/airflow/example_dags/example_time_delta_sensor_async.py
[2024-08-09T13:13:31.124-0400] {processor.py:840} INFO - DAG(s) 'example_time_delta_sensor_async' retrieved from /Users/jakeliu/we-defend-truth-1/airflow_env/lib/python3.12/site-packages/airflow/example_dags/example_time_delta_sensor_async.py
[2024-08-09T13:13:31.157-0400] {logging_mixin.py:188} INFO - [2024-08-09T13:13:31.157-0400] {dag.py:3089} INFO - Sync 1 DAGs
[2024-08-09T13:13:31.161-0400] {logging_mixin.py:188} INFO - [2024-08-09T13:13:31.161-0400] {dag.py:3947} INFO - Setting next_dagrun for example_time_delta_sensor_async to None, run_after=None
[2024-08-09T13:13:31.167-0400] {processor.py:183} INFO - Processing /Users/jakeliu/we-defend-truth-1/airflow_env/lib/python3.12/site-packages/airflow/example_dags/example_time_delta_sensor_async.py took 0.049 seconds
[2024-08-09T13:14:29.904-0400] {processor.py:161} INFO - Started process (PID=21564) to work on /Users/jakeliu/we-defend-truth-1/airflow_env/lib/python3.12/site-packages/airflow/example_dags/example_time_delta_sensor_async.py
[2024-08-09T13:14:29.904-0400] {processor.py:830} INFO - Processing file /Users/jakeliu/we-defend-truth-1/airflow_env/lib/python3.12/site-packages/airflow/example_dags/example_time_delta_sensor_async.py for tasks to queue
[2024-08-09T13:14:29.904-0400] {logging_mixin.py:188} INFO - [2024-08-09T13:14:29.904-0400] {dagbag.py:545} INFO - Filling up the DagBag from /Users/jakeliu/we-defend-truth-1/airflow_env/lib/python3.12/site-packages/airflow/example_dags/example_time_delta_sensor_async.py
[2024-08-09T13:14:29.908-0400] {processor.py:840} INFO - DAG(s) 'example_time_delta_sensor_async' retrieved from /Users/jakeliu/we-defend-truth-1/airflow_env/lib/python3.12/site-packages/airflow/example_dags/example_time_delta_sensor_async.py
[2024-08-09T13:14:29.951-0400] {logging_mixin.py:188} INFO - [2024-08-09T13:14:29.951-0400] {dag.py:3089} INFO - Sync 1 DAGs
[2024-08-09T13:14:29.956-0400] {logging_mixin.py:188} INFO - [2024-08-09T13:14:29.956-0400] {dag.py:3947} INFO - Setting next_dagrun for example_time_delta_sensor_async to None, run_after=None
[2024-08-09T13:14:29.966-0400] {processor.py:183} INFO - Processing /Users/jakeliu/we-defend-truth-1/airflow_env/lib/python3.12/site-packages/airflow/example_dags/example_time_delta_sensor_async.py took 0.063 seconds
[2024-08-09T13:15:28.342-0400] {processor.py:161} INFO - Started process (PID=21616) to work on /Users/jakeliu/we-defend-truth-1/airflow_env/lib/python3.12/site-packages/airflow/example_dags/example_time_delta_sensor_async.py
[2024-08-09T13:15:28.343-0400] {processor.py:830} INFO - Processing file /Users/jakeliu/we-defend-truth-1/airflow_env/lib/python3.12/site-packages/airflow/example_dags/example_time_delta_sensor_async.py for tasks to queue
[2024-08-09T13:15:28.343-0400] {logging_mixin.py:188} INFO - [2024-08-09T13:15:28.343-0400] {dagbag.py:545} INFO - Filling up the DagBag from /Users/jakeliu/we-defend-truth-1/airflow_env/lib/python3.12/site-packages/airflow/example_dags/example_time_delta_sensor_async.py
[2024-08-09T13:15:28.346-0400] {processor.py:840} INFO - DAG(s) 'example_time_delta_sensor_async' retrieved from /Users/jakeliu/we-defend-truth-1/airflow_env/lib/python3.12/site-packages/airflow/example_dags/example_time_delta_sensor_async.py
[2024-08-09T13:15:28.379-0400] {logging_mixin.py:188} INFO - [2024-08-09T13:15:28.379-0400] {dag.py:3089} INFO - Sync 1 DAGs
[2024-08-09T13:15:28.383-0400] {logging_mixin.py:188} INFO - [2024-08-09T13:15:28.382-0400] {dag.py:3947} INFO - Setting next_dagrun for example_time_delta_sensor_async to None, run_after=None
[2024-08-09T13:15:28.389-0400] {processor.py:183} INFO - Processing /Users/jakeliu/we-defend-truth-1/airflow_env/lib/python3.12/site-packages/airflow/example_dags/example_time_delta_sensor_async.py took 0.049 seconds
[2024-08-09T13:16:26.796-0400] {processor.py:161} INFO - Started process (PID=21662) to work on /Users/jakeliu/we-defend-truth-1/airflow_env/lib/python3.12/site-packages/airflow/example_dags/example_time_delta_sensor_async.py
[2024-08-09T13:16:26.797-0400] {processor.py:830} INFO - Processing file /Users/jakeliu/we-defend-truth-1/airflow_env/lib/python3.12/site-packages/airflow/example_dags/example_time_delta_sensor_async.py for tasks to queue
[2024-08-09T13:16:26.797-0400] {logging_mixin.py:188} INFO - [2024-08-09T13:16:26.797-0400] {dagbag.py:545} INFO - Filling up the DagBag from /Users/jakeliu/we-defend-truth-1/airflow_env/lib/python3.12/site-packages/airflow/example_dags/example_time_delta_sensor_async.py
[2024-08-09T13:16:26.800-0400] {processor.py:840} INFO - DAG(s) 'example_time_delta_sensor_async' retrieved from /Users/jakeliu/we-defend-truth-1/airflow_env/lib/python3.12/site-packages/airflow/example_dags/example_time_delta_sensor_async.py
[2024-08-09T13:16:26.833-0400] {logging_mixin.py:188} INFO - [2024-08-09T13:16:26.833-0400] {dag.py:3089} INFO - Sync 1 DAGs
[2024-08-09T13:16:26.836-0400] {logging_mixin.py:188} INFO - [2024-08-09T13:16:26.836-0400] {dag.py:3947} INFO - Setting next_dagrun for example_time_delta_sensor_async to None, run_after=None
[2024-08-09T13:16:26.842-0400] {processor.py:183} INFO - Processing /Users/jakeliu/we-defend-truth-1/airflow_env/lib/python3.12/site-packages/airflow/example_dags/example_time_delta_sensor_async.py took 0.047 seconds
[2024-08-09T13:17:21.773-0400] {processor.py:161} INFO - Started process (PID=21780) to work on /Users/jakeliu/we-defend-truth-1/airflow_env/lib/python3.12/site-packages/airflow/example_dags/example_time_delta_sensor_async.py
[2024-08-09T13:17:21.774-0400] {processor.py:830} INFO - Processing file /Users/jakeliu/we-defend-truth-1/airflow_env/lib/python3.12/site-packages/airflow/example_dags/example_time_delta_sensor_async.py for tasks to queue
[2024-08-09T13:17:21.775-0400] {logging_mixin.py:188} INFO - [2024-08-09T13:17:21.775-0400] {dagbag.py:545} INFO - Filling up the DagBag from /Users/jakeliu/we-defend-truth-1/airflow_env/lib/python3.12/site-packages/airflow/example_dags/example_time_delta_sensor_async.py
[2024-08-09T13:17:21.778-0400] {processor.py:840} INFO - DAG(s) 'example_time_delta_sensor_async' retrieved from /Users/jakeliu/we-defend-truth-1/airflow_env/lib/python3.12/site-packages/airflow/example_dags/example_time_delta_sensor_async.py
[2024-08-09T13:17:21.811-0400] {logging_mixin.py:188} INFO - [2024-08-09T13:17:21.811-0400] {dag.py:3089} INFO - Sync 1 DAGs
[2024-08-09T13:17:21.814-0400] {logging_mixin.py:188} INFO - [2024-08-09T13:17:21.814-0400] {dag.py:3947} INFO - Setting next_dagrun for example_time_delta_sensor_async to None, run_after=None
[2024-08-09T13:17:21.820-0400] {processor.py:183} INFO - Processing /Users/jakeliu/we-defend-truth-1/airflow_env/lib/python3.12/site-packages/airflow/example_dags/example_time_delta_sensor_async.py took 0.048 seconds
[2024-08-09T13:19:01.211-0400] {processor.py:161} INFO - Started process (PID=21887) to work on /Users/jakeliu/we-defend-truth-1/airflow_env/lib/python3.12/site-packages/airflow/example_dags/example_time_delta_sensor_async.py
[2024-08-09T13:19:01.212-0400] {processor.py:830} INFO - Processing file /Users/jakeliu/we-defend-truth-1/airflow_env/lib/python3.12/site-packages/airflow/example_dags/example_time_delta_sensor_async.py for tasks to queue
[2024-08-09T13:19:01.212-0400] {logging_mixin.py:188} INFO - [2024-08-09T13:19:01.212-0400] {dagbag.py:545} INFO - Filling up the DagBag from /Users/jakeliu/we-defend-truth-1/airflow_env/lib/python3.12/site-packages/airflow/example_dags/example_time_delta_sensor_async.py
[2024-08-09T13:19:01.215-0400] {processor.py:840} INFO - DAG(s) 'example_time_delta_sensor_async' retrieved from /Users/jakeliu/we-defend-truth-1/airflow_env/lib/python3.12/site-packages/airflow/example_dags/example_time_delta_sensor_async.py
[2024-08-09T13:19:01.249-0400] {logging_mixin.py:188} INFO - [2024-08-09T13:19:01.249-0400] {dag.py:3089} INFO - Sync 1 DAGs
[2024-08-09T13:19:01.252-0400] {logging_mixin.py:188} INFO - [2024-08-09T13:19:01.252-0400] {dag.py:3947} INFO - Setting next_dagrun for example_time_delta_sensor_async to None, run_after=None
[2024-08-09T13:19:01.258-0400] {processor.py:183} INFO - Processing /Users/jakeliu/we-defend-truth-1/airflow_env/lib/python3.12/site-packages/airflow/example_dags/example_time_delta_sensor_async.py took 0.048 seconds
[2024-08-09T13:19:56.403-0400] {processor.py:161} INFO - Started process (PID=21939) to work on /Users/jakeliu/we-defend-truth-1/airflow_env/lib/python3.12/site-packages/airflow/example_dags/example_time_delta_sensor_async.py
[2024-08-09T13:19:56.403-0400] {processor.py:830} INFO - Processing file /Users/jakeliu/we-defend-truth-1/airflow_env/lib/python3.12/site-packages/airflow/example_dags/example_time_delta_sensor_async.py for tasks to queue
[2024-08-09T13:19:56.404-0400] {logging_mixin.py:188} INFO - [2024-08-09T13:19:56.404-0400] {dagbag.py:545} INFO - Filling up the DagBag from /Users/jakeliu/we-defend-truth-1/airflow_env/lib/python3.12/site-packages/airflow/example_dags/example_time_delta_sensor_async.py
[2024-08-09T13:19:56.407-0400] {processor.py:840} INFO - DAG(s) 'example_time_delta_sensor_async' retrieved from /Users/jakeliu/we-defend-truth-1/airflow_env/lib/python3.12/site-packages/airflow/example_dags/example_time_delta_sensor_async.py
[2024-08-09T13:19:56.442-0400] {logging_mixin.py:188} INFO - [2024-08-09T13:19:56.442-0400] {dag.py:3089} INFO - Sync 1 DAGs
[2024-08-09T13:19:56.445-0400] {logging_mixin.py:188} INFO - [2024-08-09T13:19:56.445-0400] {dag.py:3947} INFO - Setting next_dagrun for example_time_delta_sensor_async to None, run_after=None
[2024-08-09T13:19:56.452-0400] {processor.py:183} INFO - Processing /Users/jakeliu/we-defend-truth-1/airflow_env/lib/python3.12/site-packages/airflow/example_dags/example_time_delta_sensor_async.py took 0.051 seconds
[2024-08-09T13:21:35.825-0400] {processor.py:161} INFO - Started process (PID=22596) to work on /Users/jakeliu/we-defend-truth-1/airflow_env/lib/python3.12/site-packages/airflow/example_dags/example_time_delta_sensor_async.py
[2024-08-09T13:21:35.826-0400] {processor.py:830} INFO - Processing file /Users/jakeliu/we-defend-truth-1/airflow_env/lib/python3.12/site-packages/airflow/example_dags/example_time_delta_sensor_async.py for tasks to queue
[2024-08-09T13:21:35.826-0400] {logging_mixin.py:188} INFO - [2024-08-09T13:21:35.826-0400] {dagbag.py:545} INFO - Filling up the DagBag from /Users/jakeliu/we-defend-truth-1/airflow_env/lib/python3.12/site-packages/airflow/example_dags/example_time_delta_sensor_async.py
[2024-08-09T13:21:35.830-0400] {processor.py:840} INFO - DAG(s) 'example_time_delta_sensor_async' retrieved from /Users/jakeliu/we-defend-truth-1/airflow_env/lib/python3.12/site-packages/airflow/example_dags/example_time_delta_sensor_async.py
[2024-08-09T13:21:35.863-0400] {logging_mixin.py:188} INFO - [2024-08-09T13:21:35.863-0400] {dag.py:3089} INFO - Sync 1 DAGs
[2024-08-09T13:21:35.866-0400] {logging_mixin.py:188} INFO - [2024-08-09T13:21:35.866-0400] {dag.py:3947} INFO - Setting next_dagrun for example_time_delta_sensor_async to None, run_after=None
[2024-08-09T13:21:35.872-0400] {processor.py:183} INFO - Processing /Users/jakeliu/we-defend-truth-1/airflow_env/lib/python3.12/site-packages/airflow/example_dags/example_time_delta_sensor_async.py took 0.048 seconds
[2024-08-09T13:23:19.376-0400] {processor.py:161} INFO - Started process (PID=22701) to work on /Users/jakeliu/we-defend-truth-1/airflow_env/lib/python3.12/site-packages/airflow/example_dags/example_time_delta_sensor_async.py
[2024-08-09T13:23:19.377-0400] {processor.py:830} INFO - Processing file /Users/jakeliu/we-defend-truth-1/airflow_env/lib/python3.12/site-packages/airflow/example_dags/example_time_delta_sensor_async.py for tasks to queue
[2024-08-09T13:23:19.377-0400] {logging_mixin.py:188} INFO - [2024-08-09T13:23:19.377-0400] {dagbag.py:545} INFO - Filling up the DagBag from /Users/jakeliu/we-defend-truth-1/airflow_env/lib/python3.12/site-packages/airflow/example_dags/example_time_delta_sensor_async.py
[2024-08-09T13:23:19.380-0400] {processor.py:840} INFO - DAG(s) 'example_time_delta_sensor_async' retrieved from /Users/jakeliu/we-defend-truth-1/airflow_env/lib/python3.12/site-packages/airflow/example_dags/example_time_delta_sensor_async.py
[2024-08-09T13:23:19.414-0400] {logging_mixin.py:188} INFO - [2024-08-09T13:23:19.414-0400] {dag.py:3089} INFO - Sync 1 DAGs
[2024-08-09T13:23:19.418-0400] {logging_mixin.py:188} INFO - [2024-08-09T13:23:19.418-0400] {dag.py:3947} INFO - Setting next_dagrun for example_time_delta_sensor_async to None, run_after=None
[2024-08-09T13:23:19.424-0400] {processor.py:183} INFO - Processing /Users/jakeliu/we-defend-truth-1/airflow_env/lib/python3.12/site-packages/airflow/example_dags/example_time_delta_sensor_async.py took 0.049 seconds
[2024-08-09T13:25:05.170-0400] {processor.py:161} INFO - Started process (PID=22818) to work on /Users/jakeliu/we-defend-truth-1/airflow_env/lib/python3.12/site-packages/airflow/example_dags/example_time_delta_sensor_async.py
[2024-08-09T13:25:05.171-0400] {processor.py:830} INFO - Processing file /Users/jakeliu/we-defend-truth-1/airflow_env/lib/python3.12/site-packages/airflow/example_dags/example_time_delta_sensor_async.py for tasks to queue
[2024-08-09T13:25:05.171-0400] {logging_mixin.py:188} INFO - [2024-08-09T13:25:05.171-0400] {dagbag.py:545} INFO - Filling up the DagBag from /Users/jakeliu/we-defend-truth-1/airflow_env/lib/python3.12/site-packages/airflow/example_dags/example_time_delta_sensor_async.py
[2024-08-09T13:25:05.175-0400] {processor.py:840} INFO - DAG(s) 'example_time_delta_sensor_async' retrieved from /Users/jakeliu/we-defend-truth-1/airflow_env/lib/python3.12/site-packages/airflow/example_dags/example_time_delta_sensor_async.py
[2024-08-09T13:25:05.214-0400] {logging_mixin.py:188} INFO - [2024-08-09T13:25:05.213-0400] {dag.py:3089} INFO - Sync 1 DAGs
[2024-08-09T13:25:05.218-0400] {logging_mixin.py:188} INFO - [2024-08-09T13:25:05.218-0400] {dag.py:3947} INFO - Setting next_dagrun for example_time_delta_sensor_async to None, run_after=None
[2024-08-09T13:25:05.226-0400] {processor.py:183} INFO - Processing /Users/jakeliu/we-defend-truth-1/airflow_env/lib/python3.12/site-packages/airflow/example_dags/example_time_delta_sensor_async.py took 0.057 seconds
[2024-08-09T13:26:02.614-0400] {processor.py:161} INFO - Started process (PID=22878) to work on /Users/jakeliu/we-defend-truth-1/airflow_env/lib/python3.12/site-packages/airflow/example_dags/example_time_delta_sensor_async.py
[2024-08-09T13:26:02.614-0400] {processor.py:830} INFO - Processing file /Users/jakeliu/we-defend-truth-1/airflow_env/lib/python3.12/site-packages/airflow/example_dags/example_time_delta_sensor_async.py for tasks to queue
[2024-08-09T13:26:02.614-0400] {logging_mixin.py:188} INFO - [2024-08-09T13:26:02.614-0400] {dagbag.py:545} INFO - Filling up the DagBag from /Users/jakeliu/we-defend-truth-1/airflow_env/lib/python3.12/site-packages/airflow/example_dags/example_time_delta_sensor_async.py
[2024-08-09T13:26:02.618-0400] {processor.py:840} INFO - DAG(s) 'example_time_delta_sensor_async' retrieved from /Users/jakeliu/we-defend-truth-1/airflow_env/lib/python3.12/site-packages/airflow/example_dags/example_time_delta_sensor_async.py
[2024-08-09T13:26:02.652-0400] {logging_mixin.py:188} INFO - [2024-08-09T13:26:02.652-0400] {dag.py:3089} INFO - Sync 1 DAGs
[2024-08-09T13:26:02.656-0400] {logging_mixin.py:188} INFO - [2024-08-09T13:26:02.656-0400] {dag.py:3947} INFO - Setting next_dagrun for example_time_delta_sensor_async to None, run_after=None
[2024-08-09T13:26:02.662-0400] {processor.py:183} INFO - Processing /Users/jakeliu/we-defend-truth-1/airflow_env/lib/python3.12/site-packages/airflow/example_dags/example_time_delta_sensor_async.py took 0.050 seconds
[2024-08-09T13:27:02.098-0400] {processor.py:161} INFO - Started process (PID=22933) to work on /Users/jakeliu/we-defend-truth-1/airflow_env/lib/python3.12/site-packages/airflow/example_dags/example_time_delta_sensor_async.py
[2024-08-09T13:27:02.099-0400] {processor.py:830} INFO - Processing file /Users/jakeliu/we-defend-truth-1/airflow_env/lib/python3.12/site-packages/airflow/example_dags/example_time_delta_sensor_async.py for tasks to queue
[2024-08-09T13:27:02.100-0400] {logging_mixin.py:188} INFO - [2024-08-09T13:27:02.100-0400] {dagbag.py:545} INFO - Filling up the DagBag from /Users/jakeliu/we-defend-truth-1/airflow_env/lib/python3.12/site-packages/airflow/example_dags/example_time_delta_sensor_async.py
[2024-08-09T13:27:02.103-0400] {processor.py:840} INFO - DAG(s) 'example_time_delta_sensor_async' retrieved from /Users/jakeliu/we-defend-truth-1/airflow_env/lib/python3.12/site-packages/airflow/example_dags/example_time_delta_sensor_async.py
[2024-08-09T13:27:02.136-0400] {logging_mixin.py:188} INFO - [2024-08-09T13:27:02.136-0400] {dag.py:3089} INFO - Sync 1 DAGs
[2024-08-09T13:27:02.139-0400] {logging_mixin.py:188} INFO - [2024-08-09T13:27:02.139-0400] {dag.py:3947} INFO - Setting next_dagrun for example_time_delta_sensor_async to None, run_after=None
[2024-08-09T13:27:02.145-0400] {processor.py:183} INFO - Processing /Users/jakeliu/we-defend-truth-1/airflow_env/lib/python3.12/site-packages/airflow/example_dags/example_time_delta_sensor_async.py took 0.048 seconds
