[2024-08-09T13:04:26.474-0400] {processor.py:161} INFO - Started process (PID=20904) to work on /Users/jakeliu/we-defend-truth-1/airflow_env/lib/python3.12/site-packages/airflow/example_dags/example_setup_teardown_taskflow.py
[2024-08-09T13:04:26.474-0400] {processor.py:830} INFO - Processing file /Users/jakeliu/we-defend-truth-1/airflow_env/lib/python3.12/site-packages/airflow/example_dags/example_setup_teardown_taskflow.py for tasks to queue
[2024-08-09T13:04:26.475-0400] {logging_mixin.py:188} INFO - [2024-08-09T13:04:26.475-0400] {dagbag.py:545} INFO - Filling up the DagBag from /Users/jakeliu/we-defend-truth-1/airflow_env/lib/python3.12/site-packages/airflow/example_dags/example_setup_teardown_taskflow.py
[2024-08-09T13:04:26.489-0400] {processor.py:840} INFO - DAG(s) 'example_setup_teardown_taskflow' retrieved from /Users/jakeliu/we-defend-truth-1/airflow_env/lib/python3.12/site-packages/airflow/example_dags/example_setup_teardown_taskflow.py
[2024-08-09T13:04:26.553-0400] {logging_mixin.py:188} INFO - [2024-08-09T13:04:26.553-0400] {dag.py:3089} INFO - Sync 1 DAGs
[2024-08-09T13:04:26.560-0400] {logging_mixin.py:188} INFO - [2024-08-09T13:04:26.560-0400] {dag.py:3947} INFO - Setting next_dagrun for example_setup_teardown_taskflow to 2024-08-08 00:00:00+00:00, run_after=2024-08-09 00:00:00+00:00
[2024-08-09T13:04:26.568-0400] {processor.py:183} INFO - Processing /Users/jakeliu/we-defend-truth-1/airflow_env/lib/python3.12/site-packages/airflow/example_dags/example_setup_teardown_taskflow.py took 0.095 seconds
[2024-08-09T13:05:51.116-0400] {processor.py:161} INFO - Started process (PID=20991) to work on /Users/jakeliu/we-defend-truth-1/airflow_env/lib/python3.12/site-packages/airflow/example_dags/example_setup_teardown_taskflow.py
[2024-08-09T13:05:51.117-0400] {processor.py:830} INFO - Processing file /Users/jakeliu/we-defend-truth-1/airflow_env/lib/python3.12/site-packages/airflow/example_dags/example_setup_teardown_taskflow.py for tasks to queue
[2024-08-09T13:05:51.117-0400] {logging_mixin.py:188} INFO - [2024-08-09T13:05:51.117-0400] {dagbag.py:545} INFO - Filling up the DagBag from /Users/jakeliu/we-defend-truth-1/airflow_env/lib/python3.12/site-packages/airflow/example_dags/example_setup_teardown_taskflow.py
[2024-08-09T13:05:51.132-0400] {processor.py:840} INFO - DAG(s) 'example_setup_teardown_taskflow' retrieved from /Users/jakeliu/we-defend-truth-1/airflow_env/lib/python3.12/site-packages/airflow/example_dags/example_setup_teardown_taskflow.py
[2024-08-09T13:05:51.163-0400] {logging_mixin.py:188} INFO - [2024-08-09T13:05:51.163-0400] {dag.py:3089} INFO - Sync 1 DAGs
[2024-08-09T13:05:51.168-0400] {logging_mixin.py:188} INFO - [2024-08-09T13:05:51.168-0400] {dag.py:3947} INFO - Setting next_dagrun for example_setup_teardown_taskflow to 2024-08-08 00:00:00+00:00, run_after=2024-08-09 00:00:00+00:00
[2024-08-09T13:05:51.175-0400] {processor.py:183} INFO - Processing /Users/jakeliu/we-defend-truth-1/airflow_env/lib/python3.12/site-packages/airflow/example_dags/example_setup_teardown_taskflow.py took 0.060 seconds
[2024-08-09T13:07:36.352-0400] {processor.py:161} INFO - Started process (PID=21142) to work on /Users/jakeliu/we-defend-truth-1/airflow_env/lib/python3.12/site-packages/airflow/example_dags/example_setup_teardown_taskflow.py
[2024-08-09T13:07:36.353-0400] {processor.py:830} INFO - Processing file /Users/jakeliu/we-defend-truth-1/airflow_env/lib/python3.12/site-packages/airflow/example_dags/example_setup_teardown_taskflow.py for tasks to queue
[2024-08-09T13:07:36.353-0400] {logging_mixin.py:188} INFO - [2024-08-09T13:07:36.353-0400] {dagbag.py:545} INFO - Filling up the DagBag from /Users/jakeliu/we-defend-truth-1/airflow_env/lib/python3.12/site-packages/airflow/example_dags/example_setup_teardown_taskflow.py
[2024-08-09T13:07:36.368-0400] {processor.py:840} INFO - DAG(s) 'example_setup_teardown_taskflow' retrieved from /Users/jakeliu/we-defend-truth-1/airflow_env/lib/python3.12/site-packages/airflow/example_dags/example_setup_teardown_taskflow.py
[2024-08-09T13:07:36.398-0400] {logging_mixin.py:188} INFO - [2024-08-09T13:07:36.398-0400] {dag.py:3089} INFO - Sync 1 DAGs
[2024-08-09T13:07:36.403-0400] {logging_mixin.py:188} INFO - [2024-08-09T13:07:36.403-0400] {dag.py:3947} INFO - Setting next_dagrun for example_setup_teardown_taskflow to 2024-08-08 00:00:00+00:00, run_after=2024-08-09 00:00:00+00:00
[2024-08-09T13:07:36.410-0400] {processor.py:183} INFO - Processing /Users/jakeliu/we-defend-truth-1/airflow_env/lib/python3.12/site-packages/airflow/example_dags/example_setup_teardown_taskflow.py took 0.058 seconds
[2024-08-09T13:09:17.883-0400] {processor.py:161} INFO - Started process (PID=21261) to work on /Users/jakeliu/we-defend-truth-1/airflow_env/lib/python3.12/site-packages/airflow/example_dags/example_setup_teardown_taskflow.py
[2024-08-09T13:09:17.884-0400] {processor.py:830} INFO - Processing file /Users/jakeliu/we-defend-truth-1/airflow_env/lib/python3.12/site-packages/airflow/example_dags/example_setup_teardown_taskflow.py for tasks to queue
[2024-08-09T13:09:17.884-0400] {logging_mixin.py:188} INFO - [2024-08-09T13:09:17.884-0400] {dagbag.py:545} INFO - Filling up the DagBag from /Users/jakeliu/we-defend-truth-1/airflow_env/lib/python3.12/site-packages/airflow/example_dags/example_setup_teardown_taskflow.py
[2024-08-09T13:09:17.899-0400] {processor.py:840} INFO - DAG(s) 'example_setup_teardown_taskflow' retrieved from /Users/jakeliu/we-defend-truth-1/airflow_env/lib/python3.12/site-packages/airflow/example_dags/example_setup_teardown_taskflow.py
[2024-08-09T13:09:17.931-0400] {logging_mixin.py:188} INFO - [2024-08-09T13:09:17.931-0400] {dag.py:3089} INFO - Sync 1 DAGs
[2024-08-09T13:09:17.936-0400] {logging_mixin.py:188} INFO - [2024-08-09T13:09:17.936-0400] {dag.py:3947} INFO - Setting next_dagrun for example_setup_teardown_taskflow to 2024-08-08 00:00:00+00:00, run_after=2024-08-09 00:00:00+00:00
[2024-08-09T13:09:17.943-0400] {processor.py:183} INFO - Processing /Users/jakeliu/we-defend-truth-1/airflow_env/lib/python3.12/site-packages/airflow/example_dags/example_setup_teardown_taskflow.py took 0.062 seconds
[2024-08-09T13:10:59.669-0400] {processor.py:161} INFO - Started process (PID=21366) to work on /Users/jakeliu/we-defend-truth-1/airflow_env/lib/python3.12/site-packages/airflow/example_dags/example_setup_teardown_taskflow.py
[2024-08-09T13:10:59.671-0400] {processor.py:830} INFO - Processing file /Users/jakeliu/we-defend-truth-1/airflow_env/lib/python3.12/site-packages/airflow/example_dags/example_setup_teardown_taskflow.py for tasks to queue
[2024-08-09T13:10:59.671-0400] {logging_mixin.py:188} INFO - [2024-08-09T13:10:59.671-0400] {dagbag.py:545} INFO - Filling up the DagBag from /Users/jakeliu/we-defend-truth-1/airflow_env/lib/python3.12/site-packages/airflow/example_dags/example_setup_teardown_taskflow.py
[2024-08-09T13:10:59.687-0400] {processor.py:840} INFO - DAG(s) 'example_setup_teardown_taskflow' retrieved from /Users/jakeliu/we-defend-truth-1/airflow_env/lib/python3.12/site-packages/airflow/example_dags/example_setup_teardown_taskflow.py
[2024-08-09T13:10:59.718-0400] {logging_mixin.py:188} INFO - [2024-08-09T13:10:59.717-0400] {dag.py:3089} INFO - Sync 1 DAGs
[2024-08-09T13:10:59.723-0400] {logging_mixin.py:188} INFO - [2024-08-09T13:10:59.723-0400] {dag.py:3947} INFO - Setting next_dagrun for example_setup_teardown_taskflow to 2024-08-08 00:00:00+00:00, run_after=2024-08-09 00:00:00+00:00
[2024-08-09T13:10:59.729-0400] {processor.py:183} INFO - Processing /Users/jakeliu/we-defend-truth-1/airflow_env/lib/python3.12/site-packages/airflow/example_dags/example_setup_teardown_taskflow.py took 0.061 seconds
[2024-08-09T13:12:46.065-0400] {processor.py:161} INFO - Started process (PID=21470) to work on /Users/jakeliu/we-defend-truth-1/airflow_env/lib/python3.12/site-packages/airflow/example_dags/example_setup_teardown_taskflow.py
[2024-08-09T13:12:46.066-0400] {processor.py:830} INFO - Processing file /Users/jakeliu/we-defend-truth-1/airflow_env/lib/python3.12/site-packages/airflow/example_dags/example_setup_teardown_taskflow.py for tasks to queue
[2024-08-09T13:12:46.066-0400] {logging_mixin.py:188} INFO - [2024-08-09T13:12:46.066-0400] {dagbag.py:545} INFO - Filling up the DagBag from /Users/jakeliu/we-defend-truth-1/airflow_env/lib/python3.12/site-packages/airflow/example_dags/example_setup_teardown_taskflow.py
[2024-08-09T13:12:46.081-0400] {processor.py:840} INFO - DAG(s) 'example_setup_teardown_taskflow' retrieved from /Users/jakeliu/we-defend-truth-1/airflow_env/lib/python3.12/site-packages/airflow/example_dags/example_setup_teardown_taskflow.py
[2024-08-09T13:12:46.112-0400] {logging_mixin.py:188} INFO - [2024-08-09T13:12:46.111-0400] {dag.py:3089} INFO - Sync 1 DAGs
[2024-08-09T13:12:46.117-0400] {logging_mixin.py:188} INFO - [2024-08-09T13:12:46.117-0400] {dag.py:3947} INFO - Setting next_dagrun for example_setup_teardown_taskflow to 2024-08-08 00:00:00+00:00, run_after=2024-08-09 00:00:00+00:00
[2024-08-09T13:12:46.124-0400] {processor.py:183} INFO - Processing /Users/jakeliu/we-defend-truth-1/airflow_env/lib/python3.12/site-packages/airflow/example_dags/example_setup_teardown_taskflow.py took 0.060 seconds
[2024-08-09T13:14:43.690-0400] {processor.py:161} INFO - Started process (PID=21574) to work on /Users/jakeliu/we-defend-truth-1/airflow_env/lib/python3.12/site-packages/airflow/example_dags/example_setup_teardown_taskflow.py
[2024-08-09T13:14:43.691-0400] {processor.py:830} INFO - Processing file /Users/jakeliu/we-defend-truth-1/airflow_env/lib/python3.12/site-packages/airflow/example_dags/example_setup_teardown_taskflow.py for tasks to queue
[2024-08-09T13:14:43.691-0400] {logging_mixin.py:188} INFO - [2024-08-09T13:14:43.691-0400] {dagbag.py:545} INFO - Filling up the DagBag from /Users/jakeliu/we-defend-truth-1/airflow_env/lib/python3.12/site-packages/airflow/example_dags/example_setup_teardown_taskflow.py
[2024-08-09T13:14:43.705-0400] {processor.py:840} INFO - DAG(s) 'example_setup_teardown_taskflow' retrieved from /Users/jakeliu/we-defend-truth-1/airflow_env/lib/python3.12/site-packages/airflow/example_dags/example_setup_teardown_taskflow.py
[2024-08-09T13:14:43.735-0400] {logging_mixin.py:188} INFO - [2024-08-09T13:14:43.735-0400] {dag.py:3089} INFO - Sync 1 DAGs
[2024-08-09T13:14:43.740-0400] {logging_mixin.py:188} INFO - [2024-08-09T13:14:43.740-0400] {dag.py:3947} INFO - Setting next_dagrun for example_setup_teardown_taskflow to 2024-08-08 00:00:00+00:00, run_after=2024-08-09 00:00:00+00:00
[2024-08-09T13:14:43.747-0400] {processor.py:183} INFO - Processing /Users/jakeliu/we-defend-truth-1/airflow_env/lib/python3.12/site-packages/airflow/example_dags/example_setup_teardown_taskflow.py took 0.058 seconds
[2024-08-09T13:16:40.450-0400] {processor.py:161} INFO - Started process (PID=21684) to work on /Users/jakeliu/we-defend-truth-1/airflow_env/lib/python3.12/site-packages/airflow/example_dags/example_setup_teardown_taskflow.py
[2024-08-09T13:16:40.451-0400] {processor.py:830} INFO - Processing file /Users/jakeliu/we-defend-truth-1/airflow_env/lib/python3.12/site-packages/airflow/example_dags/example_setup_teardown_taskflow.py for tasks to queue
[2024-08-09T13:16:40.451-0400] {logging_mixin.py:188} INFO - [2024-08-09T13:16:40.451-0400] {dagbag.py:545} INFO - Filling up the DagBag from /Users/jakeliu/we-defend-truth-1/airflow_env/lib/python3.12/site-packages/airflow/example_dags/example_setup_teardown_taskflow.py
[2024-08-09T13:16:40.465-0400] {processor.py:840} INFO - DAG(s) 'example_setup_teardown_taskflow' retrieved from /Users/jakeliu/we-defend-truth-1/airflow_env/lib/python3.12/site-packages/airflow/example_dags/example_setup_teardown_taskflow.py
[2024-08-09T13:16:40.497-0400] {logging_mixin.py:188} INFO - [2024-08-09T13:16:40.497-0400] {dag.py:3089} INFO - Sync 1 DAGs
[2024-08-09T13:16:40.502-0400] {logging_mixin.py:188} INFO - [2024-08-09T13:16:40.502-0400] {dag.py:3947} INFO - Setting next_dagrun for example_setup_teardown_taskflow to 2024-08-08 00:00:00+00:00, run_after=2024-08-09 00:00:00+00:00
[2024-08-09T13:16:40.511-0400] {processor.py:183} INFO - Processing /Users/jakeliu/we-defend-truth-1/airflow_env/lib/python3.12/site-packages/airflow/example_dags/example_setup_teardown_taskflow.py took 0.062 seconds
[2024-08-09T13:18:22.351-0400] {processor.py:161} INFO - Started process (PID=21859) to work on /Users/jakeliu/we-defend-truth-1/airflow_env/lib/python3.12/site-packages/airflow/example_dags/example_setup_teardown_taskflow.py
[2024-08-09T13:18:22.353-0400] {processor.py:830} INFO - Processing file /Users/jakeliu/we-defend-truth-1/airflow_env/lib/python3.12/site-packages/airflow/example_dags/example_setup_teardown_taskflow.py for tasks to queue
[2024-08-09T13:18:22.353-0400] {logging_mixin.py:188} INFO - [2024-08-09T13:18:22.353-0400] {dagbag.py:545} INFO - Filling up the DagBag from /Users/jakeliu/we-defend-truth-1/airflow_env/lib/python3.12/site-packages/airflow/example_dags/example_setup_teardown_taskflow.py
[2024-08-09T13:18:22.368-0400] {processor.py:840} INFO - DAG(s) 'example_setup_teardown_taskflow' retrieved from /Users/jakeliu/we-defend-truth-1/airflow_env/lib/python3.12/site-packages/airflow/example_dags/example_setup_teardown_taskflow.py
[2024-08-09T13:18:22.400-0400] {logging_mixin.py:188} INFO - [2024-08-09T13:18:22.399-0400] {dag.py:3089} INFO - Sync 1 DAGs
[2024-08-09T13:18:22.404-0400] {logging_mixin.py:188} INFO - [2024-08-09T13:18:22.404-0400] {dag.py:3947} INFO - Setting next_dagrun for example_setup_teardown_taskflow to 2024-08-08 00:00:00+00:00, run_after=2024-08-09 00:00:00+00:00
[2024-08-09T13:18:22.411-0400] {processor.py:183} INFO - Processing /Users/jakeliu/we-defend-truth-1/airflow_env/lib/python3.12/site-packages/airflow/example_dags/example_setup_teardown_taskflow.py took 0.061 seconds
[2024-08-09T13:20:06.129-0400] {processor.py:161} INFO - Started process (PID=21971) to work on /Users/jakeliu/we-defend-truth-1/airflow_env/lib/python3.12/site-packages/airflow/example_dags/example_setup_teardown_taskflow.py
[2024-08-09T13:20:06.130-0400] {processor.py:830} INFO - Processing file /Users/jakeliu/we-defend-truth-1/airflow_env/lib/python3.12/site-packages/airflow/example_dags/example_setup_teardown_taskflow.py for tasks to queue
[2024-08-09T13:20:06.131-0400] {logging_mixin.py:188} INFO - [2024-08-09T13:20:06.131-0400] {dagbag.py:545} INFO - Filling up the DagBag from /Users/jakeliu/we-defend-truth-1/airflow_env/lib/python3.12/site-packages/airflow/example_dags/example_setup_teardown_taskflow.py
[2024-08-09T13:20:06.145-0400] {processor.py:840} INFO - DAG(s) 'example_setup_teardown_taskflow' retrieved from /Users/jakeliu/we-defend-truth-1/airflow_env/lib/python3.12/site-packages/airflow/example_dags/example_setup_teardown_taskflow.py
[2024-08-09T13:20:06.175-0400] {logging_mixin.py:188} INFO - [2024-08-09T13:20:06.175-0400] {dag.py:3089} INFO - Sync 1 DAGs
[2024-08-09T13:20:06.180-0400] {logging_mixin.py:188} INFO - [2024-08-09T13:20:06.180-0400] {dag.py:3947} INFO - Setting next_dagrun for example_setup_teardown_taskflow to 2024-08-08 00:00:00+00:00, run_after=2024-08-09 00:00:00+00:00
[2024-08-09T13:20:06.189-0400] {processor.py:183} INFO - Processing /Users/jakeliu/we-defend-truth-1/airflow_env/lib/python3.12/site-packages/airflow/example_dags/example_setup_teardown_taskflow.py took 0.061 seconds
[2024-08-09T13:21:47.951-0400] {processor.py:161} INFO - Started process (PID=22605) to work on /Users/jakeliu/we-defend-truth-1/airflow_env/lib/python3.12/site-packages/airflow/example_dags/example_setup_teardown_taskflow.py
[2024-08-09T13:21:47.954-0400] {processor.py:830} INFO - Processing file /Users/jakeliu/we-defend-truth-1/airflow_env/lib/python3.12/site-packages/airflow/example_dags/example_setup_teardown_taskflow.py for tasks to queue
[2024-08-09T13:21:47.955-0400] {logging_mixin.py:188} INFO - [2024-08-09T13:21:47.955-0400] {dagbag.py:545} INFO - Filling up the DagBag from /Users/jakeliu/we-defend-truth-1/airflow_env/lib/python3.12/site-packages/airflow/example_dags/example_setup_teardown_taskflow.py
[2024-08-09T13:21:47.969-0400] {processor.py:840} INFO - DAG(s) 'example_setup_teardown_taskflow' retrieved from /Users/jakeliu/we-defend-truth-1/airflow_env/lib/python3.12/site-packages/airflow/example_dags/example_setup_teardown_taskflow.py
[2024-08-09T13:21:48.002-0400] {logging_mixin.py:188} INFO - [2024-08-09T13:21:48.002-0400] {dag.py:3089} INFO - Sync 1 DAGs
[2024-08-09T13:21:48.007-0400] {logging_mixin.py:188} INFO - [2024-08-09T13:21:48.007-0400] {dag.py:3947} INFO - Setting next_dagrun for example_setup_teardown_taskflow to 2024-08-08 00:00:00+00:00, run_after=2024-08-09 00:00:00+00:00
[2024-08-09T13:21:48.014-0400] {processor.py:183} INFO - Processing /Users/jakeliu/we-defend-truth-1/airflow_env/lib/python3.12/site-packages/airflow/example_dags/example_setup_teardown_taskflow.py took 0.065 seconds
[2024-08-09T13:23:30.260-0400] {processor.py:161} INFO - Started process (PID=22709) to work on /Users/jakeliu/we-defend-truth-1/airflow_env/lib/python3.12/site-packages/airflow/example_dags/example_setup_teardown_taskflow.py
[2024-08-09T13:23:30.261-0400] {processor.py:830} INFO - Processing file /Users/jakeliu/we-defend-truth-1/airflow_env/lib/python3.12/site-packages/airflow/example_dags/example_setup_teardown_taskflow.py for tasks to queue
[2024-08-09T13:23:30.261-0400] {logging_mixin.py:188} INFO - [2024-08-09T13:23:30.261-0400] {dagbag.py:545} INFO - Filling up the DagBag from /Users/jakeliu/we-defend-truth-1/airflow_env/lib/python3.12/site-packages/airflow/example_dags/example_setup_teardown_taskflow.py
[2024-08-09T13:23:30.275-0400] {processor.py:840} INFO - DAG(s) 'example_setup_teardown_taskflow' retrieved from /Users/jakeliu/we-defend-truth-1/airflow_env/lib/python3.12/site-packages/airflow/example_dags/example_setup_teardown_taskflow.py
[2024-08-09T13:23:30.305-0400] {logging_mixin.py:188} INFO - [2024-08-09T13:23:30.305-0400] {dag.py:3089} INFO - Sync 1 DAGs
[2024-08-09T13:23:30.311-0400] {logging_mixin.py:188} INFO - [2024-08-09T13:23:30.311-0400] {dag.py:3947} INFO - Setting next_dagrun for example_setup_teardown_taskflow to 2024-08-08 00:00:00+00:00, run_after=2024-08-09 00:00:00+00:00
[2024-08-09T13:23:30.318-0400] {processor.py:183} INFO - Processing /Users/jakeliu/we-defend-truth-1/airflow_env/lib/python3.12/site-packages/airflow/example_dags/example_setup_teardown_taskflow.py took 0.059 seconds
[2024-08-09T13:25:17.337-0400] {processor.py:161} INFO - Started process (PID=22838) to work on /Users/jakeliu/we-defend-truth-1/airflow_env/lib/python3.12/site-packages/airflow/example_dags/example_setup_teardown_taskflow.py
[2024-08-09T13:25:17.337-0400] {processor.py:830} INFO - Processing file /Users/jakeliu/we-defend-truth-1/airflow_env/lib/python3.12/site-packages/airflow/example_dags/example_setup_teardown_taskflow.py for tasks to queue
[2024-08-09T13:25:17.338-0400] {logging_mixin.py:188} INFO - [2024-08-09T13:25:17.338-0400] {dagbag.py:545} INFO - Filling up the DagBag from /Users/jakeliu/we-defend-truth-1/airflow_env/lib/python3.12/site-packages/airflow/example_dags/example_setup_teardown_taskflow.py
[2024-08-09T13:25:17.353-0400] {processor.py:840} INFO - DAG(s) 'example_setup_teardown_taskflow' retrieved from /Users/jakeliu/we-defend-truth-1/airflow_env/lib/python3.12/site-packages/airflow/example_dags/example_setup_teardown_taskflow.py
[2024-08-09T13:25:17.384-0400] {logging_mixin.py:188} INFO - [2024-08-09T13:25:17.384-0400] {dag.py:3089} INFO - Sync 1 DAGs
[2024-08-09T13:25:17.389-0400] {logging_mixin.py:188} INFO - [2024-08-09T13:25:17.389-0400] {dag.py:3947} INFO - Setting next_dagrun for example_setup_teardown_taskflow to 2024-08-08 00:00:00+00:00, run_after=2024-08-09 00:00:00+00:00
[2024-08-09T13:25:17.396-0400] {processor.py:183} INFO - Processing /Users/jakeliu/we-defend-truth-1/airflow_env/lib/python3.12/site-packages/airflow/example_dags/example_setup_teardown_taskflow.py took 0.060 seconds
[2024-08-09T13:27:14.808-0400] {processor.py:161} INFO - Started process (PID=22950) to work on /Users/jakeliu/we-defend-truth-1/airflow_env/lib/python3.12/site-packages/airflow/example_dags/example_setup_teardown_taskflow.py
[2024-08-09T13:27:14.809-0400] {processor.py:830} INFO - Processing file /Users/jakeliu/we-defend-truth-1/airflow_env/lib/python3.12/site-packages/airflow/example_dags/example_setup_teardown_taskflow.py for tasks to queue
[2024-08-09T13:27:14.810-0400] {logging_mixin.py:188} INFO - [2024-08-09T13:27:14.809-0400] {dagbag.py:545} INFO - Filling up the DagBag from /Users/jakeliu/we-defend-truth-1/airflow_env/lib/python3.12/site-packages/airflow/example_dags/example_setup_teardown_taskflow.py
[2024-08-09T13:27:14.824-0400] {processor.py:840} INFO - DAG(s) 'example_setup_teardown_taskflow' retrieved from /Users/jakeliu/we-defend-truth-1/airflow_env/lib/python3.12/site-packages/airflow/example_dags/example_setup_teardown_taskflow.py
[2024-08-09T13:27:14.854-0400] {logging_mixin.py:188} INFO - [2024-08-09T13:27:14.854-0400] {dag.py:3089} INFO - Sync 1 DAGs
[2024-08-09T13:27:14.859-0400] {logging_mixin.py:188} INFO - [2024-08-09T13:27:14.859-0400] {dag.py:3947} INFO - Setting next_dagrun for example_setup_teardown_taskflow to 2024-08-08 00:00:00+00:00, run_after=2024-08-09 00:00:00+00:00
[2024-08-09T13:27:14.866-0400] {processor.py:183} INFO - Processing /Users/jakeliu/we-defend-truth-1/airflow_env/lib/python3.12/site-packages/airflow/example_dags/example_setup_teardown_taskflow.py took 0.059 seconds
