[2024-08-09T13:04:10.475-0400] {processor.py:161} INFO - Started process (PID=20894) to work on /Users/jakeliu/we-defend-truth-1/airflow_env/lib/python3.12/site-packages/airflow/example_dags/example_trigger_controller_dag.py
[2024-08-09T13:04:10.475-0400] {processor.py:830} INFO - Processing file /Users/jakeliu/we-defend-truth-1/airflow_env/lib/python3.12/site-packages/airflow/example_dags/example_trigger_controller_dag.py for tasks to queue
[2024-08-09T13:04:10.476-0400] {logging_mixin.py:188} INFO - [2024-08-09T13:04:10.476-0400] {dagbag.py:545} INFO - Filling up the DagBag from /Users/jakeliu/we-defend-truth-1/airflow_env/lib/python3.12/site-packages/airflow/example_dags/example_trigger_controller_dag.py
[2024-08-09T13:04:10.481-0400] {processor.py:840} INFO - DAG(s) 'example_trigger_controller_dag' retrieved from /Users/jakeliu/we-defend-truth-1/airflow_env/lib/python3.12/site-packages/airflow/example_dags/example_trigger_controller_dag.py
[2024-08-09T13:04:10.538-0400] {logging_mixin.py:188} INFO - [2024-08-09T13:04:10.538-0400] {dag.py:3089} INFO - Sync 1 DAGs
[2024-08-09T13:04:10.543-0400] {logging_mixin.py:188} INFO - [2024-08-09T13:04:10.543-0400] {dag.py:3947} INFO - Setting next_dagrun for example_trigger_controller_dag to 2021-01-01 00:00:00+00:00, run_after=2021-01-01 00:00:00+00:00
[2024-08-09T13:04:10.549-0400] {processor.py:183} INFO - Processing /Users/jakeliu/we-defend-truth-1/airflow_env/lib/python3.12/site-packages/airflow/example_dags/example_trigger_controller_dag.py took 0.075 seconds
[2024-08-09T13:05:36.635-0400] {processor.py:161} INFO - Started process (PID=20964) to work on /Users/jakeliu/we-defend-truth-1/airflow_env/lib/python3.12/site-packages/airflow/example_dags/example_trigger_controller_dag.py
[2024-08-09T13:05:36.636-0400] {processor.py:830} INFO - Processing file /Users/jakeliu/we-defend-truth-1/airflow_env/lib/python3.12/site-packages/airflow/example_dags/example_trigger_controller_dag.py for tasks to queue
[2024-08-09T13:05:36.636-0400] {logging_mixin.py:188} INFO - [2024-08-09T13:05:36.636-0400] {dagbag.py:545} INFO - Filling up the DagBag from /Users/jakeliu/we-defend-truth-1/airflow_env/lib/python3.12/site-packages/airflow/example_dags/example_trigger_controller_dag.py
[2024-08-09T13:05:36.641-0400] {processor.py:840} INFO - DAG(s) 'example_trigger_controller_dag' retrieved from /Users/jakeliu/we-defend-truth-1/airflow_env/lib/python3.12/site-packages/airflow/example_dags/example_trigger_controller_dag.py
[2024-08-09T13:05:36.672-0400] {logging_mixin.py:188} INFO - [2024-08-09T13:05:36.671-0400] {dag.py:3089} INFO - Sync 1 DAGs
[2024-08-09T13:05:36.677-0400] {logging_mixin.py:188} INFO - [2024-08-09T13:05:36.677-0400] {dag.py:3947} INFO - Setting next_dagrun for example_trigger_controller_dag to 2021-01-01 00:00:00+00:00, run_after=2021-01-01 00:00:00+00:00
[2024-08-09T13:05:36.684-0400] {processor.py:183} INFO - Processing /Users/jakeliu/we-defend-truth-1/airflow_env/lib/python3.12/site-packages/airflow/example_dags/example_trigger_controller_dag.py took 0.049 seconds
[2024-08-09T13:06:30.494-0400] {processor.py:161} INFO - Started process (PID=21033) to work on /Users/jakeliu/we-defend-truth-1/airflow_env/lib/python3.12/site-packages/airflow/example_dags/example_trigger_controller_dag.py
[2024-08-09T13:06:30.495-0400] {processor.py:830} INFO - Processing file /Users/jakeliu/we-defend-truth-1/airflow_env/lib/python3.12/site-packages/airflow/example_dags/example_trigger_controller_dag.py for tasks to queue
[2024-08-09T13:06:30.496-0400] {logging_mixin.py:188} INFO - [2024-08-09T13:06:30.495-0400] {dagbag.py:545} INFO - Filling up the DagBag from /Users/jakeliu/we-defend-truth-1/airflow_env/lib/python3.12/site-packages/airflow/example_dags/example_trigger_controller_dag.py
[2024-08-09T13:06:30.500-0400] {processor.py:840} INFO - DAG(s) 'example_trigger_controller_dag' retrieved from /Users/jakeliu/we-defend-truth-1/airflow_env/lib/python3.12/site-packages/airflow/example_dags/example_trigger_controller_dag.py
[2024-08-09T13:06:30.529-0400] {logging_mixin.py:188} INFO - [2024-08-09T13:06:30.529-0400] {dag.py:3089} INFO - Sync 1 DAGs
[2024-08-09T13:06:30.534-0400] {logging_mixin.py:188} INFO - [2024-08-09T13:06:30.534-0400] {dag.py:3947} INFO - Setting next_dagrun for example_trigger_controller_dag to 2021-01-01 00:00:00+00:00, run_after=2021-01-01 00:00:00+00:00
[2024-08-09T13:06:30.540-0400] {processor.py:183} INFO - Processing /Users/jakeliu/we-defend-truth-1/airflow_env/lib/python3.12/site-packages/airflow/example_dags/example_trigger_controller_dag.py took 0.047 seconds
[2024-08-09T13:08:13.130-0400] {processor.py:161} INFO - Started process (PID=21181) to work on /Users/jakeliu/we-defend-truth-1/airflow_env/lib/python3.12/site-packages/airflow/example_dags/example_trigger_controller_dag.py
[2024-08-09T13:08:13.131-0400] {processor.py:830} INFO - Processing file /Users/jakeliu/we-defend-truth-1/airflow_env/lib/python3.12/site-packages/airflow/example_dags/example_trigger_controller_dag.py for tasks to queue
[2024-08-09T13:08:13.131-0400] {logging_mixin.py:188} INFO - [2024-08-09T13:08:13.131-0400] {dagbag.py:545} INFO - Filling up the DagBag from /Users/jakeliu/we-defend-truth-1/airflow_env/lib/python3.12/site-packages/airflow/example_dags/example_trigger_controller_dag.py
[2024-08-09T13:08:13.136-0400] {processor.py:840} INFO - DAG(s) 'example_trigger_controller_dag' retrieved from /Users/jakeliu/we-defend-truth-1/airflow_env/lib/python3.12/site-packages/airflow/example_dags/example_trigger_controller_dag.py
[2024-08-09T13:08:13.165-0400] {logging_mixin.py:188} INFO - [2024-08-09T13:08:13.165-0400] {dag.py:3089} INFO - Sync 1 DAGs
[2024-08-09T13:08:13.170-0400] {logging_mixin.py:188} INFO - [2024-08-09T13:08:13.170-0400] {dag.py:3947} INFO - Setting next_dagrun for example_trigger_controller_dag to 2021-01-01 00:00:00+00:00, run_after=2021-01-01 00:00:00+00:00
[2024-08-09T13:08:13.177-0400] {processor.py:183} INFO - Processing /Users/jakeliu/we-defend-truth-1/airflow_env/lib/python3.12/site-packages/airflow/example_dags/example_trigger_controller_dag.py took 0.047 seconds
[2024-08-09T13:09:04.614-0400] {processor.py:161} INFO - Started process (PID=21241) to work on /Users/jakeliu/we-defend-truth-1/airflow_env/lib/python3.12/site-packages/airflow/example_dags/example_trigger_controller_dag.py
[2024-08-09T13:09:04.615-0400] {processor.py:830} INFO - Processing file /Users/jakeliu/we-defend-truth-1/airflow_env/lib/python3.12/site-packages/airflow/example_dags/example_trigger_controller_dag.py for tasks to queue
[2024-08-09T13:09:04.616-0400] {logging_mixin.py:188} INFO - [2024-08-09T13:09:04.615-0400] {dagbag.py:545} INFO - Filling up the DagBag from /Users/jakeliu/we-defend-truth-1/airflow_env/lib/python3.12/site-packages/airflow/example_dags/example_trigger_controller_dag.py
[2024-08-09T13:09:04.620-0400] {processor.py:840} INFO - DAG(s) 'example_trigger_controller_dag' retrieved from /Users/jakeliu/we-defend-truth-1/airflow_env/lib/python3.12/site-packages/airflow/example_dags/example_trigger_controller_dag.py
[2024-08-09T13:09:04.649-0400] {logging_mixin.py:188} INFO - [2024-08-09T13:09:04.649-0400] {dag.py:3089} INFO - Sync 1 DAGs
[2024-08-09T13:09:04.654-0400] {logging_mixin.py:188} INFO - [2024-08-09T13:09:04.654-0400] {dag.py:3947} INFO - Setting next_dagrun for example_trigger_controller_dag to 2021-01-01 00:00:00+00:00, run_after=2021-01-01 00:00:00+00:00
[2024-08-09T13:09:04.660-0400] {processor.py:183} INFO - Processing /Users/jakeliu/we-defend-truth-1/airflow_env/lib/python3.12/site-packages/airflow/example_dags/example_trigger_controller_dag.py took 0.047 seconds
[2024-08-09T13:10:46.236-0400] {processor.py:161} INFO - Started process (PID=21347) to work on /Users/jakeliu/we-defend-truth-1/airflow_env/lib/python3.12/site-packages/airflow/example_dags/example_trigger_controller_dag.py
[2024-08-09T13:10:46.237-0400] {processor.py:830} INFO - Processing file /Users/jakeliu/we-defend-truth-1/airflow_env/lib/python3.12/site-packages/airflow/example_dags/example_trigger_controller_dag.py for tasks to queue
[2024-08-09T13:10:46.237-0400] {logging_mixin.py:188} INFO - [2024-08-09T13:10:46.237-0400] {dagbag.py:545} INFO - Filling up the DagBag from /Users/jakeliu/we-defend-truth-1/airflow_env/lib/python3.12/site-packages/airflow/example_dags/example_trigger_controller_dag.py
[2024-08-09T13:10:46.241-0400] {processor.py:840} INFO - DAG(s) 'example_trigger_controller_dag' retrieved from /Users/jakeliu/we-defend-truth-1/airflow_env/lib/python3.12/site-packages/airflow/example_dags/example_trigger_controller_dag.py
[2024-08-09T13:10:46.269-0400] {logging_mixin.py:188} INFO - [2024-08-09T13:10:46.269-0400] {dag.py:3089} INFO - Sync 1 DAGs
[2024-08-09T13:10:46.275-0400] {logging_mixin.py:188} INFO - [2024-08-09T13:10:46.275-0400] {dag.py:3947} INFO - Setting next_dagrun for example_trigger_controller_dag to 2021-01-01 00:00:00+00:00, run_after=2021-01-01 00:00:00+00:00
[2024-08-09T13:10:46.281-0400] {processor.py:183} INFO - Processing /Users/jakeliu/we-defend-truth-1/airflow_env/lib/python3.12/site-packages/airflow/example_dags/example_trigger_controller_dag.py took 0.046 seconds
[2024-08-09T13:11:40.682-0400] {processor.py:161} INFO - Started process (PID=21404) to work on /Users/jakeliu/we-defend-truth-1/airflow_env/lib/python3.12/site-packages/airflow/example_dags/example_trigger_controller_dag.py
[2024-08-09T13:11:40.683-0400] {processor.py:830} INFO - Processing file /Users/jakeliu/we-defend-truth-1/airflow_env/lib/python3.12/site-packages/airflow/example_dags/example_trigger_controller_dag.py for tasks to queue
[2024-08-09T13:11:40.683-0400] {logging_mixin.py:188} INFO - [2024-08-09T13:11:40.683-0400] {dagbag.py:545} INFO - Filling up the DagBag from /Users/jakeliu/we-defend-truth-1/airflow_env/lib/python3.12/site-packages/airflow/example_dags/example_trigger_controller_dag.py
[2024-08-09T13:11:40.688-0400] {processor.py:840} INFO - DAG(s) 'example_trigger_controller_dag' retrieved from /Users/jakeliu/we-defend-truth-1/airflow_env/lib/python3.12/site-packages/airflow/example_dags/example_trigger_controller_dag.py
[2024-08-09T13:11:40.716-0400] {logging_mixin.py:188} INFO - [2024-08-09T13:11:40.716-0400] {dag.py:3089} INFO - Sync 1 DAGs
[2024-08-09T13:11:40.721-0400] {logging_mixin.py:188} INFO - [2024-08-09T13:11:40.721-0400] {dag.py:3947} INFO - Setting next_dagrun for example_trigger_controller_dag to 2021-01-01 00:00:00+00:00, run_after=2021-01-01 00:00:00+00:00
[2024-08-09T13:11:40.727-0400] {processor.py:183} INFO - Processing /Users/jakeliu/we-defend-truth-1/airflow_env/lib/python3.12/site-packages/airflow/example_dags/example_trigger_controller_dag.py took 0.046 seconds
[2024-08-09T13:12:34.016-0400] {processor.py:161} INFO - Started process (PID=21462) to work on /Users/jakeliu/we-defend-truth-1/airflow_env/lib/python3.12/site-packages/airflow/example_dags/example_trigger_controller_dag.py
[2024-08-09T13:12:34.017-0400] {processor.py:830} INFO - Processing file /Users/jakeliu/we-defend-truth-1/airflow_env/lib/python3.12/site-packages/airflow/example_dags/example_trigger_controller_dag.py for tasks to queue
[2024-08-09T13:12:34.018-0400] {logging_mixin.py:188} INFO - [2024-08-09T13:12:34.017-0400] {dagbag.py:545} INFO - Filling up the DagBag from /Users/jakeliu/we-defend-truth-1/airflow_env/lib/python3.12/site-packages/airflow/example_dags/example_trigger_controller_dag.py
[2024-08-09T13:12:34.022-0400] {processor.py:840} INFO - DAG(s) 'example_trigger_controller_dag' retrieved from /Users/jakeliu/we-defend-truth-1/airflow_env/lib/python3.12/site-packages/airflow/example_dags/example_trigger_controller_dag.py
[2024-08-09T13:12:34.051-0400] {logging_mixin.py:188} INFO - [2024-08-09T13:12:34.051-0400] {dag.py:3089} INFO - Sync 1 DAGs
[2024-08-09T13:12:34.056-0400] {logging_mixin.py:188} INFO - [2024-08-09T13:12:34.056-0400] {dag.py:3947} INFO - Setting next_dagrun for example_trigger_controller_dag to 2021-01-01 00:00:00+00:00, run_after=2021-01-01 00:00:00+00:00
[2024-08-09T13:12:34.062-0400] {processor.py:183} INFO - Processing /Users/jakeliu/we-defend-truth-1/airflow_env/lib/python3.12/site-packages/airflow/example_dags/example_trigger_controller_dag.py took 0.047 seconds
[2024-08-09T13:13:29.396-0400] {processor.py:161} INFO - Started process (PID=21500) to work on /Users/jakeliu/we-defend-truth-1/airflow_env/lib/python3.12/site-packages/airflow/example_dags/example_trigger_controller_dag.py
[2024-08-09T13:13:29.396-0400] {processor.py:830} INFO - Processing file /Users/jakeliu/we-defend-truth-1/airflow_env/lib/python3.12/site-packages/airflow/example_dags/example_trigger_controller_dag.py for tasks to queue
[2024-08-09T13:13:29.396-0400] {logging_mixin.py:188} INFO - [2024-08-09T13:13:29.396-0400] {dagbag.py:545} INFO - Filling up the DagBag from /Users/jakeliu/we-defend-truth-1/airflow_env/lib/python3.12/site-packages/airflow/example_dags/example_trigger_controller_dag.py
[2024-08-09T13:13:29.401-0400] {processor.py:840} INFO - DAG(s) 'example_trigger_controller_dag' retrieved from /Users/jakeliu/we-defend-truth-1/airflow_env/lib/python3.12/site-packages/airflow/example_dags/example_trigger_controller_dag.py
[2024-08-09T13:13:29.431-0400] {logging_mixin.py:188} INFO - [2024-08-09T13:13:29.431-0400] {dag.py:3089} INFO - Sync 1 DAGs
[2024-08-09T13:13:29.437-0400] {logging_mixin.py:188} INFO - [2024-08-09T13:13:29.437-0400] {dag.py:3947} INFO - Setting next_dagrun for example_trigger_controller_dag to 2021-01-01 00:00:00+00:00, run_after=2021-01-01 00:00:00+00:00
[2024-08-09T13:13:29.444-0400] {processor.py:183} INFO - Processing /Users/jakeliu/we-defend-truth-1/airflow_env/lib/python3.12/site-packages/airflow/example_dags/example_trigger_controller_dag.py took 0.049 seconds
[2024-08-09T13:14:28.186-0400] {processor.py:161} INFO - Started process (PID=21563) to work on /Users/jakeliu/we-defend-truth-1/airflow_env/lib/python3.12/site-packages/airflow/example_dags/example_trigger_controller_dag.py
[2024-08-09T13:14:28.187-0400] {processor.py:830} INFO - Processing file /Users/jakeliu/we-defend-truth-1/airflow_env/lib/python3.12/site-packages/airflow/example_dags/example_trigger_controller_dag.py for tasks to queue
[2024-08-09T13:14:28.187-0400] {logging_mixin.py:188} INFO - [2024-08-09T13:14:28.187-0400] {dagbag.py:545} INFO - Filling up the DagBag from /Users/jakeliu/we-defend-truth-1/airflow_env/lib/python3.12/site-packages/airflow/example_dags/example_trigger_controller_dag.py
[2024-08-09T13:14:28.192-0400] {processor.py:840} INFO - DAG(s) 'example_trigger_controller_dag' retrieved from /Users/jakeliu/we-defend-truth-1/airflow_env/lib/python3.12/site-packages/airflow/example_dags/example_trigger_controller_dag.py
[2024-08-09T13:14:28.221-0400] {logging_mixin.py:188} INFO - [2024-08-09T13:14:28.221-0400] {dag.py:3089} INFO - Sync 1 DAGs
[2024-08-09T13:14:28.226-0400] {logging_mixin.py:188} INFO - [2024-08-09T13:14:28.226-0400] {dag.py:3947} INFO - Setting next_dagrun for example_trigger_controller_dag to 2021-01-01 00:00:00+00:00, run_after=2021-01-01 00:00:00+00:00
[2024-08-09T13:14:28.232-0400] {processor.py:183} INFO - Processing /Users/jakeliu/we-defend-truth-1/airflow_env/lib/python3.12/site-packages/airflow/example_dags/example_trigger_controller_dag.py took 0.047 seconds
[2024-08-09T13:15:26.618-0400] {processor.py:161} INFO - Started process (PID=21615) to work on /Users/jakeliu/we-defend-truth-1/airflow_env/lib/python3.12/site-packages/airflow/example_dags/example_trigger_controller_dag.py
[2024-08-09T13:15:26.619-0400] {processor.py:830} INFO - Processing file /Users/jakeliu/we-defend-truth-1/airflow_env/lib/python3.12/site-packages/airflow/example_dags/example_trigger_controller_dag.py for tasks to queue
[2024-08-09T13:15:26.620-0400] {logging_mixin.py:188} INFO - [2024-08-09T13:15:26.619-0400] {dagbag.py:545} INFO - Filling up the DagBag from /Users/jakeliu/we-defend-truth-1/airflow_env/lib/python3.12/site-packages/airflow/example_dags/example_trigger_controller_dag.py
[2024-08-09T13:15:26.624-0400] {processor.py:840} INFO - DAG(s) 'example_trigger_controller_dag' retrieved from /Users/jakeliu/we-defend-truth-1/airflow_env/lib/python3.12/site-packages/airflow/example_dags/example_trigger_controller_dag.py
[2024-08-09T13:15:26.652-0400] {logging_mixin.py:188} INFO - [2024-08-09T13:15:26.652-0400] {dag.py:3089} INFO - Sync 1 DAGs
[2024-08-09T13:15:26.658-0400] {logging_mixin.py:188} INFO - [2024-08-09T13:15:26.658-0400] {dag.py:3947} INFO - Setting next_dagrun for example_trigger_controller_dag to 2021-01-01 00:00:00+00:00, run_after=2021-01-01 00:00:00+00:00
[2024-08-09T13:15:26.664-0400] {processor.py:183} INFO - Processing /Users/jakeliu/we-defend-truth-1/airflow_env/lib/python3.12/site-packages/airflow/example_dags/example_trigger_controller_dag.py took 0.047 seconds
[2024-08-09T13:16:25.095-0400] {processor.py:161} INFO - Started process (PID=21661) to work on /Users/jakeliu/we-defend-truth-1/airflow_env/lib/python3.12/site-packages/airflow/example_dags/example_trigger_controller_dag.py
[2024-08-09T13:16:25.095-0400] {processor.py:830} INFO - Processing file /Users/jakeliu/we-defend-truth-1/airflow_env/lib/python3.12/site-packages/airflow/example_dags/example_trigger_controller_dag.py for tasks to queue
[2024-08-09T13:16:25.096-0400] {logging_mixin.py:188} INFO - [2024-08-09T13:16:25.095-0400] {dagbag.py:545} INFO - Filling up the DagBag from /Users/jakeliu/we-defend-truth-1/airflow_env/lib/python3.12/site-packages/airflow/example_dags/example_trigger_controller_dag.py
[2024-08-09T13:16:25.100-0400] {processor.py:840} INFO - DAG(s) 'example_trigger_controller_dag' retrieved from /Users/jakeliu/we-defend-truth-1/airflow_env/lib/python3.12/site-packages/airflow/example_dags/example_trigger_controller_dag.py
[2024-08-09T13:16:25.128-0400] {logging_mixin.py:188} INFO - [2024-08-09T13:16:25.128-0400] {dag.py:3089} INFO - Sync 1 DAGs
[2024-08-09T13:16:25.133-0400] {logging_mixin.py:188} INFO - [2024-08-09T13:16:25.133-0400] {dag.py:3947} INFO - Setting next_dagrun for example_trigger_controller_dag to 2021-01-01 00:00:00+00:00, run_after=2021-01-01 00:00:00+00:00
[2024-08-09T13:16:25.139-0400] {processor.py:183} INFO - Processing /Users/jakeliu/we-defend-truth-1/airflow_env/lib/python3.12/site-packages/airflow/example_dags/example_trigger_controller_dag.py took 0.045 seconds
[2024-08-09T13:17:20.052-0400] {processor.py:161} INFO - Started process (PID=21778) to work on /Users/jakeliu/we-defend-truth-1/airflow_env/lib/python3.12/site-packages/airflow/example_dags/example_trigger_controller_dag.py
[2024-08-09T13:17:20.054-0400] {processor.py:830} INFO - Processing file /Users/jakeliu/we-defend-truth-1/airflow_env/lib/python3.12/site-packages/airflow/example_dags/example_trigger_controller_dag.py for tasks to queue
[2024-08-09T13:17:20.054-0400] {logging_mixin.py:188} INFO - [2024-08-09T13:17:20.054-0400] {dagbag.py:545} INFO - Filling up the DagBag from /Users/jakeliu/we-defend-truth-1/airflow_env/lib/python3.12/site-packages/airflow/example_dags/example_trigger_controller_dag.py
[2024-08-09T13:17:20.059-0400] {processor.py:840} INFO - DAG(s) 'example_trigger_controller_dag' retrieved from /Users/jakeliu/we-defend-truth-1/airflow_env/lib/python3.12/site-packages/airflow/example_dags/example_trigger_controller_dag.py
[2024-08-09T13:17:20.095-0400] {logging_mixin.py:188} INFO - [2024-08-09T13:17:20.095-0400] {dag.py:3089} INFO - Sync 1 DAGs
[2024-08-09T13:17:20.102-0400] {logging_mixin.py:188} INFO - [2024-08-09T13:17:20.102-0400] {dag.py:3947} INFO - Setting next_dagrun for example_trigger_controller_dag to 2021-01-01 00:00:00+00:00, run_after=2021-01-01 00:00:00+00:00
[2024-08-09T13:17:20.109-0400] {processor.py:183} INFO - Processing /Users/jakeliu/we-defend-truth-1/airflow_env/lib/python3.12/site-packages/airflow/example_dags/example_trigger_controller_dag.py took 0.058 seconds
[2024-08-09T13:18:11.298-0400] {processor.py:161} INFO - Started process (PID=21851) to work on /Users/jakeliu/we-defend-truth-1/airflow_env/lib/python3.12/site-packages/airflow/example_dags/example_trigger_controller_dag.py
[2024-08-09T13:18:11.299-0400] {processor.py:830} INFO - Processing file /Users/jakeliu/we-defend-truth-1/airflow_env/lib/python3.12/site-packages/airflow/example_dags/example_trigger_controller_dag.py for tasks to queue
[2024-08-09T13:18:11.299-0400] {logging_mixin.py:188} INFO - [2024-08-09T13:18:11.299-0400] {dagbag.py:545} INFO - Filling up the DagBag from /Users/jakeliu/we-defend-truth-1/airflow_env/lib/python3.12/site-packages/airflow/example_dags/example_trigger_controller_dag.py
[2024-08-09T13:18:11.304-0400] {processor.py:840} INFO - DAG(s) 'example_trigger_controller_dag' retrieved from /Users/jakeliu/we-defend-truth-1/airflow_env/lib/python3.12/site-packages/airflow/example_dags/example_trigger_controller_dag.py
[2024-08-09T13:18:11.332-0400] {logging_mixin.py:188} INFO - [2024-08-09T13:18:11.332-0400] {dag.py:3089} INFO - Sync 1 DAGs
[2024-08-09T13:18:11.338-0400] {logging_mixin.py:188} INFO - [2024-08-09T13:18:11.338-0400] {dag.py:3947} INFO - Setting next_dagrun for example_trigger_controller_dag to 2021-01-01 00:00:00+00:00, run_after=2021-01-01 00:00:00+00:00
[2024-08-09T13:18:11.344-0400] {processor.py:183} INFO - Processing /Users/jakeliu/we-defend-truth-1/airflow_env/lib/python3.12/site-packages/airflow/example_dags/example_trigger_controller_dag.py took 0.047 seconds
[2024-08-09T13:19:54.667-0400] {processor.py:161} INFO - Started process (PID=21938) to work on /Users/jakeliu/we-defend-truth-1/airflow_env/lib/python3.12/site-packages/airflow/example_dags/example_trigger_controller_dag.py
[2024-08-09T13:19:54.668-0400] {processor.py:830} INFO - Processing file /Users/jakeliu/we-defend-truth-1/airflow_env/lib/python3.12/site-packages/airflow/example_dags/example_trigger_controller_dag.py for tasks to queue
[2024-08-09T13:19:54.668-0400] {logging_mixin.py:188} INFO - [2024-08-09T13:19:54.668-0400] {dagbag.py:545} INFO - Filling up the DagBag from /Users/jakeliu/we-defend-truth-1/airflow_env/lib/python3.12/site-packages/airflow/example_dags/example_trigger_controller_dag.py
[2024-08-09T13:19:54.673-0400] {processor.py:840} INFO - DAG(s) 'example_trigger_controller_dag' retrieved from /Users/jakeliu/we-defend-truth-1/airflow_env/lib/python3.12/site-packages/airflow/example_dags/example_trigger_controller_dag.py
[2024-08-09T13:19:54.701-0400] {logging_mixin.py:188} INFO - [2024-08-09T13:19:54.701-0400] {dag.py:3089} INFO - Sync 1 DAGs
[2024-08-09T13:19:54.706-0400] {logging_mixin.py:188} INFO - [2024-08-09T13:19:54.706-0400] {dag.py:3947} INFO - Setting next_dagrun for example_trigger_controller_dag to 2021-01-01 00:00:00+00:00, run_after=2021-01-01 00:00:00+00:00
[2024-08-09T13:19:54.712-0400] {processor.py:183} INFO - Processing /Users/jakeliu/we-defend-truth-1/airflow_env/lib/python3.12/site-packages/airflow/example_dags/example_trigger_controller_dag.py took 0.047 seconds
[2024-08-09T13:21:34.062-0400] {processor.py:161} INFO - Started process (PID=22595) to work on /Users/jakeliu/we-defend-truth-1/airflow_env/lib/python3.12/site-packages/airflow/example_dags/example_trigger_controller_dag.py
[2024-08-09T13:21:34.064-0400] {processor.py:830} INFO - Processing file /Users/jakeliu/we-defend-truth-1/airflow_env/lib/python3.12/site-packages/airflow/example_dags/example_trigger_controller_dag.py for tasks to queue
[2024-08-09T13:21:34.064-0400] {logging_mixin.py:188} INFO - [2024-08-09T13:21:34.064-0400] {dagbag.py:545} INFO - Filling up the DagBag from /Users/jakeliu/we-defend-truth-1/airflow_env/lib/python3.12/site-packages/airflow/example_dags/example_trigger_controller_dag.py
[2024-08-09T13:21:34.069-0400] {processor.py:840} INFO - DAG(s) 'example_trigger_controller_dag' retrieved from /Users/jakeliu/we-defend-truth-1/airflow_env/lib/python3.12/site-packages/airflow/example_dags/example_trigger_controller_dag.py
[2024-08-09T13:21:34.101-0400] {logging_mixin.py:188} INFO - [2024-08-09T13:21:34.100-0400] {dag.py:3089} INFO - Sync 1 DAGs
[2024-08-09T13:21:34.107-0400] {logging_mixin.py:188} INFO - [2024-08-09T13:21:34.107-0400] {dag.py:3947} INFO - Setting next_dagrun for example_trigger_controller_dag to 2021-01-01 00:00:00+00:00, run_after=2021-01-01 00:00:00+00:00
[2024-08-09T13:21:34.114-0400] {processor.py:183} INFO - Processing /Users/jakeliu/we-defend-truth-1/airflow_env/lib/python3.12/site-packages/airflow/example_dags/example_trigger_controller_dag.py took 0.052 seconds
[2024-08-09T13:22:28.113-0400] {processor.py:161} INFO - Started process (PID=22648) to work on /Users/jakeliu/we-defend-truth-1/airflow_env/lib/python3.12/site-packages/airflow/example_dags/example_trigger_controller_dag.py
[2024-08-09T13:22:28.114-0400] {processor.py:830} INFO - Processing file /Users/jakeliu/we-defend-truth-1/airflow_env/lib/python3.12/site-packages/airflow/example_dags/example_trigger_controller_dag.py for tasks to queue
[2024-08-09T13:22:28.115-0400] {logging_mixin.py:188} INFO - [2024-08-09T13:22:28.115-0400] {dagbag.py:545} INFO - Filling up the DagBag from /Users/jakeliu/we-defend-truth-1/airflow_env/lib/python3.12/site-packages/airflow/example_dags/example_trigger_controller_dag.py
[2024-08-09T13:22:28.119-0400] {processor.py:840} INFO - DAG(s) 'example_trigger_controller_dag' retrieved from /Users/jakeliu/we-defend-truth-1/airflow_env/lib/python3.12/site-packages/airflow/example_dags/example_trigger_controller_dag.py
[2024-08-09T13:22:28.148-0400] {logging_mixin.py:188} INFO - [2024-08-09T13:22:28.147-0400] {dag.py:3089} INFO - Sync 1 DAGs
[2024-08-09T13:22:28.153-0400] {logging_mixin.py:188} INFO - [2024-08-09T13:22:28.153-0400] {dag.py:3947} INFO - Setting next_dagrun for example_trigger_controller_dag to 2021-01-01 00:00:00+00:00, run_after=2021-01-01 00:00:00+00:00
[2024-08-09T13:22:28.158-0400] {processor.py:183} INFO - Processing /Users/jakeliu/we-defend-truth-1/airflow_env/lib/python3.12/site-packages/airflow/example_dags/example_trigger_controller_dag.py took 0.046 seconds
[2024-08-09T13:24:09.683-0400] {processor.py:161} INFO - Started process (PID=22750) to work on /Users/jakeliu/we-defend-truth-1/airflow_env/lib/python3.12/site-packages/airflow/example_dags/example_trigger_controller_dag.py
[2024-08-09T13:24:09.684-0400] {processor.py:830} INFO - Processing file /Users/jakeliu/we-defend-truth-1/airflow_env/lib/python3.12/site-packages/airflow/example_dags/example_trigger_controller_dag.py for tasks to queue
[2024-08-09T13:24:09.685-0400] {logging_mixin.py:188} INFO - [2024-08-09T13:24:09.685-0400] {dagbag.py:545} INFO - Filling up the DagBag from /Users/jakeliu/we-defend-truth-1/airflow_env/lib/python3.12/site-packages/airflow/example_dags/example_trigger_controller_dag.py
[2024-08-09T13:24:09.689-0400] {processor.py:840} INFO - DAG(s) 'example_trigger_controller_dag' retrieved from /Users/jakeliu/we-defend-truth-1/airflow_env/lib/python3.12/site-packages/airflow/example_dags/example_trigger_controller_dag.py
[2024-08-09T13:24:09.720-0400] {logging_mixin.py:188} INFO - [2024-08-09T13:24:09.720-0400] {dag.py:3089} INFO - Sync 1 DAGs
[2024-08-09T13:24:09.726-0400] {logging_mixin.py:188} INFO - [2024-08-09T13:24:09.726-0400] {dag.py:3947} INFO - Setting next_dagrun for example_trigger_controller_dag to 2021-01-01 00:00:00+00:00, run_after=2021-01-01 00:00:00+00:00
[2024-08-09T13:24:09.732-0400] {processor.py:183} INFO - Processing /Users/jakeliu/we-defend-truth-1/airflow_env/lib/python3.12/site-packages/airflow/example_dags/example_trigger_controller_dag.py took 0.050 seconds
[2024-08-09T13:25:03.697-0400] {processor.py:161} INFO - Started process (PID=22816) to work on /Users/jakeliu/we-defend-truth-1/airflow_env/lib/python3.12/site-packages/airflow/example_dags/example_trigger_controller_dag.py
[2024-08-09T13:25:03.697-0400] {processor.py:830} INFO - Processing file /Users/jakeliu/we-defend-truth-1/airflow_env/lib/python3.12/site-packages/airflow/example_dags/example_trigger_controller_dag.py for tasks to queue
[2024-08-09T13:25:03.698-0400] {logging_mixin.py:188} INFO - [2024-08-09T13:25:03.698-0400] {dagbag.py:545} INFO - Filling up the DagBag from /Users/jakeliu/we-defend-truth-1/airflow_env/lib/python3.12/site-packages/airflow/example_dags/example_trigger_controller_dag.py
[2024-08-09T13:25:03.703-0400] {processor.py:840} INFO - DAG(s) 'example_trigger_controller_dag' retrieved from /Users/jakeliu/we-defend-truth-1/airflow_env/lib/python3.12/site-packages/airflow/example_dags/example_trigger_controller_dag.py
[2024-08-09T13:25:03.733-0400] {logging_mixin.py:188} INFO - [2024-08-09T13:25:03.733-0400] {dag.py:3089} INFO - Sync 1 DAGs
[2024-08-09T13:25:03.739-0400] {logging_mixin.py:188} INFO - [2024-08-09T13:25:03.739-0400] {dag.py:3947} INFO - Setting next_dagrun for example_trigger_controller_dag to 2021-01-01 00:00:00+00:00, run_after=2021-01-01 00:00:00+00:00
[2024-08-09T13:25:03.746-0400] {processor.py:183} INFO - Processing /Users/jakeliu/we-defend-truth-1/airflow_env/lib/python3.12/site-packages/airflow/example_dags/example_trigger_controller_dag.py took 0.050 seconds
[2024-08-09T13:26:01.419-0400] {processor.py:161} INFO - Started process (PID=22876) to work on /Users/jakeliu/we-defend-truth-1/airflow_env/lib/python3.12/site-packages/airflow/example_dags/example_trigger_controller_dag.py
[2024-08-09T13:26:01.420-0400] {processor.py:830} INFO - Processing file /Users/jakeliu/we-defend-truth-1/airflow_env/lib/python3.12/site-packages/airflow/example_dags/example_trigger_controller_dag.py for tasks to queue
[2024-08-09T13:26:01.421-0400] {logging_mixin.py:188} INFO - [2024-08-09T13:26:01.421-0400] {dagbag.py:545} INFO - Filling up the DagBag from /Users/jakeliu/we-defend-truth-1/airflow_env/lib/python3.12/site-packages/airflow/example_dags/example_trigger_controller_dag.py
[2024-08-09T13:26:01.425-0400] {processor.py:840} INFO - DAG(s) 'example_trigger_controller_dag' retrieved from /Users/jakeliu/we-defend-truth-1/airflow_env/lib/python3.12/site-packages/airflow/example_dags/example_trigger_controller_dag.py
[2024-08-09T13:26:01.454-0400] {logging_mixin.py:188} INFO - [2024-08-09T13:26:01.454-0400] {dag.py:3089} INFO - Sync 1 DAGs
[2024-08-09T13:26:01.460-0400] {logging_mixin.py:188} INFO - [2024-08-09T13:26:01.460-0400] {dag.py:3947} INFO - Setting next_dagrun for example_trigger_controller_dag to 2021-01-01 00:00:00+00:00, run_after=2021-01-01 00:00:00+00:00
[2024-08-09T13:26:01.466-0400] {processor.py:183} INFO - Processing /Users/jakeliu/we-defend-truth-1/airflow_env/lib/python3.12/site-packages/airflow/example_dags/example_trigger_controller_dag.py took 0.047 seconds
[2024-08-09T13:27:00.403-0400] {processor.py:161} INFO - Started process (PID=22932) to work on /Users/jakeliu/we-defend-truth-1/airflow_env/lib/python3.12/site-packages/airflow/example_dags/example_trigger_controller_dag.py
[2024-08-09T13:27:00.405-0400] {processor.py:830} INFO - Processing file /Users/jakeliu/we-defend-truth-1/airflow_env/lib/python3.12/site-packages/airflow/example_dags/example_trigger_controller_dag.py for tasks to queue
[2024-08-09T13:27:00.405-0400] {logging_mixin.py:188} INFO - [2024-08-09T13:27:00.405-0400] {dagbag.py:545} INFO - Filling up the DagBag from /Users/jakeliu/we-defend-truth-1/airflow_env/lib/python3.12/site-packages/airflow/example_dags/example_trigger_controller_dag.py
[2024-08-09T13:27:00.410-0400] {processor.py:840} INFO - DAG(s) 'example_trigger_controller_dag' retrieved from /Users/jakeliu/we-defend-truth-1/airflow_env/lib/python3.12/site-packages/airflow/example_dags/example_trigger_controller_dag.py
[2024-08-09T13:27:00.439-0400] {logging_mixin.py:188} INFO - [2024-08-09T13:27:00.439-0400] {dag.py:3089} INFO - Sync 1 DAGs
[2024-08-09T13:27:00.444-0400] {logging_mixin.py:188} INFO - [2024-08-09T13:27:00.444-0400] {dag.py:3947} INFO - Setting next_dagrun for example_trigger_controller_dag to 2021-01-01 00:00:00+00:00, run_after=2021-01-01 00:00:00+00:00
[2024-08-09T13:27:00.450-0400] {processor.py:183} INFO - Processing /Users/jakeliu/we-defend-truth-1/airflow_env/lib/python3.12/site-packages/airflow/example_dags/example_trigger_controller_dag.py took 0.048 seconds
