[2024-08-09T13:04:49.979-0400] {processor.py:161} INFO - Started process (PID=20919) to work on /Users/jakeliu/we-defend-truth-1/airflow_env/lib/python3.12/site-packages/airflow/example_dags/example_dynamic_task_mapping_with_no_taskflow_operators.py
[2024-08-09T13:04:49.979-0400] {processor.py:830} INFO - Processing file /Users/jakeliu/we-defend-truth-1/airflow_env/lib/python3.12/site-packages/airflow/example_dags/example_dynamic_task_mapping_with_no_taskflow_operators.py for tasks to queue
[2024-08-09T13:04:49.979-0400] {logging_mixin.py:188} INFO - [2024-08-09T13:04:49.979-0400] {dagbag.py:545} INFO - Filling up the DagBag from /Users/jakeliu/we-defend-truth-1/airflow_env/lib/python3.12/site-packages/airflow/example_dags/example_dynamic_task_mapping_with_no_taskflow_operators.py
[2024-08-09T13:04:49.982-0400] {processor.py:840} INFO - DAG(s) 'example_dynamic_task_mapping_with_no_taskflow_operators' retrieved from /Users/jakeliu/we-defend-truth-1/airflow_env/lib/python3.12/site-packages/airflow/example_dags/example_dynamic_task_mapping_with_no_taskflow_operators.py
[2024-08-09T13:04:50.039-0400] {logging_mixin.py:188} INFO - [2024-08-09T13:04:50.039-0400] {dag.py:3089} INFO - Sync 1 DAGs
[2024-08-09T13:04:50.045-0400] {logging_mixin.py:188} INFO - [2024-08-09T13:04:50.045-0400] {dag.py:3947} INFO - Setting next_dagrun for example_dynamic_task_mapping_with_no_taskflow_operators to 2024-08-08 00:00:00+00:00, run_after=2024-08-09 00:00:00+00:00
[2024-08-09T13:04:50.051-0400] {processor.py:183} INFO - Processing /Users/jakeliu/we-defend-truth-1/airflow_env/lib/python3.12/site-packages/airflow/example_dags/example_dynamic_task_mapping_with_no_taskflow_operators.py took 0.073 seconds
[2024-08-09T13:06:39.065-0400] {processor.py:161} INFO - Started process (PID=21046) to work on /Users/jakeliu/we-defend-truth-1/airflow_env/lib/python3.12/site-packages/airflow/example_dags/example_dynamic_task_mapping_with_no_taskflow_operators.py
[2024-08-09T13:06:39.066-0400] {processor.py:830} INFO - Processing file /Users/jakeliu/we-defend-truth-1/airflow_env/lib/python3.12/site-packages/airflow/example_dags/example_dynamic_task_mapping_with_no_taskflow_operators.py for tasks to queue
[2024-08-09T13:06:39.067-0400] {logging_mixin.py:188} INFO - [2024-08-09T13:06:39.066-0400] {dagbag.py:545} INFO - Filling up the DagBag from /Users/jakeliu/we-defend-truth-1/airflow_env/lib/python3.12/site-packages/airflow/example_dags/example_dynamic_task_mapping_with_no_taskflow_operators.py
[2024-08-09T13:06:39.069-0400] {processor.py:840} INFO - DAG(s) 'example_dynamic_task_mapping_with_no_taskflow_operators' retrieved from /Users/jakeliu/we-defend-truth-1/airflow_env/lib/python3.12/site-packages/airflow/example_dags/example_dynamic_task_mapping_with_no_taskflow_operators.py
[2024-08-09T13:06:39.100-0400] {logging_mixin.py:188} INFO - [2024-08-09T13:06:39.099-0400] {dag.py:3089} INFO - Sync 1 DAGs
[2024-08-09T13:06:39.106-0400] {logging_mixin.py:188} INFO - [2024-08-09T13:06:39.106-0400] {dag.py:3947} INFO - Setting next_dagrun for example_dynamic_task_mapping_with_no_taskflow_operators to 2024-08-08 00:00:00+00:00, run_after=2024-08-09 00:00:00+00:00
[2024-08-09T13:06:39.112-0400] {processor.py:183} INFO - Processing /Users/jakeliu/we-defend-truth-1/airflow_env/lib/python3.12/site-packages/airflow/example_dags/example_dynamic_task_mapping_with_no_taskflow_operators.py took 0.048 seconds
[2024-08-09T13:08:22.707-0400] {processor.py:161} INFO - Started process (PID=21190) to work on /Users/jakeliu/we-defend-truth-1/airflow_env/lib/python3.12/site-packages/airflow/example_dags/example_dynamic_task_mapping_with_no_taskflow_operators.py
[2024-08-09T13:08:22.709-0400] {processor.py:830} INFO - Processing file /Users/jakeliu/we-defend-truth-1/airflow_env/lib/python3.12/site-packages/airflow/example_dags/example_dynamic_task_mapping_with_no_taskflow_operators.py for tasks to queue
[2024-08-09T13:08:22.709-0400] {logging_mixin.py:188} INFO - [2024-08-09T13:08:22.709-0400] {dagbag.py:545} INFO - Filling up the DagBag from /Users/jakeliu/we-defend-truth-1/airflow_env/lib/python3.12/site-packages/airflow/example_dags/example_dynamic_task_mapping_with_no_taskflow_operators.py
[2024-08-09T13:08:22.712-0400] {processor.py:840} INFO - DAG(s) 'example_dynamic_task_mapping_with_no_taskflow_operators' retrieved from /Users/jakeliu/we-defend-truth-1/airflow_env/lib/python3.12/site-packages/airflow/example_dags/example_dynamic_task_mapping_with_no_taskflow_operators.py
[2024-08-09T13:08:22.743-0400] {logging_mixin.py:188} INFO - [2024-08-09T13:08:22.743-0400] {dag.py:3089} INFO - Sync 1 DAGs
[2024-08-09T13:08:22.748-0400] {logging_mixin.py:188} INFO - [2024-08-09T13:08:22.748-0400] {dag.py:3947} INFO - Setting next_dagrun for example_dynamic_task_mapping_with_no_taskflow_operators to 2024-08-08 00:00:00+00:00, run_after=2024-08-09 00:00:00+00:00
[2024-08-09T13:08:22.754-0400] {processor.py:183} INFO - Processing /Users/jakeliu/we-defend-truth-1/airflow_env/lib/python3.12/site-packages/airflow/example_dags/example_dynamic_task_mapping_with_no_taskflow_operators.py took 0.048 seconds
[2024-08-09T13:10:02.573-0400] {processor.py:161} INFO - Started process (PID=21304) to work on /Users/jakeliu/we-defend-truth-1/airflow_env/lib/python3.12/site-packages/airflow/example_dags/example_dynamic_task_mapping_with_no_taskflow_operators.py
[2024-08-09T13:10:02.574-0400] {processor.py:830} INFO - Processing file /Users/jakeliu/we-defend-truth-1/airflow_env/lib/python3.12/site-packages/airflow/example_dags/example_dynamic_task_mapping_with_no_taskflow_operators.py for tasks to queue
[2024-08-09T13:10:02.574-0400] {logging_mixin.py:188} INFO - [2024-08-09T13:10:02.574-0400] {dagbag.py:545} INFO - Filling up the DagBag from /Users/jakeliu/we-defend-truth-1/airflow_env/lib/python3.12/site-packages/airflow/example_dags/example_dynamic_task_mapping_with_no_taskflow_operators.py
[2024-08-09T13:10:02.577-0400] {processor.py:840} INFO - DAG(s) 'example_dynamic_task_mapping_with_no_taskflow_operators' retrieved from /Users/jakeliu/we-defend-truth-1/airflow_env/lib/python3.12/site-packages/airflow/example_dags/example_dynamic_task_mapping_with_no_taskflow_operators.py
[2024-08-09T13:10:02.611-0400] {logging_mixin.py:188} INFO - [2024-08-09T13:10:02.611-0400] {dag.py:3089} INFO - Sync 1 DAGs
[2024-08-09T13:10:02.617-0400] {logging_mixin.py:188} INFO - [2024-08-09T13:10:02.617-0400] {dag.py:3947} INFO - Setting next_dagrun for example_dynamic_task_mapping_with_no_taskflow_operators to 2024-08-08 00:00:00+00:00, run_after=2024-08-09 00:00:00+00:00
[2024-08-09T13:10:02.624-0400] {processor.py:183} INFO - Processing /Users/jakeliu/we-defend-truth-1/airflow_env/lib/python3.12/site-packages/airflow/example_dags/example_dynamic_task_mapping_with_no_taskflow_operators.py took 0.052 seconds
[2024-08-09T13:11:49.839-0400] {processor.py:161} INFO - Started process (PID=21410) to work on /Users/jakeliu/we-defend-truth-1/airflow_env/lib/python3.12/site-packages/airflow/example_dags/example_dynamic_task_mapping_with_no_taskflow_operators.py
[2024-08-09T13:11:49.840-0400] {processor.py:830} INFO - Processing file /Users/jakeliu/we-defend-truth-1/airflow_env/lib/python3.12/site-packages/airflow/example_dags/example_dynamic_task_mapping_with_no_taskflow_operators.py for tasks to queue
[2024-08-09T13:11:49.841-0400] {logging_mixin.py:188} INFO - [2024-08-09T13:11:49.841-0400] {dagbag.py:545} INFO - Filling up the DagBag from /Users/jakeliu/we-defend-truth-1/airflow_env/lib/python3.12/site-packages/airflow/example_dags/example_dynamic_task_mapping_with_no_taskflow_operators.py
[2024-08-09T13:11:49.843-0400] {processor.py:840} INFO - DAG(s) 'example_dynamic_task_mapping_with_no_taskflow_operators' retrieved from /Users/jakeliu/we-defend-truth-1/airflow_env/lib/python3.12/site-packages/airflow/example_dags/example_dynamic_task_mapping_with_no_taskflow_operators.py
[2024-08-09T13:11:49.874-0400] {logging_mixin.py:188} INFO - [2024-08-09T13:11:49.874-0400] {dag.py:3089} INFO - Sync 1 DAGs
[2024-08-09T13:11:49.879-0400] {logging_mixin.py:188} INFO - [2024-08-09T13:11:49.879-0400] {dag.py:3947} INFO - Setting next_dagrun for example_dynamic_task_mapping_with_no_taskflow_operators to 2024-08-08 00:00:00+00:00, run_after=2024-08-09 00:00:00+00:00
[2024-08-09T13:11:49.885-0400] {processor.py:183} INFO - Processing /Users/jakeliu/we-defend-truth-1/airflow_env/lib/python3.12/site-packages/airflow/example_dags/example_dynamic_task_mapping_with_no_taskflow_operators.py took 0.047 seconds
[2024-08-09T13:13:41.436-0400] {processor.py:161} INFO - Started process (PID=21508) to work on /Users/jakeliu/we-defend-truth-1/airflow_env/lib/python3.12/site-packages/airflow/example_dags/example_dynamic_task_mapping_with_no_taskflow_operators.py
[2024-08-09T13:13:41.437-0400] {processor.py:830} INFO - Processing file /Users/jakeliu/we-defend-truth-1/airflow_env/lib/python3.12/site-packages/airflow/example_dags/example_dynamic_task_mapping_with_no_taskflow_operators.py for tasks to queue
[2024-08-09T13:13:41.437-0400] {logging_mixin.py:188} INFO - [2024-08-09T13:13:41.437-0400] {dagbag.py:545} INFO - Filling up the DagBag from /Users/jakeliu/we-defend-truth-1/airflow_env/lib/python3.12/site-packages/airflow/example_dags/example_dynamic_task_mapping_with_no_taskflow_operators.py
[2024-08-09T13:13:41.440-0400] {processor.py:840} INFO - DAG(s) 'example_dynamic_task_mapping_with_no_taskflow_operators' retrieved from /Users/jakeliu/we-defend-truth-1/airflow_env/lib/python3.12/site-packages/airflow/example_dags/example_dynamic_task_mapping_with_no_taskflow_operators.py
[2024-08-09T13:13:41.472-0400] {logging_mixin.py:188} INFO - [2024-08-09T13:13:41.472-0400] {dag.py:3089} INFO - Sync 1 DAGs
[2024-08-09T13:13:41.477-0400] {logging_mixin.py:188} INFO - [2024-08-09T13:13:41.477-0400] {dag.py:3947} INFO - Setting next_dagrun for example_dynamic_task_mapping_with_no_taskflow_operators to 2024-08-08 00:00:00+00:00, run_after=2024-08-09 00:00:00+00:00
[2024-08-09T13:13:41.483-0400] {processor.py:183} INFO - Processing /Users/jakeliu/we-defend-truth-1/airflow_env/lib/python3.12/site-packages/airflow/example_dags/example_dynamic_task_mapping_with_no_taskflow_operators.py took 0.048 seconds
[2024-08-09T13:15:38.747-0400] {processor.py:161} INFO - Started process (PID=21622) to work on /Users/jakeliu/we-defend-truth-1/airflow_env/lib/python3.12/site-packages/airflow/example_dags/example_dynamic_task_mapping_with_no_taskflow_operators.py
[2024-08-09T13:15:38.749-0400] {processor.py:830} INFO - Processing file /Users/jakeliu/we-defend-truth-1/airflow_env/lib/python3.12/site-packages/airflow/example_dags/example_dynamic_task_mapping_with_no_taskflow_operators.py for tasks to queue
[2024-08-09T13:15:38.749-0400] {logging_mixin.py:188} INFO - [2024-08-09T13:15:38.749-0400] {dagbag.py:545} INFO - Filling up the DagBag from /Users/jakeliu/we-defend-truth-1/airflow_env/lib/python3.12/site-packages/airflow/example_dags/example_dynamic_task_mapping_with_no_taskflow_operators.py
[2024-08-09T13:15:38.752-0400] {processor.py:840} INFO - DAG(s) 'example_dynamic_task_mapping_with_no_taskflow_operators' retrieved from /Users/jakeliu/we-defend-truth-1/airflow_env/lib/python3.12/site-packages/airflow/example_dags/example_dynamic_task_mapping_with_no_taskflow_operators.py
[2024-08-09T13:15:38.782-0400] {logging_mixin.py:188} INFO - [2024-08-09T13:15:38.782-0400] {dag.py:3089} INFO - Sync 1 DAGs
[2024-08-09T13:15:38.788-0400] {logging_mixin.py:188} INFO - [2024-08-09T13:15:38.787-0400] {dag.py:3947} INFO - Setting next_dagrun for example_dynamic_task_mapping_with_no_taskflow_operators to 2024-08-08 00:00:00+00:00, run_after=2024-08-09 00:00:00+00:00
[2024-08-09T13:15:38.794-0400] {processor.py:183} INFO - Processing /Users/jakeliu/we-defend-truth-1/airflow_env/lib/python3.12/site-packages/airflow/example_dags/example_dynamic_task_mapping_with_no_taskflow_operators.py took 0.047 seconds
[2024-08-09T13:17:29.155-0400] {processor.py:161} INFO - Started process (PID=21790) to work on /Users/jakeliu/we-defend-truth-1/airflow_env/lib/python3.12/site-packages/airflow/example_dags/example_dynamic_task_mapping_with_no_taskflow_operators.py
[2024-08-09T13:17:29.155-0400] {processor.py:830} INFO - Processing file /Users/jakeliu/we-defend-truth-1/airflow_env/lib/python3.12/site-packages/airflow/example_dags/example_dynamic_task_mapping_with_no_taskflow_operators.py for tasks to queue
[2024-08-09T13:17:29.155-0400] {logging_mixin.py:188} INFO - [2024-08-09T13:17:29.155-0400] {dagbag.py:545} INFO - Filling up the DagBag from /Users/jakeliu/we-defend-truth-1/airflow_env/lib/python3.12/site-packages/airflow/example_dags/example_dynamic_task_mapping_with_no_taskflow_operators.py
[2024-08-09T13:17:29.158-0400] {processor.py:840} INFO - DAG(s) 'example_dynamic_task_mapping_with_no_taskflow_operators' retrieved from /Users/jakeliu/we-defend-truth-1/airflow_env/lib/python3.12/site-packages/airflow/example_dags/example_dynamic_task_mapping_with_no_taskflow_operators.py
[2024-08-09T13:17:29.190-0400] {logging_mixin.py:188} INFO - [2024-08-09T13:17:29.190-0400] {dag.py:3089} INFO - Sync 1 DAGs
[2024-08-09T13:17:29.195-0400] {logging_mixin.py:188} INFO - [2024-08-09T13:17:29.195-0400] {dag.py:3947} INFO - Setting next_dagrun for example_dynamic_task_mapping_with_no_taskflow_operators to 2024-08-08 00:00:00+00:00, run_after=2024-08-09 00:00:00+00:00
[2024-08-09T13:17:29.202-0400] {processor.py:183} INFO - Processing /Users/jakeliu/we-defend-truth-1/airflow_env/lib/python3.12/site-packages/airflow/example_dags/example_dynamic_task_mapping_with_no_taskflow_operators.py took 0.048 seconds
[2024-08-09T13:19:09.786-0400] {processor.py:161} INFO - Started process (PID=21892) to work on /Users/jakeliu/we-defend-truth-1/airflow_env/lib/python3.12/site-packages/airflow/example_dags/example_dynamic_task_mapping_with_no_taskflow_operators.py
[2024-08-09T13:19:09.786-0400] {processor.py:830} INFO - Processing file /Users/jakeliu/we-defend-truth-1/airflow_env/lib/python3.12/site-packages/airflow/example_dags/example_dynamic_task_mapping_with_no_taskflow_operators.py for tasks to queue
[2024-08-09T13:19:09.787-0400] {logging_mixin.py:188} INFO - [2024-08-09T13:19:09.786-0400] {dagbag.py:545} INFO - Filling up the DagBag from /Users/jakeliu/we-defend-truth-1/airflow_env/lib/python3.12/site-packages/airflow/example_dags/example_dynamic_task_mapping_with_no_taskflow_operators.py
[2024-08-09T13:19:09.790-0400] {processor.py:840} INFO - DAG(s) 'example_dynamic_task_mapping_with_no_taskflow_operators' retrieved from /Users/jakeliu/we-defend-truth-1/airflow_env/lib/python3.12/site-packages/airflow/example_dags/example_dynamic_task_mapping_with_no_taskflow_operators.py
[2024-08-09T13:19:09.826-0400] {logging_mixin.py:188} INFO - [2024-08-09T13:19:09.826-0400] {dag.py:3089} INFO - Sync 1 DAGs
[2024-08-09T13:19:09.832-0400] {logging_mixin.py:188} INFO - [2024-08-09T13:19:09.832-0400] {dag.py:3947} INFO - Setting next_dagrun for example_dynamic_task_mapping_with_no_taskflow_operators to 2024-08-08 00:00:00+00:00, run_after=2024-08-09 00:00:00+00:00
[2024-08-09T13:19:09.839-0400] {processor.py:183} INFO - Processing /Users/jakeliu/we-defend-truth-1/airflow_env/lib/python3.12/site-packages/airflow/example_dags/example_dynamic_task_mapping_with_no_taskflow_operators.py took 0.055 seconds
[2024-08-09T13:20:52.279-0400] {processor.py:161} INFO - Started process (PID=22552) to work on /Users/jakeliu/we-defend-truth-1/airflow_env/lib/python3.12/site-packages/airflow/example_dags/example_dynamic_task_mapping_with_no_taskflow_operators.py
[2024-08-09T13:20:52.279-0400] {processor.py:830} INFO - Processing file /Users/jakeliu/we-defend-truth-1/airflow_env/lib/python3.12/site-packages/airflow/example_dags/example_dynamic_task_mapping_with_no_taskflow_operators.py for tasks to queue
[2024-08-09T13:20:52.280-0400] {logging_mixin.py:188} INFO - [2024-08-09T13:20:52.280-0400] {dagbag.py:545} INFO - Filling up the DagBag from /Users/jakeliu/we-defend-truth-1/airflow_env/lib/python3.12/site-packages/airflow/example_dags/example_dynamic_task_mapping_with_no_taskflow_operators.py
[2024-08-09T13:20:52.282-0400] {processor.py:840} INFO - DAG(s) 'example_dynamic_task_mapping_with_no_taskflow_operators' retrieved from /Users/jakeliu/we-defend-truth-1/airflow_env/lib/python3.12/site-packages/airflow/example_dags/example_dynamic_task_mapping_with_no_taskflow_operators.py
[2024-08-09T13:20:52.312-0400] {logging_mixin.py:188} INFO - [2024-08-09T13:20:52.312-0400] {dag.py:3089} INFO - Sync 1 DAGs
[2024-08-09T13:20:52.318-0400] {logging_mixin.py:188} INFO - [2024-08-09T13:20:52.318-0400] {dag.py:3947} INFO - Setting next_dagrun for example_dynamic_task_mapping_with_no_taskflow_operators to 2024-08-08 00:00:00+00:00, run_after=2024-08-09 00:00:00+00:00
[2024-08-09T13:20:52.324-0400] {processor.py:183} INFO - Processing /Users/jakeliu/we-defend-truth-1/airflow_env/lib/python3.12/site-packages/airflow/example_dags/example_dynamic_task_mapping_with_no_taskflow_operators.py took 0.046 seconds
[2024-08-09T13:22:35.521-0400] {processor.py:161} INFO - Started process (PID=22653) to work on /Users/jakeliu/we-defend-truth-1/airflow_env/lib/python3.12/site-packages/airflow/example_dags/example_dynamic_task_mapping_with_no_taskflow_operators.py
[2024-08-09T13:22:35.522-0400] {processor.py:830} INFO - Processing file /Users/jakeliu/we-defend-truth-1/airflow_env/lib/python3.12/site-packages/airflow/example_dags/example_dynamic_task_mapping_with_no_taskflow_operators.py for tasks to queue
[2024-08-09T13:22:35.522-0400] {logging_mixin.py:188} INFO - [2024-08-09T13:22:35.522-0400] {dagbag.py:545} INFO - Filling up the DagBag from /Users/jakeliu/we-defend-truth-1/airflow_env/lib/python3.12/site-packages/airflow/example_dags/example_dynamic_task_mapping_with_no_taskflow_operators.py
[2024-08-09T13:22:35.525-0400] {processor.py:840} INFO - DAG(s) 'example_dynamic_task_mapping_with_no_taskflow_operators' retrieved from /Users/jakeliu/we-defend-truth-1/airflow_env/lib/python3.12/site-packages/airflow/example_dags/example_dynamic_task_mapping_with_no_taskflow_operators.py
[2024-08-09T13:22:35.556-0400] {logging_mixin.py:188} INFO - [2024-08-09T13:22:35.556-0400] {dag.py:3089} INFO - Sync 1 DAGs
[2024-08-09T13:22:35.561-0400] {logging_mixin.py:188} INFO - [2024-08-09T13:22:35.561-0400] {dag.py:3947} INFO - Setting next_dagrun for example_dynamic_task_mapping_with_no_taskflow_operators to 2024-08-08 00:00:00+00:00, run_after=2024-08-09 00:00:00+00:00
[2024-08-09T13:22:35.570-0400] {processor.py:183} INFO - Processing /Users/jakeliu/we-defend-truth-1/airflow_env/lib/python3.12/site-packages/airflow/example_dags/example_dynamic_task_mapping_with_no_taskflow_operators.py took 0.050 seconds
[2024-08-09T13:24:17.546-0400] {processor.py:161} INFO - Started process (PID=22759) to work on /Users/jakeliu/we-defend-truth-1/airflow_env/lib/python3.12/site-packages/airflow/example_dags/example_dynamic_task_mapping_with_no_taskflow_operators.py
[2024-08-09T13:24:17.547-0400] {processor.py:830} INFO - Processing file /Users/jakeliu/we-defend-truth-1/airflow_env/lib/python3.12/site-packages/airflow/example_dags/example_dynamic_task_mapping_with_no_taskflow_operators.py for tasks to queue
[2024-08-09T13:24:17.547-0400] {logging_mixin.py:188} INFO - [2024-08-09T13:24:17.547-0400] {dagbag.py:545} INFO - Filling up the DagBag from /Users/jakeliu/we-defend-truth-1/airflow_env/lib/python3.12/site-packages/airflow/example_dags/example_dynamic_task_mapping_with_no_taskflow_operators.py
[2024-08-09T13:24:17.550-0400] {processor.py:840} INFO - DAG(s) 'example_dynamic_task_mapping_with_no_taskflow_operators' retrieved from /Users/jakeliu/we-defend-truth-1/airflow_env/lib/python3.12/site-packages/airflow/example_dags/example_dynamic_task_mapping_with_no_taskflow_operators.py
[2024-08-09T13:24:17.581-0400] {logging_mixin.py:188} INFO - [2024-08-09T13:24:17.581-0400] {dag.py:3089} INFO - Sync 1 DAGs
[2024-08-09T13:24:17.587-0400] {logging_mixin.py:188} INFO - [2024-08-09T13:24:17.587-0400] {dag.py:3947} INFO - Setting next_dagrun for example_dynamic_task_mapping_with_no_taskflow_operators to 2024-08-08 00:00:00+00:00, run_after=2024-08-09 00:00:00+00:00
[2024-08-09T13:24:17.593-0400] {processor.py:183} INFO - Processing /Users/jakeliu/we-defend-truth-1/airflow_env/lib/python3.12/site-packages/airflow/example_dags/example_dynamic_task_mapping_with_no_taskflow_operators.py took 0.048 seconds
[2024-08-09T13:26:12.757-0400] {processor.py:161} INFO - Started process (PID=22894) to work on /Users/jakeliu/we-defend-truth-1/airflow_env/lib/python3.12/site-packages/airflow/example_dags/example_dynamic_task_mapping_with_no_taskflow_operators.py
[2024-08-09T13:26:12.757-0400] {processor.py:830} INFO - Processing file /Users/jakeliu/we-defend-truth-1/airflow_env/lib/python3.12/site-packages/airflow/example_dags/example_dynamic_task_mapping_with_no_taskflow_operators.py for tasks to queue
[2024-08-09T13:26:12.758-0400] {logging_mixin.py:188} INFO - [2024-08-09T13:26:12.758-0400] {dagbag.py:545} INFO - Filling up the DagBag from /Users/jakeliu/we-defend-truth-1/airflow_env/lib/python3.12/site-packages/airflow/example_dags/example_dynamic_task_mapping_with_no_taskflow_operators.py
[2024-08-09T13:26:12.760-0400] {processor.py:840} INFO - DAG(s) 'example_dynamic_task_mapping_with_no_taskflow_operators' retrieved from /Users/jakeliu/we-defend-truth-1/airflow_env/lib/python3.12/site-packages/airflow/example_dags/example_dynamic_task_mapping_with_no_taskflow_operators.py
[2024-08-09T13:26:12.791-0400] {logging_mixin.py:188} INFO - [2024-08-09T13:26:12.791-0400] {dag.py:3089} INFO - Sync 1 DAGs
[2024-08-09T13:26:12.796-0400] {logging_mixin.py:188} INFO - [2024-08-09T13:26:12.796-0400] {dag.py:3947} INFO - Setting next_dagrun for example_dynamic_task_mapping_with_no_taskflow_operators to 2024-08-08 00:00:00+00:00, run_after=2024-08-09 00:00:00+00:00
[2024-08-09T13:26:12.803-0400] {processor.py:183} INFO - Processing /Users/jakeliu/we-defend-truth-1/airflow_env/lib/python3.12/site-packages/airflow/example_dags/example_dynamic_task_mapping_with_no_taskflow_operators.py took 0.047 seconds
[2024-08-09T13:28:09.772-0400] {processor.py:161} INFO - Started process (PID=23125) to work on /Users/jakeliu/we-defend-truth-1/airflow_env/lib/python3.12/site-packages/airflow/example_dags/example_dynamic_task_mapping_with_no_taskflow_operators.py
[2024-08-09T13:28:09.773-0400] {processor.py:830} INFO - Processing file /Users/jakeliu/we-defend-truth-1/airflow_env/lib/python3.12/site-packages/airflow/example_dags/example_dynamic_task_mapping_with_no_taskflow_operators.py for tasks to queue
[2024-08-09T13:28:09.773-0400] {logging_mixin.py:188} INFO - [2024-08-09T13:28:09.773-0400] {dagbag.py:545} INFO - Filling up the DagBag from /Users/jakeliu/we-defend-truth-1/airflow_env/lib/python3.12/site-packages/airflow/example_dags/example_dynamic_task_mapping_with_no_taskflow_operators.py
[2024-08-09T13:28:09.776-0400] {processor.py:840} INFO - DAG(s) 'example_dynamic_task_mapping_with_no_taskflow_operators' retrieved from /Users/jakeliu/we-defend-truth-1/airflow_env/lib/python3.12/site-packages/airflow/example_dags/example_dynamic_task_mapping_with_no_taskflow_operators.py
[2024-08-09T13:28:09.806-0400] {logging_mixin.py:188} INFO - [2024-08-09T13:28:09.806-0400] {dag.py:3089} INFO - Sync 1 DAGs
[2024-08-09T13:28:09.811-0400] {logging_mixin.py:188} INFO - [2024-08-09T13:28:09.811-0400] {dag.py:3947} INFO - Setting next_dagrun for example_dynamic_task_mapping_with_no_taskflow_operators to 2024-08-08 00:00:00+00:00, run_after=2024-08-09 00:00:00+00:00
[2024-08-09T13:28:09.817-0400] {processor.py:183} INFO - Processing /Users/jakeliu/we-defend-truth-1/airflow_env/lib/python3.12/site-packages/airflow/example_dags/example_dynamic_task_mapping_with_no_taskflow_operators.py took 0.046 seconds
[2024-08-09T13:29:59.851-0400] {processor.py:161} INFO - Started process (PID=23390) to work on /Users/jakeliu/we-defend-truth-1/airflow_env/lib/python3.12/site-packages/airflow/example_dags/example_dynamic_task_mapping_with_no_taskflow_operators.py
[2024-08-09T13:29:59.852-0400] {processor.py:830} INFO - Processing file /Users/jakeliu/we-defend-truth-1/airflow_env/lib/python3.12/site-packages/airflow/example_dags/example_dynamic_task_mapping_with_no_taskflow_operators.py for tasks to queue
[2024-08-09T13:29:59.853-0400] {logging_mixin.py:188} INFO - [2024-08-09T13:29:59.853-0400] {dagbag.py:545} INFO - Filling up the DagBag from /Users/jakeliu/we-defend-truth-1/airflow_env/lib/python3.12/site-packages/airflow/example_dags/example_dynamic_task_mapping_with_no_taskflow_operators.py
[2024-08-09T13:29:59.855-0400] {processor.py:840} INFO - DAG(s) 'example_dynamic_task_mapping_with_no_taskflow_operators' retrieved from /Users/jakeliu/we-defend-truth-1/airflow_env/lib/python3.12/site-packages/airflow/example_dags/example_dynamic_task_mapping_with_no_taskflow_operators.py
[2024-08-09T13:29:59.896-0400] {logging_mixin.py:188} INFO - [2024-08-09T13:29:59.896-0400] {dag.py:3089} INFO - Sync 1 DAGs
[2024-08-09T13:29:59.901-0400] {logging_mixin.py:188} INFO - [2024-08-09T13:29:59.901-0400] {dag.py:3947} INFO - Setting next_dagrun for example_dynamic_task_mapping_with_no_taskflow_operators to 2024-08-08 00:00:00+00:00, run_after=2024-08-09 00:00:00+00:00
[2024-08-09T13:29:59.907-0400] {processor.py:183} INFO - Processing /Users/jakeliu/we-defend-truth-1/airflow_env/lib/python3.12/site-packages/airflow/example_dags/example_dynamic_task_mapping_with_no_taskflow_operators.py took 0.057 seconds
[2024-08-09T13:31:56.807-0400] {processor.py:161} INFO - Started process (PID=23606) to work on /Users/jakeliu/we-defend-truth-1/airflow_env/lib/python3.12/site-packages/airflow/example_dags/example_dynamic_task_mapping_with_no_taskflow_operators.py
[2024-08-09T13:31:56.807-0400] {processor.py:830} INFO - Processing file /Users/jakeliu/we-defend-truth-1/airflow_env/lib/python3.12/site-packages/airflow/example_dags/example_dynamic_task_mapping_with_no_taskflow_operators.py for tasks to queue
[2024-08-09T13:31:56.808-0400] {logging_mixin.py:188} INFO - [2024-08-09T13:31:56.808-0400] {dagbag.py:545} INFO - Filling up the DagBag from /Users/jakeliu/we-defend-truth-1/airflow_env/lib/python3.12/site-packages/airflow/example_dags/example_dynamic_task_mapping_with_no_taskflow_operators.py
[2024-08-09T13:31:56.810-0400] {processor.py:840} INFO - DAG(s) 'example_dynamic_task_mapping_with_no_taskflow_operators' retrieved from /Users/jakeliu/we-defend-truth-1/airflow_env/lib/python3.12/site-packages/airflow/example_dags/example_dynamic_task_mapping_with_no_taskflow_operators.py
[2024-08-09T13:31:56.841-0400] {logging_mixin.py:188} INFO - [2024-08-09T13:31:56.841-0400] {dag.py:3089} INFO - Sync 1 DAGs
[2024-08-09T13:31:56.847-0400] {logging_mixin.py:188} INFO - [2024-08-09T13:31:56.847-0400] {dag.py:3947} INFO - Setting next_dagrun for example_dynamic_task_mapping_with_no_taskflow_operators to 2024-08-08 00:00:00+00:00, run_after=2024-08-09 00:00:00+00:00
[2024-08-09T13:31:56.853-0400] {processor.py:183} INFO - Processing /Users/jakeliu/we-defend-truth-1/airflow_env/lib/python3.12/site-packages/airflow/example_dags/example_dynamic_task_mapping_with_no_taskflow_operators.py took 0.047 seconds
[2024-08-09T13:33:50.918-0400] {processor.py:161} INFO - Started process (PID=23718) to work on /Users/jakeliu/we-defend-truth-1/airflow_env/lib/python3.12/site-packages/airflow/example_dags/example_dynamic_task_mapping_with_no_taskflow_operators.py
[2024-08-09T13:33:50.919-0400] {processor.py:830} INFO - Processing file /Users/jakeliu/we-defend-truth-1/airflow_env/lib/python3.12/site-packages/airflow/example_dags/example_dynamic_task_mapping_with_no_taskflow_operators.py for tasks to queue
[2024-08-09T13:33:50.919-0400] {logging_mixin.py:188} INFO - [2024-08-09T13:33:50.919-0400] {dagbag.py:545} INFO - Filling up the DagBag from /Users/jakeliu/we-defend-truth-1/airflow_env/lib/python3.12/site-packages/airflow/example_dags/example_dynamic_task_mapping_with_no_taskflow_operators.py
[2024-08-09T13:33:50.922-0400] {processor.py:840} INFO - DAG(s) 'example_dynamic_task_mapping_with_no_taskflow_operators' retrieved from /Users/jakeliu/we-defend-truth-1/airflow_env/lib/python3.12/site-packages/airflow/example_dags/example_dynamic_task_mapping_with_no_taskflow_operators.py
[2024-08-09T13:33:50.959-0400] {logging_mixin.py:188} INFO - [2024-08-09T13:33:50.959-0400] {dag.py:3089} INFO - Sync 1 DAGs
[2024-08-09T13:33:50.967-0400] {logging_mixin.py:188} INFO - [2024-08-09T13:33:50.966-0400] {dag.py:3947} INFO - Setting next_dagrun for example_dynamic_task_mapping_with_no_taskflow_operators to 2024-08-08 00:00:00+00:00, run_after=2024-08-09 00:00:00+00:00
[2024-08-09T13:33:50.974-0400] {processor.py:183} INFO - Processing /Users/jakeliu/we-defend-truth-1/airflow_env/lib/python3.12/site-packages/airflow/example_dags/example_dynamic_task_mapping_with_no_taskflow_operators.py took 0.057 seconds
[2024-08-09T13:35:36.530-0400] {processor.py:161} INFO - Started process (PID=23868) to work on /Users/jakeliu/we-defend-truth-1/airflow_env/lib/python3.12/site-packages/airflow/example_dags/example_dynamic_task_mapping_with_no_taskflow_operators.py
[2024-08-09T13:35:36.532-0400] {processor.py:830} INFO - Processing file /Users/jakeliu/we-defend-truth-1/airflow_env/lib/python3.12/site-packages/airflow/example_dags/example_dynamic_task_mapping_with_no_taskflow_operators.py for tasks to queue
[2024-08-09T13:35:36.532-0400] {logging_mixin.py:188} INFO - [2024-08-09T13:35:36.532-0400] {dagbag.py:545} INFO - Filling up the DagBag from /Users/jakeliu/we-defend-truth-1/airflow_env/lib/python3.12/site-packages/airflow/example_dags/example_dynamic_task_mapping_with_no_taskflow_operators.py
[2024-08-09T13:35:36.535-0400] {processor.py:840} INFO - DAG(s) 'example_dynamic_task_mapping_with_no_taskflow_operators' retrieved from /Users/jakeliu/we-defend-truth-1/airflow_env/lib/python3.12/site-packages/airflow/example_dags/example_dynamic_task_mapping_with_no_taskflow_operators.py
[2024-08-09T13:35:36.565-0400] {logging_mixin.py:188} INFO - [2024-08-09T13:35:36.565-0400] {dag.py:3089} INFO - Sync 1 DAGs
[2024-08-09T13:35:36.571-0400] {logging_mixin.py:188} INFO - [2024-08-09T13:35:36.571-0400] {dag.py:3947} INFO - Setting next_dagrun for example_dynamic_task_mapping_with_no_taskflow_operators to 2024-08-08 00:00:00+00:00, run_after=2024-08-09 00:00:00+00:00
[2024-08-09T13:35:36.577-0400] {processor.py:183} INFO - Processing /Users/jakeliu/we-defend-truth-1/airflow_env/lib/python3.12/site-packages/airflow/example_dags/example_dynamic_task_mapping_with_no_taskflow_operators.py took 0.047 seconds
[2024-08-09T13:37:24.065-0400] {processor.py:161} INFO - Started process (PID=23958) to work on /Users/jakeliu/we-defend-truth-1/airflow_env/lib/python3.12/site-packages/airflow/example_dags/example_dynamic_task_mapping_with_no_taskflow_operators.py
[2024-08-09T13:37:24.066-0400] {processor.py:830} INFO - Processing file /Users/jakeliu/we-defend-truth-1/airflow_env/lib/python3.12/site-packages/airflow/example_dags/example_dynamic_task_mapping_with_no_taskflow_operators.py for tasks to queue
[2024-08-09T13:37:24.066-0400] {logging_mixin.py:188} INFO - [2024-08-09T13:37:24.066-0400] {dagbag.py:545} INFO - Filling up the DagBag from /Users/jakeliu/we-defend-truth-1/airflow_env/lib/python3.12/site-packages/airflow/example_dags/example_dynamic_task_mapping_with_no_taskflow_operators.py
[2024-08-09T13:37:24.069-0400] {processor.py:840} INFO - DAG(s) 'example_dynamic_task_mapping_with_no_taskflow_operators' retrieved from /Users/jakeliu/we-defend-truth-1/airflow_env/lib/python3.12/site-packages/airflow/example_dags/example_dynamic_task_mapping_with_no_taskflow_operators.py
[2024-08-09T13:37:24.100-0400] {logging_mixin.py:188} INFO - [2024-08-09T13:37:24.100-0400] {dag.py:3089} INFO - Sync 1 DAGs
[2024-08-09T13:37:24.106-0400] {logging_mixin.py:188} INFO - [2024-08-09T13:37:24.106-0400] {dag.py:3947} INFO - Setting next_dagrun for example_dynamic_task_mapping_with_no_taskflow_operators to 2024-08-08 00:00:00+00:00, run_after=2024-08-09 00:00:00+00:00
[2024-08-09T13:37:24.112-0400] {processor.py:183} INFO - Processing /Users/jakeliu/we-defend-truth-1/airflow_env/lib/python3.12/site-packages/airflow/example_dags/example_dynamic_task_mapping_with_no_taskflow_operators.py took 0.048 seconds
[2024-08-09T13:39:21.490-0400] {processor.py:161} INFO - Started process (PID=24035) to work on /Users/jakeliu/we-defend-truth-1/airflow_env/lib/python3.12/site-packages/airflow/example_dags/example_dynamic_task_mapping_with_no_taskflow_operators.py
[2024-08-09T13:39:21.491-0400] {processor.py:830} INFO - Processing file /Users/jakeliu/we-defend-truth-1/airflow_env/lib/python3.12/site-packages/airflow/example_dags/example_dynamic_task_mapping_with_no_taskflow_operators.py for tasks to queue
[2024-08-09T13:39:21.491-0400] {logging_mixin.py:188} INFO - [2024-08-09T13:39:21.491-0400] {dagbag.py:545} INFO - Filling up the DagBag from /Users/jakeliu/we-defend-truth-1/airflow_env/lib/python3.12/site-packages/airflow/example_dags/example_dynamic_task_mapping_with_no_taskflow_operators.py
[2024-08-09T13:39:21.494-0400] {processor.py:840} INFO - DAG(s) 'example_dynamic_task_mapping_with_no_taskflow_operators' retrieved from /Users/jakeliu/we-defend-truth-1/airflow_env/lib/python3.12/site-packages/airflow/example_dags/example_dynamic_task_mapping_with_no_taskflow_operators.py
[2024-08-09T13:39:21.525-0400] {logging_mixin.py:188} INFO - [2024-08-09T13:39:21.525-0400] {dag.py:3089} INFO - Sync 1 DAGs
[2024-08-09T13:39:21.530-0400] {logging_mixin.py:188} INFO - [2024-08-09T13:39:21.530-0400] {dag.py:3947} INFO - Setting next_dagrun for example_dynamic_task_mapping_with_no_taskflow_operators to 2024-08-08 00:00:00+00:00, run_after=2024-08-09 00:00:00+00:00
[2024-08-09T13:39:21.537-0400] {processor.py:183} INFO - Processing /Users/jakeliu/we-defend-truth-1/airflow_env/lib/python3.12/site-packages/airflow/example_dags/example_dynamic_task_mapping_with_no_taskflow_operators.py took 0.048 seconds
[2024-08-09T13:41:07.338-0400] {processor.py:161} INFO - Started process (PID=24141) to work on /Users/jakeliu/we-defend-truth-1/airflow_env/lib/python3.12/site-packages/airflow/example_dags/example_dynamic_task_mapping_with_no_taskflow_operators.py
[2024-08-09T13:41:07.338-0400] {processor.py:830} INFO - Processing file /Users/jakeliu/we-defend-truth-1/airflow_env/lib/python3.12/site-packages/airflow/example_dags/example_dynamic_task_mapping_with_no_taskflow_operators.py for tasks to queue
[2024-08-09T13:41:07.339-0400] {logging_mixin.py:188} INFO - [2024-08-09T13:41:07.338-0400] {dagbag.py:545} INFO - Filling up the DagBag from /Users/jakeliu/we-defend-truth-1/airflow_env/lib/python3.12/site-packages/airflow/example_dags/example_dynamic_task_mapping_with_no_taskflow_operators.py
[2024-08-09T13:41:07.341-0400] {processor.py:840} INFO - DAG(s) 'example_dynamic_task_mapping_with_no_taskflow_operators' retrieved from /Users/jakeliu/we-defend-truth-1/airflow_env/lib/python3.12/site-packages/airflow/example_dags/example_dynamic_task_mapping_with_no_taskflow_operators.py
[2024-08-09T13:41:07.373-0400] {logging_mixin.py:188} INFO - [2024-08-09T13:41:07.372-0400] {dag.py:3089} INFO - Sync 1 DAGs
[2024-08-09T13:41:07.378-0400] {logging_mixin.py:188} INFO - [2024-08-09T13:41:07.378-0400] {dag.py:3947} INFO - Setting next_dagrun for example_dynamic_task_mapping_with_no_taskflow_operators to 2024-08-08 00:00:00+00:00, run_after=2024-08-09 00:00:00+00:00
[2024-08-09T13:41:07.384-0400] {processor.py:183} INFO - Processing /Users/jakeliu/we-defend-truth-1/airflow_env/lib/python3.12/site-packages/airflow/example_dags/example_dynamic_task_mapping_with_no_taskflow_operators.py took 0.048 seconds
[2024-08-09T13:43:01.032-0400] {processor.py:161} INFO - Started process (PID=24343) to work on /Users/jakeliu/we-defend-truth-1/airflow_env/lib/python3.12/site-packages/airflow/example_dags/example_dynamic_task_mapping_with_no_taskflow_operators.py
[2024-08-09T13:43:01.032-0400] {processor.py:830} INFO - Processing file /Users/jakeliu/we-defend-truth-1/airflow_env/lib/python3.12/site-packages/airflow/example_dags/example_dynamic_task_mapping_with_no_taskflow_operators.py for tasks to queue
[2024-08-09T13:43:01.033-0400] {logging_mixin.py:188} INFO - [2024-08-09T13:43:01.032-0400] {dagbag.py:545} INFO - Filling up the DagBag from /Users/jakeliu/we-defend-truth-1/airflow_env/lib/python3.12/site-packages/airflow/example_dags/example_dynamic_task_mapping_with_no_taskflow_operators.py
[2024-08-09T13:43:01.035-0400] {processor.py:840} INFO - DAG(s) 'example_dynamic_task_mapping_with_no_taskflow_operators' retrieved from /Users/jakeliu/we-defend-truth-1/airflow_env/lib/python3.12/site-packages/airflow/example_dags/example_dynamic_task_mapping_with_no_taskflow_operators.py
[2024-08-09T13:43:01.066-0400] {logging_mixin.py:188} INFO - [2024-08-09T13:43:01.066-0400] {dag.py:3089} INFO - Sync 1 DAGs
[2024-08-09T13:43:01.071-0400] {logging_mixin.py:188} INFO - [2024-08-09T13:43:01.071-0400] {dag.py:3947} INFO - Setting next_dagrun for example_dynamic_task_mapping_with_no_taskflow_operators to 2024-08-08 00:00:00+00:00, run_after=2024-08-09 00:00:00+00:00
[2024-08-09T13:43:01.077-0400] {processor.py:183} INFO - Processing /Users/jakeliu/we-defend-truth-1/airflow_env/lib/python3.12/site-packages/airflow/example_dags/example_dynamic_task_mapping_with_no_taskflow_operators.py took 0.046 seconds
[2024-08-09T13:44:42.595-0400] {processor.py:161} INFO - Started process (PID=24412) to work on /Users/jakeliu/we-defend-truth-1/airflow_env/lib/python3.12/site-packages/airflow/example_dags/example_dynamic_task_mapping_with_no_taskflow_operators.py
[2024-08-09T13:44:42.595-0400] {processor.py:830} INFO - Processing file /Users/jakeliu/we-defend-truth-1/airflow_env/lib/python3.12/site-packages/airflow/example_dags/example_dynamic_task_mapping_with_no_taskflow_operators.py for tasks to queue
[2024-08-09T13:44:42.596-0400] {logging_mixin.py:188} INFO - [2024-08-09T13:44:42.595-0400] {dagbag.py:545} INFO - Filling up the DagBag from /Users/jakeliu/we-defend-truth-1/airflow_env/lib/python3.12/site-packages/airflow/example_dags/example_dynamic_task_mapping_with_no_taskflow_operators.py
[2024-08-09T13:44:42.598-0400] {processor.py:840} INFO - DAG(s) 'example_dynamic_task_mapping_with_no_taskflow_operators' retrieved from /Users/jakeliu/we-defend-truth-1/airflow_env/lib/python3.12/site-packages/airflow/example_dags/example_dynamic_task_mapping_with_no_taskflow_operators.py
[2024-08-09T13:44:42.629-0400] {logging_mixin.py:188} INFO - [2024-08-09T13:44:42.629-0400] {dag.py:3089} INFO - Sync 1 DAGs
[2024-08-09T13:44:42.635-0400] {logging_mixin.py:188} INFO - [2024-08-09T13:44:42.634-0400] {dag.py:3947} INFO - Setting next_dagrun for example_dynamic_task_mapping_with_no_taskflow_operators to 2024-08-08 00:00:00+00:00, run_after=2024-08-09 00:00:00+00:00
[2024-08-09T13:44:42.640-0400] {processor.py:183} INFO - Processing /Users/jakeliu/we-defend-truth-1/airflow_env/lib/python3.12/site-packages/airflow/example_dags/example_dynamic_task_mapping_with_no_taskflow_operators.py took 0.047 seconds
[2024-08-09T13:46:24.427-0400] {processor.py:161} INFO - Started process (PID=24483) to work on /Users/jakeliu/we-defend-truth-1/airflow_env/lib/python3.12/site-packages/airflow/example_dags/example_dynamic_task_mapping_with_no_taskflow_operators.py
[2024-08-09T13:46:24.428-0400] {processor.py:830} INFO - Processing file /Users/jakeliu/we-defend-truth-1/airflow_env/lib/python3.12/site-packages/airflow/example_dags/example_dynamic_task_mapping_with_no_taskflow_operators.py for tasks to queue
[2024-08-09T13:46:24.429-0400] {logging_mixin.py:188} INFO - [2024-08-09T13:46:24.429-0400] {dagbag.py:545} INFO - Filling up the DagBag from /Users/jakeliu/we-defend-truth-1/airflow_env/lib/python3.12/site-packages/airflow/example_dags/example_dynamic_task_mapping_with_no_taskflow_operators.py
[2024-08-09T13:46:24.431-0400] {processor.py:840} INFO - DAG(s) 'example_dynamic_task_mapping_with_no_taskflow_operators' retrieved from /Users/jakeliu/we-defend-truth-1/airflow_env/lib/python3.12/site-packages/airflow/example_dags/example_dynamic_task_mapping_with_no_taskflow_operators.py
[2024-08-09T13:46:24.462-0400] {logging_mixin.py:188} INFO - [2024-08-09T13:46:24.462-0400] {dag.py:3089} INFO - Sync 1 DAGs
[2024-08-09T13:46:24.468-0400] {logging_mixin.py:188} INFO - [2024-08-09T13:46:24.468-0400] {dag.py:3947} INFO - Setting next_dagrun for example_dynamic_task_mapping_with_no_taskflow_operators to 2024-08-08 00:00:00+00:00, run_after=2024-08-09 00:00:00+00:00
[2024-08-09T13:46:24.474-0400] {processor.py:183} INFO - Processing /Users/jakeliu/we-defend-truth-1/airflow_env/lib/python3.12/site-packages/airflow/example_dags/example_dynamic_task_mapping_with_no_taskflow_operators.py took 0.047 seconds
[2024-08-09T13:48:04.661-0400] {processor.py:161} INFO - Started process (PID=24555) to work on /Users/jakeliu/we-defend-truth-1/airflow_env/lib/python3.12/site-packages/airflow/example_dags/example_dynamic_task_mapping_with_no_taskflow_operators.py
[2024-08-09T13:48:04.662-0400] {processor.py:830} INFO - Processing file /Users/jakeliu/we-defend-truth-1/airflow_env/lib/python3.12/site-packages/airflow/example_dags/example_dynamic_task_mapping_with_no_taskflow_operators.py for tasks to queue
[2024-08-09T13:48:04.662-0400] {logging_mixin.py:188} INFO - [2024-08-09T13:48:04.662-0400] {dagbag.py:545} INFO - Filling up the DagBag from /Users/jakeliu/we-defend-truth-1/airflow_env/lib/python3.12/site-packages/airflow/example_dags/example_dynamic_task_mapping_with_no_taskflow_operators.py
[2024-08-09T13:48:04.665-0400] {processor.py:840} INFO - DAG(s) 'example_dynamic_task_mapping_with_no_taskflow_operators' retrieved from /Users/jakeliu/we-defend-truth-1/airflow_env/lib/python3.12/site-packages/airflow/example_dags/example_dynamic_task_mapping_with_no_taskflow_operators.py
[2024-08-09T13:48:04.696-0400] {logging_mixin.py:188} INFO - [2024-08-09T13:48:04.695-0400] {dag.py:3089} INFO - Sync 1 DAGs
[2024-08-09T13:48:04.701-0400] {logging_mixin.py:188} INFO - [2024-08-09T13:48:04.701-0400] {dag.py:3947} INFO - Setting next_dagrun for example_dynamic_task_mapping_with_no_taskflow_operators to 2024-08-08 00:00:00+00:00, run_after=2024-08-09 00:00:00+00:00
[2024-08-09T13:48:04.707-0400] {processor.py:183} INFO - Processing /Users/jakeliu/we-defend-truth-1/airflow_env/lib/python3.12/site-packages/airflow/example_dags/example_dynamic_task_mapping_with_no_taskflow_operators.py took 0.047 seconds
[2024-08-09T13:49:44.878-0400] {processor.py:161} INFO - Started process (PID=24626) to work on /Users/jakeliu/we-defend-truth-1/airflow_env/lib/python3.12/site-packages/airflow/example_dags/example_dynamic_task_mapping_with_no_taskflow_operators.py
[2024-08-09T13:49:44.879-0400] {processor.py:830} INFO - Processing file /Users/jakeliu/we-defend-truth-1/airflow_env/lib/python3.12/site-packages/airflow/example_dags/example_dynamic_task_mapping_with_no_taskflow_operators.py for tasks to queue
[2024-08-09T13:49:44.880-0400] {logging_mixin.py:188} INFO - [2024-08-09T13:49:44.880-0400] {dagbag.py:545} INFO - Filling up the DagBag from /Users/jakeliu/we-defend-truth-1/airflow_env/lib/python3.12/site-packages/airflow/example_dags/example_dynamic_task_mapping_with_no_taskflow_operators.py
[2024-08-09T13:49:44.882-0400] {processor.py:840} INFO - DAG(s) 'example_dynamic_task_mapping_with_no_taskflow_operators' retrieved from /Users/jakeliu/we-defend-truth-1/airflow_env/lib/python3.12/site-packages/airflow/example_dags/example_dynamic_task_mapping_with_no_taskflow_operators.py
[2024-08-09T13:49:44.913-0400] {logging_mixin.py:188} INFO - [2024-08-09T13:49:44.913-0400] {dag.py:3089} INFO - Sync 1 DAGs
[2024-08-09T13:49:44.918-0400] {logging_mixin.py:188} INFO - [2024-08-09T13:49:44.918-0400] {dag.py:3947} INFO - Setting next_dagrun for example_dynamic_task_mapping_with_no_taskflow_operators to 2024-08-08 00:00:00+00:00, run_after=2024-08-09 00:00:00+00:00
[2024-08-09T13:49:44.924-0400] {processor.py:183} INFO - Processing /Users/jakeliu/we-defend-truth-1/airflow_env/lib/python3.12/site-packages/airflow/example_dags/example_dynamic_task_mapping_with_no_taskflow_operators.py took 0.047 seconds
[2024-08-09T13:51:25.910-0400] {processor.py:161} INFO - Started process (PID=24715) to work on /Users/jakeliu/we-defend-truth-1/airflow_env/lib/python3.12/site-packages/airflow/example_dags/example_dynamic_task_mapping_with_no_taskflow_operators.py
[2024-08-09T13:51:25.910-0400] {processor.py:830} INFO - Processing file /Users/jakeliu/we-defend-truth-1/airflow_env/lib/python3.12/site-packages/airflow/example_dags/example_dynamic_task_mapping_with_no_taskflow_operators.py for tasks to queue
[2024-08-09T13:51:25.910-0400] {logging_mixin.py:188} INFO - [2024-08-09T13:51:25.910-0400] {dagbag.py:545} INFO - Filling up the DagBag from /Users/jakeliu/we-defend-truth-1/airflow_env/lib/python3.12/site-packages/airflow/example_dags/example_dynamic_task_mapping_with_no_taskflow_operators.py
[2024-08-09T13:51:25.913-0400] {processor.py:840} INFO - DAG(s) 'example_dynamic_task_mapping_with_no_taskflow_operators' retrieved from /Users/jakeliu/we-defend-truth-1/airflow_env/lib/python3.12/site-packages/airflow/example_dags/example_dynamic_task_mapping_with_no_taskflow_operators.py
[2024-08-09T13:51:25.944-0400] {logging_mixin.py:188} INFO - [2024-08-09T13:51:25.944-0400] {dag.py:3089} INFO - Sync 1 DAGs
[2024-08-09T13:51:25.949-0400] {logging_mixin.py:188} INFO - [2024-08-09T13:51:25.949-0400] {dag.py:3947} INFO - Setting next_dagrun for example_dynamic_task_mapping_with_no_taskflow_operators to 2024-08-08 00:00:00+00:00, run_after=2024-08-09 00:00:00+00:00
[2024-08-09T13:51:25.955-0400] {processor.py:183} INFO - Processing /Users/jakeliu/we-defend-truth-1/airflow_env/lib/python3.12/site-packages/airflow/example_dags/example_dynamic_task_mapping_with_no_taskflow_operators.py took 0.046 seconds
[2024-08-09T13:53:17.163-0400] {processor.py:161} INFO - Started process (PID=24850) to work on /Users/jakeliu/we-defend-truth-1/airflow_env/lib/python3.12/site-packages/airflow/example_dags/example_dynamic_task_mapping_with_no_taskflow_operators.py
[2024-08-09T13:53:17.164-0400] {processor.py:830} INFO - Processing file /Users/jakeliu/we-defend-truth-1/airflow_env/lib/python3.12/site-packages/airflow/example_dags/example_dynamic_task_mapping_with_no_taskflow_operators.py for tasks to queue
[2024-08-09T13:53:17.164-0400] {logging_mixin.py:188} INFO - [2024-08-09T13:53:17.164-0400] {dagbag.py:545} INFO - Filling up the DagBag from /Users/jakeliu/we-defend-truth-1/airflow_env/lib/python3.12/site-packages/airflow/example_dags/example_dynamic_task_mapping_with_no_taskflow_operators.py
[2024-08-09T13:53:17.167-0400] {processor.py:840} INFO - DAG(s) 'example_dynamic_task_mapping_with_no_taskflow_operators' retrieved from /Users/jakeliu/we-defend-truth-1/airflow_env/lib/python3.12/site-packages/airflow/example_dags/example_dynamic_task_mapping_with_no_taskflow_operators.py
[2024-08-09T13:53:17.199-0400] {logging_mixin.py:188} INFO - [2024-08-09T13:53:17.198-0400] {dag.py:3089} INFO - Sync 1 DAGs
[2024-08-09T13:53:17.204-0400] {logging_mixin.py:188} INFO - [2024-08-09T13:53:17.204-0400] {dag.py:3947} INFO - Setting next_dagrun for example_dynamic_task_mapping_with_no_taskflow_operators to 2024-08-08 00:00:00+00:00, run_after=2024-08-09 00:00:00+00:00
[2024-08-09T13:53:17.211-0400] {processor.py:183} INFO - Processing /Users/jakeliu/we-defend-truth-1/airflow_env/lib/python3.12/site-packages/airflow/example_dags/example_dynamic_task_mapping_with_no_taskflow_operators.py took 0.049 seconds
[2024-08-09T13:55:12.118-0400] {processor.py:161} INFO - Started process (PID=24961) to work on /Users/jakeliu/we-defend-truth-1/airflow_env/lib/python3.12/site-packages/airflow/example_dags/example_dynamic_task_mapping_with_no_taskflow_operators.py
[2024-08-09T13:55:12.119-0400] {processor.py:830} INFO - Processing file /Users/jakeliu/we-defend-truth-1/airflow_env/lib/python3.12/site-packages/airflow/example_dags/example_dynamic_task_mapping_with_no_taskflow_operators.py for tasks to queue
[2024-08-09T13:55:12.119-0400] {logging_mixin.py:188} INFO - [2024-08-09T13:55:12.119-0400] {dagbag.py:545} INFO - Filling up the DagBag from /Users/jakeliu/we-defend-truth-1/airflow_env/lib/python3.12/site-packages/airflow/example_dags/example_dynamic_task_mapping_with_no_taskflow_operators.py
[2024-08-09T13:55:12.122-0400] {processor.py:840} INFO - DAG(s) 'example_dynamic_task_mapping_with_no_taskflow_operators' retrieved from /Users/jakeliu/we-defend-truth-1/airflow_env/lib/python3.12/site-packages/airflow/example_dags/example_dynamic_task_mapping_with_no_taskflow_operators.py
[2024-08-09T13:55:12.156-0400] {logging_mixin.py:188} INFO - [2024-08-09T13:55:12.156-0400] {dag.py:3089} INFO - Sync 1 DAGs
[2024-08-09T13:55:12.161-0400] {logging_mixin.py:188} INFO - [2024-08-09T13:55:12.161-0400] {dag.py:3947} INFO - Setting next_dagrun for example_dynamic_task_mapping_with_no_taskflow_operators to 2024-08-08 00:00:00+00:00, run_after=2024-08-09 00:00:00+00:00
[2024-08-09T13:55:12.168-0400] {processor.py:183} INFO - Processing /Users/jakeliu/we-defend-truth-1/airflow_env/lib/python3.12/site-packages/airflow/example_dags/example_dynamic_task_mapping_with_no_taskflow_operators.py took 0.050 seconds
[2024-08-09T13:57:09.430-0400] {processor.py:161} INFO - Started process (PID=25075) to work on /Users/jakeliu/we-defend-truth-1/airflow_env/lib/python3.12/site-packages/airflow/example_dags/example_dynamic_task_mapping_with_no_taskflow_operators.py
[2024-08-09T13:57:09.430-0400] {processor.py:830} INFO - Processing file /Users/jakeliu/we-defend-truth-1/airflow_env/lib/python3.12/site-packages/airflow/example_dags/example_dynamic_task_mapping_with_no_taskflow_operators.py for tasks to queue
[2024-08-09T13:57:09.430-0400] {logging_mixin.py:188} INFO - [2024-08-09T13:57:09.430-0400] {dagbag.py:545} INFO - Filling up the DagBag from /Users/jakeliu/we-defend-truth-1/airflow_env/lib/python3.12/site-packages/airflow/example_dags/example_dynamic_task_mapping_with_no_taskflow_operators.py
[2024-08-09T13:57:09.433-0400] {processor.py:840} INFO - DAG(s) 'example_dynamic_task_mapping_with_no_taskflow_operators' retrieved from /Users/jakeliu/we-defend-truth-1/airflow_env/lib/python3.12/site-packages/airflow/example_dags/example_dynamic_task_mapping_with_no_taskflow_operators.py
[2024-08-09T13:57:09.464-0400] {logging_mixin.py:188} INFO - [2024-08-09T13:57:09.464-0400] {dag.py:3089} INFO - Sync 1 DAGs
[2024-08-09T13:57:09.470-0400] {logging_mixin.py:188} INFO - [2024-08-09T13:57:09.470-0400] {dag.py:3947} INFO - Setting next_dagrun for example_dynamic_task_mapping_with_no_taskflow_operators to 2024-08-08 00:00:00+00:00, run_after=2024-08-09 00:00:00+00:00
[2024-08-09T13:57:09.476-0400] {processor.py:183} INFO - Processing /Users/jakeliu/we-defend-truth-1/airflow_env/lib/python3.12/site-packages/airflow/example_dags/example_dynamic_task_mapping_with_no_taskflow_operators.py took 0.047 seconds
