[2024-08-09T13:04:56.735-0400] {processor.py:161} INFO - Started process (PID=20923) to work on /Users/jakeliu/we-defend-truth-1/airflow_env/lib/python3.12/site-packages/airflow/example_dags/example_dag_decorator.py
[2024-08-09T13:04:56.735-0400] {processor.py:830} INFO - Processing file /Users/jakeliu/we-defend-truth-1/airflow_env/lib/python3.12/site-packages/airflow/example_dags/example_dag_decorator.py for tasks to queue
[2024-08-09T13:04:56.736-0400] {logging_mixin.py:188} INFO - [2024-08-09T13:04:56.736-0400] {dagbag.py:545} INFO - Filling up the DagBag from /Users/jakeliu/we-defend-truth-1/airflow_env/lib/python3.12/site-packages/airflow/example_dags/example_dag_decorator.py
[2024-08-09T13:04:56.804-0400] {processor.py:840} INFO - DAG(s) 'example_dag_decorator' retrieved from /Users/jakeliu/we-defend-truth-1/airflow_env/lib/python3.12/site-packages/airflow/example_dags/example_dag_decorator.py
[2024-08-09T13:04:56.864-0400] {logging_mixin.py:188} INFO - [2024-08-09T13:04:56.863-0400] {dag.py:3089} INFO - Sync 1 DAGs
[2024-08-09T13:04:56.889-0400] {logging_mixin.py:188} INFO - [2024-08-09T13:04:56.889-0400] {dag.py:3947} INFO - Setting next_dagrun for example_dag_decorator to None, run_after=None
[2024-08-09T13:04:56.896-0400] {processor.py:183} INFO - Processing /Users/jakeliu/we-defend-truth-1/airflow_env/lib/python3.12/site-packages/airflow/example_dags/example_dag_decorator.py took 0.162 seconds
[2024-08-09T13:06:46.009-0400] {processor.py:161} INFO - Started process (PID=21054) to work on /Users/jakeliu/we-defend-truth-1/airflow_env/lib/python3.12/site-packages/airflow/example_dags/example_dag_decorator.py
[2024-08-09T13:06:46.010-0400] {processor.py:830} INFO - Processing file /Users/jakeliu/we-defend-truth-1/airflow_env/lib/python3.12/site-packages/airflow/example_dags/example_dag_decorator.py for tasks to queue
[2024-08-09T13:06:46.010-0400] {logging_mixin.py:188} INFO - [2024-08-09T13:06:46.010-0400] {dagbag.py:545} INFO - Filling up the DagBag from /Users/jakeliu/we-defend-truth-1/airflow_env/lib/python3.12/site-packages/airflow/example_dags/example_dag_decorator.py
[2024-08-09T13:06:46.087-0400] {processor.py:840} INFO - DAG(s) 'example_dag_decorator' retrieved from /Users/jakeliu/we-defend-truth-1/airflow_env/lib/python3.12/site-packages/airflow/example_dags/example_dag_decorator.py
[2024-08-09T13:06:46.155-0400] {logging_mixin.py:188} INFO - [2024-08-09T13:06:46.155-0400] {dag.py:3089} INFO - Sync 1 DAGs
[2024-08-09T13:06:46.182-0400] {logging_mixin.py:188} INFO - [2024-08-09T13:06:46.182-0400] {dag.py:3947} INFO - Setting next_dagrun for example_dag_decorator to None, run_after=None
[2024-08-09T13:06:46.188-0400] {processor.py:183} INFO - Processing /Users/jakeliu/we-defend-truth-1/airflow_env/lib/python3.12/site-packages/airflow/example_dags/example_dag_decorator.py took 0.180 seconds
[2024-08-09T13:08:28.851-0400] {processor.py:161} INFO - Started process (PID=21194) to work on /Users/jakeliu/we-defend-truth-1/airflow_env/lib/python3.12/site-packages/airflow/example_dags/example_dag_decorator.py
[2024-08-09T13:08:28.852-0400] {processor.py:830} INFO - Processing file /Users/jakeliu/we-defend-truth-1/airflow_env/lib/python3.12/site-packages/airflow/example_dags/example_dag_decorator.py for tasks to queue
[2024-08-09T13:08:28.853-0400] {logging_mixin.py:188} INFO - [2024-08-09T13:08:28.853-0400] {dagbag.py:545} INFO - Filling up the DagBag from /Users/jakeliu/we-defend-truth-1/airflow_env/lib/python3.12/site-packages/airflow/example_dags/example_dag_decorator.py
[2024-08-09T13:08:28.927-0400] {processor.py:840} INFO - DAG(s) 'example_dag_decorator' retrieved from /Users/jakeliu/we-defend-truth-1/airflow_env/lib/python3.12/site-packages/airflow/example_dags/example_dag_decorator.py
[2024-08-09T13:08:28.993-0400] {logging_mixin.py:188} INFO - [2024-08-09T13:08:28.992-0400] {dag.py:3089} INFO - Sync 1 DAGs
[2024-08-09T13:08:29.018-0400] {logging_mixin.py:188} INFO - [2024-08-09T13:08:29.018-0400] {dag.py:3947} INFO - Setting next_dagrun for example_dag_decorator to None, run_after=None
[2024-08-09T13:08:29.025-0400] {processor.py:183} INFO - Processing /Users/jakeliu/we-defend-truth-1/airflow_env/lib/python3.12/site-packages/airflow/example_dags/example_dag_decorator.py took 0.175 seconds
[2024-08-09T13:10:09.774-0400] {processor.py:161} INFO - Started process (PID=21308) to work on /Users/jakeliu/we-defend-truth-1/airflow_env/lib/python3.12/site-packages/airflow/example_dags/example_dag_decorator.py
[2024-08-09T13:10:09.775-0400] {processor.py:830} INFO - Processing file /Users/jakeliu/we-defend-truth-1/airflow_env/lib/python3.12/site-packages/airflow/example_dags/example_dag_decorator.py for tasks to queue
[2024-08-09T13:10:09.775-0400] {logging_mixin.py:188} INFO - [2024-08-09T13:10:09.775-0400] {dagbag.py:545} INFO - Filling up the DagBag from /Users/jakeliu/we-defend-truth-1/airflow_env/lib/python3.12/site-packages/airflow/example_dags/example_dag_decorator.py
[2024-08-09T13:10:09.852-0400] {processor.py:840} INFO - DAG(s) 'example_dag_decorator' retrieved from /Users/jakeliu/we-defend-truth-1/airflow_env/lib/python3.12/site-packages/airflow/example_dags/example_dag_decorator.py
[2024-08-09T13:10:09.923-0400] {logging_mixin.py:188} INFO - [2024-08-09T13:10:09.923-0400] {dag.py:3089} INFO - Sync 1 DAGs
[2024-08-09T13:10:09.959-0400] {logging_mixin.py:188} INFO - [2024-08-09T13:10:09.959-0400] {dag.py:3947} INFO - Setting next_dagrun for example_dag_decorator to None, run_after=None
[2024-08-09T13:10:09.967-0400] {processor.py:183} INFO - Processing /Users/jakeliu/we-defend-truth-1/airflow_env/lib/python3.12/site-packages/airflow/example_dags/example_dag_decorator.py took 0.194 seconds
[2024-08-09T13:11:55.577-0400] {processor.py:161} INFO - Started process (PID=21414) to work on /Users/jakeliu/we-defend-truth-1/airflow_env/lib/python3.12/site-packages/airflow/example_dags/example_dag_decorator.py
[2024-08-09T13:11:55.578-0400] {processor.py:830} INFO - Processing file /Users/jakeliu/we-defend-truth-1/airflow_env/lib/python3.12/site-packages/airflow/example_dags/example_dag_decorator.py for tasks to queue
[2024-08-09T13:11:55.578-0400] {logging_mixin.py:188} INFO - [2024-08-09T13:11:55.578-0400] {dagbag.py:545} INFO - Filling up the DagBag from /Users/jakeliu/we-defend-truth-1/airflow_env/lib/python3.12/site-packages/airflow/example_dags/example_dag_decorator.py
[2024-08-09T13:11:55.650-0400] {processor.py:840} INFO - DAG(s) 'example_dag_decorator' retrieved from /Users/jakeliu/we-defend-truth-1/airflow_env/lib/python3.12/site-packages/airflow/example_dags/example_dag_decorator.py
[2024-08-09T13:11:55.714-0400] {logging_mixin.py:188} INFO - [2024-08-09T13:11:55.714-0400] {dag.py:3089} INFO - Sync 1 DAGs
[2024-08-09T13:11:55.739-0400] {logging_mixin.py:188} INFO - [2024-08-09T13:11:55.739-0400] {dag.py:3947} INFO - Setting next_dagrun for example_dag_decorator to None, run_after=None
[2024-08-09T13:11:55.746-0400] {processor.py:183} INFO - Processing /Users/jakeliu/we-defend-truth-1/airflow_env/lib/python3.12/site-packages/airflow/example_dags/example_dag_decorator.py took 0.169 seconds
[2024-08-09T13:13:48.335-0400] {processor.py:161} INFO - Started process (PID=21512) to work on /Users/jakeliu/we-defend-truth-1/airflow_env/lib/python3.12/site-packages/airflow/example_dags/example_dag_decorator.py
[2024-08-09T13:13:48.335-0400] {processor.py:830} INFO - Processing file /Users/jakeliu/we-defend-truth-1/airflow_env/lib/python3.12/site-packages/airflow/example_dags/example_dag_decorator.py for tasks to queue
[2024-08-09T13:13:48.336-0400] {logging_mixin.py:188} INFO - [2024-08-09T13:13:48.336-0400] {dagbag.py:545} INFO - Filling up the DagBag from /Users/jakeliu/we-defend-truth-1/airflow_env/lib/python3.12/site-packages/airflow/example_dags/example_dag_decorator.py
[2024-08-09T13:13:48.411-0400] {processor.py:840} INFO - DAG(s) 'example_dag_decorator' retrieved from /Users/jakeliu/we-defend-truth-1/airflow_env/lib/python3.12/site-packages/airflow/example_dags/example_dag_decorator.py
[2024-08-09T13:13:48.476-0400] {logging_mixin.py:188} INFO - [2024-08-09T13:13:48.476-0400] {dag.py:3089} INFO - Sync 1 DAGs
[2024-08-09T13:13:48.501-0400] {logging_mixin.py:188} INFO - [2024-08-09T13:13:48.501-0400] {dag.py:3947} INFO - Setting next_dagrun for example_dag_decorator to None, run_after=None
[2024-08-09T13:13:48.507-0400] {processor.py:183} INFO - Processing /Users/jakeliu/we-defend-truth-1/airflow_env/lib/python3.12/site-packages/airflow/example_dags/example_dag_decorator.py took 0.174 seconds
[2024-08-09T13:15:45.633-0400] {processor.py:161} INFO - Started process (PID=21626) to work on /Users/jakeliu/we-defend-truth-1/airflow_env/lib/python3.12/site-packages/airflow/example_dags/example_dag_decorator.py
[2024-08-09T13:15:45.634-0400] {processor.py:830} INFO - Processing file /Users/jakeliu/we-defend-truth-1/airflow_env/lib/python3.12/site-packages/airflow/example_dags/example_dag_decorator.py for tasks to queue
[2024-08-09T13:15:45.634-0400] {logging_mixin.py:188} INFO - [2024-08-09T13:15:45.634-0400] {dagbag.py:545} INFO - Filling up the DagBag from /Users/jakeliu/we-defend-truth-1/airflow_env/lib/python3.12/site-packages/airflow/example_dags/example_dag_decorator.py
[2024-08-09T13:15:45.709-0400] {processor.py:840} INFO - DAG(s) 'example_dag_decorator' retrieved from /Users/jakeliu/we-defend-truth-1/airflow_env/lib/python3.12/site-packages/airflow/example_dags/example_dag_decorator.py
[2024-08-09T13:15:45.777-0400] {logging_mixin.py:188} INFO - [2024-08-09T13:15:45.776-0400] {dag.py:3089} INFO - Sync 1 DAGs
[2024-08-09T13:15:45.807-0400] {logging_mixin.py:188} INFO - [2024-08-09T13:15:45.807-0400] {dag.py:3947} INFO - Setting next_dagrun for example_dag_decorator to None, run_after=None
[2024-08-09T13:15:45.814-0400] {processor.py:183} INFO - Processing /Users/jakeliu/we-defend-truth-1/airflow_env/lib/python3.12/site-packages/airflow/example_dags/example_dag_decorator.py took 0.182 seconds
[2024-08-09T13:17:34.945-0400] {processor.py:161} INFO - Started process (PID=21794) to work on /Users/jakeliu/we-defend-truth-1/airflow_env/lib/python3.12/site-packages/airflow/example_dags/example_dag_decorator.py
[2024-08-09T13:17:34.945-0400] {processor.py:830} INFO - Processing file /Users/jakeliu/we-defend-truth-1/airflow_env/lib/python3.12/site-packages/airflow/example_dags/example_dag_decorator.py for tasks to queue
[2024-08-09T13:17:34.946-0400] {logging_mixin.py:188} INFO - [2024-08-09T13:17:34.946-0400] {dagbag.py:545} INFO - Filling up the DagBag from /Users/jakeliu/we-defend-truth-1/airflow_env/lib/python3.12/site-packages/airflow/example_dags/example_dag_decorator.py
[2024-08-09T13:17:35.017-0400] {processor.py:840} INFO - DAG(s) 'example_dag_decorator' retrieved from /Users/jakeliu/we-defend-truth-1/airflow_env/lib/python3.12/site-packages/airflow/example_dags/example_dag_decorator.py
[2024-08-09T13:17:35.083-0400] {logging_mixin.py:188} INFO - [2024-08-09T13:17:35.082-0400] {dag.py:3089} INFO - Sync 1 DAGs
[2024-08-09T13:17:35.107-0400] {logging_mixin.py:188} INFO - [2024-08-09T13:17:35.107-0400] {dag.py:3947} INFO - Setting next_dagrun for example_dag_decorator to None, run_after=None
[2024-08-09T13:17:35.114-0400] {processor.py:183} INFO - Processing /Users/jakeliu/we-defend-truth-1/airflow_env/lib/python3.12/site-packages/airflow/example_dags/example_dag_decorator.py took 0.171 seconds
[2024-08-09T13:19:17.034-0400] {processor.py:161} INFO - Started process (PID=21896) to work on /Users/jakeliu/we-defend-truth-1/airflow_env/lib/python3.12/site-packages/airflow/example_dags/example_dag_decorator.py
[2024-08-09T13:19:17.035-0400] {processor.py:830} INFO - Processing file /Users/jakeliu/we-defend-truth-1/airflow_env/lib/python3.12/site-packages/airflow/example_dags/example_dag_decorator.py for tasks to queue
[2024-08-09T13:19:17.035-0400] {logging_mixin.py:188} INFO - [2024-08-09T13:19:17.035-0400] {dagbag.py:545} INFO - Filling up the DagBag from /Users/jakeliu/we-defend-truth-1/airflow_env/lib/python3.12/site-packages/airflow/example_dags/example_dag_decorator.py
[2024-08-09T13:19:17.115-0400] {processor.py:840} INFO - DAG(s) 'example_dag_decorator' retrieved from /Users/jakeliu/we-defend-truth-1/airflow_env/lib/python3.12/site-packages/airflow/example_dags/example_dag_decorator.py
[2024-08-09T13:19:17.191-0400] {logging_mixin.py:188} INFO - [2024-08-09T13:19:17.190-0400] {dag.py:3089} INFO - Sync 1 DAGs
[2024-08-09T13:19:17.222-0400] {logging_mixin.py:188} INFO - [2024-08-09T13:19:17.222-0400] {dag.py:3947} INFO - Setting next_dagrun for example_dag_decorator to None, run_after=None
[2024-08-09T13:19:17.230-0400] {processor.py:183} INFO - Processing /Users/jakeliu/we-defend-truth-1/airflow_env/lib/python3.12/site-packages/airflow/example_dags/example_dag_decorator.py took 0.196 seconds
[2024-08-09T13:20:58.867-0400] {processor.py:161} INFO - Started process (PID=22556) to work on /Users/jakeliu/we-defend-truth-1/airflow_env/lib/python3.12/site-packages/airflow/example_dags/example_dag_decorator.py
[2024-08-09T13:20:58.868-0400] {processor.py:830} INFO - Processing file /Users/jakeliu/we-defend-truth-1/airflow_env/lib/python3.12/site-packages/airflow/example_dags/example_dag_decorator.py for tasks to queue
[2024-08-09T13:20:58.868-0400] {logging_mixin.py:188} INFO - [2024-08-09T13:20:58.868-0400] {dagbag.py:545} INFO - Filling up the DagBag from /Users/jakeliu/we-defend-truth-1/airflow_env/lib/python3.12/site-packages/airflow/example_dags/example_dag_decorator.py
[2024-08-09T13:20:58.938-0400] {processor.py:840} INFO - DAG(s) 'example_dag_decorator' retrieved from /Users/jakeliu/we-defend-truth-1/airflow_env/lib/python3.12/site-packages/airflow/example_dags/example_dag_decorator.py
[2024-08-09T13:20:59.001-0400] {logging_mixin.py:188} INFO - [2024-08-09T13:20:59.001-0400] {dag.py:3089} INFO - Sync 1 DAGs
[2024-08-09T13:20:59.026-0400] {logging_mixin.py:188} INFO - [2024-08-09T13:20:59.026-0400] {dag.py:3947} INFO - Setting next_dagrun for example_dag_decorator to None, run_after=None
[2024-08-09T13:20:59.032-0400] {processor.py:183} INFO - Processing /Users/jakeliu/we-defend-truth-1/airflow_env/lib/python3.12/site-packages/airflow/example_dags/example_dag_decorator.py took 0.166 seconds
[2024-08-09T13:22:42.455-0400] {processor.py:161} INFO - Started process (PID=22671) to work on /Users/jakeliu/we-defend-truth-1/airflow_env/lib/python3.12/site-packages/airflow/example_dags/example_dag_decorator.py
[2024-08-09T13:22:42.456-0400] {processor.py:830} INFO - Processing file /Users/jakeliu/we-defend-truth-1/airflow_env/lib/python3.12/site-packages/airflow/example_dags/example_dag_decorator.py for tasks to queue
[2024-08-09T13:22:42.456-0400] {logging_mixin.py:188} INFO - [2024-08-09T13:22:42.456-0400] {dagbag.py:545} INFO - Filling up the DagBag from /Users/jakeliu/we-defend-truth-1/airflow_env/lib/python3.12/site-packages/airflow/example_dags/example_dag_decorator.py
[2024-08-09T13:22:42.529-0400] {processor.py:840} INFO - DAG(s) 'example_dag_decorator' retrieved from /Users/jakeliu/we-defend-truth-1/airflow_env/lib/python3.12/site-packages/airflow/example_dags/example_dag_decorator.py
[2024-08-09T13:22:42.595-0400] {logging_mixin.py:188} INFO - [2024-08-09T13:22:42.595-0400] {dag.py:3089} INFO - Sync 1 DAGs
[2024-08-09T13:22:42.621-0400] {logging_mixin.py:188} INFO - [2024-08-09T13:22:42.621-0400] {dag.py:3947} INFO - Setting next_dagrun for example_dag_decorator to None, run_after=None
[2024-08-09T13:22:42.627-0400] {processor.py:183} INFO - Processing /Users/jakeliu/we-defend-truth-1/airflow_env/lib/python3.12/site-packages/airflow/example_dags/example_dag_decorator.py took 0.173 seconds
[2024-08-09T13:24:23.331-0400] {processor.py:161} INFO - Started process (PID=22763) to work on /Users/jakeliu/we-defend-truth-1/airflow_env/lib/python3.12/site-packages/airflow/example_dags/example_dag_decorator.py
[2024-08-09T13:24:23.332-0400] {processor.py:830} INFO - Processing file /Users/jakeliu/we-defend-truth-1/airflow_env/lib/python3.12/site-packages/airflow/example_dags/example_dag_decorator.py for tasks to queue
[2024-08-09T13:24:23.332-0400] {logging_mixin.py:188} INFO - [2024-08-09T13:24:23.332-0400] {dagbag.py:545} INFO - Filling up the DagBag from /Users/jakeliu/we-defend-truth-1/airflow_env/lib/python3.12/site-packages/airflow/example_dags/example_dag_decorator.py
[2024-08-09T13:24:23.406-0400] {processor.py:840} INFO - DAG(s) 'example_dag_decorator' retrieved from /Users/jakeliu/we-defend-truth-1/airflow_env/lib/python3.12/site-packages/airflow/example_dags/example_dag_decorator.py
[2024-08-09T13:24:23.474-0400] {logging_mixin.py:188} INFO - [2024-08-09T13:24:23.474-0400] {dag.py:3089} INFO - Sync 1 DAGs
[2024-08-09T13:24:23.499-0400] {logging_mixin.py:188} INFO - [2024-08-09T13:24:23.499-0400] {dag.py:3947} INFO - Setting next_dagrun for example_dag_decorator to None, run_after=None
[2024-08-09T13:24:23.505-0400] {processor.py:183} INFO - Processing /Users/jakeliu/we-defend-truth-1/airflow_env/lib/python3.12/site-packages/airflow/example_dags/example_dag_decorator.py took 0.175 seconds
[2024-08-09T13:26:19.654-0400] {processor.py:161} INFO - Started process (PID=22903) to work on /Users/jakeliu/we-defend-truth-1/airflow_env/lib/python3.12/site-packages/airflow/example_dags/example_dag_decorator.py
[2024-08-09T13:26:19.654-0400] {processor.py:830} INFO - Processing file /Users/jakeliu/we-defend-truth-1/airflow_env/lib/python3.12/site-packages/airflow/example_dags/example_dag_decorator.py for tasks to queue
[2024-08-09T13:26:19.654-0400] {logging_mixin.py:188} INFO - [2024-08-09T13:26:19.654-0400] {dagbag.py:545} INFO - Filling up the DagBag from /Users/jakeliu/we-defend-truth-1/airflow_env/lib/python3.12/site-packages/airflow/example_dags/example_dag_decorator.py
[2024-08-09T13:26:19.727-0400] {processor.py:840} INFO - DAG(s) 'example_dag_decorator' retrieved from /Users/jakeliu/we-defend-truth-1/airflow_env/lib/python3.12/site-packages/airflow/example_dags/example_dag_decorator.py
[2024-08-09T13:26:19.791-0400] {logging_mixin.py:188} INFO - [2024-08-09T13:26:19.790-0400] {dag.py:3089} INFO - Sync 1 DAGs
[2024-08-09T13:26:19.817-0400] {logging_mixin.py:188} INFO - [2024-08-09T13:26:19.817-0400] {dag.py:3947} INFO - Setting next_dagrun for example_dag_decorator to None, run_after=None
[2024-08-09T13:26:19.824-0400] {processor.py:183} INFO - Processing /Users/jakeliu/we-defend-truth-1/airflow_env/lib/python3.12/site-packages/airflow/example_dags/example_dag_decorator.py took 0.171 seconds
