[2024-08-09T13:04:48.254-0400] {processor.py:161} INFO - Started process (PID=20918) to work on /Users/jakeliu/we-defend-truth-1/airflow_env/lib/python3.12/site-packages/airflow/example_dags/example_external_task_marker_dag.py
[2024-08-09T13:04:48.255-0400] {processor.py:830} INFO - Processing file /Users/jakeliu/we-defend-truth-1/airflow_env/lib/python3.12/site-packages/airflow/example_dags/example_external_task_marker_dag.py for tasks to queue
[2024-08-09T13:04:48.255-0400] {logging_mixin.py:188} INFO - [2024-08-09T13:04:48.255-0400] {dagbag.py:545} INFO - Filling up the DagBag from /Users/jakeliu/we-defend-truth-1/airflow_env/lib/python3.12/site-packages/airflow/example_dags/example_external_task_marker_dag.py
[2024-08-09T13:04:48.261-0400] {processor.py:840} INFO - DAG(s) 'example_external_task_marker_parent', 'example_external_task_marker_child' retrieved from /Users/jakeliu/we-defend-truth-1/airflow_env/lib/python3.12/site-packages/airflow/example_dags/example_external_task_marker_dag.py
[2024-08-09T13:04:48.321-0400] {logging_mixin.py:188} INFO - [2024-08-09T13:04:48.321-0400] {dag.py:3089} INFO - Sync 2 DAGs
[2024-08-09T13:04:48.324-0400] {logging_mixin.py:188} INFO - [2024-08-09T13:04:48.323-0400] {dag.py:3947} INFO - Setting next_dagrun for example_external_task_marker_child to None, run_after=None
[2024-08-09T13:04:48.324-0400] {logging_mixin.py:188} INFO - [2024-08-09T13:04:48.324-0400] {dag.py:3947} INFO - Setting next_dagrun for example_external_task_marker_parent to None, run_after=None
[2024-08-09T13:04:48.330-0400] {processor.py:183} INFO - Processing /Users/jakeliu/we-defend-truth-1/airflow_env/lib/python3.12/site-packages/airflow/example_dags/example_external_task_marker_dag.py took 0.077 seconds
[2024-08-09T13:06:37.376-0400] {processor.py:161} INFO - Started process (PID=21043) to work on /Users/jakeliu/we-defend-truth-1/airflow_env/lib/python3.12/site-packages/airflow/example_dags/example_external_task_marker_dag.py
[2024-08-09T13:06:37.376-0400] {processor.py:830} INFO - Processing file /Users/jakeliu/we-defend-truth-1/airflow_env/lib/python3.12/site-packages/airflow/example_dags/example_external_task_marker_dag.py for tasks to queue
[2024-08-09T13:06:37.377-0400] {logging_mixin.py:188} INFO - [2024-08-09T13:06:37.377-0400] {dagbag.py:545} INFO - Filling up the DagBag from /Users/jakeliu/we-defend-truth-1/airflow_env/lib/python3.12/site-packages/airflow/example_dags/example_external_task_marker_dag.py
[2024-08-09T13:06:37.382-0400] {processor.py:840} INFO - DAG(s) 'example_external_task_marker_child', 'example_external_task_marker_parent' retrieved from /Users/jakeliu/we-defend-truth-1/airflow_env/lib/python3.12/site-packages/airflow/example_dags/example_external_task_marker_dag.py
[2024-08-09T13:06:37.415-0400] {logging_mixin.py:188} INFO - [2024-08-09T13:06:37.414-0400] {dag.py:3089} INFO - Sync 2 DAGs
[2024-08-09T13:06:37.418-0400] {logging_mixin.py:188} INFO - [2024-08-09T13:06:37.418-0400] {dag.py:3947} INFO - Setting next_dagrun for example_external_task_marker_child to None, run_after=None
[2024-08-09T13:06:37.419-0400] {logging_mixin.py:188} INFO - [2024-08-09T13:06:37.419-0400] {dag.py:3947} INFO - Setting next_dagrun for example_external_task_marker_parent to None, run_after=None
[2024-08-09T13:06:37.425-0400] {processor.py:183} INFO - Processing /Users/jakeliu/we-defend-truth-1/airflow_env/lib/python3.12/site-packages/airflow/example_dags/example_external_task_marker_dag.py took 0.050 seconds
[2024-08-09T13:08:21.017-0400] {processor.py:161} INFO - Started process (PID=21189) to work on /Users/jakeliu/we-defend-truth-1/airflow_env/lib/python3.12/site-packages/airflow/example_dags/example_external_task_marker_dag.py
[2024-08-09T13:08:21.017-0400] {processor.py:830} INFO - Processing file /Users/jakeliu/we-defend-truth-1/airflow_env/lib/python3.12/site-packages/airflow/example_dags/example_external_task_marker_dag.py for tasks to queue
[2024-08-09T13:08:21.018-0400] {logging_mixin.py:188} INFO - [2024-08-09T13:08:21.018-0400] {dagbag.py:545} INFO - Filling up the DagBag from /Users/jakeliu/we-defend-truth-1/airflow_env/lib/python3.12/site-packages/airflow/example_dags/example_external_task_marker_dag.py
[2024-08-09T13:08:21.023-0400] {processor.py:840} INFO - DAG(s) 'example_external_task_marker_child', 'example_external_task_marker_parent' retrieved from /Users/jakeliu/we-defend-truth-1/airflow_env/lib/python3.12/site-packages/airflow/example_dags/example_external_task_marker_dag.py
[2024-08-09T13:08:21.056-0400] {logging_mixin.py:188} INFO - [2024-08-09T13:08:21.055-0400] {dag.py:3089} INFO - Sync 2 DAGs
[2024-08-09T13:08:21.059-0400] {logging_mixin.py:188} INFO - [2024-08-09T13:08:21.059-0400] {dag.py:3947} INFO - Setting next_dagrun for example_external_task_marker_child to None, run_after=None
[2024-08-09T13:08:21.060-0400] {logging_mixin.py:188} INFO - [2024-08-09T13:08:21.060-0400] {dag.py:3947} INFO - Setting next_dagrun for example_external_task_marker_parent to None, run_after=None
[2024-08-09T13:08:21.065-0400] {processor.py:183} INFO - Processing /Users/jakeliu/we-defend-truth-1/airflow_env/lib/python3.12/site-packages/airflow/example_dags/example_external_task_marker_dag.py took 0.050 seconds
[2024-08-09T13:10:00.789-0400] {processor.py:161} INFO - Started process (PID=21303) to work on /Users/jakeliu/we-defend-truth-1/airflow_env/lib/python3.12/site-packages/airflow/example_dags/example_external_task_marker_dag.py
[2024-08-09T13:10:00.790-0400] {processor.py:830} INFO - Processing file /Users/jakeliu/we-defend-truth-1/airflow_env/lib/python3.12/site-packages/airflow/example_dags/example_external_task_marker_dag.py for tasks to queue
[2024-08-09T13:10:00.790-0400] {logging_mixin.py:188} INFO - [2024-08-09T13:10:00.790-0400] {dagbag.py:545} INFO - Filling up the DagBag from /Users/jakeliu/we-defend-truth-1/airflow_env/lib/python3.12/site-packages/airflow/example_dags/example_external_task_marker_dag.py
[2024-08-09T13:10:00.795-0400] {processor.py:840} INFO - DAG(s) 'example_external_task_marker_parent', 'example_external_task_marker_child' retrieved from /Users/jakeliu/we-defend-truth-1/airflow_env/lib/python3.12/site-packages/airflow/example_dags/example_external_task_marker_dag.py
[2024-08-09T13:10:00.835-0400] {logging_mixin.py:188} INFO - [2024-08-09T13:10:00.835-0400] {dag.py:3089} INFO - Sync 2 DAGs
[2024-08-09T13:10:00.839-0400] {logging_mixin.py:188} INFO - [2024-08-09T13:10:00.839-0400] {dag.py:3947} INFO - Setting next_dagrun for example_external_task_marker_child to None, run_after=None
[2024-08-09T13:10:00.840-0400] {logging_mixin.py:188} INFO - [2024-08-09T13:10:00.840-0400] {dag.py:3947} INFO - Setting next_dagrun for example_external_task_marker_parent to None, run_after=None
[2024-08-09T13:10:00.845-0400] {processor.py:183} INFO - Processing /Users/jakeliu/we-defend-truth-1/airflow_env/lib/python3.12/site-packages/airflow/example_dags/example_external_task_marker_dag.py took 0.057 seconds
[2024-08-09T13:11:48.140-0400] {processor.py:161} INFO - Started process (PID=21409) to work on /Users/jakeliu/we-defend-truth-1/airflow_env/lib/python3.12/site-packages/airflow/example_dags/example_external_task_marker_dag.py
[2024-08-09T13:11:48.141-0400] {processor.py:830} INFO - Processing file /Users/jakeliu/we-defend-truth-1/airflow_env/lib/python3.12/site-packages/airflow/example_dags/example_external_task_marker_dag.py for tasks to queue
[2024-08-09T13:11:48.141-0400] {logging_mixin.py:188} INFO - [2024-08-09T13:11:48.141-0400] {dagbag.py:545} INFO - Filling up the DagBag from /Users/jakeliu/we-defend-truth-1/airflow_env/lib/python3.12/site-packages/airflow/example_dags/example_external_task_marker_dag.py
[2024-08-09T13:11:48.146-0400] {processor.py:840} INFO - DAG(s) 'example_external_task_marker_parent', 'example_external_task_marker_child' retrieved from /Users/jakeliu/we-defend-truth-1/airflow_env/lib/python3.12/site-packages/airflow/example_dags/example_external_task_marker_dag.py
[2024-08-09T13:11:48.178-0400] {logging_mixin.py:188} INFO - [2024-08-09T13:11:48.178-0400] {dag.py:3089} INFO - Sync 2 DAGs
[2024-08-09T13:11:48.181-0400] {logging_mixin.py:188} INFO - [2024-08-09T13:11:48.181-0400] {dag.py:3947} INFO - Setting next_dagrun for example_external_task_marker_child to None, run_after=None
[2024-08-09T13:11:48.183-0400] {logging_mixin.py:188} INFO - [2024-08-09T13:11:48.183-0400] {dag.py:3947} INFO - Setting next_dagrun for example_external_task_marker_parent to None, run_after=None
[2024-08-09T13:11:48.188-0400] {processor.py:183} INFO - Processing /Users/jakeliu/we-defend-truth-1/airflow_env/lib/python3.12/site-packages/airflow/example_dags/example_external_task_marker_dag.py took 0.049 seconds
[2024-08-09T13:13:39.651-0400] {processor.py:161} INFO - Started process (PID=21507) to work on /Users/jakeliu/we-defend-truth-1/airflow_env/lib/python3.12/site-packages/airflow/example_dags/example_external_task_marker_dag.py
[2024-08-09T13:13:39.652-0400] {processor.py:830} INFO - Processing file /Users/jakeliu/we-defend-truth-1/airflow_env/lib/python3.12/site-packages/airflow/example_dags/example_external_task_marker_dag.py for tasks to queue
[2024-08-09T13:13:39.653-0400] {logging_mixin.py:188} INFO - [2024-08-09T13:13:39.652-0400] {dagbag.py:545} INFO - Filling up the DagBag from /Users/jakeliu/we-defend-truth-1/airflow_env/lib/python3.12/site-packages/airflow/example_dags/example_external_task_marker_dag.py
[2024-08-09T13:13:39.662-0400] {processor.py:840} INFO - DAG(s) 'example_external_task_marker_child', 'example_external_task_marker_parent' retrieved from /Users/jakeliu/we-defend-truth-1/airflow_env/lib/python3.12/site-packages/airflow/example_dags/example_external_task_marker_dag.py
[2024-08-09T13:13:39.701-0400] {logging_mixin.py:188} INFO - [2024-08-09T13:13:39.701-0400] {dag.py:3089} INFO - Sync 2 DAGs
[2024-08-09T13:13:39.705-0400] {logging_mixin.py:188} INFO - [2024-08-09T13:13:39.705-0400] {dag.py:3947} INFO - Setting next_dagrun for example_external_task_marker_child to None, run_after=None
[2024-08-09T13:13:39.706-0400] {logging_mixin.py:188} INFO - [2024-08-09T13:13:39.706-0400] {dag.py:3947} INFO - Setting next_dagrun for example_external_task_marker_parent to None, run_after=None
[2024-08-09T13:13:39.711-0400] {processor.py:183} INFO - Processing /Users/jakeliu/we-defend-truth-1/airflow_env/lib/python3.12/site-packages/airflow/example_dags/example_external_task_marker_dag.py took 0.062 seconds
[2024-08-09T13:15:37.039-0400] {processor.py:161} INFO - Started process (PID=21621) to work on /Users/jakeliu/we-defend-truth-1/airflow_env/lib/python3.12/site-packages/airflow/example_dags/example_external_task_marker_dag.py
[2024-08-09T13:15:37.039-0400] {processor.py:830} INFO - Processing file /Users/jakeliu/we-defend-truth-1/airflow_env/lib/python3.12/site-packages/airflow/example_dags/example_external_task_marker_dag.py for tasks to queue
[2024-08-09T13:15:37.040-0400] {logging_mixin.py:188} INFO - [2024-08-09T13:15:37.040-0400] {dagbag.py:545} INFO - Filling up the DagBag from /Users/jakeliu/we-defend-truth-1/airflow_env/lib/python3.12/site-packages/airflow/example_dags/example_external_task_marker_dag.py
[2024-08-09T13:15:37.046-0400] {processor.py:840} INFO - DAG(s) 'example_external_task_marker_parent', 'example_external_task_marker_child' retrieved from /Users/jakeliu/we-defend-truth-1/airflow_env/lib/python3.12/site-packages/airflow/example_dags/example_external_task_marker_dag.py
[2024-08-09T13:15:37.078-0400] {logging_mixin.py:188} INFO - [2024-08-09T13:15:37.078-0400] {dag.py:3089} INFO - Sync 2 DAGs
[2024-08-09T13:15:37.081-0400] {logging_mixin.py:188} INFO - [2024-08-09T13:15:37.081-0400] {dag.py:3947} INFO - Setting next_dagrun for example_external_task_marker_child to None, run_after=None
[2024-08-09T13:15:37.082-0400] {logging_mixin.py:188} INFO - [2024-08-09T13:15:37.082-0400] {dag.py:3947} INFO - Setting next_dagrun for example_external_task_marker_parent to None, run_after=None
[2024-08-09T13:15:37.088-0400] {processor.py:183} INFO - Processing /Users/jakeliu/we-defend-truth-1/airflow_env/lib/python3.12/site-packages/airflow/example_dags/example_external_task_marker_dag.py took 0.050 seconds
[2024-08-09T13:17:27.475-0400] {processor.py:161} INFO - Started process (PID=21789) to work on /Users/jakeliu/we-defend-truth-1/airflow_env/lib/python3.12/site-packages/airflow/example_dags/example_external_task_marker_dag.py
[2024-08-09T13:17:27.476-0400] {processor.py:830} INFO - Processing file /Users/jakeliu/we-defend-truth-1/airflow_env/lib/python3.12/site-packages/airflow/example_dags/example_external_task_marker_dag.py for tasks to queue
[2024-08-09T13:17:27.476-0400] {logging_mixin.py:188} INFO - [2024-08-09T13:17:27.476-0400] {dagbag.py:545} INFO - Filling up the DagBag from /Users/jakeliu/we-defend-truth-1/airflow_env/lib/python3.12/site-packages/airflow/example_dags/example_external_task_marker_dag.py
[2024-08-09T13:17:27.482-0400] {processor.py:840} INFO - DAG(s) 'example_external_task_marker_parent', 'example_external_task_marker_child' retrieved from /Users/jakeliu/we-defend-truth-1/airflow_env/lib/python3.12/site-packages/airflow/example_dags/example_external_task_marker_dag.py
[2024-08-09T13:17:27.514-0400] {logging_mixin.py:188} INFO - [2024-08-09T13:17:27.514-0400] {dag.py:3089} INFO - Sync 2 DAGs
[2024-08-09T13:17:27.517-0400] {logging_mixin.py:188} INFO - [2024-08-09T13:17:27.517-0400] {dag.py:3947} INFO - Setting next_dagrun for example_external_task_marker_child to None, run_after=None
[2024-08-09T13:17:27.518-0400] {logging_mixin.py:188} INFO - [2024-08-09T13:17:27.518-0400] {dag.py:3947} INFO - Setting next_dagrun for example_external_task_marker_parent to None, run_after=None
[2024-08-09T13:17:27.523-0400] {processor.py:183} INFO - Processing /Users/jakeliu/we-defend-truth-1/airflow_env/lib/python3.12/site-packages/airflow/example_dags/example_external_task_marker_dag.py took 0.050 seconds
[2024-08-09T13:19:08.031-0400] {processor.py:161} INFO - Started process (PID=21891) to work on /Users/jakeliu/we-defend-truth-1/airflow_env/lib/python3.12/site-packages/airflow/example_dags/example_external_task_marker_dag.py
[2024-08-09T13:19:08.032-0400] {processor.py:830} INFO - Processing file /Users/jakeliu/we-defend-truth-1/airflow_env/lib/python3.12/site-packages/airflow/example_dags/example_external_task_marker_dag.py for tasks to queue
[2024-08-09T13:19:08.032-0400] {logging_mixin.py:188} INFO - [2024-08-09T13:19:08.032-0400] {dagbag.py:545} INFO - Filling up the DagBag from /Users/jakeliu/we-defend-truth-1/airflow_env/lib/python3.12/site-packages/airflow/example_dags/example_external_task_marker_dag.py
[2024-08-09T13:19:08.038-0400] {processor.py:840} INFO - DAG(s) 'example_external_task_marker_child', 'example_external_task_marker_parent' retrieved from /Users/jakeliu/we-defend-truth-1/airflow_env/lib/python3.12/site-packages/airflow/example_dags/example_external_task_marker_dag.py
[2024-08-09T13:19:08.070-0400] {logging_mixin.py:188} INFO - [2024-08-09T13:19:08.070-0400] {dag.py:3089} INFO - Sync 2 DAGs
[2024-08-09T13:19:08.073-0400] {logging_mixin.py:188} INFO - [2024-08-09T13:19:08.073-0400] {dag.py:3947} INFO - Setting next_dagrun for example_external_task_marker_child to None, run_after=None
[2024-08-09T13:19:08.074-0400] {logging_mixin.py:188} INFO - [2024-08-09T13:19:08.074-0400] {dag.py:3947} INFO - Setting next_dagrun for example_external_task_marker_parent to None, run_after=None
[2024-08-09T13:19:08.080-0400] {processor.py:183} INFO - Processing /Users/jakeliu/we-defend-truth-1/airflow_env/lib/python3.12/site-packages/airflow/example_dags/example_external_task_marker_dag.py took 0.050 seconds
[2024-08-09T13:20:50.523-0400] {processor.py:161} INFO - Started process (PID=22551) to work on /Users/jakeliu/we-defend-truth-1/airflow_env/lib/python3.12/site-packages/airflow/example_dags/example_external_task_marker_dag.py
[2024-08-09T13:20:50.524-0400] {processor.py:830} INFO - Processing file /Users/jakeliu/we-defend-truth-1/airflow_env/lib/python3.12/site-packages/airflow/example_dags/example_external_task_marker_dag.py for tasks to queue
[2024-08-09T13:20:50.524-0400] {logging_mixin.py:188} INFO - [2024-08-09T13:20:50.524-0400] {dagbag.py:545} INFO - Filling up the DagBag from /Users/jakeliu/we-defend-truth-1/airflow_env/lib/python3.12/site-packages/airflow/example_dags/example_external_task_marker_dag.py
[2024-08-09T13:20:50.530-0400] {processor.py:840} INFO - DAG(s) 'example_external_task_marker_child', 'example_external_task_marker_parent' retrieved from /Users/jakeliu/we-defend-truth-1/airflow_env/lib/python3.12/site-packages/airflow/example_dags/example_external_task_marker_dag.py
[2024-08-09T13:20:50.562-0400] {logging_mixin.py:188} INFO - [2024-08-09T13:20:50.562-0400] {dag.py:3089} INFO - Sync 2 DAGs
[2024-08-09T13:20:50.565-0400] {logging_mixin.py:188} INFO - [2024-08-09T13:20:50.565-0400] {dag.py:3947} INFO - Setting next_dagrun for example_external_task_marker_child to None, run_after=None
[2024-08-09T13:20:50.566-0400] {logging_mixin.py:188} INFO - [2024-08-09T13:20:50.566-0400] {dag.py:3947} INFO - Setting next_dagrun for example_external_task_marker_parent to None, run_after=None
[2024-08-09T13:20:50.572-0400] {processor.py:183} INFO - Processing /Users/jakeliu/we-defend-truth-1/airflow_env/lib/python3.12/site-packages/airflow/example_dags/example_external_task_marker_dag.py took 0.050 seconds
[2024-08-09T13:22:33.808-0400] {processor.py:161} INFO - Started process (PID=22652) to work on /Users/jakeliu/we-defend-truth-1/airflow_env/lib/python3.12/site-packages/airflow/example_dags/example_external_task_marker_dag.py
[2024-08-09T13:22:33.809-0400] {processor.py:830} INFO - Processing file /Users/jakeliu/we-defend-truth-1/airflow_env/lib/python3.12/site-packages/airflow/example_dags/example_external_task_marker_dag.py for tasks to queue
[2024-08-09T13:22:33.809-0400] {logging_mixin.py:188} INFO - [2024-08-09T13:22:33.809-0400] {dagbag.py:545} INFO - Filling up the DagBag from /Users/jakeliu/we-defend-truth-1/airflow_env/lib/python3.12/site-packages/airflow/example_dags/example_external_task_marker_dag.py
[2024-08-09T13:22:33.815-0400] {processor.py:840} INFO - DAG(s) 'example_external_task_marker_parent', 'example_external_task_marker_child' retrieved from /Users/jakeliu/we-defend-truth-1/airflow_env/lib/python3.12/site-packages/airflow/example_dags/example_external_task_marker_dag.py
[2024-08-09T13:22:33.847-0400] {logging_mixin.py:188} INFO - [2024-08-09T13:22:33.846-0400] {dag.py:3089} INFO - Sync 2 DAGs
[2024-08-09T13:22:33.850-0400] {logging_mixin.py:188} INFO - [2024-08-09T13:22:33.850-0400] {dag.py:3947} INFO - Setting next_dagrun for example_external_task_marker_child to None, run_after=None
[2024-08-09T13:22:33.851-0400] {logging_mixin.py:188} INFO - [2024-08-09T13:22:33.851-0400] {dag.py:3947} INFO - Setting next_dagrun for example_external_task_marker_parent to None, run_after=None
[2024-08-09T13:22:33.856-0400] {processor.py:183} INFO - Processing /Users/jakeliu/we-defend-truth-1/airflow_env/lib/python3.12/site-packages/airflow/example_dags/example_external_task_marker_dag.py took 0.049 seconds
[2024-08-09T13:24:15.848-0400] {processor.py:161} INFO - Started process (PID=22758) to work on /Users/jakeliu/we-defend-truth-1/airflow_env/lib/python3.12/site-packages/airflow/example_dags/example_external_task_marker_dag.py
[2024-08-09T13:24:15.850-0400] {processor.py:830} INFO - Processing file /Users/jakeliu/we-defend-truth-1/airflow_env/lib/python3.12/site-packages/airflow/example_dags/example_external_task_marker_dag.py for tasks to queue
[2024-08-09T13:24:15.850-0400] {logging_mixin.py:188} INFO - [2024-08-09T13:24:15.850-0400] {dagbag.py:545} INFO - Filling up the DagBag from /Users/jakeliu/we-defend-truth-1/airflow_env/lib/python3.12/site-packages/airflow/example_dags/example_external_task_marker_dag.py
[2024-08-09T13:24:15.855-0400] {processor.py:840} INFO - DAG(s) 'example_external_task_marker_parent', 'example_external_task_marker_child' retrieved from /Users/jakeliu/we-defend-truth-1/airflow_env/lib/python3.12/site-packages/airflow/example_dags/example_external_task_marker_dag.py
[2024-08-09T13:24:15.888-0400] {logging_mixin.py:188} INFO - [2024-08-09T13:24:15.887-0400] {dag.py:3089} INFO - Sync 2 DAGs
[2024-08-09T13:24:15.891-0400] {logging_mixin.py:188} INFO - [2024-08-09T13:24:15.891-0400] {dag.py:3947} INFO - Setting next_dagrun for example_external_task_marker_child to None, run_after=None
[2024-08-09T13:24:15.892-0400] {logging_mixin.py:188} INFO - [2024-08-09T13:24:15.892-0400] {dag.py:3947} INFO - Setting next_dagrun for example_external_task_marker_parent to None, run_after=None
[2024-08-09T13:24:15.897-0400] {processor.py:183} INFO - Processing /Users/jakeliu/we-defend-truth-1/airflow_env/lib/python3.12/site-packages/airflow/example_dags/example_external_task_marker_dag.py took 0.050 seconds
[2024-08-09T13:26:11.052-0400] {processor.py:161} INFO - Started process (PID=22890) to work on /Users/jakeliu/we-defend-truth-1/airflow_env/lib/python3.12/site-packages/airflow/example_dags/example_external_task_marker_dag.py
[2024-08-09T13:26:11.052-0400] {processor.py:830} INFO - Processing file /Users/jakeliu/we-defend-truth-1/airflow_env/lib/python3.12/site-packages/airflow/example_dags/example_external_task_marker_dag.py for tasks to queue
[2024-08-09T13:26:11.052-0400] {logging_mixin.py:188} INFO - [2024-08-09T13:26:11.052-0400] {dagbag.py:545} INFO - Filling up the DagBag from /Users/jakeliu/we-defend-truth-1/airflow_env/lib/python3.12/site-packages/airflow/example_dags/example_external_task_marker_dag.py
[2024-08-09T13:26:11.058-0400] {processor.py:840} INFO - DAG(s) 'example_external_task_marker_child', 'example_external_task_marker_parent' retrieved from /Users/jakeliu/we-defend-truth-1/airflow_env/lib/python3.12/site-packages/airflow/example_dags/example_external_task_marker_dag.py
[2024-08-09T13:26:11.089-0400] {logging_mixin.py:188} INFO - [2024-08-09T13:26:11.089-0400] {dag.py:3089} INFO - Sync 2 DAGs
[2024-08-09T13:26:11.093-0400] {logging_mixin.py:188} INFO - [2024-08-09T13:26:11.093-0400] {dag.py:3947} INFO - Setting next_dagrun for example_external_task_marker_child to None, run_after=None
[2024-08-09T13:26:11.094-0400] {logging_mixin.py:188} INFO - [2024-08-09T13:26:11.094-0400] {dag.py:3947} INFO - Setting next_dagrun for example_external_task_marker_parent to None, run_after=None
[2024-08-09T13:26:11.100-0400] {processor.py:183} INFO - Processing /Users/jakeliu/we-defend-truth-1/airflow_env/lib/python3.12/site-packages/airflow/example_dags/example_external_task_marker_dag.py took 0.050 seconds
[2024-08-09T13:28:08.061-0400] {processor.py:161} INFO - Started process (PID=23115) to work on /Users/jakeliu/we-defend-truth-1/airflow_env/lib/python3.12/site-packages/airflow/example_dags/example_external_task_marker_dag.py
[2024-08-09T13:28:08.062-0400] {processor.py:830} INFO - Processing file /Users/jakeliu/we-defend-truth-1/airflow_env/lib/python3.12/site-packages/airflow/example_dags/example_external_task_marker_dag.py for tasks to queue
[2024-08-09T13:28:08.063-0400] {logging_mixin.py:188} INFO - [2024-08-09T13:28:08.063-0400] {dagbag.py:545} INFO - Filling up the DagBag from /Users/jakeliu/we-defend-truth-1/airflow_env/lib/python3.12/site-packages/airflow/example_dags/example_external_task_marker_dag.py
[2024-08-09T13:28:08.068-0400] {processor.py:840} INFO - DAG(s) 'example_external_task_marker_parent', 'example_external_task_marker_child' retrieved from /Users/jakeliu/we-defend-truth-1/airflow_env/lib/python3.12/site-packages/airflow/example_dags/example_external_task_marker_dag.py
[2024-08-09T13:28:08.100-0400] {logging_mixin.py:188} INFO - [2024-08-09T13:28:08.100-0400] {dag.py:3089} INFO - Sync 2 DAGs
[2024-08-09T13:28:08.103-0400] {logging_mixin.py:188} INFO - [2024-08-09T13:28:08.103-0400] {dag.py:3947} INFO - Setting next_dagrun for example_external_task_marker_child to None, run_after=None
[2024-08-09T13:28:08.104-0400] {logging_mixin.py:188} INFO - [2024-08-09T13:28:08.104-0400] {dag.py:3947} INFO - Setting next_dagrun for example_external_task_marker_parent to None, run_after=None
[2024-08-09T13:28:08.110-0400] {processor.py:183} INFO - Processing /Users/jakeliu/we-defend-truth-1/airflow_env/lib/python3.12/site-packages/airflow/example_dags/example_external_task_marker_dag.py took 0.050 seconds
[2024-08-09T13:29:58.165-0400] {processor.py:161} INFO - Started process (PID=23389) to work on /Users/jakeliu/we-defend-truth-1/airflow_env/lib/python3.12/site-packages/airflow/example_dags/example_external_task_marker_dag.py
[2024-08-09T13:29:58.166-0400] {processor.py:830} INFO - Processing file /Users/jakeliu/we-defend-truth-1/airflow_env/lib/python3.12/site-packages/airflow/example_dags/example_external_task_marker_dag.py for tasks to queue
[2024-08-09T13:29:58.166-0400] {logging_mixin.py:188} INFO - [2024-08-09T13:29:58.166-0400] {dagbag.py:545} INFO - Filling up the DagBag from /Users/jakeliu/we-defend-truth-1/airflow_env/lib/python3.12/site-packages/airflow/example_dags/example_external_task_marker_dag.py
[2024-08-09T13:29:58.172-0400] {processor.py:840} INFO - DAG(s) 'example_external_task_marker_child', 'example_external_task_marker_parent' retrieved from /Users/jakeliu/we-defend-truth-1/airflow_env/lib/python3.12/site-packages/airflow/example_dags/example_external_task_marker_dag.py
[2024-08-09T13:29:58.203-0400] {logging_mixin.py:188} INFO - [2024-08-09T13:29:58.203-0400] {dag.py:3089} INFO - Sync 2 DAGs
[2024-08-09T13:29:58.207-0400] {logging_mixin.py:188} INFO - [2024-08-09T13:29:58.207-0400] {dag.py:3947} INFO - Setting next_dagrun for example_external_task_marker_child to None, run_after=None
[2024-08-09T13:29:58.208-0400] {logging_mixin.py:188} INFO - [2024-08-09T13:29:58.207-0400] {dag.py:3947} INFO - Setting next_dagrun for example_external_task_marker_parent to None, run_after=None
[2024-08-09T13:29:58.213-0400] {processor.py:183} INFO - Processing /Users/jakeliu/we-defend-truth-1/airflow_env/lib/python3.12/site-packages/airflow/example_dags/example_external_task_marker_dag.py took 0.049 seconds
[2024-08-09T13:31:55.075-0400] {processor.py:161} INFO - Started process (PID=23605) to work on /Users/jakeliu/we-defend-truth-1/airflow_env/lib/python3.12/site-packages/airflow/example_dags/example_external_task_marker_dag.py
[2024-08-09T13:31:55.077-0400] {processor.py:830} INFO - Processing file /Users/jakeliu/we-defend-truth-1/airflow_env/lib/python3.12/site-packages/airflow/example_dags/example_external_task_marker_dag.py for tasks to queue
[2024-08-09T13:31:55.077-0400] {logging_mixin.py:188} INFO - [2024-08-09T13:31:55.077-0400] {dagbag.py:545} INFO - Filling up the DagBag from /Users/jakeliu/we-defend-truth-1/airflow_env/lib/python3.12/site-packages/airflow/example_dags/example_external_task_marker_dag.py
[2024-08-09T13:31:55.082-0400] {processor.py:840} INFO - DAG(s) 'example_external_task_marker_parent', 'example_external_task_marker_child' retrieved from /Users/jakeliu/we-defend-truth-1/airflow_env/lib/python3.12/site-packages/airflow/example_dags/example_external_task_marker_dag.py
[2024-08-09T13:31:55.116-0400] {logging_mixin.py:188} INFO - [2024-08-09T13:31:55.115-0400] {dag.py:3089} INFO - Sync 2 DAGs
[2024-08-09T13:31:55.119-0400] {logging_mixin.py:188} INFO - [2024-08-09T13:31:55.119-0400] {dag.py:3947} INFO - Setting next_dagrun for example_external_task_marker_child to None, run_after=None
[2024-08-09T13:31:55.120-0400] {logging_mixin.py:188} INFO - [2024-08-09T13:31:55.120-0400] {dag.py:3947} INFO - Setting next_dagrun for example_external_task_marker_parent to None, run_after=None
[2024-08-09T13:31:55.126-0400] {processor.py:183} INFO - Processing /Users/jakeliu/we-defend-truth-1/airflow_env/lib/python3.12/site-packages/airflow/example_dags/example_external_task_marker_dag.py took 0.052 seconds
[2024-08-09T13:33:49.947-0400] {processor.py:161} INFO - Started process (PID=23717) to work on /Users/jakeliu/we-defend-truth-1/airflow_env/lib/python3.12/site-packages/airflow/example_dags/example_external_task_marker_dag.py
[2024-08-09T13:33:49.947-0400] {processor.py:830} INFO - Processing file /Users/jakeliu/we-defend-truth-1/airflow_env/lib/python3.12/site-packages/airflow/example_dags/example_external_task_marker_dag.py for tasks to queue
[2024-08-09T13:33:49.947-0400] {logging_mixin.py:188} INFO - [2024-08-09T13:33:49.947-0400] {dagbag.py:545} INFO - Filling up the DagBag from /Users/jakeliu/we-defend-truth-1/airflow_env/lib/python3.12/site-packages/airflow/example_dags/example_external_task_marker_dag.py
[2024-08-09T13:33:49.954-0400] {processor.py:840} INFO - DAG(s) 'example_external_task_marker_child', 'example_external_task_marker_parent' retrieved from /Users/jakeliu/we-defend-truth-1/airflow_env/lib/python3.12/site-packages/airflow/example_dags/example_external_task_marker_dag.py
[2024-08-09T13:33:49.992-0400] {logging_mixin.py:188} INFO - [2024-08-09T13:33:49.992-0400] {dag.py:3089} INFO - Sync 2 DAGs
[2024-08-09T13:33:49.997-0400] {logging_mixin.py:188} INFO - [2024-08-09T13:33:49.997-0400] {dag.py:3947} INFO - Setting next_dagrun for example_external_task_marker_child to None, run_after=None
[2024-08-09T13:33:49.998-0400] {logging_mixin.py:188} INFO - [2024-08-09T13:33:49.998-0400] {dag.py:3947} INFO - Setting next_dagrun for example_external_task_marker_parent to None, run_after=None
[2024-08-09T13:33:50.005-0400] {processor.py:183} INFO - Processing /Users/jakeliu/we-defend-truth-1/airflow_env/lib/python3.12/site-packages/airflow/example_dags/example_external_task_marker_dag.py took 0.059 seconds
[2024-08-09T13:35:34.850-0400] {processor.py:161} INFO - Started process (PID=23867) to work on /Users/jakeliu/we-defend-truth-1/airflow_env/lib/python3.12/site-packages/airflow/example_dags/example_external_task_marker_dag.py
[2024-08-09T13:35:34.851-0400] {processor.py:830} INFO - Processing file /Users/jakeliu/we-defend-truth-1/airflow_env/lib/python3.12/site-packages/airflow/example_dags/example_external_task_marker_dag.py for tasks to queue
[2024-08-09T13:35:34.851-0400] {logging_mixin.py:188} INFO - [2024-08-09T13:35:34.851-0400] {dagbag.py:545} INFO - Filling up the DagBag from /Users/jakeliu/we-defend-truth-1/airflow_env/lib/python3.12/site-packages/airflow/example_dags/example_external_task_marker_dag.py
[2024-08-09T13:35:34.857-0400] {processor.py:840} INFO - DAG(s) 'example_external_task_marker_child', 'example_external_task_marker_parent' retrieved from /Users/jakeliu/we-defend-truth-1/airflow_env/lib/python3.12/site-packages/airflow/example_dags/example_external_task_marker_dag.py
[2024-08-09T13:35:34.889-0400] {logging_mixin.py:188} INFO - [2024-08-09T13:35:34.889-0400] {dag.py:3089} INFO - Sync 2 DAGs
[2024-08-09T13:35:34.893-0400] {logging_mixin.py:188} INFO - [2024-08-09T13:35:34.892-0400] {dag.py:3947} INFO - Setting next_dagrun for example_external_task_marker_child to None, run_after=None
[2024-08-09T13:35:34.893-0400] {logging_mixin.py:188} INFO - [2024-08-09T13:35:34.893-0400] {dag.py:3947} INFO - Setting next_dagrun for example_external_task_marker_parent to None, run_after=None
[2024-08-09T13:35:34.899-0400] {processor.py:183} INFO - Processing /Users/jakeliu/we-defend-truth-1/airflow_env/lib/python3.12/site-packages/airflow/example_dags/example_external_task_marker_dag.py took 0.050 seconds
[2024-08-09T13:37:22.359-0400] {processor.py:161} INFO - Started process (PID=23956) to work on /Users/jakeliu/we-defend-truth-1/airflow_env/lib/python3.12/site-packages/airflow/example_dags/example_external_task_marker_dag.py
[2024-08-09T13:37:22.359-0400] {processor.py:830} INFO - Processing file /Users/jakeliu/we-defend-truth-1/airflow_env/lib/python3.12/site-packages/airflow/example_dags/example_external_task_marker_dag.py for tasks to queue
[2024-08-09T13:37:22.360-0400] {logging_mixin.py:188} INFO - [2024-08-09T13:37:22.360-0400] {dagbag.py:545} INFO - Filling up the DagBag from /Users/jakeliu/we-defend-truth-1/airflow_env/lib/python3.12/site-packages/airflow/example_dags/example_external_task_marker_dag.py
[2024-08-09T13:37:22.365-0400] {processor.py:840} INFO - DAG(s) 'example_external_task_marker_parent', 'example_external_task_marker_child' retrieved from /Users/jakeliu/we-defend-truth-1/airflow_env/lib/python3.12/site-packages/airflow/example_dags/example_external_task_marker_dag.py
[2024-08-09T13:37:22.400-0400] {logging_mixin.py:188} INFO - [2024-08-09T13:37:22.400-0400] {dag.py:3089} INFO - Sync 2 DAGs
[2024-08-09T13:37:22.404-0400] {logging_mixin.py:188} INFO - [2024-08-09T13:37:22.404-0400] {dag.py:3947} INFO - Setting next_dagrun for example_external_task_marker_child to None, run_after=None
[2024-08-09T13:37:22.405-0400] {logging_mixin.py:188} INFO - [2024-08-09T13:37:22.405-0400] {dag.py:3947} INFO - Setting next_dagrun for example_external_task_marker_parent to None, run_after=None
[2024-08-09T13:37:22.411-0400] {processor.py:183} INFO - Processing /Users/jakeliu/we-defend-truth-1/airflow_env/lib/python3.12/site-packages/airflow/example_dags/example_external_task_marker_dag.py took 0.053 seconds
[2024-08-09T13:39:19.783-0400] {processor.py:161} INFO - Started process (PID=24034) to work on /Users/jakeliu/we-defend-truth-1/airflow_env/lib/python3.12/site-packages/airflow/example_dags/example_external_task_marker_dag.py
[2024-08-09T13:39:19.787-0400] {processor.py:830} INFO - Processing file /Users/jakeliu/we-defend-truth-1/airflow_env/lib/python3.12/site-packages/airflow/example_dags/example_external_task_marker_dag.py for tasks to queue
[2024-08-09T13:39:19.787-0400] {logging_mixin.py:188} INFO - [2024-08-09T13:39:19.787-0400] {dagbag.py:545} INFO - Filling up the DagBag from /Users/jakeliu/we-defend-truth-1/airflow_env/lib/python3.12/site-packages/airflow/example_dags/example_external_task_marker_dag.py
[2024-08-09T13:39:19.792-0400] {processor.py:840} INFO - DAG(s) 'example_external_task_marker_child', 'example_external_task_marker_parent' retrieved from /Users/jakeliu/we-defend-truth-1/airflow_env/lib/python3.12/site-packages/airflow/example_dags/example_external_task_marker_dag.py
[2024-08-09T13:39:19.825-0400] {logging_mixin.py:188} INFO - [2024-08-09T13:39:19.825-0400] {dag.py:3089} INFO - Sync 2 DAGs
[2024-08-09T13:39:19.828-0400] {logging_mixin.py:188} INFO - [2024-08-09T13:39:19.828-0400] {dag.py:3947} INFO - Setting next_dagrun for example_external_task_marker_child to None, run_after=None
[2024-08-09T13:39:19.829-0400] {logging_mixin.py:188} INFO - [2024-08-09T13:39:19.829-0400] {dag.py:3947} INFO - Setting next_dagrun for example_external_task_marker_parent to None, run_after=None
[2024-08-09T13:39:19.835-0400] {processor.py:183} INFO - Processing /Users/jakeliu/we-defend-truth-1/airflow_env/lib/python3.12/site-packages/airflow/example_dags/example_external_task_marker_dag.py took 0.053 seconds
[2024-08-09T13:41:05.849-0400] {processor.py:161} INFO - Started process (PID=24136) to work on /Users/jakeliu/we-defend-truth-1/airflow_env/lib/python3.12/site-packages/airflow/example_dags/example_external_task_marker_dag.py
[2024-08-09T13:41:05.850-0400] {processor.py:830} INFO - Processing file /Users/jakeliu/we-defend-truth-1/airflow_env/lib/python3.12/site-packages/airflow/example_dags/example_external_task_marker_dag.py for tasks to queue
[2024-08-09T13:41:05.851-0400] {logging_mixin.py:188} INFO - [2024-08-09T13:41:05.851-0400] {dagbag.py:545} INFO - Filling up the DagBag from /Users/jakeliu/we-defend-truth-1/airflow_env/lib/python3.12/site-packages/airflow/example_dags/example_external_task_marker_dag.py
[2024-08-09T13:41:05.856-0400] {processor.py:840} INFO - DAG(s) 'example_external_task_marker_child', 'example_external_task_marker_parent' retrieved from /Users/jakeliu/we-defend-truth-1/airflow_env/lib/python3.12/site-packages/airflow/example_dags/example_external_task_marker_dag.py
[2024-08-09T13:41:05.887-0400] {logging_mixin.py:188} INFO - [2024-08-09T13:41:05.887-0400] {dag.py:3089} INFO - Sync 2 DAGs
[2024-08-09T13:41:05.891-0400] {logging_mixin.py:188} INFO - [2024-08-09T13:41:05.891-0400] {dag.py:3947} INFO - Setting next_dagrun for example_external_task_marker_child to None, run_after=None
[2024-08-09T13:41:05.892-0400] {logging_mixin.py:188} INFO - [2024-08-09T13:41:05.892-0400] {dag.py:3947} INFO - Setting next_dagrun for example_external_task_marker_parent to None, run_after=None
[2024-08-09T13:41:05.897-0400] {processor.py:183} INFO - Processing /Users/jakeliu/we-defend-truth-1/airflow_env/lib/python3.12/site-packages/airflow/example_dags/example_external_task_marker_dag.py took 0.049 seconds
[2024-08-09T13:42:59.319-0400] {processor.py:161} INFO - Started process (PID=24342) to work on /Users/jakeliu/we-defend-truth-1/airflow_env/lib/python3.12/site-packages/airflow/example_dags/example_external_task_marker_dag.py
[2024-08-09T13:42:59.319-0400] {processor.py:830} INFO - Processing file /Users/jakeliu/we-defend-truth-1/airflow_env/lib/python3.12/site-packages/airflow/example_dags/example_external_task_marker_dag.py for tasks to queue
[2024-08-09T13:42:59.320-0400] {logging_mixin.py:188} INFO - [2024-08-09T13:42:59.320-0400] {dagbag.py:545} INFO - Filling up the DagBag from /Users/jakeliu/we-defend-truth-1/airflow_env/lib/python3.12/site-packages/airflow/example_dags/example_external_task_marker_dag.py
[2024-08-09T13:42:59.325-0400] {processor.py:840} INFO - DAG(s) 'example_external_task_marker_child', 'example_external_task_marker_parent' retrieved from /Users/jakeliu/we-defend-truth-1/airflow_env/lib/python3.12/site-packages/airflow/example_dags/example_external_task_marker_dag.py
[2024-08-09T13:42:59.357-0400] {logging_mixin.py:188} INFO - [2024-08-09T13:42:59.357-0400] {dag.py:3089} INFO - Sync 2 DAGs
[2024-08-09T13:42:59.360-0400] {logging_mixin.py:188} INFO - [2024-08-09T13:42:59.360-0400] {dag.py:3947} INFO - Setting next_dagrun for example_external_task_marker_child to None, run_after=None
[2024-08-09T13:42:59.361-0400] {logging_mixin.py:188} INFO - [2024-08-09T13:42:59.361-0400] {dag.py:3947} INFO - Setting next_dagrun for example_external_task_marker_parent to None, run_after=None
[2024-08-09T13:42:59.367-0400] {processor.py:183} INFO - Processing /Users/jakeliu/we-defend-truth-1/airflow_env/lib/python3.12/site-packages/airflow/example_dags/example_external_task_marker_dag.py took 0.049 seconds
[2024-08-09T13:44:40.905-0400] {processor.py:161} INFO - Started process (PID=24411) to work on /Users/jakeliu/we-defend-truth-1/airflow_env/lib/python3.12/site-packages/airflow/example_dags/example_external_task_marker_dag.py
[2024-08-09T13:44:40.907-0400] {processor.py:830} INFO - Processing file /Users/jakeliu/we-defend-truth-1/airflow_env/lib/python3.12/site-packages/airflow/example_dags/example_external_task_marker_dag.py for tasks to queue
[2024-08-09T13:44:40.907-0400] {logging_mixin.py:188} INFO - [2024-08-09T13:44:40.907-0400] {dagbag.py:545} INFO - Filling up the DagBag from /Users/jakeliu/we-defend-truth-1/airflow_env/lib/python3.12/site-packages/airflow/example_dags/example_external_task_marker_dag.py
[2024-08-09T13:44:40.912-0400] {processor.py:840} INFO - DAG(s) 'example_external_task_marker_child', 'example_external_task_marker_parent' retrieved from /Users/jakeliu/we-defend-truth-1/airflow_env/lib/python3.12/site-packages/airflow/example_dags/example_external_task_marker_dag.py
[2024-08-09T13:44:40.944-0400] {logging_mixin.py:188} INFO - [2024-08-09T13:44:40.944-0400] {dag.py:3089} INFO - Sync 2 DAGs
[2024-08-09T13:44:40.947-0400] {logging_mixin.py:188} INFO - [2024-08-09T13:44:40.947-0400] {dag.py:3947} INFO - Setting next_dagrun for example_external_task_marker_child to None, run_after=None
[2024-08-09T13:44:40.948-0400] {logging_mixin.py:188} INFO - [2024-08-09T13:44:40.948-0400] {dag.py:3947} INFO - Setting next_dagrun for example_external_task_marker_parent to None, run_after=None
[2024-08-09T13:44:40.954-0400] {processor.py:183} INFO - Processing /Users/jakeliu/we-defend-truth-1/airflow_env/lib/python3.12/site-packages/airflow/example_dags/example_external_task_marker_dag.py took 0.049 seconds
[2024-08-09T13:46:23.716-0400] {processor.py:161} INFO - Started process (PID=24482) to work on /Users/jakeliu/we-defend-truth-1/airflow_env/lib/python3.12/site-packages/airflow/example_dags/example_external_task_marker_dag.py
[2024-08-09T13:46:23.718-0400] {processor.py:830} INFO - Processing file /Users/jakeliu/we-defend-truth-1/airflow_env/lib/python3.12/site-packages/airflow/example_dags/example_external_task_marker_dag.py for tasks to queue
[2024-08-09T13:46:23.718-0400] {logging_mixin.py:188} INFO - [2024-08-09T13:46:23.718-0400] {dagbag.py:545} INFO - Filling up the DagBag from /Users/jakeliu/we-defend-truth-1/airflow_env/lib/python3.12/site-packages/airflow/example_dags/example_external_task_marker_dag.py
[2024-08-09T13:46:23.724-0400] {processor.py:840} INFO - DAG(s) 'example_external_task_marker_child', 'example_external_task_marker_parent' retrieved from /Users/jakeliu/we-defend-truth-1/airflow_env/lib/python3.12/site-packages/airflow/example_dags/example_external_task_marker_dag.py
[2024-08-09T13:46:23.755-0400] {logging_mixin.py:188} INFO - [2024-08-09T13:46:23.755-0400] {dag.py:3089} INFO - Sync 2 DAGs
[2024-08-09T13:46:23.759-0400] {logging_mixin.py:188} INFO - [2024-08-09T13:46:23.758-0400] {dag.py:3947} INFO - Setting next_dagrun for example_external_task_marker_child to None, run_after=None
[2024-08-09T13:46:23.759-0400] {logging_mixin.py:188} INFO - [2024-08-09T13:46:23.759-0400] {dag.py:3947} INFO - Setting next_dagrun for example_external_task_marker_parent to None, run_after=None
[2024-08-09T13:46:23.766-0400] {processor.py:183} INFO - Processing /Users/jakeliu/we-defend-truth-1/airflow_env/lib/python3.12/site-packages/airflow/example_dags/example_external_task_marker_dag.py took 0.051 seconds
[2024-08-09T13:48:03.175-0400] {processor.py:161} INFO - Started process (PID=24554) to work on /Users/jakeliu/we-defend-truth-1/airflow_env/lib/python3.12/site-packages/airflow/example_dags/example_external_task_marker_dag.py
[2024-08-09T13:48:03.176-0400] {processor.py:830} INFO - Processing file /Users/jakeliu/we-defend-truth-1/airflow_env/lib/python3.12/site-packages/airflow/example_dags/example_external_task_marker_dag.py for tasks to queue
[2024-08-09T13:48:03.177-0400] {logging_mixin.py:188} INFO - [2024-08-09T13:48:03.176-0400] {dagbag.py:545} INFO - Filling up the DagBag from /Users/jakeliu/we-defend-truth-1/airflow_env/lib/python3.12/site-packages/airflow/example_dags/example_external_task_marker_dag.py
[2024-08-09T13:48:03.182-0400] {processor.py:840} INFO - DAG(s) 'example_external_task_marker_child', 'example_external_task_marker_parent' retrieved from /Users/jakeliu/we-defend-truth-1/airflow_env/lib/python3.12/site-packages/airflow/example_dags/example_external_task_marker_dag.py
[2024-08-09T13:48:03.214-0400] {logging_mixin.py:188} INFO - [2024-08-09T13:48:03.214-0400] {dag.py:3089} INFO - Sync 2 DAGs
[2024-08-09T13:48:03.217-0400] {logging_mixin.py:188} INFO - [2024-08-09T13:48:03.217-0400] {dag.py:3947} INFO - Setting next_dagrun for example_external_task_marker_child to None, run_after=None
[2024-08-09T13:48:03.218-0400] {logging_mixin.py:188} INFO - [2024-08-09T13:48:03.218-0400] {dag.py:3947} INFO - Setting next_dagrun for example_external_task_marker_parent to None, run_after=None
[2024-08-09T13:48:03.224-0400] {processor.py:183} INFO - Processing /Users/jakeliu/we-defend-truth-1/airflow_env/lib/python3.12/site-packages/airflow/example_dags/example_external_task_marker_dag.py took 0.050 seconds
[2024-08-09T13:49:43.187-0400] {processor.py:161} INFO - Started process (PID=24625) to work on /Users/jakeliu/we-defend-truth-1/airflow_env/lib/python3.12/site-packages/airflow/example_dags/example_external_task_marker_dag.py
[2024-08-09T13:49:43.188-0400] {processor.py:830} INFO - Processing file /Users/jakeliu/we-defend-truth-1/airflow_env/lib/python3.12/site-packages/airflow/example_dags/example_external_task_marker_dag.py for tasks to queue
[2024-08-09T13:49:43.188-0400] {logging_mixin.py:188} INFO - [2024-08-09T13:49:43.188-0400] {dagbag.py:545} INFO - Filling up the DagBag from /Users/jakeliu/we-defend-truth-1/airflow_env/lib/python3.12/site-packages/airflow/example_dags/example_external_task_marker_dag.py
[2024-08-09T13:49:43.193-0400] {processor.py:840} INFO - DAG(s) 'example_external_task_marker_child', 'example_external_task_marker_parent' retrieved from /Users/jakeliu/we-defend-truth-1/airflow_env/lib/python3.12/site-packages/airflow/example_dags/example_external_task_marker_dag.py
[2024-08-09T13:49:43.225-0400] {logging_mixin.py:188} INFO - [2024-08-09T13:49:43.225-0400] {dag.py:3089} INFO - Sync 2 DAGs
[2024-08-09T13:49:43.228-0400] {logging_mixin.py:188} INFO - [2024-08-09T13:49:43.228-0400] {dag.py:3947} INFO - Setting next_dagrun for example_external_task_marker_child to None, run_after=None
[2024-08-09T13:49:43.229-0400] {logging_mixin.py:188} INFO - [2024-08-09T13:49:43.229-0400] {dag.py:3947} INFO - Setting next_dagrun for example_external_task_marker_parent to None, run_after=None
[2024-08-09T13:49:43.234-0400] {processor.py:183} INFO - Processing /Users/jakeliu/we-defend-truth-1/airflow_env/lib/python3.12/site-packages/airflow/example_dags/example_external_task_marker_dag.py took 0.048 seconds
[2024-08-09T13:51:24.207-0400] {processor.py:161} INFO - Started process (PID=24713) to work on /Users/jakeliu/we-defend-truth-1/airflow_env/lib/python3.12/site-packages/airflow/example_dags/example_external_task_marker_dag.py
[2024-08-09T13:51:24.209-0400] {processor.py:830} INFO - Processing file /Users/jakeliu/we-defend-truth-1/airflow_env/lib/python3.12/site-packages/airflow/example_dags/example_external_task_marker_dag.py for tasks to queue
[2024-08-09T13:51:24.209-0400] {logging_mixin.py:188} INFO - [2024-08-09T13:51:24.209-0400] {dagbag.py:545} INFO - Filling up the DagBag from /Users/jakeliu/we-defend-truth-1/airflow_env/lib/python3.12/site-packages/airflow/example_dags/example_external_task_marker_dag.py
[2024-08-09T13:51:24.215-0400] {processor.py:840} INFO - DAG(s) 'example_external_task_marker_child', 'example_external_task_marker_parent' retrieved from /Users/jakeliu/we-defend-truth-1/airflow_env/lib/python3.12/site-packages/airflow/example_dags/example_external_task_marker_dag.py
[2024-08-09T13:51:24.247-0400] {logging_mixin.py:188} INFO - [2024-08-09T13:51:24.246-0400] {dag.py:3089} INFO - Sync 2 DAGs
[2024-08-09T13:51:24.250-0400] {logging_mixin.py:188} INFO - [2024-08-09T13:51:24.250-0400] {dag.py:3947} INFO - Setting next_dagrun for example_external_task_marker_child to None, run_after=None
[2024-08-09T13:51:24.251-0400] {logging_mixin.py:188} INFO - [2024-08-09T13:51:24.251-0400] {dag.py:3947} INFO - Setting next_dagrun for example_external_task_marker_parent to None, run_after=None
[2024-08-09T13:51:24.257-0400] {processor.py:183} INFO - Processing /Users/jakeliu/we-defend-truth-1/airflow_env/lib/python3.12/site-packages/airflow/example_dags/example_external_task_marker_dag.py took 0.051 seconds
[2024-08-09T13:53:15.426-0400] {processor.py:161} INFO - Started process (PID=24845) to work on /Users/jakeliu/we-defend-truth-1/airflow_env/lib/python3.12/site-packages/airflow/example_dags/example_external_task_marker_dag.py
[2024-08-09T13:53:15.429-0400] {processor.py:830} INFO - Processing file /Users/jakeliu/we-defend-truth-1/airflow_env/lib/python3.12/site-packages/airflow/example_dags/example_external_task_marker_dag.py for tasks to queue
[2024-08-09T13:53:15.429-0400] {logging_mixin.py:188} INFO - [2024-08-09T13:53:15.429-0400] {dagbag.py:545} INFO - Filling up the DagBag from /Users/jakeliu/we-defend-truth-1/airflow_env/lib/python3.12/site-packages/airflow/example_dags/example_external_task_marker_dag.py
[2024-08-09T13:53:15.435-0400] {processor.py:840} INFO - DAG(s) 'example_external_task_marker_parent', 'example_external_task_marker_child' retrieved from /Users/jakeliu/we-defend-truth-1/airflow_env/lib/python3.12/site-packages/airflow/example_dags/example_external_task_marker_dag.py
[2024-08-09T13:53:15.469-0400] {logging_mixin.py:188} INFO - [2024-08-09T13:53:15.468-0400] {dag.py:3089} INFO - Sync 2 DAGs
[2024-08-09T13:53:15.472-0400] {logging_mixin.py:188} INFO - [2024-08-09T13:53:15.472-0400] {dag.py:3947} INFO - Setting next_dagrun for example_external_task_marker_child to None, run_after=None
[2024-08-09T13:53:15.473-0400] {logging_mixin.py:188} INFO - [2024-08-09T13:53:15.473-0400] {dag.py:3947} INFO - Setting next_dagrun for example_external_task_marker_parent to None, run_after=None
[2024-08-09T13:53:15.479-0400] {processor.py:183} INFO - Processing /Users/jakeliu/we-defend-truth-1/airflow_env/lib/python3.12/site-packages/airflow/example_dags/example_external_task_marker_dag.py took 0.053 seconds
[2024-08-09T13:55:10.324-0400] {processor.py:161} INFO - Started process (PID=24950) to work on /Users/jakeliu/we-defend-truth-1/airflow_env/lib/python3.12/site-packages/airflow/example_dags/example_external_task_marker_dag.py
[2024-08-09T13:55:10.325-0400] {processor.py:830} INFO - Processing file /Users/jakeliu/we-defend-truth-1/airflow_env/lib/python3.12/site-packages/airflow/example_dags/example_external_task_marker_dag.py for tasks to queue
[2024-08-09T13:55:10.326-0400] {logging_mixin.py:188} INFO - [2024-08-09T13:55:10.326-0400] {dagbag.py:545} INFO - Filling up the DagBag from /Users/jakeliu/we-defend-truth-1/airflow_env/lib/python3.12/site-packages/airflow/example_dags/example_external_task_marker_dag.py
[2024-08-09T13:55:10.331-0400] {processor.py:840} INFO - DAG(s) 'example_external_task_marker_parent', 'example_external_task_marker_child' retrieved from /Users/jakeliu/we-defend-truth-1/airflow_env/lib/python3.12/site-packages/airflow/example_dags/example_external_task_marker_dag.py
[2024-08-09T13:55:10.363-0400] {logging_mixin.py:188} INFO - [2024-08-09T13:55:10.363-0400] {dag.py:3089} INFO - Sync 2 DAGs
[2024-08-09T13:55:10.367-0400] {logging_mixin.py:188} INFO - [2024-08-09T13:55:10.367-0400] {dag.py:3947} INFO - Setting next_dagrun for example_external_task_marker_child to None, run_after=None
[2024-08-09T13:55:10.368-0400] {logging_mixin.py:188} INFO - [2024-08-09T13:55:10.368-0400] {dag.py:3947} INFO - Setting next_dagrun for example_external_task_marker_parent to None, run_after=None
[2024-08-09T13:55:10.373-0400] {processor.py:183} INFO - Processing /Users/jakeliu/we-defend-truth-1/airflow_env/lib/python3.12/site-packages/airflow/example_dags/example_external_task_marker_dag.py took 0.050 seconds
[2024-08-09T13:57:07.710-0400] {processor.py:161} INFO - Started process (PID=25074) to work on /Users/jakeliu/we-defend-truth-1/airflow_env/lib/python3.12/site-packages/airflow/example_dags/example_external_task_marker_dag.py
[2024-08-09T13:57:07.710-0400] {processor.py:830} INFO - Processing file /Users/jakeliu/we-defend-truth-1/airflow_env/lib/python3.12/site-packages/airflow/example_dags/example_external_task_marker_dag.py for tasks to queue
[2024-08-09T13:57:07.711-0400] {logging_mixin.py:188} INFO - [2024-08-09T13:57:07.710-0400] {dagbag.py:545} INFO - Filling up the DagBag from /Users/jakeliu/we-defend-truth-1/airflow_env/lib/python3.12/site-packages/airflow/example_dags/example_external_task_marker_dag.py
[2024-08-09T13:57:07.716-0400] {processor.py:840} INFO - DAG(s) 'example_external_task_marker_child', 'example_external_task_marker_parent' retrieved from /Users/jakeliu/we-defend-truth-1/airflow_env/lib/python3.12/site-packages/airflow/example_dags/example_external_task_marker_dag.py
[2024-08-09T13:57:07.749-0400] {logging_mixin.py:188} INFO - [2024-08-09T13:57:07.749-0400] {dag.py:3089} INFO - Sync 2 DAGs
[2024-08-09T13:57:07.753-0400] {logging_mixin.py:188} INFO - [2024-08-09T13:57:07.752-0400] {dag.py:3947} INFO - Setting next_dagrun for example_external_task_marker_child to None, run_after=None
[2024-08-09T13:57:07.753-0400] {logging_mixin.py:188} INFO - [2024-08-09T13:57:07.753-0400] {dag.py:3947} INFO - Setting next_dagrun for example_external_task_marker_parent to None, run_after=None
[2024-08-09T13:57:07.759-0400] {processor.py:183} INFO - Processing /Users/jakeliu/we-defend-truth-1/airflow_env/lib/python3.12/site-packages/airflow/example_dags/example_external_task_marker_dag.py took 0.050 seconds
