[2024-08-09T13:04:53.173-0400] {processor.py:161} INFO - Started process (PID=20921) to work on /Users/jakeliu/we-defend-truth-1/airflow_env/lib/python3.12/site-packages/airflow/example_dags/example_display_name.py
[2024-08-09T13:04:53.173-0400] {processor.py:830} INFO - Processing file /Users/jakeliu/we-defend-truth-1/airflow_env/lib/python3.12/site-packages/airflow/example_dags/example_display_name.py for tasks to queue
[2024-08-09T13:04:53.174-0400] {logging_mixin.py:188} INFO - [2024-08-09T13:04:53.173-0400] {dagbag.py:545} INFO - Filling up the DagBag from /Users/jakeliu/we-defend-truth-1/airflow_env/lib/python3.12/site-packages/airflow/example_dags/example_display_name.py
[2024-08-09T13:04:53.188-0400] {processor.py:840} INFO - DAG(s) 'example_display_name' retrieved from /Users/jakeliu/we-defend-truth-1/airflow_env/lib/python3.12/site-packages/airflow/example_dags/example_display_name.py
[2024-08-09T13:04:53.242-0400] {logging_mixin.py:188} INFO - [2024-08-09T13:04:53.242-0400] {dag.py:3089} INFO - Sync 1 DAGs
[2024-08-09T13:04:53.245-0400] {logging_mixin.py:188} INFO - [2024-08-09T13:04:53.245-0400] {dag.py:3947} INFO - Setting next_dagrun for example_display_name to None, run_after=None
[2024-08-09T13:04:53.252-0400] {processor.py:183} INFO - Processing /Users/jakeliu/we-defend-truth-1/airflow_env/lib/python3.12/site-packages/airflow/example_dags/example_display_name.py took 0.080 seconds
[2024-08-09T13:06:42.470-0400] {processor.py:161} INFO - Started process (PID=21050) to work on /Users/jakeliu/we-defend-truth-1/airflow_env/lib/python3.12/site-packages/airflow/example_dags/example_display_name.py
[2024-08-09T13:06:42.470-0400] {processor.py:830} INFO - Processing file /Users/jakeliu/we-defend-truth-1/airflow_env/lib/python3.12/site-packages/airflow/example_dags/example_display_name.py for tasks to queue
[2024-08-09T13:06:42.470-0400] {logging_mixin.py:188} INFO - [2024-08-09T13:06:42.470-0400] {dagbag.py:545} INFO - Filling up the DagBag from /Users/jakeliu/we-defend-truth-1/airflow_env/lib/python3.12/site-packages/airflow/example_dags/example_display_name.py
[2024-08-09T13:06:42.484-0400] {processor.py:840} INFO - DAG(s) 'example_display_name' retrieved from /Users/jakeliu/we-defend-truth-1/airflow_env/lib/python3.12/site-packages/airflow/example_dags/example_display_name.py
[2024-08-09T13:06:42.513-0400] {logging_mixin.py:188} INFO - [2024-08-09T13:06:42.513-0400] {dag.py:3089} INFO - Sync 1 DAGs
[2024-08-09T13:06:42.516-0400] {logging_mixin.py:188} INFO - [2024-08-09T13:06:42.516-0400] {dag.py:3947} INFO - Setting next_dagrun for example_display_name to None, run_after=None
[2024-08-09T13:06:42.522-0400] {processor.py:183} INFO - Processing /Users/jakeliu/we-defend-truth-1/airflow_env/lib/python3.12/site-packages/airflow/example_dags/example_display_name.py took 0.053 seconds
[2024-08-09T13:08:25.660-0400] {processor.py:161} INFO - Started process (PID=21192) to work on /Users/jakeliu/we-defend-truth-1/airflow_env/lib/python3.12/site-packages/airflow/example_dags/example_display_name.py
[2024-08-09T13:08:25.661-0400] {processor.py:830} INFO - Processing file /Users/jakeliu/we-defend-truth-1/airflow_env/lib/python3.12/site-packages/airflow/example_dags/example_display_name.py for tasks to queue
[2024-08-09T13:08:25.661-0400] {logging_mixin.py:188} INFO - [2024-08-09T13:08:25.661-0400] {dagbag.py:545} INFO - Filling up the DagBag from /Users/jakeliu/we-defend-truth-1/airflow_env/lib/python3.12/site-packages/airflow/example_dags/example_display_name.py
[2024-08-09T13:08:25.675-0400] {processor.py:840} INFO - DAG(s) 'example_display_name' retrieved from /Users/jakeliu/we-defend-truth-1/airflow_env/lib/python3.12/site-packages/airflow/example_dags/example_display_name.py
[2024-08-09T13:08:25.706-0400] {logging_mixin.py:188} INFO - [2024-08-09T13:08:25.706-0400] {dag.py:3089} INFO - Sync 1 DAGs
[2024-08-09T13:08:25.709-0400] {logging_mixin.py:188} INFO - [2024-08-09T13:08:25.709-0400] {dag.py:3947} INFO - Setting next_dagrun for example_display_name to None, run_after=None
[2024-08-09T13:08:25.715-0400] {processor.py:183} INFO - Processing /Users/jakeliu/we-defend-truth-1/airflow_env/lib/python3.12/site-packages/airflow/example_dags/example_display_name.py took 0.056 seconds
[2024-08-09T13:10:06.132-0400] {processor.py:161} INFO - Started process (PID=21306) to work on /Users/jakeliu/we-defend-truth-1/airflow_env/lib/python3.12/site-packages/airflow/example_dags/example_display_name.py
[2024-08-09T13:10:06.133-0400] {processor.py:830} INFO - Processing file /Users/jakeliu/we-defend-truth-1/airflow_env/lib/python3.12/site-packages/airflow/example_dags/example_display_name.py for tasks to queue
[2024-08-09T13:10:06.134-0400] {logging_mixin.py:188} INFO - [2024-08-09T13:10:06.133-0400] {dagbag.py:545} INFO - Filling up the DagBag from /Users/jakeliu/we-defend-truth-1/airflow_env/lib/python3.12/site-packages/airflow/example_dags/example_display_name.py
[2024-08-09T13:10:06.149-0400] {processor.py:840} INFO - DAG(s) 'example_display_name' retrieved from /Users/jakeliu/we-defend-truth-1/airflow_env/lib/python3.12/site-packages/airflow/example_dags/example_display_name.py
[2024-08-09T13:10:06.184-0400] {logging_mixin.py:188} INFO - [2024-08-09T13:10:06.184-0400] {dag.py:3089} INFO - Sync 1 DAGs
[2024-08-09T13:10:06.188-0400] {logging_mixin.py:188} INFO - [2024-08-09T13:10:06.188-0400] {dag.py:3947} INFO - Setting next_dagrun for example_display_name to None, run_after=None
[2024-08-09T13:10:06.196-0400] {processor.py:183} INFO - Processing /Users/jakeliu/we-defend-truth-1/airflow_env/lib/python3.12/site-packages/airflow/example_dags/example_display_name.py took 0.064 seconds
[2024-08-09T13:11:52.549-0400] {processor.py:161} INFO - Started process (PID=21412) to work on /Users/jakeliu/we-defend-truth-1/airflow_env/lib/python3.12/site-packages/airflow/example_dags/example_display_name.py
[2024-08-09T13:11:52.550-0400] {processor.py:830} INFO - Processing file /Users/jakeliu/we-defend-truth-1/airflow_env/lib/python3.12/site-packages/airflow/example_dags/example_display_name.py for tasks to queue
[2024-08-09T13:11:52.551-0400] {logging_mixin.py:188} INFO - [2024-08-09T13:11:52.550-0400] {dagbag.py:545} INFO - Filling up the DagBag from /Users/jakeliu/we-defend-truth-1/airflow_env/lib/python3.12/site-packages/airflow/example_dags/example_display_name.py
[2024-08-09T13:11:52.564-0400] {processor.py:840} INFO - DAG(s) 'example_display_name' retrieved from /Users/jakeliu/we-defend-truth-1/airflow_env/lib/python3.12/site-packages/airflow/example_dags/example_display_name.py
[2024-08-09T13:11:52.593-0400] {logging_mixin.py:188} INFO - [2024-08-09T13:11:52.593-0400] {dag.py:3089} INFO - Sync 1 DAGs
[2024-08-09T13:11:52.596-0400] {logging_mixin.py:188} INFO - [2024-08-09T13:11:52.596-0400] {dag.py:3947} INFO - Setting next_dagrun for example_display_name to None, run_after=None
[2024-08-09T13:11:52.602-0400] {processor.py:183} INFO - Processing /Users/jakeliu/we-defend-truth-1/airflow_env/lib/python3.12/site-packages/airflow/example_dags/example_display_name.py took 0.054 seconds
[2024-08-09T13:13:44.903-0400] {processor.py:161} INFO - Started process (PID=21510) to work on /Users/jakeliu/we-defend-truth-1/airflow_env/lib/python3.12/site-packages/airflow/example_dags/example_display_name.py
[2024-08-09T13:13:44.903-0400] {processor.py:830} INFO - Processing file /Users/jakeliu/we-defend-truth-1/airflow_env/lib/python3.12/site-packages/airflow/example_dags/example_display_name.py for tasks to queue
[2024-08-09T13:13:44.903-0400] {logging_mixin.py:188} INFO - [2024-08-09T13:13:44.903-0400] {dagbag.py:545} INFO - Filling up the DagBag from /Users/jakeliu/we-defend-truth-1/airflow_env/lib/python3.12/site-packages/airflow/example_dags/example_display_name.py
[2024-08-09T13:13:44.918-0400] {processor.py:840} INFO - DAG(s) 'example_display_name' retrieved from /Users/jakeliu/we-defend-truth-1/airflow_env/lib/python3.12/site-packages/airflow/example_dags/example_display_name.py
[2024-08-09T13:13:44.948-0400] {logging_mixin.py:188} INFO - [2024-08-09T13:13:44.947-0400] {dag.py:3089} INFO - Sync 1 DAGs
[2024-08-09T13:13:44.951-0400] {logging_mixin.py:188} INFO - [2024-08-09T13:13:44.951-0400] {dag.py:3947} INFO - Setting next_dagrun for example_display_name to None, run_after=None
[2024-08-09T13:13:44.958-0400] {processor.py:183} INFO - Processing /Users/jakeliu/we-defend-truth-1/airflow_env/lib/python3.12/site-packages/airflow/example_dags/example_display_name.py took 0.057 seconds
[2024-08-09T13:15:42.153-0400] {processor.py:161} INFO - Started process (PID=21624) to work on /Users/jakeliu/we-defend-truth-1/airflow_env/lib/python3.12/site-packages/airflow/example_dags/example_display_name.py
[2024-08-09T13:15:42.154-0400] {processor.py:830} INFO - Processing file /Users/jakeliu/we-defend-truth-1/airflow_env/lib/python3.12/site-packages/airflow/example_dags/example_display_name.py for tasks to queue
[2024-08-09T13:15:42.155-0400] {logging_mixin.py:188} INFO - [2024-08-09T13:15:42.155-0400] {dagbag.py:545} INFO - Filling up the DagBag from /Users/jakeliu/we-defend-truth-1/airflow_env/lib/python3.12/site-packages/airflow/example_dags/example_display_name.py
[2024-08-09T13:15:42.168-0400] {processor.py:840} INFO - DAG(s) 'example_display_name' retrieved from /Users/jakeliu/we-defend-truth-1/airflow_env/lib/python3.12/site-packages/airflow/example_dags/example_display_name.py
[2024-08-09T13:15:42.197-0400] {logging_mixin.py:188} INFO - [2024-08-09T13:15:42.197-0400] {dag.py:3089} INFO - Sync 1 DAGs
[2024-08-09T13:15:42.200-0400] {logging_mixin.py:188} INFO - [2024-08-09T13:15:42.199-0400] {dag.py:3947} INFO - Setting next_dagrun for example_display_name to None, run_after=None
[2024-08-09T13:15:42.205-0400] {processor.py:183} INFO - Processing /Users/jakeliu/we-defend-truth-1/airflow_env/lib/python3.12/site-packages/airflow/example_dags/example_display_name.py took 0.053 seconds
[2024-08-09T13:17:32.325-0400] {processor.py:161} INFO - Started process (PID=21792) to work on /Users/jakeliu/we-defend-truth-1/airflow_env/lib/python3.12/site-packages/airflow/example_dags/example_display_name.py
[2024-08-09T13:17:32.326-0400] {processor.py:830} INFO - Processing file /Users/jakeliu/we-defend-truth-1/airflow_env/lib/python3.12/site-packages/airflow/example_dags/example_display_name.py for tasks to queue
[2024-08-09T13:17:32.326-0400] {logging_mixin.py:188} INFO - [2024-08-09T13:17:32.326-0400] {dagbag.py:545} INFO - Filling up the DagBag from /Users/jakeliu/we-defend-truth-1/airflow_env/lib/python3.12/site-packages/airflow/example_dags/example_display_name.py
[2024-08-09T13:17:32.341-0400] {processor.py:840} INFO - DAG(s) 'example_display_name' retrieved from /Users/jakeliu/we-defend-truth-1/airflow_env/lib/python3.12/site-packages/airflow/example_dags/example_display_name.py
[2024-08-09T13:17:32.372-0400] {logging_mixin.py:188} INFO - [2024-08-09T13:17:32.372-0400] {dag.py:3089} INFO - Sync 1 DAGs
[2024-08-09T13:17:32.375-0400] {logging_mixin.py:188} INFO - [2024-08-09T13:17:32.375-0400] {dag.py:3947} INFO - Setting next_dagrun for example_display_name to None, run_after=None
[2024-08-09T13:17:32.381-0400] {processor.py:183} INFO - Processing /Users/jakeliu/we-defend-truth-1/airflow_env/lib/python3.12/site-packages/airflow/example_dags/example_display_name.py took 0.057 seconds
[2024-08-09T13:19:13.427-0400] {processor.py:161} INFO - Started process (PID=21894) to work on /Users/jakeliu/we-defend-truth-1/airflow_env/lib/python3.12/site-packages/airflow/example_dags/example_display_name.py
[2024-08-09T13:19:13.428-0400] {processor.py:830} INFO - Processing file /Users/jakeliu/we-defend-truth-1/airflow_env/lib/python3.12/site-packages/airflow/example_dags/example_display_name.py for tasks to queue
[2024-08-09T13:19:13.428-0400] {logging_mixin.py:188} INFO - [2024-08-09T13:19:13.428-0400] {dagbag.py:545} INFO - Filling up the DagBag from /Users/jakeliu/we-defend-truth-1/airflow_env/lib/python3.12/site-packages/airflow/example_dags/example_display_name.py
[2024-08-09T13:19:13.444-0400] {processor.py:840} INFO - DAG(s) 'example_display_name' retrieved from /Users/jakeliu/we-defend-truth-1/airflow_env/lib/python3.12/site-packages/airflow/example_dags/example_display_name.py
[2024-08-09T13:19:13.477-0400] {logging_mixin.py:188} INFO - [2024-08-09T13:19:13.477-0400] {dag.py:3089} INFO - Sync 1 DAGs
[2024-08-09T13:19:13.481-0400] {logging_mixin.py:188} INFO - [2024-08-09T13:19:13.481-0400] {dag.py:3947} INFO - Setting next_dagrun for example_display_name to None, run_after=None
[2024-08-09T13:19:13.488-0400] {processor.py:183} INFO - Processing /Users/jakeliu/we-defend-truth-1/airflow_env/lib/python3.12/site-packages/airflow/example_dags/example_display_name.py took 0.062 seconds
[2024-08-09T13:20:55.808-0400] {processor.py:161} INFO - Started process (PID=22554) to work on /Users/jakeliu/we-defend-truth-1/airflow_env/lib/python3.12/site-packages/airflow/example_dags/example_display_name.py
[2024-08-09T13:20:55.809-0400] {processor.py:830} INFO - Processing file /Users/jakeliu/we-defend-truth-1/airflow_env/lib/python3.12/site-packages/airflow/example_dags/example_display_name.py for tasks to queue
[2024-08-09T13:20:55.809-0400] {logging_mixin.py:188} INFO - [2024-08-09T13:20:55.809-0400] {dagbag.py:545} INFO - Filling up the DagBag from /Users/jakeliu/we-defend-truth-1/airflow_env/lib/python3.12/site-packages/airflow/example_dags/example_display_name.py
[2024-08-09T13:20:55.824-0400] {processor.py:840} INFO - DAG(s) 'example_display_name' retrieved from /Users/jakeliu/we-defend-truth-1/airflow_env/lib/python3.12/site-packages/airflow/example_dags/example_display_name.py
[2024-08-09T13:20:55.854-0400] {logging_mixin.py:188} INFO - [2024-08-09T13:20:55.854-0400] {dag.py:3089} INFO - Sync 1 DAGs
[2024-08-09T13:20:55.857-0400] {logging_mixin.py:188} INFO - [2024-08-09T13:20:55.857-0400] {dag.py:3947} INFO - Setting next_dagrun for example_display_name to None, run_after=None
[2024-08-09T13:20:55.863-0400] {processor.py:183} INFO - Processing /Users/jakeliu/we-defend-truth-1/airflow_env/lib/python3.12/site-packages/airflow/example_dags/example_display_name.py took 0.056 seconds
[2024-08-09T13:22:38.956-0400] {processor.py:161} INFO - Started process (PID=22656) to work on /Users/jakeliu/we-defend-truth-1/airflow_env/lib/python3.12/site-packages/airflow/example_dags/example_display_name.py
[2024-08-09T13:22:38.957-0400] {processor.py:830} INFO - Processing file /Users/jakeliu/we-defend-truth-1/airflow_env/lib/python3.12/site-packages/airflow/example_dags/example_display_name.py for tasks to queue
[2024-08-09T13:22:38.957-0400] {logging_mixin.py:188} INFO - [2024-08-09T13:22:38.957-0400] {dagbag.py:545} INFO - Filling up the DagBag from /Users/jakeliu/we-defend-truth-1/airflow_env/lib/python3.12/site-packages/airflow/example_dags/example_display_name.py
[2024-08-09T13:22:38.972-0400] {processor.py:840} INFO - DAG(s) 'example_display_name' retrieved from /Users/jakeliu/we-defend-truth-1/airflow_env/lib/python3.12/site-packages/airflow/example_dags/example_display_name.py
[2024-08-09T13:22:39.003-0400] {logging_mixin.py:188} INFO - [2024-08-09T13:22:39.003-0400] {dag.py:3089} INFO - Sync 1 DAGs
[2024-08-09T13:22:39.006-0400] {logging_mixin.py:188} INFO - [2024-08-09T13:22:39.006-0400] {dag.py:3947} INFO - Setting next_dagrun for example_display_name to None, run_after=None
[2024-08-09T13:22:39.012-0400] {processor.py:183} INFO - Processing /Users/jakeliu/we-defend-truth-1/airflow_env/lib/python3.12/site-packages/airflow/example_dags/example_display_name.py took 0.057 seconds
[2024-08-09T13:24:20.275-0400] {processor.py:161} INFO - Started process (PID=22761) to work on /Users/jakeliu/we-defend-truth-1/airflow_env/lib/python3.12/site-packages/airflow/example_dags/example_display_name.py
[2024-08-09T13:24:20.277-0400] {processor.py:830} INFO - Processing file /Users/jakeliu/we-defend-truth-1/airflow_env/lib/python3.12/site-packages/airflow/example_dags/example_display_name.py for tasks to queue
[2024-08-09T13:24:20.277-0400] {logging_mixin.py:188} INFO - [2024-08-09T13:24:20.277-0400] {dagbag.py:545} INFO - Filling up the DagBag from /Users/jakeliu/we-defend-truth-1/airflow_env/lib/python3.12/site-packages/airflow/example_dags/example_display_name.py
[2024-08-09T13:24:20.291-0400] {processor.py:840} INFO - DAG(s) 'example_display_name' retrieved from /Users/jakeliu/we-defend-truth-1/airflow_env/lib/python3.12/site-packages/airflow/example_dags/example_display_name.py
[2024-08-09T13:24:20.321-0400] {logging_mixin.py:188} INFO - [2024-08-09T13:24:20.321-0400] {dag.py:3089} INFO - Sync 1 DAGs
[2024-08-09T13:24:20.324-0400] {logging_mixin.py:188} INFO - [2024-08-09T13:24:20.324-0400] {dag.py:3947} INFO - Setting next_dagrun for example_display_name to None, run_after=None
[2024-08-09T13:24:20.330-0400] {processor.py:183} INFO - Processing /Users/jakeliu/we-defend-truth-1/airflow_env/lib/python3.12/site-packages/airflow/example_dags/example_display_name.py took 0.056 seconds
[2024-08-09T13:26:16.181-0400] {processor.py:161} INFO - Started process (PID=22899) to work on /Users/jakeliu/we-defend-truth-1/airflow_env/lib/python3.12/site-packages/airflow/example_dags/example_display_name.py
[2024-08-09T13:26:16.181-0400] {processor.py:830} INFO - Processing file /Users/jakeliu/we-defend-truth-1/airflow_env/lib/python3.12/site-packages/airflow/example_dags/example_display_name.py for tasks to queue
[2024-08-09T13:26:16.182-0400] {logging_mixin.py:188} INFO - [2024-08-09T13:26:16.182-0400] {dagbag.py:545} INFO - Filling up the DagBag from /Users/jakeliu/we-defend-truth-1/airflow_env/lib/python3.12/site-packages/airflow/example_dags/example_display_name.py
[2024-08-09T13:26:16.195-0400] {processor.py:840} INFO - DAG(s) 'example_display_name' retrieved from /Users/jakeliu/we-defend-truth-1/airflow_env/lib/python3.12/site-packages/airflow/example_dags/example_display_name.py
[2024-08-09T13:26:16.225-0400] {logging_mixin.py:188} INFO - [2024-08-09T13:26:16.225-0400] {dag.py:3089} INFO - Sync 1 DAGs
[2024-08-09T13:26:16.228-0400] {logging_mixin.py:188} INFO - [2024-08-09T13:26:16.228-0400] {dag.py:3947} INFO - Setting next_dagrun for example_display_name to None, run_after=None
[2024-08-09T13:26:16.234-0400] {processor.py:183} INFO - Processing /Users/jakeliu/we-defend-truth-1/airflow_env/lib/python3.12/site-packages/airflow/example_dags/example_display_name.py took 0.054 seconds
