[2024-08-09T13:04:39.202-0400] {processor.py:161} INFO - Started process (PID=20912) to work on /Users/jakeliu/we-defend-truth-1/airflow_env/lib/python3.12/site-packages/airflow/example_dags/example_params_trigger_ui.py
[2024-08-09T13:04:39.202-0400] {processor.py:830} INFO - Processing file /Users/jakeliu/we-defend-truth-1/airflow_env/lib/python3.12/site-packages/airflow/example_dags/example_params_trigger_ui.py for tasks to queue
[2024-08-09T13:04:39.202-0400] {logging_mixin.py:188} INFO - [2024-08-09T13:04:39.202-0400] {dagbag.py:545} INFO - Filling up the DagBag from /Users/jakeliu/we-defend-truth-1/airflow_env/lib/python3.12/site-packages/airflow/example_dags/example_params_trigger_ui.py
[2024-08-09T13:04:39.218-0400] {processor.py:840} INFO - DAG(s) 'example_params_trigger_ui' retrieved from /Users/jakeliu/we-defend-truth-1/airflow_env/lib/python3.12/site-packages/airflow/example_dags/example_params_trigger_ui.py
[2024-08-09T13:04:39.283-0400] {logging_mixin.py:188} INFO - [2024-08-09T13:04:39.283-0400] {dag.py:3089} INFO - Sync 1 DAGs
[2024-08-09T13:04:39.286-0400] {logging_mixin.py:188} INFO - [2024-08-09T13:04:39.286-0400] {dag.py:3947} INFO - Setting next_dagrun for example_params_trigger_ui to None, run_after=None
[2024-08-09T13:04:39.293-0400] {processor.py:183} INFO - Processing /Users/jakeliu/we-defend-truth-1/airflow_env/lib/python3.12/site-packages/airflow/example_dags/example_params_trigger_ui.py took 0.093 seconds
[2024-08-09T13:06:03.855-0400] {processor.py:161} INFO - Started process (PID=21004) to work on /Users/jakeliu/we-defend-truth-1/airflow_env/lib/python3.12/site-packages/airflow/example_dags/example_params_trigger_ui.py
[2024-08-09T13:06:03.856-0400] {processor.py:830} INFO - Processing file /Users/jakeliu/we-defend-truth-1/airflow_env/lib/python3.12/site-packages/airflow/example_dags/example_params_trigger_ui.py for tasks to queue
[2024-08-09T13:06:03.857-0400] {logging_mixin.py:188} INFO - [2024-08-09T13:06:03.857-0400] {dagbag.py:545} INFO - Filling up the DagBag from /Users/jakeliu/we-defend-truth-1/airflow_env/lib/python3.12/site-packages/airflow/example_dags/example_params_trigger_ui.py
[2024-08-09T13:06:03.871-0400] {processor.py:840} INFO - DAG(s) 'example_params_trigger_ui' retrieved from /Users/jakeliu/we-defend-truth-1/airflow_env/lib/python3.12/site-packages/airflow/example_dags/example_params_trigger_ui.py
[2024-08-09T13:06:03.907-0400] {logging_mixin.py:188} INFO - [2024-08-09T13:06:03.907-0400] {dag.py:3089} INFO - Sync 1 DAGs
[2024-08-09T13:06:03.910-0400] {logging_mixin.py:188} INFO - [2024-08-09T13:06:03.910-0400] {dag.py:3947} INFO - Setting next_dagrun for example_params_trigger_ui to None, run_after=None
[2024-08-09T13:06:03.917-0400] {processor.py:183} INFO - Processing /Users/jakeliu/we-defend-truth-1/airflow_env/lib/python3.12/site-packages/airflow/example_dags/example_params_trigger_ui.py took 0.063 seconds
[2024-08-09T13:07:49.764-0400] {processor.py:161} INFO - Started process (PID=21155) to work on /Users/jakeliu/we-defend-truth-1/airflow_env/lib/python3.12/site-packages/airflow/example_dags/example_params_trigger_ui.py
[2024-08-09T13:07:49.765-0400] {processor.py:830} INFO - Processing file /Users/jakeliu/we-defend-truth-1/airflow_env/lib/python3.12/site-packages/airflow/example_dags/example_params_trigger_ui.py for tasks to queue
[2024-08-09T13:07:49.765-0400] {logging_mixin.py:188} INFO - [2024-08-09T13:07:49.765-0400] {dagbag.py:545} INFO - Filling up the DagBag from /Users/jakeliu/we-defend-truth-1/airflow_env/lib/python3.12/site-packages/airflow/example_dags/example_params_trigger_ui.py
[2024-08-09T13:07:49.779-0400] {processor.py:840} INFO - DAG(s) 'example_params_trigger_ui' retrieved from /Users/jakeliu/we-defend-truth-1/airflow_env/lib/python3.12/site-packages/airflow/example_dags/example_params_trigger_ui.py
[2024-08-09T13:07:49.815-0400] {logging_mixin.py:188} INFO - [2024-08-09T13:07:49.815-0400] {dag.py:3089} INFO - Sync 1 DAGs
[2024-08-09T13:07:49.818-0400] {logging_mixin.py:188} INFO - [2024-08-09T13:07:49.818-0400] {dag.py:3947} INFO - Setting next_dagrun for example_params_trigger_ui to None, run_after=None
[2024-08-09T13:07:49.824-0400] {processor.py:183} INFO - Processing /Users/jakeliu/we-defend-truth-1/airflow_env/lib/python3.12/site-packages/airflow/example_dags/example_params_trigger_ui.py took 0.061 seconds
[2024-08-09T13:09:29.865-0400] {processor.py:161} INFO - Started process (PID=21272) to work on /Users/jakeliu/we-defend-truth-1/airflow_env/lib/python3.12/site-packages/airflow/example_dags/example_params_trigger_ui.py
[2024-08-09T13:09:29.865-0400] {processor.py:830} INFO - Processing file /Users/jakeliu/we-defend-truth-1/airflow_env/lib/python3.12/site-packages/airflow/example_dags/example_params_trigger_ui.py for tasks to queue
[2024-08-09T13:09:29.866-0400] {logging_mixin.py:188} INFO - [2024-08-09T13:09:29.866-0400] {dagbag.py:545} INFO - Filling up the DagBag from /Users/jakeliu/we-defend-truth-1/airflow_env/lib/python3.12/site-packages/airflow/example_dags/example_params_trigger_ui.py
[2024-08-09T13:09:29.880-0400] {processor.py:840} INFO - DAG(s) 'example_params_trigger_ui' retrieved from /Users/jakeliu/we-defend-truth-1/airflow_env/lib/python3.12/site-packages/airflow/example_dags/example_params_trigger_ui.py
[2024-08-09T13:09:29.917-0400] {logging_mixin.py:188} INFO - [2024-08-09T13:09:29.917-0400] {dag.py:3089} INFO - Sync 1 DAGs
[2024-08-09T13:09:29.920-0400] {logging_mixin.py:188} INFO - [2024-08-09T13:09:29.920-0400] {dag.py:3947} INFO - Setting next_dagrun for example_params_trigger_ui to None, run_after=None
[2024-08-09T13:09:29.926-0400] {processor.py:183} INFO - Processing /Users/jakeliu/we-defend-truth-1/airflow_env/lib/python3.12/site-packages/airflow/example_dags/example_params_trigger_ui.py took 0.062 seconds
[2024-08-09T13:11:13.532-0400] {processor.py:161} INFO - Started process (PID=21375) to work on /Users/jakeliu/we-defend-truth-1/airflow_env/lib/python3.12/site-packages/airflow/example_dags/example_params_trigger_ui.py
[2024-08-09T13:11:13.533-0400] {processor.py:830} INFO - Processing file /Users/jakeliu/we-defend-truth-1/airflow_env/lib/python3.12/site-packages/airflow/example_dags/example_params_trigger_ui.py for tasks to queue
[2024-08-09T13:11:13.533-0400] {logging_mixin.py:188} INFO - [2024-08-09T13:11:13.533-0400] {dagbag.py:545} INFO - Filling up the DagBag from /Users/jakeliu/we-defend-truth-1/airflow_env/lib/python3.12/site-packages/airflow/example_dags/example_params_trigger_ui.py
[2024-08-09T13:11:13.549-0400] {processor.py:840} INFO - DAG(s) 'example_params_trigger_ui' retrieved from /Users/jakeliu/we-defend-truth-1/airflow_env/lib/python3.12/site-packages/airflow/example_dags/example_params_trigger_ui.py
[2024-08-09T13:11:13.598-0400] {logging_mixin.py:188} INFO - [2024-08-09T13:11:13.598-0400] {dag.py:3089} INFO - Sync 1 DAGs
[2024-08-09T13:11:13.601-0400] {logging_mixin.py:188} INFO - [2024-08-09T13:11:13.601-0400] {dag.py:3947} INFO - Setting next_dagrun for example_params_trigger_ui to None, run_after=None
[2024-08-09T13:11:13.608-0400] {processor.py:183} INFO - Processing /Users/jakeliu/we-defend-truth-1/airflow_env/lib/python3.12/site-packages/airflow/example_dags/example_params_trigger_ui.py took 0.077 seconds
[2024-08-09T13:12:59.869-0400] {processor.py:161} INFO - Started process (PID=21481) to work on /Users/jakeliu/we-defend-truth-1/airflow_env/lib/python3.12/site-packages/airflow/example_dags/example_params_trigger_ui.py
[2024-08-09T13:12:59.869-0400] {processor.py:830} INFO - Processing file /Users/jakeliu/we-defend-truth-1/airflow_env/lib/python3.12/site-packages/airflow/example_dags/example_params_trigger_ui.py for tasks to queue
[2024-08-09T13:12:59.870-0400] {logging_mixin.py:188} INFO - [2024-08-09T13:12:59.870-0400] {dagbag.py:545} INFO - Filling up the DagBag from /Users/jakeliu/we-defend-truth-1/airflow_env/lib/python3.12/site-packages/airflow/example_dags/example_params_trigger_ui.py
[2024-08-09T13:12:59.884-0400] {processor.py:840} INFO - DAG(s) 'example_params_trigger_ui' retrieved from /Users/jakeliu/we-defend-truth-1/airflow_env/lib/python3.12/site-packages/airflow/example_dags/example_params_trigger_ui.py
[2024-08-09T13:12:59.923-0400] {logging_mixin.py:188} INFO - [2024-08-09T13:12:59.923-0400] {dag.py:3089} INFO - Sync 1 DAGs
[2024-08-09T13:12:59.926-0400] {logging_mixin.py:188} INFO - [2024-08-09T13:12:59.926-0400] {dag.py:3947} INFO - Setting next_dagrun for example_params_trigger_ui to None, run_after=None
[2024-08-09T13:12:59.933-0400] {processor.py:183} INFO - Processing /Users/jakeliu/we-defend-truth-1/airflow_env/lib/python3.12/site-packages/airflow/example_dags/example_params_trigger_ui.py took 0.065 seconds
[2024-08-09T13:14:57.500-0400] {processor.py:161} INFO - Started process (PID=21598) to work on /Users/jakeliu/we-defend-truth-1/airflow_env/lib/python3.12/site-packages/airflow/example_dags/example_params_trigger_ui.py
[2024-08-09T13:14:57.501-0400] {processor.py:830} INFO - Processing file /Users/jakeliu/we-defend-truth-1/airflow_env/lib/python3.12/site-packages/airflow/example_dags/example_params_trigger_ui.py for tasks to queue
[2024-08-09T13:14:57.502-0400] {logging_mixin.py:188} INFO - [2024-08-09T13:14:57.501-0400] {dagbag.py:545} INFO - Filling up the DagBag from /Users/jakeliu/we-defend-truth-1/airflow_env/lib/python3.12/site-packages/airflow/example_dags/example_params_trigger_ui.py
[2024-08-09T13:14:57.516-0400] {processor.py:840} INFO - DAG(s) 'example_params_trigger_ui' retrieved from /Users/jakeliu/we-defend-truth-1/airflow_env/lib/python3.12/site-packages/airflow/example_dags/example_params_trigger_ui.py
[2024-08-09T13:14:57.552-0400] {logging_mixin.py:188} INFO - [2024-08-09T13:14:57.552-0400] {dag.py:3089} INFO - Sync 1 DAGs
[2024-08-09T13:14:57.555-0400] {logging_mixin.py:188} INFO - [2024-08-09T13:14:57.555-0400] {dag.py:3947} INFO - Setting next_dagrun for example_params_trigger_ui to None, run_after=None
[2024-08-09T13:14:57.562-0400] {processor.py:183} INFO - Processing /Users/jakeliu/we-defend-truth-1/airflow_env/lib/python3.12/site-packages/airflow/example_dags/example_params_trigger_ui.py took 0.063 seconds
[2024-08-09T13:16:54.191-0400] {processor.py:161} INFO - Started process (PID=21693) to work on /Users/jakeliu/we-defend-truth-1/airflow_env/lib/python3.12/site-packages/airflow/example_dags/example_params_trigger_ui.py
[2024-08-09T13:16:54.192-0400] {processor.py:830} INFO - Processing file /Users/jakeliu/we-defend-truth-1/airflow_env/lib/python3.12/site-packages/airflow/example_dags/example_params_trigger_ui.py for tasks to queue
[2024-08-09T13:16:54.192-0400] {logging_mixin.py:188} INFO - [2024-08-09T13:16:54.192-0400] {dagbag.py:545} INFO - Filling up the DagBag from /Users/jakeliu/we-defend-truth-1/airflow_env/lib/python3.12/site-packages/airflow/example_dags/example_params_trigger_ui.py
[2024-08-09T13:16:54.206-0400] {processor.py:840} INFO - DAG(s) 'example_params_trigger_ui' retrieved from /Users/jakeliu/we-defend-truth-1/airflow_env/lib/python3.12/site-packages/airflow/example_dags/example_params_trigger_ui.py
[2024-08-09T13:16:54.242-0400] {logging_mixin.py:188} INFO - [2024-08-09T13:16:54.242-0400] {dag.py:3089} INFO - Sync 1 DAGs
[2024-08-09T13:16:54.245-0400] {logging_mixin.py:188} INFO - [2024-08-09T13:16:54.245-0400] {dag.py:3947} INFO - Setting next_dagrun for example_params_trigger_ui to None, run_after=None
[2024-08-09T13:16:54.251-0400] {processor.py:183} INFO - Processing /Users/jakeliu/we-defend-truth-1/airflow_env/lib/python3.12/site-packages/airflow/example_dags/example_params_trigger_ui.py took 0.061 seconds
[2024-08-09T13:18:34.924-0400] {processor.py:161} INFO - Started process (PID=21867) to work on /Users/jakeliu/we-defend-truth-1/airflow_env/lib/python3.12/site-packages/airflow/example_dags/example_params_trigger_ui.py
[2024-08-09T13:18:34.925-0400] {processor.py:830} INFO - Processing file /Users/jakeliu/we-defend-truth-1/airflow_env/lib/python3.12/site-packages/airflow/example_dags/example_params_trigger_ui.py for tasks to queue
[2024-08-09T13:18:34.926-0400] {logging_mixin.py:188} INFO - [2024-08-09T13:18:34.925-0400] {dagbag.py:545} INFO - Filling up the DagBag from /Users/jakeliu/we-defend-truth-1/airflow_env/lib/python3.12/site-packages/airflow/example_dags/example_params_trigger_ui.py
[2024-08-09T13:18:34.940-0400] {processor.py:840} INFO - DAG(s) 'example_params_trigger_ui' retrieved from /Users/jakeliu/we-defend-truth-1/airflow_env/lib/python3.12/site-packages/airflow/example_dags/example_params_trigger_ui.py
[2024-08-09T13:18:34.976-0400] {logging_mixin.py:188} INFO - [2024-08-09T13:18:34.976-0400] {dag.py:3089} INFO - Sync 1 DAGs
[2024-08-09T13:18:34.979-0400] {logging_mixin.py:188} INFO - [2024-08-09T13:18:34.979-0400] {dag.py:3947} INFO - Setting next_dagrun for example_params_trigger_ui to None, run_after=None
[2024-08-09T13:18:34.985-0400] {processor.py:183} INFO - Processing /Users/jakeliu/we-defend-truth-1/airflow_env/lib/python3.12/site-packages/airflow/example_dags/example_params_trigger_ui.py took 0.062 seconds
[2024-08-09T13:20:17.609-0400] {processor.py:161} INFO - Started process (PID=21980) to work on /Users/jakeliu/we-defend-truth-1/airflow_env/lib/python3.12/site-packages/airflow/example_dags/example_params_trigger_ui.py
[2024-08-09T13:20:17.610-0400] {processor.py:830} INFO - Processing file /Users/jakeliu/we-defend-truth-1/airflow_env/lib/python3.12/site-packages/airflow/example_dags/example_params_trigger_ui.py for tasks to queue
[2024-08-09T13:20:17.610-0400] {logging_mixin.py:188} INFO - [2024-08-09T13:20:17.610-0400] {dagbag.py:545} INFO - Filling up the DagBag from /Users/jakeliu/we-defend-truth-1/airflow_env/lib/python3.12/site-packages/airflow/example_dags/example_params_trigger_ui.py
[2024-08-09T13:20:17.626-0400] {processor.py:840} INFO - DAG(s) 'example_params_trigger_ui' retrieved from /Users/jakeliu/we-defend-truth-1/airflow_env/lib/python3.12/site-packages/airflow/example_dags/example_params_trigger_ui.py
[2024-08-09T13:20:17.666-0400] {logging_mixin.py:188} INFO - [2024-08-09T13:20:17.665-0400] {dag.py:3089} INFO - Sync 1 DAGs
[2024-08-09T13:20:17.669-0400] {logging_mixin.py:188} INFO - [2024-08-09T13:20:17.669-0400] {dag.py:3947} INFO - Setting next_dagrun for example_params_trigger_ui to None, run_after=None
[2024-08-09T13:20:17.676-0400] {processor.py:183} INFO - Processing /Users/jakeliu/we-defend-truth-1/airflow_env/lib/python3.12/site-packages/airflow/example_dags/example_params_trigger_ui.py took 0.067 seconds
[2024-08-09T13:22:00.154-0400] {processor.py:161} INFO - Started process (PID=22618) to work on /Users/jakeliu/we-defend-truth-1/airflow_env/lib/python3.12/site-packages/airflow/example_dags/example_params_trigger_ui.py
[2024-08-09T13:22:00.155-0400] {processor.py:830} INFO - Processing file /Users/jakeliu/we-defend-truth-1/airflow_env/lib/python3.12/site-packages/airflow/example_dags/example_params_trigger_ui.py for tasks to queue
[2024-08-09T13:22:00.155-0400] {logging_mixin.py:188} INFO - [2024-08-09T13:22:00.155-0400] {dagbag.py:545} INFO - Filling up the DagBag from /Users/jakeliu/we-defend-truth-1/airflow_env/lib/python3.12/site-packages/airflow/example_dags/example_params_trigger_ui.py
[2024-08-09T13:22:00.170-0400] {processor.py:840} INFO - DAG(s) 'example_params_trigger_ui' retrieved from /Users/jakeliu/we-defend-truth-1/airflow_env/lib/python3.12/site-packages/airflow/example_dags/example_params_trigger_ui.py
[2024-08-09T13:22:00.207-0400] {logging_mixin.py:188} INFO - [2024-08-09T13:22:00.206-0400] {dag.py:3089} INFO - Sync 1 DAGs
[2024-08-09T13:22:00.209-0400] {logging_mixin.py:188} INFO - [2024-08-09T13:22:00.209-0400] {dag.py:3947} INFO - Setting next_dagrun for example_params_trigger_ui to None, run_after=None
[2024-08-09T13:22:00.215-0400] {processor.py:183} INFO - Processing /Users/jakeliu/we-defend-truth-1/airflow_env/lib/python3.12/site-packages/airflow/example_dags/example_params_trigger_ui.py took 0.063 seconds
[2024-08-09T13:23:42.837-0400] {processor.py:161} INFO - Started process (PID=22717) to work on /Users/jakeliu/we-defend-truth-1/airflow_env/lib/python3.12/site-packages/airflow/example_dags/example_params_trigger_ui.py
[2024-08-09T13:23:42.839-0400] {processor.py:830} INFO - Processing file /Users/jakeliu/we-defend-truth-1/airflow_env/lib/python3.12/site-packages/airflow/example_dags/example_params_trigger_ui.py for tasks to queue
[2024-08-09T13:23:42.840-0400] {logging_mixin.py:188} INFO - [2024-08-09T13:23:42.840-0400] {dagbag.py:545} INFO - Filling up the DagBag from /Users/jakeliu/we-defend-truth-1/airflow_env/lib/python3.12/site-packages/airflow/example_dags/example_params_trigger_ui.py
[2024-08-09T13:23:42.854-0400] {processor.py:840} INFO - DAG(s) 'example_params_trigger_ui' retrieved from /Users/jakeliu/we-defend-truth-1/airflow_env/lib/python3.12/site-packages/airflow/example_dags/example_params_trigger_ui.py
[2024-08-09T13:23:42.891-0400] {logging_mixin.py:188} INFO - [2024-08-09T13:23:42.891-0400] {dag.py:3089} INFO - Sync 1 DAGs
[2024-08-09T13:23:42.894-0400] {logging_mixin.py:188} INFO - [2024-08-09T13:23:42.894-0400] {dag.py:3947} INFO - Setting next_dagrun for example_params_trigger_ui to None, run_after=None
[2024-08-09T13:23:42.900-0400] {processor.py:183} INFO - Processing /Users/jakeliu/we-defend-truth-1/airflow_env/lib/python3.12/site-packages/airflow/example_dags/example_params_trigger_ui.py took 0.064 seconds
[2024-08-09T13:25:31.314-0400] {processor.py:161} INFO - Started process (PID=22850) to work on /Users/jakeliu/we-defend-truth-1/airflow_env/lib/python3.12/site-packages/airflow/example_dags/example_params_trigger_ui.py
[2024-08-09T13:25:31.315-0400] {processor.py:830} INFO - Processing file /Users/jakeliu/we-defend-truth-1/airflow_env/lib/python3.12/site-packages/airflow/example_dags/example_params_trigger_ui.py for tasks to queue
[2024-08-09T13:25:31.316-0400] {logging_mixin.py:188} INFO - [2024-08-09T13:25:31.316-0400] {dagbag.py:545} INFO - Filling up the DagBag from /Users/jakeliu/we-defend-truth-1/airflow_env/lib/python3.12/site-packages/airflow/example_dags/example_params_trigger_ui.py
[2024-08-09T13:25:31.331-0400] {processor.py:840} INFO - DAG(s) 'example_params_trigger_ui' retrieved from /Users/jakeliu/we-defend-truth-1/airflow_env/lib/python3.12/site-packages/airflow/example_dags/example_params_trigger_ui.py
[2024-08-09T13:25:31.369-0400] {logging_mixin.py:188} INFO - [2024-08-09T13:25:31.369-0400] {dag.py:3089} INFO - Sync 1 DAGs
[2024-08-09T13:25:31.372-0400] {logging_mixin.py:188} INFO - [2024-08-09T13:25:31.372-0400] {dag.py:3947} INFO - Setting next_dagrun for example_params_trigger_ui to None, run_after=None
[2024-08-09T13:25:31.378-0400] {processor.py:183} INFO - Processing /Users/jakeliu/we-defend-truth-1/airflow_env/lib/python3.12/site-packages/airflow/example_dags/example_params_trigger_ui.py took 0.065 seconds
[2024-08-09T13:27:28.602-0400] {processor.py:161} INFO - Started process (PID=22959) to work on /Users/jakeliu/we-defend-truth-1/airflow_env/lib/python3.12/site-packages/airflow/example_dags/example_params_trigger_ui.py
[2024-08-09T13:27:28.603-0400] {processor.py:830} INFO - Processing file /Users/jakeliu/we-defend-truth-1/airflow_env/lib/python3.12/site-packages/airflow/example_dags/example_params_trigger_ui.py for tasks to queue
[2024-08-09T13:27:28.604-0400] {logging_mixin.py:188} INFO - [2024-08-09T13:27:28.604-0400] {dagbag.py:545} INFO - Filling up the DagBag from /Users/jakeliu/we-defend-truth-1/airflow_env/lib/python3.12/site-packages/airflow/example_dags/example_params_trigger_ui.py
[2024-08-09T13:27:28.618-0400] {processor.py:840} INFO - DAG(s) 'example_params_trigger_ui' retrieved from /Users/jakeliu/we-defend-truth-1/airflow_env/lib/python3.12/site-packages/airflow/example_dags/example_params_trigger_ui.py
[2024-08-09T13:27:28.654-0400] {logging_mixin.py:188} INFO - [2024-08-09T13:27:28.654-0400] {dag.py:3089} INFO - Sync 1 DAGs
[2024-08-09T13:27:28.657-0400] {logging_mixin.py:188} INFO - [2024-08-09T13:27:28.657-0400] {dag.py:3947} INFO - Setting next_dagrun for example_params_trigger_ui to None, run_after=None
[2024-08-09T13:27:28.663-0400] {processor.py:183} INFO - Processing /Users/jakeliu/we-defend-truth-1/airflow_env/lib/python3.12/site-packages/airflow/example_dags/example_params_trigger_ui.py took 0.062 seconds
