[2024-08-09T13:04:19.100-0400] {processor.py:161} INFO - Started process (PID=20899) to work on /Users/jakeliu/we-defend-truth-1/airflow_env/lib/python3.12/site-packages/airflow/example_dags/example_sla_dag.py
[2024-08-09T13:04:19.101-0400] {processor.py:830} INFO - Processing file /Users/jakeliu/we-defend-truth-1/airflow_env/lib/python3.12/site-packages/airflow/example_dags/example_sla_dag.py for tasks to queue
[2024-08-09T13:04:19.101-0400] {logging_mixin.py:188} INFO - [2024-08-09T13:04:19.101-0400] {dagbag.py:545} INFO - Filling up the DagBag from /Users/jakeliu/we-defend-truth-1/airflow_env/lib/python3.12/site-packages/airflow/example_dags/example_sla_dag.py
[2024-08-09T13:04:19.119-0400] {processor.py:840} INFO - DAG(s) 'example_sla_dag' retrieved from /Users/jakeliu/we-defend-truth-1/airflow_env/lib/python3.12/site-packages/airflow/example_dags/example_sla_dag.py
[2024-08-09T13:04:19.181-0400] {logging_mixin.py:188} INFO - [2024-08-09T13:04:19.181-0400] {dag.py:3089} INFO - Sync 1 DAGs
[2024-08-09T13:04:19.188-0400] {logging_mixin.py:188} INFO - [2024-08-09T13:04:19.188-0400] {dag.py:3947} INFO - Setting next_dagrun for example_sla_dag to 2024-08-09 17:02:00+00:00, run_after=2024-08-09 17:04:00+00:00
[2024-08-09T13:04:19.195-0400] {processor.py:183} INFO - Processing /Users/jakeliu/we-defend-truth-1/airflow_env/lib/python3.12/site-packages/airflow/example_dags/example_sla_dag.py took 0.096 seconds
[2024-08-09T13:05:45.362-0400] {processor.py:161} INFO - Started process (PID=20980) to work on /Users/jakeliu/we-defend-truth-1/airflow_env/lib/python3.12/site-packages/airflow/example_dags/example_sla_dag.py
[2024-08-09T13:05:45.363-0400] {processor.py:830} INFO - Processing file /Users/jakeliu/we-defend-truth-1/airflow_env/lib/python3.12/site-packages/airflow/example_dags/example_sla_dag.py for tasks to queue
[2024-08-09T13:05:45.364-0400] {logging_mixin.py:188} INFO - [2024-08-09T13:05:45.364-0400] {dagbag.py:545} INFO - Filling up the DagBag from /Users/jakeliu/we-defend-truth-1/airflow_env/lib/python3.12/site-packages/airflow/example_dags/example_sla_dag.py
[2024-08-09T13:05:45.379-0400] {processor.py:840} INFO - DAG(s) 'example_sla_dag' retrieved from /Users/jakeliu/we-defend-truth-1/airflow_env/lib/python3.12/site-packages/airflow/example_dags/example_sla_dag.py
[2024-08-09T13:05:45.410-0400] {logging_mixin.py:188} INFO - [2024-08-09T13:05:45.410-0400] {dag.py:3089} INFO - Sync 1 DAGs
[2024-08-09T13:05:45.416-0400] {logging_mixin.py:188} INFO - [2024-08-09T13:05:45.416-0400] {dag.py:3947} INFO - Setting next_dagrun for example_sla_dag to 2024-08-09 17:02:00+00:00, run_after=2024-08-09 17:04:00+00:00
[2024-08-09T13:05:45.423-0400] {processor.py:183} INFO - Processing /Users/jakeliu/we-defend-truth-1/airflow_env/lib/python3.12/site-packages/airflow/example_dags/example_sla_dag.py took 0.061 seconds
[2024-08-09T13:07:29.437-0400] {processor.py:161} INFO - Started process (PID=21137) to work on /Users/jakeliu/we-defend-truth-1/airflow_env/lib/python3.12/site-packages/airflow/example_dags/example_sla_dag.py
[2024-08-09T13:07:29.439-0400] {processor.py:830} INFO - Processing file /Users/jakeliu/we-defend-truth-1/airflow_env/lib/python3.12/site-packages/airflow/example_dags/example_sla_dag.py for tasks to queue
[2024-08-09T13:07:29.439-0400] {logging_mixin.py:188} INFO - [2024-08-09T13:07:29.439-0400] {dagbag.py:545} INFO - Filling up the DagBag from /Users/jakeliu/we-defend-truth-1/airflow_env/lib/python3.12/site-packages/airflow/example_dags/example_sla_dag.py
[2024-08-09T13:07:29.455-0400] {processor.py:840} INFO - DAG(s) 'example_sla_dag' retrieved from /Users/jakeliu/we-defend-truth-1/airflow_env/lib/python3.12/site-packages/airflow/example_dags/example_sla_dag.py
[2024-08-09T13:07:29.485-0400] {logging_mixin.py:188} INFO - [2024-08-09T13:07:29.485-0400] {dag.py:3089} INFO - Sync 1 DAGs
[2024-08-09T13:07:29.491-0400] {logging_mixin.py:188} INFO - [2024-08-09T13:07:29.491-0400] {dag.py:3947} INFO - Setting next_dagrun for example_sla_dag to 2024-08-09 17:04:00+00:00, run_after=2024-08-09 17:06:00+00:00
[2024-08-09T13:07:29.498-0400] {processor.py:183} INFO - Processing /Users/jakeliu/we-defend-truth-1/airflow_env/lib/python3.12/site-packages/airflow/example_dags/example_sla_dag.py took 0.062 seconds
[2024-08-09T13:09:11.573-0400] {processor.py:161} INFO - Started process (PID=21249) to work on /Users/jakeliu/we-defend-truth-1/airflow_env/lib/python3.12/site-packages/airflow/example_dags/example_sla_dag.py
[2024-08-09T13:09:11.573-0400] {processor.py:830} INFO - Processing file /Users/jakeliu/we-defend-truth-1/airflow_env/lib/python3.12/site-packages/airflow/example_dags/example_sla_dag.py for tasks to queue
[2024-08-09T13:09:11.574-0400] {logging_mixin.py:188} INFO - [2024-08-09T13:09:11.574-0400] {dagbag.py:545} INFO - Filling up the DagBag from /Users/jakeliu/we-defend-truth-1/airflow_env/lib/python3.12/site-packages/airflow/example_dags/example_sla_dag.py
[2024-08-09T13:09:11.588-0400] {processor.py:840} INFO - DAG(s) 'example_sla_dag' retrieved from /Users/jakeliu/we-defend-truth-1/airflow_env/lib/python3.12/site-packages/airflow/example_dags/example_sla_dag.py
[2024-08-09T13:09:11.618-0400] {logging_mixin.py:188} INFO - [2024-08-09T13:09:11.618-0400] {dag.py:3089} INFO - Sync 1 DAGs
[2024-08-09T13:09:11.624-0400] {logging_mixin.py:188} INFO - [2024-08-09T13:09:11.624-0400] {dag.py:3947} INFO - Setting next_dagrun for example_sla_dag to 2024-08-09 17:06:00+00:00, run_after=2024-08-09 17:08:00+00:00
[2024-08-09T13:09:11.632-0400] {processor.py:183} INFO - Processing /Users/jakeliu/we-defend-truth-1/airflow_env/lib/python3.12/site-packages/airflow/example_dags/example_sla_dag.py took 0.060 seconds
[2024-08-09T13:10:53.652-0400] {processor.py:161} INFO - Started process (PID=21362) to work on /Users/jakeliu/we-defend-truth-1/airflow_env/lib/python3.12/site-packages/airflow/example_dags/example_sla_dag.py
[2024-08-09T13:10:53.653-0400] {processor.py:830} INFO - Processing file /Users/jakeliu/we-defend-truth-1/airflow_env/lib/python3.12/site-packages/airflow/example_dags/example_sla_dag.py for tasks to queue
[2024-08-09T13:10:53.653-0400] {logging_mixin.py:188} INFO - [2024-08-09T13:10:53.653-0400] {dagbag.py:545} INFO - Filling up the DagBag from /Users/jakeliu/we-defend-truth-1/airflow_env/lib/python3.12/site-packages/airflow/example_dags/example_sla_dag.py
[2024-08-09T13:10:53.667-0400] {processor.py:840} INFO - DAG(s) 'example_sla_dag' retrieved from /Users/jakeliu/we-defend-truth-1/airflow_env/lib/python3.12/site-packages/airflow/example_dags/example_sla_dag.py
[2024-08-09T13:10:53.697-0400] {logging_mixin.py:188} INFO - [2024-08-09T13:10:53.696-0400] {dag.py:3089} INFO - Sync 1 DAGs
[2024-08-09T13:10:53.703-0400] {logging_mixin.py:188} INFO - [2024-08-09T13:10:53.703-0400] {dag.py:3947} INFO - Setting next_dagrun for example_sla_dag to 2024-08-09 17:08:00+00:00, run_after=2024-08-09 17:10:00+00:00
[2024-08-09T13:10:53.709-0400] {processor.py:183} INFO - Processing /Users/jakeliu/we-defend-truth-1/airflow_env/lib/python3.12/site-packages/airflow/example_dags/example_sla_dag.py took 0.058 seconds
[2024-08-09T13:12:39.131-0400] {processor.py:161} INFO - Started process (PID=21465) to work on /Users/jakeliu/we-defend-truth-1/airflow_env/lib/python3.12/site-packages/airflow/example_dags/example_sla_dag.py
[2024-08-09T13:12:39.131-0400] {processor.py:830} INFO - Processing file /Users/jakeliu/we-defend-truth-1/airflow_env/lib/python3.12/site-packages/airflow/example_dags/example_sla_dag.py for tasks to queue
[2024-08-09T13:12:39.131-0400] {logging_mixin.py:188} INFO - [2024-08-09T13:12:39.131-0400] {dagbag.py:545} INFO - Filling up the DagBag from /Users/jakeliu/we-defend-truth-1/airflow_env/lib/python3.12/site-packages/airflow/example_dags/example_sla_dag.py
[2024-08-09T13:12:39.145-0400] {processor.py:840} INFO - DAG(s) 'example_sla_dag' retrieved from /Users/jakeliu/we-defend-truth-1/airflow_env/lib/python3.12/site-packages/airflow/example_dags/example_sla_dag.py
[2024-08-09T13:12:39.175-0400] {logging_mixin.py:188} INFO - [2024-08-09T13:12:39.174-0400] {dag.py:3089} INFO - Sync 1 DAGs
[2024-08-09T13:12:39.181-0400] {logging_mixin.py:188} INFO - [2024-08-09T13:12:39.181-0400] {dag.py:3947} INFO - Setting next_dagrun for example_sla_dag to 2024-08-09 17:10:00+00:00, run_after=2024-08-09 17:12:00+00:00
[2024-08-09T13:12:39.189-0400] {processor.py:183} INFO - Processing /Users/jakeliu/we-defend-truth-1/airflow_env/lib/python3.12/site-packages/airflow/example_dags/example_sla_dag.py took 0.060 seconds
[2024-08-09T13:14:36.799-0400] {processor.py:161} INFO - Started process (PID=21568) to work on /Users/jakeliu/we-defend-truth-1/airflow_env/lib/python3.12/site-packages/airflow/example_dags/example_sla_dag.py
[2024-08-09T13:14:36.801-0400] {processor.py:830} INFO - Processing file /Users/jakeliu/we-defend-truth-1/airflow_env/lib/python3.12/site-packages/airflow/example_dags/example_sla_dag.py for tasks to queue
[2024-08-09T13:14:36.801-0400] {logging_mixin.py:188} INFO - [2024-08-09T13:14:36.801-0400] {dagbag.py:545} INFO - Filling up the DagBag from /Users/jakeliu/we-defend-truth-1/airflow_env/lib/python3.12/site-packages/airflow/example_dags/example_sla_dag.py
[2024-08-09T13:14:36.816-0400] {processor.py:840} INFO - DAG(s) 'example_sla_dag' retrieved from /Users/jakeliu/we-defend-truth-1/airflow_env/lib/python3.12/site-packages/airflow/example_dags/example_sla_dag.py
[2024-08-09T13:14:36.846-0400] {logging_mixin.py:188} INFO - [2024-08-09T13:14:36.846-0400] {dag.py:3089} INFO - Sync 1 DAGs
[2024-08-09T13:14:36.852-0400] {logging_mixin.py:188} INFO - [2024-08-09T13:14:36.852-0400] {dag.py:3947} INFO - Setting next_dagrun for example_sla_dag to 2024-08-09 17:12:00+00:00, run_after=2024-08-09 17:14:00+00:00
[2024-08-09T13:14:36.860-0400] {processor.py:183} INFO - Processing /Users/jakeliu/we-defend-truth-1/airflow_env/lib/python3.12/site-packages/airflow/example_dags/example_sla_dag.py took 0.062 seconds
[2024-08-09T13:16:33.645-0400] {processor.py:161} INFO - Started process (PID=21676) to work on /Users/jakeliu/we-defend-truth-1/airflow_env/lib/python3.12/site-packages/airflow/example_dags/example_sla_dag.py
[2024-08-09T13:16:33.648-0400] {processor.py:830} INFO - Processing file /Users/jakeliu/we-defend-truth-1/airflow_env/lib/python3.12/site-packages/airflow/example_dags/example_sla_dag.py for tasks to queue
[2024-08-09T13:16:33.648-0400] {logging_mixin.py:188} INFO - [2024-08-09T13:16:33.648-0400] {dagbag.py:545} INFO - Filling up the DagBag from /Users/jakeliu/we-defend-truth-1/airflow_env/lib/python3.12/site-packages/airflow/example_dags/example_sla_dag.py
[2024-08-09T13:16:33.662-0400] {processor.py:840} INFO - DAG(s) 'example_sla_dag' retrieved from /Users/jakeliu/we-defend-truth-1/airflow_env/lib/python3.12/site-packages/airflow/example_dags/example_sla_dag.py
[2024-08-09T13:16:33.691-0400] {logging_mixin.py:188} INFO - [2024-08-09T13:16:33.691-0400] {dag.py:3089} INFO - Sync 1 DAGs
[2024-08-09T13:16:33.697-0400] {logging_mixin.py:188} INFO - [2024-08-09T13:16:33.697-0400] {dag.py:3947} INFO - Setting next_dagrun for example_sla_dag to 2024-08-09 17:14:00+00:00, run_after=2024-08-09 17:16:00+00:00
[2024-08-09T13:16:33.703-0400] {processor.py:183} INFO - Processing /Users/jakeliu/we-defend-truth-1/airflow_env/lib/python3.12/site-packages/airflow/example_dags/example_sla_dag.py took 0.059 seconds
[2024-08-09T13:18:16.611-0400] {processor.py:161} INFO - Started process (PID=21854) to work on /Users/jakeliu/we-defend-truth-1/airflow_env/lib/python3.12/site-packages/airflow/example_dags/example_sla_dag.py
[2024-08-09T13:18:16.611-0400] {processor.py:830} INFO - Processing file /Users/jakeliu/we-defend-truth-1/airflow_env/lib/python3.12/site-packages/airflow/example_dags/example_sla_dag.py for tasks to queue
[2024-08-09T13:18:16.611-0400] {logging_mixin.py:188} INFO - [2024-08-09T13:18:16.611-0400] {dagbag.py:545} INFO - Filling up the DagBag from /Users/jakeliu/we-defend-truth-1/airflow_env/lib/python3.12/site-packages/airflow/example_dags/example_sla_dag.py
[2024-08-09T13:18:16.626-0400] {processor.py:840} INFO - DAG(s) 'example_sla_dag' retrieved from /Users/jakeliu/we-defend-truth-1/airflow_env/lib/python3.12/site-packages/airflow/example_dags/example_sla_dag.py
[2024-08-09T13:18:16.657-0400] {logging_mixin.py:188} INFO - [2024-08-09T13:18:16.656-0400] {dag.py:3089} INFO - Sync 1 DAGs
[2024-08-09T13:18:16.663-0400] {logging_mixin.py:188} INFO - [2024-08-09T13:18:16.663-0400] {dag.py:3947} INFO - Setting next_dagrun for example_sla_dag to 2024-08-09 17:16:00+00:00, run_after=2024-08-09 17:18:00+00:00
[2024-08-09T13:18:16.669-0400] {processor.py:183} INFO - Processing /Users/jakeliu/we-defend-truth-1/airflow_env/lib/python3.12/site-packages/airflow/example_dags/example_sla_dag.py took 0.060 seconds
[2024-08-09T13:20:00.397-0400] {processor.py:161} INFO - Started process (PID=21957) to work on /Users/jakeliu/we-defend-truth-1/airflow_env/lib/python3.12/site-packages/airflow/example_dags/example_sla_dag.py
[2024-08-09T13:20:00.397-0400] {processor.py:830} INFO - Processing file /Users/jakeliu/we-defend-truth-1/airflow_env/lib/python3.12/site-packages/airflow/example_dags/example_sla_dag.py for tasks to queue
[2024-08-09T13:20:00.398-0400] {logging_mixin.py:188} INFO - [2024-08-09T13:20:00.397-0400] {dagbag.py:545} INFO - Filling up the DagBag from /Users/jakeliu/we-defend-truth-1/airflow_env/lib/python3.12/site-packages/airflow/example_dags/example_sla_dag.py
[2024-08-09T13:20:00.413-0400] {processor.py:840} INFO - DAG(s) 'example_sla_dag' retrieved from /Users/jakeliu/we-defend-truth-1/airflow_env/lib/python3.12/site-packages/airflow/example_dags/example_sla_dag.py
[2024-08-09T13:20:00.447-0400] {logging_mixin.py:188} INFO - [2024-08-09T13:20:00.447-0400] {dag.py:3089} INFO - Sync 1 DAGs
[2024-08-09T13:20:00.453-0400] {logging_mixin.py:188} INFO - [2024-08-09T13:20:00.453-0400] {dag.py:3947} INFO - Setting next_dagrun for example_sla_dag to 2024-08-09 17:18:00+00:00, run_after=2024-08-09 17:20:00+00:00
[2024-08-09T13:20:00.461-0400] {processor.py:183} INFO - Processing /Users/jakeliu/we-defend-truth-1/airflow_env/lib/python3.12/site-packages/airflow/example_dags/example_sla_dag.py took 0.065 seconds
[2024-08-09T13:21:40.977-0400] {processor.py:161} INFO - Started process (PID=22599) to work on /Users/jakeliu/we-defend-truth-1/airflow_env/lib/python3.12/site-packages/airflow/example_dags/example_sla_dag.py
[2024-08-09T13:21:40.978-0400] {processor.py:830} INFO - Processing file /Users/jakeliu/we-defend-truth-1/airflow_env/lib/python3.12/site-packages/airflow/example_dags/example_sla_dag.py for tasks to queue
[2024-08-09T13:21:40.979-0400] {logging_mixin.py:188} INFO - [2024-08-09T13:21:40.979-0400] {dagbag.py:545} INFO - Filling up the DagBag from /Users/jakeliu/we-defend-truth-1/airflow_env/lib/python3.12/site-packages/airflow/example_dags/example_sla_dag.py
[2024-08-09T13:21:40.993-0400] {processor.py:840} INFO - DAG(s) 'example_sla_dag' retrieved from /Users/jakeliu/we-defend-truth-1/airflow_env/lib/python3.12/site-packages/airflow/example_dags/example_sla_dag.py
[2024-08-09T13:21:41.023-0400] {logging_mixin.py:188} INFO - [2024-08-09T13:21:41.022-0400] {dag.py:3089} INFO - Sync 1 DAGs
[2024-08-09T13:21:41.028-0400] {logging_mixin.py:188} INFO - [2024-08-09T13:21:41.028-0400] {dag.py:3947} INFO - Setting next_dagrun for example_sla_dag to 2024-08-09 17:18:00+00:00, run_after=2024-08-09 17:20:00+00:00
[2024-08-09T13:21:41.035-0400] {processor.py:183} INFO - Processing /Users/jakeliu/we-defend-truth-1/airflow_env/lib/python3.12/site-packages/airflow/example_dags/example_sla_dag.py took 0.058 seconds
[2024-08-09T13:23:24.560-0400] {processor.py:161} INFO - Started process (PID=22705) to work on /Users/jakeliu/we-defend-truth-1/airflow_env/lib/python3.12/site-packages/airflow/example_dags/example_sla_dag.py
[2024-08-09T13:23:24.560-0400] {processor.py:830} INFO - Processing file /Users/jakeliu/we-defend-truth-1/airflow_env/lib/python3.12/site-packages/airflow/example_dags/example_sla_dag.py for tasks to queue
[2024-08-09T13:23:24.561-0400] {logging_mixin.py:188} INFO - [2024-08-09T13:23:24.561-0400] {dagbag.py:545} INFO - Filling up the DagBag from /Users/jakeliu/we-defend-truth-1/airflow_env/lib/python3.12/site-packages/airflow/example_dags/example_sla_dag.py
[2024-08-09T13:23:24.575-0400] {processor.py:840} INFO - DAG(s) 'example_sla_dag' retrieved from /Users/jakeliu/we-defend-truth-1/airflow_env/lib/python3.12/site-packages/airflow/example_dags/example_sla_dag.py
[2024-08-09T13:23:24.604-0400] {logging_mixin.py:188} INFO - [2024-08-09T13:23:24.604-0400] {dag.py:3089} INFO - Sync 1 DAGs
[2024-08-09T13:23:24.610-0400] {logging_mixin.py:188} INFO - [2024-08-09T13:23:24.610-0400] {dag.py:3947} INFO - Setting next_dagrun for example_sla_dag to 2024-08-09 17:20:00+00:00, run_after=2024-08-09 17:22:00+00:00
[2024-08-09T13:23:24.617-0400] {processor.py:183} INFO - Processing /Users/jakeliu/we-defend-truth-1/airflow_env/lib/python3.12/site-packages/airflow/example_dags/example_sla_dag.py took 0.058 seconds
[2024-08-09T13:25:10.376-0400] {processor.py:161} INFO - Started process (PID=22834) to work on /Users/jakeliu/we-defend-truth-1/airflow_env/lib/python3.12/site-packages/airflow/example_dags/example_sla_dag.py
[2024-08-09T13:25:10.376-0400] {processor.py:830} INFO - Processing file /Users/jakeliu/we-defend-truth-1/airflow_env/lib/python3.12/site-packages/airflow/example_dags/example_sla_dag.py for tasks to queue
[2024-08-09T13:25:10.376-0400] {logging_mixin.py:188} INFO - [2024-08-09T13:25:10.376-0400] {dagbag.py:545} INFO - Filling up the DagBag from /Users/jakeliu/we-defend-truth-1/airflow_env/lib/python3.12/site-packages/airflow/example_dags/example_sla_dag.py
[2024-08-09T13:25:10.390-0400] {processor.py:840} INFO - DAG(s) 'example_sla_dag' retrieved from /Users/jakeliu/we-defend-truth-1/airflow_env/lib/python3.12/site-packages/airflow/example_dags/example_sla_dag.py
[2024-08-09T13:25:10.420-0400] {logging_mixin.py:188} INFO - [2024-08-09T13:25:10.420-0400] {dag.py:3089} INFO - Sync 1 DAGs
[2024-08-09T13:25:10.426-0400] {logging_mixin.py:188} INFO - [2024-08-09T13:25:10.426-0400] {dag.py:3947} INFO - Setting next_dagrun for example_sla_dag to 2024-08-09 17:22:00+00:00, run_after=2024-08-09 17:24:00+00:00
[2024-08-09T13:25:10.432-0400] {processor.py:183} INFO - Processing /Users/jakeliu/we-defend-truth-1/airflow_env/lib/python3.12/site-packages/airflow/example_dags/example_sla_dag.py took 0.058 seconds
[2024-08-09T13:27:07.912-0400] {processor.py:161} INFO - Started process (PID=22943) to work on /Users/jakeliu/we-defend-truth-1/airflow_env/lib/python3.12/site-packages/airflow/example_dags/example_sla_dag.py
[2024-08-09T13:27:07.913-0400] {processor.py:830} INFO - Processing file /Users/jakeliu/we-defend-truth-1/airflow_env/lib/python3.12/site-packages/airflow/example_dags/example_sla_dag.py for tasks to queue
[2024-08-09T13:27:07.913-0400] {logging_mixin.py:188} INFO - [2024-08-09T13:27:07.913-0400] {dagbag.py:545} INFO - Filling up the DagBag from /Users/jakeliu/we-defend-truth-1/airflow_env/lib/python3.12/site-packages/airflow/example_dags/example_sla_dag.py
[2024-08-09T13:27:07.927-0400] {processor.py:840} INFO - DAG(s) 'example_sla_dag' retrieved from /Users/jakeliu/we-defend-truth-1/airflow_env/lib/python3.12/site-packages/airflow/example_dags/example_sla_dag.py
[2024-08-09T13:27:07.956-0400] {logging_mixin.py:188} INFO - [2024-08-09T13:27:07.956-0400] {dag.py:3089} INFO - Sync 1 DAGs
[2024-08-09T13:27:07.962-0400] {logging_mixin.py:188} INFO - [2024-08-09T13:27:07.962-0400] {dag.py:3947} INFO - Setting next_dagrun for example_sla_dag to 2024-08-09 17:24:00+00:00, run_after=2024-08-09 17:26:00+00:00
[2024-08-09T13:27:07.968-0400] {processor.py:183} INFO - Processing /Users/jakeliu/we-defend-truth-1/airflow_env/lib/python3.12/site-packages/airflow/example_dags/example_sla_dag.py took 0.057 seconds
[2024-08-09T13:29:00.988-0400] {processor.py:161} INFO - Started process (PID=23236) to work on /Users/jakeliu/we-defend-truth-1/airflow_env/lib/python3.12/site-packages/airflow/example_dags/example_sla_dag.py
[2024-08-09T13:29:00.989-0400] {processor.py:830} INFO - Processing file /Users/jakeliu/we-defend-truth-1/airflow_env/lib/python3.12/site-packages/airflow/example_dags/example_sla_dag.py for tasks to queue
[2024-08-09T13:29:00.989-0400] {logging_mixin.py:188} INFO - [2024-08-09T13:29:00.989-0400] {dagbag.py:545} INFO - Filling up the DagBag from /Users/jakeliu/we-defend-truth-1/airflow_env/lib/python3.12/site-packages/airflow/example_dags/example_sla_dag.py
[2024-08-09T13:29:01.003-0400] {processor.py:840} INFO - DAG(s) 'example_sla_dag' retrieved from /Users/jakeliu/we-defend-truth-1/airflow_env/lib/python3.12/site-packages/airflow/example_dags/example_sla_dag.py
[2024-08-09T13:29:01.034-0400] {logging_mixin.py:188} INFO - [2024-08-09T13:29:01.034-0400] {dag.py:3089} INFO - Sync 1 DAGs
[2024-08-09T13:29:01.041-0400] {logging_mixin.py:188} INFO - [2024-08-09T13:29:01.040-0400] {dag.py:3947} INFO - Setting next_dagrun for example_sla_dag to 2024-08-09 17:26:00+00:00, run_after=2024-08-09 17:28:00+00:00
[2024-08-09T13:29:01.047-0400] {processor.py:183} INFO - Processing /Users/jakeliu/we-defend-truth-1/airflow_env/lib/python3.12/site-packages/airflow/example_dags/example_sla_dag.py took 0.060 seconds
[2024-08-09T13:30:56.359-0400] {processor.py:161} INFO - Started process (PID=23505) to work on /Users/jakeliu/we-defend-truth-1/airflow_env/lib/python3.12/site-packages/airflow/example_dags/example_sla_dag.py
[2024-08-09T13:30:56.360-0400] {processor.py:830} INFO - Processing file /Users/jakeliu/we-defend-truth-1/airflow_env/lib/python3.12/site-packages/airflow/example_dags/example_sla_dag.py for tasks to queue
[2024-08-09T13:30:56.361-0400] {logging_mixin.py:188} INFO - [2024-08-09T13:30:56.360-0400] {dagbag.py:545} INFO - Filling up the DagBag from /Users/jakeliu/we-defend-truth-1/airflow_env/lib/python3.12/site-packages/airflow/example_dags/example_sla_dag.py
[2024-08-09T13:30:56.375-0400] {processor.py:840} INFO - DAG(s) 'example_sla_dag' retrieved from /Users/jakeliu/we-defend-truth-1/airflow_env/lib/python3.12/site-packages/airflow/example_dags/example_sla_dag.py
[2024-08-09T13:30:56.405-0400] {logging_mixin.py:188} INFO - [2024-08-09T13:30:56.404-0400] {dag.py:3089} INFO - Sync 1 DAGs
[2024-08-09T13:30:56.411-0400] {logging_mixin.py:188} INFO - [2024-08-09T13:30:56.410-0400] {dag.py:3947} INFO - Setting next_dagrun for example_sla_dag to 2024-08-09 17:28:00+00:00, run_after=2024-08-09 17:30:00+00:00
[2024-08-09T13:30:56.417-0400] {processor.py:183} INFO - Processing /Users/jakeliu/we-defend-truth-1/airflow_env/lib/python3.12/site-packages/airflow/example_dags/example_sla_dag.py took 0.059 seconds
[2024-08-09T13:32:50.954-0400] {processor.py:161} INFO - Started process (PID=23639) to work on /Users/jakeliu/we-defend-truth-1/airflow_env/lib/python3.12/site-packages/airflow/example_dags/example_sla_dag.py
[2024-08-09T13:32:50.955-0400] {processor.py:830} INFO - Processing file /Users/jakeliu/we-defend-truth-1/airflow_env/lib/python3.12/site-packages/airflow/example_dags/example_sla_dag.py for tasks to queue
[2024-08-09T13:32:50.955-0400] {logging_mixin.py:188} INFO - [2024-08-09T13:32:50.955-0400] {dagbag.py:545} INFO - Filling up the DagBag from /Users/jakeliu/we-defend-truth-1/airflow_env/lib/python3.12/site-packages/airflow/example_dags/example_sla_dag.py
[2024-08-09T13:32:50.969-0400] {processor.py:840} INFO - DAG(s) 'example_sla_dag' retrieved from /Users/jakeliu/we-defend-truth-1/airflow_env/lib/python3.12/site-packages/airflow/example_dags/example_sla_dag.py
[2024-08-09T13:32:50.999-0400] {logging_mixin.py:188} INFO - [2024-08-09T13:32:50.998-0400] {dag.py:3089} INFO - Sync 1 DAGs
[2024-08-09T13:32:51.005-0400] {logging_mixin.py:188} INFO - [2024-08-09T13:32:51.004-0400] {dag.py:3947} INFO - Setting next_dagrun for example_sla_dag to 2024-08-09 17:30:00+00:00, run_after=2024-08-09 17:32:00+00:00
[2024-08-09T13:32:51.011-0400] {processor.py:183} INFO - Processing /Users/jakeliu/we-defend-truth-1/airflow_env/lib/python3.12/site-packages/airflow/example_dags/example_sla_dag.py took 0.058 seconds
[2024-08-09T13:34:39.642-0400] {processor.py:161} INFO - Started process (PID=23797) to work on /Users/jakeliu/we-defend-truth-1/airflow_env/lib/python3.12/site-packages/airflow/example_dags/example_sla_dag.py
[2024-08-09T13:34:39.643-0400] {processor.py:830} INFO - Processing file /Users/jakeliu/we-defend-truth-1/airflow_env/lib/python3.12/site-packages/airflow/example_dags/example_sla_dag.py for tasks to queue
[2024-08-09T13:34:39.643-0400] {logging_mixin.py:188} INFO - [2024-08-09T13:34:39.643-0400] {dagbag.py:545} INFO - Filling up the DagBag from /Users/jakeliu/we-defend-truth-1/airflow_env/lib/python3.12/site-packages/airflow/example_dags/example_sla_dag.py
[2024-08-09T13:34:39.657-0400] {processor.py:840} INFO - DAG(s) 'example_sla_dag' retrieved from /Users/jakeliu/we-defend-truth-1/airflow_env/lib/python3.12/site-packages/airflow/example_dags/example_sla_dag.py
[2024-08-09T13:34:39.687-0400] {logging_mixin.py:188} INFO - [2024-08-09T13:34:39.687-0400] {dag.py:3089} INFO - Sync 1 DAGs
[2024-08-09T13:34:39.693-0400] {logging_mixin.py:188} INFO - [2024-08-09T13:34:39.693-0400] {dag.py:3947} INFO - Setting next_dagrun for example_sla_dag to 2024-08-09 17:32:00+00:00, run_after=2024-08-09 17:34:00+00:00
[2024-08-09T13:34:39.700-0400] {processor.py:183} INFO - Processing /Users/jakeliu/we-defend-truth-1/airflow_env/lib/python3.12/site-packages/airflow/example_dags/example_sla_dag.py took 0.058 seconds
[2024-08-09T13:36:26.616-0400] {processor.py:161} INFO - Started process (PID=23903) to work on /Users/jakeliu/we-defend-truth-1/airflow_env/lib/python3.12/site-packages/airflow/example_dags/example_sla_dag.py
[2024-08-09T13:36:26.616-0400] {processor.py:830} INFO - Processing file /Users/jakeliu/we-defend-truth-1/airflow_env/lib/python3.12/site-packages/airflow/example_dags/example_sla_dag.py for tasks to queue
[2024-08-09T13:36:26.617-0400] {logging_mixin.py:188} INFO - [2024-08-09T13:36:26.617-0400] {dagbag.py:545} INFO - Filling up the DagBag from /Users/jakeliu/we-defend-truth-1/airflow_env/lib/python3.12/site-packages/airflow/example_dags/example_sla_dag.py
[2024-08-09T13:36:26.633-0400] {processor.py:840} INFO - DAG(s) 'example_sla_dag' retrieved from /Users/jakeliu/we-defend-truth-1/airflow_env/lib/python3.12/site-packages/airflow/example_dags/example_sla_dag.py
[2024-08-09T13:36:26.667-0400] {logging_mixin.py:188} INFO - [2024-08-09T13:36:26.666-0400] {dag.py:3089} INFO - Sync 1 DAGs
[2024-08-09T13:36:26.673-0400] {logging_mixin.py:188} INFO - [2024-08-09T13:36:26.673-0400] {dag.py:3947} INFO - Setting next_dagrun for example_sla_dag to 2024-08-09 17:34:00+00:00, run_after=2024-08-09 17:36:00+00:00
[2024-08-09T13:36:26.680-0400] {processor.py:183} INFO - Processing /Users/jakeliu/we-defend-truth-1/airflow_env/lib/python3.12/site-packages/airflow/example_dags/example_sla_dag.py took 0.065 seconds
[2024-08-09T13:38:20.581-0400] {processor.py:161} INFO - Started process (PID=23993) to work on /Users/jakeliu/we-defend-truth-1/airflow_env/lib/python3.12/site-packages/airflow/example_dags/example_sla_dag.py
[2024-08-09T13:38:20.582-0400] {processor.py:830} INFO - Processing file /Users/jakeliu/we-defend-truth-1/airflow_env/lib/python3.12/site-packages/airflow/example_dags/example_sla_dag.py for tasks to queue
[2024-08-09T13:38:20.582-0400] {logging_mixin.py:188} INFO - [2024-08-09T13:38:20.582-0400] {dagbag.py:545} INFO - Filling up the DagBag from /Users/jakeliu/we-defend-truth-1/airflow_env/lib/python3.12/site-packages/airflow/example_dags/example_sla_dag.py
[2024-08-09T13:38:20.597-0400] {processor.py:840} INFO - DAG(s) 'example_sla_dag' retrieved from /Users/jakeliu/we-defend-truth-1/airflow_env/lib/python3.12/site-packages/airflow/example_dags/example_sla_dag.py
[2024-08-09T13:38:20.627-0400] {logging_mixin.py:188} INFO - [2024-08-09T13:38:20.627-0400] {dag.py:3089} INFO - Sync 1 DAGs
[2024-08-09T13:38:20.632-0400] {logging_mixin.py:188} INFO - [2024-08-09T13:38:20.632-0400] {dag.py:3947} INFO - Setting next_dagrun for example_sla_dag to 2024-08-09 17:36:00+00:00, run_after=2024-08-09 17:38:00+00:00
[2024-08-09T13:38:20.639-0400] {processor.py:183} INFO - Processing /Users/jakeliu/we-defend-truth-1/airflow_env/lib/python3.12/site-packages/airflow/example_dags/example_sla_dag.py took 0.059 seconds
[2024-08-09T13:40:09.637-0400] {processor.py:161} INFO - Started process (PID=24070) to work on /Users/jakeliu/we-defend-truth-1/airflow_env/lib/python3.12/site-packages/airflow/example_dags/example_sla_dag.py
[2024-08-09T13:40:09.638-0400] {processor.py:830} INFO - Processing file /Users/jakeliu/we-defend-truth-1/airflow_env/lib/python3.12/site-packages/airflow/example_dags/example_sla_dag.py for tasks to queue
[2024-08-09T13:40:09.638-0400] {logging_mixin.py:188} INFO - [2024-08-09T13:40:09.638-0400] {dagbag.py:545} INFO - Filling up the DagBag from /Users/jakeliu/we-defend-truth-1/airflow_env/lib/python3.12/site-packages/airflow/example_dags/example_sla_dag.py
[2024-08-09T13:40:09.653-0400] {processor.py:840} INFO - DAG(s) 'example_sla_dag' retrieved from /Users/jakeliu/we-defend-truth-1/airflow_env/lib/python3.12/site-packages/airflow/example_dags/example_sla_dag.py
[2024-08-09T13:40:09.683-0400] {logging_mixin.py:188} INFO - [2024-08-09T13:40:09.682-0400] {dag.py:3089} INFO - Sync 1 DAGs
[2024-08-09T13:40:09.688-0400] {logging_mixin.py:188} INFO - [2024-08-09T13:40:09.688-0400] {dag.py:3947} INFO - Setting next_dagrun for example_sla_dag to 2024-08-09 17:38:00+00:00, run_after=2024-08-09 17:40:00+00:00
[2024-08-09T13:40:09.695-0400] {processor.py:183} INFO - Processing /Users/jakeliu/we-defend-truth-1/airflow_env/lib/python3.12/site-packages/airflow/example_dags/example_sla_dag.py took 0.059 seconds
[2024-08-09T13:41:57.717-0400] {processor.py:161} INFO - Started process (PID=24251) to work on /Users/jakeliu/we-defend-truth-1/airflow_env/lib/python3.12/site-packages/airflow/example_dags/example_sla_dag.py
[2024-08-09T13:41:57.717-0400] {processor.py:830} INFO - Processing file /Users/jakeliu/we-defend-truth-1/airflow_env/lib/python3.12/site-packages/airflow/example_dags/example_sla_dag.py for tasks to queue
[2024-08-09T13:41:57.717-0400] {logging_mixin.py:188} INFO - [2024-08-09T13:41:57.717-0400] {dagbag.py:545} INFO - Filling up the DagBag from /Users/jakeliu/we-defend-truth-1/airflow_env/lib/python3.12/site-packages/airflow/example_dags/example_sla_dag.py
[2024-08-09T13:41:57.732-0400] {processor.py:840} INFO - DAG(s) 'example_sla_dag' retrieved from /Users/jakeliu/we-defend-truth-1/airflow_env/lib/python3.12/site-packages/airflow/example_dags/example_sla_dag.py
[2024-08-09T13:41:57.762-0400] {logging_mixin.py:188} INFO - [2024-08-09T13:41:57.762-0400] {dag.py:3089} INFO - Sync 1 DAGs
[2024-08-09T13:41:57.768-0400] {logging_mixin.py:188} INFO - [2024-08-09T13:41:57.768-0400] {dag.py:3947} INFO - Setting next_dagrun for example_sla_dag to 2024-08-09 17:38:00+00:00, run_after=2024-08-09 17:40:00+00:00
[2024-08-09T13:41:57.775-0400] {processor.py:183} INFO - Processing /Users/jakeliu/we-defend-truth-1/airflow_env/lib/python3.12/site-packages/airflow/example_dags/example_sla_dag.py took 0.059 seconds
[2024-08-09T13:43:49.596-0400] {processor.py:161} INFO - Started process (PID=24375) to work on /Users/jakeliu/we-defend-truth-1/airflow_env/lib/python3.12/site-packages/airflow/example_dags/example_sla_dag.py
[2024-08-09T13:43:49.597-0400] {processor.py:830} INFO - Processing file /Users/jakeliu/we-defend-truth-1/airflow_env/lib/python3.12/site-packages/airflow/example_dags/example_sla_dag.py for tasks to queue
[2024-08-09T13:43:49.597-0400] {logging_mixin.py:188} INFO - [2024-08-09T13:43:49.597-0400] {dagbag.py:545} INFO - Filling up the DagBag from /Users/jakeliu/we-defend-truth-1/airflow_env/lib/python3.12/site-packages/airflow/example_dags/example_sla_dag.py
[2024-08-09T13:43:49.611-0400] {processor.py:840} INFO - DAG(s) 'example_sla_dag' retrieved from /Users/jakeliu/we-defend-truth-1/airflow_env/lib/python3.12/site-packages/airflow/example_dags/example_sla_dag.py
[2024-08-09T13:43:49.641-0400] {logging_mixin.py:188} INFO - [2024-08-09T13:43:49.641-0400] {dag.py:3089} INFO - Sync 1 DAGs
[2024-08-09T13:43:49.647-0400] {logging_mixin.py:188} INFO - [2024-08-09T13:43:49.647-0400] {dag.py:3947} INFO - Setting next_dagrun for example_sla_dag to 2024-08-09 17:40:00+00:00, run_after=2024-08-09 17:42:00+00:00
[2024-08-09T13:43:49.654-0400] {processor.py:183} INFO - Processing /Users/jakeliu/we-defend-truth-1/airflow_env/lib/python3.12/site-packages/airflow/example_dags/example_sla_dag.py took 0.059 seconds
[2024-08-09T13:45:26.909-0400] {processor.py:161} INFO - Started process (PID=24445) to work on /Users/jakeliu/we-defend-truth-1/airflow_env/lib/python3.12/site-packages/airflow/example_dags/example_sla_dag.py
[2024-08-09T13:45:26.909-0400] {processor.py:830} INFO - Processing file /Users/jakeliu/we-defend-truth-1/airflow_env/lib/python3.12/site-packages/airflow/example_dags/example_sla_dag.py for tasks to queue
[2024-08-09T13:45:26.909-0400] {logging_mixin.py:188} INFO - [2024-08-09T13:45:26.909-0400] {dagbag.py:545} INFO - Filling up the DagBag from /Users/jakeliu/we-defend-truth-1/airflow_env/lib/python3.12/site-packages/airflow/example_dags/example_sla_dag.py
[2024-08-09T13:45:26.923-0400] {processor.py:840} INFO - DAG(s) 'example_sla_dag' retrieved from /Users/jakeliu/we-defend-truth-1/airflow_env/lib/python3.12/site-packages/airflow/example_dags/example_sla_dag.py
[2024-08-09T13:45:26.953-0400] {logging_mixin.py:188} INFO - [2024-08-09T13:45:26.952-0400] {dag.py:3089} INFO - Sync 1 DAGs
[2024-08-09T13:45:26.958-0400] {logging_mixin.py:188} INFO - [2024-08-09T13:45:26.958-0400] {dag.py:3947} INFO - Setting next_dagrun for example_sla_dag to 2024-08-09 17:42:00+00:00, run_after=2024-08-09 17:44:00+00:00
[2024-08-09T13:45:26.965-0400] {processor.py:183} INFO - Processing /Users/jakeliu/we-defend-truth-1/airflow_env/lib/python3.12/site-packages/airflow/example_dags/example_sla_dag.py took 0.057 seconds
[2024-08-09T13:47:12.936-0400] {processor.py:161} INFO - Started process (PID=24520) to work on /Users/jakeliu/we-defend-truth-1/airflow_env/lib/python3.12/site-packages/airflow/example_dags/example_sla_dag.py
[2024-08-09T13:47:12.937-0400] {processor.py:830} INFO - Processing file /Users/jakeliu/we-defend-truth-1/airflow_env/lib/python3.12/site-packages/airflow/example_dags/example_sla_dag.py for tasks to queue
[2024-08-09T13:47:12.938-0400] {logging_mixin.py:188} INFO - [2024-08-09T13:47:12.938-0400] {dagbag.py:545} INFO - Filling up the DagBag from /Users/jakeliu/we-defend-truth-1/airflow_env/lib/python3.12/site-packages/airflow/example_dags/example_sla_dag.py
[2024-08-09T13:47:12.952-0400] {processor.py:840} INFO - DAG(s) 'example_sla_dag' retrieved from /Users/jakeliu/we-defend-truth-1/airflow_env/lib/python3.12/site-packages/airflow/example_dags/example_sla_dag.py
[2024-08-09T13:47:12.981-0400] {logging_mixin.py:188} INFO - [2024-08-09T13:47:12.981-0400] {dag.py:3089} INFO - Sync 1 DAGs
[2024-08-09T13:47:12.987-0400] {logging_mixin.py:188} INFO - [2024-08-09T13:47:12.987-0400] {dag.py:3947} INFO - Setting next_dagrun for example_sla_dag to 2024-08-09 17:44:00+00:00, run_after=2024-08-09 17:46:00+00:00
[2024-08-09T13:47:12.994-0400] {processor.py:183} INFO - Processing /Users/jakeliu/we-defend-truth-1/airflow_env/lib/python3.12/site-packages/airflow/example_dags/example_sla_dag.py took 0.059 seconds
[2024-08-09T13:48:54.774-0400] {processor.py:161} INFO - Started process (PID=24590) to work on /Users/jakeliu/we-defend-truth-1/airflow_env/lib/python3.12/site-packages/airflow/example_dags/example_sla_dag.py
[2024-08-09T13:48:54.774-0400] {processor.py:830} INFO - Processing file /Users/jakeliu/we-defend-truth-1/airflow_env/lib/python3.12/site-packages/airflow/example_dags/example_sla_dag.py for tasks to queue
[2024-08-09T13:48:54.774-0400] {logging_mixin.py:188} INFO - [2024-08-09T13:48:54.774-0400] {dagbag.py:545} INFO - Filling up the DagBag from /Users/jakeliu/we-defend-truth-1/airflow_env/lib/python3.12/site-packages/airflow/example_dags/example_sla_dag.py
[2024-08-09T13:48:54.788-0400] {processor.py:840} INFO - DAG(s) 'example_sla_dag' retrieved from /Users/jakeliu/we-defend-truth-1/airflow_env/lib/python3.12/site-packages/airflow/example_dags/example_sla_dag.py
[2024-08-09T13:48:54.818-0400] {logging_mixin.py:188} INFO - [2024-08-09T13:48:54.817-0400] {dag.py:3089} INFO - Sync 1 DAGs
[2024-08-09T13:48:54.823-0400] {logging_mixin.py:188} INFO - [2024-08-09T13:48:54.823-0400] {dag.py:3947} INFO - Setting next_dagrun for example_sla_dag to 2024-08-09 17:46:00+00:00, run_after=2024-08-09 17:48:00+00:00
[2024-08-09T13:48:54.830-0400] {processor.py:183} INFO - Processing /Users/jakeliu/we-defend-truth-1/airflow_env/lib/python3.12/site-packages/airflow/example_dags/example_sla_dag.py took 0.058 seconds
[2024-08-09T13:50:30.517-0400] {processor.py:161} INFO - Started process (PID=24674) to work on /Users/jakeliu/we-defend-truth-1/airflow_env/lib/python3.12/site-packages/airflow/example_dags/example_sla_dag.py
[2024-08-09T13:50:30.518-0400] {processor.py:830} INFO - Processing file /Users/jakeliu/we-defend-truth-1/airflow_env/lib/python3.12/site-packages/airflow/example_dags/example_sla_dag.py for tasks to queue
[2024-08-09T13:50:30.519-0400] {logging_mixin.py:188} INFO - [2024-08-09T13:50:30.519-0400] {dagbag.py:545} INFO - Filling up the DagBag from /Users/jakeliu/we-defend-truth-1/airflow_env/lib/python3.12/site-packages/airflow/example_dags/example_sla_dag.py
[2024-08-09T13:50:30.533-0400] {processor.py:840} INFO - DAG(s) 'example_sla_dag' retrieved from /Users/jakeliu/we-defend-truth-1/airflow_env/lib/python3.12/site-packages/airflow/example_dags/example_sla_dag.py
[2024-08-09T13:50:30.562-0400] {logging_mixin.py:188} INFO - [2024-08-09T13:50:30.562-0400] {dag.py:3089} INFO - Sync 1 DAGs
[2024-08-09T13:50:30.568-0400] {logging_mixin.py:188} INFO - [2024-08-09T13:50:30.568-0400] {dag.py:3947} INFO - Setting next_dagrun for example_sla_dag to 2024-08-09 17:48:00+00:00, run_after=2024-08-09 17:50:00+00:00
[2024-08-09T13:50:30.575-0400] {processor.py:183} INFO - Processing /Users/jakeliu/we-defend-truth-1/airflow_env/lib/python3.12/site-packages/airflow/example_dags/example_sla_dag.py took 0.058 seconds
[2024-08-09T13:52:13.115-0400] {processor.py:161} INFO - Started process (PID=24757) to work on /Users/jakeliu/we-defend-truth-1/airflow_env/lib/python3.12/site-packages/airflow/example_dags/example_sla_dag.py
[2024-08-09T13:52:13.116-0400] {processor.py:830} INFO - Processing file /Users/jakeliu/we-defend-truth-1/airflow_env/lib/python3.12/site-packages/airflow/example_dags/example_sla_dag.py for tasks to queue
[2024-08-09T13:52:13.117-0400] {logging_mixin.py:188} INFO - [2024-08-09T13:52:13.117-0400] {dagbag.py:545} INFO - Filling up the DagBag from /Users/jakeliu/we-defend-truth-1/airflow_env/lib/python3.12/site-packages/airflow/example_dags/example_sla_dag.py
[2024-08-09T13:52:13.132-0400] {processor.py:840} INFO - DAG(s) 'example_sla_dag' retrieved from /Users/jakeliu/we-defend-truth-1/airflow_env/lib/python3.12/site-packages/airflow/example_dags/example_sla_dag.py
[2024-08-09T13:52:13.161-0400] {logging_mixin.py:188} INFO - [2024-08-09T13:52:13.161-0400] {dag.py:3089} INFO - Sync 1 DAGs
[2024-08-09T13:52:13.167-0400] {logging_mixin.py:188} INFO - [2024-08-09T13:52:13.167-0400] {dag.py:3947} INFO - Setting next_dagrun for example_sla_dag to 2024-08-09 17:50:00+00:00, run_after=2024-08-09 17:52:00+00:00
[2024-08-09T13:52:13.174-0400] {processor.py:183} INFO - Processing /Users/jakeliu/we-defend-truth-1/airflow_env/lib/python3.12/site-packages/airflow/example_dags/example_sla_dag.py took 0.060 seconds
[2024-08-09T13:54:08.725-0400] {processor.py:161} INFO - Started process (PID=24890) to work on /Users/jakeliu/we-defend-truth-1/airflow_env/lib/python3.12/site-packages/airflow/example_dags/example_sla_dag.py
[2024-08-09T13:54:08.726-0400] {processor.py:830} INFO - Processing file /Users/jakeliu/we-defend-truth-1/airflow_env/lib/python3.12/site-packages/airflow/example_dags/example_sla_dag.py for tasks to queue
[2024-08-09T13:54:08.726-0400] {logging_mixin.py:188} INFO - [2024-08-09T13:54:08.726-0400] {dagbag.py:545} INFO - Filling up the DagBag from /Users/jakeliu/we-defend-truth-1/airflow_env/lib/python3.12/site-packages/airflow/example_dags/example_sla_dag.py
[2024-08-09T13:54:08.741-0400] {processor.py:840} INFO - DAG(s) 'example_sla_dag' retrieved from /Users/jakeliu/we-defend-truth-1/airflow_env/lib/python3.12/site-packages/airflow/example_dags/example_sla_dag.py
[2024-08-09T13:54:08.769-0400] {logging_mixin.py:188} INFO - [2024-08-09T13:54:08.769-0400] {dag.py:3089} INFO - Sync 1 DAGs
[2024-08-09T13:54:08.775-0400] {logging_mixin.py:188} INFO - [2024-08-09T13:54:08.775-0400] {dag.py:3947} INFO - Setting next_dagrun for example_sla_dag to 2024-08-09 17:52:00+00:00, run_after=2024-08-09 17:54:00+00:00
[2024-08-09T13:54:08.782-0400] {processor.py:183} INFO - Processing /Users/jakeliu/we-defend-truth-1/airflow_env/lib/python3.12/site-packages/airflow/example_dags/example_sla_dag.py took 0.058 seconds
[2024-08-09T13:56:08.782-0400] {processor.py:161} INFO - Started process (PID=25024) to work on /Users/jakeliu/we-defend-truth-1/airflow_env/lib/python3.12/site-packages/airflow/example_dags/example_sla_dag.py
[2024-08-09T13:56:08.783-0400] {processor.py:830} INFO - Processing file /Users/jakeliu/we-defend-truth-1/airflow_env/lib/python3.12/site-packages/airflow/example_dags/example_sla_dag.py for tasks to queue
[2024-08-09T13:56:08.783-0400] {logging_mixin.py:188} INFO - [2024-08-09T13:56:08.783-0400] {dagbag.py:545} INFO - Filling up the DagBag from /Users/jakeliu/we-defend-truth-1/airflow_env/lib/python3.12/site-packages/airflow/example_dags/example_sla_dag.py
[2024-08-09T13:56:08.797-0400] {processor.py:840} INFO - DAG(s) 'example_sla_dag' retrieved from /Users/jakeliu/we-defend-truth-1/airflow_env/lib/python3.12/site-packages/airflow/example_dags/example_sla_dag.py
[2024-08-09T13:56:08.827-0400] {logging_mixin.py:188} INFO - [2024-08-09T13:56:08.827-0400] {dag.py:3089} INFO - Sync 1 DAGs
[2024-08-09T13:56:08.833-0400] {logging_mixin.py:188} INFO - [2024-08-09T13:56:08.833-0400] {dag.py:3947} INFO - Setting next_dagrun for example_sla_dag to 2024-08-09 17:54:00+00:00, run_after=2024-08-09 17:56:00+00:00
[2024-08-09T13:56:08.839-0400] {processor.py:183} INFO - Processing /Users/jakeliu/we-defend-truth-1/airflow_env/lib/python3.12/site-packages/airflow/example_dags/example_sla_dag.py took 0.058 seconds
