[2024-08-09T13:04:31.657-0400] {processor.py:161} INFO - Started process (PID=20907) to work on /Users/jakeliu/we-defend-truth-1/airflow_env/lib/python3.12/site-packages/airflow/example_dags/example_sensor_decorator.py
[2024-08-09T13:04:31.658-0400] {processor.py:830} INFO - Processing file /Users/jakeliu/we-defend-truth-1/airflow_env/lib/python3.12/site-packages/airflow/example_dags/example_sensor_decorator.py for tasks to queue
[2024-08-09T13:04:31.658-0400] {logging_mixin.py:188} INFO - [2024-08-09T13:04:31.658-0400] {dagbag.py:545} INFO - Filling up the DagBag from /Users/jakeliu/we-defend-truth-1/airflow_env/lib/python3.12/site-packages/airflow/example_dags/example_sensor_decorator.py
[2024-08-09T13:04:31.673-0400] {processor.py:840} INFO - DAG(s) 'example_sensor_decorator' retrieved from /Users/jakeliu/we-defend-truth-1/airflow_env/lib/python3.12/site-packages/airflow/example_dags/example_sensor_decorator.py
[2024-08-09T13:04:31.732-0400] {logging_mixin.py:188} INFO - [2024-08-09T13:04:31.732-0400] {dag.py:3089} INFO - Sync 1 DAGs
[2024-08-09T13:04:31.735-0400] {logging_mixin.py:188} INFO - [2024-08-09T13:04:31.735-0400] {dag.py:3947} INFO - Setting next_dagrun for example_sensor_decorator to None, run_after=None
[2024-08-09T13:04:31.742-0400] {processor.py:183} INFO - Processing /Users/jakeliu/we-defend-truth-1/airflow_env/lib/python3.12/site-packages/airflow/example_dags/example_sensor_decorator.py took 0.086 seconds
[2024-08-09T13:05:55.123-0400] {processor.py:161} INFO - Started process (PID=20996) to work on /Users/jakeliu/we-defend-truth-1/airflow_env/lib/python3.12/site-packages/airflow/example_dags/example_sensor_decorator.py
[2024-08-09T13:05:55.124-0400] {processor.py:830} INFO - Processing file /Users/jakeliu/we-defend-truth-1/airflow_env/lib/python3.12/site-packages/airflow/example_dags/example_sensor_decorator.py for tasks to queue
[2024-08-09T13:05:55.124-0400] {logging_mixin.py:188} INFO - [2024-08-09T13:05:55.124-0400] {dagbag.py:545} INFO - Filling up the DagBag from /Users/jakeliu/we-defend-truth-1/airflow_env/lib/python3.12/site-packages/airflow/example_dags/example_sensor_decorator.py
[2024-08-09T13:05:55.138-0400] {processor.py:840} INFO - DAG(s) 'example_sensor_decorator' retrieved from /Users/jakeliu/we-defend-truth-1/airflow_env/lib/python3.12/site-packages/airflow/example_dags/example_sensor_decorator.py
[2024-08-09T13:05:55.170-0400] {logging_mixin.py:188} INFO - [2024-08-09T13:05:55.170-0400] {dag.py:3089} INFO - Sync 1 DAGs
[2024-08-09T13:05:55.173-0400] {logging_mixin.py:188} INFO - [2024-08-09T13:05:55.173-0400] {dag.py:3947} INFO - Setting next_dagrun for example_sensor_decorator to None, run_after=None
[2024-08-09T13:05:55.179-0400] {processor.py:183} INFO - Processing /Users/jakeliu/we-defend-truth-1/airflow_env/lib/python3.12/site-packages/airflow/example_dags/example_sensor_decorator.py took 0.056 seconds
[2024-08-09T13:07:41.750-0400] {processor.py:161} INFO - Started process (PID=21148) to work on /Users/jakeliu/we-defend-truth-1/airflow_env/lib/python3.12/site-packages/airflow/example_dags/example_sensor_decorator.py
[2024-08-09T13:07:41.751-0400] {processor.py:830} INFO - Processing file /Users/jakeliu/we-defend-truth-1/airflow_env/lib/python3.12/site-packages/airflow/example_dags/example_sensor_decorator.py for tasks to queue
[2024-08-09T13:07:41.751-0400] {logging_mixin.py:188} INFO - [2024-08-09T13:07:41.751-0400] {dagbag.py:545} INFO - Filling up the DagBag from /Users/jakeliu/we-defend-truth-1/airflow_env/lib/python3.12/site-packages/airflow/example_dags/example_sensor_decorator.py
[2024-08-09T13:07:41.765-0400] {processor.py:840} INFO - DAG(s) 'example_sensor_decorator' retrieved from /Users/jakeliu/we-defend-truth-1/airflow_env/lib/python3.12/site-packages/airflow/example_dags/example_sensor_decorator.py
[2024-08-09T13:07:41.799-0400] {logging_mixin.py:188} INFO - [2024-08-09T13:07:41.799-0400] {dag.py:3089} INFO - Sync 1 DAGs
[2024-08-09T13:07:41.802-0400] {logging_mixin.py:188} INFO - [2024-08-09T13:07:41.802-0400] {dag.py:3947} INFO - Setting next_dagrun for example_sensor_decorator to None, run_after=None
[2024-08-09T13:07:41.808-0400] {processor.py:183} INFO - Processing /Users/jakeliu/we-defend-truth-1/airflow_env/lib/python3.12/site-packages/airflow/example_dags/example_sensor_decorator.py took 0.059 seconds
[2024-08-09T13:09:22.439-0400] {processor.py:161} INFO - Started process (PID=21267) to work on /Users/jakeliu/we-defend-truth-1/airflow_env/lib/python3.12/site-packages/airflow/example_dags/example_sensor_decorator.py
[2024-08-09T13:09:22.440-0400] {processor.py:830} INFO - Processing file /Users/jakeliu/we-defend-truth-1/airflow_env/lib/python3.12/site-packages/airflow/example_dags/example_sensor_decorator.py for tasks to queue
[2024-08-09T13:09:22.440-0400] {logging_mixin.py:188} INFO - [2024-08-09T13:09:22.440-0400] {dagbag.py:545} INFO - Filling up the DagBag from /Users/jakeliu/we-defend-truth-1/airflow_env/lib/python3.12/site-packages/airflow/example_dags/example_sensor_decorator.py
[2024-08-09T13:09:22.453-0400] {processor.py:840} INFO - DAG(s) 'example_sensor_decorator' retrieved from /Users/jakeliu/we-defend-truth-1/airflow_env/lib/python3.12/site-packages/airflow/example_dags/example_sensor_decorator.py
[2024-08-09T13:09:22.485-0400] {logging_mixin.py:188} INFO - [2024-08-09T13:09:22.485-0400] {dag.py:3089} INFO - Sync 1 DAGs
[2024-08-09T13:09:22.488-0400] {logging_mixin.py:188} INFO - [2024-08-09T13:09:22.488-0400] {dag.py:3947} INFO - Setting next_dagrun for example_sensor_decorator to None, run_after=None
[2024-08-09T13:09:22.494-0400] {processor.py:183} INFO - Processing /Users/jakeliu/we-defend-truth-1/airflow_env/lib/python3.12/site-packages/airflow/example_dags/example_sensor_decorator.py took 0.056 seconds
[2024-08-09T13:11:04.626-0400] {processor.py:161} INFO - Started process (PID=21369) to work on /Users/jakeliu/we-defend-truth-1/airflow_env/lib/python3.12/site-packages/airflow/example_dags/example_sensor_decorator.py
[2024-08-09T13:11:04.627-0400] {processor.py:830} INFO - Processing file /Users/jakeliu/we-defend-truth-1/airflow_env/lib/python3.12/site-packages/airflow/example_dags/example_sensor_decorator.py for tasks to queue
[2024-08-09T13:11:04.628-0400] {logging_mixin.py:188} INFO - [2024-08-09T13:11:04.628-0400] {dagbag.py:545} INFO - Filling up the DagBag from /Users/jakeliu/we-defend-truth-1/airflow_env/lib/python3.12/site-packages/airflow/example_dags/example_sensor_decorator.py
[2024-08-09T13:11:04.642-0400] {processor.py:840} INFO - DAG(s) 'example_sensor_decorator' retrieved from /Users/jakeliu/we-defend-truth-1/airflow_env/lib/python3.12/site-packages/airflow/example_dags/example_sensor_decorator.py
[2024-08-09T13:11:04.674-0400] {logging_mixin.py:188} INFO - [2024-08-09T13:11:04.674-0400] {dag.py:3089} INFO - Sync 1 DAGs
[2024-08-09T13:11:04.677-0400] {logging_mixin.py:188} INFO - [2024-08-09T13:11:04.677-0400] {dag.py:3947} INFO - Setting next_dagrun for example_sensor_decorator to None, run_after=None
[2024-08-09T13:11:04.683-0400] {processor.py:183} INFO - Processing /Users/jakeliu/we-defend-truth-1/airflow_env/lib/python3.12/site-packages/airflow/example_dags/example_sensor_decorator.py took 0.058 seconds
[2024-08-09T13:12:51.204-0400] {processor.py:161} INFO - Started process (PID=21474) to work on /Users/jakeliu/we-defend-truth-1/airflow_env/lib/python3.12/site-packages/airflow/example_dags/example_sensor_decorator.py
[2024-08-09T13:12:51.205-0400] {processor.py:830} INFO - Processing file /Users/jakeliu/we-defend-truth-1/airflow_env/lib/python3.12/site-packages/airflow/example_dags/example_sensor_decorator.py for tasks to queue
[2024-08-09T13:12:51.205-0400] {logging_mixin.py:188} INFO - [2024-08-09T13:12:51.205-0400] {dagbag.py:545} INFO - Filling up the DagBag from /Users/jakeliu/we-defend-truth-1/airflow_env/lib/python3.12/site-packages/airflow/example_dags/example_sensor_decorator.py
[2024-08-09T13:12:51.218-0400] {processor.py:840} INFO - DAG(s) 'example_sensor_decorator' retrieved from /Users/jakeliu/we-defend-truth-1/airflow_env/lib/python3.12/site-packages/airflow/example_dags/example_sensor_decorator.py
[2024-08-09T13:12:51.250-0400] {logging_mixin.py:188} INFO - [2024-08-09T13:12:51.250-0400] {dag.py:3089} INFO - Sync 1 DAGs
[2024-08-09T13:12:51.253-0400] {logging_mixin.py:188} INFO - [2024-08-09T13:12:51.253-0400] {dag.py:3947} INFO - Setting next_dagrun for example_sensor_decorator to None, run_after=None
[2024-08-09T13:12:51.259-0400] {processor.py:183} INFO - Processing /Users/jakeliu/we-defend-truth-1/airflow_env/lib/python3.12/site-packages/airflow/example_dags/example_sensor_decorator.py took 0.056 seconds
[2024-08-09T13:14:48.840-0400] {processor.py:161} INFO - Started process (PID=21577) to work on /Users/jakeliu/we-defend-truth-1/airflow_env/lib/python3.12/site-packages/airflow/example_dags/example_sensor_decorator.py
[2024-08-09T13:14:48.841-0400] {processor.py:830} INFO - Processing file /Users/jakeliu/we-defend-truth-1/airflow_env/lib/python3.12/site-packages/airflow/example_dags/example_sensor_decorator.py for tasks to queue
[2024-08-09T13:14:48.842-0400] {logging_mixin.py:188} INFO - [2024-08-09T13:14:48.842-0400] {dagbag.py:545} INFO - Filling up the DagBag from /Users/jakeliu/we-defend-truth-1/airflow_env/lib/python3.12/site-packages/airflow/example_dags/example_sensor_decorator.py
[2024-08-09T13:14:48.855-0400] {processor.py:840} INFO - DAG(s) 'example_sensor_decorator' retrieved from /Users/jakeliu/we-defend-truth-1/airflow_env/lib/python3.12/site-packages/airflow/example_dags/example_sensor_decorator.py
[2024-08-09T13:14:48.887-0400] {logging_mixin.py:188} INFO - [2024-08-09T13:14:48.887-0400] {dag.py:3089} INFO - Sync 1 DAGs
[2024-08-09T13:14:48.890-0400] {logging_mixin.py:188} INFO - [2024-08-09T13:14:48.890-0400] {dag.py:3947} INFO - Setting next_dagrun for example_sensor_decorator to None, run_after=None
[2024-08-09T13:14:48.896-0400] {processor.py:183} INFO - Processing /Users/jakeliu/we-defend-truth-1/airflow_env/lib/python3.12/site-packages/airflow/example_dags/example_sensor_decorator.py took 0.057 seconds
[2024-08-09T13:16:45.621-0400] {processor.py:161} INFO - Started process (PID=21687) to work on /Users/jakeliu/we-defend-truth-1/airflow_env/lib/python3.12/site-packages/airflow/example_dags/example_sensor_decorator.py
[2024-08-09T13:16:45.623-0400] {processor.py:830} INFO - Processing file /Users/jakeliu/we-defend-truth-1/airflow_env/lib/python3.12/site-packages/airflow/example_dags/example_sensor_decorator.py for tasks to queue
[2024-08-09T13:16:45.623-0400] {logging_mixin.py:188} INFO - [2024-08-09T13:16:45.623-0400] {dagbag.py:545} INFO - Filling up the DagBag from /Users/jakeliu/we-defend-truth-1/airflow_env/lib/python3.12/site-packages/airflow/example_dags/example_sensor_decorator.py
[2024-08-09T13:16:45.637-0400] {processor.py:840} INFO - DAG(s) 'example_sensor_decorator' retrieved from /Users/jakeliu/we-defend-truth-1/airflow_env/lib/python3.12/site-packages/airflow/example_dags/example_sensor_decorator.py
[2024-08-09T13:16:45.671-0400] {logging_mixin.py:188} INFO - [2024-08-09T13:16:45.671-0400] {dag.py:3089} INFO - Sync 1 DAGs
[2024-08-09T13:16:45.674-0400] {logging_mixin.py:188} INFO - [2024-08-09T13:16:45.674-0400] {dag.py:3947} INFO - Setting next_dagrun for example_sensor_decorator to None, run_after=None
[2024-08-09T13:16:45.680-0400] {processor.py:183} INFO - Processing /Users/jakeliu/we-defend-truth-1/airflow_env/lib/python3.12/site-packages/airflow/example_dags/example_sensor_decorator.py took 0.060 seconds
[2024-08-09T13:18:27.325-0400] {processor.py:161} INFO - Started process (PID=21862) to work on /Users/jakeliu/we-defend-truth-1/airflow_env/lib/python3.12/site-packages/airflow/example_dags/example_sensor_decorator.py
[2024-08-09T13:18:27.326-0400] {processor.py:830} INFO - Processing file /Users/jakeliu/we-defend-truth-1/airflow_env/lib/python3.12/site-packages/airflow/example_dags/example_sensor_decorator.py for tasks to queue
[2024-08-09T13:18:27.326-0400] {logging_mixin.py:188} INFO - [2024-08-09T13:18:27.326-0400] {dagbag.py:545} INFO - Filling up the DagBag from /Users/jakeliu/we-defend-truth-1/airflow_env/lib/python3.12/site-packages/airflow/example_dags/example_sensor_decorator.py
[2024-08-09T13:18:27.340-0400] {processor.py:840} INFO - DAG(s) 'example_sensor_decorator' retrieved from /Users/jakeliu/we-defend-truth-1/airflow_env/lib/python3.12/site-packages/airflow/example_dags/example_sensor_decorator.py
[2024-08-09T13:18:27.372-0400] {logging_mixin.py:188} INFO - [2024-08-09T13:18:27.372-0400] {dag.py:3089} INFO - Sync 1 DAGs
[2024-08-09T13:18:27.375-0400] {logging_mixin.py:188} INFO - [2024-08-09T13:18:27.375-0400] {dag.py:3947} INFO - Setting next_dagrun for example_sensor_decorator to None, run_after=None
[2024-08-09T13:18:27.380-0400] {processor.py:183} INFO - Processing /Users/jakeliu/we-defend-truth-1/airflow_env/lib/python3.12/site-packages/airflow/example_dags/example_sensor_decorator.py took 0.057 seconds
[2024-08-09T13:20:10.448-0400] {processor.py:161} INFO - Started process (PID=21975) to work on /Users/jakeliu/we-defend-truth-1/airflow_env/lib/python3.12/site-packages/airflow/example_dags/example_sensor_decorator.py
[2024-08-09T13:20:10.449-0400] {processor.py:830} INFO - Processing file /Users/jakeliu/we-defend-truth-1/airflow_env/lib/python3.12/site-packages/airflow/example_dags/example_sensor_decorator.py for tasks to queue
[2024-08-09T13:20:10.449-0400] {logging_mixin.py:188} INFO - [2024-08-09T13:20:10.449-0400] {dagbag.py:545} INFO - Filling up the DagBag from /Users/jakeliu/we-defend-truth-1/airflow_env/lib/python3.12/site-packages/airflow/example_dags/example_sensor_decorator.py
[2024-08-09T13:20:10.464-0400] {processor.py:840} INFO - DAG(s) 'example_sensor_decorator' retrieved from /Users/jakeliu/we-defend-truth-1/airflow_env/lib/python3.12/site-packages/airflow/example_dags/example_sensor_decorator.py
[2024-08-09T13:20:10.499-0400] {logging_mixin.py:188} INFO - [2024-08-09T13:20:10.499-0400] {dag.py:3089} INFO - Sync 1 DAGs
[2024-08-09T13:20:10.502-0400] {logging_mixin.py:188} INFO - [2024-08-09T13:20:10.502-0400] {dag.py:3947} INFO - Setting next_dagrun for example_sensor_decorator to None, run_after=None
[2024-08-09T13:20:10.508-0400] {processor.py:183} INFO - Processing /Users/jakeliu/we-defend-truth-1/airflow_env/lib/python3.12/site-packages/airflow/example_dags/example_sensor_decorator.py took 0.061 seconds
[2024-08-09T13:21:52.613-0400] {processor.py:161} INFO - Started process (PID=22608) to work on /Users/jakeliu/we-defend-truth-1/airflow_env/lib/python3.12/site-packages/airflow/example_dags/example_sensor_decorator.py
[2024-08-09T13:21:52.615-0400] {processor.py:830} INFO - Processing file /Users/jakeliu/we-defend-truth-1/airflow_env/lib/python3.12/site-packages/airflow/example_dags/example_sensor_decorator.py for tasks to queue
[2024-08-09T13:21:52.615-0400] {logging_mixin.py:188} INFO - [2024-08-09T13:21:52.615-0400] {dagbag.py:545} INFO - Filling up the DagBag from /Users/jakeliu/we-defend-truth-1/airflow_env/lib/python3.12/site-packages/airflow/example_dags/example_sensor_decorator.py
[2024-08-09T13:21:52.629-0400] {processor.py:840} INFO - DAG(s) 'example_sensor_decorator' retrieved from /Users/jakeliu/we-defend-truth-1/airflow_env/lib/python3.12/site-packages/airflow/example_dags/example_sensor_decorator.py
[2024-08-09T13:21:52.663-0400] {logging_mixin.py:188} INFO - [2024-08-09T13:21:52.663-0400] {dag.py:3089} INFO - Sync 1 DAGs
[2024-08-09T13:21:52.666-0400] {logging_mixin.py:188} INFO - [2024-08-09T13:21:52.666-0400] {dag.py:3947} INFO - Setting next_dagrun for example_sensor_decorator to None, run_after=None
[2024-08-09T13:21:52.672-0400] {processor.py:183} INFO - Processing /Users/jakeliu/we-defend-truth-1/airflow_env/lib/python3.12/site-packages/airflow/example_dags/example_sensor_decorator.py took 0.060 seconds
[2024-08-09T13:23:35.373-0400] {processor.py:161} INFO - Started process (PID=22712) to work on /Users/jakeliu/we-defend-truth-1/airflow_env/lib/python3.12/site-packages/airflow/example_dags/example_sensor_decorator.py
[2024-08-09T13:23:35.374-0400] {processor.py:830} INFO - Processing file /Users/jakeliu/we-defend-truth-1/airflow_env/lib/python3.12/site-packages/airflow/example_dags/example_sensor_decorator.py for tasks to queue
[2024-08-09T13:23:35.374-0400] {logging_mixin.py:188} INFO - [2024-08-09T13:23:35.374-0400] {dagbag.py:545} INFO - Filling up the DagBag from /Users/jakeliu/we-defend-truth-1/airflow_env/lib/python3.12/site-packages/airflow/example_dags/example_sensor_decorator.py
[2024-08-09T13:23:35.389-0400] {processor.py:840} INFO - DAG(s) 'example_sensor_decorator' retrieved from /Users/jakeliu/we-defend-truth-1/airflow_env/lib/python3.12/site-packages/airflow/example_dags/example_sensor_decorator.py
[2024-08-09T13:23:35.422-0400] {logging_mixin.py:188} INFO - [2024-08-09T13:23:35.422-0400] {dag.py:3089} INFO - Sync 1 DAGs
[2024-08-09T13:23:35.425-0400] {logging_mixin.py:188} INFO - [2024-08-09T13:23:35.425-0400] {dag.py:3947} INFO - Setting next_dagrun for example_sensor_decorator to None, run_after=None
[2024-08-09T13:23:35.431-0400] {processor.py:183} INFO - Processing /Users/jakeliu/we-defend-truth-1/airflow_env/lib/python3.12/site-packages/airflow/example_dags/example_sensor_decorator.py took 0.059 seconds
[2024-08-09T13:25:22.614-0400] {processor.py:161} INFO - Started process (PID=22841) to work on /Users/jakeliu/we-defend-truth-1/airflow_env/lib/python3.12/site-packages/airflow/example_dags/example_sensor_decorator.py
[2024-08-09T13:25:22.615-0400] {processor.py:830} INFO - Processing file /Users/jakeliu/we-defend-truth-1/airflow_env/lib/python3.12/site-packages/airflow/example_dags/example_sensor_decorator.py for tasks to queue
[2024-08-09T13:25:22.615-0400] {logging_mixin.py:188} INFO - [2024-08-09T13:25:22.615-0400] {dagbag.py:545} INFO - Filling up the DagBag from /Users/jakeliu/we-defend-truth-1/airflow_env/lib/python3.12/site-packages/airflow/example_dags/example_sensor_decorator.py
[2024-08-09T13:25:22.629-0400] {processor.py:840} INFO - DAG(s) 'example_sensor_decorator' retrieved from /Users/jakeliu/we-defend-truth-1/airflow_env/lib/python3.12/site-packages/airflow/example_dags/example_sensor_decorator.py
[2024-08-09T13:25:22.661-0400] {logging_mixin.py:188} INFO - [2024-08-09T13:25:22.661-0400] {dag.py:3089} INFO - Sync 1 DAGs
[2024-08-09T13:25:22.664-0400] {logging_mixin.py:188} INFO - [2024-08-09T13:25:22.664-0400] {dag.py:3947} INFO - Setting next_dagrun for example_sensor_decorator to None, run_after=None
[2024-08-09T13:25:22.670-0400] {processor.py:183} INFO - Processing /Users/jakeliu/we-defend-truth-1/airflow_env/lib/python3.12/site-packages/airflow/example_dags/example_sensor_decorator.py took 0.057 seconds
[2024-08-09T13:27:19.941-0400] {processor.py:161} INFO - Started process (PID=22954) to work on /Users/jakeliu/we-defend-truth-1/airflow_env/lib/python3.12/site-packages/airflow/example_dags/example_sensor_decorator.py
[2024-08-09T13:27:19.942-0400] {processor.py:830} INFO - Processing file /Users/jakeliu/we-defend-truth-1/airflow_env/lib/python3.12/site-packages/airflow/example_dags/example_sensor_decorator.py for tasks to queue
[2024-08-09T13:27:19.942-0400] {logging_mixin.py:188} INFO - [2024-08-09T13:27:19.942-0400] {dagbag.py:545} INFO - Filling up the DagBag from /Users/jakeliu/we-defend-truth-1/airflow_env/lib/python3.12/site-packages/airflow/example_dags/example_sensor_decorator.py
[2024-08-09T13:27:19.956-0400] {processor.py:840} INFO - DAG(s) 'example_sensor_decorator' retrieved from /Users/jakeliu/we-defend-truth-1/airflow_env/lib/python3.12/site-packages/airflow/example_dags/example_sensor_decorator.py
[2024-08-09T13:27:19.989-0400] {logging_mixin.py:188} INFO - [2024-08-09T13:27:19.989-0400] {dag.py:3089} INFO - Sync 1 DAGs
[2024-08-09T13:27:19.993-0400] {logging_mixin.py:188} INFO - [2024-08-09T13:27:19.993-0400] {dag.py:3947} INFO - Setting next_dagrun for example_sensor_decorator to None, run_after=None
[2024-08-09T13:27:19.999-0400] {processor.py:183} INFO - Processing /Users/jakeliu/we-defend-truth-1/airflow_env/lib/python3.12/site-packages/airflow/example_dags/example_sensor_decorator.py took 0.058 seconds
