[2024-08-09T13:04:22.838-0400] {processor.py:161} INFO - Started process (PID=20902) to work on /Users/jakeliu/we-defend-truth-1/airflow_env/lib/python3.12/site-packages/airflow/example_dags/example_short_circuit_operator.py
[2024-08-09T13:04:22.838-0400] {processor.py:830} INFO - Processing file /Users/jakeliu/we-defend-truth-1/airflow_env/lib/python3.12/site-packages/airflow/example_dags/example_short_circuit_operator.py for tasks to queue
[2024-08-09T13:04:22.839-0400] {logging_mixin.py:188} INFO - [2024-08-09T13:04:22.839-0400] {dagbag.py:545} INFO - Filling up the DagBag from /Users/jakeliu/we-defend-truth-1/airflow_env/lib/python3.12/site-packages/airflow/example_dags/example_short_circuit_operator.py
[2024-08-09T13:04:22.870-0400] {processor.py:840} INFO - DAG(s) 'example_short_circuit_operator' retrieved from /Users/jakeliu/we-defend-truth-1/airflow_env/lib/python3.12/site-packages/airflow/example_dags/example_short_circuit_operator.py
[2024-08-09T13:04:22.944-0400] {logging_mixin.py:188} INFO - [2024-08-09T13:04:22.944-0400] {dag.py:3089} INFO - Sync 1 DAGs
[2024-08-09T13:04:22.950-0400] {logging_mixin.py:188} INFO - [2024-08-09T13:04:22.950-0400] {dag.py:3947} INFO - Setting next_dagrun for example_short_circuit_operator to 2024-08-08 00:00:00+00:00, run_after=2024-08-09 00:00:00+00:00
[2024-08-09T13:04:22.958-0400] {processor.py:183} INFO - Processing /Users/jakeliu/we-defend-truth-1/airflow_env/lib/python3.12/site-packages/airflow/example_dags/example_short_circuit_operator.py took 0.121 seconds
[2024-08-09T13:05:48.297-0400] {processor.py:161} INFO - Started process (PID=20982) to work on /Users/jakeliu/we-defend-truth-1/airflow_env/lib/python3.12/site-packages/airflow/example_dags/example_short_circuit_operator.py
[2024-08-09T13:05:48.298-0400] {processor.py:830} INFO - Processing file /Users/jakeliu/we-defend-truth-1/airflow_env/lib/python3.12/site-packages/airflow/example_dags/example_short_circuit_operator.py for tasks to queue
[2024-08-09T13:05:48.298-0400] {logging_mixin.py:188} INFO - [2024-08-09T13:05:48.298-0400] {dagbag.py:545} INFO - Filling up the DagBag from /Users/jakeliu/we-defend-truth-1/airflow_env/lib/python3.12/site-packages/airflow/example_dags/example_short_circuit_operator.py
[2024-08-09T13:05:48.309-0400] {processor.py:840} INFO - DAG(s) 'example_short_circuit_operator' retrieved from /Users/jakeliu/we-defend-truth-1/airflow_env/lib/python3.12/site-packages/airflow/example_dags/example_short_circuit_operator.py
[2024-08-09T13:05:48.342-0400] {logging_mixin.py:188} INFO - [2024-08-09T13:05:48.342-0400] {dag.py:3089} INFO - Sync 1 DAGs
[2024-08-09T13:05:48.348-0400] {logging_mixin.py:188} INFO - [2024-08-09T13:05:48.348-0400] {dag.py:3947} INFO - Setting next_dagrun for example_short_circuit_operator to 2024-08-08 00:00:00+00:00, run_after=2024-08-09 00:00:00+00:00
[2024-08-09T13:05:48.356-0400] {processor.py:183} INFO - Processing /Users/jakeliu/we-defend-truth-1/airflow_env/lib/python3.12/site-packages/airflow/example_dags/example_short_circuit_operator.py took 0.059 seconds
[2024-08-09T13:07:32.904-0400] {processor.py:161} INFO - Started process (PID=21140) to work on /Users/jakeliu/we-defend-truth-1/airflow_env/lib/python3.12/site-packages/airflow/example_dags/example_short_circuit_operator.py
[2024-08-09T13:07:32.905-0400] {processor.py:830} INFO - Processing file /Users/jakeliu/we-defend-truth-1/airflow_env/lib/python3.12/site-packages/airflow/example_dags/example_short_circuit_operator.py for tasks to queue
[2024-08-09T13:07:32.906-0400] {logging_mixin.py:188} INFO - [2024-08-09T13:07:32.906-0400] {dagbag.py:545} INFO - Filling up the DagBag from /Users/jakeliu/we-defend-truth-1/airflow_env/lib/python3.12/site-packages/airflow/example_dags/example_short_circuit_operator.py
[2024-08-09T13:07:32.917-0400] {processor.py:840} INFO - DAG(s) 'example_short_circuit_operator' retrieved from /Users/jakeliu/we-defend-truth-1/airflow_env/lib/python3.12/site-packages/airflow/example_dags/example_short_circuit_operator.py
[2024-08-09T13:07:32.948-0400] {logging_mixin.py:188} INFO - [2024-08-09T13:07:32.948-0400] {dag.py:3089} INFO - Sync 1 DAGs
[2024-08-09T13:07:32.953-0400] {logging_mixin.py:188} INFO - [2024-08-09T13:07:32.953-0400] {dag.py:3947} INFO - Setting next_dagrun for example_short_circuit_operator to 2024-08-08 00:00:00+00:00, run_after=2024-08-09 00:00:00+00:00
[2024-08-09T13:07:32.959-0400] {processor.py:183} INFO - Processing /Users/jakeliu/we-defend-truth-1/airflow_env/lib/python3.12/site-packages/airflow/example_dags/example_short_circuit_operator.py took 0.055 seconds
[2024-08-09T13:09:15.030-0400] {processor.py:161} INFO - Started process (PID=21252) to work on /Users/jakeliu/we-defend-truth-1/airflow_env/lib/python3.12/site-packages/airflow/example_dags/example_short_circuit_operator.py
[2024-08-09T13:09:15.030-0400] {processor.py:830} INFO - Processing file /Users/jakeliu/we-defend-truth-1/airflow_env/lib/python3.12/site-packages/airflow/example_dags/example_short_circuit_operator.py for tasks to queue
[2024-08-09T13:09:15.030-0400] {logging_mixin.py:188} INFO - [2024-08-09T13:09:15.030-0400] {dagbag.py:545} INFO - Filling up the DagBag from /Users/jakeliu/we-defend-truth-1/airflow_env/lib/python3.12/site-packages/airflow/example_dags/example_short_circuit_operator.py
[2024-08-09T13:09:15.041-0400] {processor.py:840} INFO - DAG(s) 'example_short_circuit_operator' retrieved from /Users/jakeliu/we-defend-truth-1/airflow_env/lib/python3.12/site-packages/airflow/example_dags/example_short_circuit_operator.py
[2024-08-09T13:09:15.071-0400] {logging_mixin.py:188} INFO - [2024-08-09T13:09:15.071-0400] {dag.py:3089} INFO - Sync 1 DAGs
[2024-08-09T13:09:15.076-0400] {logging_mixin.py:188} INFO - [2024-08-09T13:09:15.076-0400] {dag.py:3947} INFO - Setting next_dagrun for example_short_circuit_operator to 2024-08-08 00:00:00+00:00, run_after=2024-08-09 00:00:00+00:00
[2024-08-09T13:09:15.082-0400] {processor.py:183} INFO - Processing /Users/jakeliu/we-defend-truth-1/airflow_env/lib/python3.12/site-packages/airflow/example_dags/example_short_circuit_operator.py took 0.054 seconds
[2024-08-09T13:10:57.135-0400] {processor.py:161} INFO - Started process (PID=21364) to work on /Users/jakeliu/we-defend-truth-1/airflow_env/lib/python3.12/site-packages/airflow/example_dags/example_short_circuit_operator.py
[2024-08-09T13:10:57.136-0400] {processor.py:830} INFO - Processing file /Users/jakeliu/we-defend-truth-1/airflow_env/lib/python3.12/site-packages/airflow/example_dags/example_short_circuit_operator.py for tasks to queue
[2024-08-09T13:10:57.136-0400] {logging_mixin.py:188} INFO - [2024-08-09T13:10:57.136-0400] {dagbag.py:545} INFO - Filling up the DagBag from /Users/jakeliu/we-defend-truth-1/airflow_env/lib/python3.12/site-packages/airflow/example_dags/example_short_circuit_operator.py
[2024-08-09T13:10:57.147-0400] {processor.py:840} INFO - DAG(s) 'example_short_circuit_operator' retrieved from /Users/jakeliu/we-defend-truth-1/airflow_env/lib/python3.12/site-packages/airflow/example_dags/example_short_circuit_operator.py
[2024-08-09T13:10:57.179-0400] {logging_mixin.py:188} INFO - [2024-08-09T13:10:57.179-0400] {dag.py:3089} INFO - Sync 1 DAGs
[2024-08-09T13:10:57.185-0400] {logging_mixin.py:188} INFO - [2024-08-09T13:10:57.184-0400] {dag.py:3947} INFO - Setting next_dagrun for example_short_circuit_operator to 2024-08-08 00:00:00+00:00, run_after=2024-08-09 00:00:00+00:00
[2024-08-09T13:10:57.191-0400] {processor.py:183} INFO - Processing /Users/jakeliu/we-defend-truth-1/airflow_env/lib/python3.12/site-packages/airflow/example_dags/example_short_circuit_operator.py took 0.057 seconds
[2024-08-09T13:12:42.559-0400] {processor.py:161} INFO - Started process (PID=21468) to work on /Users/jakeliu/we-defend-truth-1/airflow_env/lib/python3.12/site-packages/airflow/example_dags/example_short_circuit_operator.py
[2024-08-09T13:12:42.560-0400] {processor.py:830} INFO - Processing file /Users/jakeliu/we-defend-truth-1/airflow_env/lib/python3.12/site-packages/airflow/example_dags/example_short_circuit_operator.py for tasks to queue
[2024-08-09T13:12:42.561-0400] {logging_mixin.py:188} INFO - [2024-08-09T13:12:42.561-0400] {dagbag.py:545} INFO - Filling up the DagBag from /Users/jakeliu/we-defend-truth-1/airflow_env/lib/python3.12/site-packages/airflow/example_dags/example_short_circuit_operator.py
[2024-08-09T13:12:42.571-0400] {processor.py:840} INFO - DAG(s) 'example_short_circuit_operator' retrieved from /Users/jakeliu/we-defend-truth-1/airflow_env/lib/python3.12/site-packages/airflow/example_dags/example_short_circuit_operator.py
[2024-08-09T13:12:42.601-0400] {logging_mixin.py:188} INFO - [2024-08-09T13:12:42.601-0400] {dag.py:3089} INFO - Sync 1 DAGs
[2024-08-09T13:12:42.606-0400] {logging_mixin.py:188} INFO - [2024-08-09T13:12:42.606-0400] {dag.py:3947} INFO - Setting next_dagrun for example_short_circuit_operator to 2024-08-08 00:00:00+00:00, run_after=2024-08-09 00:00:00+00:00
[2024-08-09T13:12:42.613-0400] {processor.py:183} INFO - Processing /Users/jakeliu/we-defend-truth-1/airflow_env/lib/python3.12/site-packages/airflow/example_dags/example_short_circuit_operator.py took 0.054 seconds
[2024-08-09T13:14:40.252-0400] {processor.py:161} INFO - Started process (PID=21570) to work on /Users/jakeliu/we-defend-truth-1/airflow_env/lib/python3.12/site-packages/airflow/example_dags/example_short_circuit_operator.py
[2024-08-09T13:14:40.252-0400] {processor.py:830} INFO - Processing file /Users/jakeliu/we-defend-truth-1/airflow_env/lib/python3.12/site-packages/airflow/example_dags/example_short_circuit_operator.py for tasks to queue
[2024-08-09T13:14:40.253-0400] {logging_mixin.py:188} INFO - [2024-08-09T13:14:40.253-0400] {dagbag.py:545} INFO - Filling up the DagBag from /Users/jakeliu/we-defend-truth-1/airflow_env/lib/python3.12/site-packages/airflow/example_dags/example_short_circuit_operator.py
[2024-08-09T13:14:40.263-0400] {processor.py:840} INFO - DAG(s) 'example_short_circuit_operator' retrieved from /Users/jakeliu/we-defend-truth-1/airflow_env/lib/python3.12/site-packages/airflow/example_dags/example_short_circuit_operator.py
[2024-08-09T13:14:40.293-0400] {logging_mixin.py:188} INFO - [2024-08-09T13:14:40.293-0400] {dag.py:3089} INFO - Sync 1 DAGs
[2024-08-09T13:14:40.298-0400] {logging_mixin.py:188} INFO - [2024-08-09T13:14:40.298-0400] {dag.py:3947} INFO - Setting next_dagrun for example_short_circuit_operator to 2024-08-08 00:00:00+00:00, run_after=2024-08-09 00:00:00+00:00
[2024-08-09T13:14:40.304-0400] {processor.py:183} INFO - Processing /Users/jakeliu/we-defend-truth-1/airflow_env/lib/python3.12/site-packages/airflow/example_dags/example_short_circuit_operator.py took 0.053 seconds
[2024-08-09T13:16:37.050-0400] {processor.py:161} INFO - Started process (PID=21680) to work on /Users/jakeliu/we-defend-truth-1/airflow_env/lib/python3.12/site-packages/airflow/example_dags/example_short_circuit_operator.py
[2024-08-09T13:16:37.051-0400] {processor.py:830} INFO - Processing file /Users/jakeliu/we-defend-truth-1/airflow_env/lib/python3.12/site-packages/airflow/example_dags/example_short_circuit_operator.py for tasks to queue
[2024-08-09T13:16:37.052-0400] {logging_mixin.py:188} INFO - [2024-08-09T13:16:37.052-0400] {dagbag.py:545} INFO - Filling up the DagBag from /Users/jakeliu/we-defend-truth-1/airflow_env/lib/python3.12/site-packages/airflow/example_dags/example_short_circuit_operator.py
[2024-08-09T13:16:37.062-0400] {processor.py:840} INFO - DAG(s) 'example_short_circuit_operator' retrieved from /Users/jakeliu/we-defend-truth-1/airflow_env/lib/python3.12/site-packages/airflow/example_dags/example_short_circuit_operator.py
[2024-08-09T13:16:37.093-0400] {logging_mixin.py:188} INFO - [2024-08-09T13:16:37.093-0400] {dag.py:3089} INFO - Sync 1 DAGs
[2024-08-09T13:16:37.098-0400] {logging_mixin.py:188} INFO - [2024-08-09T13:16:37.098-0400] {dag.py:3947} INFO - Setting next_dagrun for example_short_circuit_operator to 2024-08-08 00:00:00+00:00, run_after=2024-08-09 00:00:00+00:00
[2024-08-09T13:16:37.104-0400] {processor.py:183} INFO - Processing /Users/jakeliu/we-defend-truth-1/airflow_env/lib/python3.12/site-packages/airflow/example_dags/example_short_circuit_operator.py took 0.055 seconds
[2024-08-09T13:18:19.447-0400] {processor.py:161} INFO - Started process (PID=21856) to work on /Users/jakeliu/we-defend-truth-1/airflow_env/lib/python3.12/site-packages/airflow/example_dags/example_short_circuit_operator.py
[2024-08-09T13:18:19.447-0400] {processor.py:830} INFO - Processing file /Users/jakeliu/we-defend-truth-1/airflow_env/lib/python3.12/site-packages/airflow/example_dags/example_short_circuit_operator.py for tasks to queue
[2024-08-09T13:18:19.447-0400] {logging_mixin.py:188} INFO - [2024-08-09T13:18:19.447-0400] {dagbag.py:545} INFO - Filling up the DagBag from /Users/jakeliu/we-defend-truth-1/airflow_env/lib/python3.12/site-packages/airflow/example_dags/example_short_circuit_operator.py
[2024-08-09T13:18:19.457-0400] {processor.py:840} INFO - DAG(s) 'example_short_circuit_operator' retrieved from /Users/jakeliu/we-defend-truth-1/airflow_env/lib/python3.12/site-packages/airflow/example_dags/example_short_circuit_operator.py
[2024-08-09T13:18:19.488-0400] {logging_mixin.py:188} INFO - [2024-08-09T13:18:19.488-0400] {dag.py:3089} INFO - Sync 1 DAGs
[2024-08-09T13:18:19.493-0400] {logging_mixin.py:188} INFO - [2024-08-09T13:18:19.493-0400] {dag.py:3947} INFO - Setting next_dagrun for example_short_circuit_operator to 2024-08-08 00:00:00+00:00, run_after=2024-08-09 00:00:00+00:00
[2024-08-09T13:18:19.499-0400] {processor.py:183} INFO - Processing /Users/jakeliu/we-defend-truth-1/airflow_env/lib/python3.12/site-packages/airflow/example_dags/example_short_circuit_operator.py took 0.054 seconds
[2024-08-09T13:20:03.687-0400] {processor.py:161} INFO - Started process (PID=21967) to work on /Users/jakeliu/we-defend-truth-1/airflow_env/lib/python3.12/site-packages/airflow/example_dags/example_short_circuit_operator.py
[2024-08-09T13:20:03.687-0400] {processor.py:830} INFO - Processing file /Users/jakeliu/we-defend-truth-1/airflow_env/lib/python3.12/site-packages/airflow/example_dags/example_short_circuit_operator.py for tasks to queue
[2024-08-09T13:20:03.687-0400] {logging_mixin.py:188} INFO - [2024-08-09T13:20:03.687-0400] {dagbag.py:545} INFO - Filling up the DagBag from /Users/jakeliu/we-defend-truth-1/airflow_env/lib/python3.12/site-packages/airflow/example_dags/example_short_circuit_operator.py
[2024-08-09T13:20:03.698-0400] {processor.py:840} INFO - DAG(s) 'example_short_circuit_operator' retrieved from /Users/jakeliu/we-defend-truth-1/airflow_env/lib/python3.12/site-packages/airflow/example_dags/example_short_circuit_operator.py
[2024-08-09T13:20:03.731-0400] {logging_mixin.py:188} INFO - [2024-08-09T13:20:03.731-0400] {dag.py:3089} INFO - Sync 1 DAGs
[2024-08-09T13:20:03.736-0400] {logging_mixin.py:188} INFO - [2024-08-09T13:20:03.736-0400] {dag.py:3947} INFO - Setting next_dagrun for example_short_circuit_operator to 2024-08-08 00:00:00+00:00, run_after=2024-08-09 00:00:00+00:00
[2024-08-09T13:20:03.744-0400] {processor.py:183} INFO - Processing /Users/jakeliu/we-defend-truth-1/airflow_env/lib/python3.12/site-packages/airflow/example_dags/example_short_circuit_operator.py took 0.058 seconds
[2024-08-09T13:21:44.458-0400] {processor.py:161} INFO - Started process (PID=22603) to work on /Users/jakeliu/we-defend-truth-1/airflow_env/lib/python3.12/site-packages/airflow/example_dags/example_short_circuit_operator.py
[2024-08-09T13:21:44.459-0400] {processor.py:830} INFO - Processing file /Users/jakeliu/we-defend-truth-1/airflow_env/lib/python3.12/site-packages/airflow/example_dags/example_short_circuit_operator.py for tasks to queue
[2024-08-09T13:21:44.460-0400] {logging_mixin.py:188} INFO - [2024-08-09T13:21:44.459-0400] {dagbag.py:545} INFO - Filling up the DagBag from /Users/jakeliu/we-defend-truth-1/airflow_env/lib/python3.12/site-packages/airflow/example_dags/example_short_circuit_operator.py
[2024-08-09T13:21:44.471-0400] {processor.py:840} INFO - DAG(s) 'example_short_circuit_operator' retrieved from /Users/jakeliu/we-defend-truth-1/airflow_env/lib/python3.12/site-packages/airflow/example_dags/example_short_circuit_operator.py
[2024-08-09T13:21:44.506-0400] {logging_mixin.py:188} INFO - [2024-08-09T13:21:44.505-0400] {dag.py:3089} INFO - Sync 1 DAGs
[2024-08-09T13:21:44.511-0400] {logging_mixin.py:188} INFO - [2024-08-09T13:21:44.511-0400] {dag.py:3947} INFO - Setting next_dagrun for example_short_circuit_operator to 2024-08-08 00:00:00+00:00, run_after=2024-08-09 00:00:00+00:00
[2024-08-09T13:21:44.517-0400] {processor.py:183} INFO - Processing /Users/jakeliu/we-defend-truth-1/airflow_env/lib/python3.12/site-packages/airflow/example_dags/example_short_circuit_operator.py took 0.061 seconds
[2024-08-09T13:23:27.150-0400] {processor.py:161} INFO - Started process (PID=22707) to work on /Users/jakeliu/we-defend-truth-1/airflow_env/lib/python3.12/site-packages/airflow/example_dags/example_short_circuit_operator.py
[2024-08-09T13:23:27.151-0400] {processor.py:830} INFO - Processing file /Users/jakeliu/we-defend-truth-1/airflow_env/lib/python3.12/site-packages/airflow/example_dags/example_short_circuit_operator.py for tasks to queue
[2024-08-09T13:23:27.151-0400] {logging_mixin.py:188} INFO - [2024-08-09T13:23:27.151-0400] {dagbag.py:545} INFO - Filling up the DagBag from /Users/jakeliu/we-defend-truth-1/airflow_env/lib/python3.12/site-packages/airflow/example_dags/example_short_circuit_operator.py
[2024-08-09T13:23:27.162-0400] {processor.py:840} INFO - DAG(s) 'example_short_circuit_operator' retrieved from /Users/jakeliu/we-defend-truth-1/airflow_env/lib/python3.12/site-packages/airflow/example_dags/example_short_circuit_operator.py
[2024-08-09T13:23:27.192-0400] {logging_mixin.py:188} INFO - [2024-08-09T13:23:27.192-0400] {dag.py:3089} INFO - Sync 1 DAGs
[2024-08-09T13:23:27.197-0400] {logging_mixin.py:188} INFO - [2024-08-09T13:23:27.197-0400] {dag.py:3947} INFO - Setting next_dagrun for example_short_circuit_operator to 2024-08-08 00:00:00+00:00, run_after=2024-08-09 00:00:00+00:00
[2024-08-09T13:23:27.203-0400] {processor.py:183} INFO - Processing /Users/jakeliu/we-defend-truth-1/airflow_env/lib/python3.12/site-packages/airflow/example_dags/example_short_circuit_operator.py took 0.054 seconds
[2024-08-09T13:25:13.850-0400] {processor.py:161} INFO - Started process (PID=22836) to work on /Users/jakeliu/we-defend-truth-1/airflow_env/lib/python3.12/site-packages/airflow/example_dags/example_short_circuit_operator.py
[2024-08-09T13:25:13.851-0400] {processor.py:830} INFO - Processing file /Users/jakeliu/we-defend-truth-1/airflow_env/lib/python3.12/site-packages/airflow/example_dags/example_short_circuit_operator.py for tasks to queue
[2024-08-09T13:25:13.851-0400] {logging_mixin.py:188} INFO - [2024-08-09T13:25:13.851-0400] {dagbag.py:545} INFO - Filling up the DagBag from /Users/jakeliu/we-defend-truth-1/airflow_env/lib/python3.12/site-packages/airflow/example_dags/example_short_circuit_operator.py
[2024-08-09T13:25:13.862-0400] {processor.py:840} INFO - DAG(s) 'example_short_circuit_operator' retrieved from /Users/jakeliu/we-defend-truth-1/airflow_env/lib/python3.12/site-packages/airflow/example_dags/example_short_circuit_operator.py
[2024-08-09T13:25:13.895-0400] {logging_mixin.py:188} INFO - [2024-08-09T13:25:13.895-0400] {dag.py:3089} INFO - Sync 1 DAGs
[2024-08-09T13:25:13.900-0400] {logging_mixin.py:188} INFO - [2024-08-09T13:25:13.900-0400] {dag.py:3947} INFO - Setting next_dagrun for example_short_circuit_operator to 2024-08-08 00:00:00+00:00, run_after=2024-08-09 00:00:00+00:00
[2024-08-09T13:25:13.907-0400] {processor.py:183} INFO - Processing /Users/jakeliu/we-defend-truth-1/airflow_env/lib/python3.12/site-packages/airflow/example_dags/example_short_circuit_operator.py took 0.058 seconds
[2024-08-09T13:27:11.339-0400] {processor.py:161} INFO - Started process (PID=22947) to work on /Users/jakeliu/we-defend-truth-1/airflow_env/lib/python3.12/site-packages/airflow/example_dags/example_short_circuit_operator.py
[2024-08-09T13:27:11.340-0400] {processor.py:830} INFO - Processing file /Users/jakeliu/we-defend-truth-1/airflow_env/lib/python3.12/site-packages/airflow/example_dags/example_short_circuit_operator.py for tasks to queue
[2024-08-09T13:27:11.340-0400] {logging_mixin.py:188} INFO - [2024-08-09T13:27:11.340-0400] {dagbag.py:545} INFO - Filling up the DagBag from /Users/jakeliu/we-defend-truth-1/airflow_env/lib/python3.12/site-packages/airflow/example_dags/example_short_circuit_operator.py
[2024-08-09T13:27:11.351-0400] {processor.py:840} INFO - DAG(s) 'example_short_circuit_operator' retrieved from /Users/jakeliu/we-defend-truth-1/airflow_env/lib/python3.12/site-packages/airflow/example_dags/example_short_circuit_operator.py
[2024-08-09T13:27:11.383-0400] {logging_mixin.py:188} INFO - [2024-08-09T13:27:11.383-0400] {dag.py:3089} INFO - Sync 1 DAGs
[2024-08-09T13:27:11.388-0400] {logging_mixin.py:188} INFO - [2024-08-09T13:27:11.388-0400] {dag.py:3947} INFO - Setting next_dagrun for example_short_circuit_operator to 2024-08-08 00:00:00+00:00, run_after=2024-08-09 00:00:00+00:00
[2024-08-09T13:27:11.394-0400] {processor.py:183} INFO - Processing /Users/jakeliu/we-defend-truth-1/airflow_env/lib/python3.12/site-packages/airflow/example_dags/example_short_circuit_operator.py took 0.056 seconds
