[2024-08-09T13:04:17.564-0400] {processor.py:161} INFO - Started process (PID=20898) to work on /Users/jakeliu/we-defend-truth-1/airflow_env/lib/python3.12/site-packages/airflow/example_dags/example_subdag_operator.py
[2024-08-09T13:04:17.565-0400] {processor.py:830} INFO - Processing file /Users/jakeliu/we-defend-truth-1/airflow_env/lib/python3.12/site-packages/airflow/example_dags/example_subdag_operator.py for tasks to queue
[2024-08-09T13:04:17.565-0400] {logging_mixin.py:188} INFO - [2024-08-09T13:04:17.565-0400] {dagbag.py:545} INFO - Filling up the DagBag from /Users/jakeliu/we-defend-truth-1/airflow_env/lib/python3.12/site-packages/airflow/example_dags/example_subdag_operator.py
[2024-08-09T13:04:17.599-0400] {processor.py:840} INFO - DAG(s) 'example_subdag_operator.section-1', 'example_subdag_operator.section-2', 'example_subdag_operator' retrieved from /Users/jakeliu/we-defend-truth-1/airflow_env/lib/python3.12/site-packages/airflow/example_dags/example_subdag_operator.py
[2024-08-09T13:04:17.642-0400] {logging_mixin.py:188} INFO - [2024-08-09T13:04:17.642-0400] {dag.py:3089} INFO - Sync 3 DAGs
[2024-08-09T13:04:17.647-0400] {logging_mixin.py:188} INFO - [2024-08-09T13:04:17.647-0400] {dag.py:3947} INFO - Setting next_dagrun for example_subdag_operator to 2022-01-01 00:00:00+00:00, run_after=2022-01-01 00:00:00+00:00
[2024-08-09T13:04:17.648-0400] {logging_mixin.py:188} INFO - [2024-08-09T13:04:17.648-0400] {dag.py:3947} INFO - Setting next_dagrun for example_subdag_operator.section-1 to None, run_after=None
[2024-08-09T13:04:17.649-0400] {logging_mixin.py:188} INFO - [2024-08-09T13:04:17.649-0400] {dag.py:3947} INFO - Setting next_dagrun for example_subdag_operator.section-2 to None, run_after=None
[2024-08-09T13:04:17.652-0400] {logging_mixin.py:188} INFO - [2024-08-09T13:04:17.651-0400] {dag.py:3089} INFO - Sync 2 DAGs
[2024-08-09T13:04:17.653-0400] {logging_mixin.py:188} INFO - [2024-08-09T13:04:17.653-0400] {dag.py:3947} INFO - Setting next_dagrun for example_subdag_operator.section-1 to None, run_after=None
[2024-08-09T13:04:17.653-0400] {logging_mixin.py:188} INFO - [2024-08-09T13:04:17.653-0400] {dag.py:3947} INFO - Setting next_dagrun for example_subdag_operator.section-2 to None, run_after=None
[2024-08-09T13:04:17.658-0400] {processor.py:183} INFO - Processing /Users/jakeliu/we-defend-truth-1/airflow_env/lib/python3.12/site-packages/airflow/example_dags/example_subdag_operator.py took 0.095 seconds
[2024-08-09T13:05:43.597-0400] {processor.py:161} INFO - Started process (PID=20977) to work on /Users/jakeliu/we-defend-truth-1/airflow_env/lib/python3.12/site-packages/airflow/example_dags/example_subdag_operator.py
[2024-08-09T13:05:43.598-0400] {processor.py:830} INFO - Processing file /Users/jakeliu/we-defend-truth-1/airflow_env/lib/python3.12/site-packages/airflow/example_dags/example_subdag_operator.py for tasks to queue
[2024-08-09T13:05:43.598-0400] {logging_mixin.py:188} INFO - [2024-08-09T13:05:43.598-0400] {dagbag.py:545} INFO - Filling up the DagBag from /Users/jakeliu/we-defend-truth-1/airflow_env/lib/python3.12/site-packages/airflow/example_dags/example_subdag_operator.py
[2024-08-09T13:05:43.629-0400] {processor.py:840} INFO - DAG(s) 'example_subdag_operator.section-1', 'example_subdag_operator.section-2', 'example_subdag_operator' retrieved from /Users/jakeliu/we-defend-truth-1/airflow_env/lib/python3.12/site-packages/airflow/example_dags/example_subdag_operator.py
[2024-08-09T13:05:43.642-0400] {logging_mixin.py:188} INFO - [2024-08-09T13:05:43.642-0400] {dag.py:3089} INFO - Sync 3 DAGs
[2024-08-09T13:05:43.648-0400] {logging_mixin.py:188} INFO - [2024-08-09T13:05:43.648-0400] {dag.py:3947} INFO - Setting next_dagrun for example_subdag_operator to 2022-01-01 00:00:00+00:00, run_after=2022-01-01 00:00:00+00:00
[2024-08-09T13:05:43.649-0400] {logging_mixin.py:188} INFO - [2024-08-09T13:05:43.649-0400] {dag.py:3947} INFO - Setting next_dagrun for example_subdag_operator.section-1 to None, run_after=None
[2024-08-09T13:05:43.649-0400] {logging_mixin.py:188} INFO - [2024-08-09T13:05:43.649-0400] {dag.py:3947} INFO - Setting next_dagrun for example_subdag_operator.section-2 to None, run_after=None
[2024-08-09T13:05:43.651-0400] {logging_mixin.py:188} INFO - [2024-08-09T13:05:43.651-0400] {dag.py:3089} INFO - Sync 2 DAGs
[2024-08-09T13:05:43.653-0400] {logging_mixin.py:188} INFO - [2024-08-09T13:05:43.653-0400] {dag.py:3947} INFO - Setting next_dagrun for example_subdag_operator.section-1 to None, run_after=None
[2024-08-09T13:05:43.653-0400] {logging_mixin.py:188} INFO - [2024-08-09T13:05:43.653-0400] {dag.py:3947} INFO - Setting next_dagrun for example_subdag_operator.section-2 to None, run_after=None
[2024-08-09T13:05:43.657-0400] {processor.py:183} INFO - Processing /Users/jakeliu/we-defend-truth-1/airflow_env/lib/python3.12/site-packages/airflow/example_dags/example_subdag_operator.py took 0.061 seconds
[2024-08-09T13:07:27.713-0400] {processor.py:161} INFO - Started process (PID=21132) to work on /Users/jakeliu/we-defend-truth-1/airflow_env/lib/python3.12/site-packages/airflow/example_dags/example_subdag_operator.py
[2024-08-09T13:07:27.713-0400] {processor.py:830} INFO - Processing file /Users/jakeliu/we-defend-truth-1/airflow_env/lib/python3.12/site-packages/airflow/example_dags/example_subdag_operator.py for tasks to queue
[2024-08-09T13:07:27.714-0400] {logging_mixin.py:188} INFO - [2024-08-09T13:07:27.714-0400] {dagbag.py:545} INFO - Filling up the DagBag from /Users/jakeliu/we-defend-truth-1/airflow_env/lib/python3.12/site-packages/airflow/example_dags/example_subdag_operator.py
[2024-08-09T13:07:27.744-0400] {processor.py:840} INFO - DAG(s) 'example_subdag_operator.section-1', 'example_subdag_operator.section-2', 'example_subdag_operator' retrieved from /Users/jakeliu/we-defend-truth-1/airflow_env/lib/python3.12/site-packages/airflow/example_dags/example_subdag_operator.py
[2024-08-09T13:07:27.756-0400] {logging_mixin.py:188} INFO - [2024-08-09T13:07:27.756-0400] {dag.py:3089} INFO - Sync 3 DAGs
[2024-08-09T13:07:27.761-0400] {logging_mixin.py:188} INFO - [2024-08-09T13:07:27.761-0400] {dag.py:3947} INFO - Setting next_dagrun for example_subdag_operator to 2022-01-01 00:00:00+00:00, run_after=2022-01-01 00:00:00+00:00
[2024-08-09T13:07:27.762-0400] {logging_mixin.py:188} INFO - [2024-08-09T13:07:27.762-0400] {dag.py:3947} INFO - Setting next_dagrun for example_subdag_operator.section-1 to None, run_after=None
[2024-08-09T13:07:27.762-0400] {logging_mixin.py:188} INFO - [2024-08-09T13:07:27.762-0400] {dag.py:3947} INFO - Setting next_dagrun for example_subdag_operator.section-2 to None, run_after=None
[2024-08-09T13:07:27.764-0400] {logging_mixin.py:188} INFO - [2024-08-09T13:07:27.763-0400] {dag.py:3089} INFO - Sync 2 DAGs
[2024-08-09T13:07:27.765-0400] {logging_mixin.py:188} INFO - [2024-08-09T13:07:27.765-0400] {dag.py:3947} INFO - Setting next_dagrun for example_subdag_operator.section-1 to None, run_after=None
[2024-08-09T13:07:27.765-0400] {logging_mixin.py:188} INFO - [2024-08-09T13:07:27.765-0400] {dag.py:3947} INFO - Setting next_dagrun for example_subdag_operator.section-2 to None, run_after=None
[2024-08-09T13:07:27.769-0400] {processor.py:183} INFO - Processing /Users/jakeliu/we-defend-truth-1/airflow_env/lib/python3.12/site-packages/airflow/example_dags/example_subdag_operator.py took 0.057 seconds
[2024-08-09T13:09:09.843-0400] {processor.py:161} INFO - Started process (PID=21244) to work on /Users/jakeliu/we-defend-truth-1/airflow_env/lib/python3.12/site-packages/airflow/example_dags/example_subdag_operator.py
[2024-08-09T13:09:09.844-0400] {processor.py:830} INFO - Processing file /Users/jakeliu/we-defend-truth-1/airflow_env/lib/python3.12/site-packages/airflow/example_dags/example_subdag_operator.py for tasks to queue
[2024-08-09T13:09:09.844-0400] {logging_mixin.py:188} INFO - [2024-08-09T13:09:09.844-0400] {dagbag.py:545} INFO - Filling up the DagBag from /Users/jakeliu/we-defend-truth-1/airflow_env/lib/python3.12/site-packages/airflow/example_dags/example_subdag_operator.py
[2024-08-09T13:09:09.875-0400] {processor.py:840} INFO - DAG(s) 'example_subdag_operator.section-1', 'example_subdag_operator.section-2', 'example_subdag_operator' retrieved from /Users/jakeliu/we-defend-truth-1/airflow_env/lib/python3.12/site-packages/airflow/example_dags/example_subdag_operator.py
[2024-08-09T13:09:09.888-0400] {logging_mixin.py:188} INFO - [2024-08-09T13:09:09.887-0400] {dag.py:3089} INFO - Sync 3 DAGs
[2024-08-09T13:09:09.893-0400] {logging_mixin.py:188} INFO - [2024-08-09T13:09:09.893-0400] {dag.py:3947} INFO - Setting next_dagrun for example_subdag_operator to 2022-01-01 00:00:00+00:00, run_after=2022-01-01 00:00:00+00:00
[2024-08-09T13:09:09.894-0400] {logging_mixin.py:188} INFO - [2024-08-09T13:09:09.894-0400] {dag.py:3947} INFO - Setting next_dagrun for example_subdag_operator.section-1 to None, run_after=None
[2024-08-09T13:09:09.894-0400] {logging_mixin.py:188} INFO - [2024-08-09T13:09:09.894-0400] {dag.py:3947} INFO - Setting next_dagrun for example_subdag_operator.section-2 to None, run_after=None
[2024-08-09T13:09:09.896-0400] {logging_mixin.py:188} INFO - [2024-08-09T13:09:09.896-0400] {dag.py:3089} INFO - Sync 2 DAGs
[2024-08-09T13:09:09.897-0400] {logging_mixin.py:188} INFO - [2024-08-09T13:09:09.897-0400] {dag.py:3947} INFO - Setting next_dagrun for example_subdag_operator.section-1 to None, run_after=None
[2024-08-09T13:09:09.897-0400] {logging_mixin.py:188} INFO - [2024-08-09T13:09:09.897-0400] {dag.py:3947} INFO - Setting next_dagrun for example_subdag_operator.section-2 to None, run_after=None
[2024-08-09T13:09:09.902-0400] {processor.py:183} INFO - Processing /Users/jakeliu/we-defend-truth-1/airflow_env/lib/python3.12/site-packages/airflow/example_dags/example_subdag_operator.py took 0.060 seconds
[2024-08-09T13:10:51.951-0400] {processor.py:161} INFO - Started process (PID=21361) to work on /Users/jakeliu/we-defend-truth-1/airflow_env/lib/python3.12/site-packages/airflow/example_dags/example_subdag_operator.py
[2024-08-09T13:10:51.953-0400] {processor.py:830} INFO - Processing file /Users/jakeliu/we-defend-truth-1/airflow_env/lib/python3.12/site-packages/airflow/example_dags/example_subdag_operator.py for tasks to queue
[2024-08-09T13:10:51.953-0400] {logging_mixin.py:188} INFO - [2024-08-09T13:10:51.953-0400] {dagbag.py:545} INFO - Filling up the DagBag from /Users/jakeliu/we-defend-truth-1/airflow_env/lib/python3.12/site-packages/airflow/example_dags/example_subdag_operator.py
[2024-08-09T13:10:51.982-0400] {processor.py:840} INFO - DAG(s) 'example_subdag_operator.section-1', 'example_subdag_operator.section-2', 'example_subdag_operator' retrieved from /Users/jakeliu/we-defend-truth-1/airflow_env/lib/python3.12/site-packages/airflow/example_dags/example_subdag_operator.py
[2024-08-09T13:10:51.994-0400] {logging_mixin.py:188} INFO - [2024-08-09T13:10:51.994-0400] {dag.py:3089} INFO - Sync 3 DAGs
[2024-08-09T13:10:51.999-0400] {logging_mixin.py:188} INFO - [2024-08-09T13:10:51.999-0400] {dag.py:3947} INFO - Setting next_dagrun for example_subdag_operator to 2022-01-01 00:00:00+00:00, run_after=2022-01-01 00:00:00+00:00
[2024-08-09T13:10:52.000-0400] {logging_mixin.py:188} INFO - [2024-08-09T13:10:52.000-0400] {dag.py:3947} INFO - Setting next_dagrun for example_subdag_operator.section-1 to None, run_after=None
[2024-08-09T13:10:52.001-0400] {logging_mixin.py:188} INFO - [2024-08-09T13:10:52.001-0400] {dag.py:3947} INFO - Setting next_dagrun for example_subdag_operator.section-2 to None, run_after=None
[2024-08-09T13:10:52.002-0400] {logging_mixin.py:188} INFO - [2024-08-09T13:10:52.002-0400] {dag.py:3089} INFO - Sync 2 DAGs
[2024-08-09T13:10:52.003-0400] {logging_mixin.py:188} INFO - [2024-08-09T13:10:52.003-0400] {dag.py:3947} INFO - Setting next_dagrun for example_subdag_operator.section-1 to None, run_after=None
[2024-08-09T13:10:52.004-0400] {logging_mixin.py:188} INFO - [2024-08-09T13:10:52.003-0400] {dag.py:3947} INFO - Setting next_dagrun for example_subdag_operator.section-2 to None, run_after=None
[2024-08-09T13:10:52.008-0400] {processor.py:183} INFO - Processing /Users/jakeliu/we-defend-truth-1/airflow_env/lib/python3.12/site-packages/airflow/example_dags/example_subdag_operator.py took 0.057 seconds
[2024-08-09T13:12:37.412-0400] {processor.py:161} INFO - Started process (PID=21464) to work on /Users/jakeliu/we-defend-truth-1/airflow_env/lib/python3.12/site-packages/airflow/example_dags/example_subdag_operator.py
[2024-08-09T13:12:37.413-0400] {processor.py:830} INFO - Processing file /Users/jakeliu/we-defend-truth-1/airflow_env/lib/python3.12/site-packages/airflow/example_dags/example_subdag_operator.py for tasks to queue
[2024-08-09T13:12:37.413-0400] {logging_mixin.py:188} INFO - [2024-08-09T13:12:37.413-0400] {dagbag.py:545} INFO - Filling up the DagBag from /Users/jakeliu/we-defend-truth-1/airflow_env/lib/python3.12/site-packages/airflow/example_dags/example_subdag_operator.py
[2024-08-09T13:12:37.443-0400] {processor.py:840} INFO - DAG(s) 'example_subdag_operator.section-1', 'example_subdag_operator.section-2', 'example_subdag_operator' retrieved from /Users/jakeliu/we-defend-truth-1/airflow_env/lib/python3.12/site-packages/airflow/example_dags/example_subdag_operator.py
[2024-08-09T13:12:37.454-0400] {logging_mixin.py:188} INFO - [2024-08-09T13:12:37.454-0400] {dag.py:3089} INFO - Sync 3 DAGs
[2024-08-09T13:12:37.459-0400] {logging_mixin.py:188} INFO - [2024-08-09T13:12:37.459-0400] {dag.py:3947} INFO - Setting next_dagrun for example_subdag_operator to 2022-01-01 00:00:00+00:00, run_after=2022-01-01 00:00:00+00:00
[2024-08-09T13:12:37.460-0400] {logging_mixin.py:188} INFO - [2024-08-09T13:12:37.460-0400] {dag.py:3947} INFO - Setting next_dagrun for example_subdag_operator.section-1 to None, run_after=None
[2024-08-09T13:12:37.460-0400] {logging_mixin.py:188} INFO - [2024-08-09T13:12:37.460-0400] {dag.py:3947} INFO - Setting next_dagrun for example_subdag_operator.section-2 to None, run_after=None
[2024-08-09T13:12:37.462-0400] {logging_mixin.py:188} INFO - [2024-08-09T13:12:37.462-0400] {dag.py:3089} INFO - Sync 2 DAGs
[2024-08-09T13:12:37.463-0400] {logging_mixin.py:188} INFO - [2024-08-09T13:12:37.463-0400] {dag.py:3947} INFO - Setting next_dagrun for example_subdag_operator.section-1 to None, run_after=None
[2024-08-09T13:12:37.463-0400] {logging_mixin.py:188} INFO - [2024-08-09T13:12:37.463-0400] {dag.py:3947} INFO - Setting next_dagrun for example_subdag_operator.section-2 to None, run_after=None
[2024-08-09T13:12:37.467-0400] {processor.py:183} INFO - Processing /Users/jakeliu/we-defend-truth-1/airflow_env/lib/python3.12/site-packages/airflow/example_dags/example_subdag_operator.py took 0.056 seconds
[2024-08-09T13:14:35.063-0400] {processor.py:161} INFO - Started process (PID=21567) to work on /Users/jakeliu/we-defend-truth-1/airflow_env/lib/python3.12/site-packages/airflow/example_dags/example_subdag_operator.py
[2024-08-09T13:14:35.064-0400] {processor.py:830} INFO - Processing file /Users/jakeliu/we-defend-truth-1/airflow_env/lib/python3.12/site-packages/airflow/example_dags/example_subdag_operator.py for tasks to queue
[2024-08-09T13:14:35.065-0400] {logging_mixin.py:188} INFO - [2024-08-09T13:14:35.065-0400] {dagbag.py:545} INFO - Filling up the DagBag from /Users/jakeliu/we-defend-truth-1/airflow_env/lib/python3.12/site-packages/airflow/example_dags/example_subdag_operator.py
[2024-08-09T13:14:35.095-0400] {processor.py:840} INFO - DAG(s) 'example_subdag_operator.section-1', 'example_subdag_operator.section-2', 'example_subdag_operator' retrieved from /Users/jakeliu/we-defend-truth-1/airflow_env/lib/python3.12/site-packages/airflow/example_dags/example_subdag_operator.py
[2024-08-09T13:14:35.107-0400] {logging_mixin.py:188} INFO - [2024-08-09T13:14:35.107-0400] {dag.py:3089} INFO - Sync 3 DAGs
[2024-08-09T13:14:35.112-0400] {logging_mixin.py:188} INFO - [2024-08-09T13:14:35.112-0400] {dag.py:3947} INFO - Setting next_dagrun for example_subdag_operator to 2022-01-01 00:00:00+00:00, run_after=2022-01-01 00:00:00+00:00
[2024-08-09T13:14:35.113-0400] {logging_mixin.py:188} INFO - [2024-08-09T13:14:35.113-0400] {dag.py:3947} INFO - Setting next_dagrun for example_subdag_operator.section-1 to None, run_after=None
[2024-08-09T13:14:35.114-0400] {logging_mixin.py:188} INFO - [2024-08-09T13:14:35.114-0400] {dag.py:3947} INFO - Setting next_dagrun for example_subdag_operator.section-2 to None, run_after=None
[2024-08-09T13:14:35.115-0400] {logging_mixin.py:188} INFO - [2024-08-09T13:14:35.115-0400] {dag.py:3089} INFO - Sync 2 DAGs
[2024-08-09T13:14:35.116-0400] {logging_mixin.py:188} INFO - [2024-08-09T13:14:35.116-0400] {dag.py:3947} INFO - Setting next_dagrun for example_subdag_operator.section-1 to None, run_after=None
[2024-08-09T13:14:35.117-0400] {logging_mixin.py:188} INFO - [2024-08-09T13:14:35.117-0400] {dag.py:3947} INFO - Setting next_dagrun for example_subdag_operator.section-2 to None, run_after=None
[2024-08-09T13:14:35.120-0400] {processor.py:183} INFO - Processing /Users/jakeliu/we-defend-truth-1/airflow_env/lib/python3.12/site-packages/airflow/example_dags/example_subdag_operator.py took 0.058 seconds
[2024-08-09T13:16:31.953-0400] {processor.py:161} INFO - Started process (PID=21668) to work on /Users/jakeliu/we-defend-truth-1/airflow_env/lib/python3.12/site-packages/airflow/example_dags/example_subdag_operator.py
[2024-08-09T13:16:31.953-0400] {processor.py:830} INFO - Processing file /Users/jakeliu/we-defend-truth-1/airflow_env/lib/python3.12/site-packages/airflow/example_dags/example_subdag_operator.py for tasks to queue
[2024-08-09T13:16:31.954-0400] {logging_mixin.py:188} INFO - [2024-08-09T13:16:31.954-0400] {dagbag.py:545} INFO - Filling up the DagBag from /Users/jakeliu/we-defend-truth-1/airflow_env/lib/python3.12/site-packages/airflow/example_dags/example_subdag_operator.py
[2024-08-09T13:16:31.984-0400] {processor.py:840} INFO - DAG(s) 'example_subdag_operator.section-1', 'example_subdag_operator.section-2', 'example_subdag_operator' retrieved from /Users/jakeliu/we-defend-truth-1/airflow_env/lib/python3.12/site-packages/airflow/example_dags/example_subdag_operator.py
[2024-08-09T13:16:31.996-0400] {logging_mixin.py:188} INFO - [2024-08-09T13:16:31.996-0400] {dag.py:3089} INFO - Sync 3 DAGs
[2024-08-09T13:16:32.001-0400] {logging_mixin.py:188} INFO - [2024-08-09T13:16:32.001-0400] {dag.py:3947} INFO - Setting next_dagrun for example_subdag_operator to 2022-01-01 00:00:00+00:00, run_after=2022-01-01 00:00:00+00:00
[2024-08-09T13:16:32.002-0400] {logging_mixin.py:188} INFO - [2024-08-09T13:16:32.002-0400] {dag.py:3947} INFO - Setting next_dagrun for example_subdag_operator.section-1 to None, run_after=None
[2024-08-09T13:16:32.003-0400] {logging_mixin.py:188} INFO - [2024-08-09T13:16:32.003-0400] {dag.py:3947} INFO - Setting next_dagrun for example_subdag_operator.section-2 to None, run_after=None
[2024-08-09T13:16:32.004-0400] {logging_mixin.py:188} INFO - [2024-08-09T13:16:32.004-0400] {dag.py:3089} INFO - Sync 2 DAGs
[2024-08-09T13:16:32.005-0400] {logging_mixin.py:188} INFO - [2024-08-09T13:16:32.005-0400] {dag.py:3947} INFO - Setting next_dagrun for example_subdag_operator.section-1 to None, run_after=None
[2024-08-09T13:16:32.005-0400] {logging_mixin.py:188} INFO - [2024-08-09T13:16:32.005-0400] {dag.py:3947} INFO - Setting next_dagrun for example_subdag_operator.section-2 to None, run_after=None
[2024-08-09T13:16:32.010-0400] {processor.py:183} INFO - Processing /Users/jakeliu/we-defend-truth-1/airflow_env/lib/python3.12/site-packages/airflow/example_dags/example_subdag_operator.py took 0.058 seconds
[2024-08-09T13:18:14.792-0400] {processor.py:161} INFO - Started process (PID=21853) to work on /Users/jakeliu/we-defend-truth-1/airflow_env/lib/python3.12/site-packages/airflow/example_dags/example_subdag_operator.py
[2024-08-09T13:18:14.793-0400] {processor.py:830} INFO - Processing file /Users/jakeliu/we-defend-truth-1/airflow_env/lib/python3.12/site-packages/airflow/example_dags/example_subdag_operator.py for tasks to queue
[2024-08-09T13:18:14.793-0400] {logging_mixin.py:188} INFO - [2024-08-09T13:18:14.793-0400] {dagbag.py:545} INFO - Filling up the DagBag from /Users/jakeliu/we-defend-truth-1/airflow_env/lib/python3.12/site-packages/airflow/example_dags/example_subdag_operator.py
[2024-08-09T13:18:14.826-0400] {processor.py:840} INFO - DAG(s) 'example_subdag_operator.section-1', 'example_subdag_operator.section-2', 'example_subdag_operator' retrieved from /Users/jakeliu/we-defend-truth-1/airflow_env/lib/python3.12/site-packages/airflow/example_dags/example_subdag_operator.py
[2024-08-09T13:18:14.840-0400] {logging_mixin.py:188} INFO - [2024-08-09T13:18:14.840-0400] {dag.py:3089} INFO - Sync 3 DAGs
[2024-08-09T13:18:14.845-0400] {logging_mixin.py:188} INFO - [2024-08-09T13:18:14.845-0400] {dag.py:3947} INFO - Setting next_dagrun for example_subdag_operator to 2022-01-01 00:00:00+00:00, run_after=2022-01-01 00:00:00+00:00
[2024-08-09T13:18:14.846-0400] {logging_mixin.py:188} INFO - [2024-08-09T13:18:14.846-0400] {dag.py:3947} INFO - Setting next_dagrun for example_subdag_operator.section-1 to None, run_after=None
[2024-08-09T13:18:14.846-0400] {logging_mixin.py:188} INFO - [2024-08-09T13:18:14.846-0400] {dag.py:3947} INFO - Setting next_dagrun for example_subdag_operator.section-2 to None, run_after=None
[2024-08-09T13:18:14.848-0400] {logging_mixin.py:188} INFO - [2024-08-09T13:18:14.848-0400] {dag.py:3089} INFO - Sync 2 DAGs
[2024-08-09T13:18:14.850-0400] {logging_mixin.py:188} INFO - [2024-08-09T13:18:14.850-0400] {dag.py:3947} INFO - Setting next_dagrun for example_subdag_operator.section-1 to None, run_after=None
[2024-08-09T13:18:14.850-0400] {logging_mixin.py:188} INFO - [2024-08-09T13:18:14.850-0400] {dag.py:3947} INFO - Setting next_dagrun for example_subdag_operator.section-2 to None, run_after=None
[2024-08-09T13:18:14.854-0400] {processor.py:183} INFO - Processing /Users/jakeliu/we-defend-truth-1/airflow_env/lib/python3.12/site-packages/airflow/example_dags/example_subdag_operator.py took 0.063 seconds
[2024-08-09T13:19:58.864-0400] {processor.py:161} INFO - Started process (PID=21942) to work on /Users/jakeliu/we-defend-truth-1/airflow_env/lib/python3.12/site-packages/airflow/example_dags/example_subdag_operator.py
[2024-08-09T13:19:58.865-0400] {processor.py:830} INFO - Processing file /Users/jakeliu/we-defend-truth-1/airflow_env/lib/python3.12/site-packages/airflow/example_dags/example_subdag_operator.py for tasks to queue
[2024-08-09T13:19:58.866-0400] {logging_mixin.py:188} INFO - [2024-08-09T13:19:58.866-0400] {dagbag.py:545} INFO - Filling up the DagBag from /Users/jakeliu/we-defend-truth-1/airflow_env/lib/python3.12/site-packages/airflow/example_dags/example_subdag_operator.py
[2024-08-09T13:19:58.895-0400] {processor.py:840} INFO - DAG(s) 'example_subdag_operator.section-1', 'example_subdag_operator.section-2', 'example_subdag_operator' retrieved from /Users/jakeliu/we-defend-truth-1/airflow_env/lib/python3.12/site-packages/airflow/example_dags/example_subdag_operator.py
[2024-08-09T13:19:58.911-0400] {logging_mixin.py:188} INFO - [2024-08-09T13:19:58.911-0400] {dag.py:3089} INFO - Sync 3 DAGs
[2024-08-09T13:19:58.916-0400] {logging_mixin.py:188} INFO - [2024-08-09T13:19:58.916-0400] {dag.py:3947} INFO - Setting next_dagrun for example_subdag_operator to 2022-01-01 00:00:00+00:00, run_after=2022-01-01 00:00:00+00:00
[2024-08-09T13:19:58.917-0400] {logging_mixin.py:188} INFO - [2024-08-09T13:19:58.917-0400] {dag.py:3947} INFO - Setting next_dagrun for example_subdag_operator.section-1 to None, run_after=None
[2024-08-09T13:19:58.917-0400] {logging_mixin.py:188} INFO - [2024-08-09T13:19:58.917-0400] {dag.py:3947} INFO - Setting next_dagrun for example_subdag_operator.section-2 to None, run_after=None
[2024-08-09T13:19:58.919-0400] {logging_mixin.py:188} INFO - [2024-08-09T13:19:58.919-0400] {dag.py:3089} INFO - Sync 2 DAGs
[2024-08-09T13:19:58.920-0400] {logging_mixin.py:188} INFO - [2024-08-09T13:19:58.920-0400] {dag.py:3947} INFO - Setting next_dagrun for example_subdag_operator.section-1 to None, run_after=None
[2024-08-09T13:19:58.920-0400] {logging_mixin.py:188} INFO - [2024-08-09T13:19:58.920-0400] {dag.py:3947} INFO - Setting next_dagrun for example_subdag_operator.section-2 to None, run_after=None
[2024-08-09T13:19:58.924-0400] {processor.py:183} INFO - Processing /Users/jakeliu/we-defend-truth-1/airflow_env/lib/python3.12/site-packages/airflow/example_dags/example_subdag_operator.py took 0.061 seconds
[2024-08-09T13:21:39.259-0400] {processor.py:161} INFO - Started process (PID=22598) to work on /Users/jakeliu/we-defend-truth-1/airflow_env/lib/python3.12/site-packages/airflow/example_dags/example_subdag_operator.py
[2024-08-09T13:21:39.260-0400] {processor.py:830} INFO - Processing file /Users/jakeliu/we-defend-truth-1/airflow_env/lib/python3.12/site-packages/airflow/example_dags/example_subdag_operator.py for tasks to queue
[2024-08-09T13:21:39.261-0400] {logging_mixin.py:188} INFO - [2024-08-09T13:21:39.261-0400] {dagbag.py:545} INFO - Filling up the DagBag from /Users/jakeliu/we-defend-truth-1/airflow_env/lib/python3.12/site-packages/airflow/example_dags/example_subdag_operator.py
[2024-08-09T13:21:39.291-0400] {processor.py:840} INFO - DAG(s) 'example_subdag_operator.section-1', 'example_subdag_operator.section-2', 'example_subdag_operator' retrieved from /Users/jakeliu/we-defend-truth-1/airflow_env/lib/python3.12/site-packages/airflow/example_dags/example_subdag_operator.py
[2024-08-09T13:21:39.303-0400] {logging_mixin.py:188} INFO - [2024-08-09T13:21:39.303-0400] {dag.py:3089} INFO - Sync 3 DAGs
[2024-08-09T13:21:39.308-0400] {logging_mixin.py:188} INFO - [2024-08-09T13:21:39.308-0400] {dag.py:3947} INFO - Setting next_dagrun for example_subdag_operator to 2022-01-01 00:00:00+00:00, run_after=2022-01-01 00:00:00+00:00
[2024-08-09T13:21:39.309-0400] {logging_mixin.py:188} INFO - [2024-08-09T13:21:39.309-0400] {dag.py:3947} INFO - Setting next_dagrun for example_subdag_operator.section-1 to None, run_after=None
[2024-08-09T13:21:39.310-0400] {logging_mixin.py:188} INFO - [2024-08-09T13:21:39.309-0400] {dag.py:3947} INFO - Setting next_dagrun for example_subdag_operator.section-2 to None, run_after=None
[2024-08-09T13:21:39.311-0400] {logging_mixin.py:188} INFO - [2024-08-09T13:21:39.311-0400] {dag.py:3089} INFO - Sync 2 DAGs
[2024-08-09T13:21:39.312-0400] {logging_mixin.py:188} INFO - [2024-08-09T13:21:39.312-0400] {dag.py:3947} INFO - Setting next_dagrun for example_subdag_operator.section-1 to None, run_after=None
[2024-08-09T13:21:39.312-0400] {logging_mixin.py:188} INFO - [2024-08-09T13:21:39.312-0400] {dag.py:3947} INFO - Setting next_dagrun for example_subdag_operator.section-2 to None, run_after=None
[2024-08-09T13:21:39.316-0400] {processor.py:183} INFO - Processing /Users/jakeliu/we-defend-truth-1/airflow_env/lib/python3.12/site-packages/airflow/example_dags/example_subdag_operator.py took 0.058 seconds
[2024-08-09T13:23:22.832-0400] {processor.py:161} INFO - Started process (PID=22703) to work on /Users/jakeliu/we-defend-truth-1/airflow_env/lib/python3.12/site-packages/airflow/example_dags/example_subdag_operator.py
[2024-08-09T13:23:22.833-0400] {processor.py:830} INFO - Processing file /Users/jakeliu/we-defend-truth-1/airflow_env/lib/python3.12/site-packages/airflow/example_dags/example_subdag_operator.py for tasks to queue
[2024-08-09T13:23:22.833-0400] {logging_mixin.py:188} INFO - [2024-08-09T13:23:22.833-0400] {dagbag.py:545} INFO - Filling up the DagBag from /Users/jakeliu/we-defend-truth-1/airflow_env/lib/python3.12/site-packages/airflow/example_dags/example_subdag_operator.py
[2024-08-09T13:23:22.864-0400] {processor.py:840} INFO - DAG(s) 'example_subdag_operator.section-1', 'example_subdag_operator.section-2', 'example_subdag_operator' retrieved from /Users/jakeliu/we-defend-truth-1/airflow_env/lib/python3.12/site-packages/airflow/example_dags/example_subdag_operator.py
[2024-08-09T13:23:22.876-0400] {logging_mixin.py:188} INFO - [2024-08-09T13:23:22.876-0400] {dag.py:3089} INFO - Sync 3 DAGs
[2024-08-09T13:23:22.881-0400] {logging_mixin.py:188} INFO - [2024-08-09T13:23:22.881-0400] {dag.py:3947} INFO - Setting next_dagrun for example_subdag_operator to 2022-01-01 00:00:00+00:00, run_after=2022-01-01 00:00:00+00:00
[2024-08-09T13:23:22.882-0400] {logging_mixin.py:188} INFO - [2024-08-09T13:23:22.882-0400] {dag.py:3947} INFO - Setting next_dagrun for example_subdag_operator.section-1 to None, run_after=None
[2024-08-09T13:23:22.882-0400] {logging_mixin.py:188} INFO - [2024-08-09T13:23:22.882-0400] {dag.py:3947} INFO - Setting next_dagrun for example_subdag_operator.section-2 to None, run_after=None
[2024-08-09T13:23:22.885-0400] {logging_mixin.py:188} INFO - [2024-08-09T13:23:22.884-0400] {dag.py:3089} INFO - Sync 2 DAGs
[2024-08-09T13:23:22.886-0400] {logging_mixin.py:188} INFO - [2024-08-09T13:23:22.886-0400] {dag.py:3947} INFO - Setting next_dagrun for example_subdag_operator.section-1 to None, run_after=None
[2024-08-09T13:23:22.886-0400] {logging_mixin.py:188} INFO - [2024-08-09T13:23:22.886-0400] {dag.py:3947} INFO - Setting next_dagrun for example_subdag_operator.section-2 to None, run_after=None
[2024-08-09T13:23:22.890-0400] {processor.py:183} INFO - Processing /Users/jakeliu/we-defend-truth-1/airflow_env/lib/python3.12/site-packages/airflow/example_dags/example_subdag_operator.py took 0.059 seconds
[2024-08-09T13:25:08.635-0400] {processor.py:161} INFO - Started process (PID=22832) to work on /Users/jakeliu/we-defend-truth-1/airflow_env/lib/python3.12/site-packages/airflow/example_dags/example_subdag_operator.py
[2024-08-09T13:25:08.636-0400] {processor.py:830} INFO - Processing file /Users/jakeliu/we-defend-truth-1/airflow_env/lib/python3.12/site-packages/airflow/example_dags/example_subdag_operator.py for tasks to queue
[2024-08-09T13:25:08.636-0400] {logging_mixin.py:188} INFO - [2024-08-09T13:25:08.636-0400] {dagbag.py:545} INFO - Filling up the DagBag from /Users/jakeliu/we-defend-truth-1/airflow_env/lib/python3.12/site-packages/airflow/example_dags/example_subdag_operator.py
[2024-08-09T13:25:08.667-0400] {processor.py:840} INFO - DAG(s) 'example_subdag_operator.section-1', 'example_subdag_operator.section-2', 'example_subdag_operator' retrieved from /Users/jakeliu/we-defend-truth-1/airflow_env/lib/python3.12/site-packages/airflow/example_dags/example_subdag_operator.py
[2024-08-09T13:25:08.680-0400] {logging_mixin.py:188} INFO - [2024-08-09T13:25:08.679-0400] {dag.py:3089} INFO - Sync 3 DAGs
[2024-08-09T13:25:08.685-0400] {logging_mixin.py:188} INFO - [2024-08-09T13:25:08.685-0400] {dag.py:3947} INFO - Setting next_dagrun for example_subdag_operator to 2022-01-01 00:00:00+00:00, run_after=2022-01-01 00:00:00+00:00
[2024-08-09T13:25:08.686-0400] {logging_mixin.py:188} INFO - [2024-08-09T13:25:08.686-0400] {dag.py:3947} INFO - Setting next_dagrun for example_subdag_operator.section-1 to None, run_after=None
[2024-08-09T13:25:08.686-0400] {logging_mixin.py:188} INFO - [2024-08-09T13:25:08.686-0400] {dag.py:3947} INFO - Setting next_dagrun for example_subdag_operator.section-2 to None, run_after=None
[2024-08-09T13:25:08.688-0400] {logging_mixin.py:188} INFO - [2024-08-09T13:25:08.688-0400] {dag.py:3089} INFO - Sync 2 DAGs
[2024-08-09T13:25:08.689-0400] {logging_mixin.py:188} INFO - [2024-08-09T13:25:08.689-0400] {dag.py:3947} INFO - Setting next_dagrun for example_subdag_operator.section-1 to None, run_after=None
[2024-08-09T13:25:08.689-0400] {logging_mixin.py:188} INFO - [2024-08-09T13:25:08.689-0400] {dag.py:3947} INFO - Setting next_dagrun for example_subdag_operator.section-2 to None, run_after=None
[2024-08-09T13:25:08.693-0400] {processor.py:183} INFO - Processing /Users/jakeliu/we-defend-truth-1/airflow_env/lib/python3.12/site-packages/airflow/example_dags/example_subdag_operator.py took 0.059 seconds
[2024-08-09T13:27:06.208-0400] {processor.py:161} INFO - Started process (PID=22940) to work on /Users/jakeliu/we-defend-truth-1/airflow_env/lib/python3.12/site-packages/airflow/example_dags/example_subdag_operator.py
[2024-08-09T13:27:06.209-0400] {processor.py:830} INFO - Processing file /Users/jakeliu/we-defend-truth-1/airflow_env/lib/python3.12/site-packages/airflow/example_dags/example_subdag_operator.py for tasks to queue
[2024-08-09T13:27:06.209-0400] {logging_mixin.py:188} INFO - [2024-08-09T13:27:06.209-0400] {dagbag.py:545} INFO - Filling up the DagBag from /Users/jakeliu/we-defend-truth-1/airflow_env/lib/python3.12/site-packages/airflow/example_dags/example_subdag_operator.py
[2024-08-09T13:27:06.239-0400] {processor.py:840} INFO - DAG(s) 'example_subdag_operator.section-1', 'example_subdag_operator.section-2', 'example_subdag_operator' retrieved from /Users/jakeliu/we-defend-truth-1/airflow_env/lib/python3.12/site-packages/airflow/example_dags/example_subdag_operator.py
[2024-08-09T13:27:06.251-0400] {logging_mixin.py:188} INFO - [2024-08-09T13:27:06.251-0400] {dag.py:3089} INFO - Sync 3 DAGs
[2024-08-09T13:27:06.256-0400] {logging_mixin.py:188} INFO - [2024-08-09T13:27:06.256-0400] {dag.py:3947} INFO - Setting next_dagrun for example_subdag_operator to 2022-01-01 00:00:00+00:00, run_after=2022-01-01 00:00:00+00:00
[2024-08-09T13:27:06.257-0400] {logging_mixin.py:188} INFO - [2024-08-09T13:27:06.257-0400] {dag.py:3947} INFO - Setting next_dagrun for example_subdag_operator.section-1 to None, run_after=None
[2024-08-09T13:27:06.258-0400] {logging_mixin.py:188} INFO - [2024-08-09T13:27:06.258-0400] {dag.py:3947} INFO - Setting next_dagrun for example_subdag_operator.section-2 to None, run_after=None
[2024-08-09T13:27:06.260-0400] {logging_mixin.py:188} INFO - [2024-08-09T13:27:06.259-0400] {dag.py:3089} INFO - Sync 2 DAGs
[2024-08-09T13:27:06.261-0400] {logging_mixin.py:188} INFO - [2024-08-09T13:27:06.261-0400] {dag.py:3947} INFO - Setting next_dagrun for example_subdag_operator.section-1 to None, run_after=None
[2024-08-09T13:27:06.261-0400] {logging_mixin.py:188} INFO - [2024-08-09T13:27:06.261-0400] {dag.py:3947} INFO - Setting next_dagrun for example_subdag_operator.section-2 to None, run_after=None
[2024-08-09T13:27:06.265-0400] {processor.py:183} INFO - Processing /Users/jakeliu/we-defend-truth-1/airflow_env/lib/python3.12/site-packages/airflow/example_dags/example_subdag_operator.py took 0.058 seconds
