[2024-08-09T13:04:40.663-0400] {processor.py:161} INFO - Started process (PID=20913) to work on /Users/jakeliu/we-defend-truth-1/airflow_env/lib/python3.12/site-packages/airflow/example_dags/example_nested_branch_dag.py
[2024-08-09T13:04:40.664-0400] {processor.py:830} INFO - Processing file /Users/jakeliu/we-defend-truth-1/airflow_env/lib/python3.12/site-packages/airflow/example_dags/example_nested_branch_dag.py for tasks to queue
[2024-08-09T13:04:40.664-0400] {logging_mixin.py:188} INFO - [2024-08-09T13:04:40.664-0400] {dagbag.py:545} INFO - Filling up the DagBag from /Users/jakeliu/we-defend-truth-1/airflow_env/lib/python3.12/site-packages/airflow/example_dags/example_nested_branch_dag.py
[2024-08-09T13:04:40.680-0400] {processor.py:840} INFO - DAG(s) 'example_nested_branch_dag' retrieved from /Users/jakeliu/we-defend-truth-1/airflow_env/lib/python3.12/site-packages/airflow/example_dags/example_nested_branch_dag.py
[2024-08-09T13:04:40.736-0400] {logging_mixin.py:188} INFO - [2024-08-09T13:04:40.736-0400] {dag.py:3089} INFO - Sync 1 DAGs
[2024-08-09T13:04:40.742-0400] {logging_mixin.py:188} INFO - [2024-08-09T13:04:40.742-0400] {dag.py:3947} INFO - Setting next_dagrun for example_nested_branch_dag to 2024-08-08 00:00:00+00:00, run_after=2024-08-09 00:00:00+00:00
[2024-08-09T13:04:40.748-0400] {processor.py:183} INFO - Processing /Users/jakeliu/we-defend-truth-1/airflow_env/lib/python3.12/site-packages/airflow/example_dags/example_nested_branch_dag.py took 0.086 seconds
[2024-08-09T13:06:04.812-0400] {processor.py:161} INFO - Started process (PID=21006) to work on /Users/jakeliu/we-defend-truth-1/airflow_env/lib/python3.12/site-packages/airflow/example_dags/example_nested_branch_dag.py
[2024-08-09T13:06:04.813-0400] {processor.py:830} INFO - Processing file /Users/jakeliu/we-defend-truth-1/airflow_env/lib/python3.12/site-packages/airflow/example_dags/example_nested_branch_dag.py for tasks to queue
[2024-08-09T13:06:04.813-0400] {logging_mixin.py:188} INFO - [2024-08-09T13:06:04.813-0400] {dagbag.py:545} INFO - Filling up the DagBag from /Users/jakeliu/we-defend-truth-1/airflow_env/lib/python3.12/site-packages/airflow/example_dags/example_nested_branch_dag.py
[2024-08-09T13:06:04.829-0400] {processor.py:840} INFO - DAG(s) 'example_nested_branch_dag' retrieved from /Users/jakeliu/we-defend-truth-1/airflow_env/lib/python3.12/site-packages/airflow/example_dags/example_nested_branch_dag.py
[2024-08-09T13:06:04.862-0400] {logging_mixin.py:188} INFO - [2024-08-09T13:06:04.862-0400] {dag.py:3089} INFO - Sync 1 DAGs
[2024-08-09T13:06:04.869-0400] {logging_mixin.py:188} INFO - [2024-08-09T13:06:04.869-0400] {dag.py:3947} INFO - Setting next_dagrun for example_nested_branch_dag to 2024-08-08 00:00:00+00:00, run_after=2024-08-09 00:00:00+00:00
[2024-08-09T13:06:04.876-0400] {processor.py:183} INFO - Processing /Users/jakeliu/we-defend-truth-1/airflow_env/lib/python3.12/site-packages/airflow/example_dags/example_nested_branch_dag.py took 0.065 seconds
[2024-08-09T13:07:51.499-0400] {processor.py:161} INFO - Started process (PID=21158) to work on /Users/jakeliu/we-defend-truth-1/airflow_env/lib/python3.12/site-packages/airflow/example_dags/example_nested_branch_dag.py
[2024-08-09T13:07:51.499-0400] {processor.py:830} INFO - Processing file /Users/jakeliu/we-defend-truth-1/airflow_env/lib/python3.12/site-packages/airflow/example_dags/example_nested_branch_dag.py for tasks to queue
[2024-08-09T13:07:51.500-0400] {logging_mixin.py:188} INFO - [2024-08-09T13:07:51.500-0400] {dagbag.py:545} INFO - Filling up the DagBag from /Users/jakeliu/we-defend-truth-1/airflow_env/lib/python3.12/site-packages/airflow/example_dags/example_nested_branch_dag.py
[2024-08-09T13:07:51.515-0400] {processor.py:840} INFO - DAG(s) 'example_nested_branch_dag' retrieved from /Users/jakeliu/we-defend-truth-1/airflow_env/lib/python3.12/site-packages/airflow/example_dags/example_nested_branch_dag.py
[2024-08-09T13:07:51.546-0400] {logging_mixin.py:188} INFO - [2024-08-09T13:07:51.545-0400] {dag.py:3089} INFO - Sync 1 DAGs
[2024-08-09T13:07:51.551-0400] {logging_mixin.py:188} INFO - [2024-08-09T13:07:51.551-0400] {dag.py:3947} INFO - Setting next_dagrun for example_nested_branch_dag to 2024-08-08 00:00:00+00:00, run_after=2024-08-09 00:00:00+00:00
[2024-08-09T13:07:51.559-0400] {processor.py:183} INFO - Processing /Users/jakeliu/we-defend-truth-1/airflow_env/lib/python3.12/site-packages/airflow/example_dags/example_nested_branch_dag.py took 0.061 seconds
[2024-08-09T13:09:31.594-0400] {processor.py:161} INFO - Started process (PID=21273) to work on /Users/jakeliu/we-defend-truth-1/airflow_env/lib/python3.12/site-packages/airflow/example_dags/example_nested_branch_dag.py
[2024-08-09T13:09:31.594-0400] {processor.py:830} INFO - Processing file /Users/jakeliu/we-defend-truth-1/airflow_env/lib/python3.12/site-packages/airflow/example_dags/example_nested_branch_dag.py for tasks to queue
[2024-08-09T13:09:31.594-0400] {logging_mixin.py:188} INFO - [2024-08-09T13:09:31.594-0400] {dagbag.py:545} INFO - Filling up the DagBag from /Users/jakeliu/we-defend-truth-1/airflow_env/lib/python3.12/site-packages/airflow/example_dags/example_nested_branch_dag.py
[2024-08-09T13:09:31.609-0400] {processor.py:840} INFO - DAG(s) 'example_nested_branch_dag' retrieved from /Users/jakeliu/we-defend-truth-1/airflow_env/lib/python3.12/site-packages/airflow/example_dags/example_nested_branch_dag.py
[2024-08-09T13:09:31.639-0400] {logging_mixin.py:188} INFO - [2024-08-09T13:09:31.639-0400] {dag.py:3089} INFO - Sync 1 DAGs
[2024-08-09T13:09:31.644-0400] {logging_mixin.py:188} INFO - [2024-08-09T13:09:31.644-0400] {dag.py:3947} INFO - Setting next_dagrun for example_nested_branch_dag to 2024-08-08 00:00:00+00:00, run_after=2024-08-09 00:00:00+00:00
[2024-08-09T13:09:31.651-0400] {processor.py:183} INFO - Processing /Users/jakeliu/we-defend-truth-1/airflow_env/lib/python3.12/site-packages/airflow/example_dags/example_nested_branch_dag.py took 0.058 seconds
[2024-08-09T13:11:15.369-0400] {processor.py:161} INFO - Started process (PID=21376) to work on /Users/jakeliu/we-defend-truth-1/airflow_env/lib/python3.12/site-packages/airflow/example_dags/example_nested_branch_dag.py
[2024-08-09T13:11:15.369-0400] {processor.py:830} INFO - Processing file /Users/jakeliu/we-defend-truth-1/airflow_env/lib/python3.12/site-packages/airflow/example_dags/example_nested_branch_dag.py for tasks to queue
[2024-08-09T13:11:15.370-0400] {logging_mixin.py:188} INFO - [2024-08-09T13:11:15.370-0400] {dagbag.py:545} INFO - Filling up the DagBag from /Users/jakeliu/we-defend-truth-1/airflow_env/lib/python3.12/site-packages/airflow/example_dags/example_nested_branch_dag.py
[2024-08-09T13:11:15.385-0400] {processor.py:840} INFO - DAG(s) 'example_nested_branch_dag' retrieved from /Users/jakeliu/we-defend-truth-1/airflow_env/lib/python3.12/site-packages/airflow/example_dags/example_nested_branch_dag.py
[2024-08-09T13:11:15.422-0400] {logging_mixin.py:188} INFO - [2024-08-09T13:11:15.422-0400] {dag.py:3089} INFO - Sync 1 DAGs
[2024-08-09T13:11:15.428-0400] {logging_mixin.py:188} INFO - [2024-08-09T13:11:15.428-0400] {dag.py:3947} INFO - Setting next_dagrun for example_nested_branch_dag to 2024-08-08 00:00:00+00:00, run_after=2024-08-09 00:00:00+00:00
[2024-08-09T13:11:15.435-0400] {processor.py:183} INFO - Processing /Users/jakeliu/we-defend-truth-1/airflow_env/lib/python3.12/site-packages/airflow/example_dags/example_nested_branch_dag.py took 0.068 seconds
[2024-08-09T13:13:01.634-0400] {processor.py:161} INFO - Started process (PID=21482) to work on /Users/jakeliu/we-defend-truth-1/airflow_env/lib/python3.12/site-packages/airflow/example_dags/example_nested_branch_dag.py
[2024-08-09T13:13:01.636-0400] {processor.py:830} INFO - Processing file /Users/jakeliu/we-defend-truth-1/airflow_env/lib/python3.12/site-packages/airflow/example_dags/example_nested_branch_dag.py for tasks to queue
[2024-08-09T13:13:01.636-0400] {logging_mixin.py:188} INFO - [2024-08-09T13:13:01.636-0400] {dagbag.py:545} INFO - Filling up the DagBag from /Users/jakeliu/we-defend-truth-1/airflow_env/lib/python3.12/site-packages/airflow/example_dags/example_nested_branch_dag.py
[2024-08-09T13:13:01.652-0400] {processor.py:840} INFO - DAG(s) 'example_nested_branch_dag' retrieved from /Users/jakeliu/we-defend-truth-1/airflow_env/lib/python3.12/site-packages/airflow/example_dags/example_nested_branch_dag.py
[2024-08-09T13:13:01.682-0400] {logging_mixin.py:188} INFO - [2024-08-09T13:13:01.682-0400] {dag.py:3089} INFO - Sync 1 DAGs
[2024-08-09T13:13:01.687-0400] {logging_mixin.py:188} INFO - [2024-08-09T13:13:01.687-0400] {dag.py:3947} INFO - Setting next_dagrun for example_nested_branch_dag to 2024-08-08 00:00:00+00:00, run_after=2024-08-09 00:00:00+00:00
[2024-08-09T13:13:01.694-0400] {processor.py:183} INFO - Processing /Users/jakeliu/we-defend-truth-1/airflow_env/lib/python3.12/site-packages/airflow/example_dags/example_nested_branch_dag.py took 0.061 seconds
[2024-08-09T13:14:59.237-0400] {processor.py:161} INFO - Started process (PID=21599) to work on /Users/jakeliu/we-defend-truth-1/airflow_env/lib/python3.12/site-packages/airflow/example_dags/example_nested_branch_dag.py
[2024-08-09T13:14:59.237-0400] {processor.py:830} INFO - Processing file /Users/jakeliu/we-defend-truth-1/airflow_env/lib/python3.12/site-packages/airflow/example_dags/example_nested_branch_dag.py for tasks to queue
[2024-08-09T13:14:59.237-0400] {logging_mixin.py:188} INFO - [2024-08-09T13:14:59.237-0400] {dagbag.py:545} INFO - Filling up the DagBag from /Users/jakeliu/we-defend-truth-1/airflow_env/lib/python3.12/site-packages/airflow/example_dags/example_nested_branch_dag.py
[2024-08-09T13:14:59.252-0400] {processor.py:840} INFO - DAG(s) 'example_nested_branch_dag' retrieved from /Users/jakeliu/we-defend-truth-1/airflow_env/lib/python3.12/site-packages/airflow/example_dags/example_nested_branch_dag.py
[2024-08-09T13:14:59.283-0400] {logging_mixin.py:188} INFO - [2024-08-09T13:14:59.283-0400] {dag.py:3089} INFO - Sync 1 DAGs
[2024-08-09T13:14:59.288-0400] {logging_mixin.py:188} INFO - [2024-08-09T13:14:59.288-0400] {dag.py:3947} INFO - Setting next_dagrun for example_nested_branch_dag to 2024-08-08 00:00:00+00:00, run_after=2024-08-09 00:00:00+00:00
[2024-08-09T13:14:59.295-0400] {processor.py:183} INFO - Processing /Users/jakeliu/we-defend-truth-1/airflow_env/lib/python3.12/site-packages/airflow/example_dags/example_nested_branch_dag.py took 0.059 seconds
[2024-08-09T13:16:54.980-0400] {processor.py:161} INFO - Started process (PID=21694) to work on /Users/jakeliu/we-defend-truth-1/airflow_env/lib/python3.12/site-packages/airflow/example_dags/example_nested_branch_dag.py
[2024-08-09T13:16:54.981-0400] {processor.py:830} INFO - Processing file /Users/jakeliu/we-defend-truth-1/airflow_env/lib/python3.12/site-packages/airflow/example_dags/example_nested_branch_dag.py for tasks to queue
[2024-08-09T13:16:54.982-0400] {logging_mixin.py:188} INFO - [2024-08-09T13:16:54.982-0400] {dagbag.py:545} INFO - Filling up the DagBag from /Users/jakeliu/we-defend-truth-1/airflow_env/lib/python3.12/site-packages/airflow/example_dags/example_nested_branch_dag.py
[2024-08-09T13:16:54.996-0400] {processor.py:840} INFO - DAG(s) 'example_nested_branch_dag' retrieved from /Users/jakeliu/we-defend-truth-1/airflow_env/lib/python3.12/site-packages/airflow/example_dags/example_nested_branch_dag.py
[2024-08-09T13:16:55.026-0400] {logging_mixin.py:188} INFO - [2024-08-09T13:16:55.026-0400] {dag.py:3089} INFO - Sync 1 DAGs
[2024-08-09T13:16:55.031-0400] {logging_mixin.py:188} INFO - [2024-08-09T13:16:55.031-0400] {dag.py:3947} INFO - Setting next_dagrun for example_nested_branch_dag to 2024-08-08 00:00:00+00:00, run_after=2024-08-09 00:00:00+00:00
[2024-08-09T13:16:55.037-0400] {processor.py:183} INFO - Processing /Users/jakeliu/we-defend-truth-1/airflow_env/lib/python3.12/site-packages/airflow/example_dags/example_nested_branch_dag.py took 0.058 seconds
[2024-08-09T13:18:36.643-0400] {processor.py:161} INFO - Started process (PID=21868) to work on /Users/jakeliu/we-defend-truth-1/airflow_env/lib/python3.12/site-packages/airflow/example_dags/example_nested_branch_dag.py
[2024-08-09T13:18:36.643-0400] {processor.py:830} INFO - Processing file /Users/jakeliu/we-defend-truth-1/airflow_env/lib/python3.12/site-packages/airflow/example_dags/example_nested_branch_dag.py for tasks to queue
[2024-08-09T13:18:36.644-0400] {logging_mixin.py:188} INFO - [2024-08-09T13:18:36.644-0400] {dagbag.py:545} INFO - Filling up the DagBag from /Users/jakeliu/we-defend-truth-1/airflow_env/lib/python3.12/site-packages/airflow/example_dags/example_nested_branch_dag.py
[2024-08-09T13:18:36.658-0400] {processor.py:840} INFO - DAG(s) 'example_nested_branch_dag' retrieved from /Users/jakeliu/we-defend-truth-1/airflow_env/lib/python3.12/site-packages/airflow/example_dags/example_nested_branch_dag.py
[2024-08-09T13:18:36.688-0400] {logging_mixin.py:188} INFO - [2024-08-09T13:18:36.688-0400] {dag.py:3089} INFO - Sync 1 DAGs
[2024-08-09T13:18:36.693-0400] {logging_mixin.py:188} INFO - [2024-08-09T13:18:36.693-0400] {dag.py:3947} INFO - Setting next_dagrun for example_nested_branch_dag to 2024-08-08 00:00:00+00:00, run_after=2024-08-09 00:00:00+00:00
[2024-08-09T13:18:36.700-0400] {processor.py:183} INFO - Processing /Users/jakeliu/we-defend-truth-1/airflow_env/lib/python3.12/site-packages/airflow/example_dags/example_nested_branch_dag.py took 0.058 seconds
[2024-08-09T13:20:19.409-0400] {processor.py:161} INFO - Started process (PID=21981) to work on /Users/jakeliu/we-defend-truth-1/airflow_env/lib/python3.12/site-packages/airflow/example_dags/example_nested_branch_dag.py
[2024-08-09T13:20:19.410-0400] {processor.py:830} INFO - Processing file /Users/jakeliu/we-defend-truth-1/airflow_env/lib/python3.12/site-packages/airflow/example_dags/example_nested_branch_dag.py for tasks to queue
[2024-08-09T13:20:19.410-0400] {logging_mixin.py:188} INFO - [2024-08-09T13:20:19.410-0400] {dagbag.py:545} INFO - Filling up the DagBag from /Users/jakeliu/we-defend-truth-1/airflow_env/lib/python3.12/site-packages/airflow/example_dags/example_nested_branch_dag.py
[2024-08-09T13:20:19.425-0400] {processor.py:840} INFO - DAG(s) 'example_nested_branch_dag' retrieved from /Users/jakeliu/we-defend-truth-1/airflow_env/lib/python3.12/site-packages/airflow/example_dags/example_nested_branch_dag.py
[2024-08-09T13:20:19.459-0400] {logging_mixin.py:188} INFO - [2024-08-09T13:20:19.458-0400] {dag.py:3089} INFO - Sync 1 DAGs
[2024-08-09T13:20:19.464-0400] {logging_mixin.py:188} INFO - [2024-08-09T13:20:19.464-0400] {dag.py:3947} INFO - Setting next_dagrun for example_nested_branch_dag to 2024-08-08 00:00:00+00:00, run_after=2024-08-09 00:00:00+00:00
[2024-08-09T13:20:19.472-0400] {processor.py:183} INFO - Processing /Users/jakeliu/we-defend-truth-1/airflow_env/lib/python3.12/site-packages/airflow/example_dags/example_nested_branch_dag.py took 0.064 seconds
[2024-08-09T13:22:01.252-0400] {processor.py:161} INFO - Started process (PID=22620) to work on /Users/jakeliu/we-defend-truth-1/airflow_env/lib/python3.12/site-packages/airflow/example_dags/example_nested_branch_dag.py
[2024-08-09T13:22:01.253-0400] {processor.py:830} INFO - Processing file /Users/jakeliu/we-defend-truth-1/airflow_env/lib/python3.12/site-packages/airflow/example_dags/example_nested_branch_dag.py for tasks to queue
[2024-08-09T13:22:01.253-0400] {logging_mixin.py:188} INFO - [2024-08-09T13:22:01.253-0400] {dagbag.py:545} INFO - Filling up the DagBag from /Users/jakeliu/we-defend-truth-1/airflow_env/lib/python3.12/site-packages/airflow/example_dags/example_nested_branch_dag.py
[2024-08-09T13:22:01.267-0400] {processor.py:840} INFO - DAG(s) 'example_nested_branch_dag' retrieved from /Users/jakeliu/we-defend-truth-1/airflow_env/lib/python3.12/site-packages/airflow/example_dags/example_nested_branch_dag.py
[2024-08-09T13:22:01.298-0400] {logging_mixin.py:188} INFO - [2024-08-09T13:22:01.298-0400] {dag.py:3089} INFO - Sync 1 DAGs
[2024-08-09T13:22:01.303-0400] {logging_mixin.py:188} INFO - [2024-08-09T13:22:01.303-0400] {dag.py:3947} INFO - Setting next_dagrun for example_nested_branch_dag to 2024-08-08 00:00:00+00:00, run_after=2024-08-09 00:00:00+00:00
[2024-08-09T13:22:01.310-0400] {processor.py:183} INFO - Processing /Users/jakeliu/we-defend-truth-1/airflow_env/lib/python3.12/site-packages/airflow/example_dags/example_nested_branch_dag.py took 0.059 seconds
[2024-08-09T13:23:44.572-0400] {processor.py:161} INFO - Started process (PID=22718) to work on /Users/jakeliu/we-defend-truth-1/airflow_env/lib/python3.12/site-packages/airflow/example_dags/example_nested_branch_dag.py
[2024-08-09T13:23:44.573-0400] {processor.py:830} INFO - Processing file /Users/jakeliu/we-defend-truth-1/airflow_env/lib/python3.12/site-packages/airflow/example_dags/example_nested_branch_dag.py for tasks to queue
[2024-08-09T13:23:44.573-0400] {logging_mixin.py:188} INFO - [2024-08-09T13:23:44.573-0400] {dagbag.py:545} INFO - Filling up the DagBag from /Users/jakeliu/we-defend-truth-1/airflow_env/lib/python3.12/site-packages/airflow/example_dags/example_nested_branch_dag.py
[2024-08-09T13:23:44.588-0400] {processor.py:840} INFO - DAG(s) 'example_nested_branch_dag' retrieved from /Users/jakeliu/we-defend-truth-1/airflow_env/lib/python3.12/site-packages/airflow/example_dags/example_nested_branch_dag.py
[2024-08-09T13:23:44.619-0400] {logging_mixin.py:188} INFO - [2024-08-09T13:23:44.618-0400] {dag.py:3089} INFO - Sync 1 DAGs
[2024-08-09T13:23:44.624-0400] {logging_mixin.py:188} INFO - [2024-08-09T13:23:44.624-0400] {dag.py:3947} INFO - Setting next_dagrun for example_nested_branch_dag to 2024-08-08 00:00:00+00:00, run_after=2024-08-09 00:00:00+00:00
[2024-08-09T13:23:44.630-0400] {processor.py:183} INFO - Processing /Users/jakeliu/we-defend-truth-1/airflow_env/lib/python3.12/site-packages/airflow/example_dags/example_nested_branch_dag.py took 0.059 seconds
[2024-08-09T13:25:33.056-0400] {processor.py:161} INFO - Started process (PID=22851) to work on /Users/jakeliu/we-defend-truth-1/airflow_env/lib/python3.12/site-packages/airflow/example_dags/example_nested_branch_dag.py
[2024-08-09T13:25:33.057-0400] {processor.py:830} INFO - Processing file /Users/jakeliu/we-defend-truth-1/airflow_env/lib/python3.12/site-packages/airflow/example_dags/example_nested_branch_dag.py for tasks to queue
[2024-08-09T13:25:33.057-0400] {logging_mixin.py:188} INFO - [2024-08-09T13:25:33.057-0400] {dagbag.py:545} INFO - Filling up the DagBag from /Users/jakeliu/we-defend-truth-1/airflow_env/lib/python3.12/site-packages/airflow/example_dags/example_nested_branch_dag.py
[2024-08-09T13:25:33.072-0400] {processor.py:840} INFO - DAG(s) 'example_nested_branch_dag' retrieved from /Users/jakeliu/we-defend-truth-1/airflow_env/lib/python3.12/site-packages/airflow/example_dags/example_nested_branch_dag.py
[2024-08-09T13:25:33.105-0400] {logging_mixin.py:188} INFO - [2024-08-09T13:25:33.105-0400] {dag.py:3089} INFO - Sync 1 DAGs
[2024-08-09T13:25:33.114-0400] {logging_mixin.py:188} INFO - [2024-08-09T13:25:33.114-0400] {dag.py:3947} INFO - Setting next_dagrun for example_nested_branch_dag to 2024-08-08 00:00:00+00:00, run_after=2024-08-09 00:00:00+00:00
[2024-08-09T13:25:33.121-0400] {processor.py:183} INFO - Processing /Users/jakeliu/we-defend-truth-1/airflow_env/lib/python3.12/site-packages/airflow/example_dags/example_nested_branch_dag.py took 0.066 seconds
[2024-08-09T13:27:30.314-0400] {processor.py:161} INFO - Started process (PID=22962) to work on /Users/jakeliu/we-defend-truth-1/airflow_env/lib/python3.12/site-packages/airflow/example_dags/example_nested_branch_dag.py
[2024-08-09T13:27:30.315-0400] {processor.py:830} INFO - Processing file /Users/jakeliu/we-defend-truth-1/airflow_env/lib/python3.12/site-packages/airflow/example_dags/example_nested_branch_dag.py for tasks to queue
[2024-08-09T13:27:30.315-0400] {logging_mixin.py:188} INFO - [2024-08-09T13:27:30.315-0400] {dagbag.py:545} INFO - Filling up the DagBag from /Users/jakeliu/we-defend-truth-1/airflow_env/lib/python3.12/site-packages/airflow/example_dags/example_nested_branch_dag.py
[2024-08-09T13:27:30.330-0400] {processor.py:840} INFO - DAG(s) 'example_nested_branch_dag' retrieved from /Users/jakeliu/we-defend-truth-1/airflow_env/lib/python3.12/site-packages/airflow/example_dags/example_nested_branch_dag.py
[2024-08-09T13:27:30.363-0400] {logging_mixin.py:188} INFO - [2024-08-09T13:27:30.363-0400] {dag.py:3089} INFO - Sync 1 DAGs
[2024-08-09T13:27:30.368-0400] {logging_mixin.py:188} INFO - [2024-08-09T13:27:30.368-0400] {dag.py:3947} INFO - Setting next_dagrun for example_nested_branch_dag to 2024-08-08 00:00:00+00:00, run_after=2024-08-09 00:00:00+00:00
[2024-08-09T13:27:30.375-0400] {processor.py:183} INFO - Processing /Users/jakeliu/we-defend-truth-1/airflow_env/lib/python3.12/site-packages/airflow/example_dags/example_nested_branch_dag.py took 0.062 seconds
