[2024-08-09T13:04:45.863-0400] {processor.py:161} INFO - Started process (PID=20916) to work on /Users/jakeliu/we-defend-truth-1/airflow_env/lib/python3.12/site-packages/airflow/example_dags/example_latest_only.py
[2024-08-09T13:04:45.863-0400] {processor.py:830} INFO - Processing file /Users/jakeliu/we-defend-truth-1/airflow_env/lib/python3.12/site-packages/airflow/example_dags/example_latest_only.py for tasks to queue
[2024-08-09T13:04:45.864-0400] {logging_mixin.py:188} INFO - [2024-08-09T13:04:45.863-0400] {dagbag.py:545} INFO - Filling up the DagBag from /Users/jakeliu/we-defend-truth-1/airflow_env/lib/python3.12/site-packages/airflow/example_dags/example_latest_only.py
[2024-08-09T13:04:45.866-0400] {processor.py:840} INFO - DAG(s) 'latest_only' retrieved from /Users/jakeliu/we-defend-truth-1/airflow_env/lib/python3.12/site-packages/airflow/example_dags/example_latest_only.py
[2024-08-09T13:04:45.924-0400] {logging_mixin.py:188} INFO - [2024-08-09T13:04:45.924-0400] {dag.py:3089} INFO - Sync 1 DAGs
[2024-08-09T13:04:45.929-0400] {logging_mixin.py:188} INFO - [2024-08-09T13:04:45.929-0400] {dag.py:3947} INFO - Setting next_dagrun for latest_only to 2024-08-09 12:00:00+00:00, run_after=2024-08-09 16:00:00+00:00
[2024-08-09T13:04:45.936-0400] {processor.py:183} INFO - Processing /Users/jakeliu/we-defend-truth-1/airflow_env/lib/python3.12/site-packages/airflow/example_dags/example_latest_only.py took 0.074 seconds
[2024-08-09T13:06:33.875-0400] {processor.py:161} INFO - Started process (PID=21035) to work on /Users/jakeliu/we-defend-truth-1/airflow_env/lib/python3.12/site-packages/airflow/example_dags/example_latest_only.py
[2024-08-09T13:06:33.876-0400] {processor.py:830} INFO - Processing file /Users/jakeliu/we-defend-truth-1/airflow_env/lib/python3.12/site-packages/airflow/example_dags/example_latest_only.py for tasks to queue
[2024-08-09T13:06:33.877-0400] {logging_mixin.py:188} INFO - [2024-08-09T13:06:33.876-0400] {dagbag.py:545} INFO - Filling up the DagBag from /Users/jakeliu/we-defend-truth-1/airflow_env/lib/python3.12/site-packages/airflow/example_dags/example_latest_only.py
[2024-08-09T13:06:33.879-0400] {processor.py:840} INFO - DAG(s) 'latest_only' retrieved from /Users/jakeliu/we-defend-truth-1/airflow_env/lib/python3.12/site-packages/airflow/example_dags/example_latest_only.py
[2024-08-09T13:06:33.910-0400] {logging_mixin.py:188} INFO - [2024-08-09T13:06:33.910-0400] {dag.py:3089} INFO - Sync 1 DAGs
[2024-08-09T13:06:33.915-0400] {logging_mixin.py:188} INFO - [2024-08-09T13:06:33.915-0400] {dag.py:3947} INFO - Setting next_dagrun for latest_only to 2024-08-09 12:00:00+00:00, run_after=2024-08-09 16:00:00+00:00
[2024-08-09T13:06:33.921-0400] {processor.py:183} INFO - Processing /Users/jakeliu/we-defend-truth-1/airflow_env/lib/python3.12/site-packages/airflow/example_dags/example_latest_only.py took 0.047 seconds
[2024-08-09T13:08:18.256-0400] {processor.py:161} INFO - Started process (PID=21187) to work on /Users/jakeliu/we-defend-truth-1/airflow_env/lib/python3.12/site-packages/airflow/example_dags/example_latest_only.py
[2024-08-09T13:08:18.258-0400] {processor.py:830} INFO - Processing file /Users/jakeliu/we-defend-truth-1/airflow_env/lib/python3.12/site-packages/airflow/example_dags/example_latest_only.py for tasks to queue
[2024-08-09T13:08:18.258-0400] {logging_mixin.py:188} INFO - [2024-08-09T13:08:18.258-0400] {dagbag.py:545} INFO - Filling up the DagBag from /Users/jakeliu/we-defend-truth-1/airflow_env/lib/python3.12/site-packages/airflow/example_dags/example_latest_only.py
[2024-08-09T13:08:18.261-0400] {processor.py:840} INFO - DAG(s) 'latest_only' retrieved from /Users/jakeliu/we-defend-truth-1/airflow_env/lib/python3.12/site-packages/airflow/example_dags/example_latest_only.py
[2024-08-09T13:08:18.291-0400] {logging_mixin.py:188} INFO - [2024-08-09T13:08:18.291-0400] {dag.py:3089} INFO - Sync 1 DAGs
[2024-08-09T13:08:18.297-0400] {logging_mixin.py:188} INFO - [2024-08-09T13:08:18.297-0400] {dag.py:3947} INFO - Setting next_dagrun for latest_only to 2024-08-09 12:00:00+00:00, run_after=2024-08-09 16:00:00+00:00
[2024-08-09T13:08:18.303-0400] {processor.py:183} INFO - Processing /Users/jakeliu/we-defend-truth-1/airflow_env/lib/python3.12/site-packages/airflow/example_dags/example_latest_only.py took 0.047 seconds
[2024-08-09T13:09:57.292-0400] {processor.py:161} INFO - Started process (PID=21301) to work on /Users/jakeliu/we-defend-truth-1/airflow_env/lib/python3.12/site-packages/airflow/example_dags/example_latest_only.py
[2024-08-09T13:09:57.293-0400] {processor.py:830} INFO - Processing file /Users/jakeliu/we-defend-truth-1/airflow_env/lib/python3.12/site-packages/airflow/example_dags/example_latest_only.py for tasks to queue
[2024-08-09T13:09:57.293-0400] {logging_mixin.py:188} INFO - [2024-08-09T13:09:57.293-0400] {dagbag.py:545} INFO - Filling up the DagBag from /Users/jakeliu/we-defend-truth-1/airflow_env/lib/python3.12/site-packages/airflow/example_dags/example_latest_only.py
[2024-08-09T13:09:57.296-0400] {processor.py:840} INFO - DAG(s) 'latest_only' retrieved from /Users/jakeliu/we-defend-truth-1/airflow_env/lib/python3.12/site-packages/airflow/example_dags/example_latest_only.py
[2024-08-09T13:09:57.328-0400] {logging_mixin.py:188} INFO - [2024-08-09T13:09:57.328-0400] {dag.py:3089} INFO - Sync 1 DAGs
[2024-08-09T13:09:57.333-0400] {logging_mixin.py:188} INFO - [2024-08-09T13:09:57.333-0400] {dag.py:3947} INFO - Setting next_dagrun for latest_only to 2024-08-09 12:00:00+00:00, run_after=2024-08-09 16:00:00+00:00
[2024-08-09T13:09:57.340-0400] {processor.py:183} INFO - Processing /Users/jakeliu/we-defend-truth-1/airflow_env/lib/python3.12/site-packages/airflow/example_dags/example_latest_only.py took 0.049 seconds
[2024-08-09T13:11:44.733-0400] {processor.py:161} INFO - Started process (PID=21407) to work on /Users/jakeliu/we-defend-truth-1/airflow_env/lib/python3.12/site-packages/airflow/example_dags/example_latest_only.py
[2024-08-09T13:11:44.734-0400] {processor.py:830} INFO - Processing file /Users/jakeliu/we-defend-truth-1/airflow_env/lib/python3.12/site-packages/airflow/example_dags/example_latest_only.py for tasks to queue
[2024-08-09T13:11:44.735-0400] {logging_mixin.py:188} INFO - [2024-08-09T13:11:44.734-0400] {dagbag.py:545} INFO - Filling up the DagBag from /Users/jakeliu/we-defend-truth-1/airflow_env/lib/python3.12/site-packages/airflow/example_dags/example_latest_only.py
[2024-08-09T13:11:44.738-0400] {processor.py:840} INFO - DAG(s) 'latest_only' retrieved from /Users/jakeliu/we-defend-truth-1/airflow_env/lib/python3.12/site-packages/airflow/example_dags/example_latest_only.py
[2024-08-09T13:11:44.768-0400] {logging_mixin.py:188} INFO - [2024-08-09T13:11:44.768-0400] {dag.py:3089} INFO - Sync 1 DAGs
[2024-08-09T13:11:44.773-0400] {logging_mixin.py:188} INFO - [2024-08-09T13:11:44.773-0400] {dag.py:3947} INFO - Setting next_dagrun for latest_only to 2024-08-09 12:00:00+00:00, run_after=2024-08-09 16:00:00+00:00
[2024-08-09T13:11:44.779-0400] {processor.py:183} INFO - Processing /Users/jakeliu/we-defend-truth-1/airflow_env/lib/python3.12/site-packages/airflow/example_dags/example_latest_only.py took 0.047 seconds
[2024-08-09T13:13:36.260-0400] {processor.py:161} INFO - Started process (PID=21504) to work on /Users/jakeliu/we-defend-truth-1/airflow_env/lib/python3.12/site-packages/airflow/example_dags/example_latest_only.py
[2024-08-09T13:13:36.261-0400] {processor.py:830} INFO - Processing file /Users/jakeliu/we-defend-truth-1/airflow_env/lib/python3.12/site-packages/airflow/example_dags/example_latest_only.py for tasks to queue
[2024-08-09T13:13:36.261-0400] {logging_mixin.py:188} INFO - [2024-08-09T13:13:36.261-0400] {dagbag.py:545} INFO - Filling up the DagBag from /Users/jakeliu/we-defend-truth-1/airflow_env/lib/python3.12/site-packages/airflow/example_dags/example_latest_only.py
[2024-08-09T13:13:36.264-0400] {processor.py:840} INFO - DAG(s) 'latest_only' retrieved from /Users/jakeliu/we-defend-truth-1/airflow_env/lib/python3.12/site-packages/airflow/example_dags/example_latest_only.py
[2024-08-09T13:13:36.295-0400] {logging_mixin.py:188} INFO - [2024-08-09T13:13:36.295-0400] {dag.py:3089} INFO - Sync 1 DAGs
[2024-08-09T13:13:36.301-0400] {logging_mixin.py:188} INFO - [2024-08-09T13:13:36.301-0400] {dag.py:3947} INFO - Setting next_dagrun for latest_only to 2024-08-09 12:00:00+00:00, run_after=2024-08-09 16:00:00+00:00
[2024-08-09T13:13:36.307-0400] {processor.py:183} INFO - Processing /Users/jakeliu/we-defend-truth-1/airflow_env/lib/python3.12/site-packages/airflow/example_dags/example_latest_only.py took 0.049 seconds
[2024-08-09T13:15:33.584-0400] {processor.py:161} INFO - Started process (PID=21619) to work on /Users/jakeliu/we-defend-truth-1/airflow_env/lib/python3.12/site-packages/airflow/example_dags/example_latest_only.py
[2024-08-09T13:15:33.585-0400] {processor.py:830} INFO - Processing file /Users/jakeliu/we-defend-truth-1/airflow_env/lib/python3.12/site-packages/airflow/example_dags/example_latest_only.py for tasks to queue
[2024-08-09T13:15:33.585-0400] {logging_mixin.py:188} INFO - [2024-08-09T13:15:33.585-0400] {dagbag.py:545} INFO - Filling up the DagBag from /Users/jakeliu/we-defend-truth-1/airflow_env/lib/python3.12/site-packages/airflow/example_dags/example_latest_only.py
[2024-08-09T13:15:33.588-0400] {processor.py:840} INFO - DAG(s) 'latest_only' retrieved from /Users/jakeliu/we-defend-truth-1/airflow_env/lib/python3.12/site-packages/airflow/example_dags/example_latest_only.py
[2024-08-09T13:15:33.622-0400] {logging_mixin.py:188} INFO - [2024-08-09T13:15:33.622-0400] {dag.py:3089} INFO - Sync 1 DAGs
[2024-08-09T13:15:33.628-0400] {logging_mixin.py:188} INFO - [2024-08-09T13:15:33.628-0400] {dag.py:3947} INFO - Setting next_dagrun for latest_only to 2024-08-09 12:00:00+00:00, run_after=2024-08-09 16:00:00+00:00
[2024-08-09T13:15:33.634-0400] {processor.py:183} INFO - Processing /Users/jakeliu/we-defend-truth-1/airflow_env/lib/python3.12/site-packages/airflow/example_dags/example_latest_only.py took 0.051 seconds
[2024-08-09T13:17:24.427-0400] {processor.py:161} INFO - Started process (PID=21784) to work on /Users/jakeliu/we-defend-truth-1/airflow_env/lib/python3.12/site-packages/airflow/example_dags/example_latest_only.py
[2024-08-09T13:17:24.429-0400] {processor.py:830} INFO - Processing file /Users/jakeliu/we-defend-truth-1/airflow_env/lib/python3.12/site-packages/airflow/example_dags/example_latest_only.py for tasks to queue
[2024-08-09T13:17:24.429-0400] {logging_mixin.py:188} INFO - [2024-08-09T13:17:24.429-0400] {dagbag.py:545} INFO - Filling up the DagBag from /Users/jakeliu/we-defend-truth-1/airflow_env/lib/python3.12/site-packages/airflow/example_dags/example_latest_only.py
[2024-08-09T13:17:24.432-0400] {processor.py:840} INFO - DAG(s) 'latest_only' retrieved from /Users/jakeliu/we-defend-truth-1/airflow_env/lib/python3.12/site-packages/airflow/example_dags/example_latest_only.py
[2024-08-09T13:17:24.464-0400] {logging_mixin.py:188} INFO - [2024-08-09T13:17:24.464-0400] {dag.py:3089} INFO - Sync 1 DAGs
[2024-08-09T13:17:24.469-0400] {logging_mixin.py:188} INFO - [2024-08-09T13:17:24.469-0400] {dag.py:3947} INFO - Setting next_dagrun for latest_only to 2024-08-09 12:00:00+00:00, run_after=2024-08-09 16:00:00+00:00
[2024-08-09T13:17:24.475-0400] {processor.py:183} INFO - Processing /Users/jakeliu/we-defend-truth-1/airflow_env/lib/python3.12/site-packages/airflow/example_dags/example_latest_only.py took 0.049 seconds
[2024-08-09T13:19:04.734-0400] {processor.py:161} INFO - Started process (PID=21889) to work on /Users/jakeliu/we-defend-truth-1/airflow_env/lib/python3.12/site-packages/airflow/example_dags/example_latest_only.py
[2024-08-09T13:19:04.735-0400] {processor.py:830} INFO - Processing file /Users/jakeliu/we-defend-truth-1/airflow_env/lib/python3.12/site-packages/airflow/example_dags/example_latest_only.py for tasks to queue
[2024-08-09T13:19:04.736-0400] {logging_mixin.py:188} INFO - [2024-08-09T13:19:04.735-0400] {dagbag.py:545} INFO - Filling up the DagBag from /Users/jakeliu/we-defend-truth-1/airflow_env/lib/python3.12/site-packages/airflow/example_dags/example_latest_only.py
[2024-08-09T13:19:04.739-0400] {processor.py:840} INFO - DAG(s) 'latest_only' retrieved from /Users/jakeliu/we-defend-truth-1/airflow_env/lib/python3.12/site-packages/airflow/example_dags/example_latest_only.py
[2024-08-09T13:19:04.770-0400] {logging_mixin.py:188} INFO - [2024-08-09T13:19:04.770-0400] {dag.py:3089} INFO - Sync 1 DAGs
[2024-08-09T13:19:04.775-0400] {logging_mixin.py:188} INFO - [2024-08-09T13:19:04.775-0400] {dag.py:3947} INFO - Setting next_dagrun for latest_only to 2024-08-09 12:00:00+00:00, run_after=2024-08-09 16:00:00+00:00
[2024-08-09T13:19:04.781-0400] {processor.py:183} INFO - Processing /Users/jakeliu/we-defend-truth-1/airflow_env/lib/python3.12/site-packages/airflow/example_dags/example_latest_only.py took 0.049 seconds
[2024-08-09T13:20:48.104-0400] {processor.py:161} INFO - Started process (PID=22433) to work on /Users/jakeliu/we-defend-truth-1/airflow_env/lib/python3.12/site-packages/airflow/example_dags/example_latest_only.py
[2024-08-09T13:20:48.105-0400] {processor.py:830} INFO - Processing file /Users/jakeliu/we-defend-truth-1/airflow_env/lib/python3.12/site-packages/airflow/example_dags/example_latest_only.py for tasks to queue
[2024-08-09T13:20:48.105-0400] {logging_mixin.py:188} INFO - [2024-08-09T13:20:48.105-0400] {dagbag.py:545} INFO - Filling up the DagBag from /Users/jakeliu/we-defend-truth-1/airflow_env/lib/python3.12/site-packages/airflow/example_dags/example_latest_only.py
[2024-08-09T13:20:48.108-0400] {processor.py:840} INFO - DAG(s) 'latest_only' retrieved from /Users/jakeliu/we-defend-truth-1/airflow_env/lib/python3.12/site-packages/airflow/example_dags/example_latest_only.py
[2024-08-09T13:20:48.138-0400] {logging_mixin.py:188} INFO - [2024-08-09T13:20:48.138-0400] {dag.py:3089} INFO - Sync 1 DAGs
[2024-08-09T13:20:48.144-0400] {logging_mixin.py:188} INFO - [2024-08-09T13:20:48.144-0400] {dag.py:3947} INFO - Setting next_dagrun for latest_only to 2024-08-09 12:00:00+00:00, run_after=2024-08-09 16:00:00+00:00
[2024-08-09T13:20:48.150-0400] {processor.py:183} INFO - Processing /Users/jakeliu/we-defend-truth-1/airflow_env/lib/python3.12/site-packages/airflow/example_dags/example_latest_only.py took 0.048 seconds
[2024-08-09T13:22:31.213-0400] {processor.py:161} INFO - Started process (PID=22650) to work on /Users/jakeliu/we-defend-truth-1/airflow_env/lib/python3.12/site-packages/airflow/example_dags/example_latest_only.py
[2024-08-09T13:22:31.213-0400] {processor.py:830} INFO - Processing file /Users/jakeliu/we-defend-truth-1/airflow_env/lib/python3.12/site-packages/airflow/example_dags/example_latest_only.py for tasks to queue
[2024-08-09T13:22:31.214-0400] {logging_mixin.py:188} INFO - [2024-08-09T13:22:31.214-0400] {dagbag.py:545} INFO - Filling up the DagBag from /Users/jakeliu/we-defend-truth-1/airflow_env/lib/python3.12/site-packages/airflow/example_dags/example_latest_only.py
[2024-08-09T13:22:31.217-0400] {processor.py:840} INFO - DAG(s) 'latest_only' retrieved from /Users/jakeliu/we-defend-truth-1/airflow_env/lib/python3.12/site-packages/airflow/example_dags/example_latest_only.py
[2024-08-09T13:22:31.247-0400] {logging_mixin.py:188} INFO - [2024-08-09T13:22:31.247-0400] {dag.py:3089} INFO - Sync 1 DAGs
[2024-08-09T13:22:31.253-0400] {logging_mixin.py:188} INFO - [2024-08-09T13:22:31.253-0400] {dag.py:3947} INFO - Setting next_dagrun for latest_only to 2024-08-09 12:00:00+00:00, run_after=2024-08-09 16:00:00+00:00
[2024-08-09T13:22:31.259-0400] {processor.py:183} INFO - Processing /Users/jakeliu/we-defend-truth-1/airflow_env/lib/python3.12/site-packages/airflow/example_dags/example_latest_only.py took 0.047 seconds
[2024-08-09T13:24:12.457-0400] {processor.py:161} INFO - Started process (PID=22752) to work on /Users/jakeliu/we-defend-truth-1/airflow_env/lib/python3.12/site-packages/airflow/example_dags/example_latest_only.py
[2024-08-09T13:24:12.458-0400] {processor.py:830} INFO - Processing file /Users/jakeliu/we-defend-truth-1/airflow_env/lib/python3.12/site-packages/airflow/example_dags/example_latest_only.py for tasks to queue
[2024-08-09T13:24:12.459-0400] {logging_mixin.py:188} INFO - [2024-08-09T13:24:12.459-0400] {dagbag.py:545} INFO - Filling up the DagBag from /Users/jakeliu/we-defend-truth-1/airflow_env/lib/python3.12/site-packages/airflow/example_dags/example_latest_only.py
[2024-08-09T13:24:12.462-0400] {processor.py:840} INFO - DAG(s) 'latest_only' retrieved from /Users/jakeliu/we-defend-truth-1/airflow_env/lib/python3.12/site-packages/airflow/example_dags/example_latest_only.py
[2024-08-09T13:24:12.492-0400] {logging_mixin.py:188} INFO - [2024-08-09T13:24:12.492-0400] {dag.py:3089} INFO - Sync 1 DAGs
[2024-08-09T13:24:12.498-0400] {logging_mixin.py:188} INFO - [2024-08-09T13:24:12.498-0400] {dag.py:3947} INFO - Setting next_dagrun for latest_only to 2024-08-09 12:00:00+00:00, run_after=2024-08-09 16:00:00+00:00
[2024-08-09T13:24:12.504-0400] {processor.py:183} INFO - Processing /Users/jakeliu/we-defend-truth-1/airflow_env/lib/python3.12/site-packages/airflow/example_dags/example_latest_only.py took 0.048 seconds
[2024-08-09T13:26:07.633-0400] {processor.py:161} INFO - Started process (PID=22885) to work on /Users/jakeliu/we-defend-truth-1/airflow_env/lib/python3.12/site-packages/airflow/example_dags/example_latest_only.py
[2024-08-09T13:26:07.635-0400] {processor.py:830} INFO - Processing file /Users/jakeliu/we-defend-truth-1/airflow_env/lib/python3.12/site-packages/airflow/example_dags/example_latest_only.py for tasks to queue
[2024-08-09T13:26:07.635-0400] {logging_mixin.py:188} INFO - [2024-08-09T13:26:07.635-0400] {dagbag.py:545} INFO - Filling up the DagBag from /Users/jakeliu/we-defend-truth-1/airflow_env/lib/python3.12/site-packages/airflow/example_dags/example_latest_only.py
[2024-08-09T13:26:07.638-0400] {processor.py:840} INFO - DAG(s) 'latest_only' retrieved from /Users/jakeliu/we-defend-truth-1/airflow_env/lib/python3.12/site-packages/airflow/example_dags/example_latest_only.py
[2024-08-09T13:26:07.669-0400] {logging_mixin.py:188} INFO - [2024-08-09T13:26:07.669-0400] {dag.py:3089} INFO - Sync 1 DAGs
[2024-08-09T13:26:07.675-0400] {logging_mixin.py:188} INFO - [2024-08-09T13:26:07.675-0400] {dag.py:3947} INFO - Setting next_dagrun for latest_only to 2024-08-09 12:00:00+00:00, run_after=2024-08-09 16:00:00+00:00
[2024-08-09T13:26:07.681-0400] {processor.py:183} INFO - Processing /Users/jakeliu/we-defend-truth-1/airflow_env/lib/python3.12/site-packages/airflow/example_dags/example_latest_only.py took 0.049 seconds
[2024-08-09T13:28:05.789-0400] {processor.py:161} INFO - Started process (PID=23109) to work on /Users/jakeliu/we-defend-truth-1/airflow_env/lib/python3.12/site-packages/airflow/example_dags/example_latest_only.py
[2024-08-09T13:28:05.790-0400] {processor.py:830} INFO - Processing file /Users/jakeliu/we-defend-truth-1/airflow_env/lib/python3.12/site-packages/airflow/example_dags/example_latest_only.py for tasks to queue
[2024-08-09T13:28:05.791-0400] {logging_mixin.py:188} INFO - [2024-08-09T13:28:05.791-0400] {dagbag.py:545} INFO - Filling up the DagBag from /Users/jakeliu/we-defend-truth-1/airflow_env/lib/python3.12/site-packages/airflow/example_dags/example_latest_only.py
[2024-08-09T13:28:05.794-0400] {processor.py:840} INFO - DAG(s) 'latest_only' retrieved from /Users/jakeliu/we-defend-truth-1/airflow_env/lib/python3.12/site-packages/airflow/example_dags/example_latest_only.py
[2024-08-09T13:28:05.824-0400] {logging_mixin.py:188} INFO - [2024-08-09T13:28:05.824-0400] {dag.py:3089} INFO - Sync 1 DAGs
[2024-08-09T13:28:05.829-0400] {logging_mixin.py:188} INFO - [2024-08-09T13:28:05.829-0400] {dag.py:3947} INFO - Setting next_dagrun for latest_only to 2024-08-09 12:00:00+00:00, run_after=2024-08-09 16:00:00+00:00
[2024-08-09T13:28:05.835-0400] {processor.py:183} INFO - Processing /Users/jakeliu/we-defend-truth-1/airflow_env/lib/python3.12/site-packages/airflow/example_dags/example_latest_only.py took 0.047 seconds
[2024-08-09T13:29:54.767-0400] {processor.py:161} INFO - Started process (PID=23380) to work on /Users/jakeliu/we-defend-truth-1/airflow_env/lib/python3.12/site-packages/airflow/example_dags/example_latest_only.py
[2024-08-09T13:29:54.768-0400] {processor.py:830} INFO - Processing file /Users/jakeliu/we-defend-truth-1/airflow_env/lib/python3.12/site-packages/airflow/example_dags/example_latest_only.py for tasks to queue
[2024-08-09T13:29:54.768-0400] {logging_mixin.py:188} INFO - [2024-08-09T13:29:54.768-0400] {dagbag.py:545} INFO - Filling up the DagBag from /Users/jakeliu/we-defend-truth-1/airflow_env/lib/python3.12/site-packages/airflow/example_dags/example_latest_only.py
[2024-08-09T13:29:54.772-0400] {processor.py:840} INFO - DAG(s) 'latest_only' retrieved from /Users/jakeliu/we-defend-truth-1/airflow_env/lib/python3.12/site-packages/airflow/example_dags/example_latest_only.py
[2024-08-09T13:29:54.814-0400] {logging_mixin.py:188} INFO - [2024-08-09T13:29:54.814-0400] {dag.py:3089} INFO - Sync 1 DAGs
[2024-08-09T13:29:54.820-0400] {logging_mixin.py:188} INFO - [2024-08-09T13:29:54.820-0400] {dag.py:3947} INFO - Setting next_dagrun for latest_only to 2024-08-09 12:00:00+00:00, run_after=2024-08-09 16:00:00+00:00
[2024-08-09T13:29:54.826-0400] {processor.py:183} INFO - Processing /Users/jakeliu/we-defend-truth-1/airflow_env/lib/python3.12/site-packages/airflow/example_dags/example_latest_only.py took 0.060 seconds
[2024-08-09T13:31:51.583-0400] {processor.py:161} INFO - Started process (PID=23600) to work on /Users/jakeliu/we-defend-truth-1/airflow_env/lib/python3.12/site-packages/airflow/example_dags/example_latest_only.py
[2024-08-09T13:31:51.584-0400] {processor.py:830} INFO - Processing file /Users/jakeliu/we-defend-truth-1/airflow_env/lib/python3.12/site-packages/airflow/example_dags/example_latest_only.py for tasks to queue
[2024-08-09T13:31:51.584-0400] {logging_mixin.py:188} INFO - [2024-08-09T13:31:51.584-0400] {dagbag.py:545} INFO - Filling up the DagBag from /Users/jakeliu/we-defend-truth-1/airflow_env/lib/python3.12/site-packages/airflow/example_dags/example_latest_only.py
[2024-08-09T13:31:51.587-0400] {processor.py:840} INFO - DAG(s) 'latest_only' retrieved from /Users/jakeliu/we-defend-truth-1/airflow_env/lib/python3.12/site-packages/airflow/example_dags/example_latest_only.py
[2024-08-09T13:31:51.618-0400] {logging_mixin.py:188} INFO - [2024-08-09T13:31:51.618-0400] {dag.py:3089} INFO - Sync 1 DAGs
[2024-08-09T13:31:51.624-0400] {logging_mixin.py:188} INFO - [2024-08-09T13:31:51.624-0400] {dag.py:3947} INFO - Setting next_dagrun for latest_only to 2024-08-09 12:00:00+00:00, run_after=2024-08-09 16:00:00+00:00
[2024-08-09T13:31:51.630-0400] {processor.py:183} INFO - Processing /Users/jakeliu/we-defend-truth-1/airflow_env/lib/python3.12/site-packages/airflow/example_dags/example_latest_only.py took 0.048 seconds
[2024-08-09T13:33:46.345-0400] {processor.py:161} INFO - Started process (PID=23715) to work on /Users/jakeliu/we-defend-truth-1/airflow_env/lib/python3.12/site-packages/airflow/example_dags/example_latest_only.py
[2024-08-09T13:33:46.345-0400] {processor.py:830} INFO - Processing file /Users/jakeliu/we-defend-truth-1/airflow_env/lib/python3.12/site-packages/airflow/example_dags/example_latest_only.py for tasks to queue
[2024-08-09T13:33:46.345-0400] {logging_mixin.py:188} INFO - [2024-08-09T13:33:46.345-0400] {dagbag.py:545} INFO - Filling up the DagBag from /Users/jakeliu/we-defend-truth-1/airflow_env/lib/python3.12/site-packages/airflow/example_dags/example_latest_only.py
[2024-08-09T13:33:46.349-0400] {processor.py:840} INFO - DAG(s) 'latest_only' retrieved from /Users/jakeliu/we-defend-truth-1/airflow_env/lib/python3.12/site-packages/airflow/example_dags/example_latest_only.py
[2024-08-09T13:33:46.385-0400] {logging_mixin.py:188} INFO - [2024-08-09T13:33:46.385-0400] {dag.py:3089} INFO - Sync 1 DAGs
[2024-08-09T13:33:46.392-0400] {logging_mixin.py:188} INFO - [2024-08-09T13:33:46.392-0400] {dag.py:3947} INFO - Setting next_dagrun for latest_only to 2024-08-09 12:00:00+00:00, run_after=2024-08-09 16:00:00+00:00
[2024-08-09T13:33:46.400-0400] {processor.py:183} INFO - Processing /Users/jakeliu/we-defend-truth-1/airflow_env/lib/python3.12/site-packages/airflow/example_dags/example_latest_only.py took 0.057 seconds
[2024-08-09T13:35:31.447-0400] {processor.py:161} INFO - Started process (PID=23865) to work on /Users/jakeliu/we-defend-truth-1/airflow_env/lib/python3.12/site-packages/airflow/example_dags/example_latest_only.py
[2024-08-09T13:35:31.448-0400] {processor.py:830} INFO - Processing file /Users/jakeliu/we-defend-truth-1/airflow_env/lib/python3.12/site-packages/airflow/example_dags/example_latest_only.py for tasks to queue
[2024-08-09T13:35:31.448-0400] {logging_mixin.py:188} INFO - [2024-08-09T13:35:31.448-0400] {dagbag.py:545} INFO - Filling up the DagBag from /Users/jakeliu/we-defend-truth-1/airflow_env/lib/python3.12/site-packages/airflow/example_dags/example_latest_only.py
[2024-08-09T13:35:31.452-0400] {processor.py:840} INFO - DAG(s) 'latest_only' retrieved from /Users/jakeliu/we-defend-truth-1/airflow_env/lib/python3.12/site-packages/airflow/example_dags/example_latest_only.py
[2024-08-09T13:35:31.483-0400] {logging_mixin.py:188} INFO - [2024-08-09T13:35:31.483-0400] {dag.py:3089} INFO - Sync 1 DAGs
[2024-08-09T13:35:31.489-0400] {logging_mixin.py:188} INFO - [2024-08-09T13:35:31.489-0400] {dag.py:3947} INFO - Setting next_dagrun for latest_only to 2024-08-09 12:00:00+00:00, run_after=2024-08-09 16:00:00+00:00
[2024-08-09T13:35:31.495-0400] {processor.py:183} INFO - Processing /Users/jakeliu/we-defend-truth-1/airflow_env/lib/python3.12/site-packages/airflow/example_dags/example_latest_only.py took 0.050 seconds
[2024-08-09T13:37:18.939-0400] {processor.py:161} INFO - Started process (PID=23951) to work on /Users/jakeliu/we-defend-truth-1/airflow_env/lib/python3.12/site-packages/airflow/example_dags/example_latest_only.py
[2024-08-09T13:37:18.940-0400] {processor.py:830} INFO - Processing file /Users/jakeliu/we-defend-truth-1/airflow_env/lib/python3.12/site-packages/airflow/example_dags/example_latest_only.py for tasks to queue
[2024-08-09T13:37:18.940-0400] {logging_mixin.py:188} INFO - [2024-08-09T13:37:18.940-0400] {dagbag.py:545} INFO - Filling up the DagBag from /Users/jakeliu/we-defend-truth-1/airflow_env/lib/python3.12/site-packages/airflow/example_dags/example_latest_only.py
[2024-08-09T13:37:18.944-0400] {processor.py:840} INFO - DAG(s) 'latest_only' retrieved from /Users/jakeliu/we-defend-truth-1/airflow_env/lib/python3.12/site-packages/airflow/example_dags/example_latest_only.py
[2024-08-09T13:37:18.975-0400] {logging_mixin.py:188} INFO - [2024-08-09T13:37:18.975-0400] {dag.py:3089} INFO - Sync 1 DAGs
[2024-08-09T13:37:18.981-0400] {logging_mixin.py:188} INFO - [2024-08-09T13:37:18.981-0400] {dag.py:3947} INFO - Setting next_dagrun for latest_only to 2024-08-09 12:00:00+00:00, run_after=2024-08-09 16:00:00+00:00
[2024-08-09T13:37:18.987-0400] {processor.py:183} INFO - Processing /Users/jakeliu/we-defend-truth-1/airflow_env/lib/python3.12/site-packages/airflow/example_dags/example_latest_only.py took 0.049 seconds
[2024-08-09T13:39:17.355-0400] {processor.py:161} INFO - Started process (PID=24032) to work on /Users/jakeliu/we-defend-truth-1/airflow_env/lib/python3.12/site-packages/airflow/example_dags/example_latest_only.py
[2024-08-09T13:39:17.356-0400] {processor.py:830} INFO - Processing file /Users/jakeliu/we-defend-truth-1/airflow_env/lib/python3.12/site-packages/airflow/example_dags/example_latest_only.py for tasks to queue
[2024-08-09T13:39:17.356-0400] {logging_mixin.py:188} INFO - [2024-08-09T13:39:17.356-0400] {dagbag.py:545} INFO - Filling up the DagBag from /Users/jakeliu/we-defend-truth-1/airflow_env/lib/python3.12/site-packages/airflow/example_dags/example_latest_only.py
[2024-08-09T13:39:17.359-0400] {processor.py:840} INFO - DAG(s) 'latest_only' retrieved from /Users/jakeliu/we-defend-truth-1/airflow_env/lib/python3.12/site-packages/airflow/example_dags/example_latest_only.py
[2024-08-09T13:39:17.389-0400] {logging_mixin.py:188} INFO - [2024-08-09T13:39:17.389-0400] {dag.py:3089} INFO - Sync 1 DAGs
[2024-08-09T13:39:17.395-0400] {logging_mixin.py:188} INFO - [2024-08-09T13:39:17.395-0400] {dag.py:3947} INFO - Setting next_dagrun for latest_only to 2024-08-09 12:00:00+00:00, run_after=2024-08-09 16:00:00+00:00
[2024-08-09T13:39:17.401-0400] {processor.py:183} INFO - Processing /Users/jakeliu/we-defend-truth-1/airflow_env/lib/python3.12/site-packages/airflow/example_dags/example_latest_only.py took 0.047 seconds
[2024-08-09T13:41:02.445-0400] {processor.py:161} INFO - Started process (PID=24131) to work on /Users/jakeliu/we-defend-truth-1/airflow_env/lib/python3.12/site-packages/airflow/example_dags/example_latest_only.py
[2024-08-09T13:41:02.446-0400] {processor.py:830} INFO - Processing file /Users/jakeliu/we-defend-truth-1/airflow_env/lib/python3.12/site-packages/airflow/example_dags/example_latest_only.py for tasks to queue
[2024-08-09T13:41:02.447-0400] {logging_mixin.py:188} INFO - [2024-08-09T13:41:02.447-0400] {dagbag.py:545} INFO - Filling up the DagBag from /Users/jakeliu/we-defend-truth-1/airflow_env/lib/python3.12/site-packages/airflow/example_dags/example_latest_only.py
[2024-08-09T13:41:02.450-0400] {processor.py:840} INFO - DAG(s) 'latest_only' retrieved from /Users/jakeliu/we-defend-truth-1/airflow_env/lib/python3.12/site-packages/airflow/example_dags/example_latest_only.py
[2024-08-09T13:41:02.480-0400] {logging_mixin.py:188} INFO - [2024-08-09T13:41:02.480-0400] {dag.py:3089} INFO - Sync 1 DAGs
[2024-08-09T13:41:02.486-0400] {logging_mixin.py:188} INFO - [2024-08-09T13:41:02.486-0400] {dag.py:3947} INFO - Setting next_dagrun for latest_only to 2024-08-09 12:00:00+00:00, run_after=2024-08-09 16:00:00+00:00
[2024-08-09T13:41:02.492-0400] {processor.py:183} INFO - Processing /Users/jakeliu/we-defend-truth-1/airflow_env/lib/python3.12/site-packages/airflow/example_dags/example_latest_only.py took 0.048 seconds
[2024-08-09T13:42:56.210-0400] {processor.py:161} INFO - Started process (PID=24339) to work on /Users/jakeliu/we-defend-truth-1/airflow_env/lib/python3.12/site-packages/airflow/example_dags/example_latest_only.py
[2024-08-09T13:42:56.210-0400] {processor.py:830} INFO - Processing file /Users/jakeliu/we-defend-truth-1/airflow_env/lib/python3.12/site-packages/airflow/example_dags/example_latest_only.py for tasks to queue
[2024-08-09T13:42:56.211-0400] {logging_mixin.py:188} INFO - [2024-08-09T13:42:56.211-0400] {dagbag.py:545} INFO - Filling up the DagBag from /Users/jakeliu/we-defend-truth-1/airflow_env/lib/python3.12/site-packages/airflow/example_dags/example_latest_only.py
[2024-08-09T13:42:56.214-0400] {processor.py:840} INFO - DAG(s) 'latest_only' retrieved from /Users/jakeliu/we-defend-truth-1/airflow_env/lib/python3.12/site-packages/airflow/example_dags/example_latest_only.py
[2024-08-09T13:42:56.244-0400] {logging_mixin.py:188} INFO - [2024-08-09T13:42:56.244-0400] {dag.py:3089} INFO - Sync 1 DAGs
[2024-08-09T13:42:56.250-0400] {logging_mixin.py:188} INFO - [2024-08-09T13:42:56.250-0400] {dag.py:3947} INFO - Setting next_dagrun for latest_only to 2024-08-09 12:00:00+00:00, run_after=2024-08-09 16:00:00+00:00
[2024-08-09T13:42:56.257-0400] {processor.py:183} INFO - Processing /Users/jakeliu/we-defend-truth-1/airflow_env/lib/python3.12/site-packages/airflow/example_dags/example_latest_only.py took 0.048 seconds
[2024-08-09T13:44:37.514-0400] {processor.py:161} INFO - Started process (PID=24409) to work on /Users/jakeliu/we-defend-truth-1/airflow_env/lib/python3.12/site-packages/airflow/example_dags/example_latest_only.py
[2024-08-09T13:44:37.515-0400] {processor.py:830} INFO - Processing file /Users/jakeliu/we-defend-truth-1/airflow_env/lib/python3.12/site-packages/airflow/example_dags/example_latest_only.py for tasks to queue
[2024-08-09T13:44:37.515-0400] {logging_mixin.py:188} INFO - [2024-08-09T13:44:37.515-0400] {dagbag.py:545} INFO - Filling up the DagBag from /Users/jakeliu/we-defend-truth-1/airflow_env/lib/python3.12/site-packages/airflow/example_dags/example_latest_only.py
[2024-08-09T13:44:37.518-0400] {processor.py:840} INFO - DAG(s) 'latest_only' retrieved from /Users/jakeliu/we-defend-truth-1/airflow_env/lib/python3.12/site-packages/airflow/example_dags/example_latest_only.py
[2024-08-09T13:44:37.550-0400] {logging_mixin.py:188} INFO - [2024-08-09T13:44:37.549-0400] {dag.py:3089} INFO - Sync 1 DAGs
[2024-08-09T13:44:37.555-0400] {logging_mixin.py:188} INFO - [2024-08-09T13:44:37.555-0400] {dag.py:3947} INFO - Setting next_dagrun for latest_only to 2024-08-09 12:00:00+00:00, run_after=2024-08-09 16:00:00+00:00
[2024-08-09T13:44:37.561-0400] {processor.py:183} INFO - Processing /Users/jakeliu/we-defend-truth-1/airflow_env/lib/python3.12/site-packages/airflow/example_dags/example_latest_only.py took 0.048 seconds
[2024-08-09T13:46:20.357-0400] {processor.py:161} INFO - Started process (PID=24480) to work on /Users/jakeliu/we-defend-truth-1/airflow_env/lib/python3.12/site-packages/airflow/example_dags/example_latest_only.py
[2024-08-09T13:46:20.357-0400] {processor.py:830} INFO - Processing file /Users/jakeliu/we-defend-truth-1/airflow_env/lib/python3.12/site-packages/airflow/example_dags/example_latest_only.py for tasks to queue
[2024-08-09T13:46:20.357-0400] {logging_mixin.py:188} INFO - [2024-08-09T13:46:20.357-0400] {dagbag.py:545} INFO - Filling up the DagBag from /Users/jakeliu/we-defend-truth-1/airflow_env/lib/python3.12/site-packages/airflow/example_dags/example_latest_only.py
[2024-08-09T13:46:20.360-0400] {processor.py:840} INFO - DAG(s) 'latest_only' retrieved from /Users/jakeliu/we-defend-truth-1/airflow_env/lib/python3.12/site-packages/airflow/example_dags/example_latest_only.py
[2024-08-09T13:46:20.391-0400] {logging_mixin.py:188} INFO - [2024-08-09T13:46:20.391-0400] {dag.py:3089} INFO - Sync 1 DAGs
[2024-08-09T13:46:20.396-0400] {logging_mixin.py:188} INFO - [2024-08-09T13:46:20.396-0400] {dag.py:3947} INFO - Setting next_dagrun for latest_only to 2024-08-09 12:00:00+00:00, run_after=2024-08-09 16:00:00+00:00
[2024-08-09T13:46:20.402-0400] {processor.py:183} INFO - Processing /Users/jakeliu/we-defend-truth-1/airflow_env/lib/python3.12/site-packages/airflow/example_dags/example_latest_only.py took 0.047 seconds
[2024-08-09T13:47:59.790-0400] {processor.py:161} INFO - Started process (PID=24551) to work on /Users/jakeliu/we-defend-truth-1/airflow_env/lib/python3.12/site-packages/airflow/example_dags/example_latest_only.py
[2024-08-09T13:47:59.791-0400] {processor.py:830} INFO - Processing file /Users/jakeliu/we-defend-truth-1/airflow_env/lib/python3.12/site-packages/airflow/example_dags/example_latest_only.py for tasks to queue
[2024-08-09T13:47:59.791-0400] {logging_mixin.py:188} INFO - [2024-08-09T13:47:59.791-0400] {dagbag.py:545} INFO - Filling up the DagBag from /Users/jakeliu/we-defend-truth-1/airflow_env/lib/python3.12/site-packages/airflow/example_dags/example_latest_only.py
[2024-08-09T13:47:59.794-0400] {processor.py:840} INFO - DAG(s) 'latest_only' retrieved from /Users/jakeliu/we-defend-truth-1/airflow_env/lib/python3.12/site-packages/airflow/example_dags/example_latest_only.py
[2024-08-09T13:47:59.824-0400] {logging_mixin.py:188} INFO - [2024-08-09T13:47:59.824-0400] {dag.py:3089} INFO - Sync 1 DAGs
[2024-08-09T13:47:59.829-0400] {logging_mixin.py:188} INFO - [2024-08-09T13:47:59.829-0400] {dag.py:3947} INFO - Setting next_dagrun for latest_only to 2024-08-09 12:00:00+00:00, run_after=2024-08-09 16:00:00+00:00
[2024-08-09T13:47:59.835-0400] {processor.py:183} INFO - Processing /Users/jakeliu/we-defend-truth-1/airflow_env/lib/python3.12/site-packages/airflow/example_dags/example_latest_only.py took 0.047 seconds
[2024-08-09T13:49:40.723-0400] {processor.py:161} INFO - Started process (PID=24623) to work on /Users/jakeliu/we-defend-truth-1/airflow_env/lib/python3.12/site-packages/airflow/example_dags/example_latest_only.py
[2024-08-09T13:49:40.724-0400] {processor.py:830} INFO - Processing file /Users/jakeliu/we-defend-truth-1/airflow_env/lib/python3.12/site-packages/airflow/example_dags/example_latest_only.py for tasks to queue
[2024-08-09T13:49:40.724-0400] {logging_mixin.py:188} INFO - [2024-08-09T13:49:40.724-0400] {dagbag.py:545} INFO - Filling up the DagBag from /Users/jakeliu/we-defend-truth-1/airflow_env/lib/python3.12/site-packages/airflow/example_dags/example_latest_only.py
[2024-08-09T13:49:40.727-0400] {processor.py:840} INFO - DAG(s) 'latest_only' retrieved from /Users/jakeliu/we-defend-truth-1/airflow_env/lib/python3.12/site-packages/airflow/example_dags/example_latest_only.py
[2024-08-09T13:49:40.758-0400] {logging_mixin.py:188} INFO - [2024-08-09T13:49:40.757-0400] {dag.py:3089} INFO - Sync 1 DAGs
[2024-08-09T13:49:40.763-0400] {logging_mixin.py:188} INFO - [2024-08-09T13:49:40.763-0400] {dag.py:3947} INFO - Setting next_dagrun for latest_only to 2024-08-09 12:00:00+00:00, run_after=2024-08-09 16:00:00+00:00
[2024-08-09T13:49:40.769-0400] {processor.py:183} INFO - Processing /Users/jakeliu/we-defend-truth-1/airflow_env/lib/python3.12/site-packages/airflow/example_dags/example_latest_only.py took 0.047 seconds
[2024-08-09T13:51:20.810-0400] {processor.py:161} INFO - Started process (PID=24709) to work on /Users/jakeliu/we-defend-truth-1/airflow_env/lib/python3.12/site-packages/airflow/example_dags/example_latest_only.py
[2024-08-09T13:51:20.811-0400] {processor.py:830} INFO - Processing file /Users/jakeliu/we-defend-truth-1/airflow_env/lib/python3.12/site-packages/airflow/example_dags/example_latest_only.py for tasks to queue
[2024-08-09T13:51:20.812-0400] {logging_mixin.py:188} INFO - [2024-08-09T13:51:20.812-0400] {dagbag.py:545} INFO - Filling up the DagBag from /Users/jakeliu/we-defend-truth-1/airflow_env/lib/python3.12/site-packages/airflow/example_dags/example_latest_only.py
[2024-08-09T13:51:20.815-0400] {processor.py:840} INFO - DAG(s) 'latest_only' retrieved from /Users/jakeliu/we-defend-truth-1/airflow_env/lib/python3.12/site-packages/airflow/example_dags/example_latest_only.py
[2024-08-09T13:51:20.845-0400] {logging_mixin.py:188} INFO - [2024-08-09T13:51:20.845-0400] {dag.py:3089} INFO - Sync 1 DAGs
[2024-08-09T13:51:20.850-0400] {logging_mixin.py:188} INFO - [2024-08-09T13:51:20.850-0400] {dag.py:3947} INFO - Setting next_dagrun for latest_only to 2024-08-09 12:00:00+00:00, run_after=2024-08-09 16:00:00+00:00
[2024-08-09T13:51:20.856-0400] {processor.py:183} INFO - Processing /Users/jakeliu/we-defend-truth-1/airflow_env/lib/python3.12/site-packages/airflow/example_dags/example_latest_only.py took 0.047 seconds
[2024-08-09T13:53:12.519-0400] {processor.py:161} INFO - Started process (PID=24843) to work on /Users/jakeliu/we-defend-truth-1/airflow_env/lib/python3.12/site-packages/airflow/example_dags/example_latest_only.py
[2024-08-09T13:53:12.519-0400] {processor.py:830} INFO - Processing file /Users/jakeliu/we-defend-truth-1/airflow_env/lib/python3.12/site-packages/airflow/example_dags/example_latest_only.py for tasks to queue
[2024-08-09T13:53:12.519-0400] {logging_mixin.py:188} INFO - [2024-08-09T13:53:12.519-0400] {dagbag.py:545} INFO - Filling up the DagBag from /Users/jakeliu/we-defend-truth-1/airflow_env/lib/python3.12/site-packages/airflow/example_dags/example_latest_only.py
[2024-08-09T13:53:12.522-0400] {processor.py:840} INFO - DAG(s) 'latest_only' retrieved from /Users/jakeliu/we-defend-truth-1/airflow_env/lib/python3.12/site-packages/airflow/example_dags/example_latest_only.py
[2024-08-09T13:53:12.553-0400] {logging_mixin.py:188} INFO - [2024-08-09T13:53:12.553-0400] {dag.py:3089} INFO - Sync 1 DAGs
[2024-08-09T13:53:12.559-0400] {logging_mixin.py:188} INFO - [2024-08-09T13:53:12.559-0400] {dag.py:3947} INFO - Setting next_dagrun for latest_only to 2024-08-09 12:00:00+00:00, run_after=2024-08-09 16:00:00+00:00
[2024-08-09T13:53:12.565-0400] {processor.py:183} INFO - Processing /Users/jakeliu/we-defend-truth-1/airflow_env/lib/python3.12/site-packages/airflow/example_dags/example_latest_only.py took 0.047 seconds
[2024-08-09T13:55:06.937-0400] {processor.py:161} INFO - Started process (PID=24945) to work on /Users/jakeliu/we-defend-truth-1/airflow_env/lib/python3.12/site-packages/airflow/example_dags/example_latest_only.py
[2024-08-09T13:55:06.937-0400] {processor.py:830} INFO - Processing file /Users/jakeliu/we-defend-truth-1/airflow_env/lib/python3.12/site-packages/airflow/example_dags/example_latest_only.py for tasks to queue
[2024-08-09T13:55:06.938-0400] {logging_mixin.py:188} INFO - [2024-08-09T13:55:06.937-0400] {dagbag.py:545} INFO - Filling up the DagBag from /Users/jakeliu/we-defend-truth-1/airflow_env/lib/python3.12/site-packages/airflow/example_dags/example_latest_only.py
[2024-08-09T13:55:06.941-0400] {processor.py:840} INFO - DAG(s) 'latest_only' retrieved from /Users/jakeliu/we-defend-truth-1/airflow_env/lib/python3.12/site-packages/airflow/example_dags/example_latest_only.py
[2024-08-09T13:55:06.971-0400] {logging_mixin.py:188} INFO - [2024-08-09T13:55:06.971-0400] {dag.py:3089} INFO - Sync 1 DAGs
[2024-08-09T13:55:06.976-0400] {logging_mixin.py:188} INFO - [2024-08-09T13:55:06.976-0400] {dag.py:3947} INFO - Setting next_dagrun for latest_only to 2024-08-09 12:00:00+00:00, run_after=2024-08-09 16:00:00+00:00
[2024-08-09T13:55:06.982-0400] {processor.py:183} INFO - Processing /Users/jakeliu/we-defend-truth-1/airflow_env/lib/python3.12/site-packages/airflow/example_dags/example_latest_only.py took 0.047 seconds
[2024-08-09T13:57:04.254-0400] {processor.py:161} INFO - Started process (PID=25070) to work on /Users/jakeliu/we-defend-truth-1/airflow_env/lib/python3.12/site-packages/airflow/example_dags/example_latest_only.py
[2024-08-09T13:57:04.254-0400] {processor.py:830} INFO - Processing file /Users/jakeliu/we-defend-truth-1/airflow_env/lib/python3.12/site-packages/airflow/example_dags/example_latest_only.py for tasks to queue
[2024-08-09T13:57:04.254-0400] {logging_mixin.py:188} INFO - [2024-08-09T13:57:04.254-0400] {dagbag.py:545} INFO - Filling up the DagBag from /Users/jakeliu/we-defend-truth-1/airflow_env/lib/python3.12/site-packages/airflow/example_dags/example_latest_only.py
[2024-08-09T13:57:04.258-0400] {processor.py:840} INFO - DAG(s) 'latest_only' retrieved from /Users/jakeliu/we-defend-truth-1/airflow_env/lib/python3.12/site-packages/airflow/example_dags/example_latest_only.py
[2024-08-09T13:57:04.289-0400] {logging_mixin.py:188} INFO - [2024-08-09T13:57:04.289-0400] {dag.py:3089} INFO - Sync 1 DAGs
[2024-08-09T13:57:04.294-0400] {logging_mixin.py:188} INFO - [2024-08-09T13:57:04.294-0400] {dag.py:3947} INFO - Setting next_dagrun for latest_only to 2024-08-09 12:00:00+00:00, run_after=2024-08-09 16:00:00+00:00
[2024-08-09T13:57:04.300-0400] {processor.py:183} INFO - Processing /Users/jakeliu/we-defend-truth-1/airflow_env/lib/python3.12/site-packages/airflow/example_dags/example_latest_only.py took 0.048 seconds
