[2024-08-09T13:04:24.677-0400] {processor.py:161} INFO - Started process (PID=20903) to work on /Users/jakeliu/we-defend-truth-1/airflow_env/lib/python3.12/site-packages/airflow/example_dags/example_short_circuit_decorator.py
[2024-08-09T13:04:24.677-0400] {processor.py:830} INFO - Processing file /Users/jakeliu/we-defend-truth-1/airflow_env/lib/python3.12/site-packages/airflow/example_dags/example_short_circuit_decorator.py for tasks to queue
[2024-08-09T13:04:24.677-0400] {logging_mixin.py:188} INFO - [2024-08-09T13:04:24.677-0400] {dagbag.py:545} INFO - Filling up the DagBag from /Users/jakeliu/we-defend-truth-1/airflow_env/lib/python3.12/site-packages/airflow/example_dags/example_short_circuit_decorator.py
[2024-08-09T13:04:24.693-0400] {processor.py:840} INFO - DAG(s) 'example_short_circuit_decorator' retrieved from /Users/jakeliu/we-defend-truth-1/airflow_env/lib/python3.12/site-packages/airflow/example_dags/example_short_circuit_decorator.py
[2024-08-09T13:04:24.755-0400] {logging_mixin.py:188} INFO - [2024-08-09T13:04:24.755-0400] {dag.py:3089} INFO - Sync 1 DAGs
[2024-08-09T13:04:24.761-0400] {logging_mixin.py:188} INFO - [2024-08-09T13:04:24.761-0400] {dag.py:3947} INFO - Setting next_dagrun for example_short_circuit_decorator to 2024-08-08 00:00:00+00:00, run_after=2024-08-09 00:00:00+00:00
[2024-08-09T13:04:24.768-0400] {processor.py:183} INFO - Processing /Users/jakeliu/we-defend-truth-1/airflow_env/lib/python3.12/site-packages/airflow/example_dags/example_short_circuit_decorator.py took 0.092 seconds
[2024-08-09T13:05:49.342-0400] {processor.py:161} INFO - Started process (PID=20983) to work on /Users/jakeliu/we-defend-truth-1/airflow_env/lib/python3.12/site-packages/airflow/example_dags/example_short_circuit_decorator.py
[2024-08-09T13:05:49.343-0400] {processor.py:830} INFO - Processing file /Users/jakeliu/we-defend-truth-1/airflow_env/lib/python3.12/site-packages/airflow/example_dags/example_short_circuit_decorator.py for tasks to queue
[2024-08-09T13:05:49.344-0400] {logging_mixin.py:188} INFO - [2024-08-09T13:05:49.344-0400] {dagbag.py:545} INFO - Filling up the DagBag from /Users/jakeliu/we-defend-truth-1/airflow_env/lib/python3.12/site-packages/airflow/example_dags/example_short_circuit_decorator.py
[2024-08-09T13:05:49.358-0400] {processor.py:840} INFO - DAG(s) 'example_short_circuit_decorator' retrieved from /Users/jakeliu/we-defend-truth-1/airflow_env/lib/python3.12/site-packages/airflow/example_dags/example_short_circuit_decorator.py
[2024-08-09T13:05:49.388-0400] {logging_mixin.py:188} INFO - [2024-08-09T13:05:49.388-0400] {dag.py:3089} INFO - Sync 1 DAGs
[2024-08-09T13:05:49.393-0400] {logging_mixin.py:188} INFO - [2024-08-09T13:05:49.393-0400] {dag.py:3947} INFO - Setting next_dagrun for example_short_circuit_decorator to 2024-08-08 00:00:00+00:00, run_after=2024-08-09 00:00:00+00:00
[2024-08-09T13:05:49.400-0400] {processor.py:183} INFO - Processing /Users/jakeliu/we-defend-truth-1/airflow_env/lib/python3.12/site-packages/airflow/example_dags/example_short_circuit_decorator.py took 0.059 seconds
[2024-08-09T13:07:34.642-0400] {processor.py:161} INFO - Started process (PID=21141) to work on /Users/jakeliu/we-defend-truth-1/airflow_env/lib/python3.12/site-packages/airflow/example_dags/example_short_circuit_decorator.py
[2024-08-09T13:07:34.643-0400] {processor.py:830} INFO - Processing file /Users/jakeliu/we-defend-truth-1/airflow_env/lib/python3.12/site-packages/airflow/example_dags/example_short_circuit_decorator.py for tasks to queue
[2024-08-09T13:07:34.643-0400] {logging_mixin.py:188} INFO - [2024-08-09T13:07:34.643-0400] {dagbag.py:545} INFO - Filling up the DagBag from /Users/jakeliu/we-defend-truth-1/airflow_env/lib/python3.12/site-packages/airflow/example_dags/example_short_circuit_decorator.py
[2024-08-09T13:07:34.658-0400] {processor.py:840} INFO - DAG(s) 'example_short_circuit_decorator' retrieved from /Users/jakeliu/we-defend-truth-1/airflow_env/lib/python3.12/site-packages/airflow/example_dags/example_short_circuit_decorator.py
[2024-08-09T13:07:34.689-0400] {logging_mixin.py:188} INFO - [2024-08-09T13:07:34.688-0400] {dag.py:3089} INFO - Sync 1 DAGs
[2024-08-09T13:07:34.693-0400] {logging_mixin.py:188} INFO - [2024-08-09T13:07:34.693-0400] {dag.py:3947} INFO - Setting next_dagrun for example_short_circuit_decorator to 2024-08-08 00:00:00+00:00, run_after=2024-08-09 00:00:00+00:00
[2024-08-09T13:07:34.701-0400] {processor.py:183} INFO - Processing /Users/jakeliu/we-defend-truth-1/airflow_env/lib/python3.12/site-packages/airflow/example_dags/example_short_circuit_decorator.py took 0.059 seconds
[2024-08-09T13:09:16.129-0400] {processor.py:161} INFO - Started process (PID=21260) to work on /Users/jakeliu/we-defend-truth-1/airflow_env/lib/python3.12/site-packages/airflow/example_dags/example_short_circuit_decorator.py
[2024-08-09T13:09:16.130-0400] {processor.py:830} INFO - Processing file /Users/jakeliu/we-defend-truth-1/airflow_env/lib/python3.12/site-packages/airflow/example_dags/example_short_circuit_decorator.py for tasks to queue
[2024-08-09T13:09:16.130-0400] {logging_mixin.py:188} INFO - [2024-08-09T13:09:16.130-0400] {dagbag.py:545} INFO - Filling up the DagBag from /Users/jakeliu/we-defend-truth-1/airflow_env/lib/python3.12/site-packages/airflow/example_dags/example_short_circuit_decorator.py
[2024-08-09T13:09:16.145-0400] {processor.py:840} INFO - DAG(s) 'example_short_circuit_decorator' retrieved from /Users/jakeliu/we-defend-truth-1/airflow_env/lib/python3.12/site-packages/airflow/example_dags/example_short_circuit_decorator.py
[2024-08-09T13:09:16.177-0400] {logging_mixin.py:188} INFO - [2024-08-09T13:09:16.177-0400] {dag.py:3089} INFO - Sync 1 DAGs
[2024-08-09T13:09:16.182-0400] {logging_mixin.py:188} INFO - [2024-08-09T13:09:16.182-0400] {dag.py:3947} INFO - Setting next_dagrun for example_short_circuit_decorator to 2024-08-08 00:00:00+00:00, run_after=2024-08-09 00:00:00+00:00
[2024-08-09T13:09:16.189-0400] {processor.py:183} INFO - Processing /Users/jakeliu/we-defend-truth-1/airflow_env/lib/python3.12/site-packages/airflow/example_dags/example_short_circuit_decorator.py took 0.061 seconds
[2024-08-09T13:10:58.875-0400] {processor.py:161} INFO - Started process (PID=21365) to work on /Users/jakeliu/we-defend-truth-1/airflow_env/lib/python3.12/site-packages/airflow/example_dags/example_short_circuit_decorator.py
[2024-08-09T13:10:58.876-0400] {processor.py:830} INFO - Processing file /Users/jakeliu/we-defend-truth-1/airflow_env/lib/python3.12/site-packages/airflow/example_dags/example_short_circuit_decorator.py for tasks to queue
[2024-08-09T13:10:58.877-0400] {logging_mixin.py:188} INFO - [2024-08-09T13:10:58.877-0400] {dagbag.py:545} INFO - Filling up the DagBag from /Users/jakeliu/we-defend-truth-1/airflow_env/lib/python3.12/site-packages/airflow/example_dags/example_short_circuit_decorator.py
[2024-08-09T13:10:58.891-0400] {processor.py:840} INFO - DAG(s) 'example_short_circuit_decorator' retrieved from /Users/jakeliu/we-defend-truth-1/airflow_env/lib/python3.12/site-packages/airflow/example_dags/example_short_circuit_decorator.py
[2024-08-09T13:10:58.922-0400] {logging_mixin.py:188} INFO - [2024-08-09T13:10:58.922-0400] {dag.py:3089} INFO - Sync 1 DAGs
[2024-08-09T13:10:58.927-0400] {logging_mixin.py:188} INFO - [2024-08-09T13:10:58.927-0400] {dag.py:3947} INFO - Setting next_dagrun for example_short_circuit_decorator to 2024-08-08 00:00:00+00:00, run_after=2024-08-09 00:00:00+00:00
[2024-08-09T13:10:58.934-0400] {processor.py:183} INFO - Processing /Users/jakeliu/we-defend-truth-1/airflow_env/lib/python3.12/site-packages/airflow/example_dags/example_short_circuit_decorator.py took 0.059 seconds
[2024-08-09T13:12:44.279-0400] {processor.py:161} INFO - Started process (PID=21469) to work on /Users/jakeliu/we-defend-truth-1/airflow_env/lib/python3.12/site-packages/airflow/example_dags/example_short_circuit_decorator.py
[2024-08-09T13:12:44.280-0400] {processor.py:830} INFO - Processing file /Users/jakeliu/we-defend-truth-1/airflow_env/lib/python3.12/site-packages/airflow/example_dags/example_short_circuit_decorator.py for tasks to queue
[2024-08-09T13:12:44.280-0400] {logging_mixin.py:188} INFO - [2024-08-09T13:12:44.280-0400] {dagbag.py:545} INFO - Filling up the DagBag from /Users/jakeliu/we-defend-truth-1/airflow_env/lib/python3.12/site-packages/airflow/example_dags/example_short_circuit_decorator.py
[2024-08-09T13:12:44.294-0400] {processor.py:840} INFO - DAG(s) 'example_short_circuit_decorator' retrieved from /Users/jakeliu/we-defend-truth-1/airflow_env/lib/python3.12/site-packages/airflow/example_dags/example_short_circuit_decorator.py
[2024-08-09T13:12:44.328-0400] {logging_mixin.py:188} INFO - [2024-08-09T13:12:44.328-0400] {dag.py:3089} INFO - Sync 1 DAGs
[2024-08-09T13:12:44.333-0400] {logging_mixin.py:188} INFO - [2024-08-09T13:12:44.333-0400] {dag.py:3947} INFO - Setting next_dagrun for example_short_circuit_decorator to 2024-08-08 00:00:00+00:00, run_after=2024-08-09 00:00:00+00:00
[2024-08-09T13:12:44.340-0400] {processor.py:183} INFO - Processing /Users/jakeliu/we-defend-truth-1/airflow_env/lib/python3.12/site-packages/airflow/example_dags/example_short_circuit_decorator.py took 0.063 seconds
[2024-08-09T13:14:41.972-0400] {processor.py:161} INFO - Started process (PID=21571) to work on /Users/jakeliu/we-defend-truth-1/airflow_env/lib/python3.12/site-packages/airflow/example_dags/example_short_circuit_decorator.py
[2024-08-09T13:14:41.972-0400] {processor.py:830} INFO - Processing file /Users/jakeliu/we-defend-truth-1/airflow_env/lib/python3.12/site-packages/airflow/example_dags/example_short_circuit_decorator.py for tasks to queue
[2024-08-09T13:14:41.973-0400] {logging_mixin.py:188} INFO - [2024-08-09T13:14:41.973-0400] {dagbag.py:545} INFO - Filling up the DagBag from /Users/jakeliu/we-defend-truth-1/airflow_env/lib/python3.12/site-packages/airflow/example_dags/example_short_circuit_decorator.py
[2024-08-09T13:14:41.987-0400] {processor.py:840} INFO - DAG(s) 'example_short_circuit_decorator' retrieved from /Users/jakeliu/we-defend-truth-1/airflow_env/lib/python3.12/site-packages/airflow/example_dags/example_short_circuit_decorator.py
[2024-08-09T13:14:42.018-0400] {logging_mixin.py:188} INFO - [2024-08-09T13:14:42.018-0400] {dag.py:3089} INFO - Sync 1 DAGs
[2024-08-09T13:14:42.023-0400] {logging_mixin.py:188} INFO - [2024-08-09T13:14:42.023-0400] {dag.py:3947} INFO - Setting next_dagrun for example_short_circuit_decorator to 2024-08-08 00:00:00+00:00, run_after=2024-08-09 00:00:00+00:00
[2024-08-09T13:14:42.029-0400] {processor.py:183} INFO - Processing /Users/jakeliu/we-defend-truth-1/airflow_env/lib/python3.12/site-packages/airflow/example_dags/example_short_circuit_decorator.py took 0.058 seconds
[2024-08-09T13:16:38.742-0400] {processor.py:161} INFO - Started process (PID=21681) to work on /Users/jakeliu/we-defend-truth-1/airflow_env/lib/python3.12/site-packages/airflow/example_dags/example_short_circuit_decorator.py
[2024-08-09T13:16:38.743-0400] {processor.py:830} INFO - Processing file /Users/jakeliu/we-defend-truth-1/airflow_env/lib/python3.12/site-packages/airflow/example_dags/example_short_circuit_decorator.py for tasks to queue
[2024-08-09T13:16:38.743-0400] {logging_mixin.py:188} INFO - [2024-08-09T13:16:38.743-0400] {dagbag.py:545} INFO - Filling up the DagBag from /Users/jakeliu/we-defend-truth-1/airflow_env/lib/python3.12/site-packages/airflow/example_dags/example_short_circuit_decorator.py
[2024-08-09T13:16:38.757-0400] {processor.py:840} INFO - DAG(s) 'example_short_circuit_decorator' retrieved from /Users/jakeliu/we-defend-truth-1/airflow_env/lib/python3.12/site-packages/airflow/example_dags/example_short_circuit_decorator.py
[2024-08-09T13:16:38.787-0400] {logging_mixin.py:188} INFO - [2024-08-09T13:16:38.787-0400] {dag.py:3089} INFO - Sync 1 DAGs
[2024-08-09T13:16:38.792-0400] {logging_mixin.py:188} INFO - [2024-08-09T13:16:38.792-0400] {dag.py:3947} INFO - Setting next_dagrun for example_short_circuit_decorator to 2024-08-08 00:00:00+00:00, run_after=2024-08-09 00:00:00+00:00
[2024-08-09T13:16:38.798-0400] {processor.py:183} INFO - Processing /Users/jakeliu/we-defend-truth-1/airflow_env/lib/python3.12/site-packages/airflow/example_dags/example_short_circuit_decorator.py took 0.056 seconds
[2024-08-09T13:18:21.170-0400] {processor.py:161} INFO - Started process (PID=21857) to work on /Users/jakeliu/we-defend-truth-1/airflow_env/lib/python3.12/site-packages/airflow/example_dags/example_short_circuit_decorator.py
[2024-08-09T13:18:21.171-0400] {processor.py:830} INFO - Processing file /Users/jakeliu/we-defend-truth-1/airflow_env/lib/python3.12/site-packages/airflow/example_dags/example_short_circuit_decorator.py for tasks to queue
[2024-08-09T13:18:21.172-0400] {logging_mixin.py:188} INFO - [2024-08-09T13:18:21.171-0400] {dagbag.py:545} INFO - Filling up the DagBag from /Users/jakeliu/we-defend-truth-1/airflow_env/lib/python3.12/site-packages/airflow/example_dags/example_short_circuit_decorator.py
[2024-08-09T13:18:21.186-0400] {processor.py:840} INFO - DAG(s) 'example_short_circuit_decorator' retrieved from /Users/jakeliu/we-defend-truth-1/airflow_env/lib/python3.12/site-packages/airflow/example_dags/example_short_circuit_decorator.py
[2024-08-09T13:18:21.216-0400] {logging_mixin.py:188} INFO - [2024-08-09T13:18:21.216-0400] {dag.py:3089} INFO - Sync 1 DAGs
[2024-08-09T13:18:21.221-0400] {logging_mixin.py:188} INFO - [2024-08-09T13:18:21.221-0400] {dag.py:3947} INFO - Setting next_dagrun for example_short_circuit_decorator to 2024-08-08 00:00:00+00:00, run_after=2024-08-09 00:00:00+00:00
[2024-08-09T13:18:21.228-0400] {processor.py:183} INFO - Processing /Users/jakeliu/we-defend-truth-1/airflow_env/lib/python3.12/site-packages/airflow/example_dags/example_short_circuit_decorator.py took 0.059 seconds
[2024-08-09T13:20:05.419-0400] {processor.py:161} INFO - Started process (PID=21968) to work on /Users/jakeliu/we-defend-truth-1/airflow_env/lib/python3.12/site-packages/airflow/example_dags/example_short_circuit_decorator.py
[2024-08-09T13:20:05.419-0400] {processor.py:830} INFO - Processing file /Users/jakeliu/we-defend-truth-1/airflow_env/lib/python3.12/site-packages/airflow/example_dags/example_short_circuit_decorator.py for tasks to queue
[2024-08-09T13:20:05.420-0400] {logging_mixin.py:188} INFO - [2024-08-09T13:20:05.420-0400] {dagbag.py:545} INFO - Filling up the DagBag from /Users/jakeliu/we-defend-truth-1/airflow_env/lib/python3.12/site-packages/airflow/example_dags/example_short_circuit_decorator.py
[2024-08-09T13:20:05.434-0400] {processor.py:840} INFO - DAG(s) 'example_short_circuit_decorator' retrieved from /Users/jakeliu/we-defend-truth-1/airflow_env/lib/python3.12/site-packages/airflow/example_dags/example_short_circuit_decorator.py
[2024-08-09T13:20:05.466-0400] {logging_mixin.py:188} INFO - [2024-08-09T13:20:05.466-0400] {dag.py:3089} INFO - Sync 1 DAGs
[2024-08-09T13:20:05.472-0400] {logging_mixin.py:188} INFO - [2024-08-09T13:20:05.472-0400] {dag.py:3947} INFO - Setting next_dagrun for example_short_circuit_decorator to 2024-08-08 00:00:00+00:00, run_after=2024-08-09 00:00:00+00:00
[2024-08-09T13:20:05.479-0400] {processor.py:183} INFO - Processing /Users/jakeliu/we-defend-truth-1/airflow_env/lib/python3.12/site-packages/airflow/example_dags/example_short_circuit_decorator.py took 0.061 seconds
[2024-08-09T13:21:46.216-0400] {processor.py:161} INFO - Started process (PID=22604) to work on /Users/jakeliu/we-defend-truth-1/airflow_env/lib/python3.12/site-packages/airflow/example_dags/example_short_circuit_decorator.py
[2024-08-09T13:21:46.216-0400] {processor.py:830} INFO - Processing file /Users/jakeliu/we-defend-truth-1/airflow_env/lib/python3.12/site-packages/airflow/example_dags/example_short_circuit_decorator.py for tasks to queue
[2024-08-09T13:21:46.217-0400] {logging_mixin.py:188} INFO - [2024-08-09T13:21:46.217-0400] {dagbag.py:545} INFO - Filling up the DagBag from /Users/jakeliu/we-defend-truth-1/airflow_env/lib/python3.12/site-packages/airflow/example_dags/example_short_circuit_decorator.py
[2024-08-09T13:21:46.232-0400] {processor.py:840} INFO - DAG(s) 'example_short_circuit_decorator' retrieved from /Users/jakeliu/we-defend-truth-1/airflow_env/lib/python3.12/site-packages/airflow/example_dags/example_short_circuit_decorator.py
[2024-08-09T13:21:46.264-0400] {logging_mixin.py:188} INFO - [2024-08-09T13:21:46.264-0400] {dag.py:3089} INFO - Sync 1 DAGs
[2024-08-09T13:21:46.269-0400] {logging_mixin.py:188} INFO - [2024-08-09T13:21:46.269-0400] {dag.py:3947} INFO - Setting next_dagrun for example_short_circuit_decorator to 2024-08-08 00:00:00+00:00, run_after=2024-08-09 00:00:00+00:00
[2024-08-09T13:21:46.275-0400] {processor.py:183} INFO - Processing /Users/jakeliu/we-defend-truth-1/airflow_env/lib/python3.12/site-packages/airflow/example_dags/example_short_circuit_decorator.py took 0.061 seconds
[2024-08-09T13:23:28.549-0400] {processor.py:161} INFO - Started process (PID=22708) to work on /Users/jakeliu/we-defend-truth-1/airflow_env/lib/python3.12/site-packages/airflow/example_dags/example_short_circuit_decorator.py
[2024-08-09T13:23:28.550-0400] {processor.py:830} INFO - Processing file /Users/jakeliu/we-defend-truth-1/airflow_env/lib/python3.12/site-packages/airflow/example_dags/example_short_circuit_decorator.py for tasks to queue
[2024-08-09T13:23:28.551-0400] {logging_mixin.py:188} INFO - [2024-08-09T13:23:28.551-0400] {dagbag.py:545} INFO - Filling up the DagBag from /Users/jakeliu/we-defend-truth-1/airflow_env/lib/python3.12/site-packages/airflow/example_dags/example_short_circuit_decorator.py
[2024-08-09T13:23:28.565-0400] {processor.py:840} INFO - DAG(s) 'example_short_circuit_decorator' retrieved from /Users/jakeliu/we-defend-truth-1/airflow_env/lib/python3.12/site-packages/airflow/example_dags/example_short_circuit_decorator.py
[2024-08-09T13:23:28.595-0400] {logging_mixin.py:188} INFO - [2024-08-09T13:23:28.595-0400] {dag.py:3089} INFO - Sync 1 DAGs
[2024-08-09T13:23:28.600-0400] {logging_mixin.py:188} INFO - [2024-08-09T13:23:28.600-0400] {dag.py:3947} INFO - Setting next_dagrun for example_short_circuit_decorator to 2024-08-08 00:00:00+00:00, run_after=2024-08-09 00:00:00+00:00
[2024-08-09T13:23:28.606-0400] {processor.py:183} INFO - Processing /Users/jakeliu/we-defend-truth-1/airflow_env/lib/python3.12/site-packages/airflow/example_dags/example_short_circuit_decorator.py took 0.059 seconds
[2024-08-09T13:25:15.602-0400] {processor.py:161} INFO - Started process (PID=22837) to work on /Users/jakeliu/we-defend-truth-1/airflow_env/lib/python3.12/site-packages/airflow/example_dags/example_short_circuit_decorator.py
[2024-08-09T13:25:15.602-0400] {processor.py:830} INFO - Processing file /Users/jakeliu/we-defend-truth-1/airflow_env/lib/python3.12/site-packages/airflow/example_dags/example_short_circuit_decorator.py for tasks to queue
[2024-08-09T13:25:15.603-0400] {logging_mixin.py:188} INFO - [2024-08-09T13:25:15.603-0400] {dagbag.py:545} INFO - Filling up the DagBag from /Users/jakeliu/we-defend-truth-1/airflow_env/lib/python3.12/site-packages/airflow/example_dags/example_short_circuit_decorator.py
[2024-08-09T13:25:15.617-0400] {processor.py:840} INFO - DAG(s) 'example_short_circuit_decorator' retrieved from /Users/jakeliu/we-defend-truth-1/airflow_env/lib/python3.12/site-packages/airflow/example_dags/example_short_circuit_decorator.py
[2024-08-09T13:25:15.649-0400] {logging_mixin.py:188} INFO - [2024-08-09T13:25:15.649-0400] {dag.py:3089} INFO - Sync 1 DAGs
[2024-08-09T13:25:15.655-0400] {logging_mixin.py:188} INFO - [2024-08-09T13:25:15.654-0400] {dag.py:3947} INFO - Setting next_dagrun for example_short_circuit_decorator to 2024-08-08 00:00:00+00:00, run_after=2024-08-09 00:00:00+00:00
[2024-08-09T13:25:15.662-0400] {processor.py:183} INFO - Processing /Users/jakeliu/we-defend-truth-1/airflow_env/lib/python3.12/site-packages/airflow/example_dags/example_short_circuit_decorator.py took 0.061 seconds
[2024-08-09T13:27:13.098-0400] {processor.py:161} INFO - Started process (PID=22948) to work on /Users/jakeliu/we-defend-truth-1/airflow_env/lib/python3.12/site-packages/airflow/example_dags/example_short_circuit_decorator.py
[2024-08-09T13:27:13.099-0400] {processor.py:830} INFO - Processing file /Users/jakeliu/we-defend-truth-1/airflow_env/lib/python3.12/site-packages/airflow/example_dags/example_short_circuit_decorator.py for tasks to queue
[2024-08-09T13:27:13.099-0400] {logging_mixin.py:188} INFO - [2024-08-09T13:27:13.099-0400] {dagbag.py:545} INFO - Filling up the DagBag from /Users/jakeliu/we-defend-truth-1/airflow_env/lib/python3.12/site-packages/airflow/example_dags/example_short_circuit_decorator.py
[2024-08-09T13:27:13.114-0400] {processor.py:840} INFO - DAG(s) 'example_short_circuit_decorator' retrieved from /Users/jakeliu/we-defend-truth-1/airflow_env/lib/python3.12/site-packages/airflow/example_dags/example_short_circuit_decorator.py
[2024-08-09T13:27:13.144-0400] {logging_mixin.py:188} INFO - [2024-08-09T13:27:13.144-0400] {dag.py:3089} INFO - Sync 1 DAGs
[2024-08-09T13:27:13.149-0400] {logging_mixin.py:188} INFO - [2024-08-09T13:27:13.149-0400] {dag.py:3947} INFO - Setting next_dagrun for example_short_circuit_decorator to 2024-08-08 00:00:00+00:00, run_after=2024-08-09 00:00:00+00:00
[2024-08-09T13:27:13.155-0400] {processor.py:183} INFO - Processing /Users/jakeliu/we-defend-truth-1/airflow_env/lib/python3.12/site-packages/airflow/example_dags/example_short_circuit_decorator.py took 0.058 seconds
