[2024-08-09T13:05:12.357-0400] {processor.py:161} INFO - Started process (PID=20932) to work on /Users/jakeliu/we-defend-truth-1/airflow_env/lib/python3.12/site-packages/airflow/example_dags/example_bash_decorator.py
[2024-08-09T13:05:12.358-0400] {processor.py:830} INFO - Processing file /Users/jakeliu/we-defend-truth-1/airflow_env/lib/python3.12/site-packages/airflow/example_dags/example_bash_decorator.py for tasks to queue
[2024-08-09T13:05:12.358-0400] {logging_mixin.py:188} INFO - [2024-08-09T13:05:12.358-0400] {dagbag.py:545} INFO - Filling up the DagBag from /Users/jakeliu/we-defend-truth-1/airflow_env/lib/python3.12/site-packages/airflow/example_dags/example_bash_decorator.py
[2024-08-09T13:05:12.375-0400] {processor.py:840} INFO - DAG(s) 'example_bash_decorator' retrieved from /Users/jakeliu/we-defend-truth-1/airflow_env/lib/python3.12/site-packages/airflow/example_dags/example_bash_decorator.py
[2024-08-09T13:05:12.431-0400] {logging_mixin.py:188} INFO - [2024-08-09T13:05:12.431-0400] {dag.py:3089} INFO - Sync 1 DAGs
[2024-08-09T13:05:12.435-0400] {logging_mixin.py:188} INFO - [2024-08-09T13:05:12.435-0400] {dag.py:3947} INFO - Setting next_dagrun for example_bash_decorator to None, run_after=None
[2024-08-09T13:05:12.442-0400] {processor.py:183} INFO - Processing /Users/jakeliu/we-defend-truth-1/airflow_env/lib/python3.12/site-packages/airflow/example_dags/example_bash_decorator.py took 0.085 seconds
[2024-08-09T13:06:59.343-0400] {processor.py:161} INFO - Started process (PID=21086) to work on /Users/jakeliu/we-defend-truth-1/airflow_env/lib/python3.12/site-packages/airflow/example_dags/example_bash_decorator.py
[2024-08-09T13:06:59.343-0400] {processor.py:830} INFO - Processing file /Users/jakeliu/we-defend-truth-1/airflow_env/lib/python3.12/site-packages/airflow/example_dags/example_bash_decorator.py for tasks to queue
[2024-08-09T13:06:59.344-0400] {logging_mixin.py:188} INFO - [2024-08-09T13:06:59.344-0400] {dagbag.py:545} INFO - Filling up the DagBag from /Users/jakeliu/we-defend-truth-1/airflow_env/lib/python3.12/site-packages/airflow/example_dags/example_bash_decorator.py
[2024-08-09T13:06:59.360-0400] {processor.py:840} INFO - DAG(s) 'example_bash_decorator' retrieved from /Users/jakeliu/we-defend-truth-1/airflow_env/lib/python3.12/site-packages/airflow/example_dags/example_bash_decorator.py
[2024-08-09T13:06:59.426-0400] {logging_mixin.py:188} INFO - [2024-08-09T13:06:59.426-0400] {dag.py:3089} INFO - Sync 1 DAGs
[2024-08-09T13:06:59.429-0400] {logging_mixin.py:188} INFO - [2024-08-09T13:06:59.429-0400] {dag.py:3947} INFO - Setting next_dagrun for example_bash_decorator to None, run_after=None
[2024-08-09T13:06:59.436-0400] {processor.py:183} INFO - Processing /Users/jakeliu/we-defend-truth-1/airflow_env/lib/python3.12/site-packages/airflow/example_dags/example_bash_decorator.py took 0.094 seconds
[2024-08-09T13:08:43.683-0400] {processor.py:161} INFO - Started process (PID=21203) to work on /Users/jakeliu/we-defend-truth-1/airflow_env/lib/python3.12/site-packages/airflow/example_dags/example_bash_decorator.py
[2024-08-09T13:08:43.684-0400] {processor.py:830} INFO - Processing file /Users/jakeliu/we-defend-truth-1/airflow_env/lib/python3.12/site-packages/airflow/example_dags/example_bash_decorator.py for tasks to queue
[2024-08-09T13:08:43.684-0400] {logging_mixin.py:188} INFO - [2024-08-09T13:08:43.684-0400] {dagbag.py:545} INFO - Filling up the DagBag from /Users/jakeliu/we-defend-truth-1/airflow_env/lib/python3.12/site-packages/airflow/example_dags/example_bash_decorator.py
[2024-08-09T13:08:43.702-0400] {processor.py:840} INFO - DAG(s) 'example_bash_decorator' retrieved from /Users/jakeliu/we-defend-truth-1/airflow_env/lib/python3.12/site-packages/airflow/example_dags/example_bash_decorator.py
[2024-08-09T13:08:43.771-0400] {logging_mixin.py:188} INFO - [2024-08-09T13:08:43.771-0400] {dag.py:3089} INFO - Sync 1 DAGs
[2024-08-09T13:08:43.775-0400] {logging_mixin.py:188} INFO - [2024-08-09T13:08:43.775-0400] {dag.py:3947} INFO - Setting next_dagrun for example_bash_decorator to None, run_after=None
[2024-08-09T13:08:43.781-0400] {processor.py:183} INFO - Processing /Users/jakeliu/we-defend-truth-1/airflow_env/lib/python3.12/site-packages/airflow/example_dags/example_bash_decorator.py took 0.099 seconds
[2024-08-09T13:10:24.482-0400] {processor.py:161} INFO - Started process (PID=21319) to work on /Users/jakeliu/we-defend-truth-1/airflow_env/lib/python3.12/site-packages/airflow/example_dags/example_bash_decorator.py
[2024-08-09T13:10:24.483-0400] {processor.py:830} INFO - Processing file /Users/jakeliu/we-defend-truth-1/airflow_env/lib/python3.12/site-packages/airflow/example_dags/example_bash_decorator.py for tasks to queue
[2024-08-09T13:10:24.483-0400] {logging_mixin.py:188} INFO - [2024-08-09T13:10:24.483-0400] {dagbag.py:545} INFO - Filling up the DagBag from /Users/jakeliu/we-defend-truth-1/airflow_env/lib/python3.12/site-packages/airflow/example_dags/example_bash_decorator.py
[2024-08-09T13:10:24.499-0400] {processor.py:840} INFO - DAG(s) 'example_bash_decorator' retrieved from /Users/jakeliu/we-defend-truth-1/airflow_env/lib/python3.12/site-packages/airflow/example_dags/example_bash_decorator.py
[2024-08-09T13:10:24.564-0400] {logging_mixin.py:188} INFO - [2024-08-09T13:10:24.564-0400] {dag.py:3089} INFO - Sync 1 DAGs
[2024-08-09T13:10:24.567-0400] {logging_mixin.py:188} INFO - [2024-08-09T13:10:24.567-0400] {dag.py:3947} INFO - Setting next_dagrun for example_bash_decorator to None, run_after=None
[2024-08-09T13:10:24.573-0400] {processor.py:183} INFO - Processing /Users/jakeliu/we-defend-truth-1/airflow_env/lib/python3.12/site-packages/airflow/example_dags/example_bash_decorator.py took 0.092 seconds
[2024-08-09T13:12:10.033-0400] {processor.py:161} INFO - Started process (PID=21433) to work on /Users/jakeliu/we-defend-truth-1/airflow_env/lib/python3.12/site-packages/airflow/example_dags/example_bash_decorator.py
[2024-08-09T13:12:10.034-0400] {processor.py:830} INFO - Processing file /Users/jakeliu/we-defend-truth-1/airflow_env/lib/python3.12/site-packages/airflow/example_dags/example_bash_decorator.py for tasks to queue
[2024-08-09T13:12:10.034-0400] {logging_mixin.py:188} INFO - [2024-08-09T13:12:10.034-0400] {dagbag.py:545} INFO - Filling up the DagBag from /Users/jakeliu/we-defend-truth-1/airflow_env/lib/python3.12/site-packages/airflow/example_dags/example_bash_decorator.py
[2024-08-09T13:12:10.053-0400] {processor.py:840} INFO - DAG(s) 'example_bash_decorator' retrieved from /Users/jakeliu/we-defend-truth-1/airflow_env/lib/python3.12/site-packages/airflow/example_dags/example_bash_decorator.py
[2024-08-09T13:12:10.119-0400] {logging_mixin.py:188} INFO - [2024-08-09T13:12:10.118-0400] {dag.py:3089} INFO - Sync 1 DAGs
[2024-08-09T13:12:10.122-0400] {logging_mixin.py:188} INFO - [2024-08-09T13:12:10.122-0400] {dag.py:3947} INFO - Setting next_dagrun for example_bash_decorator to None, run_after=None
[2024-08-09T13:12:10.128-0400] {processor.py:183} INFO - Processing /Users/jakeliu/we-defend-truth-1/airflow_env/lib/python3.12/site-packages/airflow/example_dags/example_bash_decorator.py took 0.096 seconds
[2024-08-09T13:14:03.992-0400] {processor.py:161} INFO - Started process (PID=21523) to work on /Users/jakeliu/we-defend-truth-1/airflow_env/lib/python3.12/site-packages/airflow/example_dags/example_bash_decorator.py
[2024-08-09T13:14:03.992-0400] {processor.py:830} INFO - Processing file /Users/jakeliu/we-defend-truth-1/airflow_env/lib/python3.12/site-packages/airflow/example_dags/example_bash_decorator.py for tasks to queue
[2024-08-09T13:14:03.992-0400] {logging_mixin.py:188} INFO - [2024-08-09T13:14:03.992-0400] {dagbag.py:545} INFO - Filling up the DagBag from /Users/jakeliu/we-defend-truth-1/airflow_env/lib/python3.12/site-packages/airflow/example_dags/example_bash_decorator.py
[2024-08-09T13:14:04.009-0400] {processor.py:840} INFO - DAG(s) 'example_bash_decorator' retrieved from /Users/jakeliu/we-defend-truth-1/airflow_env/lib/python3.12/site-packages/airflow/example_dags/example_bash_decorator.py
[2024-08-09T13:14:04.080-0400] {logging_mixin.py:188} INFO - [2024-08-09T13:14:04.080-0400] {dag.py:3089} INFO - Sync 1 DAGs
[2024-08-09T13:14:04.083-0400] {logging_mixin.py:188} INFO - [2024-08-09T13:14:04.083-0400] {dag.py:3947} INFO - Setting next_dagrun for example_bash_decorator to None, run_after=None
[2024-08-09T13:14:04.090-0400] {processor.py:183} INFO - Processing /Users/jakeliu/we-defend-truth-1/airflow_env/lib/python3.12/site-packages/airflow/example_dags/example_bash_decorator.py took 0.099 seconds
[2024-08-09T13:16:01.223-0400] {processor.py:161} INFO - Started process (PID=21639) to work on /Users/jakeliu/we-defend-truth-1/airflow_env/lib/python3.12/site-packages/airflow/example_dags/example_bash_decorator.py
[2024-08-09T13:16:01.223-0400] {processor.py:830} INFO - Processing file /Users/jakeliu/we-defend-truth-1/airflow_env/lib/python3.12/site-packages/airflow/example_dags/example_bash_decorator.py for tasks to queue
[2024-08-09T13:16:01.223-0400] {logging_mixin.py:188} INFO - [2024-08-09T13:16:01.223-0400] {dagbag.py:545} INFO - Filling up the DagBag from /Users/jakeliu/we-defend-truth-1/airflow_env/lib/python3.12/site-packages/airflow/example_dags/example_bash_decorator.py
[2024-08-09T13:16:01.240-0400] {processor.py:840} INFO - DAG(s) 'example_bash_decorator' retrieved from /Users/jakeliu/we-defend-truth-1/airflow_env/lib/python3.12/site-packages/airflow/example_dags/example_bash_decorator.py
[2024-08-09T13:16:01.309-0400] {logging_mixin.py:188} INFO - [2024-08-09T13:16:01.309-0400] {dag.py:3089} INFO - Sync 1 DAGs
[2024-08-09T13:16:01.312-0400] {logging_mixin.py:188} INFO - [2024-08-09T13:16:01.312-0400] {dag.py:3947} INFO - Setting next_dagrun for example_bash_decorator to None, run_after=None
[2024-08-09T13:16:01.319-0400] {processor.py:183} INFO - Processing /Users/jakeliu/we-defend-truth-1/airflow_env/lib/python3.12/site-packages/airflow/example_dags/example_bash_decorator.py took 0.097 seconds
[2024-08-09T13:17:49.480-0400] {processor.py:161} INFO - Started process (PID=21831) to work on /Users/jakeliu/we-defend-truth-1/airflow_env/lib/python3.12/site-packages/airflow/example_dags/example_bash_decorator.py
[2024-08-09T13:17:49.481-0400] {processor.py:830} INFO - Processing file /Users/jakeliu/we-defend-truth-1/airflow_env/lib/python3.12/site-packages/airflow/example_dags/example_bash_decorator.py for tasks to queue
[2024-08-09T13:17:49.481-0400] {logging_mixin.py:188} INFO - [2024-08-09T13:17:49.481-0400] {dagbag.py:545} INFO - Filling up the DagBag from /Users/jakeliu/we-defend-truth-1/airflow_env/lib/python3.12/site-packages/airflow/example_dags/example_bash_decorator.py
[2024-08-09T13:17:49.499-0400] {processor.py:840} INFO - DAG(s) 'example_bash_decorator' retrieved from /Users/jakeliu/we-defend-truth-1/airflow_env/lib/python3.12/site-packages/airflow/example_dags/example_bash_decorator.py
[2024-08-09T13:17:49.564-0400] {logging_mixin.py:188} INFO - [2024-08-09T13:17:49.564-0400] {dag.py:3089} INFO - Sync 1 DAGs
[2024-08-09T13:17:49.568-0400] {logging_mixin.py:188} INFO - [2024-08-09T13:17:49.568-0400] {dag.py:3947} INFO - Setting next_dagrun for example_bash_decorator to None, run_after=None
[2024-08-09T13:17:49.574-0400] {processor.py:183} INFO - Processing /Users/jakeliu/we-defend-truth-1/airflow_env/lib/python3.12/site-packages/airflow/example_dags/example_bash_decorator.py took 0.096 seconds
[2024-08-09T13:19:31.425-0400] {processor.py:161} INFO - Started process (PID=21918) to work on /Users/jakeliu/we-defend-truth-1/airflow_env/lib/python3.12/site-packages/airflow/example_dags/example_bash_decorator.py
[2024-08-09T13:19:31.426-0400] {processor.py:830} INFO - Processing file /Users/jakeliu/we-defend-truth-1/airflow_env/lib/python3.12/site-packages/airflow/example_dags/example_bash_decorator.py for tasks to queue
[2024-08-09T13:19:31.426-0400] {logging_mixin.py:188} INFO - [2024-08-09T13:19:31.426-0400] {dagbag.py:545} INFO - Filling up the DagBag from /Users/jakeliu/we-defend-truth-1/airflow_env/lib/python3.12/site-packages/airflow/example_dags/example_bash_decorator.py
[2024-08-09T13:19:31.444-0400] {processor.py:840} INFO - DAG(s) 'example_bash_decorator' retrieved from /Users/jakeliu/we-defend-truth-1/airflow_env/lib/python3.12/site-packages/airflow/example_dags/example_bash_decorator.py
[2024-08-09T13:19:31.512-0400] {logging_mixin.py:188} INFO - [2024-08-09T13:19:31.512-0400] {dag.py:3089} INFO - Sync 1 DAGs
[2024-08-09T13:19:31.515-0400] {logging_mixin.py:188} INFO - [2024-08-09T13:19:31.515-0400] {dag.py:3947} INFO - Setting next_dagrun for example_bash_decorator to None, run_after=None
[2024-08-09T13:19:31.522-0400] {processor.py:183} INFO - Processing /Users/jakeliu/we-defend-truth-1/airflow_env/lib/python3.12/site-packages/airflow/example_dags/example_bash_decorator.py took 0.098 seconds
[2024-08-09T13:21:12.436-0400] {processor.py:161} INFO - Started process (PID=22576) to work on /Users/jakeliu/we-defend-truth-1/airflow_env/lib/python3.12/site-packages/airflow/example_dags/example_bash_decorator.py
[2024-08-09T13:21:12.437-0400] {processor.py:830} INFO - Processing file /Users/jakeliu/we-defend-truth-1/airflow_env/lib/python3.12/site-packages/airflow/example_dags/example_bash_decorator.py for tasks to queue
[2024-08-09T13:21:12.437-0400] {logging_mixin.py:188} INFO - [2024-08-09T13:21:12.437-0400] {dagbag.py:545} INFO - Filling up the DagBag from /Users/jakeliu/we-defend-truth-1/airflow_env/lib/python3.12/site-packages/airflow/example_dags/example_bash_decorator.py
[2024-08-09T13:21:12.455-0400] {processor.py:840} INFO - DAG(s) 'example_bash_decorator' retrieved from /Users/jakeliu/we-defend-truth-1/airflow_env/lib/python3.12/site-packages/airflow/example_dags/example_bash_decorator.py
[2024-08-09T13:21:12.521-0400] {logging_mixin.py:188} INFO - [2024-08-09T13:21:12.521-0400] {dag.py:3089} INFO - Sync 1 DAGs
[2024-08-09T13:21:12.524-0400] {logging_mixin.py:188} INFO - [2024-08-09T13:21:12.524-0400] {dag.py:3947} INFO - Setting next_dagrun for example_bash_decorator to None, run_after=None
[2024-08-09T13:21:12.530-0400] {processor.py:183} INFO - Processing /Users/jakeliu/we-defend-truth-1/airflow_env/lib/python3.12/site-packages/airflow/example_dags/example_bash_decorator.py took 0.095 seconds
[2024-08-09T13:22:55.785-0400] {processor.py:161} INFO - Started process (PID=22684) to work on /Users/jakeliu/we-defend-truth-1/airflow_env/lib/python3.12/site-packages/airflow/example_dags/example_bash_decorator.py
[2024-08-09T13:22:55.786-0400] {processor.py:830} INFO - Processing file /Users/jakeliu/we-defend-truth-1/airflow_env/lib/python3.12/site-packages/airflow/example_dags/example_bash_decorator.py for tasks to queue
[2024-08-09T13:22:55.786-0400] {logging_mixin.py:188} INFO - [2024-08-09T13:22:55.786-0400] {dagbag.py:545} INFO - Filling up the DagBag from /Users/jakeliu/we-defend-truth-1/airflow_env/lib/python3.12/site-packages/airflow/example_dags/example_bash_decorator.py
[2024-08-09T13:22:55.803-0400] {processor.py:840} INFO - DAG(s) 'example_bash_decorator' retrieved from /Users/jakeliu/we-defend-truth-1/airflow_env/lib/python3.12/site-packages/airflow/example_dags/example_bash_decorator.py
[2024-08-09T13:22:55.869-0400] {logging_mixin.py:188} INFO - [2024-08-09T13:22:55.869-0400] {dag.py:3089} INFO - Sync 1 DAGs
[2024-08-09T13:22:55.872-0400] {logging_mixin.py:188} INFO - [2024-08-09T13:22:55.872-0400] {dag.py:3947} INFO - Setting next_dagrun for example_bash_decorator to None, run_after=None
[2024-08-09T13:22:55.878-0400] {processor.py:183} INFO - Processing /Users/jakeliu/we-defend-truth-1/airflow_env/lib/python3.12/site-packages/airflow/example_dags/example_bash_decorator.py took 0.094 seconds
[2024-08-09T13:24:39.177-0400] {processor.py:161} INFO - Started process (PID=22794) to work on /Users/jakeliu/we-defend-truth-1/airflow_env/lib/python3.12/site-packages/airflow/example_dags/example_bash_decorator.py
[2024-08-09T13:24:39.178-0400] {processor.py:830} INFO - Processing file /Users/jakeliu/we-defend-truth-1/airflow_env/lib/python3.12/site-packages/airflow/example_dags/example_bash_decorator.py for tasks to queue
[2024-08-09T13:24:39.178-0400] {logging_mixin.py:188} INFO - [2024-08-09T13:24:39.178-0400] {dagbag.py:545} INFO - Filling up the DagBag from /Users/jakeliu/we-defend-truth-1/airflow_env/lib/python3.12/site-packages/airflow/example_dags/example_bash_decorator.py
[2024-08-09T13:24:39.196-0400] {processor.py:840} INFO - DAG(s) 'example_bash_decorator' retrieved from /Users/jakeliu/we-defend-truth-1/airflow_env/lib/python3.12/site-packages/airflow/example_dags/example_bash_decorator.py
[2024-08-09T13:24:39.262-0400] {logging_mixin.py:188} INFO - [2024-08-09T13:24:39.262-0400] {dag.py:3089} INFO - Sync 1 DAGs
[2024-08-09T13:24:39.266-0400] {logging_mixin.py:188} INFO - [2024-08-09T13:24:39.265-0400] {dag.py:3947} INFO - Setting next_dagrun for example_bash_decorator to None, run_after=None
[2024-08-09T13:24:39.272-0400] {processor.py:183} INFO - Processing /Users/jakeliu/we-defend-truth-1/airflow_env/lib/python3.12/site-packages/airflow/example_dags/example_bash_decorator.py took 0.095 seconds
[2024-08-09T13:26:35.121-0400] {processor.py:161} INFO - Started process (PID=22915) to work on /Users/jakeliu/we-defend-truth-1/airflow_env/lib/python3.12/site-packages/airflow/example_dags/example_bash_decorator.py
[2024-08-09T13:26:35.121-0400] {processor.py:830} INFO - Processing file /Users/jakeliu/we-defend-truth-1/airflow_env/lib/python3.12/site-packages/airflow/example_dags/example_bash_decorator.py for tasks to queue
[2024-08-09T13:26:35.121-0400] {logging_mixin.py:188} INFO - [2024-08-09T13:26:35.121-0400] {dagbag.py:545} INFO - Filling up the DagBag from /Users/jakeliu/we-defend-truth-1/airflow_env/lib/python3.12/site-packages/airflow/example_dags/example_bash_decorator.py
[2024-08-09T13:26:35.139-0400] {processor.py:840} INFO - DAG(s) 'example_bash_decorator' retrieved from /Users/jakeliu/we-defend-truth-1/airflow_env/lib/python3.12/site-packages/airflow/example_dags/example_bash_decorator.py
[2024-08-09T13:26:35.207-0400] {logging_mixin.py:188} INFO - [2024-08-09T13:26:35.207-0400] {dag.py:3089} INFO - Sync 1 DAGs
[2024-08-09T13:26:35.210-0400] {logging_mixin.py:188} INFO - [2024-08-09T13:26:35.210-0400] {dag.py:3947} INFO - Setting next_dagrun for example_bash_decorator to None, run_after=None
[2024-08-09T13:26:35.217-0400] {processor.py:183} INFO - Processing /Users/jakeliu/we-defend-truth-1/airflow_env/lib/python3.12/site-packages/airflow/example_dags/example_bash_decorator.py took 0.098 seconds
