[2024-08-09T13:04:33.407-0400] {processor.py:161} INFO - Started process (PID=20908) to work on /Users/jakeliu/we-defend-truth-1/airflow_env/lib/python3.12/site-packages/airflow/example_dags/example_python_operator.py
[2024-08-09T13:04:33.408-0400] {processor.py:830} INFO - Processing file /Users/jakeliu/we-defend-truth-1/airflow_env/lib/python3.12/site-packages/airflow/example_dags/example_python_operator.py for tasks to queue
[2024-08-09T13:04:33.408-0400] {logging_mixin.py:188} INFO - [2024-08-09T13:04:33.408-0400] {dagbag.py:545} INFO - Filling up the DagBag from /Users/jakeliu/we-defend-truth-1/airflow_env/lib/python3.12/site-packages/airflow/example_dags/example_python_operator.py
[2024-08-09T13:04:33.418-0400] {logging_mixin.py:188} INFO - [2024-08-09T13:04:33.418-0400] {example_python_operator.py:93} WARNING - The virtalenv_python example task requires virtualenv, please install it.
[2024-08-09T13:04:33.420-0400] {processor.py:840} INFO - DAG(s) 'example_python_operator' retrieved from /Users/jakeliu/we-defend-truth-1/airflow_env/lib/python3.12/site-packages/airflow/example_dags/example_python_operator.py
[2024-08-09T13:04:33.477-0400] {logging_mixin.py:188} INFO - [2024-08-09T13:04:33.477-0400] {dag.py:3089} INFO - Sync 1 DAGs
[2024-08-09T13:04:33.481-0400] {logging_mixin.py:188} INFO - [2024-08-09T13:04:33.481-0400] {dag.py:3947} INFO - Setting next_dagrun for example_python_operator to None, run_after=None
[2024-08-09T13:04:33.488-0400] {processor.py:183} INFO - Processing /Users/jakeliu/we-defend-truth-1/airflow_env/lib/python3.12/site-packages/airflow/example_dags/example_python_operator.py took 0.082 seconds
[2024-08-09T13:05:56.810-0400] {processor.py:161} INFO - Started process (PID=20999) to work on /Users/jakeliu/we-defend-truth-1/airflow_env/lib/python3.12/site-packages/airflow/example_dags/example_python_operator.py
[2024-08-09T13:05:56.811-0400] {processor.py:830} INFO - Processing file /Users/jakeliu/we-defend-truth-1/airflow_env/lib/python3.12/site-packages/airflow/example_dags/example_python_operator.py for tasks to queue
[2024-08-09T13:05:56.811-0400] {logging_mixin.py:188} INFO - [2024-08-09T13:05:56.811-0400] {dagbag.py:545} INFO - Filling up the DagBag from /Users/jakeliu/we-defend-truth-1/airflow_env/lib/python3.12/site-packages/airflow/example_dags/example_python_operator.py
[2024-08-09T13:05:56.820-0400] {logging_mixin.py:188} INFO - [2024-08-09T13:05:56.820-0400] {example_python_operator.py:93} WARNING - The virtalenv_python example task requires virtualenv, please install it.
[2024-08-09T13:05:56.821-0400] {processor.py:840} INFO - DAG(s) 'example_python_operator' retrieved from /Users/jakeliu/we-defend-truth-1/airflow_env/lib/python3.12/site-packages/airflow/example_dags/example_python_operator.py
[2024-08-09T13:05:56.851-0400] {logging_mixin.py:188} INFO - [2024-08-09T13:05:56.851-0400] {dag.py:3089} INFO - Sync 1 DAGs
[2024-08-09T13:05:56.854-0400] {logging_mixin.py:188} INFO - [2024-08-09T13:05:56.854-0400] {dag.py:3947} INFO - Setting next_dagrun for example_python_operator to None, run_after=None
[2024-08-09T13:05:56.860-0400] {processor.py:183} INFO - Processing /Users/jakeliu/we-defend-truth-1/airflow_env/lib/python3.12/site-packages/airflow/example_dags/example_python_operator.py took 0.051 seconds
[2024-08-09T13:07:43.464-0400] {processor.py:161} INFO - Started process (PID=21149) to work on /Users/jakeliu/we-defend-truth-1/airflow_env/lib/python3.12/site-packages/airflow/example_dags/example_python_operator.py
[2024-08-09T13:07:43.464-0400] {processor.py:830} INFO - Processing file /Users/jakeliu/we-defend-truth-1/airflow_env/lib/python3.12/site-packages/airflow/example_dags/example_python_operator.py for tasks to queue
[2024-08-09T13:07:43.465-0400] {logging_mixin.py:188} INFO - [2024-08-09T13:07:43.464-0400] {dagbag.py:545} INFO - Filling up the DagBag from /Users/jakeliu/we-defend-truth-1/airflow_env/lib/python3.12/site-packages/airflow/example_dags/example_python_operator.py
[2024-08-09T13:07:43.473-0400] {logging_mixin.py:188} INFO - [2024-08-09T13:07:43.473-0400] {example_python_operator.py:93} WARNING - The virtalenv_python example task requires virtualenv, please install it.
[2024-08-09T13:07:43.474-0400] {processor.py:840} INFO - DAG(s) 'example_python_operator' retrieved from /Users/jakeliu/we-defend-truth-1/airflow_env/lib/python3.12/site-packages/airflow/example_dags/example_python_operator.py
[2024-08-09T13:07:43.506-0400] {logging_mixin.py:188} INFO - [2024-08-09T13:07:43.506-0400] {dag.py:3089} INFO - Sync 1 DAGs
[2024-08-09T13:07:43.509-0400] {logging_mixin.py:188} INFO - [2024-08-09T13:07:43.509-0400] {dag.py:3947} INFO - Setting next_dagrun for example_python_operator to None, run_after=None
[2024-08-09T13:07:43.516-0400] {processor.py:183} INFO - Processing /Users/jakeliu/we-defend-truth-1/airflow_env/lib/python3.12/site-packages/airflow/example_dags/example_python_operator.py took 0.053 seconds
[2024-08-09T13:09:23.967-0400] {processor.py:161} INFO - Started process (PID=21268) to work on /Users/jakeliu/we-defend-truth-1/airflow_env/lib/python3.12/site-packages/airflow/example_dags/example_python_operator.py
[2024-08-09T13:09:23.969-0400] {processor.py:830} INFO - Processing file /Users/jakeliu/we-defend-truth-1/airflow_env/lib/python3.12/site-packages/airflow/example_dags/example_python_operator.py for tasks to queue
[2024-08-09T13:09:23.969-0400] {logging_mixin.py:188} INFO - [2024-08-09T13:09:23.969-0400] {dagbag.py:545} INFO - Filling up the DagBag from /Users/jakeliu/we-defend-truth-1/airflow_env/lib/python3.12/site-packages/airflow/example_dags/example_python_operator.py
[2024-08-09T13:09:23.978-0400] {logging_mixin.py:188} INFO - [2024-08-09T13:09:23.978-0400] {example_python_operator.py:93} WARNING - The virtalenv_python example task requires virtualenv, please install it.
[2024-08-09T13:09:23.979-0400] {processor.py:840} INFO - DAG(s) 'example_python_operator' retrieved from /Users/jakeliu/we-defend-truth-1/airflow_env/lib/python3.12/site-packages/airflow/example_dags/example_python_operator.py
[2024-08-09T13:09:24.010-0400] {logging_mixin.py:188} INFO - [2024-08-09T13:09:24.010-0400] {dag.py:3089} INFO - Sync 1 DAGs
[2024-08-09T13:09:24.013-0400] {logging_mixin.py:188} INFO - [2024-08-09T13:09:24.013-0400] {dag.py:3947} INFO - Setting next_dagrun for example_python_operator to None, run_after=None
[2024-08-09T13:09:24.019-0400] {processor.py:183} INFO - Processing /Users/jakeliu/we-defend-truth-1/airflow_env/lib/python3.12/site-packages/airflow/example_dags/example_python_operator.py took 0.053 seconds
[2024-08-09T13:11:06.392-0400] {processor.py:161} INFO - Started process (PID=21370) to work on /Users/jakeliu/we-defend-truth-1/airflow_env/lib/python3.12/site-packages/airflow/example_dags/example_python_operator.py
[2024-08-09T13:11:06.394-0400] {processor.py:830} INFO - Processing file /Users/jakeliu/we-defend-truth-1/airflow_env/lib/python3.12/site-packages/airflow/example_dags/example_python_operator.py for tasks to queue
[2024-08-09T13:11:06.394-0400] {logging_mixin.py:188} INFO - [2024-08-09T13:11:06.394-0400] {dagbag.py:545} INFO - Filling up the DagBag from /Users/jakeliu/we-defend-truth-1/airflow_env/lib/python3.12/site-packages/airflow/example_dags/example_python_operator.py
[2024-08-09T13:11:06.404-0400] {logging_mixin.py:188} INFO - [2024-08-09T13:11:06.404-0400] {example_python_operator.py:93} WARNING - The virtalenv_python example task requires virtualenv, please install it.
[2024-08-09T13:11:06.406-0400] {processor.py:840} INFO - DAG(s) 'example_python_operator' retrieved from /Users/jakeliu/we-defend-truth-1/airflow_env/lib/python3.12/site-packages/airflow/example_dags/example_python_operator.py
[2024-08-09T13:11:06.441-0400] {logging_mixin.py:188} INFO - [2024-08-09T13:11:06.440-0400] {dag.py:3089} INFO - Sync 1 DAGs
[2024-08-09T13:11:06.444-0400] {logging_mixin.py:188} INFO - [2024-08-09T13:11:06.444-0400] {dag.py:3947} INFO - Setting next_dagrun for example_python_operator to None, run_after=None
[2024-08-09T13:11:06.450-0400] {processor.py:183} INFO - Processing /Users/jakeliu/we-defend-truth-1/airflow_env/lib/python3.12/site-packages/airflow/example_dags/example_python_operator.py took 0.058 seconds
[2024-08-09T13:12:52.934-0400] {processor.py:161} INFO - Started process (PID=21475) to work on /Users/jakeliu/we-defend-truth-1/airflow_env/lib/python3.12/site-packages/airflow/example_dags/example_python_operator.py
[2024-08-09T13:12:52.935-0400] {processor.py:830} INFO - Processing file /Users/jakeliu/we-defend-truth-1/airflow_env/lib/python3.12/site-packages/airflow/example_dags/example_python_operator.py for tasks to queue
[2024-08-09T13:12:52.935-0400] {logging_mixin.py:188} INFO - [2024-08-09T13:12:52.935-0400] {dagbag.py:545} INFO - Filling up the DagBag from /Users/jakeliu/we-defend-truth-1/airflow_env/lib/python3.12/site-packages/airflow/example_dags/example_python_operator.py
[2024-08-09T13:12:52.944-0400] {logging_mixin.py:188} INFO - [2024-08-09T13:12:52.944-0400] {example_python_operator.py:93} WARNING - The virtalenv_python example task requires virtualenv, please install it.
[2024-08-09T13:12:52.945-0400] {processor.py:840} INFO - DAG(s) 'example_python_operator' retrieved from /Users/jakeliu/we-defend-truth-1/airflow_env/lib/python3.12/site-packages/airflow/example_dags/example_python_operator.py
[2024-08-09T13:12:52.975-0400] {logging_mixin.py:188} INFO - [2024-08-09T13:12:52.975-0400] {dag.py:3089} INFO - Sync 1 DAGs
[2024-08-09T13:12:52.978-0400] {logging_mixin.py:188} INFO - [2024-08-09T13:12:52.978-0400] {dag.py:3947} INFO - Setting next_dagrun for example_python_operator to None, run_after=None
[2024-08-09T13:12:52.985-0400] {processor.py:183} INFO - Processing /Users/jakeliu/we-defend-truth-1/airflow_env/lib/python3.12/site-packages/airflow/example_dags/example_python_operator.py took 0.052 seconds
[2024-08-09T13:14:50.551-0400] {processor.py:161} INFO - Started process (PID=21580) to work on /Users/jakeliu/we-defend-truth-1/airflow_env/lib/python3.12/site-packages/airflow/example_dags/example_python_operator.py
[2024-08-09T13:14:50.552-0400] {processor.py:830} INFO - Processing file /Users/jakeliu/we-defend-truth-1/airflow_env/lib/python3.12/site-packages/airflow/example_dags/example_python_operator.py for tasks to queue
[2024-08-09T13:14:50.553-0400] {logging_mixin.py:188} INFO - [2024-08-09T13:14:50.553-0400] {dagbag.py:545} INFO - Filling up the DagBag from /Users/jakeliu/we-defend-truth-1/airflow_env/lib/python3.12/site-packages/airflow/example_dags/example_python_operator.py
[2024-08-09T13:14:50.562-0400] {logging_mixin.py:188} INFO - [2024-08-09T13:14:50.562-0400] {example_python_operator.py:93} WARNING - The virtalenv_python example task requires virtualenv, please install it.
[2024-08-09T13:14:50.564-0400] {processor.py:840} INFO - DAG(s) 'example_python_operator' retrieved from /Users/jakeliu/we-defend-truth-1/airflow_env/lib/python3.12/site-packages/airflow/example_dags/example_python_operator.py
[2024-08-09T13:14:50.594-0400] {logging_mixin.py:188} INFO - [2024-08-09T13:14:50.594-0400] {dag.py:3089} INFO - Sync 1 DAGs
[2024-08-09T13:14:50.597-0400] {logging_mixin.py:188} INFO - [2024-08-09T13:14:50.597-0400] {dag.py:3947} INFO - Setting next_dagrun for example_python_operator to None, run_after=None
[2024-08-09T13:14:50.604-0400] {processor.py:183} INFO - Processing /Users/jakeliu/we-defend-truth-1/airflow_env/lib/python3.12/site-packages/airflow/example_dags/example_python_operator.py took 0.054 seconds
[2024-08-09T13:16:47.352-0400] {processor.py:161} INFO - Started process (PID=21689) to work on /Users/jakeliu/we-defend-truth-1/airflow_env/lib/python3.12/site-packages/airflow/example_dags/example_python_operator.py
[2024-08-09T13:16:47.354-0400] {processor.py:830} INFO - Processing file /Users/jakeliu/we-defend-truth-1/airflow_env/lib/python3.12/site-packages/airflow/example_dags/example_python_operator.py for tasks to queue
[2024-08-09T13:16:47.354-0400] {logging_mixin.py:188} INFO - [2024-08-09T13:16:47.354-0400] {dagbag.py:545} INFO - Filling up the DagBag from /Users/jakeliu/we-defend-truth-1/airflow_env/lib/python3.12/site-packages/airflow/example_dags/example_python_operator.py
[2024-08-09T13:16:47.363-0400] {logging_mixin.py:188} INFO - [2024-08-09T13:16:47.363-0400] {example_python_operator.py:93} WARNING - The virtalenv_python example task requires virtualenv, please install it.
[2024-08-09T13:16:47.364-0400] {processor.py:840} INFO - DAG(s) 'example_python_operator' retrieved from /Users/jakeliu/we-defend-truth-1/airflow_env/lib/python3.12/site-packages/airflow/example_dags/example_python_operator.py
[2024-08-09T13:16:47.396-0400] {logging_mixin.py:188} INFO - [2024-08-09T13:16:47.396-0400] {dag.py:3089} INFO - Sync 1 DAGs
[2024-08-09T13:16:47.399-0400] {logging_mixin.py:188} INFO - [2024-08-09T13:16:47.399-0400] {dag.py:3947} INFO - Setting next_dagrun for example_python_operator to None, run_after=None
[2024-08-09T13:16:47.407-0400] {processor.py:183} INFO - Processing /Users/jakeliu/we-defend-truth-1/airflow_env/lib/python3.12/site-packages/airflow/example_dags/example_python_operator.py took 0.056 seconds
[2024-08-09T13:18:28.052-0400] {processor.py:161} INFO - Started process (PID=21863) to work on /Users/jakeliu/we-defend-truth-1/airflow_env/lib/python3.12/site-packages/airflow/example_dags/example_python_operator.py
[2024-08-09T13:18:28.053-0400] {processor.py:830} INFO - Processing file /Users/jakeliu/we-defend-truth-1/airflow_env/lib/python3.12/site-packages/airflow/example_dags/example_python_operator.py for tasks to queue
[2024-08-09T13:18:28.053-0400] {logging_mixin.py:188} INFO - [2024-08-09T13:18:28.053-0400] {dagbag.py:545} INFO - Filling up the DagBag from /Users/jakeliu/we-defend-truth-1/airflow_env/lib/python3.12/site-packages/airflow/example_dags/example_python_operator.py
[2024-08-09T13:18:28.062-0400] {logging_mixin.py:188} INFO - [2024-08-09T13:18:28.062-0400] {example_python_operator.py:93} WARNING - The virtalenv_python example task requires virtualenv, please install it.
[2024-08-09T13:18:28.063-0400] {processor.py:840} INFO - DAG(s) 'example_python_operator' retrieved from /Users/jakeliu/we-defend-truth-1/airflow_env/lib/python3.12/site-packages/airflow/example_dags/example_python_operator.py
[2024-08-09T13:18:28.094-0400] {logging_mixin.py:188} INFO - [2024-08-09T13:18:28.094-0400] {dag.py:3089} INFO - Sync 1 DAGs
[2024-08-09T13:18:28.097-0400] {logging_mixin.py:188} INFO - [2024-08-09T13:18:28.097-0400] {dag.py:3947} INFO - Setting next_dagrun for example_python_operator to None, run_after=None
[2024-08-09T13:18:28.103-0400] {processor.py:183} INFO - Processing /Users/jakeliu/we-defend-truth-1/airflow_env/lib/python3.12/site-packages/airflow/example_dags/example_python_operator.py took 0.052 seconds
[2024-08-09T13:20:11.861-0400] {processor.py:161} INFO - Started process (PID=21976) to work on /Users/jakeliu/we-defend-truth-1/airflow_env/lib/python3.12/site-packages/airflow/example_dags/example_python_operator.py
[2024-08-09T13:20:11.863-0400] {processor.py:830} INFO - Processing file /Users/jakeliu/we-defend-truth-1/airflow_env/lib/python3.12/site-packages/airflow/example_dags/example_python_operator.py for tasks to queue
[2024-08-09T13:20:11.863-0400] {logging_mixin.py:188} INFO - [2024-08-09T13:20:11.863-0400] {dagbag.py:545} INFO - Filling up the DagBag from /Users/jakeliu/we-defend-truth-1/airflow_env/lib/python3.12/site-packages/airflow/example_dags/example_python_operator.py
[2024-08-09T13:20:11.872-0400] {logging_mixin.py:188} INFO - [2024-08-09T13:20:11.871-0400] {example_python_operator.py:93} WARNING - The virtalenv_python example task requires virtualenv, please install it.
[2024-08-09T13:20:11.873-0400] {processor.py:840} INFO - DAG(s) 'example_python_operator' retrieved from /Users/jakeliu/we-defend-truth-1/airflow_env/lib/python3.12/site-packages/airflow/example_dags/example_python_operator.py
[2024-08-09T13:20:11.904-0400] {logging_mixin.py:188} INFO - [2024-08-09T13:20:11.904-0400] {dag.py:3089} INFO - Sync 1 DAGs
[2024-08-09T13:20:11.907-0400] {logging_mixin.py:188} INFO - [2024-08-09T13:20:11.907-0400] {dag.py:3947} INFO - Setting next_dagrun for example_python_operator to None, run_after=None
[2024-08-09T13:20:11.913-0400] {processor.py:183} INFO - Processing /Users/jakeliu/we-defend-truth-1/airflow_env/lib/python3.12/site-packages/airflow/example_dags/example_python_operator.py took 0.053 seconds
[2024-08-09T13:21:54.322-0400] {processor.py:161} INFO - Started process (PID=22610) to work on /Users/jakeliu/we-defend-truth-1/airflow_env/lib/python3.12/site-packages/airflow/example_dags/example_python_operator.py
[2024-08-09T13:21:54.323-0400] {processor.py:830} INFO - Processing file /Users/jakeliu/we-defend-truth-1/airflow_env/lib/python3.12/site-packages/airflow/example_dags/example_python_operator.py for tasks to queue
[2024-08-09T13:21:54.323-0400] {logging_mixin.py:188} INFO - [2024-08-09T13:21:54.323-0400] {dagbag.py:545} INFO - Filling up the DagBag from /Users/jakeliu/we-defend-truth-1/airflow_env/lib/python3.12/site-packages/airflow/example_dags/example_python_operator.py
[2024-08-09T13:21:54.332-0400] {logging_mixin.py:188} INFO - [2024-08-09T13:21:54.332-0400] {example_python_operator.py:93} WARNING - The virtalenv_python example task requires virtualenv, please install it.
[2024-08-09T13:21:54.333-0400] {processor.py:840} INFO - DAG(s) 'example_python_operator' retrieved from /Users/jakeliu/we-defend-truth-1/airflow_env/lib/python3.12/site-packages/airflow/example_dags/example_python_operator.py
[2024-08-09T13:21:54.366-0400] {logging_mixin.py:188} INFO - [2024-08-09T13:21:54.366-0400] {dag.py:3089} INFO - Sync 1 DAGs
[2024-08-09T13:21:54.369-0400] {logging_mixin.py:188} INFO - [2024-08-09T13:21:54.369-0400] {dag.py:3947} INFO - Setting next_dagrun for example_python_operator to None, run_after=None
[2024-08-09T13:21:54.375-0400] {processor.py:183} INFO - Processing /Users/jakeliu/we-defend-truth-1/airflow_env/lib/python3.12/site-packages/airflow/example_dags/example_python_operator.py took 0.055 seconds
[2024-08-09T13:23:36.150-0400] {processor.py:161} INFO - Started process (PID=22713) to work on /Users/jakeliu/we-defend-truth-1/airflow_env/lib/python3.12/site-packages/airflow/example_dags/example_python_operator.py
[2024-08-09T13:23:36.152-0400] {processor.py:830} INFO - Processing file /Users/jakeliu/we-defend-truth-1/airflow_env/lib/python3.12/site-packages/airflow/example_dags/example_python_operator.py for tasks to queue
[2024-08-09T13:23:36.152-0400] {logging_mixin.py:188} INFO - [2024-08-09T13:23:36.152-0400] {dagbag.py:545} INFO - Filling up the DagBag from /Users/jakeliu/we-defend-truth-1/airflow_env/lib/python3.12/site-packages/airflow/example_dags/example_python_operator.py
[2024-08-09T13:23:36.161-0400] {logging_mixin.py:188} INFO - [2024-08-09T13:23:36.161-0400] {example_python_operator.py:93} WARNING - The virtalenv_python example task requires virtualenv, please install it.
[2024-08-09T13:23:36.162-0400] {processor.py:840} INFO - DAG(s) 'example_python_operator' retrieved from /Users/jakeliu/we-defend-truth-1/airflow_env/lib/python3.12/site-packages/airflow/example_dags/example_python_operator.py
[2024-08-09T13:23:36.192-0400] {logging_mixin.py:188} INFO - [2024-08-09T13:23:36.192-0400] {dag.py:3089} INFO - Sync 1 DAGs
[2024-08-09T13:23:36.195-0400] {logging_mixin.py:188} INFO - [2024-08-09T13:23:36.195-0400] {dag.py:3947} INFO - Setting next_dagrun for example_python_operator to None, run_after=None
[2024-08-09T13:23:36.201-0400] {processor.py:183} INFO - Processing /Users/jakeliu/we-defend-truth-1/airflow_env/lib/python3.12/site-packages/airflow/example_dags/example_python_operator.py took 0.051 seconds
[2024-08-09T13:25:24.374-0400] {processor.py:161} INFO - Started process (PID=22842) to work on /Users/jakeliu/we-defend-truth-1/airflow_env/lib/python3.12/site-packages/airflow/example_dags/example_python_operator.py
[2024-08-09T13:25:24.374-0400] {processor.py:830} INFO - Processing file /Users/jakeliu/we-defend-truth-1/airflow_env/lib/python3.12/site-packages/airflow/example_dags/example_python_operator.py for tasks to queue
[2024-08-09T13:25:24.374-0400] {logging_mixin.py:188} INFO - [2024-08-09T13:25:24.374-0400] {dagbag.py:545} INFO - Filling up the DagBag from /Users/jakeliu/we-defend-truth-1/airflow_env/lib/python3.12/site-packages/airflow/example_dags/example_python_operator.py
[2024-08-09T13:25:24.386-0400] {logging_mixin.py:188} INFO - [2024-08-09T13:25:24.386-0400] {example_python_operator.py:93} WARNING - The virtalenv_python example task requires virtualenv, please install it.
[2024-08-09T13:25:24.388-0400] {processor.py:840} INFO - DAG(s) 'example_python_operator' retrieved from /Users/jakeliu/we-defend-truth-1/airflow_env/lib/python3.12/site-packages/airflow/example_dags/example_python_operator.py
[2024-08-09T13:25:24.428-0400] {logging_mixin.py:188} INFO - [2024-08-09T13:25:24.428-0400] {dag.py:3089} INFO - Sync 1 DAGs
[2024-08-09T13:25:24.432-0400] {logging_mixin.py:188} INFO - [2024-08-09T13:25:24.432-0400] {dag.py:3947} INFO - Setting next_dagrun for example_python_operator to None, run_after=None
[2024-08-09T13:25:24.440-0400] {processor.py:183} INFO - Processing /Users/jakeliu/we-defend-truth-1/airflow_env/lib/python3.12/site-packages/airflow/example_dags/example_python_operator.py took 0.067 seconds
[2024-08-09T13:27:21.697-0400] {processor.py:161} INFO - Started process (PID=22955) to work on /Users/jakeliu/we-defend-truth-1/airflow_env/lib/python3.12/site-packages/airflow/example_dags/example_python_operator.py
[2024-08-09T13:27:21.699-0400] {processor.py:830} INFO - Processing file /Users/jakeliu/we-defend-truth-1/airflow_env/lib/python3.12/site-packages/airflow/example_dags/example_python_operator.py for tasks to queue
[2024-08-09T13:27:21.699-0400] {logging_mixin.py:188} INFO - [2024-08-09T13:27:21.699-0400] {dagbag.py:545} INFO - Filling up the DagBag from /Users/jakeliu/we-defend-truth-1/airflow_env/lib/python3.12/site-packages/airflow/example_dags/example_python_operator.py
[2024-08-09T13:27:21.709-0400] {logging_mixin.py:188} INFO - [2024-08-09T13:27:21.709-0400] {example_python_operator.py:93} WARNING - The virtalenv_python example task requires virtualenv, please install it.
[2024-08-09T13:27:21.712-0400] {processor.py:840} INFO - DAG(s) 'example_python_operator' retrieved from /Users/jakeliu/we-defend-truth-1/airflow_env/lib/python3.12/site-packages/airflow/example_dags/example_python_operator.py
[2024-08-09T13:27:21.744-0400] {logging_mixin.py:188} INFO - [2024-08-09T13:27:21.744-0400] {dag.py:3089} INFO - Sync 1 DAGs
[2024-08-09T13:27:21.747-0400] {logging_mixin.py:188} INFO - [2024-08-09T13:27:21.747-0400] {dag.py:3947} INFO - Setting next_dagrun for example_python_operator to None, run_after=None
[2024-08-09T13:27:21.753-0400] {processor.py:183} INFO - Processing /Users/jakeliu/we-defend-truth-1/airflow_env/lib/python3.12/site-packages/airflow/example_dags/example_python_operator.py took 0.057 seconds
[2024-08-09T13:29:13.848-0400] {processor.py:161} INFO - Started process (PID=23267) to work on /Users/jakeliu/we-defend-truth-1/airflow_env/lib/python3.12/site-packages/airflow/example_dags/example_python_operator.py
[2024-08-09T13:29:13.848-0400] {processor.py:830} INFO - Processing file /Users/jakeliu/we-defend-truth-1/airflow_env/lib/python3.12/site-packages/airflow/example_dags/example_python_operator.py for tasks to queue
[2024-08-09T13:29:13.848-0400] {logging_mixin.py:188} INFO - [2024-08-09T13:29:13.848-0400] {dagbag.py:545} INFO - Filling up the DagBag from /Users/jakeliu/we-defend-truth-1/airflow_env/lib/python3.12/site-packages/airflow/example_dags/example_python_operator.py
[2024-08-09T13:29:13.857-0400] {logging_mixin.py:188} INFO - [2024-08-09T13:29:13.857-0400] {example_python_operator.py:93} WARNING - The virtalenv_python example task requires virtualenv, please install it.
[2024-08-09T13:29:13.858-0400] {processor.py:840} INFO - DAG(s) 'example_python_operator' retrieved from /Users/jakeliu/we-defend-truth-1/airflow_env/lib/python3.12/site-packages/airflow/example_dags/example_python_operator.py
[2024-08-09T13:29:13.888-0400] {logging_mixin.py:188} INFO - [2024-08-09T13:29:13.888-0400] {dag.py:3089} INFO - Sync 1 DAGs
[2024-08-09T13:29:13.891-0400] {logging_mixin.py:188} INFO - [2024-08-09T13:29:13.891-0400] {dag.py:3947} INFO - Setting next_dagrun for example_python_operator to None, run_after=None
[2024-08-09T13:29:13.897-0400] {processor.py:183} INFO - Processing /Users/jakeliu/we-defend-truth-1/airflow_env/lib/python3.12/site-packages/airflow/example_dags/example_python_operator.py took 0.050 seconds
[2024-08-09T13:31:08.760-0400] {processor.py:161} INFO - Started process (PID=23531) to work on /Users/jakeliu/we-defend-truth-1/airflow_env/lib/python3.12/site-packages/airflow/example_dags/example_python_operator.py
[2024-08-09T13:31:08.761-0400] {processor.py:830} INFO - Processing file /Users/jakeliu/we-defend-truth-1/airflow_env/lib/python3.12/site-packages/airflow/example_dags/example_python_operator.py for tasks to queue
[2024-08-09T13:31:08.761-0400] {logging_mixin.py:188} INFO - [2024-08-09T13:31:08.761-0400] {dagbag.py:545} INFO - Filling up the DagBag from /Users/jakeliu/we-defend-truth-1/airflow_env/lib/python3.12/site-packages/airflow/example_dags/example_python_operator.py
[2024-08-09T13:31:08.770-0400] {logging_mixin.py:188} INFO - [2024-08-09T13:31:08.770-0400] {example_python_operator.py:93} WARNING - The virtalenv_python example task requires virtualenv, please install it.
[2024-08-09T13:31:08.771-0400] {processor.py:840} INFO - DAG(s) 'example_python_operator' retrieved from /Users/jakeliu/we-defend-truth-1/airflow_env/lib/python3.12/site-packages/airflow/example_dags/example_python_operator.py
[2024-08-09T13:31:08.801-0400] {logging_mixin.py:188} INFO - [2024-08-09T13:31:08.801-0400] {dag.py:3089} INFO - Sync 1 DAGs
[2024-08-09T13:31:08.804-0400] {logging_mixin.py:188} INFO - [2024-08-09T13:31:08.804-0400] {dag.py:3947} INFO - Setting next_dagrun for example_python_operator to None, run_after=None
[2024-08-09T13:31:08.810-0400] {processor.py:183} INFO - Processing /Users/jakeliu/we-defend-truth-1/airflow_env/lib/python3.12/site-packages/airflow/example_dags/example_python_operator.py took 0.050 seconds
[2024-08-09T13:33:03.968-0400] {processor.py:161} INFO - Started process (PID=23668) to work on /Users/jakeliu/we-defend-truth-1/airflow_env/lib/python3.12/site-packages/airflow/example_dags/example_python_operator.py
[2024-08-09T13:33:03.969-0400] {processor.py:830} INFO - Processing file /Users/jakeliu/we-defend-truth-1/airflow_env/lib/python3.12/site-packages/airflow/example_dags/example_python_operator.py for tasks to queue
[2024-08-09T13:33:03.969-0400] {logging_mixin.py:188} INFO - [2024-08-09T13:33:03.969-0400] {dagbag.py:545} INFO - Filling up the DagBag from /Users/jakeliu/we-defend-truth-1/airflow_env/lib/python3.12/site-packages/airflow/example_dags/example_python_operator.py
[2024-08-09T13:33:03.978-0400] {logging_mixin.py:188} INFO - [2024-08-09T13:33:03.978-0400] {example_python_operator.py:93} WARNING - The virtalenv_python example task requires virtualenv, please install it.
[2024-08-09T13:33:03.979-0400] {processor.py:840} INFO - DAG(s) 'example_python_operator' retrieved from /Users/jakeliu/we-defend-truth-1/airflow_env/lib/python3.12/site-packages/airflow/example_dags/example_python_operator.py
[2024-08-09T13:33:04.009-0400] {logging_mixin.py:188} INFO - [2024-08-09T13:33:04.009-0400] {dag.py:3089} INFO - Sync 1 DAGs
[2024-08-09T13:33:04.012-0400] {logging_mixin.py:188} INFO - [2024-08-09T13:33:04.012-0400] {dag.py:3947} INFO - Setting next_dagrun for example_python_operator to None, run_after=None
[2024-08-09T13:33:04.018-0400] {processor.py:183} INFO - Processing /Users/jakeliu/we-defend-truth-1/airflow_env/lib/python3.12/site-packages/airflow/example_dags/example_python_operator.py took 0.052 seconds
[2024-08-09T13:34:52.389-0400] {processor.py:161} INFO - Started process (PID=23819) to work on /Users/jakeliu/we-defend-truth-1/airflow_env/lib/python3.12/site-packages/airflow/example_dags/example_python_operator.py
[2024-08-09T13:34:52.390-0400] {processor.py:830} INFO - Processing file /Users/jakeliu/we-defend-truth-1/airflow_env/lib/python3.12/site-packages/airflow/example_dags/example_python_operator.py for tasks to queue
[2024-08-09T13:34:52.391-0400] {logging_mixin.py:188} INFO - [2024-08-09T13:34:52.391-0400] {dagbag.py:545} INFO - Filling up the DagBag from /Users/jakeliu/we-defend-truth-1/airflow_env/lib/python3.12/site-packages/airflow/example_dags/example_python_operator.py
[2024-08-09T13:34:52.400-0400] {logging_mixin.py:188} INFO - [2024-08-09T13:34:52.400-0400] {example_python_operator.py:93} WARNING - The virtalenv_python example task requires virtualenv, please install it.
[2024-08-09T13:34:52.401-0400] {processor.py:840} INFO - DAG(s) 'example_python_operator' retrieved from /Users/jakeliu/we-defend-truth-1/airflow_env/lib/python3.12/site-packages/airflow/example_dags/example_python_operator.py
[2024-08-09T13:34:52.433-0400] {logging_mixin.py:188} INFO - [2024-08-09T13:34:52.433-0400] {dag.py:3089} INFO - Sync 1 DAGs
[2024-08-09T13:34:52.436-0400] {logging_mixin.py:188} INFO - [2024-08-09T13:34:52.436-0400] {dag.py:3947} INFO - Setting next_dagrun for example_python_operator to None, run_after=None
[2024-08-09T13:34:52.442-0400] {processor.py:183} INFO - Processing /Users/jakeliu/we-defend-truth-1/airflow_env/lib/python3.12/site-packages/airflow/example_dags/example_python_operator.py took 0.054 seconds
[2024-08-09T13:36:39.866-0400] {processor.py:161} INFO - Started process (PID=23922) to work on /Users/jakeliu/we-defend-truth-1/airflow_env/lib/python3.12/site-packages/airflow/example_dags/example_python_operator.py
[2024-08-09T13:36:39.868-0400] {processor.py:830} INFO - Processing file /Users/jakeliu/we-defend-truth-1/airflow_env/lib/python3.12/site-packages/airflow/example_dags/example_python_operator.py for tasks to queue
[2024-08-09T13:36:39.868-0400] {logging_mixin.py:188} INFO - [2024-08-09T13:36:39.868-0400] {dagbag.py:545} INFO - Filling up the DagBag from /Users/jakeliu/we-defend-truth-1/airflow_env/lib/python3.12/site-packages/airflow/example_dags/example_python_operator.py
[2024-08-09T13:36:39.878-0400] {logging_mixin.py:188} INFO - [2024-08-09T13:36:39.878-0400] {example_python_operator.py:93} WARNING - The virtalenv_python example task requires virtualenv, please install it.
[2024-08-09T13:36:39.880-0400] {processor.py:840} INFO - DAG(s) 'example_python_operator' retrieved from /Users/jakeliu/we-defend-truth-1/airflow_env/lib/python3.12/site-packages/airflow/example_dags/example_python_operator.py
[2024-08-09T13:36:39.914-0400] {logging_mixin.py:188} INFO - [2024-08-09T13:36:39.914-0400] {dag.py:3089} INFO - Sync 1 DAGs
[2024-08-09T13:36:39.917-0400] {logging_mixin.py:188} INFO - [2024-08-09T13:36:39.917-0400] {dag.py:3947} INFO - Setting next_dagrun for example_python_operator to None, run_after=None
[2024-08-09T13:36:39.925-0400] {processor.py:183} INFO - Processing /Users/jakeliu/we-defend-truth-1/airflow_env/lib/python3.12/site-packages/airflow/example_dags/example_python_operator.py took 0.060 seconds
[2024-08-09T13:38:34.273-0400] {processor.py:161} INFO - Started process (PID=24002) to work on /Users/jakeliu/we-defend-truth-1/airflow_env/lib/python3.12/site-packages/airflow/example_dags/example_python_operator.py
[2024-08-09T13:38:34.274-0400] {processor.py:830} INFO - Processing file /Users/jakeliu/we-defend-truth-1/airflow_env/lib/python3.12/site-packages/airflow/example_dags/example_python_operator.py for tasks to queue
[2024-08-09T13:38:34.274-0400] {logging_mixin.py:188} INFO - [2024-08-09T13:38:34.274-0400] {dagbag.py:545} INFO - Filling up the DagBag from /Users/jakeliu/we-defend-truth-1/airflow_env/lib/python3.12/site-packages/airflow/example_dags/example_python_operator.py
[2024-08-09T13:38:34.284-0400] {logging_mixin.py:188} INFO - [2024-08-09T13:38:34.283-0400] {example_python_operator.py:93} WARNING - The virtalenv_python example task requires virtualenv, please install it.
[2024-08-09T13:38:34.285-0400] {processor.py:840} INFO - DAG(s) 'example_python_operator' retrieved from /Users/jakeliu/we-defend-truth-1/airflow_env/lib/python3.12/site-packages/airflow/example_dags/example_python_operator.py
[2024-08-09T13:38:34.315-0400] {logging_mixin.py:188} INFO - [2024-08-09T13:38:34.315-0400] {dag.py:3089} INFO - Sync 1 DAGs
[2024-08-09T13:38:34.318-0400] {logging_mixin.py:188} INFO - [2024-08-09T13:38:34.318-0400] {dag.py:3947} INFO - Setting next_dagrun for example_python_operator to None, run_after=None
[2024-08-09T13:38:34.324-0400] {processor.py:183} INFO - Processing /Users/jakeliu/we-defend-truth-1/airflow_env/lib/python3.12/site-packages/airflow/example_dags/example_python_operator.py took 0.052 seconds
[2024-08-09T13:40:21.288-0400] {processor.py:161} INFO - Started process (PID=24078) to work on /Users/jakeliu/we-defend-truth-1/airflow_env/lib/python3.12/site-packages/airflow/example_dags/example_python_operator.py
[2024-08-09T13:40:21.289-0400] {processor.py:830} INFO - Processing file /Users/jakeliu/we-defend-truth-1/airflow_env/lib/python3.12/site-packages/airflow/example_dags/example_python_operator.py for tasks to queue
[2024-08-09T13:40:21.289-0400] {logging_mixin.py:188} INFO - [2024-08-09T13:40:21.289-0400] {dagbag.py:545} INFO - Filling up the DagBag from /Users/jakeliu/we-defend-truth-1/airflow_env/lib/python3.12/site-packages/airflow/example_dags/example_python_operator.py
[2024-08-09T13:40:21.298-0400] {logging_mixin.py:188} INFO - [2024-08-09T13:40:21.298-0400] {example_python_operator.py:93} WARNING - The virtalenv_python example task requires virtualenv, please install it.
[2024-08-09T13:40:21.299-0400] {processor.py:840} INFO - DAG(s) 'example_python_operator' retrieved from /Users/jakeliu/we-defend-truth-1/airflow_env/lib/python3.12/site-packages/airflow/example_dags/example_python_operator.py
[2024-08-09T13:40:21.329-0400] {logging_mixin.py:188} INFO - [2024-08-09T13:40:21.329-0400] {dag.py:3089} INFO - Sync 1 DAGs
[2024-08-09T13:40:21.332-0400] {logging_mixin.py:188} INFO - [2024-08-09T13:40:21.332-0400] {dag.py:3947} INFO - Setting next_dagrun for example_python_operator to None, run_after=None
[2024-08-09T13:40:21.338-0400] {processor.py:183} INFO - Processing /Users/jakeliu/we-defend-truth-1/airflow_env/lib/python3.12/site-packages/airflow/example_dags/example_python_operator.py took 0.052 seconds
[2024-08-09T13:42:11.563-0400] {processor.py:161} INFO - Started process (PID=24283) to work on /Users/jakeliu/we-defend-truth-1/airflow_env/lib/python3.12/site-packages/airflow/example_dags/example_python_operator.py
[2024-08-09T13:42:11.563-0400] {processor.py:830} INFO - Processing file /Users/jakeliu/we-defend-truth-1/airflow_env/lib/python3.12/site-packages/airflow/example_dags/example_python_operator.py for tasks to queue
[2024-08-09T13:42:11.564-0400] {logging_mixin.py:188} INFO - [2024-08-09T13:42:11.564-0400] {dagbag.py:545} INFO - Filling up the DagBag from /Users/jakeliu/we-defend-truth-1/airflow_env/lib/python3.12/site-packages/airflow/example_dags/example_python_operator.py
[2024-08-09T13:42:11.573-0400] {logging_mixin.py:188} INFO - [2024-08-09T13:42:11.573-0400] {example_python_operator.py:93} WARNING - The virtalenv_python example task requires virtualenv, please install it.
[2024-08-09T13:42:11.574-0400] {processor.py:840} INFO - DAG(s) 'example_python_operator' retrieved from /Users/jakeliu/we-defend-truth-1/airflow_env/lib/python3.12/site-packages/airflow/example_dags/example_python_operator.py
[2024-08-09T13:42:11.605-0400] {logging_mixin.py:188} INFO - [2024-08-09T13:42:11.605-0400] {dag.py:3089} INFO - Sync 1 DAGs
[2024-08-09T13:42:11.608-0400] {logging_mixin.py:188} INFO - [2024-08-09T13:42:11.608-0400] {dag.py:3947} INFO - Setting next_dagrun for example_python_operator to None, run_after=None
[2024-08-09T13:42:11.616-0400] {processor.py:183} INFO - Processing /Users/jakeliu/we-defend-truth-1/airflow_env/lib/python3.12/site-packages/airflow/example_dags/example_python_operator.py took 0.054 seconds
[2024-08-09T13:44:01.843-0400] {processor.py:161} INFO - Started process (PID=24385) to work on /Users/jakeliu/we-defend-truth-1/airflow_env/lib/python3.12/site-packages/airflow/example_dags/example_python_operator.py
[2024-08-09T13:44:01.843-0400] {processor.py:830} INFO - Processing file /Users/jakeliu/we-defend-truth-1/airflow_env/lib/python3.12/site-packages/airflow/example_dags/example_python_operator.py for tasks to queue
[2024-08-09T13:44:01.844-0400] {logging_mixin.py:188} INFO - [2024-08-09T13:44:01.844-0400] {dagbag.py:545} INFO - Filling up the DagBag from /Users/jakeliu/we-defend-truth-1/airflow_env/lib/python3.12/site-packages/airflow/example_dags/example_python_operator.py
[2024-08-09T13:44:01.852-0400] {logging_mixin.py:188} INFO - [2024-08-09T13:44:01.852-0400] {example_python_operator.py:93} WARNING - The virtalenv_python example task requires virtualenv, please install it.
[2024-08-09T13:44:01.854-0400] {processor.py:840} INFO - DAG(s) 'example_python_operator' retrieved from /Users/jakeliu/we-defend-truth-1/airflow_env/lib/python3.12/site-packages/airflow/example_dags/example_python_operator.py
[2024-08-09T13:44:01.883-0400] {logging_mixin.py:188} INFO - [2024-08-09T13:44:01.883-0400] {dag.py:3089} INFO - Sync 1 DAGs
[2024-08-09T13:44:01.886-0400] {logging_mixin.py:188} INFO - [2024-08-09T13:44:01.886-0400] {dag.py:3947} INFO - Setting next_dagrun for example_python_operator to None, run_after=None
[2024-08-09T13:44:01.894-0400] {processor.py:183} INFO - Processing /Users/jakeliu/we-defend-truth-1/airflow_env/lib/python3.12/site-packages/airflow/example_dags/example_python_operator.py took 0.052 seconds
[2024-08-09T13:45:40.544-0400] {processor.py:161} INFO - Started process (PID=24453) to work on /Users/jakeliu/we-defend-truth-1/airflow_env/lib/python3.12/site-packages/airflow/example_dags/example_python_operator.py
[2024-08-09T13:45:40.545-0400] {processor.py:830} INFO - Processing file /Users/jakeliu/we-defend-truth-1/airflow_env/lib/python3.12/site-packages/airflow/example_dags/example_python_operator.py for tasks to queue
[2024-08-09T13:45:40.546-0400] {logging_mixin.py:188} INFO - [2024-08-09T13:45:40.545-0400] {dagbag.py:545} INFO - Filling up the DagBag from /Users/jakeliu/we-defend-truth-1/airflow_env/lib/python3.12/site-packages/airflow/example_dags/example_python_operator.py
[2024-08-09T13:45:40.555-0400] {logging_mixin.py:188} INFO - [2024-08-09T13:45:40.555-0400] {example_python_operator.py:93} WARNING - The virtalenv_python example task requires virtualenv, please install it.
[2024-08-09T13:45:40.556-0400] {processor.py:840} INFO - DAG(s) 'example_python_operator' retrieved from /Users/jakeliu/we-defend-truth-1/airflow_env/lib/python3.12/site-packages/airflow/example_dags/example_python_operator.py
[2024-08-09T13:45:40.588-0400] {logging_mixin.py:188} INFO - [2024-08-09T13:45:40.588-0400] {dag.py:3089} INFO - Sync 1 DAGs
[2024-08-09T13:45:40.591-0400] {logging_mixin.py:188} INFO - [2024-08-09T13:45:40.591-0400] {dag.py:3947} INFO - Setting next_dagrun for example_python_operator to None, run_after=None
[2024-08-09T13:45:40.597-0400] {processor.py:183} INFO - Processing /Users/jakeliu/we-defend-truth-1/airflow_env/lib/python3.12/site-packages/airflow/example_dags/example_python_operator.py took 0.054 seconds
[2024-08-09T13:47:24.917-0400] {processor.py:161} INFO - Started process (PID=24528) to work on /Users/jakeliu/we-defend-truth-1/airflow_env/lib/python3.12/site-packages/airflow/example_dags/example_python_operator.py
[2024-08-09T13:47:24.918-0400] {processor.py:830} INFO - Processing file /Users/jakeliu/we-defend-truth-1/airflow_env/lib/python3.12/site-packages/airflow/example_dags/example_python_operator.py for tasks to queue
[2024-08-09T13:47:24.918-0400] {logging_mixin.py:188} INFO - [2024-08-09T13:47:24.918-0400] {dagbag.py:545} INFO - Filling up the DagBag from /Users/jakeliu/we-defend-truth-1/airflow_env/lib/python3.12/site-packages/airflow/example_dags/example_python_operator.py
[2024-08-09T13:47:24.927-0400] {logging_mixin.py:188} INFO - [2024-08-09T13:47:24.927-0400] {example_python_operator.py:93} WARNING - The virtalenv_python example task requires virtualenv, please install it.
[2024-08-09T13:47:24.928-0400] {processor.py:840} INFO - DAG(s) 'example_python_operator' retrieved from /Users/jakeliu/we-defend-truth-1/airflow_env/lib/python3.12/site-packages/airflow/example_dags/example_python_operator.py
[2024-08-09T13:47:24.958-0400] {logging_mixin.py:188} INFO - [2024-08-09T13:47:24.958-0400] {dag.py:3089} INFO - Sync 1 DAGs
[2024-08-09T13:47:24.961-0400] {logging_mixin.py:188} INFO - [2024-08-09T13:47:24.961-0400] {dag.py:3947} INFO - Setting next_dagrun for example_python_operator to None, run_after=None
[2024-08-09T13:47:24.967-0400] {processor.py:183} INFO - Processing /Users/jakeliu/we-defend-truth-1/airflow_env/lib/python3.12/site-packages/airflow/example_dags/example_python_operator.py took 0.051 seconds
[2024-08-09T13:49:06.743-0400] {processor.py:161} INFO - Started process (PID=24600) to work on /Users/jakeliu/we-defend-truth-1/airflow_env/lib/python3.12/site-packages/airflow/example_dags/example_python_operator.py
[2024-08-09T13:49:06.744-0400] {processor.py:830} INFO - Processing file /Users/jakeliu/we-defend-truth-1/airflow_env/lib/python3.12/site-packages/airflow/example_dags/example_python_operator.py for tasks to queue
[2024-08-09T13:49:06.744-0400] {logging_mixin.py:188} INFO - [2024-08-09T13:49:06.744-0400] {dagbag.py:545} INFO - Filling up the DagBag from /Users/jakeliu/we-defend-truth-1/airflow_env/lib/python3.12/site-packages/airflow/example_dags/example_python_operator.py
[2024-08-09T13:49:06.753-0400] {logging_mixin.py:188} INFO - [2024-08-09T13:49:06.753-0400] {example_python_operator.py:93} WARNING - The virtalenv_python example task requires virtualenv, please install it.
[2024-08-09T13:49:06.754-0400] {processor.py:840} INFO - DAG(s) 'example_python_operator' retrieved from /Users/jakeliu/we-defend-truth-1/airflow_env/lib/python3.12/site-packages/airflow/example_dags/example_python_operator.py
[2024-08-09T13:49:06.786-0400] {logging_mixin.py:188} INFO - [2024-08-09T13:49:06.786-0400] {dag.py:3089} INFO - Sync 1 DAGs
[2024-08-09T13:49:06.789-0400] {logging_mixin.py:188} INFO - [2024-08-09T13:49:06.789-0400] {dag.py:3947} INFO - Setting next_dagrun for example_python_operator to None, run_after=None
[2024-08-09T13:49:06.797-0400] {processor.py:183} INFO - Processing /Users/jakeliu/we-defend-truth-1/airflow_env/lib/python3.12/site-packages/airflow/example_dags/example_python_operator.py took 0.055 seconds
[2024-08-09T13:50:43.562-0400] {processor.py:161} INFO - Started process (PID=24682) to work on /Users/jakeliu/we-defend-truth-1/airflow_env/lib/python3.12/site-packages/airflow/example_dags/example_python_operator.py
[2024-08-09T13:50:43.562-0400] {processor.py:830} INFO - Processing file /Users/jakeliu/we-defend-truth-1/airflow_env/lib/python3.12/site-packages/airflow/example_dags/example_python_operator.py for tasks to queue
[2024-08-09T13:50:43.562-0400] {logging_mixin.py:188} INFO - [2024-08-09T13:50:43.562-0400] {dagbag.py:545} INFO - Filling up the DagBag from /Users/jakeliu/we-defend-truth-1/airflow_env/lib/python3.12/site-packages/airflow/example_dags/example_python_operator.py
[2024-08-09T13:50:43.571-0400] {logging_mixin.py:188} INFO - [2024-08-09T13:50:43.571-0400] {example_python_operator.py:93} WARNING - The virtalenv_python example task requires virtualenv, please install it.
[2024-08-09T13:50:43.573-0400] {processor.py:840} INFO - DAG(s) 'example_python_operator' retrieved from /Users/jakeliu/we-defend-truth-1/airflow_env/lib/python3.12/site-packages/airflow/example_dags/example_python_operator.py
[2024-08-09T13:50:43.603-0400] {logging_mixin.py:188} INFO - [2024-08-09T13:50:43.603-0400] {dag.py:3089} INFO - Sync 1 DAGs
[2024-08-09T13:50:43.606-0400] {logging_mixin.py:188} INFO - [2024-08-09T13:50:43.606-0400] {dag.py:3947} INFO - Setting next_dagrun for example_python_operator to None, run_after=None
[2024-08-09T13:50:43.612-0400] {processor.py:183} INFO - Processing /Users/jakeliu/we-defend-truth-1/airflow_env/lib/python3.12/site-packages/airflow/example_dags/example_python_operator.py took 0.051 seconds
[2024-08-09T13:52:26.859-0400] {processor.py:161} INFO - Started process (PID=24770) to work on /Users/jakeliu/we-defend-truth-1/airflow_env/lib/python3.12/site-packages/airflow/example_dags/example_python_operator.py
[2024-08-09T13:52:26.860-0400] {processor.py:830} INFO - Processing file /Users/jakeliu/we-defend-truth-1/airflow_env/lib/python3.12/site-packages/airflow/example_dags/example_python_operator.py for tasks to queue
[2024-08-09T13:52:26.860-0400] {logging_mixin.py:188} INFO - [2024-08-09T13:52:26.860-0400] {dagbag.py:545} INFO - Filling up the DagBag from /Users/jakeliu/we-defend-truth-1/airflow_env/lib/python3.12/site-packages/airflow/example_dags/example_python_operator.py
[2024-08-09T13:52:26.870-0400] {logging_mixin.py:188} INFO - [2024-08-09T13:52:26.869-0400] {example_python_operator.py:93} WARNING - The virtalenv_python example task requires virtualenv, please install it.
[2024-08-09T13:52:26.871-0400] {processor.py:840} INFO - DAG(s) 'example_python_operator' retrieved from /Users/jakeliu/we-defend-truth-1/airflow_env/lib/python3.12/site-packages/airflow/example_dags/example_python_operator.py
[2024-08-09T13:52:26.901-0400] {logging_mixin.py:188} INFO - [2024-08-09T13:52:26.901-0400] {dag.py:3089} INFO - Sync 1 DAGs
[2024-08-09T13:52:26.904-0400] {logging_mixin.py:188} INFO - [2024-08-09T13:52:26.904-0400] {dag.py:3947} INFO - Setting next_dagrun for example_python_operator to None, run_after=None
[2024-08-09T13:52:26.910-0400] {processor.py:183} INFO - Processing /Users/jakeliu/we-defend-truth-1/airflow_env/lib/python3.12/site-packages/airflow/example_dags/example_python_operator.py took 0.052 seconds
[2024-08-09T13:54:22.497-0400] {processor.py:161} INFO - Started process (PID=24915) to work on /Users/jakeliu/we-defend-truth-1/airflow_env/lib/python3.12/site-packages/airflow/example_dags/example_python_operator.py
[2024-08-09T13:54:22.498-0400] {processor.py:830} INFO - Processing file /Users/jakeliu/we-defend-truth-1/airflow_env/lib/python3.12/site-packages/airflow/example_dags/example_python_operator.py for tasks to queue
[2024-08-09T13:54:22.498-0400] {logging_mixin.py:188} INFO - [2024-08-09T13:54:22.498-0400] {dagbag.py:545} INFO - Filling up the DagBag from /Users/jakeliu/we-defend-truth-1/airflow_env/lib/python3.12/site-packages/airflow/example_dags/example_python_operator.py
[2024-08-09T13:54:22.507-0400] {logging_mixin.py:188} INFO - [2024-08-09T13:54:22.507-0400] {example_python_operator.py:93} WARNING - The virtalenv_python example task requires virtualenv, please install it.
[2024-08-09T13:54:22.508-0400] {processor.py:840} INFO - DAG(s) 'example_python_operator' retrieved from /Users/jakeliu/we-defend-truth-1/airflow_env/lib/python3.12/site-packages/airflow/example_dags/example_python_operator.py
[2024-08-09T13:54:22.538-0400] {logging_mixin.py:188} INFO - [2024-08-09T13:54:22.538-0400] {dag.py:3089} INFO - Sync 1 DAGs
[2024-08-09T13:54:22.541-0400] {logging_mixin.py:188} INFO - [2024-08-09T13:54:22.541-0400] {dag.py:3947} INFO - Setting next_dagrun for example_python_operator to None, run_after=None
[2024-08-09T13:54:22.547-0400] {processor.py:183} INFO - Processing /Users/jakeliu/we-defend-truth-1/airflow_env/lib/python3.12/site-packages/airflow/example_dags/example_python_operator.py took 0.051 seconds
[2024-08-09T13:56:21.181-0400] {processor.py:161} INFO - Started process (PID=25033) to work on /Users/jakeliu/we-defend-truth-1/airflow_env/lib/python3.12/site-packages/airflow/example_dags/example_python_operator.py
[2024-08-09T13:56:21.182-0400] {processor.py:830} INFO - Processing file /Users/jakeliu/we-defend-truth-1/airflow_env/lib/python3.12/site-packages/airflow/example_dags/example_python_operator.py for tasks to queue
[2024-08-09T13:56:21.183-0400] {logging_mixin.py:188} INFO - [2024-08-09T13:56:21.183-0400] {dagbag.py:545} INFO - Filling up the DagBag from /Users/jakeliu/we-defend-truth-1/airflow_env/lib/python3.12/site-packages/airflow/example_dags/example_python_operator.py
[2024-08-09T13:56:21.192-0400] {logging_mixin.py:188} INFO - [2024-08-09T13:56:21.191-0400] {example_python_operator.py:93} WARNING - The virtalenv_python example task requires virtualenv, please install it.
[2024-08-09T13:56:21.193-0400] {processor.py:840} INFO - DAG(s) 'example_python_operator' retrieved from /Users/jakeliu/we-defend-truth-1/airflow_env/lib/python3.12/site-packages/airflow/example_dags/example_python_operator.py
[2024-08-09T13:56:21.223-0400] {logging_mixin.py:188} INFO - [2024-08-09T13:56:21.223-0400] {dag.py:3089} INFO - Sync 1 DAGs
[2024-08-09T13:56:21.226-0400] {logging_mixin.py:188} INFO - [2024-08-09T13:56:21.226-0400] {dag.py:3947} INFO - Setting next_dagrun for example_python_operator to None, run_after=None
[2024-08-09T13:56:21.231-0400] {processor.py:183} INFO - Processing /Users/jakeliu/we-defend-truth-1/airflow_env/lib/python3.12/site-packages/airflow/example_dags/example_python_operator.py took 0.051 seconds
