[2024-08-09T13:04:20.976-0400] {processor.py:161} INFO - Started process (PID=20900) to work on /Users/jakeliu/we-defend-truth-1/airflow_env/lib/python3.12/site-packages/airflow/example_dags/example_skip_dag.py
[2024-08-09T13:04:20.976-0400] {processor.py:830} INFO - Processing file /Users/jakeliu/we-defend-truth-1/airflow_env/lib/python3.12/site-packages/airflow/example_dags/example_skip_dag.py for tasks to queue
[2024-08-09T13:04:20.976-0400] {logging_mixin.py:188} INFO - [2024-08-09T13:04:20.976-0400] {dagbag.py:545} INFO - Filling up the DagBag from /Users/jakeliu/we-defend-truth-1/airflow_env/lib/python3.12/site-packages/airflow/example_dags/example_skip_dag.py
[2024-08-09T13:04:20.980-0400] {processor.py:840} INFO - DAG(s) 'example_skip_dag' retrieved from /Users/jakeliu/we-defend-truth-1/airflow_env/lib/python3.12/site-packages/airflow/example_dags/example_skip_dag.py
[2024-08-09T13:04:21.047-0400] {logging_mixin.py:188} INFO - [2024-08-09T13:04:21.047-0400] {dag.py:3089} INFO - Sync 1 DAGs
[2024-08-09T13:04:21.054-0400] {logging_mixin.py:188} INFO - [2024-08-09T13:04:21.054-0400] {dag.py:3947} INFO - Setting next_dagrun for example_skip_dag to 2024-08-08 00:00:00+00:00, run_after=2024-08-09 00:00:00+00:00
[2024-08-09T13:04:21.062-0400] {processor.py:183} INFO - Processing /Users/jakeliu/we-defend-truth-1/airflow_env/lib/python3.12/site-packages/airflow/example_dags/example_skip_dag.py took 0.087 seconds
[2024-08-09T13:05:47.107-0400] {processor.py:161} INFO - Started process (PID=20981) to work on /Users/jakeliu/we-defend-truth-1/airflow_env/lib/python3.12/site-packages/airflow/example_dags/example_skip_dag.py
[2024-08-09T13:05:47.108-0400] {processor.py:830} INFO - Processing file /Users/jakeliu/we-defend-truth-1/airflow_env/lib/python3.12/site-packages/airflow/example_dags/example_skip_dag.py for tasks to queue
[2024-08-09T13:05:47.109-0400] {logging_mixin.py:188} INFO - [2024-08-09T13:05:47.108-0400] {dagbag.py:545} INFO - Filling up the DagBag from /Users/jakeliu/we-defend-truth-1/airflow_env/lib/python3.12/site-packages/airflow/example_dags/example_skip_dag.py
[2024-08-09T13:05:47.111-0400] {processor.py:840} INFO - DAG(s) 'example_skip_dag' retrieved from /Users/jakeliu/we-defend-truth-1/airflow_env/lib/python3.12/site-packages/airflow/example_dags/example_skip_dag.py
[2024-08-09T13:05:47.147-0400] {logging_mixin.py:188} INFO - [2024-08-09T13:05:47.146-0400] {dag.py:3089} INFO - Sync 1 DAGs
[2024-08-09T13:05:47.153-0400] {logging_mixin.py:188} INFO - [2024-08-09T13:05:47.153-0400] {dag.py:3947} INFO - Setting next_dagrun for example_skip_dag to 2024-08-08 00:00:00+00:00, run_after=2024-08-09 00:00:00+00:00
[2024-08-09T13:05:47.159-0400] {processor.py:183} INFO - Processing /Users/jakeliu/we-defend-truth-1/airflow_env/lib/python3.12/site-packages/airflow/example_dags/example_skip_dag.py took 0.053 seconds
[2024-08-09T13:07:31.161-0400] {processor.py:161} INFO - Started process (PID=21139) to work on /Users/jakeliu/we-defend-truth-1/airflow_env/lib/python3.12/site-packages/airflow/example_dags/example_skip_dag.py
[2024-08-09T13:07:31.162-0400] {processor.py:830} INFO - Processing file /Users/jakeliu/we-defend-truth-1/airflow_env/lib/python3.12/site-packages/airflow/example_dags/example_skip_dag.py for tasks to queue
[2024-08-09T13:07:31.162-0400] {logging_mixin.py:188} INFO - [2024-08-09T13:07:31.162-0400] {dagbag.py:545} INFO - Filling up the DagBag from /Users/jakeliu/we-defend-truth-1/airflow_env/lib/python3.12/site-packages/airflow/example_dags/example_skip_dag.py
[2024-08-09T13:07:31.165-0400] {processor.py:840} INFO - DAG(s) 'example_skip_dag' retrieved from /Users/jakeliu/we-defend-truth-1/airflow_env/lib/python3.12/site-packages/airflow/example_dags/example_skip_dag.py
[2024-08-09T13:07:31.197-0400] {logging_mixin.py:188} INFO - [2024-08-09T13:07:31.197-0400] {dag.py:3089} INFO - Sync 1 DAGs
[2024-08-09T13:07:31.203-0400] {logging_mixin.py:188} INFO - [2024-08-09T13:07:31.203-0400] {dag.py:3947} INFO - Setting next_dagrun for example_skip_dag to 2024-08-08 00:00:00+00:00, run_after=2024-08-09 00:00:00+00:00
[2024-08-09T13:07:31.209-0400] {processor.py:183} INFO - Processing /Users/jakeliu/we-defend-truth-1/airflow_env/lib/python3.12/site-packages/airflow/example_dags/example_skip_dag.py took 0.049 seconds
[2024-08-09T13:09:13.290-0400] {processor.py:161} INFO - Started process (PID=21250) to work on /Users/jakeliu/we-defend-truth-1/airflow_env/lib/python3.12/site-packages/airflow/example_dags/example_skip_dag.py
[2024-08-09T13:09:13.291-0400] {processor.py:830} INFO - Processing file /Users/jakeliu/we-defend-truth-1/airflow_env/lib/python3.12/site-packages/airflow/example_dags/example_skip_dag.py for tasks to queue
[2024-08-09T13:09:13.292-0400] {logging_mixin.py:188} INFO - [2024-08-09T13:09:13.292-0400] {dagbag.py:545} INFO - Filling up the DagBag from /Users/jakeliu/we-defend-truth-1/airflow_env/lib/python3.12/site-packages/airflow/example_dags/example_skip_dag.py
[2024-08-09T13:09:13.295-0400] {processor.py:840} INFO - DAG(s) 'example_skip_dag' retrieved from /Users/jakeliu/we-defend-truth-1/airflow_env/lib/python3.12/site-packages/airflow/example_dags/example_skip_dag.py
[2024-08-09T13:09:13.325-0400] {logging_mixin.py:188} INFO - [2024-08-09T13:09:13.325-0400] {dag.py:3089} INFO - Sync 1 DAGs
[2024-08-09T13:09:13.331-0400] {logging_mixin.py:188} INFO - [2024-08-09T13:09:13.331-0400] {dag.py:3947} INFO - Setting next_dagrun for example_skip_dag to 2024-08-08 00:00:00+00:00, run_after=2024-08-09 00:00:00+00:00
[2024-08-09T13:09:13.337-0400] {processor.py:183} INFO - Processing /Users/jakeliu/we-defend-truth-1/airflow_env/lib/python3.12/site-packages/airflow/example_dags/example_skip_dag.py took 0.048 seconds
[2024-08-09T13:10:55.415-0400] {processor.py:161} INFO - Started process (PID=21363) to work on /Users/jakeliu/we-defend-truth-1/airflow_env/lib/python3.12/site-packages/airflow/example_dags/example_skip_dag.py
[2024-08-09T13:10:55.415-0400] {processor.py:830} INFO - Processing file /Users/jakeliu/we-defend-truth-1/airflow_env/lib/python3.12/site-packages/airflow/example_dags/example_skip_dag.py for tasks to queue
[2024-08-09T13:10:55.416-0400] {logging_mixin.py:188} INFO - [2024-08-09T13:10:55.416-0400] {dagbag.py:545} INFO - Filling up the DagBag from /Users/jakeliu/we-defend-truth-1/airflow_env/lib/python3.12/site-packages/airflow/example_dags/example_skip_dag.py
[2024-08-09T13:10:55.419-0400] {processor.py:840} INFO - DAG(s) 'example_skip_dag' retrieved from /Users/jakeliu/we-defend-truth-1/airflow_env/lib/python3.12/site-packages/airflow/example_dags/example_skip_dag.py
[2024-08-09T13:10:55.455-0400] {logging_mixin.py:188} INFO - [2024-08-09T13:10:55.455-0400] {dag.py:3089} INFO - Sync 1 DAGs
[2024-08-09T13:10:55.460-0400] {logging_mixin.py:188} INFO - [2024-08-09T13:10:55.460-0400] {dag.py:3947} INFO - Setting next_dagrun for example_skip_dag to 2024-08-08 00:00:00+00:00, run_after=2024-08-09 00:00:00+00:00
[2024-08-09T13:10:55.468-0400] {processor.py:183} INFO - Processing /Users/jakeliu/we-defend-truth-1/airflow_env/lib/python3.12/site-packages/airflow/example_dags/example_skip_dag.py took 0.054 seconds
[2024-08-09T13:12:40.856-0400] {processor.py:161} INFO - Started process (PID=21467) to work on /Users/jakeliu/we-defend-truth-1/airflow_env/lib/python3.12/site-packages/airflow/example_dags/example_skip_dag.py
[2024-08-09T13:12:40.856-0400] {processor.py:830} INFO - Processing file /Users/jakeliu/we-defend-truth-1/airflow_env/lib/python3.12/site-packages/airflow/example_dags/example_skip_dag.py for tasks to queue
[2024-08-09T13:12:40.857-0400] {logging_mixin.py:188} INFO - [2024-08-09T13:12:40.856-0400] {dagbag.py:545} INFO - Filling up the DagBag from /Users/jakeliu/we-defend-truth-1/airflow_env/lib/python3.12/site-packages/airflow/example_dags/example_skip_dag.py
[2024-08-09T13:12:40.860-0400] {processor.py:840} INFO - DAG(s) 'example_skip_dag' retrieved from /Users/jakeliu/we-defend-truth-1/airflow_env/lib/python3.12/site-packages/airflow/example_dags/example_skip_dag.py
[2024-08-09T13:12:40.892-0400] {logging_mixin.py:188} INFO - [2024-08-09T13:12:40.892-0400] {dag.py:3089} INFO - Sync 1 DAGs
[2024-08-09T13:12:40.897-0400] {logging_mixin.py:188} INFO - [2024-08-09T13:12:40.897-0400] {dag.py:3947} INFO - Setting next_dagrun for example_skip_dag to 2024-08-08 00:00:00+00:00, run_after=2024-08-09 00:00:00+00:00
[2024-08-09T13:12:40.904-0400] {processor.py:183} INFO - Processing /Users/jakeliu/we-defend-truth-1/airflow_env/lib/python3.12/site-packages/airflow/example_dags/example_skip_dag.py took 0.049 seconds
[2024-08-09T13:14:38.528-0400] {processor.py:161} INFO - Started process (PID=21569) to work on /Users/jakeliu/we-defend-truth-1/airflow_env/lib/python3.12/site-packages/airflow/example_dags/example_skip_dag.py
[2024-08-09T13:14:38.528-0400] {processor.py:830} INFO - Processing file /Users/jakeliu/we-defend-truth-1/airflow_env/lib/python3.12/site-packages/airflow/example_dags/example_skip_dag.py for tasks to queue
[2024-08-09T13:14:38.528-0400] {logging_mixin.py:188} INFO - [2024-08-09T13:14:38.528-0400] {dagbag.py:545} INFO - Filling up the DagBag from /Users/jakeliu/we-defend-truth-1/airflow_env/lib/python3.12/site-packages/airflow/example_dags/example_skip_dag.py
[2024-08-09T13:14:38.531-0400] {processor.py:840} INFO - DAG(s) 'example_skip_dag' retrieved from /Users/jakeliu/we-defend-truth-1/airflow_env/lib/python3.12/site-packages/airflow/example_dags/example_skip_dag.py
[2024-08-09T13:14:38.563-0400] {logging_mixin.py:188} INFO - [2024-08-09T13:14:38.563-0400] {dag.py:3089} INFO - Sync 1 DAGs
[2024-08-09T13:14:38.569-0400] {logging_mixin.py:188} INFO - [2024-08-09T13:14:38.569-0400] {dag.py:3947} INFO - Setting next_dagrun for example_skip_dag to 2024-08-08 00:00:00+00:00, run_after=2024-08-09 00:00:00+00:00
[2024-08-09T13:14:38.575-0400] {processor.py:183} INFO - Processing /Users/jakeliu/we-defend-truth-1/airflow_env/lib/python3.12/site-packages/airflow/example_dags/example_skip_dag.py took 0.048 seconds
[2024-08-09T13:16:35.352-0400] {processor.py:161} INFO - Started process (PID=21679) to work on /Users/jakeliu/we-defend-truth-1/airflow_env/lib/python3.12/site-packages/airflow/example_dags/example_skip_dag.py
[2024-08-09T13:16:35.353-0400] {processor.py:830} INFO - Processing file /Users/jakeliu/we-defend-truth-1/airflow_env/lib/python3.12/site-packages/airflow/example_dags/example_skip_dag.py for tasks to queue
[2024-08-09T13:16:35.353-0400] {logging_mixin.py:188} INFO - [2024-08-09T13:16:35.353-0400] {dagbag.py:545} INFO - Filling up the DagBag from /Users/jakeliu/we-defend-truth-1/airflow_env/lib/python3.12/site-packages/airflow/example_dags/example_skip_dag.py
[2024-08-09T13:16:35.357-0400] {processor.py:840} INFO - DAG(s) 'example_skip_dag' retrieved from /Users/jakeliu/we-defend-truth-1/airflow_env/lib/python3.12/site-packages/airflow/example_dags/example_skip_dag.py
[2024-08-09T13:16:35.388-0400] {logging_mixin.py:188} INFO - [2024-08-09T13:16:35.388-0400] {dag.py:3089} INFO - Sync 1 DAGs
[2024-08-09T13:16:35.394-0400] {logging_mixin.py:188} INFO - [2024-08-09T13:16:35.393-0400] {dag.py:3947} INFO - Setting next_dagrun for example_skip_dag to 2024-08-08 00:00:00+00:00, run_after=2024-08-09 00:00:00+00:00
[2024-08-09T13:16:35.399-0400] {processor.py:183} INFO - Processing /Users/jakeliu/we-defend-truth-1/airflow_env/lib/python3.12/site-packages/airflow/example_dags/example_skip_dag.py took 0.048 seconds
[2024-08-09T13:18:18.367-0400] {processor.py:161} INFO - Started process (PID=21855) to work on /Users/jakeliu/we-defend-truth-1/airflow_env/lib/python3.12/site-packages/airflow/example_dags/example_skip_dag.py
[2024-08-09T13:18:18.367-0400] {processor.py:830} INFO - Processing file /Users/jakeliu/we-defend-truth-1/airflow_env/lib/python3.12/site-packages/airflow/example_dags/example_skip_dag.py for tasks to queue
[2024-08-09T13:18:18.367-0400] {logging_mixin.py:188} INFO - [2024-08-09T13:18:18.367-0400] {dagbag.py:545} INFO - Filling up the DagBag from /Users/jakeliu/we-defend-truth-1/airflow_env/lib/python3.12/site-packages/airflow/example_dags/example_skip_dag.py
[2024-08-09T13:18:18.370-0400] {processor.py:840} INFO - DAG(s) 'example_skip_dag' retrieved from /Users/jakeliu/we-defend-truth-1/airflow_env/lib/python3.12/site-packages/airflow/example_dags/example_skip_dag.py
[2024-08-09T13:18:18.401-0400] {logging_mixin.py:188} INFO - [2024-08-09T13:18:18.401-0400] {dag.py:3089} INFO - Sync 1 DAGs
[2024-08-09T13:18:18.407-0400] {logging_mixin.py:188} INFO - [2024-08-09T13:18:18.407-0400] {dag.py:3947} INFO - Setting next_dagrun for example_skip_dag to 2024-08-08 00:00:00+00:00, run_after=2024-08-09 00:00:00+00:00
[2024-08-09T13:18:18.413-0400] {processor.py:183} INFO - Processing /Users/jakeliu/we-defend-truth-1/airflow_env/lib/python3.12/site-packages/airflow/example_dags/example_skip_dag.py took 0.048 seconds
[2024-08-09T13:20:02.194-0400] {processor.py:161} INFO - Started process (PID=21966) to work on /Users/jakeliu/we-defend-truth-1/airflow_env/lib/python3.12/site-packages/airflow/example_dags/example_skip_dag.py
[2024-08-09T13:20:02.195-0400] {processor.py:830} INFO - Processing file /Users/jakeliu/we-defend-truth-1/airflow_env/lib/python3.12/site-packages/airflow/example_dags/example_skip_dag.py for tasks to queue
[2024-08-09T13:20:02.195-0400] {logging_mixin.py:188} INFO - [2024-08-09T13:20:02.195-0400] {dagbag.py:545} INFO - Filling up the DagBag from /Users/jakeliu/we-defend-truth-1/airflow_env/lib/python3.12/site-packages/airflow/example_dags/example_skip_dag.py
[2024-08-09T13:20:02.198-0400] {processor.py:840} INFO - DAG(s) 'example_skip_dag' retrieved from /Users/jakeliu/we-defend-truth-1/airflow_env/lib/python3.12/site-packages/airflow/example_dags/example_skip_dag.py
[2024-08-09T13:20:02.232-0400] {logging_mixin.py:188} INFO - [2024-08-09T13:20:02.232-0400] {dag.py:3089} INFO - Sync 1 DAGs
[2024-08-09T13:20:02.238-0400] {logging_mixin.py:188} INFO - [2024-08-09T13:20:02.238-0400] {dag.py:3947} INFO - Setting next_dagrun for example_skip_dag to 2024-08-08 00:00:00+00:00, run_after=2024-08-09 00:00:00+00:00
[2024-08-09T13:20:02.244-0400] {processor.py:183} INFO - Processing /Users/jakeliu/we-defend-truth-1/airflow_env/lib/python3.12/site-packages/airflow/example_dags/example_skip_dag.py took 0.051 seconds
[2024-08-09T13:21:42.698-0400] {processor.py:161} INFO - Started process (PID=22602) to work on /Users/jakeliu/we-defend-truth-1/airflow_env/lib/python3.12/site-packages/airflow/example_dags/example_skip_dag.py
[2024-08-09T13:21:42.699-0400] {processor.py:830} INFO - Processing file /Users/jakeliu/we-defend-truth-1/airflow_env/lib/python3.12/site-packages/airflow/example_dags/example_skip_dag.py for tasks to queue
[2024-08-09T13:21:42.699-0400] {logging_mixin.py:188} INFO - [2024-08-09T13:21:42.699-0400] {dagbag.py:545} INFO - Filling up the DagBag from /Users/jakeliu/we-defend-truth-1/airflow_env/lib/python3.12/site-packages/airflow/example_dags/example_skip_dag.py
[2024-08-09T13:21:42.703-0400] {processor.py:840} INFO - DAG(s) 'example_skip_dag' retrieved from /Users/jakeliu/we-defend-truth-1/airflow_env/lib/python3.12/site-packages/airflow/example_dags/example_skip_dag.py
[2024-08-09T13:21:42.739-0400] {logging_mixin.py:188} INFO - [2024-08-09T13:21:42.738-0400] {dag.py:3089} INFO - Sync 1 DAGs
[2024-08-09T13:21:42.745-0400] {logging_mixin.py:188} INFO - [2024-08-09T13:21:42.745-0400] {dag.py:3947} INFO - Setting next_dagrun for example_skip_dag to 2024-08-08 00:00:00+00:00, run_after=2024-08-09 00:00:00+00:00
[2024-08-09T13:21:42.753-0400] {processor.py:183} INFO - Processing /Users/jakeliu/we-defend-truth-1/airflow_env/lib/python3.12/site-packages/airflow/example_dags/example_skip_dag.py took 0.055 seconds
[2024-08-09T13:23:25.446-0400] {processor.py:161} INFO - Started process (PID=22706) to work on /Users/jakeliu/we-defend-truth-1/airflow_env/lib/python3.12/site-packages/airflow/example_dags/example_skip_dag.py
[2024-08-09T13:23:25.447-0400] {processor.py:830} INFO - Processing file /Users/jakeliu/we-defend-truth-1/airflow_env/lib/python3.12/site-packages/airflow/example_dags/example_skip_dag.py for tasks to queue
[2024-08-09T13:23:25.447-0400] {logging_mixin.py:188} INFO - [2024-08-09T13:23:25.447-0400] {dagbag.py:545} INFO - Filling up the DagBag from /Users/jakeliu/we-defend-truth-1/airflow_env/lib/python3.12/site-packages/airflow/example_dags/example_skip_dag.py
[2024-08-09T13:23:25.450-0400] {processor.py:840} INFO - DAG(s) 'example_skip_dag' retrieved from /Users/jakeliu/we-defend-truth-1/airflow_env/lib/python3.12/site-packages/airflow/example_dags/example_skip_dag.py
[2024-08-09T13:23:25.480-0400] {logging_mixin.py:188} INFO - [2024-08-09T13:23:25.480-0400] {dag.py:3089} INFO - Sync 1 DAGs
[2024-08-09T13:23:25.486-0400] {logging_mixin.py:188} INFO - [2024-08-09T13:23:25.486-0400] {dag.py:3947} INFO - Setting next_dagrun for example_skip_dag to 2024-08-08 00:00:00+00:00, run_after=2024-08-09 00:00:00+00:00
[2024-08-09T13:23:25.492-0400] {processor.py:183} INFO - Processing /Users/jakeliu/we-defend-truth-1/airflow_env/lib/python3.12/site-packages/airflow/example_dags/example_skip_dag.py took 0.047 seconds
[2024-08-09T13:25:12.122-0400] {processor.py:161} INFO - Started process (PID=22835) to work on /Users/jakeliu/we-defend-truth-1/airflow_env/lib/python3.12/site-packages/airflow/example_dags/example_skip_dag.py
[2024-08-09T13:25:12.123-0400] {processor.py:830} INFO - Processing file /Users/jakeliu/we-defend-truth-1/airflow_env/lib/python3.12/site-packages/airflow/example_dags/example_skip_dag.py for tasks to queue
[2024-08-09T13:25:12.123-0400] {logging_mixin.py:188} INFO - [2024-08-09T13:25:12.123-0400] {dagbag.py:545} INFO - Filling up the DagBag from /Users/jakeliu/we-defend-truth-1/airflow_env/lib/python3.12/site-packages/airflow/example_dags/example_skip_dag.py
[2024-08-09T13:25:12.126-0400] {processor.py:840} INFO - DAG(s) 'example_skip_dag' retrieved from /Users/jakeliu/we-defend-truth-1/airflow_env/lib/python3.12/site-packages/airflow/example_dags/example_skip_dag.py
[2024-08-09T13:25:12.158-0400] {logging_mixin.py:188} INFO - [2024-08-09T13:25:12.158-0400] {dag.py:3089} INFO - Sync 1 DAGs
[2024-08-09T13:25:12.163-0400] {logging_mixin.py:188} INFO - [2024-08-09T13:25:12.163-0400] {dag.py:3947} INFO - Setting next_dagrun for example_skip_dag to 2024-08-08 00:00:00+00:00, run_after=2024-08-09 00:00:00+00:00
[2024-08-09T13:25:12.170-0400] {processor.py:183} INFO - Processing /Users/jakeliu/we-defend-truth-1/airflow_env/lib/python3.12/site-packages/airflow/example_dags/example_skip_dag.py took 0.048 seconds
[2024-08-09T13:27:09.580-0400] {processor.py:161} INFO - Started process (PID=22944) to work on /Users/jakeliu/we-defend-truth-1/airflow_env/lib/python3.12/site-packages/airflow/example_dags/example_skip_dag.py
[2024-08-09T13:27:09.581-0400] {processor.py:830} INFO - Processing file /Users/jakeliu/we-defend-truth-1/airflow_env/lib/python3.12/site-packages/airflow/example_dags/example_skip_dag.py for tasks to queue
[2024-08-09T13:27:09.581-0400] {logging_mixin.py:188} INFO - [2024-08-09T13:27:09.581-0400] {dagbag.py:545} INFO - Filling up the DagBag from /Users/jakeliu/we-defend-truth-1/airflow_env/lib/python3.12/site-packages/airflow/example_dags/example_skip_dag.py
[2024-08-09T13:27:09.584-0400] {processor.py:840} INFO - DAG(s) 'example_skip_dag' retrieved from /Users/jakeliu/we-defend-truth-1/airflow_env/lib/python3.12/site-packages/airflow/example_dags/example_skip_dag.py
[2024-08-09T13:27:09.617-0400] {logging_mixin.py:188} INFO - [2024-08-09T13:27:09.617-0400] {dag.py:3089} INFO - Sync 1 DAGs
[2024-08-09T13:27:09.622-0400] {logging_mixin.py:188} INFO - [2024-08-09T13:27:09.622-0400] {dag.py:3947} INFO - Setting next_dagrun for example_skip_dag to 2024-08-08 00:00:00+00:00, run_after=2024-08-09 00:00:00+00:00
[2024-08-09T13:27:09.628-0400] {processor.py:183} INFO - Processing /Users/jakeliu/we-defend-truth-1/airflow_env/lib/python3.12/site-packages/airflow/example_dags/example_skip_dag.py took 0.049 seconds
