[2024-08-09T13:05:07.137-0400] {processor.py:161} INFO - Started process (PID=20929) to work on /Users/jakeliu/we-defend-truth-1/airflow_env/lib/python3.12/site-packages/airflow/example_dags/example_branch_day_of_week_operator.py
[2024-08-09T13:05:07.138-0400] {processor.py:830} INFO - Processing file /Users/jakeliu/we-defend-truth-1/airflow_env/lib/python3.12/site-packages/airflow/example_dags/example_branch_day_of_week_operator.py for tasks to queue
[2024-08-09T13:05:07.138-0400] {logging_mixin.py:188} INFO - [2024-08-09T13:05:07.138-0400] {dagbag.py:545} INFO - Filling up the DagBag from /Users/jakeliu/we-defend-truth-1/airflow_env/lib/python3.12/site-packages/airflow/example_dags/example_branch_day_of_week_operator.py
[2024-08-09T13:05:07.143-0400] {processor.py:840} INFO - DAG(s) 'example_weekday_branch_operator' retrieved from /Users/jakeliu/we-defend-truth-1/airflow_env/lib/python3.12/site-packages/airflow/example_dags/example_branch_day_of_week_operator.py
[2024-08-09T13:05:07.200-0400] {logging_mixin.py:188} INFO - [2024-08-09T13:05:07.200-0400] {dag.py:3089} INFO - Sync 1 DAGs
[2024-08-09T13:05:07.205-0400] {logging_mixin.py:188} INFO - [2024-08-09T13:05:07.205-0400] {dag.py:3947} INFO - Setting next_dagrun for example_weekday_branch_operator to 2024-08-08 00:00:00+00:00, run_after=2024-08-09 00:00:00+00:00
[2024-08-09T13:05:07.212-0400] {processor.py:183} INFO - Processing /Users/jakeliu/we-defend-truth-1/airflow_env/lib/python3.12/site-packages/airflow/example_dags/example_branch_day_of_week_operator.py took 0.076 seconds
[2024-08-09T13:06:54.762-0400] {processor.py:161} INFO - Started process (PID=21081) to work on /Users/jakeliu/we-defend-truth-1/airflow_env/lib/python3.12/site-packages/airflow/example_dags/example_branch_day_of_week_operator.py
[2024-08-09T13:06:54.763-0400] {processor.py:830} INFO - Processing file /Users/jakeliu/we-defend-truth-1/airflow_env/lib/python3.12/site-packages/airflow/example_dags/example_branch_day_of_week_operator.py for tasks to queue
[2024-08-09T13:06:54.763-0400] {logging_mixin.py:188} INFO - [2024-08-09T13:06:54.763-0400] {dagbag.py:545} INFO - Filling up the DagBag from /Users/jakeliu/we-defend-truth-1/airflow_env/lib/python3.12/site-packages/airflow/example_dags/example_branch_day_of_week_operator.py
[2024-08-09T13:06:54.767-0400] {processor.py:840} INFO - DAG(s) 'example_weekday_branch_operator' retrieved from /Users/jakeliu/we-defend-truth-1/airflow_env/lib/python3.12/site-packages/airflow/example_dags/example_branch_day_of_week_operator.py
[2024-08-09T13:06:54.798-0400] {logging_mixin.py:188} INFO - [2024-08-09T13:06:54.798-0400] {dag.py:3089} INFO - Sync 1 DAGs
[2024-08-09T13:06:54.804-0400] {logging_mixin.py:188} INFO - [2024-08-09T13:06:54.804-0400] {dag.py:3947} INFO - Setting next_dagrun for example_weekday_branch_operator to 2024-08-08 00:00:00+00:00, run_after=2024-08-09 00:00:00+00:00
[2024-08-09T13:06:54.810-0400] {processor.py:183} INFO - Processing /Users/jakeliu/we-defend-truth-1/airflow_env/lib/python3.12/site-packages/airflow/example_dags/example_branch_day_of_week_operator.py took 0.049 seconds
[2024-08-09T13:08:38.319-0400] {processor.py:161} INFO - Started process (PID=21200) to work on /Users/jakeliu/we-defend-truth-1/airflow_env/lib/python3.12/site-packages/airflow/example_dags/example_branch_day_of_week_operator.py
[2024-08-09T13:08:38.320-0400] {processor.py:830} INFO - Processing file /Users/jakeliu/we-defend-truth-1/airflow_env/lib/python3.12/site-packages/airflow/example_dags/example_branch_day_of_week_operator.py for tasks to queue
[2024-08-09T13:08:38.320-0400] {logging_mixin.py:188} INFO - [2024-08-09T13:08:38.320-0400] {dagbag.py:545} INFO - Filling up the DagBag from /Users/jakeliu/we-defend-truth-1/airflow_env/lib/python3.12/site-packages/airflow/example_dags/example_branch_day_of_week_operator.py
[2024-08-09T13:08:38.325-0400] {processor.py:840} INFO - DAG(s) 'example_weekday_branch_operator' retrieved from /Users/jakeliu/we-defend-truth-1/airflow_env/lib/python3.12/site-packages/airflow/example_dags/example_branch_day_of_week_operator.py
[2024-08-09T13:08:38.360-0400] {logging_mixin.py:188} INFO - [2024-08-09T13:08:38.360-0400] {dag.py:3089} INFO - Sync 1 DAGs
[2024-08-09T13:08:38.366-0400] {logging_mixin.py:188} INFO - [2024-08-09T13:08:38.366-0400] {dag.py:3947} INFO - Setting next_dagrun for example_weekday_branch_operator to 2024-08-08 00:00:00+00:00, run_after=2024-08-09 00:00:00+00:00
[2024-08-09T13:08:38.373-0400] {processor.py:183} INFO - Processing /Users/jakeliu/we-defend-truth-1/airflow_env/lib/python3.12/site-packages/airflow/example_dags/example_branch_day_of_week_operator.py took 0.055 seconds
[2024-08-09T13:10:20.027-0400] {processor.py:161} INFO - Started process (PID=21314) to work on /Users/jakeliu/we-defend-truth-1/airflow_env/lib/python3.12/site-packages/airflow/example_dags/example_branch_day_of_week_operator.py
[2024-08-09T13:10:20.028-0400] {processor.py:830} INFO - Processing file /Users/jakeliu/we-defend-truth-1/airflow_env/lib/python3.12/site-packages/airflow/example_dags/example_branch_day_of_week_operator.py for tasks to queue
[2024-08-09T13:10:20.028-0400] {logging_mixin.py:188} INFO - [2024-08-09T13:10:20.028-0400] {dagbag.py:545} INFO - Filling up the DagBag from /Users/jakeliu/we-defend-truth-1/airflow_env/lib/python3.12/site-packages/airflow/example_dags/example_branch_day_of_week_operator.py
[2024-08-09T13:10:20.032-0400] {processor.py:840} INFO - DAG(s) 'example_weekday_branch_operator' retrieved from /Users/jakeliu/we-defend-truth-1/airflow_env/lib/python3.12/site-packages/airflow/example_dags/example_branch_day_of_week_operator.py
[2024-08-09T13:10:20.064-0400] {logging_mixin.py:188} INFO - [2024-08-09T13:10:20.064-0400] {dag.py:3089} INFO - Sync 1 DAGs
[2024-08-09T13:10:20.070-0400] {logging_mixin.py:188} INFO - [2024-08-09T13:10:20.070-0400] {dag.py:3947} INFO - Setting next_dagrun for example_weekday_branch_operator to 2024-08-08 00:00:00+00:00, run_after=2024-08-09 00:00:00+00:00
[2024-08-09T13:10:20.077-0400] {processor.py:183} INFO - Processing /Users/jakeliu/we-defend-truth-1/airflow_env/lib/python3.12/site-packages/airflow/example_dags/example_branch_day_of_week_operator.py took 0.051 seconds
[2024-08-09T13:12:04.849-0400] {processor.py:161} INFO - Started process (PID=21421) to work on /Users/jakeliu/we-defend-truth-1/airflow_env/lib/python3.12/site-packages/airflow/example_dags/example_branch_day_of_week_operator.py
[2024-08-09T13:12:04.850-0400] {processor.py:830} INFO - Processing file /Users/jakeliu/we-defend-truth-1/airflow_env/lib/python3.12/site-packages/airflow/example_dags/example_branch_day_of_week_operator.py for tasks to queue
[2024-08-09T13:12:04.850-0400] {logging_mixin.py:188} INFO - [2024-08-09T13:12:04.850-0400] {dagbag.py:545} INFO - Filling up the DagBag from /Users/jakeliu/we-defend-truth-1/airflow_env/lib/python3.12/site-packages/airflow/example_dags/example_branch_day_of_week_operator.py
[2024-08-09T13:12:04.854-0400] {processor.py:840} INFO - DAG(s) 'example_weekday_branch_operator' retrieved from /Users/jakeliu/we-defend-truth-1/airflow_env/lib/python3.12/site-packages/airflow/example_dags/example_branch_day_of_week_operator.py
[2024-08-09T13:12:04.885-0400] {logging_mixin.py:188} INFO - [2024-08-09T13:12:04.885-0400] {dag.py:3089} INFO - Sync 1 DAGs
[2024-08-09T13:12:04.891-0400] {logging_mixin.py:188} INFO - [2024-08-09T13:12:04.891-0400] {dag.py:3947} INFO - Setting next_dagrun for example_weekday_branch_operator to 2024-08-08 00:00:00+00:00, run_after=2024-08-09 00:00:00+00:00
[2024-08-09T13:12:04.897-0400] {processor.py:183} INFO - Processing /Users/jakeliu/we-defend-truth-1/airflow_env/lib/python3.12/site-packages/airflow/example_dags/example_branch_day_of_week_operator.py took 0.049 seconds
[2024-08-09T13:13:58.824-0400] {processor.py:161} INFO - Started process (PID=21520) to work on /Users/jakeliu/we-defend-truth-1/airflow_env/lib/python3.12/site-packages/airflow/example_dags/example_branch_day_of_week_operator.py
[2024-08-09T13:13:58.825-0400] {processor.py:830} INFO - Processing file /Users/jakeliu/we-defend-truth-1/airflow_env/lib/python3.12/site-packages/airflow/example_dags/example_branch_day_of_week_operator.py for tasks to queue
[2024-08-09T13:13:58.826-0400] {logging_mixin.py:188} INFO - [2024-08-09T13:13:58.826-0400] {dagbag.py:545} INFO - Filling up the DagBag from /Users/jakeliu/we-defend-truth-1/airflow_env/lib/python3.12/site-packages/airflow/example_dags/example_branch_day_of_week_operator.py
[2024-08-09T13:13:58.830-0400] {processor.py:840} INFO - DAG(s) 'example_weekday_branch_operator' retrieved from /Users/jakeliu/we-defend-truth-1/airflow_env/lib/python3.12/site-packages/airflow/example_dags/example_branch_day_of_week_operator.py
[2024-08-09T13:13:58.862-0400] {logging_mixin.py:188} INFO - [2024-08-09T13:13:58.862-0400] {dag.py:3089} INFO - Sync 1 DAGs
[2024-08-09T13:13:58.868-0400] {logging_mixin.py:188} INFO - [2024-08-09T13:13:58.868-0400] {dag.py:3947} INFO - Setting next_dagrun for example_weekday_branch_operator to 2024-08-08 00:00:00+00:00, run_after=2024-08-09 00:00:00+00:00
[2024-08-09T13:13:58.874-0400] {processor.py:183} INFO - Processing /Users/jakeliu/we-defend-truth-1/airflow_env/lib/python3.12/site-packages/airflow/example_dags/example_branch_day_of_week_operator.py took 0.051 seconds
[2024-08-09T13:15:55.997-0400] {processor.py:161} INFO - Started process (PID=21633) to work on /Users/jakeliu/we-defend-truth-1/airflow_env/lib/python3.12/site-packages/airflow/example_dags/example_branch_day_of_week_operator.py
[2024-08-09T13:15:55.998-0400] {processor.py:830} INFO - Processing file /Users/jakeliu/we-defend-truth-1/airflow_env/lib/python3.12/site-packages/airflow/example_dags/example_branch_day_of_week_operator.py for tasks to queue
[2024-08-09T13:15:55.998-0400] {logging_mixin.py:188} INFO - [2024-08-09T13:15:55.998-0400] {dagbag.py:545} INFO - Filling up the DagBag from /Users/jakeliu/we-defend-truth-1/airflow_env/lib/python3.12/site-packages/airflow/example_dags/example_branch_day_of_week_operator.py
[2024-08-09T13:15:56.003-0400] {processor.py:840} INFO - DAG(s) 'example_weekday_branch_operator' retrieved from /Users/jakeliu/we-defend-truth-1/airflow_env/lib/python3.12/site-packages/airflow/example_dags/example_branch_day_of_week_operator.py
[2024-08-09T13:15:56.033-0400] {logging_mixin.py:188} INFO - [2024-08-09T13:15:56.033-0400] {dag.py:3089} INFO - Sync 1 DAGs
[2024-08-09T13:15:56.039-0400] {logging_mixin.py:188} INFO - [2024-08-09T13:15:56.039-0400] {dag.py:3947} INFO - Setting next_dagrun for example_weekday_branch_operator to 2024-08-08 00:00:00+00:00, run_after=2024-08-09 00:00:00+00:00
[2024-08-09T13:15:56.045-0400] {processor.py:183} INFO - Processing /Users/jakeliu/we-defend-truth-1/airflow_env/lib/python3.12/site-packages/airflow/example_dags/example_branch_day_of_week_operator.py took 0.049 seconds
[2024-08-09T13:17:45.499-0400] {processor.py:161} INFO - Started process (PID=21820) to work on /Users/jakeliu/we-defend-truth-1/airflow_env/lib/python3.12/site-packages/airflow/example_dags/example_branch_day_of_week_operator.py
[2024-08-09T13:17:45.500-0400] {processor.py:830} INFO - Processing file /Users/jakeliu/we-defend-truth-1/airflow_env/lib/python3.12/site-packages/airflow/example_dags/example_branch_day_of_week_operator.py for tasks to queue
[2024-08-09T13:17:45.500-0400] {logging_mixin.py:188} INFO - [2024-08-09T13:17:45.500-0400] {dagbag.py:545} INFO - Filling up the DagBag from /Users/jakeliu/we-defend-truth-1/airflow_env/lib/python3.12/site-packages/airflow/example_dags/example_branch_day_of_week_operator.py
[2024-08-09T13:17:45.504-0400] {processor.py:840} INFO - DAG(s) 'example_weekday_branch_operator' retrieved from /Users/jakeliu/we-defend-truth-1/airflow_env/lib/python3.12/site-packages/airflow/example_dags/example_branch_day_of_week_operator.py
[2024-08-09T13:17:45.536-0400] {logging_mixin.py:188} INFO - [2024-08-09T13:17:45.536-0400] {dag.py:3089} INFO - Sync 1 DAGs
[2024-08-09T13:17:45.542-0400] {logging_mixin.py:188} INFO - [2024-08-09T13:17:45.542-0400] {dag.py:3947} INFO - Setting next_dagrun for example_weekday_branch_operator to 2024-08-08 00:00:00+00:00, run_after=2024-08-09 00:00:00+00:00
[2024-08-09T13:17:45.549-0400] {processor.py:183} INFO - Processing /Users/jakeliu/we-defend-truth-1/airflow_env/lib/python3.12/site-packages/airflow/example_dags/example_branch_day_of_week_operator.py took 0.051 seconds
[2024-08-09T13:19:26.410-0400] {processor.py:161} INFO - Started process (PID=21915) to work on /Users/jakeliu/we-defend-truth-1/airflow_env/lib/python3.12/site-packages/airflow/example_dags/example_branch_day_of_week_operator.py
[2024-08-09T13:19:26.413-0400] {processor.py:830} INFO - Processing file /Users/jakeliu/we-defend-truth-1/airflow_env/lib/python3.12/site-packages/airflow/example_dags/example_branch_day_of_week_operator.py for tasks to queue
[2024-08-09T13:19:26.413-0400] {logging_mixin.py:188} INFO - [2024-08-09T13:19:26.413-0400] {dagbag.py:545} INFO - Filling up the DagBag from /Users/jakeliu/we-defend-truth-1/airflow_env/lib/python3.12/site-packages/airflow/example_dags/example_branch_day_of_week_operator.py
[2024-08-09T13:19:26.417-0400] {processor.py:840} INFO - DAG(s) 'example_weekday_branch_operator' retrieved from /Users/jakeliu/we-defend-truth-1/airflow_env/lib/python3.12/site-packages/airflow/example_dags/example_branch_day_of_week_operator.py
[2024-08-09T13:19:26.450-0400] {logging_mixin.py:188} INFO - [2024-08-09T13:19:26.450-0400] {dag.py:3089} INFO - Sync 1 DAGs
[2024-08-09T13:19:26.456-0400] {logging_mixin.py:188} INFO - [2024-08-09T13:19:26.456-0400] {dag.py:3947} INFO - Setting next_dagrun for example_weekday_branch_operator to 2024-08-08 00:00:00+00:00, run_after=2024-08-09 00:00:00+00:00
[2024-08-09T13:19:26.462-0400] {processor.py:183} INFO - Processing /Users/jakeliu/we-defend-truth-1/airflow_env/lib/python3.12/site-packages/airflow/example_dags/example_branch_day_of_week_operator.py took 0.053 seconds
[2024-08-09T13:21:07.924-0400] {processor.py:161} INFO - Started process (PID=22573) to work on /Users/jakeliu/we-defend-truth-1/airflow_env/lib/python3.12/site-packages/airflow/example_dags/example_branch_day_of_week_operator.py
[2024-08-09T13:21:07.925-0400] {processor.py:830} INFO - Processing file /Users/jakeliu/we-defend-truth-1/airflow_env/lib/python3.12/site-packages/airflow/example_dags/example_branch_day_of_week_operator.py for tasks to queue
[2024-08-09T13:21:07.925-0400] {logging_mixin.py:188} INFO - [2024-08-09T13:21:07.925-0400] {dagbag.py:545} INFO - Filling up the DagBag from /Users/jakeliu/we-defend-truth-1/airflow_env/lib/python3.12/site-packages/airflow/example_dags/example_branch_day_of_week_operator.py
[2024-08-09T13:21:07.929-0400] {processor.py:840} INFO - DAG(s) 'example_weekday_branch_operator' retrieved from /Users/jakeliu/we-defend-truth-1/airflow_env/lib/python3.12/site-packages/airflow/example_dags/example_branch_day_of_week_operator.py
[2024-08-09T13:21:07.962-0400] {logging_mixin.py:188} INFO - [2024-08-09T13:21:07.962-0400] {dag.py:3089} INFO - Sync 1 DAGs
[2024-08-09T13:21:07.968-0400] {logging_mixin.py:188} INFO - [2024-08-09T13:21:07.968-0400] {dag.py:3947} INFO - Setting next_dagrun for example_weekday_branch_operator to 2024-08-08 00:00:00+00:00, run_after=2024-08-09 00:00:00+00:00
[2024-08-09T13:21:07.974-0400] {processor.py:183} INFO - Processing /Users/jakeliu/we-defend-truth-1/airflow_env/lib/python3.12/site-packages/airflow/example_dags/example_branch_day_of_week_operator.py took 0.051 seconds
[2024-08-09T13:22:51.805-0400] {processor.py:161} INFO - Started process (PID=22681) to work on /Users/jakeliu/we-defend-truth-1/airflow_env/lib/python3.12/site-packages/airflow/example_dags/example_branch_day_of_week_operator.py
[2024-08-09T13:22:51.806-0400] {processor.py:830} INFO - Processing file /Users/jakeliu/we-defend-truth-1/airflow_env/lib/python3.12/site-packages/airflow/example_dags/example_branch_day_of_week_operator.py for tasks to queue
[2024-08-09T13:22:51.806-0400] {logging_mixin.py:188} INFO - [2024-08-09T13:22:51.806-0400] {dagbag.py:545} INFO - Filling up the DagBag from /Users/jakeliu/we-defend-truth-1/airflow_env/lib/python3.12/site-packages/airflow/example_dags/example_branch_day_of_week_operator.py
[2024-08-09T13:22:51.811-0400] {processor.py:840} INFO - DAG(s) 'example_weekday_branch_operator' retrieved from /Users/jakeliu/we-defend-truth-1/airflow_env/lib/python3.12/site-packages/airflow/example_dags/example_branch_day_of_week_operator.py
[2024-08-09T13:22:51.842-0400] {logging_mixin.py:188} INFO - [2024-08-09T13:22:51.842-0400] {dag.py:3089} INFO - Sync 1 DAGs
[2024-08-09T13:22:51.847-0400] {logging_mixin.py:188} INFO - [2024-08-09T13:22:51.847-0400] {dag.py:3947} INFO - Setting next_dagrun for example_weekday_branch_operator to 2024-08-08 00:00:00+00:00, run_after=2024-08-09 00:00:00+00:00
[2024-08-09T13:22:51.853-0400] {processor.py:183} INFO - Processing /Users/jakeliu/we-defend-truth-1/airflow_env/lib/python3.12/site-packages/airflow/example_dags/example_branch_day_of_week_operator.py took 0.050 seconds
[2024-08-09T13:24:33.960-0400] {processor.py:161} INFO - Started process (PID=22789) to work on /Users/jakeliu/we-defend-truth-1/airflow_env/lib/python3.12/site-packages/airflow/example_dags/example_branch_day_of_week_operator.py
[2024-08-09T13:24:33.961-0400] {processor.py:830} INFO - Processing file /Users/jakeliu/we-defend-truth-1/airflow_env/lib/python3.12/site-packages/airflow/example_dags/example_branch_day_of_week_operator.py for tasks to queue
[2024-08-09T13:24:33.961-0400] {logging_mixin.py:188} INFO - [2024-08-09T13:24:33.961-0400] {dagbag.py:545} INFO - Filling up the DagBag from /Users/jakeliu/we-defend-truth-1/airflow_env/lib/python3.12/site-packages/airflow/example_dags/example_branch_day_of_week_operator.py
[2024-08-09T13:24:33.966-0400] {processor.py:840} INFO - DAG(s) 'example_weekday_branch_operator' retrieved from /Users/jakeliu/we-defend-truth-1/airflow_env/lib/python3.12/site-packages/airflow/example_dags/example_branch_day_of_week_operator.py
[2024-08-09T13:24:34.002-0400] {logging_mixin.py:188} INFO - [2024-08-09T13:24:34.002-0400] {dag.py:3089} INFO - Sync 1 DAGs
[2024-08-09T13:24:34.008-0400] {logging_mixin.py:188} INFO - [2024-08-09T13:24:34.008-0400] {dag.py:3947} INFO - Setting next_dagrun for example_weekday_branch_operator to 2024-08-08 00:00:00+00:00, run_after=2024-08-09 00:00:00+00:00
[2024-08-09T13:24:34.015-0400] {processor.py:183} INFO - Processing /Users/jakeliu/we-defend-truth-1/airflow_env/lib/python3.12/site-packages/airflow/example_dags/example_branch_day_of_week_operator.py took 0.056 seconds
[2024-08-09T13:26:30.004-0400] {processor.py:161} INFO - Started process (PID=22912) to work on /Users/jakeliu/we-defend-truth-1/airflow_env/lib/python3.12/site-packages/airflow/example_dags/example_branch_day_of_week_operator.py
[2024-08-09T13:26:30.005-0400] {processor.py:830} INFO - Processing file /Users/jakeliu/we-defend-truth-1/airflow_env/lib/python3.12/site-packages/airflow/example_dags/example_branch_day_of_week_operator.py for tasks to queue
[2024-08-09T13:26:30.005-0400] {logging_mixin.py:188} INFO - [2024-08-09T13:26:30.005-0400] {dagbag.py:545} INFO - Filling up the DagBag from /Users/jakeliu/we-defend-truth-1/airflow_env/lib/python3.12/site-packages/airflow/example_dags/example_branch_day_of_week_operator.py
[2024-08-09T13:26:30.009-0400] {processor.py:840} INFO - DAG(s) 'example_weekday_branch_operator' retrieved from /Users/jakeliu/we-defend-truth-1/airflow_env/lib/python3.12/site-packages/airflow/example_dags/example_branch_day_of_week_operator.py
[2024-08-09T13:26:30.040-0400] {logging_mixin.py:188} INFO - [2024-08-09T13:26:30.040-0400] {dag.py:3089} INFO - Sync 1 DAGs
[2024-08-09T13:26:30.046-0400] {logging_mixin.py:188} INFO - [2024-08-09T13:26:30.046-0400] {dag.py:3947} INFO - Setting next_dagrun for example_weekday_branch_operator to 2024-08-08 00:00:00+00:00, run_after=2024-08-09 00:00:00+00:00
[2024-08-09T13:26:30.052-0400] {processor.py:183} INFO - Processing /Users/jakeliu/we-defend-truth-1/airflow_env/lib/python3.12/site-packages/airflow/example_dags/example_branch_day_of_week_operator.py took 0.048 seconds
