[2024-08-09T13:04:37.416-0400] {processor.py:161} INFO - Started process (PID=20911) to work on /Users/jakeliu/we-defend-truth-1/airflow_env/lib/python3.12/site-packages/airflow/example_dags/example_params_ui_tutorial.py
[2024-08-09T13:04:37.416-0400] {processor.py:830} INFO - Processing file /Users/jakeliu/we-defend-truth-1/airflow_env/lib/python3.12/site-packages/airflow/example_dags/example_params_ui_tutorial.py for tasks to queue
[2024-08-09T13:04:37.417-0400] {logging_mixin.py:188} INFO - [2024-08-09T13:04:37.417-0400] {dagbag.py:545} INFO - Filling up the DagBag from /Users/jakeliu/we-defend-truth-1/airflow_env/lib/python3.12/site-packages/airflow/example_dags/example_params_ui_tutorial.py
[2024-08-09T13:04:37.431-0400] {processor.py:840} INFO - DAG(s) 'example_params_ui_tutorial' retrieved from /Users/jakeliu/we-defend-truth-1/airflow_env/lib/python3.12/site-packages/airflow/example_dags/example_params_ui_tutorial.py
[2024-08-09T13:04:37.499-0400] {logging_mixin.py:188} INFO - [2024-08-09T13:04:37.499-0400] {dag.py:3089} INFO - Sync 1 DAGs
[2024-08-09T13:04:37.502-0400] {logging_mixin.py:188} INFO - [2024-08-09T13:04:37.502-0400] {dag.py:3947} INFO - Setting next_dagrun for example_params_ui_tutorial to None, run_after=None
[2024-08-09T13:04:37.509-0400] {processor.py:183} INFO - Processing /Users/jakeliu/we-defend-truth-1/airflow_env/lib/python3.12/site-packages/airflow/example_dags/example_params_ui_tutorial.py took 0.094 seconds
[2024-08-09T13:06:02.096-0400] {processor.py:161} INFO - Started process (PID=21003) to work on /Users/jakeliu/we-defend-truth-1/airflow_env/lib/python3.12/site-packages/airflow/example_dags/example_params_ui_tutorial.py
[2024-08-09T13:06:02.097-0400] {processor.py:830} INFO - Processing file /Users/jakeliu/we-defend-truth-1/airflow_env/lib/python3.12/site-packages/airflow/example_dags/example_params_ui_tutorial.py for tasks to queue
[2024-08-09T13:06:02.097-0400] {logging_mixin.py:188} INFO - [2024-08-09T13:06:02.097-0400] {dagbag.py:545} INFO - Filling up the DagBag from /Users/jakeliu/we-defend-truth-1/airflow_env/lib/python3.12/site-packages/airflow/example_dags/example_params_ui_tutorial.py
[2024-08-09T13:06:02.112-0400] {processor.py:840} INFO - DAG(s) 'example_params_ui_tutorial' retrieved from /Users/jakeliu/we-defend-truth-1/airflow_env/lib/python3.12/site-packages/airflow/example_dags/example_params_ui_tutorial.py
[2024-08-09T13:06:02.152-0400] {logging_mixin.py:188} INFO - [2024-08-09T13:06:02.152-0400] {dag.py:3089} INFO - Sync 1 DAGs
[2024-08-09T13:06:02.155-0400] {logging_mixin.py:188} INFO - [2024-08-09T13:06:02.155-0400] {dag.py:3947} INFO - Setting next_dagrun for example_params_ui_tutorial to None, run_after=None
[2024-08-09T13:06:02.161-0400] {processor.py:183} INFO - Processing /Users/jakeliu/we-defend-truth-1/airflow_env/lib/python3.12/site-packages/airflow/example_dags/example_params_ui_tutorial.py took 0.067 seconds
[2024-08-09T13:07:48.855-0400] {processor.py:161} INFO - Started process (PID=21154) to work on /Users/jakeliu/we-defend-truth-1/airflow_env/lib/python3.12/site-packages/airflow/example_dags/example_params_ui_tutorial.py
[2024-08-09T13:07:48.856-0400] {processor.py:830} INFO - Processing file /Users/jakeliu/we-defend-truth-1/airflow_env/lib/python3.12/site-packages/airflow/example_dags/example_params_ui_tutorial.py for tasks to queue
[2024-08-09T13:07:48.856-0400] {logging_mixin.py:188} INFO - [2024-08-09T13:07:48.856-0400] {dagbag.py:545} INFO - Filling up the DagBag from /Users/jakeliu/we-defend-truth-1/airflow_env/lib/python3.12/site-packages/airflow/example_dags/example_params_ui_tutorial.py
[2024-08-09T13:07:48.872-0400] {processor.py:840} INFO - DAG(s) 'example_params_ui_tutorial' retrieved from /Users/jakeliu/we-defend-truth-1/airflow_env/lib/python3.12/site-packages/airflow/example_dags/example_params_ui_tutorial.py
[2024-08-09T13:07:48.912-0400] {logging_mixin.py:188} INFO - [2024-08-09T13:07:48.912-0400] {dag.py:3089} INFO - Sync 1 DAGs
[2024-08-09T13:07:48.915-0400] {logging_mixin.py:188} INFO - [2024-08-09T13:07:48.915-0400] {dag.py:3947} INFO - Setting next_dagrun for example_params_ui_tutorial to None, run_after=None
[2024-08-09T13:07:48.922-0400] {processor.py:183} INFO - Processing /Users/jakeliu/we-defend-truth-1/airflow_env/lib/python3.12/site-packages/airflow/example_dags/example_params_ui_tutorial.py took 0.068 seconds
[2024-08-09T13:09:28.137-0400] {processor.py:161} INFO - Started process (PID=21271) to work on /Users/jakeliu/we-defend-truth-1/airflow_env/lib/python3.12/site-packages/airflow/example_dags/example_params_ui_tutorial.py
[2024-08-09T13:09:28.137-0400] {processor.py:830} INFO - Processing file /Users/jakeliu/we-defend-truth-1/airflow_env/lib/python3.12/site-packages/airflow/example_dags/example_params_ui_tutorial.py for tasks to queue
[2024-08-09T13:09:28.138-0400] {logging_mixin.py:188} INFO - [2024-08-09T13:09:28.138-0400] {dagbag.py:545} INFO - Filling up the DagBag from /Users/jakeliu/we-defend-truth-1/airflow_env/lib/python3.12/site-packages/airflow/example_dags/example_params_ui_tutorial.py
[2024-08-09T13:09:28.152-0400] {processor.py:840} INFO - DAG(s) 'example_params_ui_tutorial' retrieved from /Users/jakeliu/we-defend-truth-1/airflow_env/lib/python3.12/site-packages/airflow/example_dags/example_params_ui_tutorial.py
[2024-08-09T13:09:28.189-0400] {logging_mixin.py:188} INFO - [2024-08-09T13:09:28.189-0400] {dag.py:3089} INFO - Sync 1 DAGs
[2024-08-09T13:09:28.192-0400] {logging_mixin.py:188} INFO - [2024-08-09T13:09:28.192-0400] {dag.py:3947} INFO - Setting next_dagrun for example_params_ui_tutorial to None, run_after=None
[2024-08-09T13:09:28.197-0400] {processor.py:183} INFO - Processing /Users/jakeliu/we-defend-truth-1/airflow_env/lib/python3.12/site-packages/airflow/example_dags/example_params_ui_tutorial.py took 0.062 seconds
[2024-08-09T13:11:11.688-0400] {processor.py:161} INFO - Started process (PID=21373) to work on /Users/jakeliu/we-defend-truth-1/airflow_env/lib/python3.12/site-packages/airflow/example_dags/example_params_ui_tutorial.py
[2024-08-09T13:11:11.689-0400] {processor.py:830} INFO - Processing file /Users/jakeliu/we-defend-truth-1/airflow_env/lib/python3.12/site-packages/airflow/example_dags/example_params_ui_tutorial.py for tasks to queue
[2024-08-09T13:11:11.689-0400] {logging_mixin.py:188} INFO - [2024-08-09T13:11:11.689-0400] {dagbag.py:545} INFO - Filling up the DagBag from /Users/jakeliu/we-defend-truth-1/airflow_env/lib/python3.12/site-packages/airflow/example_dags/example_params_ui_tutorial.py
[2024-08-09T13:11:11.704-0400] {processor.py:840} INFO - DAG(s) 'example_params_ui_tutorial' retrieved from /Users/jakeliu/we-defend-truth-1/airflow_env/lib/python3.12/site-packages/airflow/example_dags/example_params_ui_tutorial.py
[2024-08-09T13:11:11.742-0400] {logging_mixin.py:188} INFO - [2024-08-09T13:11:11.742-0400] {dag.py:3089} INFO - Sync 1 DAGs
[2024-08-09T13:11:11.745-0400] {logging_mixin.py:188} INFO - [2024-08-09T13:11:11.745-0400] {dag.py:3947} INFO - Setting next_dagrun for example_params_ui_tutorial to None, run_after=None
[2024-08-09T13:11:11.751-0400] {processor.py:183} INFO - Processing /Users/jakeliu/we-defend-truth-1/airflow_env/lib/python3.12/site-packages/airflow/example_dags/example_params_ui_tutorial.py took 0.065 seconds
[2024-08-09T13:12:58.093-0400] {processor.py:161} INFO - Started process (PID=21478) to work on /Users/jakeliu/we-defend-truth-1/airflow_env/lib/python3.12/site-packages/airflow/example_dags/example_params_ui_tutorial.py
[2024-08-09T13:12:58.093-0400] {processor.py:830} INFO - Processing file /Users/jakeliu/we-defend-truth-1/airflow_env/lib/python3.12/site-packages/airflow/example_dags/example_params_ui_tutorial.py for tasks to queue
[2024-08-09T13:12:58.094-0400] {logging_mixin.py:188} INFO - [2024-08-09T13:12:58.094-0400] {dagbag.py:545} INFO - Filling up the DagBag from /Users/jakeliu/we-defend-truth-1/airflow_env/lib/python3.12/site-packages/airflow/example_dags/example_params_ui_tutorial.py
[2024-08-09T13:12:58.108-0400] {processor.py:840} INFO - DAG(s) 'example_params_ui_tutorial' retrieved from /Users/jakeliu/we-defend-truth-1/airflow_env/lib/python3.12/site-packages/airflow/example_dags/example_params_ui_tutorial.py
[2024-08-09T13:12:58.146-0400] {logging_mixin.py:188} INFO - [2024-08-09T13:12:58.146-0400] {dag.py:3089} INFO - Sync 1 DAGs
[2024-08-09T13:12:58.149-0400] {logging_mixin.py:188} INFO - [2024-08-09T13:12:58.149-0400] {dag.py:3947} INFO - Setting next_dagrun for example_params_ui_tutorial to None, run_after=None
[2024-08-09T13:12:58.156-0400] {processor.py:183} INFO - Processing /Users/jakeliu/we-defend-truth-1/airflow_env/lib/python3.12/site-packages/airflow/example_dags/example_params_ui_tutorial.py took 0.064 seconds
[2024-08-09T13:14:55.736-0400] {processor.py:161} INFO - Started process (PID=21595) to work on /Users/jakeliu/we-defend-truth-1/airflow_env/lib/python3.12/site-packages/airflow/example_dags/example_params_ui_tutorial.py
[2024-08-09T13:14:55.736-0400] {processor.py:830} INFO - Processing file /Users/jakeliu/we-defend-truth-1/airflow_env/lib/python3.12/site-packages/airflow/example_dags/example_params_ui_tutorial.py for tasks to queue
[2024-08-09T13:14:55.736-0400] {logging_mixin.py:188} INFO - [2024-08-09T13:14:55.736-0400] {dagbag.py:545} INFO - Filling up the DagBag from /Users/jakeliu/we-defend-truth-1/airflow_env/lib/python3.12/site-packages/airflow/example_dags/example_params_ui_tutorial.py
[2024-08-09T13:14:55.751-0400] {processor.py:840} INFO - DAG(s) 'example_params_ui_tutorial' retrieved from /Users/jakeliu/we-defend-truth-1/airflow_env/lib/python3.12/site-packages/airflow/example_dags/example_params_ui_tutorial.py
[2024-08-09T13:14:55.788-0400] {logging_mixin.py:188} INFO - [2024-08-09T13:14:55.788-0400] {dag.py:3089} INFO - Sync 1 DAGs
[2024-08-09T13:14:55.791-0400] {logging_mixin.py:188} INFO - [2024-08-09T13:14:55.791-0400] {dag.py:3947} INFO - Setting next_dagrun for example_params_ui_tutorial to None, run_after=None
[2024-08-09T13:14:55.797-0400] {processor.py:183} INFO - Processing /Users/jakeliu/we-defend-truth-1/airflow_env/lib/python3.12/site-packages/airflow/example_dags/example_params_ui_tutorial.py took 0.063 seconds
[2024-08-09T13:16:52.486-0400] {processor.py:161} INFO - Started process (PID=21692) to work on /Users/jakeliu/we-defend-truth-1/airflow_env/lib/python3.12/site-packages/airflow/example_dags/example_params_ui_tutorial.py
[2024-08-09T13:16:52.487-0400] {processor.py:830} INFO - Processing file /Users/jakeliu/we-defend-truth-1/airflow_env/lib/python3.12/site-packages/airflow/example_dags/example_params_ui_tutorial.py for tasks to queue
[2024-08-09T13:16:52.488-0400] {logging_mixin.py:188} INFO - [2024-08-09T13:16:52.488-0400] {dagbag.py:545} INFO - Filling up the DagBag from /Users/jakeliu/we-defend-truth-1/airflow_env/lib/python3.12/site-packages/airflow/example_dags/example_params_ui_tutorial.py
[2024-08-09T13:16:52.502-0400] {processor.py:840} INFO - DAG(s) 'example_params_ui_tutorial' retrieved from /Users/jakeliu/we-defend-truth-1/airflow_env/lib/python3.12/site-packages/airflow/example_dags/example_params_ui_tutorial.py
[2024-08-09T13:16:52.539-0400] {logging_mixin.py:188} INFO - [2024-08-09T13:16:52.539-0400] {dag.py:3089} INFO - Sync 1 DAGs
[2024-08-09T13:16:52.542-0400] {logging_mixin.py:188} INFO - [2024-08-09T13:16:52.542-0400] {dag.py:3947} INFO - Setting next_dagrun for example_params_ui_tutorial to None, run_after=None
[2024-08-09T13:16:52.548-0400] {processor.py:183} INFO - Processing /Users/jakeliu/we-defend-truth-1/airflow_env/lib/python3.12/site-packages/airflow/example_dags/example_params_ui_tutorial.py took 0.062 seconds
[2024-08-09T13:18:33.220-0400] {processor.py:161} INFO - Started process (PID=21866) to work on /Users/jakeliu/we-defend-truth-1/airflow_env/lib/python3.12/site-packages/airflow/example_dags/example_params_ui_tutorial.py
[2024-08-09T13:18:33.221-0400] {processor.py:830} INFO - Processing file /Users/jakeliu/we-defend-truth-1/airflow_env/lib/python3.12/site-packages/airflow/example_dags/example_params_ui_tutorial.py for tasks to queue
[2024-08-09T13:18:33.221-0400] {logging_mixin.py:188} INFO - [2024-08-09T13:18:33.221-0400] {dagbag.py:545} INFO - Filling up the DagBag from /Users/jakeliu/we-defend-truth-1/airflow_env/lib/python3.12/site-packages/airflow/example_dags/example_params_ui_tutorial.py
[2024-08-09T13:18:33.236-0400] {processor.py:840} INFO - DAG(s) 'example_params_ui_tutorial' retrieved from /Users/jakeliu/we-defend-truth-1/airflow_env/lib/python3.12/site-packages/airflow/example_dags/example_params_ui_tutorial.py
[2024-08-09T13:18:33.273-0400] {logging_mixin.py:188} INFO - [2024-08-09T13:18:33.273-0400] {dag.py:3089} INFO - Sync 1 DAGs
[2024-08-09T13:18:33.276-0400] {logging_mixin.py:188} INFO - [2024-08-09T13:18:33.275-0400] {dag.py:3947} INFO - Setting next_dagrun for example_params_ui_tutorial to None, run_after=None
[2024-08-09T13:18:33.282-0400] {processor.py:183} INFO - Processing /Users/jakeliu/we-defend-truth-1/airflow_env/lib/python3.12/site-packages/airflow/example_dags/example_params_ui_tutorial.py took 0.063 seconds
[2024-08-09T13:20:16.249-0400] {processor.py:161} INFO - Started process (PID=21979) to work on /Users/jakeliu/we-defend-truth-1/airflow_env/lib/python3.12/site-packages/airflow/example_dags/example_params_ui_tutorial.py
[2024-08-09T13:20:16.250-0400] {processor.py:830} INFO - Processing file /Users/jakeliu/we-defend-truth-1/airflow_env/lib/python3.12/site-packages/airflow/example_dags/example_params_ui_tutorial.py for tasks to queue
[2024-08-09T13:20:16.250-0400] {logging_mixin.py:188} INFO - [2024-08-09T13:20:16.250-0400] {dagbag.py:545} INFO - Filling up the DagBag from /Users/jakeliu/we-defend-truth-1/airflow_env/lib/python3.12/site-packages/airflow/example_dags/example_params_ui_tutorial.py
[2024-08-09T13:20:16.264-0400] {processor.py:840} INFO - DAG(s) 'example_params_ui_tutorial' retrieved from /Users/jakeliu/we-defend-truth-1/airflow_env/lib/python3.12/site-packages/airflow/example_dags/example_params_ui_tutorial.py
[2024-08-09T13:20:16.305-0400] {logging_mixin.py:188} INFO - [2024-08-09T13:20:16.305-0400] {dag.py:3089} INFO - Sync 1 DAGs
[2024-08-09T13:20:16.309-0400] {logging_mixin.py:188} INFO - [2024-08-09T13:20:16.308-0400] {dag.py:3947} INFO - Setting next_dagrun for example_params_ui_tutorial to None, run_after=None
[2024-08-09T13:20:16.318-0400] {processor.py:183} INFO - Processing /Users/jakeliu/we-defend-truth-1/airflow_env/lib/python3.12/site-packages/airflow/example_dags/example_params_ui_tutorial.py took 0.070 seconds
[2024-08-09T13:21:58.438-0400] {processor.py:161} INFO - Started process (PID=22616) to work on /Users/jakeliu/we-defend-truth-1/airflow_env/lib/python3.12/site-packages/airflow/example_dags/example_params_ui_tutorial.py
[2024-08-09T13:21:58.438-0400] {processor.py:830} INFO - Processing file /Users/jakeliu/we-defend-truth-1/airflow_env/lib/python3.12/site-packages/airflow/example_dags/example_params_ui_tutorial.py for tasks to queue
[2024-08-09T13:21:58.439-0400] {logging_mixin.py:188} INFO - [2024-08-09T13:21:58.439-0400] {dagbag.py:545} INFO - Filling up the DagBag from /Users/jakeliu/we-defend-truth-1/airflow_env/lib/python3.12/site-packages/airflow/example_dags/example_params_ui_tutorial.py
[2024-08-09T13:21:58.454-0400] {processor.py:840} INFO - DAG(s) 'example_params_ui_tutorial' retrieved from /Users/jakeliu/we-defend-truth-1/airflow_env/lib/python3.12/site-packages/airflow/example_dags/example_params_ui_tutorial.py
[2024-08-09T13:21:58.491-0400] {logging_mixin.py:188} INFO - [2024-08-09T13:21:58.491-0400] {dag.py:3089} INFO - Sync 1 DAGs
[2024-08-09T13:21:58.494-0400] {logging_mixin.py:188} INFO - [2024-08-09T13:21:58.494-0400] {dag.py:3947} INFO - Setting next_dagrun for example_params_ui_tutorial to None, run_after=None
[2024-08-09T13:21:58.501-0400] {processor.py:183} INFO - Processing /Users/jakeliu/we-defend-truth-1/airflow_env/lib/python3.12/site-packages/airflow/example_dags/example_params_ui_tutorial.py took 0.064 seconds
[2024-08-09T13:23:41.096-0400] {processor.py:161} INFO - Started process (PID=22716) to work on /Users/jakeliu/we-defend-truth-1/airflow_env/lib/python3.12/site-packages/airflow/example_dags/example_params_ui_tutorial.py
[2024-08-09T13:23:41.096-0400] {processor.py:830} INFO - Processing file /Users/jakeliu/we-defend-truth-1/airflow_env/lib/python3.12/site-packages/airflow/example_dags/example_params_ui_tutorial.py for tasks to queue
[2024-08-09T13:23:41.097-0400] {logging_mixin.py:188} INFO - [2024-08-09T13:23:41.097-0400] {dagbag.py:545} INFO - Filling up the DagBag from /Users/jakeliu/we-defend-truth-1/airflow_env/lib/python3.12/site-packages/airflow/example_dags/example_params_ui_tutorial.py
[2024-08-09T13:23:41.111-0400] {processor.py:840} INFO - DAG(s) 'example_params_ui_tutorial' retrieved from /Users/jakeliu/we-defend-truth-1/airflow_env/lib/python3.12/site-packages/airflow/example_dags/example_params_ui_tutorial.py
[2024-08-09T13:23:41.148-0400] {logging_mixin.py:188} INFO - [2024-08-09T13:23:41.148-0400] {dag.py:3089} INFO - Sync 1 DAGs
[2024-08-09T13:23:41.151-0400] {logging_mixin.py:188} INFO - [2024-08-09T13:23:41.151-0400] {dag.py:3947} INFO - Setting next_dagrun for example_params_ui_tutorial to None, run_after=None
[2024-08-09T13:23:41.158-0400] {processor.py:183} INFO - Processing /Users/jakeliu/we-defend-truth-1/airflow_env/lib/python3.12/site-packages/airflow/example_dags/example_params_ui_tutorial.py took 0.063 seconds
[2024-08-09T13:25:29.559-0400] {processor.py:161} INFO - Started process (PID=22847) to work on /Users/jakeliu/we-defend-truth-1/airflow_env/lib/python3.12/site-packages/airflow/example_dags/example_params_ui_tutorial.py
[2024-08-09T13:25:29.560-0400] {processor.py:830} INFO - Processing file /Users/jakeliu/we-defend-truth-1/airflow_env/lib/python3.12/site-packages/airflow/example_dags/example_params_ui_tutorial.py for tasks to queue
[2024-08-09T13:25:29.560-0400] {logging_mixin.py:188} INFO - [2024-08-09T13:25:29.560-0400] {dagbag.py:545} INFO - Filling up the DagBag from /Users/jakeliu/we-defend-truth-1/airflow_env/lib/python3.12/site-packages/airflow/example_dags/example_params_ui_tutorial.py
[2024-08-09T13:25:29.575-0400] {processor.py:840} INFO - DAG(s) 'example_params_ui_tutorial' retrieved from /Users/jakeliu/we-defend-truth-1/airflow_env/lib/python3.12/site-packages/airflow/example_dags/example_params_ui_tutorial.py
[2024-08-09T13:25:29.623-0400] {logging_mixin.py:188} INFO - [2024-08-09T13:25:29.623-0400] {dag.py:3089} INFO - Sync 1 DAGs
[2024-08-09T13:25:29.626-0400] {logging_mixin.py:188} INFO - [2024-08-09T13:25:29.626-0400] {dag.py:3947} INFO - Setting next_dagrun for example_params_ui_tutorial to None, run_after=None
[2024-08-09T13:25:29.632-0400] {processor.py:183} INFO - Processing /Users/jakeliu/we-defend-truth-1/airflow_env/lib/python3.12/site-packages/airflow/example_dags/example_params_ui_tutorial.py took 0.074 seconds
[2024-08-09T13:27:26.879-0400] {processor.py:161} INFO - Started process (PID=22958) to work on /Users/jakeliu/we-defend-truth-1/airflow_env/lib/python3.12/site-packages/airflow/example_dags/example_params_ui_tutorial.py
[2024-08-09T13:27:26.880-0400] {processor.py:830} INFO - Processing file /Users/jakeliu/we-defend-truth-1/airflow_env/lib/python3.12/site-packages/airflow/example_dags/example_params_ui_tutorial.py for tasks to queue
[2024-08-09T13:27:26.880-0400] {logging_mixin.py:188} INFO - [2024-08-09T13:27:26.880-0400] {dagbag.py:545} INFO - Filling up the DagBag from /Users/jakeliu/we-defend-truth-1/airflow_env/lib/python3.12/site-packages/airflow/example_dags/example_params_ui_tutorial.py
[2024-08-09T13:27:26.894-0400] {processor.py:840} INFO - DAG(s) 'example_params_ui_tutorial' retrieved from /Users/jakeliu/we-defend-truth-1/airflow_env/lib/python3.12/site-packages/airflow/example_dags/example_params_ui_tutorial.py
[2024-08-09T13:27:26.931-0400] {logging_mixin.py:188} INFO - [2024-08-09T13:27:26.931-0400] {dag.py:3089} INFO - Sync 1 DAGs
[2024-08-09T13:27:26.934-0400] {logging_mixin.py:188} INFO - [2024-08-09T13:27:26.934-0400] {dag.py:3947} INFO - Setting next_dagrun for example_params_ui_tutorial to None, run_after=None
[2024-08-09T13:27:26.940-0400] {processor.py:183} INFO - Processing /Users/jakeliu/we-defend-truth-1/airflow_env/lib/python3.12/site-packages/airflow/example_dags/example_params_ui_tutorial.py took 0.062 seconds
[2024-08-09T13:29:18.652-0400] {processor.py:161} INFO - Started process (PID=23277) to work on /Users/jakeliu/we-defend-truth-1/airflow_env/lib/python3.12/site-packages/airflow/example_dags/example_params_ui_tutorial.py
[2024-08-09T13:29:18.653-0400] {processor.py:830} INFO - Processing file /Users/jakeliu/we-defend-truth-1/airflow_env/lib/python3.12/site-packages/airflow/example_dags/example_params_ui_tutorial.py for tasks to queue
[2024-08-09T13:29:18.653-0400] {logging_mixin.py:188} INFO - [2024-08-09T13:29:18.653-0400] {dagbag.py:545} INFO - Filling up the DagBag from /Users/jakeliu/we-defend-truth-1/airflow_env/lib/python3.12/site-packages/airflow/example_dags/example_params_ui_tutorial.py
[2024-08-09T13:29:18.668-0400] {processor.py:840} INFO - DAG(s) 'example_params_ui_tutorial' retrieved from /Users/jakeliu/we-defend-truth-1/airflow_env/lib/python3.12/site-packages/airflow/example_dags/example_params_ui_tutorial.py
[2024-08-09T13:29:18.706-0400] {logging_mixin.py:188} INFO - [2024-08-09T13:29:18.706-0400] {dag.py:3089} INFO - Sync 1 DAGs
[2024-08-09T13:29:18.709-0400] {logging_mixin.py:188} INFO - [2024-08-09T13:29:18.709-0400] {dag.py:3947} INFO - Setting next_dagrun for example_params_ui_tutorial to None, run_after=None
[2024-08-09T13:29:18.715-0400] {processor.py:183} INFO - Processing /Users/jakeliu/we-defend-truth-1/airflow_env/lib/python3.12/site-packages/airflow/example_dags/example_params_ui_tutorial.py took 0.064 seconds
[2024-08-09T13:31:13.869-0400] {processor.py:161} INFO - Started process (PID=23541) to work on /Users/jakeliu/we-defend-truth-1/airflow_env/lib/python3.12/site-packages/airflow/example_dags/example_params_ui_tutorial.py
[2024-08-09T13:31:13.869-0400] {processor.py:830} INFO - Processing file /Users/jakeliu/we-defend-truth-1/airflow_env/lib/python3.12/site-packages/airflow/example_dags/example_params_ui_tutorial.py for tasks to queue
[2024-08-09T13:31:13.869-0400] {logging_mixin.py:188} INFO - [2024-08-09T13:31:13.869-0400] {dagbag.py:545} INFO - Filling up the DagBag from /Users/jakeliu/we-defend-truth-1/airflow_env/lib/python3.12/site-packages/airflow/example_dags/example_params_ui_tutorial.py
[2024-08-09T13:31:13.883-0400] {processor.py:840} INFO - DAG(s) 'example_params_ui_tutorial' retrieved from /Users/jakeliu/we-defend-truth-1/airflow_env/lib/python3.12/site-packages/airflow/example_dags/example_params_ui_tutorial.py
[2024-08-09T13:31:13.920-0400] {logging_mixin.py:188} INFO - [2024-08-09T13:31:13.920-0400] {dag.py:3089} INFO - Sync 1 DAGs
[2024-08-09T13:31:13.923-0400] {logging_mixin.py:188} INFO - [2024-08-09T13:31:13.923-0400] {dag.py:3947} INFO - Setting next_dagrun for example_params_ui_tutorial to None, run_after=None
[2024-08-09T13:31:13.929-0400] {processor.py:183} INFO - Processing /Users/jakeliu/we-defend-truth-1/airflow_env/lib/python3.12/site-packages/airflow/example_dags/example_params_ui_tutorial.py took 0.061 seconds
[2024-08-09T13:33:08.370-0400] {processor.py:161} INFO - Started process (PID=23678) to work on /Users/jakeliu/we-defend-truth-1/airflow_env/lib/python3.12/site-packages/airflow/example_dags/example_params_ui_tutorial.py
[2024-08-09T13:33:08.371-0400] {processor.py:830} INFO - Processing file /Users/jakeliu/we-defend-truth-1/airflow_env/lib/python3.12/site-packages/airflow/example_dags/example_params_ui_tutorial.py for tasks to queue
[2024-08-09T13:33:08.371-0400] {logging_mixin.py:188} INFO - [2024-08-09T13:33:08.371-0400] {dagbag.py:545} INFO - Filling up the DagBag from /Users/jakeliu/we-defend-truth-1/airflow_env/lib/python3.12/site-packages/airflow/example_dags/example_params_ui_tutorial.py
[2024-08-09T13:33:08.385-0400] {processor.py:840} INFO - DAG(s) 'example_params_ui_tutorial' retrieved from /Users/jakeliu/we-defend-truth-1/airflow_env/lib/python3.12/site-packages/airflow/example_dags/example_params_ui_tutorial.py
[2024-08-09T13:33:08.422-0400] {logging_mixin.py:188} INFO - [2024-08-09T13:33:08.422-0400] {dag.py:3089} INFO - Sync 1 DAGs
[2024-08-09T13:33:08.425-0400] {logging_mixin.py:188} INFO - [2024-08-09T13:33:08.425-0400] {dag.py:3947} INFO - Setting next_dagrun for example_params_ui_tutorial to None, run_after=None
[2024-08-09T13:33:08.431-0400] {processor.py:183} INFO - Processing /Users/jakeliu/we-defend-truth-1/airflow_env/lib/python3.12/site-packages/airflow/example_dags/example_params_ui_tutorial.py took 0.063 seconds
[2024-08-09T13:34:56.415-0400] {processor.py:161} INFO - Started process (PID=23829) to work on /Users/jakeliu/we-defend-truth-1/airflow_env/lib/python3.12/site-packages/airflow/example_dags/example_params_ui_tutorial.py
[2024-08-09T13:34:56.416-0400] {processor.py:830} INFO - Processing file /Users/jakeliu/we-defend-truth-1/airflow_env/lib/python3.12/site-packages/airflow/example_dags/example_params_ui_tutorial.py for tasks to queue
[2024-08-09T13:34:56.417-0400] {logging_mixin.py:188} INFO - [2024-08-09T13:34:56.417-0400] {dagbag.py:545} INFO - Filling up the DagBag from /Users/jakeliu/we-defend-truth-1/airflow_env/lib/python3.12/site-packages/airflow/example_dags/example_params_ui_tutorial.py
[2024-08-09T13:34:56.430-0400] {processor.py:840} INFO - DAG(s) 'example_params_ui_tutorial' retrieved from /Users/jakeliu/we-defend-truth-1/airflow_env/lib/python3.12/site-packages/airflow/example_dags/example_params_ui_tutorial.py
[2024-08-09T13:34:56.467-0400] {logging_mixin.py:188} INFO - [2024-08-09T13:34:56.467-0400] {dag.py:3089} INFO - Sync 1 DAGs
[2024-08-09T13:34:56.470-0400] {logging_mixin.py:188} INFO - [2024-08-09T13:34:56.470-0400] {dag.py:3947} INFO - Setting next_dagrun for example_params_ui_tutorial to None, run_after=None
[2024-08-09T13:34:56.476-0400] {processor.py:183} INFO - Processing /Users/jakeliu/we-defend-truth-1/airflow_env/lib/python3.12/site-packages/airflow/example_dags/example_params_ui_tutorial.py took 0.062 seconds
[2024-08-09T13:36:44.191-0400] {processor.py:161} INFO - Started process (PID=23925) to work on /Users/jakeliu/we-defend-truth-1/airflow_env/lib/python3.12/site-packages/airflow/example_dags/example_params_ui_tutorial.py
[2024-08-09T13:36:44.192-0400] {processor.py:830} INFO - Processing file /Users/jakeliu/we-defend-truth-1/airflow_env/lib/python3.12/site-packages/airflow/example_dags/example_params_ui_tutorial.py for tasks to queue
[2024-08-09T13:36:44.192-0400] {logging_mixin.py:188} INFO - [2024-08-09T13:36:44.192-0400] {dagbag.py:545} INFO - Filling up the DagBag from /Users/jakeliu/we-defend-truth-1/airflow_env/lib/python3.12/site-packages/airflow/example_dags/example_params_ui_tutorial.py
[2024-08-09T13:36:44.207-0400] {processor.py:840} INFO - DAG(s) 'example_params_ui_tutorial' retrieved from /Users/jakeliu/we-defend-truth-1/airflow_env/lib/python3.12/site-packages/airflow/example_dags/example_params_ui_tutorial.py
[2024-08-09T13:36:44.256-0400] {logging_mixin.py:188} INFO - [2024-08-09T13:36:44.255-0400] {dag.py:3089} INFO - Sync 1 DAGs
[2024-08-09T13:36:44.261-0400] {logging_mixin.py:188} INFO - [2024-08-09T13:36:44.260-0400] {dag.py:3947} INFO - Setting next_dagrun for example_params_ui_tutorial to None, run_after=None
[2024-08-09T13:36:44.268-0400] {processor.py:183} INFO - Processing /Users/jakeliu/we-defend-truth-1/airflow_env/lib/python3.12/site-packages/airflow/example_dags/example_params_ui_tutorial.py took 0.078 seconds
[2024-08-09T13:38:39.407-0400] {processor.py:161} INFO - Started process (PID=24005) to work on /Users/jakeliu/we-defend-truth-1/airflow_env/lib/python3.12/site-packages/airflow/example_dags/example_params_ui_tutorial.py
[2024-08-09T13:38:39.409-0400] {processor.py:830} INFO - Processing file /Users/jakeliu/we-defend-truth-1/airflow_env/lib/python3.12/site-packages/airflow/example_dags/example_params_ui_tutorial.py for tasks to queue
[2024-08-09T13:38:39.409-0400] {logging_mixin.py:188} INFO - [2024-08-09T13:38:39.409-0400] {dagbag.py:545} INFO - Filling up the DagBag from /Users/jakeliu/we-defend-truth-1/airflow_env/lib/python3.12/site-packages/airflow/example_dags/example_params_ui_tutorial.py
[2024-08-09T13:38:39.423-0400] {processor.py:840} INFO - DAG(s) 'example_params_ui_tutorial' retrieved from /Users/jakeliu/we-defend-truth-1/airflow_env/lib/python3.12/site-packages/airflow/example_dags/example_params_ui_tutorial.py
[2024-08-09T13:38:39.460-0400] {logging_mixin.py:188} INFO - [2024-08-09T13:38:39.460-0400] {dag.py:3089} INFO - Sync 1 DAGs
[2024-08-09T13:38:39.463-0400] {logging_mixin.py:188} INFO - [2024-08-09T13:38:39.463-0400] {dag.py:3947} INFO - Setting next_dagrun for example_params_ui_tutorial to None, run_after=None
[2024-08-09T13:38:39.469-0400] {processor.py:183} INFO - Processing /Users/jakeliu/we-defend-truth-1/airflow_env/lib/python3.12/site-packages/airflow/example_dags/example_params_ui_tutorial.py took 0.063 seconds
[2024-08-09T13:40:26.181-0400] {processor.py:161} INFO - Started process (PID=24081) to work on /Users/jakeliu/we-defend-truth-1/airflow_env/lib/python3.12/site-packages/airflow/example_dags/example_params_ui_tutorial.py
[2024-08-09T13:40:26.182-0400] {processor.py:830} INFO - Processing file /Users/jakeliu/we-defend-truth-1/airflow_env/lib/python3.12/site-packages/airflow/example_dags/example_params_ui_tutorial.py for tasks to queue
[2024-08-09T13:40:26.182-0400] {logging_mixin.py:188} INFO - [2024-08-09T13:40:26.182-0400] {dagbag.py:545} INFO - Filling up the DagBag from /Users/jakeliu/we-defend-truth-1/airflow_env/lib/python3.12/site-packages/airflow/example_dags/example_params_ui_tutorial.py
[2024-08-09T13:40:26.196-0400] {processor.py:840} INFO - DAG(s) 'example_params_ui_tutorial' retrieved from /Users/jakeliu/we-defend-truth-1/airflow_env/lib/python3.12/site-packages/airflow/example_dags/example_params_ui_tutorial.py
[2024-08-09T13:40:26.233-0400] {logging_mixin.py:188} INFO - [2024-08-09T13:40:26.233-0400] {dag.py:3089} INFO - Sync 1 DAGs
[2024-08-09T13:40:26.236-0400] {logging_mixin.py:188} INFO - [2024-08-09T13:40:26.236-0400] {dag.py:3947} INFO - Setting next_dagrun for example_params_ui_tutorial to None, run_after=None
[2024-08-09T13:40:26.242-0400] {processor.py:183} INFO - Processing /Users/jakeliu/we-defend-truth-1/airflow_env/lib/python3.12/site-packages/airflow/example_dags/example_params_ui_tutorial.py took 0.063 seconds
[2024-08-09T13:42:16.787-0400] {processor.py:161} INFO - Started process (PID=24289) to work on /Users/jakeliu/we-defend-truth-1/airflow_env/lib/python3.12/site-packages/airflow/example_dags/example_params_ui_tutorial.py
[2024-08-09T13:42:16.788-0400] {processor.py:830} INFO - Processing file /Users/jakeliu/we-defend-truth-1/airflow_env/lib/python3.12/site-packages/airflow/example_dags/example_params_ui_tutorial.py for tasks to queue
[2024-08-09T13:42:16.788-0400] {logging_mixin.py:188} INFO - [2024-08-09T13:42:16.788-0400] {dagbag.py:545} INFO - Filling up the DagBag from /Users/jakeliu/we-defend-truth-1/airflow_env/lib/python3.12/site-packages/airflow/example_dags/example_params_ui_tutorial.py
[2024-08-09T13:42:16.803-0400] {processor.py:840} INFO - DAG(s) 'example_params_ui_tutorial' retrieved from /Users/jakeliu/we-defend-truth-1/airflow_env/lib/python3.12/site-packages/airflow/example_dags/example_params_ui_tutorial.py
[2024-08-09T13:42:16.839-0400] {logging_mixin.py:188} INFO - [2024-08-09T13:42:16.839-0400] {dag.py:3089} INFO - Sync 1 DAGs
[2024-08-09T13:42:16.842-0400] {logging_mixin.py:188} INFO - [2024-08-09T13:42:16.842-0400] {dag.py:3947} INFO - Setting next_dagrun for example_params_ui_tutorial to None, run_after=None
[2024-08-09T13:42:16.848-0400] {processor.py:183} INFO - Processing /Users/jakeliu/we-defend-truth-1/airflow_env/lib/python3.12/site-packages/airflow/example_dags/example_params_ui_tutorial.py took 0.063 seconds
[2024-08-09T13:44:05.980-0400] {processor.py:161} INFO - Started process (PID=24388) to work on /Users/jakeliu/we-defend-truth-1/airflow_env/lib/python3.12/site-packages/airflow/example_dags/example_params_ui_tutorial.py
[2024-08-09T13:44:05.981-0400] {processor.py:830} INFO - Processing file /Users/jakeliu/we-defend-truth-1/airflow_env/lib/python3.12/site-packages/airflow/example_dags/example_params_ui_tutorial.py for tasks to queue
[2024-08-09T13:44:05.981-0400] {logging_mixin.py:188} INFO - [2024-08-09T13:44:05.981-0400] {dagbag.py:545} INFO - Filling up the DagBag from /Users/jakeliu/we-defend-truth-1/airflow_env/lib/python3.12/site-packages/airflow/example_dags/example_params_ui_tutorial.py
[2024-08-09T13:44:05.995-0400] {processor.py:840} INFO - DAG(s) 'example_params_ui_tutorial' retrieved from /Users/jakeliu/we-defend-truth-1/airflow_env/lib/python3.12/site-packages/airflow/example_dags/example_params_ui_tutorial.py
[2024-08-09T13:44:06.031-0400] {logging_mixin.py:188} INFO - [2024-08-09T13:44:06.031-0400] {dag.py:3089} INFO - Sync 1 DAGs
[2024-08-09T13:44:06.034-0400] {logging_mixin.py:188} INFO - [2024-08-09T13:44:06.034-0400] {dag.py:3947} INFO - Setting next_dagrun for example_params_ui_tutorial to None, run_after=None
[2024-08-09T13:44:06.040-0400] {processor.py:183} INFO - Processing /Users/jakeliu/we-defend-truth-1/airflow_env/lib/python3.12/site-packages/airflow/example_dags/example_params_ui_tutorial.py took 0.062 seconds
[2024-08-09T13:45:45.671-0400] {processor.py:161} INFO - Started process (PID=24456) to work on /Users/jakeliu/we-defend-truth-1/airflow_env/lib/python3.12/site-packages/airflow/example_dags/example_params_ui_tutorial.py
[2024-08-09T13:45:45.673-0400] {processor.py:830} INFO - Processing file /Users/jakeliu/we-defend-truth-1/airflow_env/lib/python3.12/site-packages/airflow/example_dags/example_params_ui_tutorial.py for tasks to queue
[2024-08-09T13:45:45.673-0400] {logging_mixin.py:188} INFO - [2024-08-09T13:45:45.673-0400] {dagbag.py:545} INFO - Filling up the DagBag from /Users/jakeliu/we-defend-truth-1/airflow_env/lib/python3.12/site-packages/airflow/example_dags/example_params_ui_tutorial.py
[2024-08-09T13:45:45.688-0400] {processor.py:840} INFO - DAG(s) 'example_params_ui_tutorial' retrieved from /Users/jakeliu/we-defend-truth-1/airflow_env/lib/python3.12/site-packages/airflow/example_dags/example_params_ui_tutorial.py
[2024-08-09T13:45:45.725-0400] {logging_mixin.py:188} INFO - [2024-08-09T13:45:45.725-0400] {dag.py:3089} INFO - Sync 1 DAGs
[2024-08-09T13:45:45.728-0400] {logging_mixin.py:188} INFO - [2024-08-09T13:45:45.728-0400] {dag.py:3947} INFO - Setting next_dagrun for example_params_ui_tutorial to None, run_after=None
[2024-08-09T13:45:45.734-0400] {processor.py:183} INFO - Processing /Users/jakeliu/we-defend-truth-1/airflow_env/lib/python3.12/site-packages/airflow/example_dags/example_params_ui_tutorial.py took 0.064 seconds
[2024-08-09T13:47:29.818-0400] {processor.py:161} INFO - Started process (PID=24531) to work on /Users/jakeliu/we-defend-truth-1/airflow_env/lib/python3.12/site-packages/airflow/example_dags/example_params_ui_tutorial.py
[2024-08-09T13:47:29.819-0400] {processor.py:830} INFO - Processing file /Users/jakeliu/we-defend-truth-1/airflow_env/lib/python3.12/site-packages/airflow/example_dags/example_params_ui_tutorial.py for tasks to queue
[2024-08-09T13:47:29.819-0400] {logging_mixin.py:188} INFO - [2024-08-09T13:47:29.819-0400] {dagbag.py:545} INFO - Filling up the DagBag from /Users/jakeliu/we-defend-truth-1/airflow_env/lib/python3.12/site-packages/airflow/example_dags/example_params_ui_tutorial.py
[2024-08-09T13:47:29.833-0400] {processor.py:840} INFO - DAG(s) 'example_params_ui_tutorial' retrieved from /Users/jakeliu/we-defend-truth-1/airflow_env/lib/python3.12/site-packages/airflow/example_dags/example_params_ui_tutorial.py
[2024-08-09T13:47:29.869-0400] {logging_mixin.py:188} INFO - [2024-08-09T13:47:29.869-0400] {dag.py:3089} INFO - Sync 1 DAGs
[2024-08-09T13:47:29.872-0400] {logging_mixin.py:188} INFO - [2024-08-09T13:47:29.872-0400] {dag.py:3947} INFO - Setting next_dagrun for example_params_ui_tutorial to None, run_after=None
[2024-08-09T13:47:29.878-0400] {processor.py:183} INFO - Processing /Users/jakeliu/we-defend-truth-1/airflow_env/lib/python3.12/site-packages/airflow/example_dags/example_params_ui_tutorial.py took 0.061 seconds
[2024-08-09T13:49:10.720-0400] {processor.py:161} INFO - Started process (PID=24603) to work on /Users/jakeliu/we-defend-truth-1/airflow_env/lib/python3.12/site-packages/airflow/example_dags/example_params_ui_tutorial.py
[2024-08-09T13:49:10.722-0400] {processor.py:830} INFO - Processing file /Users/jakeliu/we-defend-truth-1/airflow_env/lib/python3.12/site-packages/airflow/example_dags/example_params_ui_tutorial.py for tasks to queue
[2024-08-09T13:49:10.722-0400] {logging_mixin.py:188} INFO - [2024-08-09T13:49:10.722-0400] {dagbag.py:545} INFO - Filling up the DagBag from /Users/jakeliu/we-defend-truth-1/airflow_env/lib/python3.12/site-packages/airflow/example_dags/example_params_ui_tutorial.py
[2024-08-09T13:49:10.736-0400] {processor.py:840} INFO - DAG(s) 'example_params_ui_tutorial' retrieved from /Users/jakeliu/we-defend-truth-1/airflow_env/lib/python3.12/site-packages/airflow/example_dags/example_params_ui_tutorial.py
[2024-08-09T13:49:10.772-0400] {logging_mixin.py:188} INFO - [2024-08-09T13:49:10.772-0400] {dag.py:3089} INFO - Sync 1 DAGs
[2024-08-09T13:49:10.775-0400] {logging_mixin.py:188} INFO - [2024-08-09T13:49:10.775-0400] {dag.py:3947} INFO - Setting next_dagrun for example_params_ui_tutorial to None, run_after=None
[2024-08-09T13:49:10.781-0400] {processor.py:183} INFO - Processing /Users/jakeliu/we-defend-truth-1/airflow_env/lib/python3.12/site-packages/airflow/example_dags/example_params_ui_tutorial.py took 0.062 seconds
[2024-08-09T13:50:47.944-0400] {processor.py:161} INFO - Started process (PID=24686) to work on /Users/jakeliu/we-defend-truth-1/airflow_env/lib/python3.12/site-packages/airflow/example_dags/example_params_ui_tutorial.py
[2024-08-09T13:50:47.945-0400] {processor.py:830} INFO - Processing file /Users/jakeliu/we-defend-truth-1/airflow_env/lib/python3.12/site-packages/airflow/example_dags/example_params_ui_tutorial.py for tasks to queue
[2024-08-09T13:50:47.945-0400] {logging_mixin.py:188} INFO - [2024-08-09T13:50:47.945-0400] {dagbag.py:545} INFO - Filling up the DagBag from /Users/jakeliu/we-defend-truth-1/airflow_env/lib/python3.12/site-packages/airflow/example_dags/example_params_ui_tutorial.py
[2024-08-09T13:50:47.959-0400] {processor.py:840} INFO - DAG(s) 'example_params_ui_tutorial' retrieved from /Users/jakeliu/we-defend-truth-1/airflow_env/lib/python3.12/site-packages/airflow/example_dags/example_params_ui_tutorial.py
[2024-08-09T13:50:47.997-0400] {logging_mixin.py:188} INFO - [2024-08-09T13:50:47.997-0400] {dag.py:3089} INFO - Sync 1 DAGs
[2024-08-09T13:50:48.000-0400] {logging_mixin.py:188} INFO - [2024-08-09T13:50:48.000-0400] {dag.py:3947} INFO - Setting next_dagrun for example_params_ui_tutorial to None, run_after=None
[2024-08-09T13:50:48.008-0400] {processor.py:183} INFO - Processing /Users/jakeliu/we-defend-truth-1/airflow_env/lib/python3.12/site-packages/airflow/example_dags/example_params_ui_tutorial.py took 0.065 seconds
[2024-08-09T13:52:32.097-0400] {processor.py:161} INFO - Started process (PID=24792) to work on /Users/jakeliu/we-defend-truth-1/airflow_env/lib/python3.12/site-packages/airflow/example_dags/example_params_ui_tutorial.py
[2024-08-09T13:52:32.098-0400] {processor.py:830} INFO - Processing file /Users/jakeliu/we-defend-truth-1/airflow_env/lib/python3.12/site-packages/airflow/example_dags/example_params_ui_tutorial.py for tasks to queue
[2024-08-09T13:52:32.098-0400] {logging_mixin.py:188} INFO - [2024-08-09T13:52:32.098-0400] {dagbag.py:545} INFO - Filling up the DagBag from /Users/jakeliu/we-defend-truth-1/airflow_env/lib/python3.12/site-packages/airflow/example_dags/example_params_ui_tutorial.py
[2024-08-09T13:52:32.113-0400] {processor.py:840} INFO - DAG(s) 'example_params_ui_tutorial' retrieved from /Users/jakeliu/we-defend-truth-1/airflow_env/lib/python3.12/site-packages/airflow/example_dags/example_params_ui_tutorial.py
[2024-08-09T13:52:32.152-0400] {logging_mixin.py:188} INFO - [2024-08-09T13:52:32.152-0400] {dag.py:3089} INFO - Sync 1 DAGs
[2024-08-09T13:52:32.155-0400] {logging_mixin.py:188} INFO - [2024-08-09T13:52:32.155-0400] {dag.py:3947} INFO - Setting next_dagrun for example_params_ui_tutorial to None, run_after=None
[2024-08-09T13:52:32.161-0400] {processor.py:183} INFO - Processing /Users/jakeliu/we-defend-truth-1/airflow_env/lib/python3.12/site-packages/airflow/example_dags/example_params_ui_tutorial.py took 0.065 seconds
[2024-08-09T13:54:27.670-0400] {processor.py:161} INFO - Started process (PID=24918) to work on /Users/jakeliu/we-defend-truth-1/airflow_env/lib/python3.12/site-packages/airflow/example_dags/example_params_ui_tutorial.py
[2024-08-09T13:54:27.671-0400] {processor.py:830} INFO - Processing file /Users/jakeliu/we-defend-truth-1/airflow_env/lib/python3.12/site-packages/airflow/example_dags/example_params_ui_tutorial.py for tasks to queue
[2024-08-09T13:54:27.671-0400] {logging_mixin.py:188} INFO - [2024-08-09T13:54:27.671-0400] {dagbag.py:545} INFO - Filling up the DagBag from /Users/jakeliu/we-defend-truth-1/airflow_env/lib/python3.12/site-packages/airflow/example_dags/example_params_ui_tutorial.py
[2024-08-09T13:54:27.685-0400] {processor.py:840} INFO - DAG(s) 'example_params_ui_tutorial' retrieved from /Users/jakeliu/we-defend-truth-1/airflow_env/lib/python3.12/site-packages/airflow/example_dags/example_params_ui_tutorial.py
[2024-08-09T13:54:27.722-0400] {logging_mixin.py:188} INFO - [2024-08-09T13:54:27.722-0400] {dag.py:3089} INFO - Sync 1 DAGs
[2024-08-09T13:54:27.725-0400] {logging_mixin.py:188} INFO - [2024-08-09T13:54:27.724-0400] {dag.py:3947} INFO - Setting next_dagrun for example_params_ui_tutorial to None, run_after=None
[2024-08-09T13:54:27.731-0400] {processor.py:183} INFO - Processing /Users/jakeliu/we-defend-truth-1/airflow_env/lib/python3.12/site-packages/airflow/example_dags/example_params_ui_tutorial.py took 0.062 seconds
[2024-08-09T13:56:26.237-0400] {processor.py:161} INFO - Started process (PID=25036) to work on /Users/jakeliu/we-defend-truth-1/airflow_env/lib/python3.12/site-packages/airflow/example_dags/example_params_ui_tutorial.py
[2024-08-09T13:56:26.238-0400] {processor.py:830} INFO - Processing file /Users/jakeliu/we-defend-truth-1/airflow_env/lib/python3.12/site-packages/airflow/example_dags/example_params_ui_tutorial.py for tasks to queue
[2024-08-09T13:56:26.238-0400] {logging_mixin.py:188} INFO - [2024-08-09T13:56:26.238-0400] {dagbag.py:545} INFO - Filling up the DagBag from /Users/jakeliu/we-defend-truth-1/airflow_env/lib/python3.12/site-packages/airflow/example_dags/example_params_ui_tutorial.py
[2024-08-09T13:56:26.252-0400] {processor.py:840} INFO - DAG(s) 'example_params_ui_tutorial' retrieved from /Users/jakeliu/we-defend-truth-1/airflow_env/lib/python3.12/site-packages/airflow/example_dags/example_params_ui_tutorial.py
[2024-08-09T13:56:26.288-0400] {logging_mixin.py:188} INFO - [2024-08-09T13:56:26.288-0400] {dag.py:3089} INFO - Sync 1 DAGs
[2024-08-09T13:56:26.291-0400] {logging_mixin.py:188} INFO - [2024-08-09T13:56:26.291-0400] {dag.py:3947} INFO - Setting next_dagrun for example_params_ui_tutorial to None, run_after=None
[2024-08-09T13:56:26.298-0400] {processor.py:183} INFO - Processing /Users/jakeliu/we-defend-truth-1/airflow_env/lib/python3.12/site-packages/airflow/example_dags/example_params_ui_tutorial.py took 0.062 seconds
[2024-08-09T13:58:23.515-0400] {processor.py:161} INFO - Started process (PID=25265) to work on /Users/jakeliu/we-defend-truth-1/airflow_env/lib/python3.12/site-packages/airflow/example_dags/example_params_ui_tutorial.py
[2024-08-09T13:58:23.516-0400] {processor.py:830} INFO - Processing file /Users/jakeliu/we-defend-truth-1/airflow_env/lib/python3.12/site-packages/airflow/example_dags/example_params_ui_tutorial.py for tasks to queue
[2024-08-09T13:58:23.516-0400] {logging_mixin.py:188} INFO - [2024-08-09T13:58:23.516-0400] {dagbag.py:545} INFO - Filling up the DagBag from /Users/jakeliu/we-defend-truth-1/airflow_env/lib/python3.12/site-packages/airflow/example_dags/example_params_ui_tutorial.py
[2024-08-09T13:58:23.529-0400] {processor.py:840} INFO - DAG(s) 'example_params_ui_tutorial' retrieved from /Users/jakeliu/we-defend-truth-1/airflow_env/lib/python3.12/site-packages/airflow/example_dags/example_params_ui_tutorial.py
[2024-08-09T13:58:23.568-0400] {logging_mixin.py:188} INFO - [2024-08-09T13:58:23.568-0400] {dag.py:3089} INFO - Sync 1 DAGs
[2024-08-09T13:58:23.571-0400] {logging_mixin.py:188} INFO - [2024-08-09T13:58:23.571-0400] {dag.py:3947} INFO - Setting next_dagrun for example_params_ui_tutorial to None, run_after=None
[2024-08-09T13:58:23.578-0400] {processor.py:183} INFO - Processing /Users/jakeliu/we-defend-truth-1/airflow_env/lib/python3.12/site-packages/airflow/example_dags/example_params_ui_tutorial.py took 0.063 seconds
