[2024-08-09T13:04:58.584-0400] {processor.py:161} INFO - Started process (PID=20924) to work on /Users/jakeliu/we-defend-truth-1/airflow_env/lib/python3.12/site-packages/airflow/example_dags/example_complex.py
[2024-08-09T13:04:58.584-0400] {processor.py:830} INFO - Processing file /Users/jakeliu/we-defend-truth-1/airflow_env/lib/python3.12/site-packages/airflow/example_dags/example_complex.py for tasks to queue
[2024-08-09T13:04:58.585-0400] {logging_mixin.py:188} INFO - [2024-08-09T13:04:58.585-0400] {dagbag.py:545} INFO - Filling up the DagBag from /Users/jakeliu/we-defend-truth-1/airflow_env/lib/python3.12/site-packages/airflow/example_dags/example_complex.py
[2024-08-09T13:04:58.590-0400] {processor.py:840} INFO - DAG(s) 'example_complex' retrieved from /Users/jakeliu/we-defend-truth-1/airflow_env/lib/python3.12/site-packages/airflow/example_dags/example_complex.py
[2024-08-09T13:04:58.650-0400] {logging_mixin.py:188} INFO - [2024-08-09T13:04:58.650-0400] {dag.py:3089} INFO - Sync 1 DAGs
[2024-08-09T13:04:58.653-0400] {logging_mixin.py:188} INFO - [2024-08-09T13:04:58.653-0400] {dag.py:3947} INFO - Setting next_dagrun for example_complex to None, run_after=None
[2024-08-09T13:04:58.660-0400] {processor.py:183} INFO - Processing /Users/jakeliu/we-defend-truth-1/airflow_env/lib/python3.12/site-packages/airflow/example_dags/example_complex.py took 0.077 seconds
[2024-08-09T13:06:47.926-0400] {processor.py:161} INFO - Started process (PID=21055) to work on /Users/jakeliu/we-defend-truth-1/airflow_env/lib/python3.12/site-packages/airflow/example_dags/example_complex.py
[2024-08-09T13:06:47.927-0400] {processor.py:830} INFO - Processing file /Users/jakeliu/we-defend-truth-1/airflow_env/lib/python3.12/site-packages/airflow/example_dags/example_complex.py for tasks to queue
[2024-08-09T13:06:47.928-0400] {logging_mixin.py:188} INFO - [2024-08-09T13:06:47.928-0400] {dagbag.py:545} INFO - Filling up the DagBag from /Users/jakeliu/we-defend-truth-1/airflow_env/lib/python3.12/site-packages/airflow/example_dags/example_complex.py
[2024-08-09T13:06:47.933-0400] {processor.py:840} INFO - DAG(s) 'example_complex' retrieved from /Users/jakeliu/we-defend-truth-1/airflow_env/lib/python3.12/site-packages/airflow/example_dags/example_complex.py
[2024-08-09T13:06:47.971-0400] {logging_mixin.py:188} INFO - [2024-08-09T13:06:47.971-0400] {dag.py:3089} INFO - Sync 1 DAGs
[2024-08-09T13:06:47.975-0400] {logging_mixin.py:188} INFO - [2024-08-09T13:06:47.975-0400] {dag.py:3947} INFO - Setting next_dagrun for example_complex to None, run_after=None
[2024-08-09T13:06:47.981-0400] {processor.py:183} INFO - Processing /Users/jakeliu/we-defend-truth-1/airflow_env/lib/python3.12/site-packages/airflow/example_dags/example_complex.py took 0.056 seconds
[2024-08-09T13:08:30.707-0400] {processor.py:161} INFO - Started process (PID=21195) to work on /Users/jakeliu/we-defend-truth-1/airflow_env/lib/python3.12/site-packages/airflow/example_dags/example_complex.py
[2024-08-09T13:08:30.708-0400] {processor.py:830} INFO - Processing file /Users/jakeliu/we-defend-truth-1/airflow_env/lib/python3.12/site-packages/airflow/example_dags/example_complex.py for tasks to queue
[2024-08-09T13:08:30.708-0400] {logging_mixin.py:188} INFO - [2024-08-09T13:08:30.708-0400] {dagbag.py:545} INFO - Filling up the DagBag from /Users/jakeliu/we-defend-truth-1/airflow_env/lib/python3.12/site-packages/airflow/example_dags/example_complex.py
[2024-08-09T13:08:30.713-0400] {processor.py:840} INFO - DAG(s) 'example_complex' retrieved from /Users/jakeliu/we-defend-truth-1/airflow_env/lib/python3.12/site-packages/airflow/example_dags/example_complex.py
[2024-08-09T13:08:30.748-0400] {logging_mixin.py:188} INFO - [2024-08-09T13:08:30.748-0400] {dag.py:3089} INFO - Sync 1 DAGs
[2024-08-09T13:08:30.751-0400] {logging_mixin.py:188} INFO - [2024-08-09T13:08:30.751-0400] {dag.py:3947} INFO - Setting next_dagrun for example_complex to None, run_after=None
[2024-08-09T13:08:30.758-0400] {processor.py:183} INFO - Processing /Users/jakeliu/we-defend-truth-1/airflow_env/lib/python3.12/site-packages/airflow/example_dags/example_complex.py took 0.052 seconds
[2024-08-09T13:10:11.727-0400] {processor.py:161} INFO - Started process (PID=21309) to work on /Users/jakeliu/we-defend-truth-1/airflow_env/lib/python3.12/site-packages/airflow/example_dags/example_complex.py
[2024-08-09T13:10:11.729-0400] {processor.py:830} INFO - Processing file /Users/jakeliu/we-defend-truth-1/airflow_env/lib/python3.12/site-packages/airflow/example_dags/example_complex.py for tasks to queue
[2024-08-09T13:10:11.729-0400] {logging_mixin.py:188} INFO - [2024-08-09T13:10:11.729-0400] {dagbag.py:545} INFO - Filling up the DagBag from /Users/jakeliu/we-defend-truth-1/airflow_env/lib/python3.12/site-packages/airflow/example_dags/example_complex.py
[2024-08-09T13:10:11.734-0400] {processor.py:840} INFO - DAG(s) 'example_complex' retrieved from /Users/jakeliu/we-defend-truth-1/airflow_env/lib/python3.12/site-packages/airflow/example_dags/example_complex.py
[2024-08-09T13:10:11.773-0400] {logging_mixin.py:188} INFO - [2024-08-09T13:10:11.772-0400] {dag.py:3089} INFO - Sync 1 DAGs
[2024-08-09T13:10:11.776-0400] {logging_mixin.py:188} INFO - [2024-08-09T13:10:11.776-0400] {dag.py:3947} INFO - Setting next_dagrun for example_complex to None, run_after=None
[2024-08-09T13:10:11.783-0400] {processor.py:183} INFO - Processing /Users/jakeliu/we-defend-truth-1/airflow_env/lib/python3.12/site-packages/airflow/example_dags/example_complex.py took 0.056 seconds
[2024-08-09T13:11:57.413-0400] {processor.py:161} INFO - Started process (PID=21415) to work on /Users/jakeliu/we-defend-truth-1/airflow_env/lib/python3.12/site-packages/airflow/example_dags/example_complex.py
[2024-08-09T13:11:57.414-0400] {processor.py:830} INFO - Processing file /Users/jakeliu/we-defend-truth-1/airflow_env/lib/python3.12/site-packages/airflow/example_dags/example_complex.py for tasks to queue
[2024-08-09T13:11:57.415-0400] {logging_mixin.py:188} INFO - [2024-08-09T13:11:57.415-0400] {dagbag.py:545} INFO - Filling up the DagBag from /Users/jakeliu/we-defend-truth-1/airflow_env/lib/python3.12/site-packages/airflow/example_dags/example_complex.py
[2024-08-09T13:11:57.420-0400] {processor.py:840} INFO - DAG(s) 'example_complex' retrieved from /Users/jakeliu/we-defend-truth-1/airflow_env/lib/python3.12/site-packages/airflow/example_dags/example_complex.py
[2024-08-09T13:11:57.454-0400] {logging_mixin.py:188} INFO - [2024-08-09T13:11:57.454-0400] {dag.py:3089} INFO - Sync 1 DAGs
[2024-08-09T13:11:57.458-0400] {logging_mixin.py:188} INFO - [2024-08-09T13:11:57.458-0400] {dag.py:3947} INFO - Setting next_dagrun for example_complex to None, run_after=None
[2024-08-09T13:11:57.464-0400] {processor.py:183} INFO - Processing /Users/jakeliu/we-defend-truth-1/airflow_env/lib/python3.12/site-packages/airflow/example_dags/example_complex.py took 0.051 seconds
[2024-08-09T13:13:50.201-0400] {processor.py:161} INFO - Started process (PID=21515) to work on /Users/jakeliu/we-defend-truth-1/airflow_env/lib/python3.12/site-packages/airflow/example_dags/example_complex.py
[2024-08-09T13:13:50.202-0400] {processor.py:830} INFO - Processing file /Users/jakeliu/we-defend-truth-1/airflow_env/lib/python3.12/site-packages/airflow/example_dags/example_complex.py for tasks to queue
[2024-08-09T13:13:50.202-0400] {logging_mixin.py:188} INFO - [2024-08-09T13:13:50.202-0400] {dagbag.py:545} INFO - Filling up the DagBag from /Users/jakeliu/we-defend-truth-1/airflow_env/lib/python3.12/site-packages/airflow/example_dags/example_complex.py
[2024-08-09T13:13:50.207-0400] {processor.py:840} INFO - DAG(s) 'example_complex' retrieved from /Users/jakeliu/we-defend-truth-1/airflow_env/lib/python3.12/site-packages/airflow/example_dags/example_complex.py
[2024-08-09T13:13:50.245-0400] {logging_mixin.py:188} INFO - [2024-08-09T13:13:50.245-0400] {dag.py:3089} INFO - Sync 1 DAGs
[2024-08-09T13:13:50.248-0400] {logging_mixin.py:188} INFO - [2024-08-09T13:13:50.248-0400] {dag.py:3947} INFO - Setting next_dagrun for example_complex to None, run_after=None
[2024-08-09T13:13:50.256-0400] {processor.py:183} INFO - Processing /Users/jakeliu/we-defend-truth-1/airflow_env/lib/python3.12/site-packages/airflow/example_dags/example_complex.py took 0.055 seconds
[2024-08-09T13:15:47.531-0400] {processor.py:161} INFO - Started process (PID=21627) to work on /Users/jakeliu/we-defend-truth-1/airflow_env/lib/python3.12/site-packages/airflow/example_dags/example_complex.py
[2024-08-09T13:15:47.532-0400] {processor.py:830} INFO - Processing file /Users/jakeliu/we-defend-truth-1/airflow_env/lib/python3.12/site-packages/airflow/example_dags/example_complex.py for tasks to queue
[2024-08-09T13:15:47.532-0400] {logging_mixin.py:188} INFO - [2024-08-09T13:15:47.532-0400] {dagbag.py:545} INFO - Filling up the DagBag from /Users/jakeliu/we-defend-truth-1/airflow_env/lib/python3.12/site-packages/airflow/example_dags/example_complex.py
[2024-08-09T13:15:47.537-0400] {processor.py:840} INFO - DAG(s) 'example_complex' retrieved from /Users/jakeliu/we-defend-truth-1/airflow_env/lib/python3.12/site-packages/airflow/example_dags/example_complex.py
[2024-08-09T13:15:47.571-0400] {logging_mixin.py:188} INFO - [2024-08-09T13:15:47.571-0400] {dag.py:3089} INFO - Sync 1 DAGs
[2024-08-09T13:15:47.575-0400] {logging_mixin.py:188} INFO - [2024-08-09T13:15:47.575-0400] {dag.py:3947} INFO - Setting next_dagrun for example_complex to None, run_after=None
[2024-08-09T13:15:47.581-0400] {processor.py:183} INFO - Processing /Users/jakeliu/we-defend-truth-1/airflow_env/lib/python3.12/site-packages/airflow/example_dags/example_complex.py took 0.052 seconds
[2024-08-09T13:17:36.772-0400] {processor.py:161} INFO - Started process (PID=21803) to work on /Users/jakeliu/we-defend-truth-1/airflow_env/lib/python3.12/site-packages/airflow/example_dags/example_complex.py
[2024-08-09T13:17:36.774-0400] {processor.py:830} INFO - Processing file /Users/jakeliu/we-defend-truth-1/airflow_env/lib/python3.12/site-packages/airflow/example_dags/example_complex.py for tasks to queue
[2024-08-09T13:17:36.774-0400] {logging_mixin.py:188} INFO - [2024-08-09T13:17:36.774-0400] {dagbag.py:545} INFO - Filling up the DagBag from /Users/jakeliu/we-defend-truth-1/airflow_env/lib/python3.12/site-packages/airflow/example_dags/example_complex.py
[2024-08-09T13:17:36.778-0400] {processor.py:840} INFO - DAG(s) 'example_complex' retrieved from /Users/jakeliu/we-defend-truth-1/airflow_env/lib/python3.12/site-packages/airflow/example_dags/example_complex.py
[2024-08-09T13:17:36.812-0400] {logging_mixin.py:188} INFO - [2024-08-09T13:17:36.812-0400] {dag.py:3089} INFO - Sync 1 DAGs
[2024-08-09T13:17:36.816-0400] {logging_mixin.py:188} INFO - [2024-08-09T13:17:36.816-0400] {dag.py:3947} INFO - Setting next_dagrun for example_complex to None, run_after=None
[2024-08-09T13:17:36.822-0400] {processor.py:183} INFO - Processing /Users/jakeliu/we-defend-truth-1/airflow_env/lib/python3.12/site-packages/airflow/example_dags/example_complex.py took 0.050 seconds
[2024-08-09T13:19:19.227-0400] {processor.py:161} INFO - Started process (PID=21897) to work on /Users/jakeliu/we-defend-truth-1/airflow_env/lib/python3.12/site-packages/airflow/example_dags/example_complex.py
[2024-08-09T13:19:19.228-0400] {processor.py:830} INFO - Processing file /Users/jakeliu/we-defend-truth-1/airflow_env/lib/python3.12/site-packages/airflow/example_dags/example_complex.py for tasks to queue
[2024-08-09T13:19:19.228-0400] {logging_mixin.py:188} INFO - [2024-08-09T13:19:19.228-0400] {dagbag.py:545} INFO - Filling up the DagBag from /Users/jakeliu/we-defend-truth-1/airflow_env/lib/python3.12/site-packages/airflow/example_dags/example_complex.py
[2024-08-09T13:19:19.234-0400] {processor.py:840} INFO - DAG(s) 'example_complex' retrieved from /Users/jakeliu/we-defend-truth-1/airflow_env/lib/python3.12/site-packages/airflow/example_dags/example_complex.py
[2024-08-09T13:19:19.273-0400] {logging_mixin.py:188} INFO - [2024-08-09T13:19:19.273-0400] {dag.py:3089} INFO - Sync 1 DAGs
[2024-08-09T13:19:19.277-0400] {logging_mixin.py:188} INFO - [2024-08-09T13:19:19.277-0400] {dag.py:3947} INFO - Setting next_dagrun for example_complex to None, run_after=None
[2024-08-09T13:19:19.284-0400] {processor.py:183} INFO - Processing /Users/jakeliu/we-defend-truth-1/airflow_env/lib/python3.12/site-packages/airflow/example_dags/example_complex.py took 0.058 seconds
[2024-08-09T13:21:00.741-0400] {processor.py:161} INFO - Started process (PID=22559) to work on /Users/jakeliu/we-defend-truth-1/airflow_env/lib/python3.12/site-packages/airflow/example_dags/example_complex.py
[2024-08-09T13:21:00.742-0400] {processor.py:830} INFO - Processing file /Users/jakeliu/we-defend-truth-1/airflow_env/lib/python3.12/site-packages/airflow/example_dags/example_complex.py for tasks to queue
[2024-08-09T13:21:00.742-0400] {logging_mixin.py:188} INFO - [2024-08-09T13:21:00.742-0400] {dagbag.py:545} INFO - Filling up the DagBag from /Users/jakeliu/we-defend-truth-1/airflow_env/lib/python3.12/site-packages/airflow/example_dags/example_complex.py
[2024-08-09T13:21:00.746-0400] {processor.py:840} INFO - DAG(s) 'example_complex' retrieved from /Users/jakeliu/we-defend-truth-1/airflow_env/lib/python3.12/site-packages/airflow/example_dags/example_complex.py
[2024-08-09T13:21:00.781-0400] {logging_mixin.py:188} INFO - [2024-08-09T13:21:00.781-0400] {dag.py:3089} INFO - Sync 1 DAGs
[2024-08-09T13:21:00.784-0400] {logging_mixin.py:188} INFO - [2024-08-09T13:21:00.784-0400] {dag.py:3947} INFO - Setting next_dagrun for example_complex to None, run_after=None
[2024-08-09T13:21:00.791-0400] {processor.py:183} INFO - Processing /Users/jakeliu/we-defend-truth-1/airflow_env/lib/python3.12/site-packages/airflow/example_dags/example_complex.py took 0.051 seconds
[2024-08-09T13:22:44.369-0400] {processor.py:161} INFO - Started process (PID=22672) to work on /Users/jakeliu/we-defend-truth-1/airflow_env/lib/python3.12/site-packages/airflow/example_dags/example_complex.py
[2024-08-09T13:22:44.370-0400] {processor.py:830} INFO - Processing file /Users/jakeliu/we-defend-truth-1/airflow_env/lib/python3.12/site-packages/airflow/example_dags/example_complex.py for tasks to queue
[2024-08-09T13:22:44.370-0400] {logging_mixin.py:188} INFO - [2024-08-09T13:22:44.370-0400] {dagbag.py:545} INFO - Filling up the DagBag from /Users/jakeliu/we-defend-truth-1/airflow_env/lib/python3.12/site-packages/airflow/example_dags/example_complex.py
[2024-08-09T13:22:44.375-0400] {processor.py:840} INFO - DAG(s) 'example_complex' retrieved from /Users/jakeliu/we-defend-truth-1/airflow_env/lib/python3.12/site-packages/airflow/example_dags/example_complex.py
[2024-08-09T13:22:44.409-0400] {logging_mixin.py:188} INFO - [2024-08-09T13:22:44.409-0400] {dag.py:3089} INFO - Sync 1 DAGs
[2024-08-09T13:22:44.413-0400] {logging_mixin.py:188} INFO - [2024-08-09T13:22:44.413-0400] {dag.py:3947} INFO - Setting next_dagrun for example_complex to None, run_after=None
[2024-08-09T13:22:44.419-0400] {processor.py:183} INFO - Processing /Users/jakeliu/we-defend-truth-1/airflow_env/lib/python3.12/site-packages/airflow/example_dags/example_complex.py took 0.051 seconds
[2024-08-09T13:24:25.196-0400] {processor.py:161} INFO - Started process (PID=22764) to work on /Users/jakeliu/we-defend-truth-1/airflow_env/lib/python3.12/site-packages/airflow/example_dags/example_complex.py
[2024-08-09T13:24:25.196-0400] {processor.py:830} INFO - Processing file /Users/jakeliu/we-defend-truth-1/airflow_env/lib/python3.12/site-packages/airflow/example_dags/example_complex.py for tasks to queue
[2024-08-09T13:24:25.197-0400] {logging_mixin.py:188} INFO - [2024-08-09T13:24:25.197-0400] {dagbag.py:545} INFO - Filling up the DagBag from /Users/jakeliu/we-defend-truth-1/airflow_env/lib/python3.12/site-packages/airflow/example_dags/example_complex.py
[2024-08-09T13:24:25.202-0400] {processor.py:840} INFO - DAG(s) 'example_complex' retrieved from /Users/jakeliu/we-defend-truth-1/airflow_env/lib/python3.12/site-packages/airflow/example_dags/example_complex.py
[2024-08-09T13:24:25.237-0400] {logging_mixin.py:188} INFO - [2024-08-09T13:24:25.237-0400] {dag.py:3089} INFO - Sync 1 DAGs
[2024-08-09T13:24:25.241-0400] {logging_mixin.py:188} INFO - [2024-08-09T13:24:25.241-0400] {dag.py:3947} INFO - Setting next_dagrun for example_complex to None, run_after=None
[2024-08-09T13:24:25.248-0400] {processor.py:183} INFO - Processing /Users/jakeliu/we-defend-truth-1/airflow_env/lib/python3.12/site-packages/airflow/example_dags/example_complex.py took 0.053 seconds
[2024-08-09T13:26:21.530-0400] {processor.py:161} INFO - Started process (PID=22906) to work on /Users/jakeliu/we-defend-truth-1/airflow_env/lib/python3.12/site-packages/airflow/example_dags/example_complex.py
[2024-08-09T13:26:21.531-0400] {processor.py:830} INFO - Processing file /Users/jakeliu/we-defend-truth-1/airflow_env/lib/python3.12/site-packages/airflow/example_dags/example_complex.py for tasks to queue
[2024-08-09T13:26:21.532-0400] {logging_mixin.py:188} INFO - [2024-08-09T13:26:21.532-0400] {dagbag.py:545} INFO - Filling up the DagBag from /Users/jakeliu/we-defend-truth-1/airflow_env/lib/python3.12/site-packages/airflow/example_dags/example_complex.py
[2024-08-09T13:26:21.536-0400] {processor.py:840} INFO - DAG(s) 'example_complex' retrieved from /Users/jakeliu/we-defend-truth-1/airflow_env/lib/python3.12/site-packages/airflow/example_dags/example_complex.py
[2024-08-09T13:26:21.570-0400] {logging_mixin.py:188} INFO - [2024-08-09T13:26:21.570-0400] {dag.py:3089} INFO - Sync 1 DAGs
[2024-08-09T13:26:21.574-0400] {logging_mixin.py:188} INFO - [2024-08-09T13:26:21.574-0400] {dag.py:3947} INFO - Setting next_dagrun for example_complex to None, run_after=None
[2024-08-09T13:26:21.580-0400] {processor.py:183} INFO - Processing /Users/jakeliu/we-defend-truth-1/airflow_env/lib/python3.12/site-packages/airflow/example_dags/example_complex.py took 0.051 seconds
[2024-08-09T13:28:18.701-0400] {processor.py:161} INFO - Started process (PID=23133) to work on /Users/jakeliu/we-defend-truth-1/airflow_env/lib/python3.12/site-packages/airflow/example_dags/example_complex.py
[2024-08-09T13:28:18.702-0400] {processor.py:830} INFO - Processing file /Users/jakeliu/we-defend-truth-1/airflow_env/lib/python3.12/site-packages/airflow/example_dags/example_complex.py for tasks to queue
[2024-08-09T13:28:18.702-0400] {logging_mixin.py:188} INFO - [2024-08-09T13:28:18.702-0400] {dagbag.py:545} INFO - Filling up the DagBag from /Users/jakeliu/we-defend-truth-1/airflow_env/lib/python3.12/site-packages/airflow/example_dags/example_complex.py
[2024-08-09T13:28:18.708-0400] {processor.py:840} INFO - DAG(s) 'example_complex' retrieved from /Users/jakeliu/we-defend-truth-1/airflow_env/lib/python3.12/site-packages/airflow/example_dags/example_complex.py
[2024-08-09T13:28:18.745-0400] {logging_mixin.py:188} INFO - [2024-08-09T13:28:18.745-0400] {dag.py:3089} INFO - Sync 1 DAGs
[2024-08-09T13:28:18.749-0400] {logging_mixin.py:188} INFO - [2024-08-09T13:28:18.749-0400] {dag.py:3947} INFO - Setting next_dagrun for example_complex to None, run_after=None
[2024-08-09T13:28:18.755-0400] {processor.py:183} INFO - Processing /Users/jakeliu/we-defend-truth-1/airflow_env/lib/python3.12/site-packages/airflow/example_dags/example_complex.py took 0.055 seconds
[2024-08-09T13:30:08.613-0400] {processor.py:161} INFO - Started process (PID=23411) to work on /Users/jakeliu/we-defend-truth-1/airflow_env/lib/python3.12/site-packages/airflow/example_dags/example_complex.py
[2024-08-09T13:30:08.614-0400] {processor.py:830} INFO - Processing file /Users/jakeliu/we-defend-truth-1/airflow_env/lib/python3.12/site-packages/airflow/example_dags/example_complex.py for tasks to queue
[2024-08-09T13:30:08.614-0400] {logging_mixin.py:188} INFO - [2024-08-09T13:30:08.614-0400] {dagbag.py:545} INFO - Filling up the DagBag from /Users/jakeliu/we-defend-truth-1/airflow_env/lib/python3.12/site-packages/airflow/example_dags/example_complex.py
[2024-08-09T13:30:08.619-0400] {processor.py:840} INFO - DAG(s) 'example_complex' retrieved from /Users/jakeliu/we-defend-truth-1/airflow_env/lib/python3.12/site-packages/airflow/example_dags/example_complex.py
[2024-08-09T13:30:08.653-0400] {logging_mixin.py:188} INFO - [2024-08-09T13:30:08.653-0400] {dag.py:3089} INFO - Sync 1 DAGs
[2024-08-09T13:30:08.656-0400] {logging_mixin.py:188} INFO - [2024-08-09T13:30:08.656-0400] {dag.py:3947} INFO - Setting next_dagrun for example_complex to None, run_after=None
[2024-08-09T13:30:08.662-0400] {processor.py:183} INFO - Processing /Users/jakeliu/we-defend-truth-1/airflow_env/lib/python3.12/site-packages/airflow/example_dags/example_complex.py took 0.050 seconds
[2024-08-09T13:32:04.298-0400] {processor.py:161} INFO - Started process (PID=23611) to work on /Users/jakeliu/we-defend-truth-1/airflow_env/lib/python3.12/site-packages/airflow/example_dags/example_complex.py
[2024-08-09T13:32:04.299-0400] {processor.py:830} INFO - Processing file /Users/jakeliu/we-defend-truth-1/airflow_env/lib/python3.12/site-packages/airflow/example_dags/example_complex.py for tasks to queue
[2024-08-09T13:32:04.299-0400] {logging_mixin.py:188} INFO - [2024-08-09T13:32:04.299-0400] {dagbag.py:545} INFO - Filling up the DagBag from /Users/jakeliu/we-defend-truth-1/airflow_env/lib/python3.12/site-packages/airflow/example_dags/example_complex.py
[2024-08-09T13:32:04.305-0400] {processor.py:840} INFO - DAG(s) 'example_complex' retrieved from /Users/jakeliu/we-defend-truth-1/airflow_env/lib/python3.12/site-packages/airflow/example_dags/example_complex.py
[2024-08-09T13:32:04.344-0400] {logging_mixin.py:188} INFO - [2024-08-09T13:32:04.344-0400] {dag.py:3089} INFO - Sync 1 DAGs
[2024-08-09T13:32:04.348-0400] {logging_mixin.py:188} INFO - [2024-08-09T13:32:04.348-0400] {dag.py:3947} INFO - Setting next_dagrun for example_complex to None, run_after=None
[2024-08-09T13:32:04.355-0400] {processor.py:183} INFO - Processing /Users/jakeliu/we-defend-truth-1/airflow_env/lib/python3.12/site-packages/airflow/example_dags/example_complex.py took 0.058 seconds
[2024-08-09T13:33:59.471-0400] {processor.py:161} INFO - Started process (PID=23725) to work on /Users/jakeliu/we-defend-truth-1/airflow_env/lib/python3.12/site-packages/airflow/example_dags/example_complex.py
[2024-08-09T13:33:59.472-0400] {processor.py:830} INFO - Processing file /Users/jakeliu/we-defend-truth-1/airflow_env/lib/python3.12/site-packages/airflow/example_dags/example_complex.py for tasks to queue
[2024-08-09T13:33:59.472-0400] {logging_mixin.py:188} INFO - [2024-08-09T13:33:59.472-0400] {dagbag.py:545} INFO - Filling up the DagBag from /Users/jakeliu/we-defend-truth-1/airflow_env/lib/python3.12/site-packages/airflow/example_dags/example_complex.py
[2024-08-09T13:33:59.478-0400] {processor.py:840} INFO - DAG(s) 'example_complex' retrieved from /Users/jakeliu/we-defend-truth-1/airflow_env/lib/python3.12/site-packages/airflow/example_dags/example_complex.py
[2024-08-09T13:33:59.516-0400] {logging_mixin.py:188} INFO - [2024-08-09T13:33:59.516-0400] {dag.py:3089} INFO - Sync 1 DAGs
[2024-08-09T13:33:59.520-0400] {logging_mixin.py:188} INFO - [2024-08-09T13:33:59.520-0400] {dag.py:3947} INFO - Setting next_dagrun for example_complex to None, run_after=None
[2024-08-09T13:33:59.527-0400] {processor.py:183} INFO - Processing /Users/jakeliu/we-defend-truth-1/airflow_env/lib/python3.12/site-packages/airflow/example_dags/example_complex.py took 0.057 seconds
[2024-08-09T13:35:45.169-0400] {processor.py:161} INFO - Started process (PID=23873) to work on /Users/jakeliu/we-defend-truth-1/airflow_env/lib/python3.12/site-packages/airflow/example_dags/example_complex.py
[2024-08-09T13:35:45.170-0400] {processor.py:830} INFO - Processing file /Users/jakeliu/we-defend-truth-1/airflow_env/lib/python3.12/site-packages/airflow/example_dags/example_complex.py for tasks to queue
[2024-08-09T13:35:45.170-0400] {logging_mixin.py:188} INFO - [2024-08-09T13:35:45.170-0400] {dagbag.py:545} INFO - Filling up the DagBag from /Users/jakeliu/we-defend-truth-1/airflow_env/lib/python3.12/site-packages/airflow/example_dags/example_complex.py
[2024-08-09T13:35:45.175-0400] {processor.py:840} INFO - DAG(s) 'example_complex' retrieved from /Users/jakeliu/we-defend-truth-1/airflow_env/lib/python3.12/site-packages/airflow/example_dags/example_complex.py
[2024-08-09T13:35:45.209-0400] {logging_mixin.py:188} INFO - [2024-08-09T13:35:45.209-0400] {dag.py:3089} INFO - Sync 1 DAGs
[2024-08-09T13:35:45.212-0400] {logging_mixin.py:188} INFO - [2024-08-09T13:35:45.212-0400] {dag.py:3947} INFO - Setting next_dagrun for example_complex to None, run_after=None
[2024-08-09T13:35:45.219-0400] {processor.py:183} INFO - Processing /Users/jakeliu/we-defend-truth-1/airflow_env/lib/python3.12/site-packages/airflow/example_dags/example_complex.py took 0.051 seconds
[2024-08-09T13:37:32.815-0400] {processor.py:161} INFO - Started process (PID=23965) to work on /Users/jakeliu/we-defend-truth-1/airflow_env/lib/python3.12/site-packages/airflow/example_dags/example_complex.py
[2024-08-09T13:37:32.816-0400] {processor.py:830} INFO - Processing file /Users/jakeliu/we-defend-truth-1/airflow_env/lib/python3.12/site-packages/airflow/example_dags/example_complex.py for tasks to queue
[2024-08-09T13:37:32.816-0400] {logging_mixin.py:188} INFO - [2024-08-09T13:37:32.816-0400] {dagbag.py:545} INFO - Filling up the DagBag from /Users/jakeliu/we-defend-truth-1/airflow_env/lib/python3.12/site-packages/airflow/example_dags/example_complex.py
[2024-08-09T13:37:32.821-0400] {processor.py:840} INFO - DAG(s) 'example_complex' retrieved from /Users/jakeliu/we-defend-truth-1/airflow_env/lib/python3.12/site-packages/airflow/example_dags/example_complex.py
[2024-08-09T13:37:32.855-0400] {logging_mixin.py:188} INFO - [2024-08-09T13:37:32.855-0400] {dag.py:3089} INFO - Sync 1 DAGs
[2024-08-09T13:37:32.859-0400] {logging_mixin.py:188} INFO - [2024-08-09T13:37:32.859-0400] {dag.py:3947} INFO - Setting next_dagrun for example_complex to None, run_after=None
[2024-08-09T13:37:32.865-0400] {processor.py:183} INFO - Processing /Users/jakeliu/we-defend-truth-1/airflow_env/lib/python3.12/site-packages/airflow/example_dags/example_complex.py took 0.051 seconds
[2024-08-09T13:39:30.048-0400] {processor.py:161} INFO - Started process (PID=24041) to work on /Users/jakeliu/we-defend-truth-1/airflow_env/lib/python3.12/site-packages/airflow/example_dags/example_complex.py
[2024-08-09T13:39:30.048-0400] {processor.py:830} INFO - Processing file /Users/jakeliu/we-defend-truth-1/airflow_env/lib/python3.12/site-packages/airflow/example_dags/example_complex.py for tasks to queue
[2024-08-09T13:39:30.049-0400] {logging_mixin.py:188} INFO - [2024-08-09T13:39:30.049-0400] {dagbag.py:545} INFO - Filling up the DagBag from /Users/jakeliu/we-defend-truth-1/airflow_env/lib/python3.12/site-packages/airflow/example_dags/example_complex.py
[2024-08-09T13:39:30.053-0400] {processor.py:840} INFO - DAG(s) 'example_complex' retrieved from /Users/jakeliu/we-defend-truth-1/airflow_env/lib/python3.12/site-packages/airflow/example_dags/example_complex.py
[2024-08-09T13:39:30.087-0400] {logging_mixin.py:188} INFO - [2024-08-09T13:39:30.087-0400] {dag.py:3089} INFO - Sync 1 DAGs
[2024-08-09T13:39:30.091-0400] {logging_mixin.py:188} INFO - [2024-08-09T13:39:30.091-0400] {dag.py:3947} INFO - Setting next_dagrun for example_complex to None, run_after=None
[2024-08-09T13:39:30.097-0400] {processor.py:183} INFO - Processing /Users/jakeliu/we-defend-truth-1/airflow_env/lib/python3.12/site-packages/airflow/example_dags/example_complex.py took 0.050 seconds
[2024-08-09T13:41:15.094-0400] {processor.py:161} INFO - Started process (PID=24154) to work on /Users/jakeliu/we-defend-truth-1/airflow_env/lib/python3.12/site-packages/airflow/example_dags/example_complex.py
[2024-08-09T13:41:15.098-0400] {processor.py:830} INFO - Processing file /Users/jakeliu/we-defend-truth-1/airflow_env/lib/python3.12/site-packages/airflow/example_dags/example_complex.py for tasks to queue
[2024-08-09T13:41:15.098-0400] {logging_mixin.py:188} INFO - [2024-08-09T13:41:15.098-0400] {dagbag.py:545} INFO - Filling up the DagBag from /Users/jakeliu/we-defend-truth-1/airflow_env/lib/python3.12/site-packages/airflow/example_dags/example_complex.py
[2024-08-09T13:41:15.103-0400] {processor.py:840} INFO - DAG(s) 'example_complex' retrieved from /Users/jakeliu/we-defend-truth-1/airflow_env/lib/python3.12/site-packages/airflow/example_dags/example_complex.py
[2024-08-09T13:41:15.137-0400] {logging_mixin.py:188} INFO - [2024-08-09T13:41:15.136-0400] {dag.py:3089} INFO - Sync 1 DAGs
[2024-08-09T13:41:15.140-0400] {logging_mixin.py:188} INFO - [2024-08-09T13:41:15.140-0400] {dag.py:3947} INFO - Setting next_dagrun for example_complex to None, run_after=None
[2024-08-09T13:41:15.146-0400] {processor.py:183} INFO - Processing /Users/jakeliu/we-defend-truth-1/airflow_env/lib/python3.12/site-packages/airflow/example_dags/example_complex.py took 0.052 seconds
[2024-08-09T13:43:08.453-0400] {processor.py:161} INFO - Started process (PID=24348) to work on /Users/jakeliu/we-defend-truth-1/airflow_env/lib/python3.12/site-packages/airflow/example_dags/example_complex.py
[2024-08-09T13:43:08.454-0400] {processor.py:830} INFO - Processing file /Users/jakeliu/we-defend-truth-1/airflow_env/lib/python3.12/site-packages/airflow/example_dags/example_complex.py for tasks to queue
[2024-08-09T13:43:08.454-0400] {logging_mixin.py:188} INFO - [2024-08-09T13:43:08.454-0400] {dagbag.py:545} INFO - Filling up the DagBag from /Users/jakeliu/we-defend-truth-1/airflow_env/lib/python3.12/site-packages/airflow/example_dags/example_complex.py
[2024-08-09T13:43:08.459-0400] {processor.py:840} INFO - DAG(s) 'example_complex' retrieved from /Users/jakeliu/we-defend-truth-1/airflow_env/lib/python3.12/site-packages/airflow/example_dags/example_complex.py
[2024-08-09T13:43:08.495-0400] {logging_mixin.py:188} INFO - [2024-08-09T13:43:08.494-0400] {dag.py:3089} INFO - Sync 1 DAGs
[2024-08-09T13:43:08.498-0400] {logging_mixin.py:188} INFO - [2024-08-09T13:43:08.498-0400] {dag.py:3947} INFO - Setting next_dagrun for example_complex to None, run_after=None
[2024-08-09T13:43:08.504-0400] {processor.py:183} INFO - Processing /Users/jakeliu/we-defend-truth-1/airflow_env/lib/python3.12/site-packages/airflow/example_dags/example_complex.py took 0.053 seconds
[2024-08-09T13:44:49.897-0400] {processor.py:161} INFO - Started process (PID=24417) to work on /Users/jakeliu/we-defend-truth-1/airflow_env/lib/python3.12/site-packages/airflow/example_dags/example_complex.py
[2024-08-09T13:44:49.898-0400] {processor.py:830} INFO - Processing file /Users/jakeliu/we-defend-truth-1/airflow_env/lib/python3.12/site-packages/airflow/example_dags/example_complex.py for tasks to queue
[2024-08-09T13:44:49.898-0400] {logging_mixin.py:188} INFO - [2024-08-09T13:44:49.898-0400] {dagbag.py:545} INFO - Filling up the DagBag from /Users/jakeliu/we-defend-truth-1/airflow_env/lib/python3.12/site-packages/airflow/example_dags/example_complex.py
[2024-08-09T13:44:49.903-0400] {processor.py:840} INFO - DAG(s) 'example_complex' retrieved from /Users/jakeliu/we-defend-truth-1/airflow_env/lib/python3.12/site-packages/airflow/example_dags/example_complex.py
[2024-08-09T13:44:49.938-0400] {logging_mixin.py:188} INFO - [2024-08-09T13:44:49.938-0400] {dag.py:3089} INFO - Sync 1 DAGs
[2024-08-09T13:44:49.941-0400] {logging_mixin.py:188} INFO - [2024-08-09T13:44:49.941-0400] {dag.py:3947} INFO - Setting next_dagrun for example_complex to None, run_after=None
[2024-08-09T13:44:49.947-0400] {processor.py:183} INFO - Processing /Users/jakeliu/we-defend-truth-1/airflow_env/lib/python3.12/site-packages/airflow/example_dags/example_complex.py took 0.051 seconds
[2024-08-09T13:46:32.609-0400] {processor.py:161} INFO - Started process (PID=24488) to work on /Users/jakeliu/we-defend-truth-1/airflow_env/lib/python3.12/site-packages/airflow/example_dags/example_complex.py
[2024-08-09T13:46:32.610-0400] {processor.py:830} INFO - Processing file /Users/jakeliu/we-defend-truth-1/airflow_env/lib/python3.12/site-packages/airflow/example_dags/example_complex.py for tasks to queue
[2024-08-09T13:46:32.610-0400] {logging_mixin.py:188} INFO - [2024-08-09T13:46:32.610-0400] {dagbag.py:545} INFO - Filling up the DagBag from /Users/jakeliu/we-defend-truth-1/airflow_env/lib/python3.12/site-packages/airflow/example_dags/example_complex.py
[2024-08-09T13:46:32.615-0400] {processor.py:840} INFO - DAG(s) 'example_complex' retrieved from /Users/jakeliu/we-defend-truth-1/airflow_env/lib/python3.12/site-packages/airflow/example_dags/example_complex.py
[2024-08-09T13:46:32.649-0400] {logging_mixin.py:188} INFO - [2024-08-09T13:46:32.649-0400] {dag.py:3089} INFO - Sync 1 DAGs
[2024-08-09T13:46:32.652-0400] {logging_mixin.py:188} INFO - [2024-08-09T13:46:32.652-0400] {dag.py:3947} INFO - Setting next_dagrun for example_complex to None, run_after=None
[2024-08-09T13:46:32.658-0400] {processor.py:183} INFO - Processing /Users/jakeliu/we-defend-truth-1/airflow_env/lib/python3.12/site-packages/airflow/example_dags/example_complex.py took 0.051 seconds
[2024-08-09T13:48:11.935-0400] {processor.py:161} INFO - Started process (PID=24560) to work on /Users/jakeliu/we-defend-truth-1/airflow_env/lib/python3.12/site-packages/airflow/example_dags/example_complex.py
[2024-08-09T13:48:11.936-0400] {processor.py:830} INFO - Processing file /Users/jakeliu/we-defend-truth-1/airflow_env/lib/python3.12/site-packages/airflow/example_dags/example_complex.py for tasks to queue
[2024-08-09T13:48:11.937-0400] {logging_mixin.py:188} INFO - [2024-08-09T13:48:11.937-0400] {dagbag.py:545} INFO - Filling up the DagBag from /Users/jakeliu/we-defend-truth-1/airflow_env/lib/python3.12/site-packages/airflow/example_dags/example_complex.py
[2024-08-09T13:48:11.942-0400] {processor.py:840} INFO - DAG(s) 'example_complex' retrieved from /Users/jakeliu/we-defend-truth-1/airflow_env/lib/python3.12/site-packages/airflow/example_dags/example_complex.py
[2024-08-09T13:48:11.977-0400] {logging_mixin.py:188} INFO - [2024-08-09T13:48:11.976-0400] {dag.py:3089} INFO - Sync 1 DAGs
[2024-08-09T13:48:11.980-0400] {logging_mixin.py:188} INFO - [2024-08-09T13:48:11.980-0400] {dag.py:3947} INFO - Setting next_dagrun for example_complex to None, run_after=None
[2024-08-09T13:48:11.986-0400] {processor.py:183} INFO - Processing /Users/jakeliu/we-defend-truth-1/airflow_env/lib/python3.12/site-packages/airflow/example_dags/example_complex.py took 0.052 seconds
[2024-08-09T13:49:53.573-0400] {processor.py:161} INFO - Started process (PID=24639) to work on /Users/jakeliu/we-defend-truth-1/airflow_env/lib/python3.12/site-packages/airflow/example_dags/example_complex.py
[2024-08-09T13:49:53.573-0400] {processor.py:830} INFO - Processing file /Users/jakeliu/we-defend-truth-1/airflow_env/lib/python3.12/site-packages/airflow/example_dags/example_complex.py for tasks to queue
[2024-08-09T13:49:53.574-0400] {logging_mixin.py:188} INFO - [2024-08-09T13:49:53.574-0400] {dagbag.py:545} INFO - Filling up the DagBag from /Users/jakeliu/we-defend-truth-1/airflow_env/lib/python3.12/site-packages/airflow/example_dags/example_complex.py
[2024-08-09T13:49:53.578-0400] {processor.py:840} INFO - DAG(s) 'example_complex' retrieved from /Users/jakeliu/we-defend-truth-1/airflow_env/lib/python3.12/site-packages/airflow/example_dags/example_complex.py
[2024-08-09T13:49:53.614-0400] {logging_mixin.py:188} INFO - [2024-08-09T13:49:53.613-0400] {dag.py:3089} INFO - Sync 1 DAGs
[2024-08-09T13:49:53.617-0400] {logging_mixin.py:188} INFO - [2024-08-09T13:49:53.617-0400] {dag.py:3947} INFO - Setting next_dagrun for example_complex to None, run_after=None
[2024-08-09T13:49:53.624-0400] {processor.py:183} INFO - Processing /Users/jakeliu/we-defend-truth-1/airflow_env/lib/python3.12/site-packages/airflow/example_dags/example_complex.py took 0.052 seconds
[2024-08-09T13:51:33.296-0400] {processor.py:161} INFO - Started process (PID=24720) to work on /Users/jakeliu/we-defend-truth-1/airflow_env/lib/python3.12/site-packages/airflow/example_dags/example_complex.py
[2024-08-09T13:51:33.297-0400] {processor.py:830} INFO - Processing file /Users/jakeliu/we-defend-truth-1/airflow_env/lib/python3.12/site-packages/airflow/example_dags/example_complex.py for tasks to queue
[2024-08-09T13:51:33.298-0400] {logging_mixin.py:188} INFO - [2024-08-09T13:51:33.298-0400] {dagbag.py:545} INFO - Filling up the DagBag from /Users/jakeliu/we-defend-truth-1/airflow_env/lib/python3.12/site-packages/airflow/example_dags/example_complex.py
[2024-08-09T13:51:33.302-0400] {processor.py:840} INFO - DAG(s) 'example_complex' retrieved from /Users/jakeliu/we-defend-truth-1/airflow_env/lib/python3.12/site-packages/airflow/example_dags/example_complex.py
[2024-08-09T13:51:33.337-0400] {logging_mixin.py:188} INFO - [2024-08-09T13:51:33.336-0400] {dag.py:3089} INFO - Sync 1 DAGs
[2024-08-09T13:51:33.340-0400] {logging_mixin.py:188} INFO - [2024-08-09T13:51:33.340-0400] {dag.py:3947} INFO - Setting next_dagrun for example_complex to None, run_after=None
[2024-08-09T13:51:33.346-0400] {processor.py:183} INFO - Processing /Users/jakeliu/we-defend-truth-1/airflow_env/lib/python3.12/site-packages/airflow/example_dags/example_complex.py took 0.051 seconds
[2024-08-09T13:53:25.085-0400] {processor.py:161} INFO - Started process (PID=24855) to work on /Users/jakeliu/we-defend-truth-1/airflow_env/lib/python3.12/site-packages/airflow/example_dags/example_complex.py
[2024-08-09T13:53:25.085-0400] {processor.py:830} INFO - Processing file /Users/jakeliu/we-defend-truth-1/airflow_env/lib/python3.12/site-packages/airflow/example_dags/example_complex.py for tasks to queue
[2024-08-09T13:53:25.085-0400] {logging_mixin.py:188} INFO - [2024-08-09T13:53:25.085-0400] {dagbag.py:545} INFO - Filling up the DagBag from /Users/jakeliu/we-defend-truth-1/airflow_env/lib/python3.12/site-packages/airflow/example_dags/example_complex.py
[2024-08-09T13:53:25.090-0400] {processor.py:840} INFO - DAG(s) 'example_complex' retrieved from /Users/jakeliu/we-defend-truth-1/airflow_env/lib/python3.12/site-packages/airflow/example_dags/example_complex.py
[2024-08-09T13:53:25.124-0400] {logging_mixin.py:188} INFO - [2024-08-09T13:53:25.124-0400] {dag.py:3089} INFO - Sync 1 DAGs
[2024-08-09T13:53:25.128-0400] {logging_mixin.py:188} INFO - [2024-08-09T13:53:25.128-0400] {dag.py:3947} INFO - Setting next_dagrun for example_complex to None, run_after=None
[2024-08-09T13:53:25.134-0400] {processor.py:183} INFO - Processing /Users/jakeliu/we-defend-truth-1/airflow_env/lib/python3.12/site-packages/airflow/example_dags/example_complex.py took 0.050 seconds
[2024-08-09T13:55:20.955-0400] {processor.py:161} INFO - Started process (PID=24983) to work on /Users/jakeliu/we-defend-truth-1/airflow_env/lib/python3.12/site-packages/airflow/example_dags/example_complex.py
[2024-08-09T13:55:20.956-0400] {processor.py:830} INFO - Processing file /Users/jakeliu/we-defend-truth-1/airflow_env/lib/python3.12/site-packages/airflow/example_dags/example_complex.py for tasks to queue
[2024-08-09T13:55:20.956-0400] {logging_mixin.py:188} INFO - [2024-08-09T13:55:20.956-0400] {dagbag.py:545} INFO - Filling up the DagBag from /Users/jakeliu/we-defend-truth-1/airflow_env/lib/python3.12/site-packages/airflow/example_dags/example_complex.py
[2024-08-09T13:55:20.961-0400] {processor.py:840} INFO - DAG(s) 'example_complex' retrieved from /Users/jakeliu/we-defend-truth-1/airflow_env/lib/python3.12/site-packages/airflow/example_dags/example_complex.py
[2024-08-09T13:55:20.996-0400] {logging_mixin.py:188} INFO - [2024-08-09T13:55:20.996-0400] {dag.py:3089} INFO - Sync 1 DAGs
[2024-08-09T13:55:21.000-0400] {logging_mixin.py:188} INFO - [2024-08-09T13:55:21.000-0400] {dag.py:3947} INFO - Setting next_dagrun for example_complex to None, run_after=None
[2024-08-09T13:55:21.006-0400] {processor.py:183} INFO - Processing /Users/jakeliu/we-defend-truth-1/airflow_env/lib/python3.12/site-packages/airflow/example_dags/example_complex.py took 0.052 seconds
[2024-08-09T13:57:18.158-0400] {processor.py:161} INFO - Started process (PID=25081) to work on /Users/jakeliu/we-defend-truth-1/airflow_env/lib/python3.12/site-packages/airflow/example_dags/example_complex.py
[2024-08-09T13:57:18.160-0400] {processor.py:830} INFO - Processing file /Users/jakeliu/we-defend-truth-1/airflow_env/lib/python3.12/site-packages/airflow/example_dags/example_complex.py for tasks to queue
[2024-08-09T13:57:18.160-0400] {logging_mixin.py:188} INFO - [2024-08-09T13:57:18.160-0400] {dagbag.py:545} INFO - Filling up the DagBag from /Users/jakeliu/we-defend-truth-1/airflow_env/lib/python3.12/site-packages/airflow/example_dags/example_complex.py
[2024-08-09T13:57:18.165-0400] {processor.py:840} INFO - DAG(s) 'example_complex' retrieved from /Users/jakeliu/we-defend-truth-1/airflow_env/lib/python3.12/site-packages/airflow/example_dags/example_complex.py
[2024-08-09T13:57:18.200-0400] {logging_mixin.py:188} INFO - [2024-08-09T13:57:18.199-0400] {dag.py:3089} INFO - Sync 1 DAGs
[2024-08-09T13:57:18.203-0400] {logging_mixin.py:188} INFO - [2024-08-09T13:57:18.203-0400] {dag.py:3947} INFO - Setting next_dagrun for example_complex to None, run_after=None
[2024-08-09T13:57:18.208-0400] {processor.py:183} INFO - Processing /Users/jakeliu/we-defend-truth-1/airflow_env/lib/python3.12/site-packages/airflow/example_dags/example_complex.py took 0.051 seconds
