[2024-08-09T13:04:00.050-0400] {processor.py:161} INFO - Started process (PID=20888) to work on /Users/jakeliu/we-defend-truth-1/airflow_env/lib/python3.12/site-packages/airflow/example_dags/tutorial_objectstorage.py
[2024-08-09T13:04:00.050-0400] {processor.py:830} INFO - Processing file /Users/jakeliu/we-defend-truth-1/airflow_env/lib/python3.12/site-packages/airflow/example_dags/tutorial_objectstorage.py for tasks to queue
[2024-08-09T13:04:00.051-0400] {logging_mixin.py:188} INFO - [2024-08-09T13:04:00.051-0400] {dagbag.py:545} INFO - Filling up the DagBag from /Users/jakeliu/we-defend-truth-1/airflow_env/lib/python3.12/site-packages/airflow/example_dags/tutorial_objectstorage.py
[2024-08-09T13:04:00.077-0400] {processor.py:840} INFO - DAG(s) 'tutorial_objectstorage' retrieved from /Users/jakeliu/we-defend-truth-1/airflow_env/lib/python3.12/site-packages/airflow/example_dags/tutorial_objectstorage.py
[2024-08-09T13:04:00.081-0400] {logging_mixin.py:188} INFO - [2024-08-09T13:04:00.081-0400] {dag.py:3089} INFO - Sync 1 DAGs
[2024-08-09T13:04:00.105-0400] {logging_mixin.py:188} INFO - [2024-08-09T13:04:00.105-0400] {dag.py:3947} INFO - Setting next_dagrun for tutorial_objectstorage to None, run_after=None
[2024-08-09T13:04:00.112-0400] {processor.py:183} INFO - Processing /Users/jakeliu/we-defend-truth-1/airflow_env/lib/python3.12/site-packages/airflow/example_dags/tutorial_objectstorage.py took 0.063 seconds
[2024-08-09T13:05:26.171-0400] {processor.py:161} INFO - Started process (PID=20958) to work on /Users/jakeliu/we-defend-truth-1/airflow_env/lib/python3.12/site-packages/airflow/example_dags/tutorial_objectstorage.py
[2024-08-09T13:05:26.172-0400] {processor.py:830} INFO - Processing file /Users/jakeliu/we-defend-truth-1/airflow_env/lib/python3.12/site-packages/airflow/example_dags/tutorial_objectstorage.py for tasks to queue
[2024-08-09T13:05:26.172-0400] {logging_mixin.py:188} INFO - [2024-08-09T13:05:26.172-0400] {dagbag.py:545} INFO - Filling up the DagBag from /Users/jakeliu/we-defend-truth-1/airflow_env/lib/python3.12/site-packages/airflow/example_dags/tutorial_objectstorage.py
[2024-08-09T13:05:26.202-0400] {processor.py:840} INFO - DAG(s) 'tutorial_objectstorage' retrieved from /Users/jakeliu/we-defend-truth-1/airflow_env/lib/python3.12/site-packages/airflow/example_dags/tutorial_objectstorage.py
[2024-08-09T13:05:26.257-0400] {logging_mixin.py:188} INFO - [2024-08-09T13:05:26.257-0400] {dag.py:3089} INFO - Sync 1 DAGs
[2024-08-09T13:05:26.260-0400] {logging_mixin.py:188} INFO - [2024-08-09T13:05:26.260-0400] {dag.py:3947} INFO - Setting next_dagrun for tutorial_objectstorage to None, run_after=None
[2024-08-09T13:05:26.266-0400] {processor.py:183} INFO - Processing /Users/jakeliu/we-defend-truth-1/airflow_env/lib/python3.12/site-packages/airflow/example_dags/tutorial_objectstorage.py took 0.096 seconds
[2024-08-09T13:06:20.113-0400] {processor.py:161} INFO - Started process (PID=21022) to work on /Users/jakeliu/we-defend-truth-1/airflow_env/lib/python3.12/site-packages/airflow/example_dags/tutorial_objectstorage.py
[2024-08-09T13:06:20.114-0400] {processor.py:830} INFO - Processing file /Users/jakeliu/we-defend-truth-1/airflow_env/lib/python3.12/site-packages/airflow/example_dags/tutorial_objectstorage.py for tasks to queue
[2024-08-09T13:06:20.114-0400] {logging_mixin.py:188} INFO - [2024-08-09T13:06:20.114-0400] {dagbag.py:545} INFO - Filling up the DagBag from /Users/jakeliu/we-defend-truth-1/airflow_env/lib/python3.12/site-packages/airflow/example_dags/tutorial_objectstorage.py
[2024-08-09T13:06:20.145-0400] {processor.py:840} INFO - DAG(s) 'tutorial_objectstorage' retrieved from /Users/jakeliu/we-defend-truth-1/airflow_env/lib/python3.12/site-packages/airflow/example_dags/tutorial_objectstorage.py
[2024-08-09T13:06:20.175-0400] {logging_mixin.py:188} INFO - [2024-08-09T13:06:20.175-0400] {dag.py:3089} INFO - Sync 1 DAGs
[2024-08-09T13:06:20.178-0400] {logging_mixin.py:188} INFO - [2024-08-09T13:06:20.178-0400] {dag.py:3947} INFO - Setting next_dagrun for tutorial_objectstorage to None, run_after=None
[2024-08-09T13:06:20.184-0400] {processor.py:183} INFO - Processing /Users/jakeliu/we-defend-truth-1/airflow_env/lib/python3.12/site-packages/airflow/example_dags/tutorial_objectstorage.py took 0.072 seconds
[2024-08-09T13:07:12.169-0400] {processor.py:161} INFO - Started process (PID=21099) to work on /Users/jakeliu/we-defend-truth-1/airflow_env/lib/python3.12/site-packages/airflow/example_dags/tutorial_objectstorage.py
[2024-08-09T13:07:12.170-0400] {processor.py:830} INFO - Processing file /Users/jakeliu/we-defend-truth-1/airflow_env/lib/python3.12/site-packages/airflow/example_dags/tutorial_objectstorage.py for tasks to queue
[2024-08-09T13:07:12.170-0400] {logging_mixin.py:188} INFO - [2024-08-09T13:07:12.170-0400] {dagbag.py:545} INFO - Filling up the DagBag from /Users/jakeliu/we-defend-truth-1/airflow_env/lib/python3.12/site-packages/airflow/example_dags/tutorial_objectstorage.py
[2024-08-09T13:07:12.203-0400] {processor.py:840} INFO - DAG(s) 'tutorial_objectstorage' retrieved from /Users/jakeliu/we-defend-truth-1/airflow_env/lib/python3.12/site-packages/airflow/example_dags/tutorial_objectstorage.py
[2024-08-09T13:07:12.233-0400] {logging_mixin.py:188} INFO - [2024-08-09T13:07:12.233-0400] {dag.py:3089} INFO - Sync 1 DAGs
[2024-08-09T13:07:12.236-0400] {logging_mixin.py:188} INFO - [2024-08-09T13:07:12.236-0400] {dag.py:3947} INFO - Setting next_dagrun for tutorial_objectstorage to None, run_after=None
[2024-08-09T13:07:12.242-0400] {processor.py:183} INFO - Processing /Users/jakeliu/we-defend-truth-1/airflow_env/lib/python3.12/site-packages/airflow/example_dags/tutorial_objectstorage.py took 0.074 seconds
[2024-08-09T13:08:04.156-0400] {processor.py:161} INFO - Started process (PID=21174) to work on /Users/jakeliu/we-defend-truth-1/airflow_env/lib/python3.12/site-packages/airflow/example_dags/tutorial_objectstorage.py
[2024-08-09T13:08:04.157-0400] {processor.py:830} INFO - Processing file /Users/jakeliu/we-defend-truth-1/airflow_env/lib/python3.12/site-packages/airflow/example_dags/tutorial_objectstorage.py for tasks to queue
[2024-08-09T13:08:04.157-0400] {logging_mixin.py:188} INFO - [2024-08-09T13:08:04.157-0400] {dagbag.py:545} INFO - Filling up the DagBag from /Users/jakeliu/we-defend-truth-1/airflow_env/lib/python3.12/site-packages/airflow/example_dags/tutorial_objectstorage.py
[2024-08-09T13:08:04.189-0400] {processor.py:840} INFO - DAG(s) 'tutorial_objectstorage' retrieved from /Users/jakeliu/we-defend-truth-1/airflow_env/lib/python3.12/site-packages/airflow/example_dags/tutorial_objectstorage.py
[2024-08-09T13:08:04.219-0400] {logging_mixin.py:188} INFO - [2024-08-09T13:08:04.219-0400] {dag.py:3089} INFO - Sync 1 DAGs
[2024-08-09T13:08:04.222-0400] {logging_mixin.py:188} INFO - [2024-08-09T13:08:04.222-0400] {dag.py:3947} INFO - Setting next_dagrun for tutorial_objectstorage to None, run_after=None
[2024-08-09T13:08:04.228-0400] {processor.py:183} INFO - Processing /Users/jakeliu/we-defend-truth-1/airflow_env/lib/python3.12/site-packages/airflow/example_dags/tutorial_objectstorage.py took 0.072 seconds
[2024-08-09T13:08:55.404-0400] {processor.py:161} INFO - Started process (PID=21224) to work on /Users/jakeliu/we-defend-truth-1/airflow_env/lib/python3.12/site-packages/airflow/example_dags/tutorial_objectstorage.py
[2024-08-09T13:08:55.405-0400] {processor.py:830} INFO - Processing file /Users/jakeliu/we-defend-truth-1/airflow_env/lib/python3.12/site-packages/airflow/example_dags/tutorial_objectstorage.py for tasks to queue
[2024-08-09T13:08:55.405-0400] {logging_mixin.py:188} INFO - [2024-08-09T13:08:55.405-0400] {dagbag.py:545} INFO - Filling up the DagBag from /Users/jakeliu/we-defend-truth-1/airflow_env/lib/python3.12/site-packages/airflow/example_dags/tutorial_objectstorage.py
[2024-08-09T13:08:55.436-0400] {processor.py:840} INFO - DAG(s) 'tutorial_objectstorage' retrieved from /Users/jakeliu/we-defend-truth-1/airflow_env/lib/python3.12/site-packages/airflow/example_dags/tutorial_objectstorage.py
[2024-08-09T13:08:55.465-0400] {logging_mixin.py:188} INFO - [2024-08-09T13:08:55.465-0400] {dag.py:3089} INFO - Sync 1 DAGs
[2024-08-09T13:08:55.468-0400] {logging_mixin.py:188} INFO - [2024-08-09T13:08:55.468-0400] {dag.py:3947} INFO - Setting next_dagrun for tutorial_objectstorage to None, run_after=None
[2024-08-09T13:08:55.475-0400] {processor.py:183} INFO - Processing /Users/jakeliu/we-defend-truth-1/airflow_env/lib/python3.12/site-packages/airflow/example_dags/tutorial_objectstorage.py took 0.072 seconds
[2024-08-09T13:09:45.350-0400] {processor.py:161} INFO - Started process (PID=21291) to work on /Users/jakeliu/we-defend-truth-1/airflow_env/lib/python3.12/site-packages/airflow/example_dags/tutorial_objectstorage.py
[2024-08-09T13:09:45.351-0400] {processor.py:830} INFO - Processing file /Users/jakeliu/we-defend-truth-1/airflow_env/lib/python3.12/site-packages/airflow/example_dags/tutorial_objectstorage.py for tasks to queue
[2024-08-09T13:09:45.351-0400] {logging_mixin.py:188} INFO - [2024-08-09T13:09:45.351-0400] {dagbag.py:545} INFO - Filling up the DagBag from /Users/jakeliu/we-defend-truth-1/airflow_env/lib/python3.12/site-packages/airflow/example_dags/tutorial_objectstorage.py
[2024-08-09T13:09:45.385-0400] {processor.py:840} INFO - DAG(s) 'tutorial_objectstorage' retrieved from /Users/jakeliu/we-defend-truth-1/airflow_env/lib/python3.12/site-packages/airflow/example_dags/tutorial_objectstorage.py
[2024-08-09T13:09:45.418-0400] {logging_mixin.py:188} INFO - [2024-08-09T13:09:45.417-0400] {dag.py:3089} INFO - Sync 1 DAGs
[2024-08-09T13:09:45.421-0400] {logging_mixin.py:188} INFO - [2024-08-09T13:09:45.421-0400] {dag.py:3947} INFO - Setting next_dagrun for tutorial_objectstorage to None, run_after=None
[2024-08-09T13:09:45.427-0400] {processor.py:183} INFO - Processing /Users/jakeliu/we-defend-truth-1/airflow_env/lib/python3.12/site-packages/airflow/example_dags/tutorial_objectstorage.py took 0.078 seconds
[2024-08-09T13:10:37.033-0400] {processor.py:161} INFO - Started process (PID=21338) to work on /Users/jakeliu/we-defend-truth-1/airflow_env/lib/python3.12/site-packages/airflow/example_dags/tutorial_objectstorage.py
[2024-08-09T13:10:37.033-0400] {processor.py:830} INFO - Processing file /Users/jakeliu/we-defend-truth-1/airflow_env/lib/python3.12/site-packages/airflow/example_dags/tutorial_objectstorage.py for tasks to queue
[2024-08-09T13:10:37.034-0400] {logging_mixin.py:188} INFO - [2024-08-09T13:10:37.033-0400] {dagbag.py:545} INFO - Filling up the DagBag from /Users/jakeliu/we-defend-truth-1/airflow_env/lib/python3.12/site-packages/airflow/example_dags/tutorial_objectstorage.py
[2024-08-09T13:10:37.065-0400] {processor.py:840} INFO - DAG(s) 'tutorial_objectstorage' retrieved from /Users/jakeliu/we-defend-truth-1/airflow_env/lib/python3.12/site-packages/airflow/example_dags/tutorial_objectstorage.py
[2024-08-09T13:10:37.094-0400] {logging_mixin.py:188} INFO - [2024-08-09T13:10:37.094-0400] {dag.py:3089} INFO - Sync 1 DAGs
[2024-08-09T13:10:37.097-0400] {logging_mixin.py:188} INFO - [2024-08-09T13:10:37.097-0400] {dag.py:3947} INFO - Setting next_dagrun for tutorial_objectstorage to None, run_after=None
[2024-08-09T13:10:37.103-0400] {processor.py:183} INFO - Processing /Users/jakeliu/we-defend-truth-1/airflow_env/lib/python3.12/site-packages/airflow/example_dags/tutorial_objectstorage.py took 0.071 seconds
[2024-08-09T13:11:31.069-0400] {processor.py:161} INFO - Started process (PID=21398) to work on /Users/jakeliu/we-defend-truth-1/airflow_env/lib/python3.12/site-packages/airflow/example_dags/tutorial_objectstorage.py
[2024-08-09T13:11:31.070-0400] {processor.py:830} INFO - Processing file /Users/jakeliu/we-defend-truth-1/airflow_env/lib/python3.12/site-packages/airflow/example_dags/tutorial_objectstorage.py for tasks to queue
[2024-08-09T13:11:31.070-0400] {logging_mixin.py:188} INFO - [2024-08-09T13:11:31.070-0400] {dagbag.py:545} INFO - Filling up the DagBag from /Users/jakeliu/we-defend-truth-1/airflow_env/lib/python3.12/site-packages/airflow/example_dags/tutorial_objectstorage.py
[2024-08-09T13:11:31.101-0400] {processor.py:840} INFO - DAG(s) 'tutorial_objectstorage' retrieved from /Users/jakeliu/we-defend-truth-1/airflow_env/lib/python3.12/site-packages/airflow/example_dags/tutorial_objectstorage.py
[2024-08-09T13:11:31.131-0400] {logging_mixin.py:188} INFO - [2024-08-09T13:11:31.131-0400] {dag.py:3089} INFO - Sync 1 DAGs
[2024-08-09T13:11:31.134-0400] {logging_mixin.py:188} INFO - [2024-08-09T13:11:31.134-0400] {dag.py:3947} INFO - Setting next_dagrun for tutorial_objectstorage to None, run_after=None
[2024-08-09T13:11:31.140-0400] {processor.py:183} INFO - Processing /Users/jakeliu/we-defend-truth-1/airflow_env/lib/python3.12/site-packages/airflow/example_dags/tutorial_objectstorage.py took 0.072 seconds
[2024-08-09T13:12:23.689-0400] {processor.py:161} INFO - Started process (PID=21443) to work on /Users/jakeliu/we-defend-truth-1/airflow_env/lib/python3.12/site-packages/airflow/example_dags/tutorial_objectstorage.py
[2024-08-09T13:12:23.690-0400] {processor.py:830} INFO - Processing file /Users/jakeliu/we-defend-truth-1/airflow_env/lib/python3.12/site-packages/airflow/example_dags/tutorial_objectstorage.py for tasks to queue
[2024-08-09T13:12:23.690-0400] {logging_mixin.py:188} INFO - [2024-08-09T13:12:23.690-0400] {dagbag.py:545} INFO - Filling up the DagBag from /Users/jakeliu/we-defend-truth-1/airflow_env/lib/python3.12/site-packages/airflow/example_dags/tutorial_objectstorage.py
[2024-08-09T13:12:23.721-0400] {processor.py:840} INFO - DAG(s) 'tutorial_objectstorage' retrieved from /Users/jakeliu/we-defend-truth-1/airflow_env/lib/python3.12/site-packages/airflow/example_dags/tutorial_objectstorage.py
[2024-08-09T13:12:23.752-0400] {logging_mixin.py:188} INFO - [2024-08-09T13:12:23.751-0400] {dag.py:3089} INFO - Sync 1 DAGs
[2024-08-09T13:12:23.754-0400] {logging_mixin.py:188} INFO - [2024-08-09T13:12:23.754-0400] {dag.py:3947} INFO - Setting next_dagrun for tutorial_objectstorage to None, run_after=None
[2024-08-09T13:12:23.761-0400] {processor.py:183} INFO - Processing /Users/jakeliu/we-defend-truth-1/airflow_env/lib/python3.12/site-packages/airflow/example_dags/tutorial_objectstorage.py took 0.073 seconds
[2024-08-09T13:13:18.942-0400] {processor.py:161} INFO - Started process (PID=21494) to work on /Users/jakeliu/we-defend-truth-1/airflow_env/lib/python3.12/site-packages/airflow/example_dags/tutorial_objectstorage.py
[2024-08-09T13:13:18.942-0400] {processor.py:830} INFO - Processing file /Users/jakeliu/we-defend-truth-1/airflow_env/lib/python3.12/site-packages/airflow/example_dags/tutorial_objectstorage.py for tasks to queue
[2024-08-09T13:13:18.943-0400] {logging_mixin.py:188} INFO - [2024-08-09T13:13:18.943-0400] {dagbag.py:545} INFO - Filling up the DagBag from /Users/jakeliu/we-defend-truth-1/airflow_env/lib/python3.12/site-packages/airflow/example_dags/tutorial_objectstorage.py
[2024-08-09T13:13:18.974-0400] {processor.py:840} INFO - DAG(s) 'tutorial_objectstorage' retrieved from /Users/jakeliu/we-defend-truth-1/airflow_env/lib/python3.12/site-packages/airflow/example_dags/tutorial_objectstorage.py
[2024-08-09T13:13:19.003-0400] {logging_mixin.py:188} INFO - [2024-08-09T13:13:19.003-0400] {dag.py:3089} INFO - Sync 1 DAGs
[2024-08-09T13:13:19.006-0400] {logging_mixin.py:188} INFO - [2024-08-09T13:13:19.006-0400] {dag.py:3947} INFO - Setting next_dagrun for tutorial_objectstorage to None, run_after=None
[2024-08-09T13:13:19.012-0400] {processor.py:183} INFO - Processing /Users/jakeliu/we-defend-truth-1/airflow_env/lib/python3.12/site-packages/airflow/example_dags/tutorial_objectstorage.py took 0.071 seconds
[2024-08-09T13:14:17.663-0400] {processor.py:161} INFO - Started process (PID=21557) to work on /Users/jakeliu/we-defend-truth-1/airflow_env/lib/python3.12/site-packages/airflow/example_dags/tutorial_objectstorage.py
[2024-08-09T13:14:17.663-0400] {processor.py:830} INFO - Processing file /Users/jakeliu/we-defend-truth-1/airflow_env/lib/python3.12/site-packages/airflow/example_dags/tutorial_objectstorage.py for tasks to queue
[2024-08-09T13:14:17.664-0400] {logging_mixin.py:188} INFO - [2024-08-09T13:14:17.664-0400] {dagbag.py:545} INFO - Filling up the DagBag from /Users/jakeliu/we-defend-truth-1/airflow_env/lib/python3.12/site-packages/airflow/example_dags/tutorial_objectstorage.py
[2024-08-09T13:14:17.694-0400] {processor.py:840} INFO - DAG(s) 'tutorial_objectstorage' retrieved from /Users/jakeliu/we-defend-truth-1/airflow_env/lib/python3.12/site-packages/airflow/example_dags/tutorial_objectstorage.py
[2024-08-09T13:14:17.724-0400] {logging_mixin.py:188} INFO - [2024-08-09T13:14:17.724-0400] {dag.py:3089} INFO - Sync 1 DAGs
[2024-08-09T13:14:17.727-0400] {logging_mixin.py:188} INFO - [2024-08-09T13:14:17.727-0400] {dag.py:3947} INFO - Setting next_dagrun for tutorial_objectstorage to None, run_after=None
[2024-08-09T13:14:17.733-0400] {processor.py:183} INFO - Processing /Users/jakeliu/we-defend-truth-1/airflow_env/lib/python3.12/site-packages/airflow/example_dags/tutorial_objectstorage.py took 0.071 seconds
[2024-08-09T13:15:16.262-0400] {processor.py:161} INFO - Started process (PID=21609) to work on /Users/jakeliu/we-defend-truth-1/airflow_env/lib/python3.12/site-packages/airflow/example_dags/tutorial_objectstorage.py
[2024-08-09T13:15:16.263-0400] {processor.py:830} INFO - Processing file /Users/jakeliu/we-defend-truth-1/airflow_env/lib/python3.12/site-packages/airflow/example_dags/tutorial_objectstorage.py for tasks to queue
[2024-08-09T13:15:16.263-0400] {logging_mixin.py:188} INFO - [2024-08-09T13:15:16.263-0400] {dagbag.py:545} INFO - Filling up the DagBag from /Users/jakeliu/we-defend-truth-1/airflow_env/lib/python3.12/site-packages/airflow/example_dags/tutorial_objectstorage.py
[2024-08-09T13:15:16.294-0400] {processor.py:840} INFO - DAG(s) 'tutorial_objectstorage' retrieved from /Users/jakeliu/we-defend-truth-1/airflow_env/lib/python3.12/site-packages/airflow/example_dags/tutorial_objectstorage.py
[2024-08-09T13:15:16.324-0400] {logging_mixin.py:188} INFO - [2024-08-09T13:15:16.324-0400] {dag.py:3089} INFO - Sync 1 DAGs
[2024-08-09T13:15:16.327-0400] {logging_mixin.py:188} INFO - [2024-08-09T13:15:16.327-0400] {dag.py:3947} INFO - Setting next_dagrun for tutorial_objectstorage to None, run_after=None
[2024-08-09T13:15:16.333-0400] {processor.py:183} INFO - Processing /Users/jakeliu/we-defend-truth-1/airflow_env/lib/python3.12/site-packages/airflow/example_dags/tutorial_objectstorage.py took 0.072 seconds
[2024-08-09T13:16:14.762-0400] {processor.py:161} INFO - Started process (PID=21653) to work on /Users/jakeliu/we-defend-truth-1/airflow_env/lib/python3.12/site-packages/airflow/example_dags/tutorial_objectstorage.py
[2024-08-09T13:16:14.763-0400] {processor.py:830} INFO - Processing file /Users/jakeliu/we-defend-truth-1/airflow_env/lib/python3.12/site-packages/airflow/example_dags/tutorial_objectstorage.py for tasks to queue
[2024-08-09T13:16:14.763-0400] {logging_mixin.py:188} INFO - [2024-08-09T13:16:14.763-0400] {dagbag.py:545} INFO - Filling up the DagBag from /Users/jakeliu/we-defend-truth-1/airflow_env/lib/python3.12/site-packages/airflow/example_dags/tutorial_objectstorage.py
[2024-08-09T13:16:14.796-0400] {processor.py:840} INFO - DAG(s) 'tutorial_objectstorage' retrieved from /Users/jakeliu/we-defend-truth-1/airflow_env/lib/python3.12/site-packages/airflow/example_dags/tutorial_objectstorage.py
[2024-08-09T13:16:14.826-0400] {logging_mixin.py:188} INFO - [2024-08-09T13:16:14.825-0400] {dag.py:3089} INFO - Sync 1 DAGs
[2024-08-09T13:16:14.829-0400] {logging_mixin.py:188} INFO - [2024-08-09T13:16:14.829-0400] {dag.py:3947} INFO - Setting next_dagrun for tutorial_objectstorage to None, run_after=None
[2024-08-09T13:16:14.835-0400] {processor.py:183} INFO - Processing /Users/jakeliu/we-defend-truth-1/airflow_env/lib/python3.12/site-packages/airflow/example_dags/tutorial_objectstorage.py took 0.074 seconds
[2024-08-09T13:17:10.840-0400] {processor.py:161} INFO - Started process (PID=21762) to work on /Users/jakeliu/we-defend-truth-1/airflow_env/lib/python3.12/site-packages/airflow/example_dags/tutorial_objectstorage.py
[2024-08-09T13:17:10.840-0400] {processor.py:830} INFO - Processing file /Users/jakeliu/we-defend-truth-1/airflow_env/lib/python3.12/site-packages/airflow/example_dags/tutorial_objectstorage.py for tasks to queue
[2024-08-09T13:17:10.841-0400] {logging_mixin.py:188} INFO - [2024-08-09T13:17:10.840-0400] {dagbag.py:545} INFO - Filling up the DagBag from /Users/jakeliu/we-defend-truth-1/airflow_env/lib/python3.12/site-packages/airflow/example_dags/tutorial_objectstorage.py
[2024-08-09T13:17:10.871-0400] {processor.py:840} INFO - DAG(s) 'tutorial_objectstorage' retrieved from /Users/jakeliu/we-defend-truth-1/airflow_env/lib/python3.12/site-packages/airflow/example_dags/tutorial_objectstorage.py
[2024-08-09T13:17:10.901-0400] {logging_mixin.py:188} INFO - [2024-08-09T13:17:10.901-0400] {dag.py:3089} INFO - Sync 1 DAGs
[2024-08-09T13:17:10.905-0400] {logging_mixin.py:188} INFO - [2024-08-09T13:17:10.905-0400] {dag.py:3947} INFO - Setting next_dagrun for tutorial_objectstorage to None, run_after=None
[2024-08-09T13:17:10.911-0400] {processor.py:183} INFO - Processing /Users/jakeliu/we-defend-truth-1/airflow_env/lib/python3.12/site-packages/airflow/example_dags/tutorial_objectstorage.py took 0.072 seconds
[2024-08-09T13:18:01.998-0400] {processor.py:161} INFO - Started process (PID=21841) to work on /Users/jakeliu/we-defend-truth-1/airflow_env/lib/python3.12/site-packages/airflow/example_dags/tutorial_objectstorage.py
[2024-08-09T13:18:01.999-0400] {processor.py:830} INFO - Processing file /Users/jakeliu/we-defend-truth-1/airflow_env/lib/python3.12/site-packages/airflow/example_dags/tutorial_objectstorage.py for tasks to queue
[2024-08-09T13:18:01.999-0400] {logging_mixin.py:188} INFO - [2024-08-09T13:18:01.999-0400] {dagbag.py:545} INFO - Filling up the DagBag from /Users/jakeliu/we-defend-truth-1/airflow_env/lib/python3.12/site-packages/airflow/example_dags/tutorial_objectstorage.py
[2024-08-09T13:18:02.036-0400] {processor.py:840} INFO - DAG(s) 'tutorial_objectstorage' retrieved from /Users/jakeliu/we-defend-truth-1/airflow_env/lib/python3.12/site-packages/airflow/example_dags/tutorial_objectstorage.py
[2024-08-09T13:18:02.090-0400] {logging_mixin.py:188} INFO - [2024-08-09T13:18:02.090-0400] {dag.py:3089} INFO - Sync 1 DAGs
[2024-08-09T13:18:02.095-0400] {logging_mixin.py:188} INFO - [2024-08-09T13:18:02.095-0400] {dag.py:3947} INFO - Setting next_dagrun for tutorial_objectstorage to None, run_after=None
[2024-08-09T13:18:02.102-0400] {processor.py:183} INFO - Processing /Users/jakeliu/we-defend-truth-1/airflow_env/lib/python3.12/site-packages/airflow/example_dags/tutorial_objectstorage.py took 0.105 seconds
[2024-08-09T13:18:52.329-0400] {processor.py:161} INFO - Started process (PID=21881) to work on /Users/jakeliu/we-defend-truth-1/airflow_env/lib/python3.12/site-packages/airflow/example_dags/tutorial_objectstorage.py
[2024-08-09T13:18:52.330-0400] {processor.py:830} INFO - Processing file /Users/jakeliu/we-defend-truth-1/airflow_env/lib/python3.12/site-packages/airflow/example_dags/tutorial_objectstorage.py for tasks to queue
[2024-08-09T13:18:52.330-0400] {logging_mixin.py:188} INFO - [2024-08-09T13:18:52.330-0400] {dagbag.py:545} INFO - Filling up the DagBag from /Users/jakeliu/we-defend-truth-1/airflow_env/lib/python3.12/site-packages/airflow/example_dags/tutorial_objectstorage.py
[2024-08-09T13:18:52.361-0400] {processor.py:840} INFO - DAG(s) 'tutorial_objectstorage' retrieved from /Users/jakeliu/we-defend-truth-1/airflow_env/lib/python3.12/site-packages/airflow/example_dags/tutorial_objectstorage.py
[2024-08-09T13:18:52.391-0400] {logging_mixin.py:188} INFO - [2024-08-09T13:18:52.391-0400] {dag.py:3089} INFO - Sync 1 DAGs
[2024-08-09T13:18:52.394-0400] {logging_mixin.py:188} INFO - [2024-08-09T13:18:52.394-0400] {dag.py:3947} INFO - Setting next_dagrun for tutorial_objectstorage to None, run_after=None
[2024-08-09T13:18:52.400-0400] {processor.py:183} INFO - Processing /Users/jakeliu/we-defend-truth-1/airflow_env/lib/python3.12/site-packages/airflow/example_dags/tutorial_objectstorage.py took 0.072 seconds
[2024-08-09T13:19:45.805-0400] {processor.py:161} INFO - Started process (PID=21928) to work on /Users/jakeliu/we-defend-truth-1/airflow_env/lib/python3.12/site-packages/airflow/example_dags/tutorial_objectstorage.py
[2024-08-09T13:19:45.806-0400] {processor.py:830} INFO - Processing file /Users/jakeliu/we-defend-truth-1/airflow_env/lib/python3.12/site-packages/airflow/example_dags/tutorial_objectstorage.py for tasks to queue
[2024-08-09T13:19:45.806-0400] {logging_mixin.py:188} INFO - [2024-08-09T13:19:45.806-0400] {dagbag.py:545} INFO - Filling up the DagBag from /Users/jakeliu/we-defend-truth-1/airflow_env/lib/python3.12/site-packages/airflow/example_dags/tutorial_objectstorage.py
[2024-08-09T13:19:45.842-0400] {processor.py:840} INFO - DAG(s) 'tutorial_objectstorage' retrieved from /Users/jakeliu/we-defend-truth-1/airflow_env/lib/python3.12/site-packages/airflow/example_dags/tutorial_objectstorage.py
[2024-08-09T13:19:45.875-0400] {logging_mixin.py:188} INFO - [2024-08-09T13:19:45.875-0400] {dag.py:3089} INFO - Sync 1 DAGs
[2024-08-09T13:19:45.878-0400] {logging_mixin.py:188} INFO - [2024-08-09T13:19:45.878-0400] {dag.py:3947} INFO - Setting next_dagrun for tutorial_objectstorage to None, run_after=None
[2024-08-09T13:19:45.885-0400] {processor.py:183} INFO - Processing /Users/jakeliu/we-defend-truth-1/airflow_env/lib/python3.12/site-packages/airflow/example_dags/tutorial_objectstorage.py took 0.080 seconds
[2024-08-09T13:20:37.319-0400] {processor.py:161} INFO - Started process (PID=22015) to work on /Users/jakeliu/we-defend-truth-1/airflow_env/lib/python3.12/site-packages/airflow/example_dags/tutorial_objectstorage.py
[2024-08-09T13:20:37.320-0400] {processor.py:830} INFO - Processing file /Users/jakeliu/we-defend-truth-1/airflow_env/lib/python3.12/site-packages/airflow/example_dags/tutorial_objectstorage.py for tasks to queue
[2024-08-09T13:20:37.320-0400] {logging_mixin.py:188} INFO - [2024-08-09T13:20:37.320-0400] {dagbag.py:545} INFO - Filling up the DagBag from /Users/jakeliu/we-defend-truth-1/airflow_env/lib/python3.12/site-packages/airflow/example_dags/tutorial_objectstorage.py
[2024-08-09T13:20:37.356-0400] {processor.py:840} INFO - DAG(s) 'tutorial_objectstorage' retrieved from /Users/jakeliu/we-defend-truth-1/airflow_env/lib/python3.12/site-packages/airflow/example_dags/tutorial_objectstorage.py
[2024-08-09T13:20:37.385-0400] {logging_mixin.py:188} INFO - [2024-08-09T13:20:37.385-0400] {dag.py:3089} INFO - Sync 1 DAGs
[2024-08-09T13:20:37.388-0400] {logging_mixin.py:188} INFO - [2024-08-09T13:20:37.388-0400] {dag.py:3947} INFO - Setting next_dagrun for tutorial_objectstorage to None, run_after=None
[2024-08-09T13:20:37.394-0400] {processor.py:183} INFO - Processing /Users/jakeliu/we-defend-truth-1/airflow_env/lib/python3.12/site-packages/airflow/example_dags/tutorial_objectstorage.py took 0.077 seconds
[2024-08-09T13:21:27.114-0400] {processor.py:161} INFO - Started process (PID=22590) to work on /Users/jakeliu/we-defend-truth-1/airflow_env/lib/python3.12/site-packages/airflow/example_dags/tutorial_objectstorage.py
[2024-08-09T13:21:27.115-0400] {processor.py:830} INFO - Processing file /Users/jakeliu/we-defend-truth-1/airflow_env/lib/python3.12/site-packages/airflow/example_dags/tutorial_objectstorage.py for tasks to queue
[2024-08-09T13:21:27.115-0400] {logging_mixin.py:188} INFO - [2024-08-09T13:21:27.115-0400] {dagbag.py:545} INFO - Filling up the DagBag from /Users/jakeliu/we-defend-truth-1/airflow_env/lib/python3.12/site-packages/airflow/example_dags/tutorial_objectstorage.py
[2024-08-09T13:21:27.147-0400] {processor.py:840} INFO - DAG(s) 'tutorial_objectstorage' retrieved from /Users/jakeliu/we-defend-truth-1/airflow_env/lib/python3.12/site-packages/airflow/example_dags/tutorial_objectstorage.py
[2024-08-09T13:21:27.177-0400] {logging_mixin.py:188} INFO - [2024-08-09T13:21:27.177-0400] {dag.py:3089} INFO - Sync 1 DAGs
[2024-08-09T13:21:27.180-0400] {logging_mixin.py:188} INFO - [2024-08-09T13:21:27.180-0400] {dag.py:3947} INFO - Setting next_dagrun for tutorial_objectstorage to None, run_after=None
[2024-08-09T13:21:27.186-0400] {processor.py:183} INFO - Processing /Users/jakeliu/we-defend-truth-1/airflow_env/lib/python3.12/site-packages/airflow/example_dags/tutorial_objectstorage.py took 0.073 seconds
[2024-08-09T13:22:18.975-0400] {processor.py:161} INFO - Started process (PID=22637) to work on /Users/jakeliu/we-defend-truth-1/airflow_env/lib/python3.12/site-packages/airflow/example_dags/tutorial_objectstorage.py
[2024-08-09T13:22:18.976-0400] {processor.py:830} INFO - Processing file /Users/jakeliu/we-defend-truth-1/airflow_env/lib/python3.12/site-packages/airflow/example_dags/tutorial_objectstorage.py for tasks to queue
[2024-08-09T13:22:18.976-0400] {logging_mixin.py:188} INFO - [2024-08-09T13:22:18.976-0400] {dagbag.py:545} INFO - Filling up the DagBag from /Users/jakeliu/we-defend-truth-1/airflow_env/lib/python3.12/site-packages/airflow/example_dags/tutorial_objectstorage.py
[2024-08-09T13:22:19.011-0400] {processor.py:840} INFO - DAG(s) 'tutorial_objectstorage' retrieved from /Users/jakeliu/we-defend-truth-1/airflow_env/lib/python3.12/site-packages/airflow/example_dags/tutorial_objectstorage.py
[2024-08-09T13:22:19.041-0400] {logging_mixin.py:188} INFO - [2024-08-09T13:22:19.041-0400] {dag.py:3089} INFO - Sync 1 DAGs
[2024-08-09T13:22:19.044-0400] {logging_mixin.py:188} INFO - [2024-08-09T13:22:19.044-0400] {dag.py:3947} INFO - Setting next_dagrun for tutorial_objectstorage to None, run_after=None
[2024-08-09T13:22:19.050-0400] {processor.py:183} INFO - Processing /Users/jakeliu/we-defend-truth-1/airflow_env/lib/python3.12/site-packages/airflow/example_dags/tutorial_objectstorage.py took 0.077 seconds
[2024-08-09T13:23:10.142-0400] {processor.py:161} INFO - Started process (PID=22694) to work on /Users/jakeliu/we-defend-truth-1/airflow_env/lib/python3.12/site-packages/airflow/example_dags/tutorial_objectstorage.py
[2024-08-09T13:23:10.143-0400] {processor.py:830} INFO - Processing file /Users/jakeliu/we-defend-truth-1/airflow_env/lib/python3.12/site-packages/airflow/example_dags/tutorial_objectstorage.py for tasks to queue
[2024-08-09T13:23:10.143-0400] {logging_mixin.py:188} INFO - [2024-08-09T13:23:10.143-0400] {dagbag.py:545} INFO - Filling up the DagBag from /Users/jakeliu/we-defend-truth-1/airflow_env/lib/python3.12/site-packages/airflow/example_dags/tutorial_objectstorage.py
[2024-08-09T13:23:10.174-0400] {processor.py:840} INFO - DAG(s) 'tutorial_objectstorage' retrieved from /Users/jakeliu/we-defend-truth-1/airflow_env/lib/python3.12/site-packages/airflow/example_dags/tutorial_objectstorage.py
[2024-08-09T13:23:10.204-0400] {logging_mixin.py:188} INFO - [2024-08-09T13:23:10.204-0400] {dag.py:3089} INFO - Sync 1 DAGs
[2024-08-09T13:23:10.207-0400] {logging_mixin.py:188} INFO - [2024-08-09T13:23:10.207-0400] {dag.py:3947} INFO - Setting next_dagrun for tutorial_objectstorage to None, run_after=None
[2024-08-09T13:23:10.213-0400] {processor.py:183} INFO - Processing /Users/jakeliu/we-defend-truth-1/airflow_env/lib/python3.12/site-packages/airflow/example_dags/tutorial_objectstorage.py took 0.072 seconds
[2024-08-09T13:23:59.971-0400] {processor.py:161} INFO - Started process (PID=22740) to work on /Users/jakeliu/we-defend-truth-1/airflow_env/lib/python3.12/site-packages/airflow/example_dags/tutorial_objectstorage.py
[2024-08-09T13:23:59.972-0400] {processor.py:830} INFO - Processing file /Users/jakeliu/we-defend-truth-1/airflow_env/lib/python3.12/site-packages/airflow/example_dags/tutorial_objectstorage.py for tasks to queue
[2024-08-09T13:23:59.972-0400] {logging_mixin.py:188} INFO - [2024-08-09T13:23:59.972-0400] {dagbag.py:545} INFO - Filling up the DagBag from /Users/jakeliu/we-defend-truth-1/airflow_env/lib/python3.12/site-packages/airflow/example_dags/tutorial_objectstorage.py
[2024-08-09T13:24:00.004-0400] {processor.py:840} INFO - DAG(s) 'tutorial_objectstorage' retrieved from /Users/jakeliu/we-defend-truth-1/airflow_env/lib/python3.12/site-packages/airflow/example_dags/tutorial_objectstorage.py
[2024-08-09T13:24:00.039-0400] {logging_mixin.py:188} INFO - [2024-08-09T13:24:00.038-0400] {dag.py:3089} INFO - Sync 1 DAGs
[2024-08-09T13:24:00.042-0400] {logging_mixin.py:188} INFO - [2024-08-09T13:24:00.042-0400] {dag.py:3947} INFO - Setting next_dagrun for tutorial_objectstorage to None, run_after=None
[2024-08-09T13:24:00.048-0400] {processor.py:183} INFO - Processing /Users/jakeliu/we-defend-truth-1/airflow_env/lib/python3.12/site-packages/airflow/example_dags/tutorial_objectstorage.py took 0.078 seconds
[2024-08-09T13:24:54.569-0400] {processor.py:161} INFO - Started process (PID=22804) to work on /Users/jakeliu/we-defend-truth-1/airflow_env/lib/python3.12/site-packages/airflow/example_dags/tutorial_objectstorage.py
[2024-08-09T13:24:54.570-0400] {processor.py:830} INFO - Processing file /Users/jakeliu/we-defend-truth-1/airflow_env/lib/python3.12/site-packages/airflow/example_dags/tutorial_objectstorage.py for tasks to queue
[2024-08-09T13:24:54.570-0400] {logging_mixin.py:188} INFO - [2024-08-09T13:24:54.570-0400] {dagbag.py:545} INFO - Filling up the DagBag from /Users/jakeliu/we-defend-truth-1/airflow_env/lib/python3.12/site-packages/airflow/example_dags/tutorial_objectstorage.py
[2024-08-09T13:24:54.604-0400] {processor.py:840} INFO - DAG(s) 'tutorial_objectstorage' retrieved from /Users/jakeliu/we-defend-truth-1/airflow_env/lib/python3.12/site-packages/airflow/example_dags/tutorial_objectstorage.py
[2024-08-09T13:24:54.634-0400] {logging_mixin.py:188} INFO - [2024-08-09T13:24:54.634-0400] {dag.py:3089} INFO - Sync 1 DAGs
[2024-08-09T13:24:54.638-0400] {logging_mixin.py:188} INFO - [2024-08-09T13:24:54.638-0400] {dag.py:3947} INFO - Setting next_dagrun for tutorial_objectstorage to None, run_after=None
[2024-08-09T13:24:54.644-0400] {processor.py:183} INFO - Processing /Users/jakeliu/we-defend-truth-1/airflow_env/lib/python3.12/site-packages/airflow/example_dags/tutorial_objectstorage.py took 0.076 seconds
[2024-08-09T13:25:51.883-0400] {processor.py:161} INFO - Started process (PID=22866) to work on /Users/jakeliu/we-defend-truth-1/airflow_env/lib/python3.12/site-packages/airflow/example_dags/tutorial_objectstorage.py
[2024-08-09T13:25:51.883-0400] {processor.py:830} INFO - Processing file /Users/jakeliu/we-defend-truth-1/airflow_env/lib/python3.12/site-packages/airflow/example_dags/tutorial_objectstorage.py for tasks to queue
[2024-08-09T13:25:51.883-0400] {logging_mixin.py:188} INFO - [2024-08-09T13:25:51.883-0400] {dagbag.py:545} INFO - Filling up the DagBag from /Users/jakeliu/we-defend-truth-1/airflow_env/lib/python3.12/site-packages/airflow/example_dags/tutorial_objectstorage.py
[2024-08-09T13:25:51.916-0400] {processor.py:840} INFO - DAG(s) 'tutorial_objectstorage' retrieved from /Users/jakeliu/we-defend-truth-1/airflow_env/lib/python3.12/site-packages/airflow/example_dags/tutorial_objectstorage.py
[2024-08-09T13:25:51.946-0400] {logging_mixin.py:188} INFO - [2024-08-09T13:25:51.946-0400] {dag.py:3089} INFO - Sync 1 DAGs
[2024-08-09T13:25:51.950-0400] {logging_mixin.py:188} INFO - [2024-08-09T13:25:51.950-0400] {dag.py:3947} INFO - Setting next_dagrun for tutorial_objectstorage to None, run_after=None
[2024-08-09T13:25:51.956-0400] {processor.py:183} INFO - Processing /Users/jakeliu/we-defend-truth-1/airflow_env/lib/python3.12/site-packages/airflow/example_dags/tutorial_objectstorage.py took 0.074 seconds
[2024-08-09T13:26:50.416-0400] {processor.py:161} INFO - Started process (PID=22924) to work on /Users/jakeliu/we-defend-truth-1/airflow_env/lib/python3.12/site-packages/airflow/example_dags/tutorial_objectstorage.py
[2024-08-09T13:26:50.417-0400] {processor.py:830} INFO - Processing file /Users/jakeliu/we-defend-truth-1/airflow_env/lib/python3.12/site-packages/airflow/example_dags/tutorial_objectstorage.py for tasks to queue
[2024-08-09T13:26:50.417-0400] {logging_mixin.py:188} INFO - [2024-08-09T13:26:50.417-0400] {dagbag.py:545} INFO - Filling up the DagBag from /Users/jakeliu/we-defend-truth-1/airflow_env/lib/python3.12/site-packages/airflow/example_dags/tutorial_objectstorage.py
[2024-08-09T13:26:50.446-0400] {processor.py:840} INFO - DAG(s) 'tutorial_objectstorage' retrieved from /Users/jakeliu/we-defend-truth-1/airflow_env/lib/python3.12/site-packages/airflow/example_dags/tutorial_objectstorage.py
[2024-08-09T13:26:50.475-0400] {logging_mixin.py:188} INFO - [2024-08-09T13:26:50.475-0400] {dag.py:3089} INFO - Sync 1 DAGs
[2024-08-09T13:26:50.479-0400] {logging_mixin.py:188} INFO - [2024-08-09T13:26:50.479-0400] {dag.py:3947} INFO - Setting next_dagrun for tutorial_objectstorage to None, run_after=None
[2024-08-09T13:26:50.485-0400] {processor.py:183} INFO - Processing /Users/jakeliu/we-defend-truth-1/airflow_env/lib/python3.12/site-packages/airflow/example_dags/tutorial_objectstorage.py took 0.070 seconds
