[2024-08-09T13:03:58.314-0400] {processor.py:161} INFO - Started process (PID=20887) to work on /Users/jakeliu/we-defend-truth-1/airflow_env/lib/python3.12/site-packages/airflow/example_dags/tutorial_taskflow_api.py
[2024-08-09T13:03:58.315-0400] {processor.py:830} INFO - Processing file /Users/jakeliu/we-defend-truth-1/airflow_env/lib/python3.12/site-packages/airflow/example_dags/tutorial_taskflow_api.py for tasks to queue
[2024-08-09T13:03:58.315-0400] {logging_mixin.py:188} INFO - [2024-08-09T13:03:58.315-0400] {dagbag.py:545} INFO - Filling up the DagBag from /Users/jakeliu/we-defend-truth-1/airflow_env/lib/python3.12/site-packages/airflow/example_dags/tutorial_taskflow_api.py
[2024-08-09T13:03:58.330-0400] {processor.py:840} INFO - DAG(s) 'tutorial_taskflow_api' retrieved from /Users/jakeliu/we-defend-truth-1/airflow_env/lib/python3.12/site-packages/airflow/example_dags/tutorial_taskflow_api.py
[2024-08-09T13:03:58.335-0400] {logging_mixin.py:188} INFO - [2024-08-09T13:03:58.335-0400] {dag.py:3089} INFO - Sync 1 DAGs
[2024-08-09T13:03:58.359-0400] {logging_mixin.py:188} INFO - [2024-08-09T13:03:58.359-0400] {dag.py:3947} INFO - Setting next_dagrun for tutorial_taskflow_api to None, run_after=None
[2024-08-09T13:03:58.366-0400] {processor.py:183} INFO - Processing /Users/jakeliu/we-defend-truth-1/airflow_env/lib/python3.12/site-packages/airflow/example_dags/tutorial_taskflow_api.py took 0.052 seconds
[2024-08-09T13:05:24.376-0400] {processor.py:161} INFO - Started process (PID=20957) to work on /Users/jakeliu/we-defend-truth-1/airflow_env/lib/python3.12/site-packages/airflow/example_dags/tutorial_taskflow_api.py
[2024-08-09T13:05:24.378-0400] {processor.py:830} INFO - Processing file /Users/jakeliu/we-defend-truth-1/airflow_env/lib/python3.12/site-packages/airflow/example_dags/tutorial_taskflow_api.py for tasks to queue
[2024-08-09T13:05:24.378-0400] {logging_mixin.py:188} INFO - [2024-08-09T13:05:24.378-0400] {dagbag.py:545} INFO - Filling up the DagBag from /Users/jakeliu/we-defend-truth-1/airflow_env/lib/python3.12/site-packages/airflow/example_dags/tutorial_taskflow_api.py
[2024-08-09T13:05:24.393-0400] {processor.py:840} INFO - DAG(s) 'tutorial_taskflow_api' retrieved from /Users/jakeliu/we-defend-truth-1/airflow_env/lib/python3.12/site-packages/airflow/example_dags/tutorial_taskflow_api.py
[2024-08-09T13:05:24.465-0400] {logging_mixin.py:188} INFO - [2024-08-09T13:05:24.465-0400] {dag.py:3089} INFO - Sync 1 DAGs
[2024-08-09T13:05:24.468-0400] {logging_mixin.py:188} INFO - [2024-08-09T13:05:24.468-0400] {dag.py:3947} INFO - Setting next_dagrun for tutorial_taskflow_api to None, run_after=None
[2024-08-09T13:05:24.475-0400] {processor.py:183} INFO - Processing /Users/jakeliu/we-defend-truth-1/airflow_env/lib/python3.12/site-packages/airflow/example_dags/tutorial_taskflow_api.py took 0.100 seconds
[2024-08-09T13:06:18.370-0400] {processor.py:161} INFO - Started process (PID=21014) to work on /Users/jakeliu/we-defend-truth-1/airflow_env/lib/python3.12/site-packages/airflow/example_dags/tutorial_taskflow_api.py
[2024-08-09T13:06:18.373-0400] {processor.py:830} INFO - Processing file /Users/jakeliu/we-defend-truth-1/airflow_env/lib/python3.12/site-packages/airflow/example_dags/tutorial_taskflow_api.py for tasks to queue
[2024-08-09T13:06:18.373-0400] {logging_mixin.py:188} INFO - [2024-08-09T13:06:18.373-0400] {dagbag.py:545} INFO - Filling up the DagBag from /Users/jakeliu/we-defend-truth-1/airflow_env/lib/python3.12/site-packages/airflow/example_dags/tutorial_taskflow_api.py
[2024-08-09T13:06:18.387-0400] {processor.py:840} INFO - DAG(s) 'tutorial_taskflow_api' retrieved from /Users/jakeliu/we-defend-truth-1/airflow_env/lib/python3.12/site-packages/airflow/example_dags/tutorial_taskflow_api.py
[2024-08-09T13:06:18.420-0400] {logging_mixin.py:188} INFO - [2024-08-09T13:06:18.420-0400] {dag.py:3089} INFO - Sync 1 DAGs
[2024-08-09T13:06:18.423-0400] {logging_mixin.py:188} INFO - [2024-08-09T13:06:18.423-0400] {dag.py:3947} INFO - Setting next_dagrun for tutorial_taskflow_api to None, run_after=None
[2024-08-09T13:06:18.430-0400] {processor.py:183} INFO - Processing /Users/jakeliu/we-defend-truth-1/airflow_env/lib/python3.12/site-packages/airflow/example_dags/tutorial_taskflow_api.py took 0.061 seconds
[2024-08-09T13:07:10.288-0400] {processor.py:161} INFO - Started process (PID=21097) to work on /Users/jakeliu/we-defend-truth-1/airflow_env/lib/python3.12/site-packages/airflow/example_dags/tutorial_taskflow_api.py
[2024-08-09T13:07:10.288-0400] {processor.py:830} INFO - Processing file /Users/jakeliu/we-defend-truth-1/airflow_env/lib/python3.12/site-packages/airflow/example_dags/tutorial_taskflow_api.py for tasks to queue
[2024-08-09T13:07:10.288-0400] {logging_mixin.py:188} INFO - [2024-08-09T13:07:10.288-0400] {dagbag.py:545} INFO - Filling up the DagBag from /Users/jakeliu/we-defend-truth-1/airflow_env/lib/python3.12/site-packages/airflow/example_dags/tutorial_taskflow_api.py
[2024-08-09T13:07:10.303-0400] {processor.py:840} INFO - DAG(s) 'tutorial_taskflow_api' retrieved from /Users/jakeliu/we-defend-truth-1/airflow_env/lib/python3.12/site-packages/airflow/example_dags/tutorial_taskflow_api.py
[2024-08-09T13:07:10.339-0400] {logging_mixin.py:188} INFO - [2024-08-09T13:07:10.338-0400] {dag.py:3089} INFO - Sync 1 DAGs
[2024-08-09T13:07:10.342-0400] {logging_mixin.py:188} INFO - [2024-08-09T13:07:10.342-0400] {dag.py:3947} INFO - Setting next_dagrun for tutorial_taskflow_api to None, run_after=None
[2024-08-09T13:07:10.349-0400] {processor.py:183} INFO - Processing /Users/jakeliu/we-defend-truth-1/airflow_env/lib/python3.12/site-packages/airflow/example_dags/tutorial_taskflow_api.py took 0.062 seconds
[2024-08-09T13:08:02.983-0400] {processor.py:161} INFO - Started process (PID=21172) to work on /Users/jakeliu/we-defend-truth-1/airflow_env/lib/python3.12/site-packages/airflow/example_dags/tutorial_taskflow_api.py
[2024-08-09T13:08:02.984-0400] {processor.py:830} INFO - Processing file /Users/jakeliu/we-defend-truth-1/airflow_env/lib/python3.12/site-packages/airflow/example_dags/tutorial_taskflow_api.py for tasks to queue
[2024-08-09T13:08:02.985-0400] {logging_mixin.py:188} INFO - [2024-08-09T13:08:02.985-0400] {dagbag.py:545} INFO - Filling up the DagBag from /Users/jakeliu/we-defend-truth-1/airflow_env/lib/python3.12/site-packages/airflow/example_dags/tutorial_taskflow_api.py
[2024-08-09T13:08:03.000-0400] {processor.py:840} INFO - DAG(s) 'tutorial_taskflow_api' retrieved from /Users/jakeliu/we-defend-truth-1/airflow_env/lib/python3.12/site-packages/airflow/example_dags/tutorial_taskflow_api.py
[2024-08-09T13:08:03.034-0400] {logging_mixin.py:188} INFO - [2024-08-09T13:08:03.034-0400] {dag.py:3089} INFO - Sync 1 DAGs
[2024-08-09T13:08:03.037-0400] {logging_mixin.py:188} INFO - [2024-08-09T13:08:03.037-0400] {dag.py:3947} INFO - Setting next_dagrun for tutorial_taskflow_api to None, run_after=None
[2024-08-09T13:08:03.043-0400] {processor.py:183} INFO - Processing /Users/jakeliu/we-defend-truth-1/airflow_env/lib/python3.12/site-packages/airflow/example_dags/tutorial_taskflow_api.py took 0.061 seconds
[2024-08-09T13:08:53.640-0400] {processor.py:161} INFO - Started process (PID=21221) to work on /Users/jakeliu/we-defend-truth-1/airflow_env/lib/python3.12/site-packages/airflow/example_dags/tutorial_taskflow_api.py
[2024-08-09T13:08:53.640-0400] {processor.py:830} INFO - Processing file /Users/jakeliu/we-defend-truth-1/airflow_env/lib/python3.12/site-packages/airflow/example_dags/tutorial_taskflow_api.py for tasks to queue
[2024-08-09T13:08:53.641-0400] {logging_mixin.py:188} INFO - [2024-08-09T13:08:53.641-0400] {dagbag.py:545} INFO - Filling up the DagBag from /Users/jakeliu/we-defend-truth-1/airflow_env/lib/python3.12/site-packages/airflow/example_dags/tutorial_taskflow_api.py
[2024-08-09T13:08:53.656-0400] {processor.py:840} INFO - DAG(s) 'tutorial_taskflow_api' retrieved from /Users/jakeliu/we-defend-truth-1/airflow_env/lib/python3.12/site-packages/airflow/example_dags/tutorial_taskflow_api.py
[2024-08-09T13:08:53.688-0400] {logging_mixin.py:188} INFO - [2024-08-09T13:08:53.688-0400] {dag.py:3089} INFO - Sync 1 DAGs
[2024-08-09T13:08:53.691-0400] {logging_mixin.py:188} INFO - [2024-08-09T13:08:53.691-0400] {dag.py:3947} INFO - Setting next_dagrun for tutorial_taskflow_api to None, run_after=None
[2024-08-09T13:08:53.697-0400] {processor.py:183} INFO - Processing /Users/jakeliu/we-defend-truth-1/airflow_env/lib/python3.12/site-packages/airflow/example_dags/tutorial_taskflow_api.py took 0.058 seconds
[2024-08-09T13:09:44.147-0400] {processor.py:161} INFO - Started process (PID=21288) to work on /Users/jakeliu/we-defend-truth-1/airflow_env/lib/python3.12/site-packages/airflow/example_dags/tutorial_taskflow_api.py
[2024-08-09T13:09:44.147-0400] {processor.py:830} INFO - Processing file /Users/jakeliu/we-defend-truth-1/airflow_env/lib/python3.12/site-packages/airflow/example_dags/tutorial_taskflow_api.py for tasks to queue
[2024-08-09T13:09:44.147-0400] {logging_mixin.py:188} INFO - [2024-08-09T13:09:44.147-0400] {dagbag.py:545} INFO - Filling up the DagBag from /Users/jakeliu/we-defend-truth-1/airflow_env/lib/python3.12/site-packages/airflow/example_dags/tutorial_taskflow_api.py
[2024-08-09T13:09:44.164-0400] {processor.py:840} INFO - DAG(s) 'tutorial_taskflow_api' retrieved from /Users/jakeliu/we-defend-truth-1/airflow_env/lib/python3.12/site-packages/airflow/example_dags/tutorial_taskflow_api.py
[2024-08-09T13:09:44.200-0400] {logging_mixin.py:188} INFO - [2024-08-09T13:09:44.200-0400] {dag.py:3089} INFO - Sync 1 DAGs
[2024-08-09T13:09:44.203-0400] {logging_mixin.py:188} INFO - [2024-08-09T13:09:44.203-0400] {dag.py:3947} INFO - Setting next_dagrun for tutorial_taskflow_api to None, run_after=None
[2024-08-09T13:09:44.210-0400] {processor.py:183} INFO - Processing /Users/jakeliu/we-defend-truth-1/airflow_env/lib/python3.12/site-packages/airflow/example_dags/tutorial_taskflow_api.py took 0.064 seconds
[2024-08-09T13:10:35.298-0400] {processor.py:161} INFO - Started process (PID=21337) to work on /Users/jakeliu/we-defend-truth-1/airflow_env/lib/python3.12/site-packages/airflow/example_dags/tutorial_taskflow_api.py
[2024-08-09T13:10:35.298-0400] {processor.py:830} INFO - Processing file /Users/jakeliu/we-defend-truth-1/airflow_env/lib/python3.12/site-packages/airflow/example_dags/tutorial_taskflow_api.py for tasks to queue
[2024-08-09T13:10:35.299-0400] {logging_mixin.py:188} INFO - [2024-08-09T13:10:35.298-0400] {dagbag.py:545} INFO - Filling up the DagBag from /Users/jakeliu/we-defend-truth-1/airflow_env/lib/python3.12/site-packages/airflow/example_dags/tutorial_taskflow_api.py
[2024-08-09T13:10:35.314-0400] {processor.py:840} INFO - DAG(s) 'tutorial_taskflow_api' retrieved from /Users/jakeliu/we-defend-truth-1/airflow_env/lib/python3.12/site-packages/airflow/example_dags/tutorial_taskflow_api.py
[2024-08-09T13:10:35.347-0400] {logging_mixin.py:188} INFO - [2024-08-09T13:10:35.347-0400] {dag.py:3089} INFO - Sync 1 DAGs
[2024-08-09T13:10:35.350-0400] {logging_mixin.py:188} INFO - [2024-08-09T13:10:35.350-0400] {dag.py:3947} INFO - Setting next_dagrun for tutorial_taskflow_api to None, run_after=None
[2024-08-09T13:10:35.357-0400] {processor.py:183} INFO - Processing /Users/jakeliu/we-defend-truth-1/airflow_env/lib/python3.12/site-packages/airflow/example_dags/tutorial_taskflow_api.py took 0.060 seconds
[2024-08-09T13:11:29.676-0400] {processor.py:161} INFO - Started process (PID=21397) to work on /Users/jakeliu/we-defend-truth-1/airflow_env/lib/python3.12/site-packages/airflow/example_dags/tutorial_taskflow_api.py
[2024-08-09T13:11:29.676-0400] {processor.py:830} INFO - Processing file /Users/jakeliu/we-defend-truth-1/airflow_env/lib/python3.12/site-packages/airflow/example_dags/tutorial_taskflow_api.py for tasks to queue
[2024-08-09T13:11:29.676-0400] {logging_mixin.py:188} INFO - [2024-08-09T13:11:29.676-0400] {dagbag.py:545} INFO - Filling up the DagBag from /Users/jakeliu/we-defend-truth-1/airflow_env/lib/python3.12/site-packages/airflow/example_dags/tutorial_taskflow_api.py
[2024-08-09T13:11:29.692-0400] {processor.py:840} INFO - DAG(s) 'tutorial_taskflow_api' retrieved from /Users/jakeliu/we-defend-truth-1/airflow_env/lib/python3.12/site-packages/airflow/example_dags/tutorial_taskflow_api.py
[2024-08-09T13:11:29.730-0400] {logging_mixin.py:188} INFO - [2024-08-09T13:11:29.730-0400] {dag.py:3089} INFO - Sync 1 DAGs
[2024-08-09T13:11:29.733-0400] {logging_mixin.py:188} INFO - [2024-08-09T13:11:29.733-0400] {dag.py:3947} INFO - Setting next_dagrun for tutorial_taskflow_api to None, run_after=None
[2024-08-09T13:11:29.740-0400] {processor.py:183} INFO - Processing /Users/jakeliu/we-defend-truth-1/airflow_env/lib/python3.12/site-packages/airflow/example_dags/tutorial_taskflow_api.py took 0.065 seconds
[2024-08-09T13:12:21.967-0400] {processor.py:161} INFO - Started process (PID=21442) to work on /Users/jakeliu/we-defend-truth-1/airflow_env/lib/python3.12/site-packages/airflow/example_dags/tutorial_taskflow_api.py
[2024-08-09T13:12:21.968-0400] {processor.py:830} INFO - Processing file /Users/jakeliu/we-defend-truth-1/airflow_env/lib/python3.12/site-packages/airflow/example_dags/tutorial_taskflow_api.py for tasks to queue
[2024-08-09T13:12:21.969-0400] {logging_mixin.py:188} INFO - [2024-08-09T13:12:21.968-0400] {dagbag.py:545} INFO - Filling up the DagBag from /Users/jakeliu/we-defend-truth-1/airflow_env/lib/python3.12/site-packages/airflow/example_dags/tutorial_taskflow_api.py
[2024-08-09T13:12:21.984-0400] {processor.py:840} INFO - DAG(s) 'tutorial_taskflow_api' retrieved from /Users/jakeliu/we-defend-truth-1/airflow_env/lib/python3.12/site-packages/airflow/example_dags/tutorial_taskflow_api.py
[2024-08-09T13:12:22.017-0400] {logging_mixin.py:188} INFO - [2024-08-09T13:12:22.016-0400] {dag.py:3089} INFO - Sync 1 DAGs
[2024-08-09T13:12:22.019-0400] {logging_mixin.py:188} INFO - [2024-08-09T13:12:22.019-0400] {dag.py:3947} INFO - Setting next_dagrun for tutorial_taskflow_api to None, run_after=None
[2024-08-09T13:12:22.026-0400] {processor.py:183} INFO - Processing /Users/jakeliu/we-defend-truth-1/airflow_env/lib/python3.12/site-packages/airflow/example_dags/tutorial_taskflow_api.py took 0.060 seconds
[2024-08-09T13:13:17.210-0400] {processor.py:161} INFO - Started process (PID=21493) to work on /Users/jakeliu/we-defend-truth-1/airflow_env/lib/python3.12/site-packages/airflow/example_dags/tutorial_taskflow_api.py
[2024-08-09T13:13:17.211-0400] {processor.py:830} INFO - Processing file /Users/jakeliu/we-defend-truth-1/airflow_env/lib/python3.12/site-packages/airflow/example_dags/tutorial_taskflow_api.py for tasks to queue
[2024-08-09T13:13:17.211-0400] {logging_mixin.py:188} INFO - [2024-08-09T13:13:17.211-0400] {dagbag.py:545} INFO - Filling up the DagBag from /Users/jakeliu/we-defend-truth-1/airflow_env/lib/python3.12/site-packages/airflow/example_dags/tutorial_taskflow_api.py
[2024-08-09T13:13:17.227-0400] {processor.py:840} INFO - DAG(s) 'tutorial_taskflow_api' retrieved from /Users/jakeliu/we-defend-truth-1/airflow_env/lib/python3.12/site-packages/airflow/example_dags/tutorial_taskflow_api.py
[2024-08-09T13:13:17.260-0400] {logging_mixin.py:188} INFO - [2024-08-09T13:13:17.260-0400] {dag.py:3089} INFO - Sync 1 DAGs
[2024-08-09T13:13:17.263-0400] {logging_mixin.py:188} INFO - [2024-08-09T13:13:17.263-0400] {dag.py:3947} INFO - Setting next_dagrun for tutorial_taskflow_api to None, run_after=None
[2024-08-09T13:13:17.270-0400] {processor.py:183} INFO - Processing /Users/jakeliu/we-defend-truth-1/airflow_env/lib/python3.12/site-packages/airflow/example_dags/tutorial_taskflow_api.py took 0.061 seconds
[2024-08-09T13:14:15.940-0400] {processor.py:161} INFO - Started process (PID=21556) to work on /Users/jakeliu/we-defend-truth-1/airflow_env/lib/python3.12/site-packages/airflow/example_dags/tutorial_taskflow_api.py
[2024-08-09T13:14:15.941-0400] {processor.py:830} INFO - Processing file /Users/jakeliu/we-defend-truth-1/airflow_env/lib/python3.12/site-packages/airflow/example_dags/tutorial_taskflow_api.py for tasks to queue
[2024-08-09T13:14:15.941-0400] {logging_mixin.py:188} INFO - [2024-08-09T13:14:15.941-0400] {dagbag.py:545} INFO - Filling up the DagBag from /Users/jakeliu/we-defend-truth-1/airflow_env/lib/python3.12/site-packages/airflow/example_dags/tutorial_taskflow_api.py
[2024-08-09T13:14:15.955-0400] {processor.py:840} INFO - DAG(s) 'tutorial_taskflow_api' retrieved from /Users/jakeliu/we-defend-truth-1/airflow_env/lib/python3.12/site-packages/airflow/example_dags/tutorial_taskflow_api.py
[2024-08-09T13:14:15.987-0400] {logging_mixin.py:188} INFO - [2024-08-09T13:14:15.987-0400] {dag.py:3089} INFO - Sync 1 DAGs
[2024-08-09T13:14:15.990-0400] {logging_mixin.py:188} INFO - [2024-08-09T13:14:15.990-0400] {dag.py:3947} INFO - Setting next_dagrun for tutorial_taskflow_api to None, run_after=None
[2024-08-09T13:14:15.996-0400] {processor.py:183} INFO - Processing /Users/jakeliu/we-defend-truth-1/airflow_env/lib/python3.12/site-packages/airflow/example_dags/tutorial_taskflow_api.py took 0.057 seconds
[2024-08-09T13:15:14.539-0400] {processor.py:161} INFO - Started process (PID=21608) to work on /Users/jakeliu/we-defend-truth-1/airflow_env/lib/python3.12/site-packages/airflow/example_dags/tutorial_taskflow_api.py
[2024-08-09T13:15:14.540-0400] {processor.py:830} INFO - Processing file /Users/jakeliu/we-defend-truth-1/airflow_env/lib/python3.12/site-packages/airflow/example_dags/tutorial_taskflow_api.py for tasks to queue
[2024-08-09T13:15:14.540-0400] {logging_mixin.py:188} INFO - [2024-08-09T13:15:14.540-0400] {dagbag.py:545} INFO - Filling up the DagBag from /Users/jakeliu/we-defend-truth-1/airflow_env/lib/python3.12/site-packages/airflow/example_dags/tutorial_taskflow_api.py
[2024-08-09T13:15:14.555-0400] {processor.py:840} INFO - DAG(s) 'tutorial_taskflow_api' retrieved from /Users/jakeliu/we-defend-truth-1/airflow_env/lib/python3.12/site-packages/airflow/example_dags/tutorial_taskflow_api.py
[2024-08-09T13:15:14.587-0400] {logging_mixin.py:188} INFO - [2024-08-09T13:15:14.587-0400] {dag.py:3089} INFO - Sync 1 DAGs
[2024-08-09T13:15:14.590-0400] {logging_mixin.py:188} INFO - [2024-08-09T13:15:14.590-0400] {dag.py:3947} INFO - Setting next_dagrun for tutorial_taskflow_api to None, run_after=None
[2024-08-09T13:15:14.597-0400] {processor.py:183} INFO - Processing /Users/jakeliu/we-defend-truth-1/airflow_env/lib/python3.12/site-packages/airflow/example_dags/tutorial_taskflow_api.py took 0.058 seconds
[2024-08-09T13:16:13.044-0400] {processor.py:161} INFO - Started process (PID=21652) to work on /Users/jakeliu/we-defend-truth-1/airflow_env/lib/python3.12/site-packages/airflow/example_dags/tutorial_taskflow_api.py
[2024-08-09T13:16:13.045-0400] {processor.py:830} INFO - Processing file /Users/jakeliu/we-defend-truth-1/airflow_env/lib/python3.12/site-packages/airflow/example_dags/tutorial_taskflow_api.py for tasks to queue
[2024-08-09T13:16:13.045-0400] {logging_mixin.py:188} INFO - [2024-08-09T13:16:13.045-0400] {dagbag.py:545} INFO - Filling up the DagBag from /Users/jakeliu/we-defend-truth-1/airflow_env/lib/python3.12/site-packages/airflow/example_dags/tutorial_taskflow_api.py
[2024-08-09T13:16:13.059-0400] {processor.py:840} INFO - DAG(s) 'tutorial_taskflow_api' retrieved from /Users/jakeliu/we-defend-truth-1/airflow_env/lib/python3.12/site-packages/airflow/example_dags/tutorial_taskflow_api.py
[2024-08-09T13:16:13.089-0400] {logging_mixin.py:188} INFO - [2024-08-09T13:16:13.089-0400] {dag.py:3089} INFO - Sync 1 DAGs
[2024-08-09T13:16:13.092-0400] {logging_mixin.py:188} INFO - [2024-08-09T13:16:13.092-0400] {dag.py:3947} INFO - Setting next_dagrun for tutorial_taskflow_api to None, run_after=None
[2024-08-09T13:16:13.100-0400] {processor.py:183} INFO - Processing /Users/jakeliu/we-defend-truth-1/airflow_env/lib/python3.12/site-packages/airflow/example_dags/tutorial_taskflow_api.py took 0.057 seconds
[2024-08-09T13:17:09.125-0400] {processor.py:161} INFO - Started process (PID=21760) to work on /Users/jakeliu/we-defend-truth-1/airflow_env/lib/python3.12/site-packages/airflow/example_dags/tutorial_taskflow_api.py
[2024-08-09T13:17:09.125-0400] {processor.py:830} INFO - Processing file /Users/jakeliu/we-defend-truth-1/airflow_env/lib/python3.12/site-packages/airflow/example_dags/tutorial_taskflow_api.py for tasks to queue
[2024-08-09T13:17:09.126-0400] {logging_mixin.py:188} INFO - [2024-08-09T13:17:09.126-0400] {dagbag.py:545} INFO - Filling up the DagBag from /Users/jakeliu/we-defend-truth-1/airflow_env/lib/python3.12/site-packages/airflow/example_dags/tutorial_taskflow_api.py
[2024-08-09T13:17:09.140-0400] {processor.py:840} INFO - DAG(s) 'tutorial_taskflow_api' retrieved from /Users/jakeliu/we-defend-truth-1/airflow_env/lib/python3.12/site-packages/airflow/example_dags/tutorial_taskflow_api.py
[2024-08-09T13:17:09.172-0400] {logging_mixin.py:188} INFO - [2024-08-09T13:17:09.172-0400] {dag.py:3089} INFO - Sync 1 DAGs
[2024-08-09T13:17:09.175-0400] {logging_mixin.py:188} INFO - [2024-08-09T13:17:09.175-0400] {dag.py:3947} INFO - Setting next_dagrun for tutorial_taskflow_api to None, run_after=None
[2024-08-09T13:17:09.182-0400] {processor.py:183} INFO - Processing /Users/jakeliu/we-defend-truth-1/airflow_env/lib/python3.12/site-packages/airflow/example_dags/tutorial_taskflow_api.py took 0.058 seconds
[2024-08-09T13:18:00.260-0400] {processor.py:161} INFO - Started process (PID=21838) to work on /Users/jakeliu/we-defend-truth-1/airflow_env/lib/python3.12/site-packages/airflow/example_dags/tutorial_taskflow_api.py
[2024-08-09T13:18:00.261-0400] {processor.py:830} INFO - Processing file /Users/jakeliu/we-defend-truth-1/airflow_env/lib/python3.12/site-packages/airflow/example_dags/tutorial_taskflow_api.py for tasks to queue
[2024-08-09T13:18:00.261-0400] {logging_mixin.py:188} INFO - [2024-08-09T13:18:00.261-0400] {dagbag.py:545} INFO - Filling up the DagBag from /Users/jakeliu/we-defend-truth-1/airflow_env/lib/python3.12/site-packages/airflow/example_dags/tutorial_taskflow_api.py
[2024-08-09T13:18:00.276-0400] {processor.py:840} INFO - DAG(s) 'tutorial_taskflow_api' retrieved from /Users/jakeliu/we-defend-truth-1/airflow_env/lib/python3.12/site-packages/airflow/example_dags/tutorial_taskflow_api.py
[2024-08-09T13:18:00.310-0400] {logging_mixin.py:188} INFO - [2024-08-09T13:18:00.310-0400] {dag.py:3089} INFO - Sync 1 DAGs
[2024-08-09T13:18:00.314-0400] {logging_mixin.py:188} INFO - [2024-08-09T13:18:00.314-0400] {dag.py:3947} INFO - Setting next_dagrun for tutorial_taskflow_api to None, run_after=None
[2024-08-09T13:18:00.320-0400] {processor.py:183} INFO - Processing /Users/jakeliu/we-defend-truth-1/airflow_env/lib/python3.12/site-packages/airflow/example_dags/tutorial_taskflow_api.py took 0.061 seconds
[2024-08-09T13:18:49.748-0400] {processor.py:161} INFO - Started process (PID=21877) to work on /Users/jakeliu/we-defend-truth-1/airflow_env/lib/python3.12/site-packages/airflow/example_dags/tutorial_taskflow_api.py
[2024-08-09T13:18:49.749-0400] {processor.py:830} INFO - Processing file /Users/jakeliu/we-defend-truth-1/airflow_env/lib/python3.12/site-packages/airflow/example_dags/tutorial_taskflow_api.py for tasks to queue
[2024-08-09T13:18:49.749-0400] {logging_mixin.py:188} INFO - [2024-08-09T13:18:49.749-0400] {dagbag.py:545} INFO - Filling up the DagBag from /Users/jakeliu/we-defend-truth-1/airflow_env/lib/python3.12/site-packages/airflow/example_dags/tutorial_taskflow_api.py
[2024-08-09T13:18:49.763-0400] {processor.py:840} INFO - DAG(s) 'tutorial_taskflow_api' retrieved from /Users/jakeliu/we-defend-truth-1/airflow_env/lib/python3.12/site-packages/airflow/example_dags/tutorial_taskflow_api.py
[2024-08-09T13:18:49.795-0400] {logging_mixin.py:188} INFO - [2024-08-09T13:18:49.795-0400] {dag.py:3089} INFO - Sync 1 DAGs
[2024-08-09T13:18:49.798-0400] {logging_mixin.py:188} INFO - [2024-08-09T13:18:49.798-0400] {dag.py:3947} INFO - Setting next_dagrun for tutorial_taskflow_api to None, run_after=None
[2024-08-09T13:18:49.804-0400] {processor.py:183} INFO - Processing /Users/jakeliu/we-defend-truth-1/airflow_env/lib/python3.12/site-packages/airflow/example_dags/tutorial_taskflow_api.py took 0.057 seconds
[2024-08-09T13:19:43.964-0400] {processor.py:161} INFO - Started process (PID=21927) to work on /Users/jakeliu/we-defend-truth-1/airflow_env/lib/python3.12/site-packages/airflow/example_dags/tutorial_taskflow_api.py
[2024-08-09T13:19:43.966-0400] {processor.py:830} INFO - Processing file /Users/jakeliu/we-defend-truth-1/airflow_env/lib/python3.12/site-packages/airflow/example_dags/tutorial_taskflow_api.py for tasks to queue
[2024-08-09T13:19:43.966-0400] {logging_mixin.py:188} INFO - [2024-08-09T13:19:43.966-0400] {dagbag.py:545} INFO - Filling up the DagBag from /Users/jakeliu/we-defend-truth-1/airflow_env/lib/python3.12/site-packages/airflow/example_dags/tutorial_taskflow_api.py
[2024-08-09T13:19:43.980-0400] {processor.py:840} INFO - DAG(s) 'tutorial_taskflow_api' retrieved from /Users/jakeliu/we-defend-truth-1/airflow_env/lib/python3.12/site-packages/airflow/example_dags/tutorial_taskflow_api.py
[2024-08-09T13:19:44.013-0400] {logging_mixin.py:188} INFO - [2024-08-09T13:19:44.013-0400] {dag.py:3089} INFO - Sync 1 DAGs
[2024-08-09T13:19:44.016-0400] {logging_mixin.py:188} INFO - [2024-08-09T13:19:44.016-0400] {dag.py:3947} INFO - Setting next_dagrun for tutorial_taskflow_api to None, run_after=None
[2024-08-09T13:19:44.023-0400] {processor.py:183} INFO - Processing /Users/jakeliu/we-defend-truth-1/airflow_env/lib/python3.12/site-packages/airflow/example_dags/tutorial_taskflow_api.py took 0.060 seconds
[2024-08-09T13:20:35.587-0400] {processor.py:161} INFO - Started process (PID=22013) to work on /Users/jakeliu/we-defend-truth-1/airflow_env/lib/python3.12/site-packages/airflow/example_dags/tutorial_taskflow_api.py
[2024-08-09T13:20:35.588-0400] {processor.py:830} INFO - Processing file /Users/jakeliu/we-defend-truth-1/airflow_env/lib/python3.12/site-packages/airflow/example_dags/tutorial_taskflow_api.py for tasks to queue
[2024-08-09T13:20:35.589-0400] {logging_mixin.py:188} INFO - [2024-08-09T13:20:35.589-0400] {dagbag.py:545} INFO - Filling up the DagBag from /Users/jakeliu/we-defend-truth-1/airflow_env/lib/python3.12/site-packages/airflow/example_dags/tutorial_taskflow_api.py
[2024-08-09T13:20:35.607-0400] {processor.py:840} INFO - DAG(s) 'tutorial_taskflow_api' retrieved from /Users/jakeliu/we-defend-truth-1/airflow_env/lib/python3.12/site-packages/airflow/example_dags/tutorial_taskflow_api.py
[2024-08-09T13:20:35.639-0400] {logging_mixin.py:188} INFO - [2024-08-09T13:20:35.639-0400] {dag.py:3089} INFO - Sync 1 DAGs
[2024-08-09T13:20:35.642-0400] {logging_mixin.py:188} INFO - [2024-08-09T13:20:35.642-0400] {dag.py:3947} INFO - Setting next_dagrun for tutorial_taskflow_api to None, run_after=None
[2024-08-09T13:20:35.648-0400] {processor.py:183} INFO - Processing /Users/jakeliu/we-defend-truth-1/airflow_env/lib/python3.12/site-packages/airflow/example_dags/tutorial_taskflow_api.py took 0.062 seconds
[2024-08-09T13:21:25.344-0400] {processor.py:161} INFO - Started process (PID=22589) to work on /Users/jakeliu/we-defend-truth-1/airflow_env/lib/python3.12/site-packages/airflow/example_dags/tutorial_taskflow_api.py
[2024-08-09T13:21:25.344-0400] {processor.py:830} INFO - Processing file /Users/jakeliu/we-defend-truth-1/airflow_env/lib/python3.12/site-packages/airflow/example_dags/tutorial_taskflow_api.py for tasks to queue
[2024-08-09T13:21:25.344-0400] {logging_mixin.py:188} INFO - [2024-08-09T13:21:25.344-0400] {dagbag.py:545} INFO - Filling up the DagBag from /Users/jakeliu/we-defend-truth-1/airflow_env/lib/python3.12/site-packages/airflow/example_dags/tutorial_taskflow_api.py
[2024-08-09T13:21:25.361-0400] {processor.py:840} INFO - DAG(s) 'tutorial_taskflow_api' retrieved from /Users/jakeliu/we-defend-truth-1/airflow_env/lib/python3.12/site-packages/airflow/example_dags/tutorial_taskflow_api.py
[2024-08-09T13:21:25.395-0400] {logging_mixin.py:188} INFO - [2024-08-09T13:21:25.395-0400] {dag.py:3089} INFO - Sync 1 DAGs
[2024-08-09T13:21:25.399-0400] {logging_mixin.py:188} INFO - [2024-08-09T13:21:25.398-0400] {dag.py:3947} INFO - Setting next_dagrun for tutorial_taskflow_api to None, run_after=None
[2024-08-09T13:21:25.406-0400] {processor.py:183} INFO - Processing /Users/jakeliu/we-defend-truth-1/airflow_env/lib/python3.12/site-packages/airflow/example_dags/tutorial_taskflow_api.py took 0.063 seconds
[2024-08-09T13:22:17.228-0400] {processor.py:161} INFO - Started process (PID=22636) to work on /Users/jakeliu/we-defend-truth-1/airflow_env/lib/python3.12/site-packages/airflow/example_dags/tutorial_taskflow_api.py
[2024-08-09T13:22:17.229-0400] {processor.py:830} INFO - Processing file /Users/jakeliu/we-defend-truth-1/airflow_env/lib/python3.12/site-packages/airflow/example_dags/tutorial_taskflow_api.py for tasks to queue
[2024-08-09T13:22:17.229-0400] {logging_mixin.py:188} INFO - [2024-08-09T13:22:17.229-0400] {dagbag.py:545} INFO - Filling up the DagBag from /Users/jakeliu/we-defend-truth-1/airflow_env/lib/python3.12/site-packages/airflow/example_dags/tutorial_taskflow_api.py
[2024-08-09T13:22:17.245-0400] {processor.py:840} INFO - DAG(s) 'tutorial_taskflow_api' retrieved from /Users/jakeliu/we-defend-truth-1/airflow_env/lib/python3.12/site-packages/airflow/example_dags/tutorial_taskflow_api.py
[2024-08-09T13:22:17.283-0400] {logging_mixin.py:188} INFO - [2024-08-09T13:22:17.283-0400] {dag.py:3089} INFO - Sync 1 DAGs
[2024-08-09T13:22:17.286-0400] {logging_mixin.py:188} INFO - [2024-08-09T13:22:17.286-0400] {dag.py:3947} INFO - Setting next_dagrun for tutorial_taskflow_api to None, run_after=None
[2024-08-09T13:22:17.293-0400] {processor.py:183} INFO - Processing /Users/jakeliu/we-defend-truth-1/airflow_env/lib/python3.12/site-packages/airflow/example_dags/tutorial_taskflow_api.py took 0.066 seconds
[2024-08-09T13:23:08.373-0400] {processor.py:161} INFO - Started process (PID=22693) to work on /Users/jakeliu/we-defend-truth-1/airflow_env/lib/python3.12/site-packages/airflow/example_dags/tutorial_taskflow_api.py
[2024-08-09T13:23:08.373-0400] {processor.py:830} INFO - Processing file /Users/jakeliu/we-defend-truth-1/airflow_env/lib/python3.12/site-packages/airflow/example_dags/tutorial_taskflow_api.py for tasks to queue
[2024-08-09T13:23:08.373-0400] {logging_mixin.py:188} INFO - [2024-08-09T13:23:08.373-0400] {dagbag.py:545} INFO - Filling up the DagBag from /Users/jakeliu/we-defend-truth-1/airflow_env/lib/python3.12/site-packages/airflow/example_dags/tutorial_taskflow_api.py
[2024-08-09T13:23:08.390-0400] {processor.py:840} INFO - DAG(s) 'tutorial_taskflow_api' retrieved from /Users/jakeliu/we-defend-truth-1/airflow_env/lib/python3.12/site-packages/airflow/example_dags/tutorial_taskflow_api.py
[2024-08-09T13:23:08.423-0400] {logging_mixin.py:188} INFO - [2024-08-09T13:23:08.423-0400] {dag.py:3089} INFO - Sync 1 DAGs
[2024-08-09T13:23:08.426-0400] {logging_mixin.py:188} INFO - [2024-08-09T13:23:08.426-0400] {dag.py:3947} INFO - Setting next_dagrun for tutorial_taskflow_api to None, run_after=None
[2024-08-09T13:23:08.433-0400] {processor.py:183} INFO - Processing /Users/jakeliu/we-defend-truth-1/airflow_env/lib/python3.12/site-packages/airflow/example_dags/tutorial_taskflow_api.py took 0.061 seconds
[2024-08-09T13:23:58.249-0400] {processor.py:161} INFO - Started process (PID=22738) to work on /Users/jakeliu/we-defend-truth-1/airflow_env/lib/python3.12/site-packages/airflow/example_dags/tutorial_taskflow_api.py
[2024-08-09T13:23:58.250-0400] {processor.py:830} INFO - Processing file /Users/jakeliu/we-defend-truth-1/airflow_env/lib/python3.12/site-packages/airflow/example_dags/tutorial_taskflow_api.py for tasks to queue
[2024-08-09T13:23:58.250-0400] {logging_mixin.py:188} INFO - [2024-08-09T13:23:58.250-0400] {dagbag.py:545} INFO - Filling up the DagBag from /Users/jakeliu/we-defend-truth-1/airflow_env/lib/python3.12/site-packages/airflow/example_dags/tutorial_taskflow_api.py
[2024-08-09T13:23:58.265-0400] {processor.py:840} INFO - DAG(s) 'tutorial_taskflow_api' retrieved from /Users/jakeliu/we-defend-truth-1/airflow_env/lib/python3.12/site-packages/airflow/example_dags/tutorial_taskflow_api.py
[2024-08-09T13:23:58.307-0400] {logging_mixin.py:188} INFO - [2024-08-09T13:23:58.307-0400] {dag.py:3089} INFO - Sync 1 DAGs
[2024-08-09T13:23:58.311-0400] {logging_mixin.py:188} INFO - [2024-08-09T13:23:58.311-0400] {dag.py:3947} INFO - Setting next_dagrun for tutorial_taskflow_api to None, run_after=None
[2024-08-09T13:23:58.319-0400] {processor.py:183} INFO - Processing /Users/jakeliu/we-defend-truth-1/airflow_env/lib/python3.12/site-packages/airflow/example_dags/tutorial_taskflow_api.py took 0.071 seconds
[2024-08-09T13:24:52.854-0400] {processor.py:161} INFO - Started process (PID=22803) to work on /Users/jakeliu/we-defend-truth-1/airflow_env/lib/python3.12/site-packages/airflow/example_dags/tutorial_taskflow_api.py
[2024-08-09T13:24:52.855-0400] {processor.py:830} INFO - Processing file /Users/jakeliu/we-defend-truth-1/airflow_env/lib/python3.12/site-packages/airflow/example_dags/tutorial_taskflow_api.py for tasks to queue
[2024-08-09T13:24:52.855-0400] {logging_mixin.py:188} INFO - [2024-08-09T13:24:52.855-0400] {dagbag.py:545} INFO - Filling up the DagBag from /Users/jakeliu/we-defend-truth-1/airflow_env/lib/python3.12/site-packages/airflow/example_dags/tutorial_taskflow_api.py
[2024-08-09T13:24:52.869-0400] {processor.py:840} INFO - DAG(s) 'tutorial_taskflow_api' retrieved from /Users/jakeliu/we-defend-truth-1/airflow_env/lib/python3.12/site-packages/airflow/example_dags/tutorial_taskflow_api.py
[2024-08-09T13:24:52.901-0400] {logging_mixin.py:188} INFO - [2024-08-09T13:24:52.901-0400] {dag.py:3089} INFO - Sync 1 DAGs
[2024-08-09T13:24:52.904-0400] {logging_mixin.py:188} INFO - [2024-08-09T13:24:52.904-0400] {dag.py:3947} INFO - Setting next_dagrun for tutorial_taskflow_api to None, run_after=None
[2024-08-09T13:24:52.910-0400] {processor.py:183} INFO - Processing /Users/jakeliu/we-defend-truth-1/airflow_env/lib/python3.12/site-packages/airflow/example_dags/tutorial_taskflow_api.py took 0.057 seconds
[2024-08-09T13:25:50.089-0400] {processor.py:161} INFO - Started process (PID=22865) to work on /Users/jakeliu/we-defend-truth-1/airflow_env/lib/python3.12/site-packages/airflow/example_dags/tutorial_taskflow_api.py
[2024-08-09T13:25:50.090-0400] {processor.py:830} INFO - Processing file /Users/jakeliu/we-defend-truth-1/airflow_env/lib/python3.12/site-packages/airflow/example_dags/tutorial_taskflow_api.py for tasks to queue
[2024-08-09T13:25:50.090-0400] {logging_mixin.py:188} INFO - [2024-08-09T13:25:50.090-0400] {dagbag.py:545} INFO - Filling up the DagBag from /Users/jakeliu/we-defend-truth-1/airflow_env/lib/python3.12/site-packages/airflow/example_dags/tutorial_taskflow_api.py
[2024-08-09T13:25:50.105-0400] {processor.py:840} INFO - DAG(s) 'tutorial_taskflow_api' retrieved from /Users/jakeliu/we-defend-truth-1/airflow_env/lib/python3.12/site-packages/airflow/example_dags/tutorial_taskflow_api.py
[2024-08-09T13:25:50.140-0400] {logging_mixin.py:188} INFO - [2024-08-09T13:25:50.140-0400] {dag.py:3089} INFO - Sync 1 DAGs
[2024-08-09T13:25:50.144-0400] {logging_mixin.py:188} INFO - [2024-08-09T13:25:50.144-0400] {dag.py:3947} INFO - Setting next_dagrun for tutorial_taskflow_api to None, run_after=None
[2024-08-09T13:25:50.150-0400] {processor.py:183} INFO - Processing /Users/jakeliu/we-defend-truth-1/airflow_env/lib/python3.12/site-packages/airflow/example_dags/tutorial_taskflow_api.py took 0.062 seconds
[2024-08-09T13:26:48.687-0400] {processor.py:161} INFO - Started process (PID=22923) to work on /Users/jakeliu/we-defend-truth-1/airflow_env/lib/python3.12/site-packages/airflow/example_dags/tutorial_taskflow_api.py
[2024-08-09T13:26:48.688-0400] {processor.py:830} INFO - Processing file /Users/jakeliu/we-defend-truth-1/airflow_env/lib/python3.12/site-packages/airflow/example_dags/tutorial_taskflow_api.py for tasks to queue
[2024-08-09T13:26:48.688-0400] {logging_mixin.py:188} INFO - [2024-08-09T13:26:48.688-0400] {dagbag.py:545} INFO - Filling up the DagBag from /Users/jakeliu/we-defend-truth-1/airflow_env/lib/python3.12/site-packages/airflow/example_dags/tutorial_taskflow_api.py
[2024-08-09T13:26:48.702-0400] {processor.py:840} INFO - DAG(s) 'tutorial_taskflow_api' retrieved from /Users/jakeliu/we-defend-truth-1/airflow_env/lib/python3.12/site-packages/airflow/example_dags/tutorial_taskflow_api.py
[2024-08-09T13:26:48.733-0400] {logging_mixin.py:188} INFO - [2024-08-09T13:26:48.733-0400] {dag.py:3089} INFO - Sync 1 DAGs
[2024-08-09T13:26:48.736-0400] {logging_mixin.py:188} INFO - [2024-08-09T13:26:48.736-0400] {dag.py:3947} INFO - Setting next_dagrun for tutorial_taskflow_api to None, run_after=None
[2024-08-09T13:26:48.742-0400] {processor.py:183} INFO - Processing /Users/jakeliu/we-defend-truth-1/airflow_env/lib/python3.12/site-packages/airflow/example_dags/tutorial_taskflow_api.py took 0.056 seconds
