[2024-08-09T13:03:48.843-0400] {processor.py:161} INFO - Started process (PID=20875) to work on /Users/jakeliu/we-defend-truth-1/airflow_env/lib/python3.12/site-packages/airflow/example_dags/subdags/subdag.py
[2024-08-09T13:03:48.844-0400] {processor.py:830} INFO - Processing file /Users/jakeliu/we-defend-truth-1/airflow_env/lib/python3.12/site-packages/airflow/example_dags/subdags/subdag.py for tasks to queue
[2024-08-09T13:03:48.844-0400] {logging_mixin.py:188} INFO - [2024-08-09T13:03:48.844-0400] {dagbag.py:545} INFO - Filling up the DagBag from /Users/jakeliu/we-defend-truth-1/airflow_env/lib/python3.12/site-packages/airflow/example_dags/subdags/subdag.py
[2024-08-09T13:03:48.845-0400] {processor.py:842} WARNING - No viable dags retrieved from /Users/jakeliu/we-defend-truth-1/airflow_env/lib/python3.12/site-packages/airflow/example_dags/subdags/subdag.py
[2024-08-09T13:03:48.870-0400] {processor.py:183} INFO - Processing /Users/jakeliu/we-defend-truth-1/airflow_env/lib/python3.12/site-packages/airflow/example_dags/subdags/subdag.py took 0.028 seconds
[2024-08-09T13:05:14.118-0400] {processor.py:161} INFO - Started process (PID=20933) to work on /Users/jakeliu/we-defend-truth-1/airflow_env/lib/python3.12/site-packages/airflow/example_dags/subdags/subdag.py
[2024-08-09T13:05:14.119-0400] {processor.py:830} INFO - Processing file /Users/jakeliu/we-defend-truth-1/airflow_env/lib/python3.12/site-packages/airflow/example_dags/subdags/subdag.py for tasks to queue
[2024-08-09T13:05:14.120-0400] {logging_mixin.py:188} INFO - [2024-08-09T13:05:14.120-0400] {dagbag.py:545} INFO - Filling up the DagBag from /Users/jakeliu/we-defend-truth-1/airflow_env/lib/python3.12/site-packages/airflow/example_dags/subdags/subdag.py
[2024-08-09T13:05:14.121-0400] {processor.py:842} WARNING - No viable dags retrieved from /Users/jakeliu/we-defend-truth-1/airflow_env/lib/python3.12/site-packages/airflow/example_dags/subdags/subdag.py
[2024-08-09T13:05:14.146-0400] {processor.py:183} INFO - Processing /Users/jakeliu/we-defend-truth-1/airflow_env/lib/python3.12/site-packages/airflow/example_dags/subdags/subdag.py took 0.029 seconds
[2024-08-09T13:06:07.892-0400] {processor.py:161} INFO - Started process (PID=21008) to work on /Users/jakeliu/we-defend-truth-1/airflow_env/lib/python3.12/site-packages/airflow/example_dags/subdags/subdag.py
[2024-08-09T13:06:07.893-0400] {processor.py:830} INFO - Processing file /Users/jakeliu/we-defend-truth-1/airflow_env/lib/python3.12/site-packages/airflow/example_dags/subdags/subdag.py for tasks to queue
[2024-08-09T13:06:07.894-0400] {logging_mixin.py:188} INFO - [2024-08-09T13:06:07.893-0400] {dagbag.py:545} INFO - Filling up the DagBag from /Users/jakeliu/we-defend-truth-1/airflow_env/lib/python3.12/site-packages/airflow/example_dags/subdags/subdag.py
[2024-08-09T13:06:07.895-0400] {processor.py:842} WARNING - No viable dags retrieved from /Users/jakeliu/we-defend-truth-1/airflow_env/lib/python3.12/site-packages/airflow/example_dags/subdags/subdag.py
[2024-08-09T13:06:07.922-0400] {processor.py:183} INFO - Processing /Users/jakeliu/we-defend-truth-1/airflow_env/lib/python3.12/site-packages/airflow/example_dags/subdags/subdag.py took 0.031 seconds
[2024-08-09T13:07:01.125-0400] {processor.py:161} INFO - Started process (PID=21087) to work on /Users/jakeliu/we-defend-truth-1/airflow_env/lib/python3.12/site-packages/airflow/example_dags/subdags/subdag.py
[2024-08-09T13:07:01.125-0400] {processor.py:830} INFO - Processing file /Users/jakeliu/we-defend-truth-1/airflow_env/lib/python3.12/site-packages/airflow/example_dags/subdags/subdag.py for tasks to queue
[2024-08-09T13:07:01.126-0400] {logging_mixin.py:188} INFO - [2024-08-09T13:07:01.125-0400] {dagbag.py:545} INFO - Filling up the DagBag from /Users/jakeliu/we-defend-truth-1/airflow_env/lib/python3.12/site-packages/airflow/example_dags/subdags/subdag.py
[2024-08-09T13:07:01.127-0400] {processor.py:842} WARNING - No viable dags retrieved from /Users/jakeliu/we-defend-truth-1/airflow_env/lib/python3.12/site-packages/airflow/example_dags/subdags/subdag.py
[2024-08-09T13:07:01.154-0400] {processor.py:183} INFO - Processing /Users/jakeliu/we-defend-truth-1/airflow_env/lib/python3.12/site-packages/airflow/example_dags/subdags/subdag.py took 0.030 seconds
[2024-08-09T13:07:54.486-0400] {processor.py:161} INFO - Started process (PID=21160) to work on /Users/jakeliu/we-defend-truth-1/airflow_env/lib/python3.12/site-packages/airflow/example_dags/subdags/subdag.py
[2024-08-09T13:07:54.487-0400] {processor.py:830} INFO - Processing file /Users/jakeliu/we-defend-truth-1/airflow_env/lib/python3.12/site-packages/airflow/example_dags/subdags/subdag.py for tasks to queue
[2024-08-09T13:07:54.487-0400] {logging_mixin.py:188} INFO - [2024-08-09T13:07:54.487-0400] {dagbag.py:545} INFO - Filling up the DagBag from /Users/jakeliu/we-defend-truth-1/airflow_env/lib/python3.12/site-packages/airflow/example_dags/subdags/subdag.py
[2024-08-09T13:07:54.488-0400] {processor.py:842} WARNING - No viable dags retrieved from /Users/jakeliu/we-defend-truth-1/airflow_env/lib/python3.12/site-packages/airflow/example_dags/subdags/subdag.py
[2024-08-09T13:07:54.515-0400] {processor.py:183} INFO - Processing /Users/jakeliu/we-defend-truth-1/airflow_env/lib/python3.12/site-packages/airflow/example_dags/subdags/subdag.py took 0.030 seconds
[2024-08-09T13:08:44.712-0400] {processor.py:161} INFO - Started process (PID=21204) to work on /Users/jakeliu/we-defend-truth-1/airflow_env/lib/python3.12/site-packages/airflow/example_dags/subdags/subdag.py
[2024-08-09T13:08:44.713-0400] {processor.py:830} INFO - Processing file /Users/jakeliu/we-defend-truth-1/airflow_env/lib/python3.12/site-packages/airflow/example_dags/subdags/subdag.py for tasks to queue
[2024-08-09T13:08:44.714-0400] {logging_mixin.py:188} INFO - [2024-08-09T13:08:44.713-0400] {dagbag.py:545} INFO - Filling up the DagBag from /Users/jakeliu/we-defend-truth-1/airflow_env/lib/python3.12/site-packages/airflow/example_dags/subdags/subdag.py
[2024-08-09T13:08:44.715-0400] {processor.py:842} WARNING - No viable dags retrieved from /Users/jakeliu/we-defend-truth-1/airflow_env/lib/python3.12/site-packages/airflow/example_dags/subdags/subdag.py
[2024-08-09T13:08:44.742-0400] {processor.py:183} INFO - Processing /Users/jakeliu/we-defend-truth-1/airflow_env/lib/python3.12/site-packages/airflow/example_dags/subdags/subdag.py took 0.031 seconds
[2024-08-09T13:09:34.663-0400] {processor.py:161} INFO - Started process (PID=21275) to work on /Users/jakeliu/we-defend-truth-1/airflow_env/lib/python3.12/site-packages/airflow/example_dags/subdags/subdag.py
[2024-08-09T13:09:34.664-0400] {processor.py:830} INFO - Processing file /Users/jakeliu/we-defend-truth-1/airflow_env/lib/python3.12/site-packages/airflow/example_dags/subdags/subdag.py for tasks to queue
[2024-08-09T13:09:34.665-0400] {logging_mixin.py:188} INFO - [2024-08-09T13:09:34.665-0400] {dagbag.py:545} INFO - Filling up the DagBag from /Users/jakeliu/we-defend-truth-1/airflow_env/lib/python3.12/site-packages/airflow/example_dags/subdags/subdag.py
[2024-08-09T13:09:34.666-0400] {processor.py:842} WARNING - No viable dags retrieved from /Users/jakeliu/we-defend-truth-1/airflow_env/lib/python3.12/site-packages/airflow/example_dags/subdags/subdag.py
[2024-08-09T13:09:34.691-0400] {processor.py:183} INFO - Processing /Users/jakeliu/we-defend-truth-1/airflow_env/lib/python3.12/site-packages/airflow/example_dags/subdags/subdag.py took 0.029 seconds
[2024-08-09T13:10:26.228-0400] {processor.py:161} INFO - Started process (PID=21322) to work on /Users/jakeliu/we-defend-truth-1/airflow_env/lib/python3.12/site-packages/airflow/example_dags/subdags/subdag.py
[2024-08-09T13:10:26.229-0400] {processor.py:830} INFO - Processing file /Users/jakeliu/we-defend-truth-1/airflow_env/lib/python3.12/site-packages/airflow/example_dags/subdags/subdag.py for tasks to queue
[2024-08-09T13:10:26.229-0400] {logging_mixin.py:188} INFO - [2024-08-09T13:10:26.229-0400] {dagbag.py:545} INFO - Filling up the DagBag from /Users/jakeliu/we-defend-truth-1/airflow_env/lib/python3.12/site-packages/airflow/example_dags/subdags/subdag.py
[2024-08-09T13:10:26.230-0400] {processor.py:842} WARNING - No viable dags retrieved from /Users/jakeliu/we-defend-truth-1/airflow_env/lib/python3.12/site-packages/airflow/example_dags/subdags/subdag.py
[2024-08-09T13:10:26.256-0400] {processor.py:183} INFO - Processing /Users/jakeliu/we-defend-truth-1/airflow_env/lib/python3.12/site-packages/airflow/example_dags/subdags/subdag.py took 0.029 seconds
[2024-08-09T13:11:20.371-0400] {processor.py:161} INFO - Started process (PID=21388) to work on /Users/jakeliu/we-defend-truth-1/airflow_env/lib/python3.12/site-packages/airflow/example_dags/subdags/subdag.py
[2024-08-09T13:11:20.372-0400] {processor.py:830} INFO - Processing file /Users/jakeliu/we-defend-truth-1/airflow_env/lib/python3.12/site-packages/airflow/example_dags/subdags/subdag.py for tasks to queue
[2024-08-09T13:11:20.372-0400] {logging_mixin.py:188} INFO - [2024-08-09T13:11:20.372-0400] {dagbag.py:545} INFO - Filling up the DagBag from /Users/jakeliu/we-defend-truth-1/airflow_env/lib/python3.12/site-packages/airflow/example_dags/subdags/subdag.py
[2024-08-09T13:11:20.373-0400] {processor.py:842} WARNING - No viable dags retrieved from /Users/jakeliu/we-defend-truth-1/airflow_env/lib/python3.12/site-packages/airflow/example_dags/subdags/subdag.py
[2024-08-09T13:11:20.400-0400] {processor.py:183} INFO - Processing /Users/jakeliu/we-defend-truth-1/airflow_env/lib/python3.12/site-packages/airflow/example_dags/subdags/subdag.py took 0.030 seconds
[2024-08-09T13:12:11.833-0400] {processor.py:161} INFO - Started process (PID=21436) to work on /Users/jakeliu/we-defend-truth-1/airflow_env/lib/python3.12/site-packages/airflow/example_dags/subdags/subdag.py
[2024-08-09T13:12:11.834-0400] {processor.py:830} INFO - Processing file /Users/jakeliu/we-defend-truth-1/airflow_env/lib/python3.12/site-packages/airflow/example_dags/subdags/subdag.py for tasks to queue
[2024-08-09T13:12:11.835-0400] {logging_mixin.py:188} INFO - [2024-08-09T13:12:11.834-0400] {dagbag.py:545} INFO - Filling up the DagBag from /Users/jakeliu/we-defend-truth-1/airflow_env/lib/python3.12/site-packages/airflow/example_dags/subdags/subdag.py
[2024-08-09T13:12:11.836-0400] {processor.py:842} WARNING - No viable dags retrieved from /Users/jakeliu/we-defend-truth-1/airflow_env/lib/python3.12/site-packages/airflow/example_dags/subdags/subdag.py
[2024-08-09T13:12:11.861-0400] {processor.py:183} INFO - Processing /Users/jakeliu/we-defend-truth-1/airflow_env/lib/python3.12/site-packages/airflow/example_dags/subdags/subdag.py took 0.029 seconds
[2024-08-09T13:13:06.812-0400] {processor.py:161} INFO - Started process (PID=21487) to work on /Users/jakeliu/we-defend-truth-1/airflow_env/lib/python3.12/site-packages/airflow/example_dags/subdags/subdag.py
[2024-08-09T13:13:06.812-0400] {processor.py:830} INFO - Processing file /Users/jakeliu/we-defend-truth-1/airflow_env/lib/python3.12/site-packages/airflow/example_dags/subdags/subdag.py for tasks to queue
[2024-08-09T13:13:06.813-0400] {logging_mixin.py:188} INFO - [2024-08-09T13:13:06.813-0400] {dagbag.py:545} INFO - Filling up the DagBag from /Users/jakeliu/we-defend-truth-1/airflow_env/lib/python3.12/site-packages/airflow/example_dags/subdags/subdag.py
[2024-08-09T13:13:06.814-0400] {processor.py:842} WARNING - No viable dags retrieved from /Users/jakeliu/we-defend-truth-1/airflow_env/lib/python3.12/site-packages/airflow/example_dags/subdags/subdag.py
[2024-08-09T13:13:06.839-0400] {processor.py:183} INFO - Processing /Users/jakeliu/we-defend-truth-1/airflow_env/lib/python3.12/site-packages/airflow/example_dags/subdags/subdag.py took 0.028 seconds
[2024-08-09T13:14:05.779-0400] {processor.py:161} INFO - Started process (PID=21524) to work on /Users/jakeliu/we-defend-truth-1/airflow_env/lib/python3.12/site-packages/airflow/example_dags/subdags/subdag.py
[2024-08-09T13:14:05.780-0400] {processor.py:830} INFO - Processing file /Users/jakeliu/we-defend-truth-1/airflow_env/lib/python3.12/site-packages/airflow/example_dags/subdags/subdag.py for tasks to queue
[2024-08-09T13:14:05.780-0400] {logging_mixin.py:188} INFO - [2024-08-09T13:14:05.780-0400] {dagbag.py:545} INFO - Filling up the DagBag from /Users/jakeliu/we-defend-truth-1/airflow_env/lib/python3.12/site-packages/airflow/example_dags/subdags/subdag.py
[2024-08-09T13:14:05.781-0400] {processor.py:842} WARNING - No viable dags retrieved from /Users/jakeliu/we-defend-truth-1/airflow_env/lib/python3.12/site-packages/airflow/example_dags/subdags/subdag.py
[2024-08-09T13:14:05.806-0400] {processor.py:183} INFO - Processing /Users/jakeliu/we-defend-truth-1/airflow_env/lib/python3.12/site-packages/airflow/example_dags/subdags/subdag.py took 0.028 seconds
[2024-08-09T13:15:04.402-0400] {processor.py:161} INFO - Started process (PID=21602) to work on /Users/jakeliu/we-defend-truth-1/airflow_env/lib/python3.12/site-packages/airflow/example_dags/subdags/subdag.py
[2024-08-09T13:15:04.404-0400] {processor.py:830} INFO - Processing file /Users/jakeliu/we-defend-truth-1/airflow_env/lib/python3.12/site-packages/airflow/example_dags/subdags/subdag.py for tasks to queue
[2024-08-09T13:15:04.404-0400] {logging_mixin.py:188} INFO - [2024-08-09T13:15:04.404-0400] {dagbag.py:545} INFO - Filling up the DagBag from /Users/jakeliu/we-defend-truth-1/airflow_env/lib/python3.12/site-packages/airflow/example_dags/subdags/subdag.py
[2024-08-09T13:15:04.405-0400] {processor.py:842} WARNING - No viable dags retrieved from /Users/jakeliu/we-defend-truth-1/airflow_env/lib/python3.12/site-packages/airflow/example_dags/subdags/subdag.py
[2024-08-09T13:15:04.430-0400] {processor.py:183} INFO - Processing /Users/jakeliu/we-defend-truth-1/airflow_env/lib/python3.12/site-packages/airflow/example_dags/subdags/subdag.py took 0.029 seconds
[2024-08-09T13:16:02.987-0400] {processor.py:161} INFO - Started process (PID=21641) to work on /Users/jakeliu/we-defend-truth-1/airflow_env/lib/python3.12/site-packages/airflow/example_dags/subdags/subdag.py
[2024-08-09T13:16:02.988-0400] {processor.py:830} INFO - Processing file /Users/jakeliu/we-defend-truth-1/airflow_env/lib/python3.12/site-packages/airflow/example_dags/subdags/subdag.py for tasks to queue
[2024-08-09T13:16:02.989-0400] {logging_mixin.py:188} INFO - [2024-08-09T13:16:02.989-0400] {dagbag.py:545} INFO - Filling up the DagBag from /Users/jakeliu/we-defend-truth-1/airflow_env/lib/python3.12/site-packages/airflow/example_dags/subdags/subdag.py
[2024-08-09T13:16:02.990-0400] {processor.py:842} WARNING - No viable dags retrieved from /Users/jakeliu/we-defend-truth-1/airflow_env/lib/python3.12/site-packages/airflow/example_dags/subdags/subdag.py
[2024-08-09T13:16:03.016-0400] {processor.py:183} INFO - Processing /Users/jakeliu/we-defend-truth-1/airflow_env/lib/python3.12/site-packages/airflow/example_dags/subdags/subdag.py took 0.030 seconds
[2024-08-09T13:16:59.966-0400] {processor.py:161} INFO - Started process (PID=21750) to work on /Users/jakeliu/we-defend-truth-1/airflow_env/lib/python3.12/site-packages/airflow/example_dags/subdags/subdag.py
[2024-08-09T13:16:59.966-0400] {processor.py:830} INFO - Processing file /Users/jakeliu/we-defend-truth-1/airflow_env/lib/python3.12/site-packages/airflow/example_dags/subdags/subdag.py for tasks to queue
[2024-08-09T13:16:59.967-0400] {logging_mixin.py:188} INFO - [2024-08-09T13:16:59.967-0400] {dagbag.py:545} INFO - Filling up the DagBag from /Users/jakeliu/we-defend-truth-1/airflow_env/lib/python3.12/site-packages/airflow/example_dags/subdags/subdag.py
[2024-08-09T13:16:59.968-0400] {processor.py:842} WARNING - No viable dags retrieved from /Users/jakeliu/we-defend-truth-1/airflow_env/lib/python3.12/site-packages/airflow/example_dags/subdags/subdag.py
[2024-08-09T13:17:00.001-0400] {processor.py:183} INFO - Processing /Users/jakeliu/we-defend-truth-1/airflow_env/lib/python3.12/site-packages/airflow/example_dags/subdags/subdag.py took 0.036 seconds
[2024-08-09T13:17:51.230-0400] {processor.py:161} INFO - Started process (PID=21832) to work on /Users/jakeliu/we-defend-truth-1/airflow_env/lib/python3.12/site-packages/airflow/example_dags/subdags/subdag.py
[2024-08-09T13:17:51.231-0400] {processor.py:830} INFO - Processing file /Users/jakeliu/we-defend-truth-1/airflow_env/lib/python3.12/site-packages/airflow/example_dags/subdags/subdag.py for tasks to queue
[2024-08-09T13:17:51.231-0400] {logging_mixin.py:188} INFO - [2024-08-09T13:17:51.231-0400] {dagbag.py:545} INFO - Filling up the DagBag from /Users/jakeliu/we-defend-truth-1/airflow_env/lib/python3.12/site-packages/airflow/example_dags/subdags/subdag.py
[2024-08-09T13:17:51.232-0400] {processor.py:842} WARNING - No viable dags retrieved from /Users/jakeliu/we-defend-truth-1/airflow_env/lib/python3.12/site-packages/airflow/example_dags/subdags/subdag.py
[2024-08-09T13:17:51.257-0400] {processor.py:183} INFO - Processing /Users/jakeliu/we-defend-truth-1/airflow_env/lib/python3.12/site-packages/airflow/example_dags/subdags/subdag.py took 0.028 seconds
[2024-08-09T13:18:40.642-0400] {processor.py:161} INFO - Started process (PID=21871) to work on /Users/jakeliu/we-defend-truth-1/airflow_env/lib/python3.12/site-packages/airflow/example_dags/subdags/subdag.py
[2024-08-09T13:18:40.643-0400] {processor.py:830} INFO - Processing file /Users/jakeliu/we-defend-truth-1/airflow_env/lib/python3.12/site-packages/airflow/example_dags/subdags/subdag.py for tasks to queue
[2024-08-09T13:18:40.643-0400] {logging_mixin.py:188} INFO - [2024-08-09T13:18:40.643-0400] {dagbag.py:545} INFO - Filling up the DagBag from /Users/jakeliu/we-defend-truth-1/airflow_env/lib/python3.12/site-packages/airflow/example_dags/subdags/subdag.py
[2024-08-09T13:18:40.644-0400] {processor.py:842} WARNING - No viable dags retrieved from /Users/jakeliu/we-defend-truth-1/airflow_env/lib/python3.12/site-packages/airflow/example_dags/subdags/subdag.py
[2024-08-09T13:18:40.669-0400] {processor.py:183} INFO - Processing /Users/jakeliu/we-defend-truth-1/airflow_env/lib/python3.12/site-packages/airflow/example_dags/subdags/subdag.py took 0.029 seconds
[2024-08-09T13:19:34.875-0400] {processor.py:161} INFO - Started process (PID=21921) to work on /Users/jakeliu/we-defend-truth-1/airflow_env/lib/python3.12/site-packages/airflow/example_dags/subdags/subdag.py
[2024-08-09T13:19:34.876-0400] {processor.py:830} INFO - Processing file /Users/jakeliu/we-defend-truth-1/airflow_env/lib/python3.12/site-packages/airflow/example_dags/subdags/subdag.py for tasks to queue
[2024-08-09T13:19:34.876-0400] {logging_mixin.py:188} INFO - [2024-08-09T13:19:34.876-0400] {dagbag.py:545} INFO - Filling up the DagBag from /Users/jakeliu/we-defend-truth-1/airflow_env/lib/python3.12/site-packages/airflow/example_dags/subdags/subdag.py
[2024-08-09T13:19:34.877-0400] {processor.py:842} WARNING - No viable dags retrieved from /Users/jakeliu/we-defend-truth-1/airflow_env/lib/python3.12/site-packages/airflow/example_dags/subdags/subdag.py
[2024-08-09T13:19:34.902-0400] {processor.py:183} INFO - Processing /Users/jakeliu/we-defend-truth-1/airflow_env/lib/python3.12/site-packages/airflow/example_dags/subdags/subdag.py took 0.028 seconds
[2024-08-09T13:20:25.252-0400] {processor.py:161} INFO - Started process (PID=21985) to work on /Users/jakeliu/we-defend-truth-1/airflow_env/lib/python3.12/site-packages/airflow/example_dags/subdags/subdag.py
[2024-08-09T13:20:25.253-0400] {processor.py:830} INFO - Processing file /Users/jakeliu/we-defend-truth-1/airflow_env/lib/python3.12/site-packages/airflow/example_dags/subdags/subdag.py for tasks to queue
[2024-08-09T13:20:25.253-0400] {logging_mixin.py:188} INFO - [2024-08-09T13:20:25.253-0400] {dagbag.py:545} INFO - Filling up the DagBag from /Users/jakeliu/we-defend-truth-1/airflow_env/lib/python3.12/site-packages/airflow/example_dags/subdags/subdag.py
[2024-08-09T13:20:25.254-0400] {processor.py:842} WARNING - No viable dags retrieved from /Users/jakeliu/we-defend-truth-1/airflow_env/lib/python3.12/site-packages/airflow/example_dags/subdags/subdag.py
[2024-08-09T13:20:25.284-0400] {processor.py:183} INFO - Processing /Users/jakeliu/we-defend-truth-1/airflow_env/lib/python3.12/site-packages/airflow/example_dags/subdags/subdag.py took 0.032 seconds
[2024-08-09T13:21:15.948-0400] {processor.py:161} INFO - Started process (PID=22578) to work on /Users/jakeliu/we-defend-truth-1/airflow_env/lib/python3.12/site-packages/airflow/example_dags/subdags/subdag.py
[2024-08-09T13:21:15.949-0400] {processor.py:830} INFO - Processing file /Users/jakeliu/we-defend-truth-1/airflow_env/lib/python3.12/site-packages/airflow/example_dags/subdags/subdag.py for tasks to queue
[2024-08-09T13:21:15.949-0400] {logging_mixin.py:188} INFO - [2024-08-09T13:21:15.949-0400] {dagbag.py:545} INFO - Filling up the DagBag from /Users/jakeliu/we-defend-truth-1/airflow_env/lib/python3.12/site-packages/airflow/example_dags/subdags/subdag.py
[2024-08-09T13:21:15.950-0400] {processor.py:842} WARNING - No viable dags retrieved from /Users/jakeliu/we-defend-truth-1/airflow_env/lib/python3.12/site-packages/airflow/example_dags/subdags/subdag.py
[2024-08-09T13:21:15.977-0400] {processor.py:183} INFO - Processing /Users/jakeliu/we-defend-truth-1/airflow_env/lib/python3.12/site-packages/airflow/example_dags/subdags/subdag.py took 0.030 seconds
[2024-08-09T13:22:08.133-0400] {processor.py:161} INFO - Started process (PID=22629) to work on /Users/jakeliu/we-defend-truth-1/airflow_env/lib/python3.12/site-packages/airflow/example_dags/subdags/subdag.py
[2024-08-09T13:22:08.133-0400] {processor.py:830} INFO - Processing file /Users/jakeliu/we-defend-truth-1/airflow_env/lib/python3.12/site-packages/airflow/example_dags/subdags/subdag.py for tasks to queue
[2024-08-09T13:22:08.134-0400] {logging_mixin.py:188} INFO - [2024-08-09T13:22:08.133-0400] {dagbag.py:545} INFO - Filling up the DagBag from /Users/jakeliu/we-defend-truth-1/airflow_env/lib/python3.12/site-packages/airflow/example_dags/subdags/subdag.py
[2024-08-09T13:22:08.135-0400] {processor.py:842} WARNING - No viable dags retrieved from /Users/jakeliu/we-defend-truth-1/airflow_env/lib/python3.12/site-packages/airflow/example_dags/subdags/subdag.py
[2024-08-09T13:22:08.161-0400] {processor.py:183} INFO - Processing /Users/jakeliu/we-defend-truth-1/airflow_env/lib/python3.12/site-packages/airflow/example_dags/subdags/subdag.py took 0.030 seconds
[2024-08-09T13:22:59.244-0400] {processor.py:161} INFO - Started process (PID=22687) to work on /Users/jakeliu/we-defend-truth-1/airflow_env/lib/python3.12/site-packages/airflow/example_dags/subdags/subdag.py
[2024-08-09T13:22:59.244-0400] {processor.py:830} INFO - Processing file /Users/jakeliu/we-defend-truth-1/airflow_env/lib/python3.12/site-packages/airflow/example_dags/subdags/subdag.py for tasks to queue
[2024-08-09T13:22:59.244-0400] {logging_mixin.py:188} INFO - [2024-08-09T13:22:59.244-0400] {dagbag.py:545} INFO - Filling up the DagBag from /Users/jakeliu/we-defend-truth-1/airflow_env/lib/python3.12/site-packages/airflow/example_dags/subdags/subdag.py
[2024-08-09T13:22:59.246-0400] {processor.py:842} WARNING - No viable dags retrieved from /Users/jakeliu/we-defend-truth-1/airflow_env/lib/python3.12/site-packages/airflow/example_dags/subdags/subdag.py
[2024-08-09T13:22:59.273-0400] {processor.py:183} INFO - Processing /Users/jakeliu/we-defend-truth-1/airflow_env/lib/python3.12/site-packages/airflow/example_dags/subdags/subdag.py took 0.030 seconds
[2024-08-09T13:23:50.268-0400] {processor.py:161} INFO - Started process (PID=22725) to work on /Users/jakeliu/we-defend-truth-1/airflow_env/lib/python3.12/site-packages/airflow/example_dags/subdags/subdag.py
[2024-08-09T13:23:50.269-0400] {processor.py:830} INFO - Processing file /Users/jakeliu/we-defend-truth-1/airflow_env/lib/python3.12/site-packages/airflow/example_dags/subdags/subdag.py for tasks to queue
[2024-08-09T13:23:50.269-0400] {logging_mixin.py:188} INFO - [2024-08-09T13:23:50.269-0400] {dagbag.py:545} INFO - Filling up the DagBag from /Users/jakeliu/we-defend-truth-1/airflow_env/lib/python3.12/site-packages/airflow/example_dags/subdags/subdag.py
[2024-08-09T13:23:50.270-0400] {processor.py:842} WARNING - No viable dags retrieved from /Users/jakeliu/we-defend-truth-1/airflow_env/lib/python3.12/site-packages/airflow/example_dags/subdags/subdag.py
[2024-08-09T13:23:50.296-0400] {processor.py:183} INFO - Processing /Users/jakeliu/we-defend-truth-1/airflow_env/lib/python3.12/site-packages/airflow/example_dags/subdags/subdag.py took 0.029 seconds
[2024-08-09T13:24:42.690-0400] {processor.py:161} INFO - Started process (PID=22797) to work on /Users/jakeliu/we-defend-truth-1/airflow_env/lib/python3.12/site-packages/airflow/example_dags/subdags/subdag.py
[2024-08-09T13:24:42.690-0400] {processor.py:830} INFO - Processing file /Users/jakeliu/we-defend-truth-1/airflow_env/lib/python3.12/site-packages/airflow/example_dags/subdags/subdag.py for tasks to queue
[2024-08-09T13:24:42.691-0400] {logging_mixin.py:188} INFO - [2024-08-09T13:24:42.691-0400] {dagbag.py:545} INFO - Filling up the DagBag from /Users/jakeliu/we-defend-truth-1/airflow_env/lib/python3.12/site-packages/airflow/example_dags/subdags/subdag.py
[2024-08-09T13:24:42.692-0400] {processor.py:842} WARNING - No viable dags retrieved from /Users/jakeliu/we-defend-truth-1/airflow_env/lib/python3.12/site-packages/airflow/example_dags/subdags/subdag.py
[2024-08-09T13:24:42.718-0400] {processor.py:183} INFO - Processing /Users/jakeliu/we-defend-truth-1/airflow_env/lib/python3.12/site-packages/airflow/example_dags/subdags/subdag.py took 0.029 seconds
[2024-08-09T13:25:40.009-0400] {processor.py:161} INFO - Started process (PID=22855) to work on /Users/jakeliu/we-defend-truth-1/airflow_env/lib/python3.12/site-packages/airflow/example_dags/subdags/subdag.py
[2024-08-09T13:25:40.010-0400] {processor.py:830} INFO - Processing file /Users/jakeliu/we-defend-truth-1/airflow_env/lib/python3.12/site-packages/airflow/example_dags/subdags/subdag.py for tasks to queue
[2024-08-09T13:25:40.010-0400] {logging_mixin.py:188} INFO - [2024-08-09T13:25:40.010-0400] {dagbag.py:545} INFO - Filling up the DagBag from /Users/jakeliu/we-defend-truth-1/airflow_env/lib/python3.12/site-packages/airflow/example_dags/subdags/subdag.py
[2024-08-09T13:25:40.011-0400] {processor.py:842} WARNING - No viable dags retrieved from /Users/jakeliu/we-defend-truth-1/airflow_env/lib/python3.12/site-packages/airflow/example_dags/subdags/subdag.py
[2024-08-09T13:25:40.036-0400] {processor.py:183} INFO - Processing /Users/jakeliu/we-defend-truth-1/airflow_env/lib/python3.12/site-packages/airflow/example_dags/subdags/subdag.py took 0.028 seconds
[2024-08-09T13:26:38.638-0400] {processor.py:161} INFO - Started process (PID=22917) to work on /Users/jakeliu/we-defend-truth-1/airflow_env/lib/python3.12/site-packages/airflow/example_dags/subdags/subdag.py
[2024-08-09T13:26:38.639-0400] {processor.py:830} INFO - Processing file /Users/jakeliu/we-defend-truth-1/airflow_env/lib/python3.12/site-packages/airflow/example_dags/subdags/subdag.py for tasks to queue
[2024-08-09T13:26:38.639-0400] {logging_mixin.py:188} INFO - [2024-08-09T13:26:38.639-0400] {dagbag.py:545} INFO - Filling up the DagBag from /Users/jakeliu/we-defend-truth-1/airflow_env/lib/python3.12/site-packages/airflow/example_dags/subdags/subdag.py
[2024-08-09T13:26:38.640-0400] {processor.py:842} WARNING - No viable dags retrieved from /Users/jakeliu/we-defend-truth-1/airflow_env/lib/python3.12/site-packages/airflow/example_dags/subdags/subdag.py
[2024-08-09T13:26:38.666-0400] {processor.py:183} INFO - Processing /Users/jakeliu/we-defend-truth-1/airflow_env/lib/python3.12/site-packages/airflow/example_dags/subdags/subdag.py took 0.029 seconds
